{"target": 35.86, "params": {"x0": 85.02132028215445, "x1": 0.4406489868843162, "x2": -0.9997712503653102, "x3": -0.39533485473632046, "x4": -0.7064882183657739}, "datetime": {"datetime": "2020-12-23 15:47:37", "elapsed": 0.0, "delta": 0.0}}
{"target": 22.926666666666666, "params": {"x0": 106.82538651938819, "x1": 0.8973735648275183, "x2": -0.5318671698003736, "x3": 0.8657153995484621, "x4": -0.48933793704676387}, "datetime": {"datetime": "2020-12-23 15:51:43", "elapsed": 246.337396, "delta": 246.337396}}
{"target": 31.146666666666665, "params": {"x0": 85.30595095960582, "x1": 0.4650447232454091, "x2": -0.9996062029947387, "x3": -0.39330375218893593, "x4": -0.7834221851878339}, "datetime": {"datetime": "2020-12-23 15:56:09", "elapsed": 512.194018, "delta": 265.856622}}
{"target": 34.54666666666667, "params": {"x0": 85.2010071102178, "x1": 0.34113084714621467, "x2": -0.5420320469557696, "x3": -0.1703003820632667, "x4": -0.7567483703973907}, "datetime": {"datetime": "2020-12-23 16:00:41", "elapsed": 784.090865, "delta": 271.896847}}
{"target": 29.766666666666666, "params": {"x0": 83.308652414564, "x1": 0.8515044119531365, "x2": 0.6975343604126887, "x3": 0.17306789672384926, "x4": -0.5612269735948754}, "datetime": {"datetime": "2020-12-23 16:08:21", "elapsed": 1244.734771, "delta": 460.643906}}
{"target": 36.879999999999995, "params": {"x0": 85.00745853452163, "x1": 0.21266324919413537, "x2": -0.8247843577909169, "x3": -0.1068218739841853, "x4": -0.6909370611487489}, "datetime": {"datetime": "2020-12-23 16:12:23", "elapsed": 1486.487937, "delta": 241.753166}}
{"target": 31.97666666666667, "params": {"x0": 74.03071157064987, "x1": -0.725242105119827, "x2": 0.7679230255244809, "x3": -0.9882322265533063, "x4": 0.4978138871647866}, "datetime": {"datetime": "2020-12-23 16:16:21", "elapsed": 1724.709851, "delta": 238.221914}}
{"target": 32.56666666666667, "params": {"x0": 93.02663746099148, "x1": -0.57189705179324, "x2": 0.965333552839502, "x3": -0.14728978038180074, "x4": 0.6500978291753439}, "datetime": {"datetime": "2020-12-23 16:21:17", "elapsed": 2019.886883, "delta": 295.177032}}
{"target": 29.603333333333335, "params": {"x0": 99.68042474891914, "x1": 0.008494768818439136, "x2": -0.4778550450712036, "x3": 0.2446044225636672, "x4": -0.18637985901492748}, "datetime": {"datetime": "2020-12-23 16:26:03", "elapsed": 2306.606281, "delta": 286.719398}}
{"target": 38.26, "params": {"x0": 68.45056356546115, "x1": -0.46632204777437103, "x2": 0.7013022203015549, "x3": -0.10200360458559943, "x4": 0.4209869587500832}, "datetime": {"datetime": "2020-12-23 16:52:40", "elapsed": 3903.670735, "delta": 1597.064454}}
{"target": 33.74333333333333, "params": {"x0": 88.13493069686008, "x1": -0.9246927037513233, "x2": -0.7395515360262754, "x3": 0.4113726141631062, "x4": -0.06302832877537923}, "datetime": {"datetime": "2020-12-23 16:56:52", "elapsed": 4155.511301, "delta": 251.840566}}
{"target": 36.96666666666667, "params": {"x0": 83.07588656660319, "x1": 0.0645982191586254, "x2": -0.9386055095027108, "x3": -0.7327217159991928, "x4": -0.8764417779435514}, "datetime": {"datetime": "2020-12-23 17:03:26", "elapsed": 4549.04085, "delta": 393.529549}}
{"target": 38.11333333333334, "params": {"x0": 76.09560579901205, "x1": 0.08080001122312575, "x2": -0.09219381962894224, "x3": 0.955303037629398, "x4": -0.37202888577040016}, "datetime": {"datetime": "2020-12-23 17:13:45", "elapsed": 5168.439674, "delta": 619.398824}}
{"target": 37.193333333333335, "params": {"x0": 70.11902377405904, "x1": 0.500279382537751, "x2": -0.6283315709551691, "x3": -0.020072860235826884, "x4": 0.433709174700843}, "datetime": {"datetime": "2020-12-23 17:17:47", "elapsed": 5409.805063, "delta": 241.365389}}
{"target": 26.986666666666668, "params": {"x0": 99.94605761775449, "x1": 0.05053679359388763, "x2": -0.15731972650886528, "x3": 0.1442385251120537, "x4": -0.3528036212661656}, "datetime": {"datetime": "2020-12-23 17:21:21", "elapsed": 5624.078379, "delta": 214.273316}}
{"target": 29.173333333333332, "params": {"x0": 91.8302447399155, "x1": 0.15336876586056003, "x2": 0.7640655635990077, "x3": 0.674620572035054, "x4": 0.46133293104911166}, "datetime": {"datetime": "2020-12-23 17:25:01", "elapsed": 5844.287892, "delta": 220.209513}}
{"target": 43.13333333333333, "params": {"x0": 64.84935350847886, "x1": -0.4668991173934085, "x2": -0.04524253184372706, "x3": 0.28476878424744734, "x4": 0.8170287624184758}, "datetime": {"datetime": "2020-12-23 17:29:09", "elapsed": 6092.193427, "delta": 247.905535}}
{"target": 29.926666666666666, "params": {"x0": 111.55031675517601, "x1": -0.915608839865639, "x2": -0.15702118151872302, "x3": 0.9065208750508233, "x4": -0.7519573164231701}, "datetime": {"datetime": "2020-12-23 17:33:48", "elapsed": 6370.855027, "delta": 278.6616}}
{"target": 40.43333333333333, "params": {"x0": 68.48715731492717, "x1": -0.4183846371714934, "x2": 0.6703617167200571, "x3": -0.15229801504924162, "x4": 0.3670460299011643}, "datetime": {"datetime": "2020-12-23 17:42:55", "elapsed": 6917.834466, "delta": 546.979439}}
{"target": 37.96666666666667, "params": {"x0": 69.81186896011442, "x1": 0.19604640705337317, "x2": -0.9053410224003442, "x3": -0.88665639082144, "x4": -0.24982297862240643}, "datetime": {"datetime": "2020-12-24 13:15:01", "elapsed": 77244.689113, "delta": 70326.854647}}
{"target": 38.86333333333334, "params": {"x0": 76.01141073228503, "x1": 0.17332135615696576, "x2": -0.29346039150622305, "x3": 0.832385478618417, "x4": -0.20543346055785117}, "datetime": {"datetime": "2020-12-24 13:21:12", "elapsed": 77615.25292, "delta": 370.563807}}
{"target": 42.336666666666666, "params": {"x0": 62.81899407290316, "x1": -0.513156605998544, "x2": -0.0727497914906956, "x3": -0.22608827210224747, "x4": 0.9895745577982968}, "datetime": {"datetime": "2020-12-24 13:25:37", "elapsed": 77880.180169, "delta": 264.927249}}
{"target": 41.00333333333333, "params": {"x0": 76.01845979239566, "x1": 0.07852905313785485, "x2": -0.2158545215533625, "x3": 0.8744957874813286, "x4": -0.15669500248831092}, "datetime": {"datetime": "2020-12-24 13:30:19", "elapsed": 78161.860074, "delta": 281.679905}}
{"target": 43.279999999999994, "params": {"x0": 64.81829183101566, "x1": -0.32407559528419205, "x2": 0.2451782618371432, "x3": 0.16936956745792964, "x4": 0.8815271460450524}, "datetime": {"datetime": "2020-12-24 13:51:33", "elapsed": 79436.74991, "delta": 1274.889836}}
{"target": 38.99333333333333, "params": {"x0": 70.35131063570876, "x1": -0.7835612516470698, "x2": 0.5025154303067871, "x3": 0.40223585354414326, "x4": 0.955517262696225}, "datetime": {"datetime": "2020-12-24 13:55:33", "elapsed": 79676.142935, "delta": 239.393025}}
{"target": 42.92666666666667, "params": {"x0": 64.83335996085512, "x1": -0.3933703004736237, "x2": 0.10427281393585368, "x3": 0.22535801552561485, "x4": 0.8502342302170663}, "datetime": {"datetime": "2020-12-24 13:59:59", "elapsed": 79942.750149, "delta": 266.607214}}
{"target": 25.293333333333333, "params": {"x0": 105.91053177812881, "x1": -0.35075103903099336, "x2": 0.35173730154988947, "x3": -0.25870914028840053, "x4": 0.6672720003489232}, "datetime": {"datetime": "2020-12-24 14:04:56", "elapsed": 80238.973149, "delta": 296.223}}
{"target": 42.839999999999996, "params": {"x0": 65.05455527019825, "x1": -0.14369893185936733, "x2": -0.013153783086617077, "x3": 0.22217695324799402, "x4": 0.9740536409308613}, "datetime": {"datetime": "2020-12-24 14:12:23", "elapsed": 80686.62987, "delta": 447.656721}}
{"target": 43.09333333333333, "params": {"x0": 65.17001511954422, "x1": -0.23511872439485182, "x2": -0.07472500640380408, "x3": 0.14515743229315725, "x4": 0.9278210622814782}, "datetime": {"datetime": "2020-12-24 14:16:55", "elapsed": 80957.908345, "delta": 271.278475}}
{"target": 24.909999999999997, "params": {"x0": 107.20559802777174, "x1": -0.8164244458125829, "x2": 0.46582919183059013, "x3": -0.276365713363536, "x4": 0.31408236331094974}, "datetime": {"datetime": "2020-12-24 14:21:58", "elapsed": 81260.87794, "delta": 302.969595}}
{"target": 45.99333333333334, "params": {"x0": 62.89948666951501, "x1": -0.5079803293378782, "x2": -0.06401874425899491, "x3": -0.20972497812303198, "x4": 0.9831228831162625}, "datetime": {"datetime": "2020-12-24 14:26:15", "elapsed": 81518.608768, "delta": 257.730828}}
{"target": 30.33666666666667, "params": {"x0": 119.00707347361362, "x1": -0.8240184151469649, "x2": -0.8888308010576724, "x3": -0.2769176590742326, "x4": 0.9152861818356197}, "datetime": {"datetime": "2020-12-24 14:31:37", "elapsed": 81840.448065, "delta": 321.839297}}
{"target": 41.60666666666666, "params": {"x0": 67.06929850321018, "x1": 0.7200991220565067, "x2": -0.5320557180789895, "x3": 0.7890596459659902, "x4": 0.38890414531519935}, "datetime": {"datetime": "2020-12-24 14:35:37", "elapsed": 82080.536557, "delta": 240.088492}}
{"target": 44.74333333333334, "params": {"x0": 65.01193098982412, "x1": -0.28868631661895583, "x2": -0.0024598195498131132, "x3": 0.19747747496358636, "x4": 0.9020633205106997}, "datetime": {"datetime": "2020-12-24 14:39:39", "elapsed": 82322.586458, "delta": 242.049901}}
{"target": 44.173333333333325, "params": {"x0": 64.96063912317736, "x1": -0.33673593085204767, "x2": -0.03080625466438135, "x3": 0.23736601389629633, "x4": 0.8797041899465836}, "datetime": {"datetime": "2020-12-24 14:43:43", "elapsed": 82566.148617, "delta": 243.562159}}
{"target": 42.67666666666667, "params": {"x0": 65.00279961258391, "x1": -0.2679567129304945, "x2": 0.24555968194183064, "x3": 0.227197184522828, "x4": 0.9013712463865209}, "datetime": {"datetime": "2020-12-24 14:53:09", "elapsed": 83131.881735, "delta": 565.733118}}
{"target": 45.70666666666667, "params": {"x0": 64.91137248555786, "x1": -0.396908902978494, "x2": -0.023155000142367932, "x3": 0.08452502996263345, "x4": 0.7022375377293095}, "datetime": {"datetime": "2020-12-24 15:30:35", "elapsed": 85378.494412, "delta": 2246.612677}}
{"target": 27.356666666666666, "params": {"x0": 106.74738492237212, "x1": 0.05866423066271631, "x2": 0.6376722770038428, "x3": 0.785419864593399, "x4": -0.3478523854659257}, "datetime": {"datetime": "2020-12-24 15:38:37", "elapsed": 85859.938291, "delta": 481.443879}}
{"target": 43.943333333333335, "params": {"x0": 65.0008515695103, "x1": -0.4945905281377747, "x2": 0.24148377382928632, "x3": 0.1944733408271333, "x4": 0.7175023260784943}, "datetime": {"datetime": "2020-12-24 15:47:16", "elapsed": 86379.555349, "delta": 519.617058}}
{"target": 30.256666666666664, "params": {"x0": 88.0622083192263, "x1": 0.11140553475704373, "x2": 0.38880362682748015, "x3": -0.7135549175083746, "x4": -0.029685690010696097}, "datetime": {"datetime": "2020-12-24 16:15:28", "elapsed": 88071.018497, "delta": 1691.463148}}
{"target": 39.163333333333334, "params": {"x0": 83.1753830441032, "x1": -0.026086547325406384, "x2": -0.9458450291663703, "x3": -0.6600479837811051, "x4": -0.9342144765555349}, "datetime": {"datetime": "2020-12-24 16:22:20", "elapsed": 88483.212268, "delta": 412.193771}}
{"target": 33.99333333333333, "params": {"x0": 117.32220727256657, "x1": 0.5362509042725299, "x2": 0.020048450542422103, "x3": 0.625447933982098, "x4": 0.5373510131438792}, "datetime": {"datetime": "2020-12-24 16:32:35", "elapsed": 89098.464078, "delta": 615.25181}}
{"target": 29.603333333333335, "params": {"x0": 109.72350856539927, "x1": -0.26077033914687386, "x2": 0.6050329373958958, "x3": -0.10395125931671356, "x4": -0.20753169466280164}, "datetime": {"datetime": "2020-12-24 16:39:37", "elapsed": 89520.005734, "delta": 421.541656}}
{"target": 39.943333333333335, "params": {"x0": 64.81403083780694, "x1": -0.26717253987733347, "x2": 0.18982950561914103, "x3": 0.2852050019143437, "x4": 0.7102792535969307}, "datetime": {"datetime": "2020-12-24 16:43:20", "elapsed": 89743.322511, "delta": 223.316777}}
{"target": 37.92666666666667, "params": {"x0": 62.58317984142769, "x1": -0.8882398459838348, "x2": 0.4036498429562305, "x3": -0.04944381263450737, "x4": 0.20933348999914014}, "datetime": {"datetime": "2020-12-24 16:49:11", "elapsed": 90094.541534, "delta": 351.219023}}
{"target": 40.57666666666666, "params": {"x0": 65.04172342513198, "x1": -0.34719126842122017, "x2": 0.3897013598995396, "x3": 0.14321730537592137, "x4": 0.5889984568394395}, "datetime": {"datetime": "2020-12-24 16:54:37", "elapsed": 90420.136287, "delta": 325.594753}}
{"target": 38.00000000000001, "params": {"x0": 65.05937236274708, "x1": -0.5849125881120756, "x2": 0.3661951007330375, "x3": -0.15069801602163868, "x4": 0.7896546043087167}, "datetime": {"datetime": "2020-12-24 16:57:52", "elapsed": 90615.566808, "delta": 195.430521}}
{"target": 40.56333333333333, "params": {"x0": 65.1749851195487, "x1": -0.6240321330232019, "x2": 0.12161617315110673, "x3": 0.14787654975616338, "x4": 0.7410267065302671}, "datetime": {"datetime": "2020-12-24 17:00:51", "elapsed": 90794.130761, "delta": 178.563953}}
{"target": 40.64666666666667, "params": {"x0": 65.00526873654462, "x1": -0.352610028401271, "x2": -0.11862816231658169, "x3": 0.08810782827403574, "x4": 0.3692099921910639}, "datetime": {"datetime": "2020-12-24 17:05:08", "elapsed": 91050.981916, "delta": 256.851155}}
{"target": 36.97, "params": {"x0": 62.986133251920585, "x1": -0.5024400713675783, "x2": -0.054575598121126924, "x3": -0.19209075403728396, "x4": 0.9761067899528005}, "datetime": {"datetime": "2020-12-24 17:10:48", "elapsed": 91391.42292, "delta": 340.441004}}
{"target": 68.57, "params": {"x0": 64.75880287108701, "x1": -0.42721859282904173, "x2": -0.16169011109825648, "x3": 0.23164888823067664, "x4": 0.60209305122888}, "datetime": {"datetime": "2021-01-12 17:19:06", "elapsed": 0.0, "delta": 0.0}}
{"target": 70.72, "params": {"x0": 77.99391797172291, "x1": -0.08307456005155922, "x2": 0.17227550937265934, "x3": 0.4861753588049966, "x4": -0.05160482932681609}, "datetime": {"datetime": "2021-01-12 17:22:41", "elapsed": 215.53137, "delta": 215.53137}}
{"target": 67.11333333333333, "params": {"x0": 64.75388248324865, "x1": -0.2934778465909471, "x2": 0.1005556150298823, "x3": 0.22696498613744787, "x4": 0.7633096159037487}, "datetime": {"datetime": "2021-01-12 17:28:55", "elapsed": 589.072714, "delta": 373.541344}}
{"target": 61.39333333333334, "params": {"x0": 83.35859794906783, "x1": 0.8517065492962579, "x2": 0.6979460871284506, "x3": 0.17419354537440185, "x4": -0.5591017773072106}, "datetime": {"datetime": "2021-01-12 17:34:20", "elapsed": 914.160046, "delta": 325.087332}}
{"target": 66.27333333333333, "params": {"x0": 64.85397105174661, "x1": 0.6999355264582188, "x2": 0.6025626494953895, "x3": 0.37580747689057836, "x4": 0.5120282427405647}, "datetime": {"datetime": "2021-01-12 17:45:58", "elapsed": 1612.595897, "delta": 698.435851}}
{"target": 68.06333333333333, "params": {"x0": 74.0515683816593, "x1": -0.7244593423283759, "x2": 0.7680283215984829, "x3": -0.9873301420266817, "x4": 0.4980417349563193}, "datetime": {"datetime": "2021-01-12 17:50:07", "elapsed": 1861.053824, "delta": 248.457927}}
{"target": 55.666666666666664, "params": {"x0": 93.06336200828956, "x1": -0.5697568956468637, "x2": 0.9653807516111257, "x3": -0.14572773198152053, "x4": 0.6505742250567831}, "datetime": {"datetime": "2021-01-12 17:55:07", "elapsed": 2161.408625, "delta": 300.354801}}
{"target": 60.31666666666666, "params": {"x0": 99.7081157448746, "x1": 0.009845966715403639, "x2": -0.47584106212273347, "x3": 0.2456338562807157, "x4": -0.18476309097368204}, "datetime": {"datetime": "2021-01-12 17:58:26", "elapsed": 2360.460516, "delta": 199.051891}}
{"target": 49.45666666666667, "params": {"x0": 68.4739165657199, "x1": -0.4656577724392841, "x2": 0.701437536801774, "x3": -0.10150437331862487, "x4": 0.42124926407556046}, "datetime": {"datetime": "2021-01-12 18:18:43", "elapsed": 3577.572162, "delta": 1217.111646}}
{"target": 64.60666666666667, "params": {"x0": 88.17830065081972, "x1": -0.9220731006632504, "x2": -0.7371839193325795, "x3": 0.41217376549217666, "x4": -0.0615814940223086}, "datetime": {"datetime": "2021-01-12 18:22:19", "elapsed": 3793.16713, "delta": 215.594968}}
