{"target": 2.533333333333333, "params": {"x0": 85.02132028215445, "x1": 0.4406489868843162, "x2": -0.9997712503653102, "x3": -0.39533485473632046, "x4": -0.7064882183657739}, "datetime": {"datetime": "2021-01-11 15:14:49", "elapsed": 0.0, "delta": 0.0}}
{"target": 4.413333333333333, "params": {"x0": 106.82538651938819, "x1": 0.8973735648275183, "x2": -0.5318671698003736, "x3": 0.8657153995484621, "x4": -0.48933793704676387}, "datetime": {"datetime": "2021-01-11 15:15:11", "elapsed": 22.377351, "delta": 22.377351}}
{"target": 6.900000000000001, "params": {"x0": 108.1220553622872, "x1": 0.7744172742959027, "x2": -0.6830173351238996, "x3": 0.8136973675518334, "x4": -0.2497150969024086}, "datetime": {"datetime": "2021-01-11 15:15:39", "elapsed": 50.178341, "delta": 27.80099}}
{"target": 9.81, "params": {"x0": 104.17072819664224, "x1": 0.38092067299502586, "x2": -0.808271098028885, "x3": 0.3492493805771042, "x4": 0.3037531309479118}, "datetime": {"datetime": "2021-01-11 15:16:01", "elapsed": 71.778814, "delta": 21.600473}}
{"target": 9.373333333333333, "params": {"x0": 104.16024745192172, "x1": 0.590761061665946, "x2": -0.6968259457741413, "x3": 0.03606378843980651, "x4": 0.29279630083411634}, "datetime": {"datetime": "2021-01-11 15:16:15", "elapsed": 85.778994, "delta": 14.00018}}
{"target": 7.733333333333333, "params": {"x0": 103.77282387321374, "x1": 0.3111210749826888, "x2": -0.8458254038123396, "x3": 0.2588818240623115, "x4": 0.4233795072576008}, "datetime": {"datetime": "2021-01-11 15:16:36", "elapsed": 106.791483, "delta": 21.012489}}
{"target": 7.996666666666666, "params": {"x0": 74.03071157064987, "x1": -0.725242105119827, "x2": 0.7679230255244809, "x3": -0.9882322265533063, "x4": 0.4978138871647866}, "datetime": {"datetime": "2021-01-11 15:16:45", "elapsed": 116.603345, "delta": 9.811862}}
{"target": 10.106666666666667, "params": {"x0": 93.02663746099148, "x1": -0.57189705179324, "x2": 0.965333552839502, "x3": -0.14728978038180074, "x4": 0.6500978291753439}, "datetime": {"datetime": "2021-01-11 15:20:32", "elapsed": 343.033416, "delta": 226.430071}}
{"target": 7.8566666666666665, "params": {"x0": 99.68042474891914, "x1": 0.008494768818439136, "x2": -0.4778550450712036, "x3": 0.2446044225636672, "x4": -0.18637985901492748}, "datetime": {"datetime": "2021-01-11 15:23:38", "elapsed": 529.687001, "delta": 186.653585}}
{"target": 9.016666666666667, "params": {"x0": 68.45056356546115, "x1": -0.46632204777437103, "x2": 0.7013022203015549, "x3": -0.10200360458559943, "x4": 0.4209869587500832}, "datetime": {"datetime": "2021-01-11 15:27:43", "elapsed": 774.738283, "delta": 245.051282}}
{"target": 11.823333333333332, "params": {"x0": 88.13493069686008, "x1": -0.9246927037513233, "x2": -0.7395515360262754, "x3": 0.4113726141631062, "x4": -0.06302832877537923}, "datetime": {"datetime": "2021-01-11 19:55:10", "elapsed": 16821.058568, "delta": 16046.320285}}
{"target": 10.446666666666667, "params": {"x0": 83.07588656660319, "x1": 0.0645982191586254, "x2": -0.9386055095027108, "x3": -0.7327217159991928, "x4": -0.8764417779435514}, "datetime": {"datetime": "2021-01-11 19:58:28", "elapsed": 17019.646704, "delta": 198.588136}}
{"target": 11.443333333333333, "params": {"x0": 76.09560579901205, "x1": 0.08080001122312575, "x2": -0.09219381962894224, "x3": 0.955303037629398, "x4": -0.37202888577040016}, "datetime": {"datetime": "2021-01-11 20:01:50", "elapsed": 17221.194047, "delta": 201.547343}}
{"target": 14.34666666666667, "params": {"x0": 70.11902377405904, "x1": 0.500279382537751, "x2": -0.6283315709551691, "x3": -0.020072860235826884, "x4": 0.433709174700843}, "datetime": {"datetime": "2021-01-11 20:05:11", "elapsed": 17422.319861, "delta": 201.125814}}
{"target": 7.633333333333333, "params": {"x0": 99.94605761775449, "x1": 0.05053679359388763, "x2": -0.15731972650886528, "x3": 0.1442385251120537, "x4": -0.3528036212661656}, "datetime": {"datetime": "2021-01-11 20:08:39", "elapsed": 17630.005662, "delta": 207.685801}}
{"target": 10.35, "params": {"x0": 91.8302447399155, "x1": 0.15336876586056003, "x2": 0.7640655635990077, "x3": 0.674620572035054, "x4": 0.46133293104911166}, "datetime": {"datetime": "2021-01-11 20:11:47", "elapsed": 17817.866962, "delta": 187.8613}}
{"target": 11.296666666666667, "params": {"x0": 70.17488053954823, "x1": 0.4731997051353415, "x2": -0.6120092106600817, "x3": -0.03792599324589992, "x4": 0.5087095639617244}, "datetime": {"datetime": "2021-01-11 20:14:59", "elapsed": 18009.977652, "delta": 192.11069}}
{"target": 8.453333333333333, "params": {"x0": 111.55031675517601, "x1": -0.915608839865639, "x2": -0.15702118151872302, "x3": 0.9065208750508233, "x4": -0.7519573164231701}, "datetime": {"datetime": "2021-01-11 20:18:05", "elapsed": 18196.660205, "delta": 186.682553}}
{"target": 10.316666666666668, "params": {"x0": 68.86416397024067, "x1": 0.18988084963738405, "x2": 0.34298604230885976, "x3": -0.8950761732976524, "x4": -0.42286396166520324}, "datetime": {"datetime": "2021-01-11 20:21:20", "elapsed": 18390.960214, "delta": 194.300009}}
{"target": 11.983333333333334, "params": {"x0": 69.81186896011442, "x1": 0.19604640705337317, "x2": -0.9053410224003442, "x3": -0.88665639082144, "x4": -0.24982297862240643}, "datetime": {"datetime": "2021-01-11 20:25:24", "elapsed": 18635.260638, "delta": 244.300424}}
{"target": 19.173333333333332, "params": {"x0": 91.85821709806903, "x1": 0.24124018730451513, "x2": 0.6619198895966556, "x3": 0.6747143569818126, "x4": 0.2626042834554434}, "datetime": {"datetime": "2021-01-11 20:32:50", "elapsed": 19081.247265, "delta": 445.986627}}
{"target": 22.166666666666668, "params": {"x0": 62.81899407290316, "x1": -0.513156605998544, "x2": -0.0727497914906956, "x3": -0.22608827210224747, "x4": 0.9895745577982968}, "datetime": {"datetime": "2021-01-11 20:38:11", "elapsed": 19401.86904, "delta": 320.621775}}
{"target": 17.723333333333333, "params": {"x0": 103.42202441182269, "x1": 0.3331621051241094, "x2": 0.1636461864729899, "x3": -0.937556526875374, "x4": 0.6080637057110279}, "datetime": {"datetime": "2021-01-11 20:41:39", "elapsed": 19610.112735, "delta": 208.243695}}
{"target": 19.876666666666665, "params": {"x0": 70.03805609176338, "x1": 0.2999173377241007, "x2": -0.612497819970955, "x3": 0.1701804661929518, "x4": 0.47285916012563334}, "datetime": {"datetime": "2021-01-11 20:44:59", "elapsed": 19809.932272, "delta": 199.819537}}
{"target": 20.186666666666667, "params": {"x0": 70.35131063570876, "x1": -0.7835612516470698, "x2": 0.5025154303067871, "x3": 0.40223585354414326, "x4": 0.955517262696225}, "datetime": {"datetime": "2021-01-11 20:49:11", "elapsed": 20062.340954, "delta": 252.408682}}
{"target": 14.203333333333333, "params": {"x0": 118.79981045084175, "x1": 0.45832253784656474, "x2": -0.09937634829186126, "x3": 0.5414690727669105, "x4": -0.49691241260652963}, "datetime": {"datetime": "2021-01-11 20:53:21", "elapsed": 20312.042197, "delta": 249.701243}}
{"target": 17.613333333333333, "params": {"x0": 105.91053177812881, "x1": -0.35075103903099336, "x2": 0.35173730154988947, "x3": -0.25870914028840053, "x4": 0.6672720003489232}, "datetime": {"datetime": "2021-01-11 20:56:42", "elapsed": 20512.95141, "delta": 200.909213}}
{"target": 19.48, "params": {"x0": 92.96200627066958, "x1": -0.8187867781742606, "x2": 0.38443566165047294, "x3": -0.6914197099299473, "x4": -0.7534664123416328}, "datetime": {"datetime": "2021-01-11 21:08:25", "elapsed": 21216.137492, "delta": 703.186082}}
{"target": 15.26, "params": {"x0": 111.0622416552942, "x1": -0.046787588853941964, "x2": 0.5393780174815419, "x3": -0.5765265944151181, "x4": -0.5269534196301493}, "datetime": {"datetime": "2021-01-11 21:14:20", "elapsed": 21570.919916, "delta": 354.782424}}
{"target": 15.363333333333335, "params": {"x0": 107.20559802777174, "x1": -0.8164244458125829, "x2": 0.46582919183059013, "x3": -0.276365713363536, "x4": 0.31408236331094974}, "datetime": {"datetime": "2021-01-11 21:17:45", "elapsed": 21776.034096, "delta": 205.11418}}
{"target": 18.883333333333336, "params": {"x0": 115.37190420310309, "x1": 0.875283424068217, "x2": -0.9628512430988487, "x3": -0.8437275627984526, "x4": 0.5519317647794066}, "datetime": {"datetime": "2021-01-11 21:24:20", "elapsed": 22171.268703, "delta": 395.234607}}
{"target": 20.23, "params": {"x0": 119.00707347361362, "x1": -0.8240184151469649, "x2": -0.8888308010576724, "x3": -0.2769176590742326, "x4": 0.9152861818356197}, "datetime": {"datetime": "2021-01-11 21:27:47", "elapsed": 22377.872834, "delta": 206.604131}}
{"target": 31.76, "params": {"x0": 67.06929850321018, "x1": 0.7200991220565067, "x2": -0.5320557180789895, "x3": 0.7890596459659902, "x4": 0.38890414531519935}, "datetime": {"datetime": "2021-01-11 21:30:51", "elapsed": 22561.781245, "delta": 183.908411}}
{"target": 22.393333333333334, "params": {"x0": 117.91612587017914, "x1": -0.9424528026450176, "x2": 0.14746053087472566, "x3": 0.1570524940926048, "x4": 0.19527967356042386}, "datetime": {"datetime": "2021-01-11 21:34:49", "elapsed": 22800.739725, "delta": 238.95848}}
{"target": 25.070000000000004, "params": {"x0": 110.27826965352921, "x1": 0.44071174763579224, "x2": -0.9772861215855091, "x3": -0.7481307811930815, "x4": 0.2809440337975131}, "datetime": {"datetime": "2021-01-11 21:41:16", "elapsed": 23187.078865, "delta": 386.33914}}
{"target": 25.450000000000003, "params": {"x0": 62.13836041971747, "x1": 0.8878408631599841, "x2": 0.4736241042014937, "x3": -0.6743356223527865, "x4": -0.8064751225701972}, "datetime": {"datetime": "2021-01-11 21:44:43", "elapsed": 23394.314166, "delta": 207.235301}}
{"target": 21.256666666666668, "params": {"x0": 90.99713301853085, "x1": 0.1526343519647928, "x2": 0.9688429304719679, "x3": 0.65314950902827, "x4": -0.2507378587174771}, "datetime": {"datetime": "2021-01-11 21:47:59", "elapsed": 23590.198995, "delta": 195.884829}}
{"target": 18.683333333333334, "params": {"x0": 106.74738492237212, "x1": 0.05866423066271631, "x2": 0.6376722770038428, "x3": 0.785419864593399, "x4": -0.3478523854659257}, "datetime": {"datetime": "2021-01-11 21:51:09", "elapsed": 23780.348511, "delta": 190.149516}}
{"target": 24.913333333333338, "params": {"x0": 105.4527121920853, "x1": -0.10087791381799494, "x2": 0.6902425381865303, "x3": 0.13084837746630473, "x4": 0.359846738615049}, "datetime": {"datetime": "2021-01-11 22:12:11", "elapsed": 25042.326534, "delta": 1261.978023}}
{"target": 22.253333333333334, "params": {"x0": 88.0622083192263, "x1": 0.11140553475704373, "x2": 0.38880362682748015, "x3": -0.7135549175083746, "x4": -0.029685690010696097}, "datetime": {"datetime": "2021-01-11 22:21:17", "elapsed": 25588.130853, "delta": 545.804319}}
{"target": 32.99333333333333, "params": {"x0": 69.74180648654269, "x1": -0.8996832099400265, "x2": 0.27558925943031265, "x3": 0.00691807984602133, "x4": 0.6195289481705322}, "datetime": {"datetime": "2021-01-11 22:24:39", "elapsed": 25789.897322, "delta": 201.766469}}
{"target": 24.110000000000003, "params": {"x0": 117.32220727256657, "x1": 0.5362509042725299, "x2": 0.020048450542422103, "x3": 0.625447933982098, "x4": 0.5373510131438792}, "datetime": {"datetime": "2021-01-11 22:28:00", "elapsed": 25991.455745, "delta": 201.558423}}
{"target": 26.323333333333334, "params": {"x0": 109.72350856539927, "x1": -0.26077033914687386, "x2": 0.6050329373958958, "x3": -0.10395125931671356, "x4": -0.20753169466280164}, "datetime": {"datetime": "2021-01-11 22:32:36", "elapsed": 26267.218987, "delta": 275.763242}}
{"target": 26.810000000000002, "params": {"x0": 109.8331530982003, "x1": -0.05619842129637864, "x2": 0.5079937384425768, "x3": -0.16791802324815408, "x4": -0.30314941577495635}, "datetime": {"datetime": "2021-01-11 22:35:36", "elapsed": 26446.755129, "delta": 179.536142}}
{"target": 35.849999999999994, "params": {"x0": 62.58317984142769, "x1": -0.8882398459838348, "x2": 0.4036498429562305, "x3": -0.04944381263450737, "x4": 0.20933348999914014}, "datetime": {"datetime": "2021-01-11 22:38:58", "elapsed": 26649.539389, "delta": 202.78426}}
{"target": 31.63, "params": {"x0": 88.41283831069791, "x1": 0.2563250789369165, "x2": 0.17635707172751447, "x3": -0.5956872113855285, "x4": -0.8025387168007658}, "datetime": {"datetime": "2021-01-11 22:42:04", "elapsed": 26835.190097, "delta": 185.650708}}
{"target": 32.67333333333333, "params": {"x0": 69.93857257672197, "x1": -0.7934991297110072, "x2": 0.3231617966472158, "x3": -0.10621736215557931, "x4": 0.4321245773368185}, "datetime": {"datetime": "2021-01-11 22:45:58", "elapsed": 27069.397853, "delta": 234.207756}}
{"target": 33.03333333333333, "params": {"x0": 69.83930142293194, "x1": -0.8487820746680905, "x2": 0.2991394217327279, "x3": -0.04412767266466124, "x4": 0.5328399927677787}, "datetime": {"datetime": "2021-01-11 22:49:57", "elapsed": 27307.869484, "delta": 238.471631}}
{"target": 34.70333333333333, "params": {"x0": 88.39343290626174, "x1": 0.24838262082012977, "x2": 0.18818542012627737, "x3": -0.6022953021359698, "x4": -0.7597892579428869}, "datetime": {"datetime": "2021-01-11 22:52:55", "elapsed": 27486.606583, "delta": 178.737099}}
{"target": 30.573333333333334, "params": {"x0": 88.3657778138557, "x1": 0.23706142321770032, "x2": 0.20504048650263007, "x3": -0.6117103652137053, "x4": -0.698864695297828}, "datetime": {"datetime": "2021-01-11 22:57:58", "elapsed": 27789.179179, "delta": 302.572596}}
