{"target": -9.765612479792793, "params": {"x1": 0.8499999999514074, "x2": -4.049200000037175, "x3": 8.568799999933418, "x4": 10.84239999992812, "x5": -11.49600000001982}, "datetime": {"datetime": "2020-10-18 17:28:32", "elapsed": 38.78675, "delta": 0.356275}}
{"target": -9.097428423770975, "params": {"x1": 3.80959999994451, "x2": -3.572400000038286, "x3": 6.920799999937259, "x4": 11.814399999925854, "x5": -12.824400000016723}, "datetime": {"datetime": "2020-10-18 17:28:32", "elapsed": 39.176566, "delta": 0.389816}}
{"target": -2.418999879297477, "params": {"x1": 2.6623999999471835, "x2": -7.589600000028923, "x3": 4.4983999999429045, "x4": 11.271999999927118, "x5": -12.26400000001803}, "datetime": {"datetime": "2020-10-18 17:28:32", "elapsed": 39.630706, "delta": 0.45414}}
{"target": -7.918482408484545, "params": {"x1": 1.8207999999491449, "x2": -6.784800000030799, "x3": 7.956399999934845, "x4": 11.797199999925894, "x5": -11.5468000000197}, "datetime": {"datetime": "2020-10-18 17:28:33", "elapsed": 40.022138, "delta": 0.391432}}
{"target": -1.9688446734085687, "params": {"x1": 2.359599999947889, "x2": -7.50520000002912, "x3": 4.348399999943254, "x4": 11.437999999926731, "x5": -12.252000000018057}, "datetime": {"datetime": "2020-10-18 17:28:33", "elapsed": 40.438333, "delta": 0.416195}}
{"target": -1.917680626702385, "params": {"x1": 2.387999999947823, "x2": -7.41520000002933, "x3": 4.399599999943135, "x4": 11.317999999927011, "x5": -12.204800000018167}, "datetime": {"datetime": "2020-10-18 17:28:34", "elapsed": 40.91412, "delta": 0.475787}}
{"target": -10.077614400188246, "params": {"x1": -0.1900000000461688, "x2": -5.479200000033842, "x3": 6.969999999937144, "x4": 9.18999999993197, "x5": -15.961600000009412}, "datetime": {"datetime": "2020-10-18 17:28:34", "elapsed": 41.310533, "delta": 0.396413}}
{"target": -9.886940079015817, "params": {"x1": 5.015999999941698, "x2": -9.728400000023939, "x3": 2.2839999999480654, "x4": 9.336799999931628, "x5": -15.874000000009616}, "datetime": {"datetime": "2020-10-18 17:28:34", "elapsed": 41.689556, "delta": 0.379023}}
{"target": -7.9191128172285215, "params": {"x1": 3.9439999999441966, "x2": -5.587600000033589, "x3": 4.0139999999440334, "x4": 13.830399999921156, "x5": -11.446400000019935}, "datetime": {"datetime": "2020-10-18 17:28:35", "elapsed": 42.089659, "delta": 0.400103}}
{"target": -9.02846507016967, "params": {"x1": 0.8075999999515062, "x2": -9.271200000025004, "x3": 1.5891999999496846, "x4": 9.799999999930549, "x5": -16.210000000008833}, "datetime": {"datetime": "2020-10-18 17:28:35", "elapsed": 42.487355, "delta": 0.397696}}
{"target": -7.278667600204818, "params": {"x1": 1.3755999999501825, "x2": -10.338800000022516, "x3": 4.068799999943906, "x4": 9.114399999932147, "x5": -11.702400000019338}, "datetime": {"datetime": "2020-10-18 17:28:36", "elapsed": 42.88234, "delta": 0.394985}}
{"target": -7.639516906608545, "params": {"x1": 3.445199999945359, "x2": -3.4228000000386345, "x3": 5.893199999939654, "x4": 10.869599999928056, "x5": -12.177200000018232}, "datetime": {"datetime": "2020-10-18 17:28:36", "elapsed": 43.296736, "delta": 0.414396}}
{"target": -7.904676958077021, "params": {"x1": 3.735199999944683, "x2": -8.441600000026938, "x3": 4.891599999941988, "x4": 10.414799999929116, "x5": -15.838800000009698}, "datetime": {"datetime": "2020-10-18 17:28:36", "elapsed": 43.706861, "delta": 0.410125}}
{"target": -9.823828172765683, "params": {"x1": 6.037999999939316, "x2": -11.099600000020743, "x3": 2.8883999999466567, "x4": 9.411199999931455, "x5": -11.288400000020303}, "datetime": {"datetime": "2020-10-18 17:28:37", "elapsed": 44.109327, "delta": 0.402466}}
{"target": -7.4790634369325595, "params": {"x1": 1.249599999950476, "x2": -5.993200000032644, "x3": 7.476799999935963, "x4": 11.337199999926966, "x5": -12.898000000016552}, "datetime": {"datetime": "2020-10-18 17:28:37", "elapsed": 44.501584, "delta": 0.392257}}
{"target": -8.589040130303756, "params": {"x1": 2.7559999999469653, "x2": -3.8472000000376454, "x3": 2.2183999999482182, "x4": 12.337999999924634, "x5": -13.2204000000158}, "datetime": {"datetime": "2020-10-18 17:28:38", "elapsed": 44.877872, "delta": 0.376288}}
{"target": -1.9073420086100583, "params": {"x1": 2.424399999947738, "x2": -7.437600000029278, "x3": 4.4391999999430425, "x4": 11.373599999926881, "x5": -12.296800000017953}, "datetime": {"datetime": "2020-10-18 17:28:38", "elapsed": 45.278879, "delta": 0.401007}}
{"target": -1.8249486416321297, "params": {"x1": 2.4379999999477064, "x2": -7.455600000029236, "x3": 4.44039999994304, "x4": 11.392799999926837, "x5": -12.214000000018146}, "datetime": {"datetime": "2020-10-18 17:28:38", "elapsed": 45.708597, "delta": 0.429718}}
{"target": -8.692093447913006, "params": {"x1": 0.5115999999521961, "x2": -4.262400000036678, "x3": 3.74079999994467, "x4": 9.279599999931762, "x5": -15.02680000001159}, "datetime": {"datetime": "2020-10-18 17:28:39", "elapsed": 46.086416, "delta": 0.377819}}
{"target": -6.744126467567247, "params": {"x1": 2.1439999999483916, "x2": -6.676000000031053, "x3": 4.176399999943655, "x4": 13.02599999992303, "x5": -14.255200000013389}, "datetime": {"datetime": "2020-10-18 17:28:39", "elapsed": 46.477377, "delta": 0.390961}}
{"target": -7.13870356947036, "params": {"x1": 3.527999999945166, "x2": -5.639200000033469, "x3": 4.26439999994345, "x4": 7.901199999934974, "x5": -10.845200000021336}, "datetime": {"datetime": "2020-10-18 17:28:40", "elapsed": 46.91075, "delta": 0.433373}}
{"target": -6.242381687902316, "params": {"x1": 0.3647999999525382, "x2": -7.1296000000299955, "x3": 2.36359999994788, "x4": 12.658399999923887, "x5": -12.30240000001794}, "datetime": {"datetime": "2020-10-18 17:28:40", "elapsed": 47.345308, "delta": 0.434558}}
{"target": -8.706610945484094, "params": {"x1": -1.48960000004314, "x2": -5.5652000000336415, "x3": 5.2063999999412545, "x4": 10.347999999929272, "x5": -14.523600000012763}, "datetime": {"datetime": "2020-10-18 17:28:41", "elapsed": 47.782803, "delta": 0.437495}}
