{"target": -9.74167312432652, "params": {"x1": 0.8399999999995558, "x2": -4.04000000000034, "x3": 8.559999999999391, "x4": 10.839999999999343, "x5": -11.480000000000182}, "datetime": {"datetime": "2020-10-18 17:19:58", "elapsed": 18.825644, "delta": 0.132963}}
{"target": -9.063699988269697, "params": {"x1": 3.7999999999994927, "x2": -3.5600000000003504, "x3": 6.919999999999426, "x4": 11.799999999999322, "x5": -12.840000000000153}, "datetime": {"datetime": "2020-10-18 17:19:58", "elapsed": 18.984125, "delta": 0.158481}}
{"target": -0.9896063770394434, "params": {"x1": 2.3599999999995234, "x2": -7.520000000000266, "x3": 4.39999999999948, "x4": 10.679999999999346, "x5": -12.00000000000017}, "datetime": {"datetime": "2020-10-18 17:19:59", "elapsed": 19.199134, "delta": 0.215009}}
{"target": -7.9444644283472226, "params": {"x1": 1.8399999999995345, "x2": -6.800000000000281, "x3": 7.959999999999404, "x4": 11.799999999999322, "x5": -11.56000000000018}, "datetime": {"datetime": "2020-10-18 17:19:59", "elapsed": 19.374156, "delta": 0.175022}}
{"target": -0.40265503762426036, "params": {"x1": 2.3599999999995234, "x2": -7.440000000000268, "x3": 4.39999999999948, "x4": 10.599999999999348, "x5": -12.160000000000167}, "datetime": {"datetime": "2020-10-18 17:19:59", "elapsed": 19.609355, "delta": 0.235199}}
{"target": -1.5060263316415998, "params": {"x1": 2.1599999999995276, "x2": -7.520000000000266, "x3": 4.479999999999478, "x4": 10.599999999999348, "x5": -12.360000000000163}, "datetime": {"datetime": "2020-10-18 17:19:59", "elapsed": 19.799686, "delta": 0.190331}}
{"target": -10.06861325784367, "params": {"x1": -0.20000000000042206, "x2": -5.4800000000003095, "x3": 6.959999999999425, "x4": 9.199999999999378, "x5": -15.960000000000086}, "datetime": {"datetime": "2020-10-18 17:19:59", "elapsed": 19.97823, "delta": 0.178544}}
{"target": -8.959053357338895, "params": {"x1": -0.6400000000004127, "x2": -8.480000000000246, "x3": 8.63999999999939, "x4": 11.199999999999335, "x5": -11.280000000000186}, "datetime": {"datetime": "2020-10-18 17:19:59", "elapsed": 20.122283, "delta": 0.144053}}
{"target": -7.954005161927077, "params": {"x1": 3.9599999999994893, "x2": -5.600000000000307, "x3": 3.9999999999994884, "x4": 13.839999999999279, "x5": -11.440000000000182}, "datetime": {"datetime": "2020-10-18 17:20:00", "elapsed": 20.257469, "delta": 0.135186}}
{"target": -9.22810285300055, "params": {"x1": 5.6399999999994535, "x2": -4.240000000000336, "x3": 5.679999999999453, "x4": 8.719999999999388, "x5": -15.240000000000101}, "datetime": {"datetime": "2020-10-18 17:20:00", "elapsed": 20.436719, "delta": 0.17925}}
{"target": -7.269792915737231, "params": {"x1": 1.3599999999995447, "x2": -10.320000000000206, "x3": 4.079999999999487, "x4": 9.11999999999938, "x5": -11.720000000000176}, "datetime": {"datetime": "2020-10-18 17:20:00", "elapsed": 20.609674, "delta": 0.172955}}
{"target": -7.638720550080404, "params": {"x1": 3.4399999999995003, "x2": -3.440000000000353, "x3": 5.879999999999448, "x4": 10.879999999999342, "x5": -12.160000000000167}, "datetime": {"datetime": "2020-10-18 17:20:00", "elapsed": 20.754307, "delta": 0.144633}}
{"target": -7.894930089817118, "params": {"x1": 3.7199999999994944, "x2": -8.440000000000246, "x3": 4.87999999999947, "x4": 10.399999999999352, "x5": -15.840000000000089}, "datetime": {"datetime": "2020-10-18 17:20:00", "elapsed": 20.897032, "delta": 0.142725}}
{"target": -9.229101797416837, "params": {"x1": -1.520000000000394, "x2": -10.400000000000205, "x3": 4.319999999999482, "x4": 8.079999999999401, "x5": -14.280000000000122}, "datetime": {"datetime": "2020-10-18 17:20:00", "elapsed": 21.064599, "delta": 0.167567}}
{"target": -7.516990863319538, "params": {"x1": 1.2399999999995472, "x2": -6.000000000000298, "x3": 7.479999999999414, "x4": 11.319999999999332, "x5": -12.880000000000152}, "datetime": {"datetime": "2020-10-18 17:20:01", "elapsed": 21.228342, "delta": 0.163743}}
{"target": -8.644204622850346, "params": {"x1": 2.759999999999515, "x2": -3.8400000000003445, "x3": 2.199999999999527, "x4": 12.319999999999311, "x5": -13.240000000000144}, "datetime": {"datetime": "2020-10-18 17:20:01", "elapsed": 21.395172, "delta": 0.16683}}
{"target": -6.698321082570967, "params": {"x1": 3.079999999999508, "x2": -9.320000000000228, "x3": 2.319999999999524, "x4": 9.319999999999375, "x5": -11.920000000000172}, "datetime": {"datetime": "2020-10-18 17:20:01", "elapsed": 21.570154, "delta": 0.174982}}
{"target": -1.0583443691406274, "params": {"x1": 2.319999999999524, "x2": -7.240000000000272, "x3": 4.479999999999478, "x4": 10.639999999999347, "x5": -12.120000000000168}, "datetime": {"datetime": "2020-10-18 17:20:01", "elapsed": 21.824176, "delta": 0.254022}}
{"target": -8.670491686285125, "params": {"x1": 0.5199999999995626, "x2": -4.280000000000335, "x3": 3.7599999999994935, "x4": 9.279999999999376, "x5": -15.040000000000106}, "datetime": {"datetime": "2020-10-18 17:20:01", "elapsed": 21.964985, "delta": 0.140809}}
{"target": -6.759014910672516, "params": {"x1": 2.1599999999995276, "x2": -6.680000000000284, "x3": 4.159999999999485, "x4": 13.039999999999296, "x5": -14.240000000000123}, "datetime": {"datetime": "2020-10-18 17:20:01", "elapsed": 22.136325, "delta": 0.17134}}
{"target": -7.130618343184345, "params": {"x1": 3.5199999999994986, "x2": -5.640000000000306, "x3": 4.279999999999482, "x4": 7.919999999999405, "x5": -10.840000000000195}, "datetime": {"datetime": "2020-10-18 17:20:02", "elapsed": 22.358566, "delta": 0.222241}}
{"target": -6.296409546848224, "params": {"x1": 0.359999999999566, "x2": -7.1200000000002746, "x3": 2.3599999999995234, "x4": 12.639999999999304, "x5": -12.320000000000164}, "datetime": {"datetime": "2020-10-18 17:20:02", "elapsed": 22.51637, "delta": 0.157804}}
{"target": -9.019232762253303, "params": {"x1": -0.08000000000042462, "x2": -7.080000000000275, "x3": 5.31999999999946, "x4": 12.39999999999931, "x5": -8.440000000000246}, "datetime": {"datetime": "2020-10-18 17:20:02", "elapsed": 22.675601, "delta": 0.159231}}
