{"target": -9.768297136548373, "params": {"x1": 0.8520000000069636, "x2": -4.047999999994673, "x3": 8.56800000000954, "x4": 10.8440000000103, "x5": -11.49599999999716}, "datetime": {"datetime": "2020-10-18 17:27:03", "elapsed": 20.635852, "delta": 0.170246}}
{"target": -9.097150913898641, "params": {"x1": 3.808000000007951, "x2": -3.571999999994514, "x3": 6.92000000000899, "x4": 11.816000000010625, "x5": -12.823999999997604}, "datetime": {"datetime": "2020-10-18 17:27:03", "elapsed": 20.847978, "delta": 0.212126}}
{"target": -2.406375120740808, "params": {"x1": 2.296000000007446, "x2": -7.351999999995776, "x3": 4.4720000000081725, "x4": 11.040000000010366, "x5": -12.551999999997513}, "datetime": {"datetime": "2020-10-18 17:27:03", "elapsed": 21.101045, "delta": 0.253067}}
{"target": -7.916813207306982, "params": {"x1": 1.820000000007287, "x2": -6.7839999999955864, "x3": 7.956000000009336, "x4": 11.796000000010618, "x5": -11.547999999997177}, "datetime": {"datetime": "2020-10-18 17:27:03", "elapsed": 21.257854, "delta": 0.156809}}
{"target": -2.5845620608747595, "params": {"x1": 2.120000000007387, "x2": -7.411999999995796, "x3": 4.600000000008215, "x4": 10.736000000010264, "x5": -12.675999999997554}, "datetime": {"datetime": "2020-10-18 17:27:04", "elapsed": 21.509402, "delta": 0.251548}}
{"target": -2.2599814015107818, "params": {"x1": 2.6000000000075474, "x2": -7.3319999999957695, "x3": 4.360000000008135, "x4": 10.78400000001028, "x5": -12.827999999997605}, "datetime": {"datetime": "2020-10-18 17:27:04", "elapsed": 21.760058, "delta": 0.250656}}
{"target": -10.112060305427875, "params": {"x1": 0.6400000000068928, "x2": -8.931999999996304, "x3": 5.288000000008445, "x4": 5.444000000008497, "x5": -10.563999999996849}, "datetime": {"datetime": "2020-10-18 17:27:04", "elapsed": 21.956541, "delta": 0.196483}}
{"target": -9.887393480114254, "params": {"x1": 5.016000000008354, "x2": -9.72799999999657, "x3": 2.284000000007442, "x4": 9.336000000009797, "x5": -15.871999999998621}, "datetime": {"datetime": "2020-10-18 17:27:04", "elapsed": 22.124985, "delta": 0.168444}}
{"target": -7.925136119118516, "params": {"x1": 3.944000000007996, "x2": -5.587999999995187, "x3": 4.012000000008019, "x4": 13.832000000011298, "x5": -11.447999999997144}, "datetime": {"datetime": "2020-10-18 17:27:04", "elapsed": 22.3039, "delta": 0.178915}}
{"target": -9.028118948059564, "params": {"x1": 0.8080000000069489, "x2": -9.271999999996417, "x3": 1.5880000000072094, "x4": 9.800000000009952, "x5": -16.211999999998735}, "datetime": {"datetime": "2020-10-18 17:27:04", "elapsed": 22.503469, "delta": 0.199569}}
{"target": -7.279079290807443, "params": {"x1": 1.3760000000071386, "x2": -10.339999999996774, "x3": 4.068000000008038, "x4": 9.116000000009723, "x5": -11.70399999999723}, "datetime": {"datetime": "2020-10-18 17:27:05", "elapsed": 22.714401, "delta": 0.210932}}
{"target": -7.63441709033636, "params": {"x1": 3.4440000000078292, "x2": -3.4239999999944644, "x3": 5.892000000008647, "x4": 10.868000000010309, "x5": -12.175999999997387}, "datetime": {"datetime": "2020-10-18 17:27:05", "elapsed": 22.923445, "delta": 0.209044}}
{"target": -7.90447126047701, "params": {"x1": 3.7360000000079268, "x2": -8.43999999999614, "x3": 4.892000000008313, "x4": 10.416000000010158, "x5": -15.83999999999861}, "datetime": {"datetime": "2020-10-18 17:27:05", "elapsed": 23.123493, "delta": 0.200048}}
{"target": -9.822301340078978, "params": {"x1": 6.036000000008695, "x2": -11.099999999997028, "x3": 2.8880000000076436, "x4": 9.412000000009822, "x5": -11.28799999999709}, "datetime": {"datetime": "2020-10-18 17:27:05", "elapsed": 23.350785, "delta": 0.227292}}
{"target": -7.483864360259622, "params": {"x1": 1.2480000000070959, "x2": -5.991999999995322, "x3": 7.476000000009176, "x4": 11.336000000010465, "x5": -12.895999999997628}, "datetime": {"datetime": "2020-10-18 17:27:06", "elapsed": 23.530389, "delta": 0.179604}}
{"target": -8.58720307567274, "params": {"x1": 2.7560000000075995, "x2": -3.847999999994606, "x3": 2.2200000000074205, "x4": 12.336000000010799, "x5": -13.219999999997736}, "datetime": {"datetime": "2020-10-18 17:27:06", "elapsed": 23.724077, "delta": 0.193688}}
{"target": -1.4784745255225218, "params": {"x1": 2.5560000000075327, "x2": -7.455999999995811, "x3": 4.440000000008162, "x4": 10.75200000001027, "x5": -12.547999999997511}, "datetime": {"datetime": "2020-10-18 17:27:06", "elapsed": 23.993504, "delta": 0.269427}}
{"target": -2.018781831020963, "params": {"x1": 2.8400000000076275, "x2": -7.4519999999958095, "x3": 4.16400000000807, "x4": 10.680000000010246, "x5": -12.143999999997376}, "datetime": {"datetime": "2020-10-18 17:27:06", "elapsed": 24.259598, "delta": 0.266094}}
{"target": -9.840869041286862, "params": {"x1": 5.560000000008536, "x2": -10.139999999996707, "x3": 0.7920000000069436, "x4": 11.936000000010665, "x5": -12.859999999997616}, "datetime": {"datetime": "2020-10-18 17:27:06", "elapsed": 24.443214, "delta": 0.183616}}
{"target": -6.741720387097471, "params": {"x1": 2.144000000007395, "x2": -6.67599999999555, "x3": 4.176000000008074, "x4": 13.024000000011029, "x5": -14.255999999998082}, "datetime": {"datetime": "2020-10-18 17:27:07", "elapsed": 24.709209, "delta": 0.265995}}
{"target": -7.141174902904748, "params": {"x1": 3.5280000000078573, "x2": -5.639999999995204, "x3": 4.264000000008103, "x4": 7.900000000009317, "x5": -10.843999999996942}, "datetime": {"datetime": "2020-10-18 17:27:07", "elapsed": 25.043668, "delta": 0.334459}}
{"target": -6.250395994993163, "params": {"x1": 0.36400000000680066, "x2": -7.127999999995701, "x3": 2.3640000000074686, "x4": 12.66000000001091, "x5": -12.30399999999743}, "datetime": {"datetime": "2020-10-18 17:27:07", "elapsed": 25.288486, "delta": 0.244818}}
{"target": -9.585830885160693, "params": {"x1": 0.5840000000068741, "x2": -8.05199999999601, "x3": 1.0280000000070224, "x4": 8.652000000009568, "x5": -8.879999999996286}, "datetime": {"datetime": "2020-10-18 17:27:07", "elapsed": 25.483841, "delta": 0.195355}}
