{"target": -20.99754327141088, "params": {"x1": -3.319119811897039, "x2": 8.812979737686323, "x3": -19.995425007306203, "x4": -7.906697094726409, "x5": -14.129764367315477}, "datetime": {"datetime": "2020-10-18 17:27:53", "elapsed": 0.0, "delta": 0.0}}
{"target": -20.74846549673225, "params": {"x1": 11.216924346258786, "x2": 17.94747129655037, "x3": -10.637343396007473, "x4": 17.31430799096924, "x5": -9.786758740935277}, "datetime": {"datetime": "2020-10-18 17:27:53", "elapsed": 0.026485, "delta": 0.026485}}
{"target": -21.740279351115365, "params": {"x1": 20.0, "x2": -20.0, "x3": 20.0, "x4": 20.0, "x5": 20.0}, "datetime": {"datetime": "2020-10-18 17:27:53", "elapsed": 0.143907, "delta": 0.117422}}
{"target": -20.823085369758928, "params": {"x1": 8.741282861063414, "x2": 16.77036649479882, "x3": -12.105064601653964, "x4": 16.236707000102257, "x5": -10.615721624798278}, "datetime": {"datetime": "2020-10-18 17:27:53", "elapsed": 0.180347, "delta": 0.03644}}
{"target": -21.90138288392975, "params": {"x1": 20.0, "x2": 20.0, "x3": 20.0, "x4": -20.0, "x5": -20.0}, "datetime": {"datetime": "2020-10-18 17:27:53", "elapsed": 0.405986, "delta": 0.225639}}
{"target": -21.995842318831567, "params": {"x1": 20.0, "x2": 20.0, "x3": -20.0, "x4": 20.0, "x5": 20.0}, "datetime": {"datetime": "2020-10-18 17:27:53", "elapsed": 0.575084, "delta": 0.169098}}
{"target": -21.644384005126177, "params": {"x1": -20.0, "x2": 20.0, "x3": 20.0, "x4": 20.0, "x5": -20.0}, "datetime": {"datetime": "2020-10-18 17:27:54", "elapsed": 0.788907, "delta": 0.213823}}
{"target": -21.28367847919624, "params": {"x1": 20.0, "x2": -20.0, "x3": -20.0, "x4": 20.0, "x5": -20.0}, "datetime": {"datetime": "2020-10-18 17:27:54", "elapsed": 1.041175, "delta": 0.252268}}
{"target": -22.05128392362306, "params": {"x1": -20.0, "x2": -20.0, "x3": -20.0, "x4": -20.0, "x5": 20.0}, "datetime": {"datetime": "2020-10-18 17:27:54", "elapsed": 1.248898, "delta": 0.207723}}
{"target": -21.830533335210575, "params": {"x1": 19.999999999906777, "x2": -20.0, "x3": -20.0, "x4": -20.0, "x5": -20.0}, "datetime": {"datetime": "2020-10-18 17:27:55", "elapsed": 1.729188, "delta": 0.48029}}
{"target": -21.35458395120965, "params": {"x1": 19.999999999906777, "x2": 19.999999999906777, "x3": 17.675999999912193, "x4": 19.999999999906777, "x5": -20.0}, "datetime": {"datetime": "2020-10-18 17:27:55", "elapsed": 2.205946, "delta": 0.476758}}
{"target": -22.07220635664615, "params": {"x1": -20.0, "x2": 19.999999999906777, "x3": 19.999999999906777, "x4": -20.0, "x5": 19.999999999906777}, "datetime": {"datetime": "2020-10-18 17:27:55", "elapsed": 2.633615, "delta": 0.427669}}
{"target": -21.731980252235612, "params": {"x1": 19.999999999906777, "x2": 19.999999999906777, "x3": -20.0, "x4": 1.0035999999510494, "x5": -20.0}, "datetime": {"datetime": "2020-10-18 17:27:56", "elapsed": 3.137966, "delta": 0.504351}}
{"target": -21.475976757912516, "params": {"x1": -20.0, "x2": -20.0, "x3": -20.0, "x4": 19.999999999906777, "x5": -20.0}, "datetime": {"datetime": "2020-10-18 17:27:56", "elapsed": 3.614522, "delta": 0.476556}}
{"target": -21.771664233811695, "params": {"x1": -20.0, "x2": -20.0, "x3": 19.999999999906777, "x4": -20.0, "x5": -20.0}, "datetime": {"datetime": "2020-10-18 17:27:57", "elapsed": 4.02297, "delta": 0.408448}}
{"target": -22.00643675698945, "params": {"x1": -20.0, "x2": 19.999999999906777, "x3": -20.0, "x4": -20.0, "x5": -20.0}, "datetime": {"datetime": "2020-10-18 17:27:57", "elapsed": 4.504581, "delta": 0.481611}}
{"target": -19.564876807654255, "params": {"x1": 7.433999999936063, "x2": -20.0, "x3": 19.999999999906777, "x4": 19.999999999906777, "x5": -20.0}, "datetime": {"datetime": "2020-10-18 17:27:58", "elapsed": 4.97996, "delta": 0.475379}}
{"target": -20.415012347113734, "params": {"x1": 19.999999999906777, "x2": -20.0, "x3": 19.999999999906777, "x4": 8.86839999993272, "x5": -20.0}, "datetime": {"datetime": "2020-10-18 17:27:58", "elapsed": 5.484208, "delta": 0.504248}}
{"target": -20.254948103228116, "params": {"x1": -11.348400000020163, "x2": -20.0, "x3": 19.999999999906777, "x4": 19.999999999906777, "x5": -20.0}, "datetime": {"datetime": "2020-10-18 17:27:59", "elapsed": 6.051524, "delta": 0.567316}}
{"target": -16.134483545150243, "params": {"x1": 5.901199999939635, "x2": -9.984400000023342, "x3": 7.940399999934883, "x4": 19.999999999906777, "x5": -20.0}, "datetime": {"datetime": "2020-10-18 17:27:59", "elapsed": 6.546882, "delta": 0.495358}}
{"target": -13.53557036701811, "params": {"x1": 3.5347999999451503, "x2": -8.927200000025806, "x3": 7.466399999935987, "x4": 16.408399999915147, "x5": -20.0}, "datetime": {"datetime": "2020-10-18 17:28:00", "elapsed": 7.42287, "delta": 0.875988}}
{"target": -13.77019610360832, "params": {"x1": 3.044399999946293, "x2": -9.737600000023917, "x3": 8.615999999933308, "x4": 15.595199999917043, "x5": -20.0}, "datetime": {"datetime": "2020-10-18 17:28:01", "elapsed": 8.165892, "delta": 0.743022}}
{"target": -12.545204257921604, "params": {"x1": 4.259599999943461, "x2": -8.306000000027254, "x3": 7.535199999935827, "x4": 14.817999999918854, "x5": -20.0}, "datetime": {"datetime": "2020-10-18 17:28:02", "elapsed": 9.128741, "delta": 0.962849}}
{"target": -13.417394255399607, "params": {"x1": 4.82639999994214, "x2": -6.994400000030311, "x3": 8.429199999933743, "x4": 14.49359999991961, "x5": -20.0}, "datetime": {"datetime": "2020-10-18 17:28:03", "elapsed": 10.085385, "delta": 0.956644}}
{"target": -12.796622107724403, "params": {"x1": 5.363199999940889, "x2": -9.232000000025096, "x3": 7.267199999936452, "x4": 14.456799999919696, "x5": -20.0}, "datetime": {"datetime": "2020-10-18 17:28:03", "elapsed": 10.570815, "delta": 0.48543}}
{"target": -12.31153075635655, "params": {"x1": 3.910399999944275, "x2": -8.540400000026708, "x3": 6.613599999937975, "x4": 13.680799999921504, "x5": -20.0}, "datetime": {"datetime": "2020-10-18 17:28:04", "elapsed": 11.110576, "delta": 0.539761}}
{"target": -12.989037756951172, "params": {"x1": 4.457999999942999, "x2": -7.933200000028123, "x3": 5.88639999993967, "x4": 14.297199999920068, "x5": -20.0}, "datetime": {"datetime": "2020-10-18 17:28:04", "elapsed": 11.550765, "delta": 0.440189}}
{"target": -12.067886632763274, "params": {"x1": 3.894399999944312, "x2": -8.782000000026144, "x3": 7.236399999936523, "x4": 13.643599999921591, "x5": -18.694800000003042}, "datetime": {"datetime": "2020-10-18 17:28:05", "elapsed": 12.210844, "delta": 0.660079}}
{"target": -12.238025257919443, "params": {"x1": 3.939599999944207, "x2": -8.826400000026041, "x3": 7.726399999935381, "x4": 12.737999999923701, "x5": -19.242800000001765}, "datetime": {"datetime": "2020-10-18 17:28:06", "elapsed": 12.819519, "delta": 0.608675}}
{"target": -11.731064344250399, "params": {"x1": 2.889599999946654, "x2": -8.379600000027082, "x3": 7.252399999936486, "x4": 13.410399999922134, "x5": -18.973600000002392}, "datetime": {"datetime": "2020-10-18 17:28:06", "elapsed": 13.400801, "delta": 0.581282}}
{"target": -11.574158021132016, "params": {"x1": 2.0071999999487105, "x2": -8.792000000026121, "x3": 6.790399999937563, "x4": 12.787199999923587, "x5": -18.54480000000339}, "datetime": {"datetime": "2020-10-18 17:28:07", "elapsed": 13.862873, "delta": 0.462072}}
{"target": -10.7918318768217, "params": {"x1": 1.8247999999491356, "x2": -7.717600000028625, "x3": 6.818799999937497, "x4": 12.467199999924333, "x5": -18.016400000004623}, "datetime": {"datetime": "2020-10-18 17:28:07", "elapsed": 14.497644, "delta": 0.634771}}
{"target": -9.962496983281113, "params": {"x1": 1.3703999999501946, "x2": -7.015200000030262, "x3": 7.103999999936832, "x4": 12.043999999925319, "x5": -16.952400000007103}, "datetime": {"datetime": "2020-10-18 17:28:08", "elapsed": 15.031209, "delta": 0.533565}}
{"target": -9.753592750523708, "params": {"x1": 0.26479999995277126, "x2": -6.56120000003132, "x3": 7.253599999936483, "x4": 12.291599999924742, "x5": -16.493200000008173}, "datetime": {"datetime": "2020-10-18 17:28:08", "elapsed": 15.562531, "delta": 0.531322}}
{"target": -9.990378287089726, "params": {"x1": 0.26639999995276753, "x2": -6.3092000000319075, "x3": 7.327599999936311, "x4": 11.143199999927418, "x5": -16.79840000000746}, "datetime": {"datetime": "2020-10-18 17:28:09", "elapsed": 16.422311, "delta": 0.85978}}
{"target": -8.293332334714957, "params": {"x1": 0.6219999999519388, "x2": -6.32520000003187, "x3": 6.320399999938658, "x4": 11.90599999992564, "x5": -15.926000000009495}, "datetime": {"datetime": "2020-10-18 17:28:10", "elapsed": 17.082726, "delta": 0.660415}}
{"target": -7.91752240871587, "params": {"x1": 0.5947999999520022, "x2": -6.045600000032522, "x3": 5.111199999941476, "x4": 11.72999999992605, "x5": -15.480000000010534}, "datetime": {"datetime": "2020-10-18 17:28:10", "elapsed": 17.576819, "delta": 0.494093}}
{"target": -7.501518834430296, "params": {"x1": 0.7695999999515948, "x2": -6.109600000032373, "x3": 5.709999999940081, "x4": 11.606399999926339, "x5": -14.712400000012323}, "datetime": {"datetime": "2020-10-18 17:28:11", "elapsed": 18.118048, "delta": 0.541229}}
{"target": -7.905474677287632, "params": {"x1": 1.0635999999509096, "x2": -5.307600000034242, "x3": 5.829199999939803, "x4": 11.811199999925861, "x5": -14.65400000001246}, "datetime": {"datetime": "2020-10-18 17:28:12", "elapsed": 18.753046, "delta": 0.634998}}
{"target": -6.927249344211695, "params": {"x1": 0.83599999995144, "x2": -6.488800000031489, "x3": 5.541199999940474, "x4": 12.228799999924888, "x5": -14.384800000013087}, "datetime": {"datetime": "2020-10-18 17:28:12", "elapsed": 19.463077, "delta": 0.710031}}
{"target": -8.565076886909821, "params": {"x1": 1.059999999950918, "x2": -5.6896000000333515, "x3": 8.225999999934217, "x4": 9.956399999930184, "x5": -12.569600000017317}, "datetime": {"datetime": "2020-10-18 17:28:13", "elapsed": 19.805666, "delta": 0.342589}}
{"target": -6.758021070064498, "params": {"x1": 0.8247999999514661, "x2": -6.876800000030585, "x3": 5.94199999993954, "x4": 12.5239999999242, "x5": -13.102800000016074}, "datetime": {"datetime": "2020-10-18 17:28:13", "elapsed": 20.284409, "delta": 0.478743}}
{"target": -5.770873307963079, "params": {"x1": 1.5875999999496884, "x2": -7.099200000030066, "x3": 5.5299999999405, "x4": 12.45519999992436, "x5": -13.532800000015072}, "datetime": {"datetime": "2020-10-18 17:28:14", "elapsed": 20.803741, "delta": 0.519332}}
{"target": -4.29890120169085, "params": {"x1": 2.5343999999474818, "x2": -7.260400000029691, "x3": 5.493999999940584, "x4": 12.023599999925366, "x5": -13.145200000015976}, "datetime": {"datetime": "2020-10-18 17:28:14", "elapsed": 21.612991, "delta": 0.80925}}
{"target": -4.566223866494486, "params": {"x1": 3.2347999999458494, "x2": -7.204000000029822, "x3": 5.667999999940179, "x4": 11.451999999926699, "x5": -12.561200000017337}, "datetime": {"datetime": "2020-10-18 17:28:15", "elapsed": 22.02857, "delta": 0.415579}}
{"target": -4.214248875000717, "params": {"x1": 3.0235999999463417, "x2": -7.498800000029135, "x3": 5.06239999994159, "x4": 11.729599999926052, "x5": -13.180800000015893}, "datetime": {"datetime": "2020-10-18 17:28:15", "elapsed": 22.510272, "delta": 0.481702}}
{"target": -4.873568455958527, "params": {"x1": 3.2887999999457236, "x2": -7.262800000029685, "x3": 5.464799999940652, "x4": 12.157599999925054, "x5": -13.201200000015845}, "datetime": {"datetime": "2020-10-18 17:28:16", "elapsed": 23.182112, "delta": 0.67184}}
{"target": -4.157032029870631, "params": {"x1": 2.5315999999474883, "x2": -7.8204000000283855, "x3": 5.494799999940582, "x4": 11.303199999927045, "x5": -12.975200000016372}, "datetime": {"datetime": "2020-10-18 17:28:17", "elapsed": 23.821885, "delta": 0.639773}}
{"target": -6.796792540219792, "params": {"x1": 1.579599999949707, "x2": -9.225200000025112, "x3": 5.02799999994167, "x4": 13.377199999922212, "x5": -12.273600000018007}, "datetime": {"datetime": "2020-10-18 17:28:17", "elapsed": 24.176093, "delta": 0.354208}}
{"target": -3.385279369016736, "params": {"x1": 2.4975999999475675, "x2": -7.627600000028835, "x3": 4.942799999941869, "x4": 11.721199999926071, "x5": -12.402800000017706}, "datetime": {"datetime": "2020-10-18 17:28:17", "elapsed": 24.660845, "delta": 0.484752}}
{"target": -2.3789111956919875, "params": {"x1": 2.287999999948056, "x2": -7.403600000029357, "x3": 4.648799999942554, "x4": 11.486799999926617, "x5": -12.246000000018071}, "datetime": {"datetime": "2020-10-18 17:28:18", "elapsed": 25.108042, "delta": 0.447197}}
{"target": -3.430724658167758, "params": {"x1": 1.9023999999489547, "x2": -6.9528000000304075, "x3": 4.159599999943694, "x4": 10.923199999927931, "x5": -12.047600000018534}, "datetime": {"datetime": "2020-10-18 17:28:18", "elapsed": 25.528632, "delta": 0.42059}}
{"target": -3.576030924138191, "params": {"x1": 2.1475999999483832, "x2": -7.037200000030211, "x3": 4.697199999942441, "x4": 11.329999999926983, "x5": -12.453600000017587}, "datetime": {"datetime": "2020-10-18 17:28:19", "elapsed": 25.914681, "delta": 0.386049}}
{"target": -3.795536834164423, "params": {"x1": 2.1795999999483087, "x2": -7.772000000028498, "x3": 4.117599999943792, "x4": 11.347599999926942, "x5": -11.739600000019252}, "datetime": {"datetime": "2020-10-18 17:28:19", "elapsed": 26.292216, "delta": 0.377535}}
{"target": -8.537563459728773, "params": {"x1": -0.7464000000448721, "x2": -4.490400000036146, "x3": 4.729999999942365, "x4": 12.329599999924653, "x5": -12.964400000016397}, "datetime": {"datetime": "2020-10-18 17:28:19", "elapsed": 26.645511, "delta": 0.353295}}
{"target": -7.020443695516297, "params": {"x1": 1.2299999999505218, "x2": -4.540000000036031, "x3": 5.1123999999414735, "x4": 10.705599999928438, "x5": -13.888000000014245}, "datetime": {"datetime": "2020-10-18 17:28:20", "elapsed": 26.997467, "delta": 0.351956}}
{"target": -6.720198569534869, "params": {"x1": 1.378399999950176, "x2": -5.853600000032969, "x3": 3.3695999999455353, "x4": 8.342399999933946, "x5": -11.49560000001982}, "datetime": {"datetime": "2020-10-18 17:28:20", "elapsed": 27.319268, "delta": 0.321801}}
{"target": -9.81788238996857, "params": {"x1": 0.06719999995323178, "x2": -3.0740000000394474, "x3": 6.125199999939113, "x4": 12.124399999925132, "x5": -13.202800000015841}, "datetime": {"datetime": "2020-10-18 17:28:20", "elapsed": 27.651056, "delta": 0.331788}}
{"target": -2.4577772465082646, "params": {"x1": 2.4439999999476925, "x2": -7.364400000029448, "x3": 4.596399999942676, "x4": 11.185999999927319, "x5": -11.965200000018726}, "datetime": {"datetime": "2020-10-18 17:28:21", "elapsed": 28.076389, "delta": 0.425333}}
{"target": -9.219536648243045, "params": {"x1": -1.8768000000422376, "x2": -9.156800000025271, "x3": 3.473599999945293, "x4": 11.521999999926535, "x5": -9.236800000025085}, "datetime": {"datetime": "2020-10-18 17:28:21", "elapsed": 28.419333, "delta": 0.342944}}
{"target": -7.736704748973235, "params": {"x1": -0.06120000004646897, "x2": -7.060000000030158, "x3": 2.0147999999486927, "x4": 11.828399999925821, "x5": -11.142400000020643}, "datetime": {"datetime": "2020-10-18 17:28:22", "elapsed": 28.770452, "delta": 0.351119}}
{"target": -5.559748119032321, "params": {"x1": 3.4007999999454626, "x2": -7.20480000002982, "x3": 5.593199999940353, "x4": 12.739999999923697, "x5": -11.648000000019465}, "datetime": {"datetime": "2020-10-18 17:28:22", "elapsed": 29.134608, "delta": 0.364156}}
{"target": -9.244992193710189, "params": {"x1": -0.7968000000447546, "x2": -7.735600000028583, "x3": 7.353999999936249, "x4": 10.276399999929438, "x5": -9.605600000024225}, "datetime": {"datetime": "2020-10-18 17:28:22", "elapsed": 29.466115, "delta": 0.331507}}
{"target": -7.917630211046365, "params": {"x1": 1.1531999999507008, "x2": -3.6176000000381805, "x3": 3.7359999999446813, "x4": 9.48599999993128, "x5": -12.376800000017766}, "datetime": {"datetime": "2020-10-18 17:28:23", "elapsed": 29.792259, "delta": 0.326144}}
{"target": -8.246839301938277, "params": {"x1": 0.35399999995256337, "x2": -5.757200000033194, "x3": 6.149599999939056, "x4": 11.93159999992558, "x5": -9.566000000024317}, "datetime": {"datetime": "2020-10-18 17:28:23", "elapsed": 30.14871, "delta": 0.356451}}
{"target": -8.754804277784341, "params": {"x1": 1.6051999999496473, "x2": -6.885200000030565, "x3": 7.876799999935031, "x4": 13.275599999922449, "x5": -11.789200000019136}, "datetime": {"datetime": "2020-10-18 17:28:23", "elapsed": 30.474976, "delta": 0.326266}}
{"target": -8.629543889592044, "params": {"x1": 2.7975999999468684, "x2": -3.9732000000373517, "x3": 5.269999999941106, "x4": 11.839999999925794, "x5": -9.709600000023983}, "datetime": {"datetime": "2020-10-18 17:28:24", "elapsed": 30.802043, "delta": 0.327067}}
{"target": -3.4037128541741986, "params": {"x1": 2.2187999999482173, "x2": -7.190400000029854, "x3": 4.546399999942793, "x4": 11.637199999926267, "x5": -11.802400000019105}, "datetime": {"datetime": "2020-10-18 17:28:24", "elapsed": 31.178121, "delta": 0.376078}}
{"target": -10.259377882902863, "params": {"x1": -0.36040000004577166, "x2": -4.028000000037224, "x3": 7.891599999934996, "x4": 11.233199999927209, "x5": -13.564800000014998}, "datetime": {"datetime": "2020-10-18 17:28:24", "elapsed": 31.524259, "delta": 0.346138}}
{"target": -7.604413889597817, "params": {"x1": -1.2808000000436266, "x2": -6.197600000032168, "x3": 3.9187999999442553, "x4": 10.525199999928859, "x5": -12.10960000001839}, "datetime": {"datetime": "2020-10-18 17:28:25", "elapsed": 31.884569, "delta": 0.36031}}
{"target": -9.123287846567202, "params": {"x1": 0.06159999995324483, "x2": -6.94320000003043, "x3": 6.961599999937164, "x4": 12.831999999923482, "x5": -9.829600000023703}, "datetime": {"datetime": "2020-10-18 17:28:25", "elapsed": 32.2276, "delta": 0.343031}}
{"target": -2.2143292159840513, "params": {"x1": 2.3743999999478547, "x2": -7.567200000028976, "x3": 4.353999999943241, "x4": 11.177199999927339, "x5": -12.373200000017775}, "datetime": {"datetime": "2020-10-18 17:28:25", "elapsed": 32.617218, "delta": 0.389618}}
{"target": -6.885963041789331, "params": {"x1": 2.4959999999475713, "x2": -4.818800000035381, "x3": 5.007599999941718, "x4": 12.276799999924776, "x5": -12.492800000017496}, "datetime": {"datetime": "2020-10-18 17:28:26", "elapsed": 32.991058, "delta": 0.37384}}
{"target": -8.337548496296343, "params": {"x1": 1.7883999999492204, "x2": -9.696800000024012, "x3": 8.0615999999346, "x4": 10.43039999992908, "x5": -13.256800000015716}, "datetime": {"datetime": "2020-10-18 17:28:26", "elapsed": 33.360836, "delta": 0.369778}}
{"target": -7.056707976837972, "params": {"x1": 4.901199999941966, "x2": -7.30800000002958, "x3": 4.320399999943319, "x4": 9.116399999932142, "x5": -13.830800000014378}, "datetime": {"datetime": "2020-10-18 17:28:27", "elapsed": 33.745383, "delta": 0.384547}}
{"target": -6.744991549759565, "params": {"x1": 1.4859999999499252, "x2": -8.515600000026765, "x3": 6.933599999937229, "x4": 10.137999999929761, "x5": -13.474400000015208}, "datetime": {"datetime": "2020-10-18 17:28:27", "elapsed": 34.109211, "delta": 0.363828}}
{"target": -7.326505820710205, "params": {"x1": 0.7407999999516619, "x2": -10.237200000022753, "x3": 3.2123999999459016, "x4": 11.427999999926755, "x5": -12.647200000017136}, "datetime": {"datetime": "2020-10-18 17:28:27", "elapsed": 34.484326, "delta": 0.375115}}
{"target": -4.907034513076873, "params": {"x1": 1.0443999999509543, "x2": -8.240800000027406, "x3": 3.9139999999442665, "x4": 11.437199999926733, "x5": -12.314000000017913}, "datetime": {"datetime": "2020-10-18 17:28:28", "elapsed": 34.867501, "delta": 0.383175}}
{"target": -2.727057538447035, "params": {"x1": 2.1311999999484215, "x2": -7.6424000000288, "x3": 4.592399999942685, "x4": 11.114799999927484, "x5": -12.224400000018122}, "datetime": {"datetime": "2020-10-18 17:28:28", "elapsed": 35.283169, "delta": 0.415668}}
{"target": -2.23564221512337, "params": {"x1": 2.5967999999473363, "x2": -7.35080000002948, "x3": 4.2799999999434135, "x4": 11.385999999926852, "x5": -12.26360000001803}, "datetime": {"datetime": "2020-10-18 17:28:28", "elapsed": 35.686263, "delta": 0.403094}}
{"target": -6.057185431888048, "params": {"x1": 1.8735999999490218, "x2": -9.213600000025139, "x3": 5.842799999939771, "x4": 9.54599999993114, "x5": -11.95040000001876}, "datetime": {"datetime": "2020-10-18 17:28:29", "elapsed": 36.162187, "delta": 0.475924}}
{"target": -6.079572046712226, "params": {"x1": 3.7495999999446497, "x2": -9.49160000002449, "x3": 2.435999999947711, "x4": 10.437999999929062, "x5": -13.158400000015945}, "datetime": {"datetime": "2020-10-18 17:28:29", "elapsed": 36.592157, "delta": 0.42997}}
{"target": -8.70706790711161, "params": {"x1": 3.94679999994419, "x2": -4.9336000000351135, "x3": 6.288399999938733, "x4": 13.668799999921532, "x5": -12.716800000016974}, "datetime": {"datetime": "2020-10-18 17:28:30", "elapsed": 36.937642, "delta": 0.345485}}
{"target": -7.496733881574732, "params": {"x1": 0.8159999999514866, "x2": -6.266400000032007, "x3": 2.923999999946574, "x4": 8.549199999933464, "x5": -10.662000000021763}, "datetime": {"datetime": "2020-10-18 17:28:30", "elapsed": 37.29901, "delta": 0.361368}}
{"target": -9.514560216144229, "params": {"x1": 0.9651999999511389, "x2": -10.222800000022787, "x3": 4.855199999942073, "x4": 12.271999999924788, "x5": -15.892000000009574}, "datetime": {"datetime": "2020-10-18 17:28:30", "elapsed": 37.665201, "delta": 0.366191}}
{"target": -7.67503683729074, "params": {"x1": 2.269599999948099, "x2": -8.191200000027521, "x3": 1.08919999995085, "x4": 9.148799999932066, "x5": -11.439200000019952}, "datetime": {"datetime": "2020-10-18 17:28:31", "elapsed": 38.020037, "delta": 0.354836}}
{"target": -1.918088422791822, "params": {"x1": 2.482799999947602, "x2": -7.491600000029152, "x3": 4.447999999943022, "x4": 11.336399999926968, "x5": -12.254400000018052}, "datetime": {"datetime": "2020-10-18 17:28:31", "elapsed": 38.430475, "delta": 0.410438}}
