{"target": -20.99754327141088, "params": {"x1": -3.319119811897039, "x2": 8.812979737686323, "x3": -19.995425007306203, "x4": -7.906697094726409, "x5": -14.129764367315477}, "datetime": {"datetime": "2020-10-18 17:19:39", "elapsed": 0.0, "delta": 0.0}}
{"target": -20.74846549673225, "params": {"x1": 11.216924346258786, "x2": 17.94747129655037, "x3": -10.637343396007473, "x4": 17.31430799096924, "x5": -9.786758740935277}, "datetime": {"datetime": "2020-10-18 17:19:39", "elapsed": 0.025597, "delta": 0.025597}}
{"target": -21.740279351115365, "params": {"x1": 20.0, "x2": -20.0, "x3": 20.0, "x4": 20.0, "x5": 20.0}, "datetime": {"datetime": "2020-10-18 17:19:39", "elapsed": 0.147808, "delta": 0.122211}}
{"target": -20.823085369758928, "params": {"x1": 8.741282861063414, "x2": 16.77036649479882, "x3": -12.105064601653964, "x4": 16.236707000102257, "x5": -10.615721624798278}, "datetime": {"datetime": "2020-10-18 17:19:40", "elapsed": 0.184111, "delta": 0.036303}}
{"target": -21.90138288392975, "params": {"x1": 20.0, "x2": 20.0, "x3": 20.0, "x4": -20.0, "x5": -20.0}, "datetime": {"datetime": "2020-10-18 17:19:40", "elapsed": 0.414276, "delta": 0.230165}}
{"target": -21.995842318831567, "params": {"x1": 20.0, "x2": 20.0, "x3": -20.0, "x4": 20.0, "x5": 20.0}, "datetime": {"datetime": "2020-10-18 17:19:40", "elapsed": 0.576818, "delta": 0.162542}}
{"target": -21.644384005126177, "params": {"x1": -20.0, "x2": 20.0, "x3": 20.0, "x4": 20.0, "x5": -20.0}, "datetime": {"datetime": "2020-10-18 17:19:40", "elapsed": 0.780184, "delta": 0.203366}}
{"target": -21.28367847919624, "params": {"x1": 20.0, "x2": -20.0, "x3": -20.0, "x4": 20.0, "x5": -20.0}, "datetime": {"datetime": "2020-10-18 17:19:40", "elapsed": 1.027183, "delta": 0.246999}}
{"target": -22.05128392362306, "params": {"x1": -20.0, "x2": -20.0, "x3": -20.0, "x4": -20.0, "x5": 20.0}, "datetime": {"datetime": "2020-10-18 17:19:41", "elapsed": 1.233429, "delta": 0.206246}}
{"target": -21.830533335194563, "params": {"x1": 19.999999999999147, "x2": -20.0, "x3": -20.0, "x4": -20.0, "x5": -20.0}, "datetime": {"datetime": "2020-10-18 17:19:41", "elapsed": 1.47139, "delta": 0.237961}}
{"target": -21.357911423664273, "params": {"x1": 19.999999999999147, "x2": 19.999999999999147, "x3": 17.679999999999197, "x4": 19.999999999999147, "x5": -20.0}, "datetime": {"datetime": "2020-10-18 17:19:41", "elapsed": 1.714719, "delta": 0.243329}}
{"target": -22.07220635670514, "params": {"x1": -20.0, "x2": 19.999999999999147, "x3": 19.999999999999147, "x4": -20.0, "x5": 19.999999999999147}, "datetime": {"datetime": "2020-10-18 17:19:41", "elapsed": 1.935132, "delta": 0.220413}}
{"target": -21.72992060550143, "params": {"x1": 19.999999999999147, "x2": 19.999999999999147, "x3": -20.0, "x4": 0.9999999999995524, "x5": -20.0}, "datetime": {"datetime": "2020-10-18 17:19:42", "elapsed": 2.226554, "delta": 0.291422}}
{"target": -21.47597675796811, "params": {"x1": -20.0, "x2": -20.0, "x3": -20.0, "x4": 19.999999999999147, "x5": -20.0}, "datetime": {"datetime": "2020-10-18 17:19:42", "elapsed": 2.471148, "delta": 0.244594}}
{"target": -21.77166423378332, "params": {"x1": -20.0, "x2": -20.0, "x3": 19.999999999999147, "x4": -20.0, "x5": -20.0}, "datetime": {"datetime": "2020-10-18 17:19:42", "elapsed": 2.673075, "delta": 0.201927}}
{"target": -22.006436757016132, "params": {"x1": -20.0, "x2": 19.999999999999147, "x3": -20.0, "x4": -20.0, "x5": -20.0}, "datetime": {"datetime": "2020-10-18 17:19:42", "elapsed": 2.925668, "delta": 0.252593}}
{"target": -19.588169473309055, "params": {"x1": 7.359999999999417, "x2": -20.0, "x3": 19.999999999999147, "x4": 19.999999999999147, "x5": -20.0}, "datetime": {"datetime": "2020-10-18 17:19:43", "elapsed": 3.176044, "delta": 0.250376}}
{"target": -20.32719959791107, "params": {"x1": 19.999999999999147, "x2": -20.0, "x3": 19.999999999999147, "x4": 8.719999999999388, "x5": -20.0}, "datetime": {"datetime": "2020-10-18 17:19:43", "elapsed": 3.48536, "delta": 0.309316}}
{"target": -20.342216947819857, "params": {"x1": -11.800000000000175, "x2": -20.0, "x3": 19.999999999999147, "x4": 19.999999999999147, "x5": -20.0}, "datetime": {"datetime": "2020-10-18 17:19:43", "elapsed": 3.811432, "delta": 0.326072}}
{"target": -16.23724791328733, "params": {"x1": 6.839999999999428, "x2": -9.880000000000216, "x3": 7.879999999999406, "x4": 19.999999999999147, "x5": -20.0}, "datetime": {"datetime": "2020-10-18 17:19:43", "elapsed": 4.069946, "delta": 0.258514}}
{"target": -13.786434545899624, "params": {"x1": 4.599999999999476, "x2": -8.800000000000239, "x3": 7.2799999999994185, "x4": 16.19999999999923, "x5": -20.0}, "datetime": {"datetime": "2020-10-18 17:19:44", "elapsed": 4.659157, "delta": 0.589211}}
{"target": -13.859241605288068, "params": {"x1": 4.079999999999487, "x2": -9.68000000000022, "x3": 8.519999999999392, "x4": 15.239999999999249, "x5": -20.0}, "datetime": {"datetime": "2020-10-18 17:19:45", "elapsed": 5.21737, "delta": 0.558213}}
{"target": -12.42611402612424, "params": {"x1": 3.7199999999994944, "x2": -8.960000000000235, "x3": 6.959999999999425, "x4": 14.959999999999255, "x5": -18.400000000000034}, "datetime": {"datetime": "2020-10-18 17:19:45", "elapsed": 5.824905, "delta": 0.607535}}
{"target": -11.747292961414402, "params": {"x1": 3.7599999999994935, "x2": -9.560000000000223, "x3": 6.879999999999427, "x4": 15.279999999999248, "x5": -16.800000000000068}, "datetime": {"datetime": "2020-10-18 17:19:46", "elapsed": 6.377071, "delta": 0.552166}}
{"target": -10.702820837998118, "params": {"x1": 4.079999999999487, "x2": -8.560000000000244, "x3": 7.359999999999417, "x4": 14.959999999999255, "x5": -15.80000000000009}, "datetime": {"datetime": "2020-10-18 17:19:46", "elapsed": 6.984116, "delta": 0.607045}}
{"target": -10.708026488798914, "params": {"x1": 3.7599999999994935, "x2": -7.440000000000268, "x3": 8.319999999999396, "x4": 15.319999999999247, "x5": -15.400000000000098}, "datetime": {"datetime": "2020-10-18 17:19:47", "elapsed": 7.390828, "delta": 0.406712}}
{"target": -10.663738599633755, "params": {"x1": 5.1199999999994645, "x2": -7.6400000000002635, "x3": 7.999999999999403, "x4": 14.27999999999927, "x5": -15.160000000000103}, "datetime": {"datetime": "2020-10-18 17:19:47", "elapsed": 7.810575, "delta": 0.419747}}
{"target": -9.355390383686382, "params": {"x1": 3.7199999999994944, "x2": -7.480000000000267, "x3": 7.079999999999423, "x4": 14.159999999999272, "x5": -14.600000000000115}, "datetime": {"datetime": "2020-10-18 17:19:48", "elapsed": 8.276223, "delta": 0.465648}}
{"target": -7.561601554181738, "params": {"x1": 2.759999999999515, "x2": -7.240000000000272, "x3": 6.599999999999433, "x4": 13.159999999999293, "x5": -13.720000000000134}, "datetime": {"datetime": "2020-10-18 17:19:48", "elapsed": 8.707219, "delta": 0.430996}}
{"target": -6.597100961360606, "params": {"x1": 1.8799999999995336, "x2": -7.440000000000268, "x3": 6.839999999999428, "x4": 12.079999999999316, "x5": -13.240000000000144}, "datetime": {"datetime": "2020-10-18 17:19:49", "elapsed": 9.24813, "delta": 0.540911}}
{"target": -4.799981525726757, "params": {"x1": 1.5199999999995413, "x2": -7.360000000000269, "x3": 6.239999999999441, "x4": 11.87999999999932, "x5": -12.400000000000162}, "datetime": {"datetime": "2020-10-18 17:19:49", "elapsed": 9.649528, "delta": 0.401398}}
{"target": -4.750767105112772, "params": {"x1": 1.3999999999995438, "x2": -7.280000000000271, "x3": 5.479999999999457, "x4": 12.039999999999317, "x5": -11.400000000000183}, "datetime": {"datetime": "2020-10-18 17:19:49", "elapsed": 10.005905, "delta": 0.356377}}
{"target": -4.4317675547784, "params": {"x1": 1.2399999999995472, "x2": -7.000000000000277, "x3": 5.439999999999458, "x4": 11.759999999999323, "x5": -12.200000000000166}, "datetime": {"datetime": "2020-10-18 17:19:50", "elapsed": 10.295416, "delta": 0.289511}}
{"target": -5.645082318622393, "params": {"x1": 1.2799999999995464, "x2": -6.640000000000285, "x3": 5.9199999999994475, "x4": 11.839999999999321, "x5": -11.880000000000173}, "datetime": {"datetime": "2020-10-18 17:19:50", "elapsed": 10.711064, "delta": 0.415648}}
{"target": -4.692209118835972, "params": {"x1": 1.4799999999995421, "x2": -8.040000000000255, "x3": 5.079999999999465, "x4": 11.91999999999932, "x5": -12.360000000000163}, "datetime": {"datetime": "2020-10-18 17:19:50", "elapsed": 10.83329, "delta": 0.122226}}
{"target": -9.954958739185187, "params": {"x1": 3.5199999999994986, "x2": -10.12000000000021, "x3": 6.239999999999441, "x4": 15.799999999999237, "x5": -10.960000000000193}, "datetime": {"datetime": "2020-10-18 17:19:50", "elapsed": 10.939416, "delta": 0.106126}}
{"target": -4.935220074348159, "params": {"x1": 1.199999999999548, "x2": -7.520000000000266, "x3": 5.479999999999457, "x4": 12.35999999999931, "x5": -12.280000000000165}, "datetime": {"datetime": "2020-10-18 17:19:51", "elapsed": 11.284344, "delta": 0.344928}}
{"target": -3.3327632398049687, "params": {"x1": 2.03999999999953, "x2": -7.400000000000269, "x3": 5.359999999999459, "x4": 11.519999999999328, "x5": -12.120000000000168}, "datetime": {"datetime": "2020-10-18 17:19:51", "elapsed": 11.513878, "delta": 0.229534}}
{"target": -3.5232136853914255, "params": {"x1": 2.0799999999995293, "x2": -7.480000000000267, "x3": 5.359999999999459, "x4": 11.159999999999336, "x5": -12.04000000000017}, "datetime": {"datetime": "2020-10-18 17:19:51", "elapsed": 11.735239, "delta": 0.221361}}
{"target": -3.1733995927120304, "params": {"x1": 2.279999999999525, "x2": -7.240000000000272, "x3": 5.079999999999465, "x4": 11.559999999999327, "x5": -12.160000000000167}, "datetime": {"datetime": "2020-10-18 17:19:51", "elapsed": 11.906956, "delta": 0.171717}}
{"target": -9.665248891119699, "params": {"x1": 3.839999999999492, "x2": -9.160000000000231, "x3": 5.1199999999994645, "x4": 15.599999999999241, "x5": -11.600000000000179}, "datetime": {"datetime": "2020-10-18 17:19:51", "elapsed": 11.983639, "delta": 0.076683}}
{"target": -3.321999857652308, "params": {"x1": 2.5999999999995183, "x2": -7.360000000000269, "x3": 5.1199999999994645, "x4": 11.679999999999325, "x5": -11.960000000000171}, "datetime": {"datetime": "2020-10-18 17:19:52", "elapsed": 12.227841, "delta": 0.244202}}
{"target": -3.2013396268796868, "params": {"x1": 2.479999999999521, "x2": -7.240000000000272, "x3": 5.159999999999464, "x4": 11.519999999999328, "x5": -12.440000000000161}, "datetime": {"datetime": "2020-10-18 17:19:52", "elapsed": 12.355138, "delta": 0.127297}}
{"target": -3.3174718198976656, "params": {"x1": 2.4399999999995217, "x2": -7.040000000000276, "x3": 5.199999999999463, "x4": 11.479999999999329, "x5": -12.240000000000165}, "datetime": {"datetime": "2020-10-18 17:19:52", "elapsed": 12.515493, "delta": 0.160355}}
{"target": -3.407065309429182, "params": {"x1": 2.3999999999995225, "x2": -7.240000000000272, "x3": 4.959999999999468, "x4": 11.759999999999323, "x5": -12.360000000000163}, "datetime": {"datetime": "2020-10-18 17:19:52", "elapsed": 12.660978, "delta": 0.145485}}
{"target": -9.66410227107087, "params": {"x1": -1.2400000000004, "x2": -8.160000000000252, "x3": 1.199999999999548, "x4": 12.439999999999308, "x5": -10.720000000000198}, "datetime": {"datetime": "2020-10-18 17:19:52", "elapsed": 12.762765, "delta": 0.101787}}
{"target": -2.857098682442839, "params": {"x1": 2.51999999999952, "x2": -7.400000000000269, "x3": 4.919999999999469, "x4": 11.279999999999333, "x5": -12.280000000000165}, "datetime": {"datetime": "2020-10-18 17:19:52", "elapsed": 13.106281, "delta": 0.343516}}
{"target": -10.03440067562805, "params": {"x1": 5.159999999999464, "x2": -11.680000000000177, "x3": 4.719999999999473, "x4": 13.919999999999277, "x5": -11.200000000000188}, "datetime": {"datetime": "2020-10-18 17:19:53", "elapsed": 13.221417, "delta": 0.115136}}
{"target": -6.775029482288442, "params": {"x1": 1.5599999999995404, "x2": -9.24000000000023, "x3": 5.039999999999466, "x4": 13.359999999999289, "x5": -12.280000000000165}, "datetime": {"datetime": "2020-10-18 17:19:53", "elapsed": 13.324747, "delta": 0.10333}}
{"target": -8.579920729296573, "params": {"x1": 4.8399999999994705, "x2": -5.640000000000306, "x3": 3.879999999999491, "x4": 7.879999999999406, "x5": -13.800000000000132}, "datetime": {"datetime": "2020-10-18 17:19:53", "elapsed": 13.452318, "delta": 0.127571}}
{"target": -2.2224759497297484, "params": {"x1": 2.9199999999995114, "x2": -7.400000000000269, "x3": 4.479999999999478, "x4": 10.839999999999343, "x5": -12.400000000000162}, "datetime": {"datetime": "2020-10-18 17:19:53", "elapsed": 13.661526, "delta": 0.209208}}
{"target": -2.838947050726052, "params": {"x1": 3.359999999999502, "x2": -7.440000000000268, "x3": 4.159999999999485, "x4": 10.51999999999935, "x5": -12.48000000000016}, "datetime": {"datetime": "2020-10-18 17:19:53", "elapsed": 13.880129, "delta": 0.218603}}
{"target": -2.305039341854254, "params": {"x1": 2.6799999999995165, "x2": -7.200000000000273, "x3": 4.279999999999482, "x4": 10.599999999999348, "x5": -12.560000000000159}, "datetime": {"datetime": "2020-10-18 17:19:53", "elapsed": 14.087654, "delta": 0.207525}}
{"target": -2.0284224716579473, "params": {"x1": 2.799999999999514, "x2": -7.280000000000271, "x3": 4.199999999999484, "x4": 10.759999999999344, "x5": -12.160000000000167}, "datetime": {"datetime": "2020-10-18 17:19:54", "elapsed": 14.251114, "delta": 0.16346}}
{"target": -2.5109090777015304, "params": {"x1": 2.8799999999995123, "x2": -7.080000000000275, "x3": 4.319999999999482, "x4": 10.639999999999347, "x5": -12.080000000000169}, "datetime": {"datetime": "2020-10-18 17:19:54", "elapsed": 14.444284, "delta": 0.19317}}
{"target": -2.4386441507866685, "params": {"x1": 2.6399999999995174, "x2": -7.680000000000263, "x3": 3.91999999999949, "x4": 10.719999999999345, "x5": -12.200000000000166}, "datetime": {"datetime": "2020-10-18 17:19:54", "elapsed": 14.596459, "delta": 0.152175}}
{"target": -6.694419014868693, "params": {"x1": 1.3599999999995447, "x2": -5.840000000000302, "x3": 3.359999999999502, "x4": 8.359999999999395, "x5": -11.480000000000182}, "datetime": {"datetime": "2020-10-18 17:19:54", "elapsed": 14.687255, "delta": 0.090796}}
{"target": -8.191336511330919, "params": {"x1": 2.1599999999995276, "x2": -11.000000000000192, "x3": 4.199999999999484, "x4": 9.11999999999938, "x5": -10.960000000000193}, "datetime": {"datetime": "2020-10-18 17:19:54", "elapsed": 14.80809, "delta": 0.120835}}
{"target": -3.367827675789691, "params": {"x1": 2.839999999999513, "x2": -7.200000000000273, "x3": 3.91999999999949, "x4": 11.039999999999338, "x5": -12.360000000000163}, "datetime": {"datetime": "2020-10-18 17:19:54", "elapsed": 15.023589, "delta": 0.215499}}
{"target": -9.226895572885395, "params": {"x1": -1.8800000000003863, "x2": -9.160000000000231, "x3": 3.4799999999994995, "x4": 11.519999999999328, "x5": -9.24000000000023}, "datetime": {"datetime": "2020-10-18 17:19:54", "elapsed": 15.116643, "delta": 0.093054}}
{"target": -7.752494788135413, "params": {"x1": -0.08000000000042462, "x2": -7.080000000000275, "x3": 1.999999999999531, "x4": 11.839999999999321, "x5": -11.160000000000188}, "datetime": {"datetime": "2020-10-18 17:19:55", "elapsed": 15.231558, "delta": 0.114915}}
{"target": -5.619153605395869, "params": {"x1": 3.399999999999501, "x2": -7.200000000000273, "x3": 5.599999999999454, "x4": 12.759999999999302, "x5": -11.640000000000178}, "datetime": {"datetime": "2020-10-18 17:19:55", "elapsed": 15.339366, "delta": 0.107808}}
{"target": -9.232003572176517, "params": {"x1": -0.8000000000004093, "x2": -7.720000000000262, "x3": 7.359999999999417, "x4": 10.279999999999355, "x5": -9.600000000000222}, "datetime": {"datetime": "2020-10-18 17:19:55", "elapsed": 15.455893, "delta": 0.116527}}
{"target": -7.871776999833921, "params": {"x1": 1.159999999999549, "x2": -3.6000000000003496, "x3": 3.7199999999994944, "x4": 9.479999999999372, "x5": -12.360000000000163}, "datetime": {"datetime": "2020-10-18 17:19:55", "elapsed": 15.570967, "delta": 0.115074}}
{"target": -8.215240769099681, "params": {"x1": 0.359999999999566, "x2": -5.7600000000003035, "x3": 6.159999999999442, "x4": 11.91999999999932, "x5": -9.560000000000223}, "datetime": {"datetime": "2020-10-18 17:19:55", "elapsed": 15.704953, "delta": 0.133986}}
{"target": -8.752535978368915, "params": {"x1": 1.5999999999995396, "x2": -6.88000000000028, "x3": 7.879999999999406, "x4": 13.27999999999929, "x5": -11.800000000000175}, "datetime": {"datetime": "2020-10-18 17:19:55", "elapsed": 15.825087, "delta": 0.120134}}
{"target": -8.634199286046767, "params": {"x1": 2.799999999999514, "x2": -3.960000000000342, "x3": 5.279999999999461, "x4": 11.839999999999321, "x5": -9.72000000000022}, "datetime": {"datetime": "2020-10-18 17:19:55", "elapsed": 15.943426, "delta": 0.118339}}
{"target": -1.554858800687395, "params": {"x1": 2.6799999999995165, "x2": -7.560000000000265, "x3": 4.359999999999481, "x4": 10.439999999999351, "x5": -12.160000000000167}, "datetime": {"datetime": "2020-10-18 17:19:55", "elapsed": 16.137928, "delta": 0.194502}}
{"target": -11.056382245550907, "params": {"x1": -4.263256414560601e-13, "x2": -3.680000000000348, "x3": 4.079999999999487, "x4": 12.759999999999302, "x5": -7.600000000000264}, "datetime": {"datetime": "2020-10-18 17:19:56", "elapsed": 16.247122, "delta": 0.109194}}
{"target": -7.597287079117965, "params": {"x1": -1.280000000000399, "x2": -6.200000000000294, "x3": 3.91999999999949, "x4": 10.51999999999935, "x5": -12.120000000000168}, "datetime": {"datetime": "2020-10-18 17:19:56", "elapsed": 16.374987, "delta": 0.127865}}
{"target": -7.3828452069979065, "params": {"x1": 0.5999999999995609, "x2": -8.000000000000256, "x3": 3.399999999999501, "x4": 8.879999999999384, "x5": -14.640000000000114}, "datetime": {"datetime": "2020-10-18 17:19:56", "elapsed": 16.495771, "delta": 0.120784}}
{"target": -1.026480351094353, "params": {"x1": 2.479999999999521, "x2": -7.480000000000267, "x3": 4.319999999999482, "x4": 10.47999999999935, "x5": -12.080000000000169}, "datetime": {"datetime": "2020-10-18 17:19:56", "elapsed": 16.650702, "delta": 0.154931}}
{"target": -6.880271061146308, "params": {"x1": 2.479999999999521, "x2": -4.800000000000324, "x3": 4.999999999999467, "x4": 12.279999999999312, "x5": -12.48000000000016}, "datetime": {"datetime": "2020-10-18 17:19:56", "elapsed": 16.759805, "delta": 0.109103}}
{"target": -9.145364518299665, "params": {"x1": -2.1600000000003803, "x2": -7.080000000000275, "x3": 5.559999999999455, "x4": 9.639999999999368, "x5": -13.88000000000013}, "datetime": {"datetime": "2020-10-18 17:19:56", "elapsed": 16.896163, "delta": 0.136358}}
{"target": -7.070359823164964, "params": {"x1": 4.919999999999469, "x2": -7.32000000000027, "x3": 4.319999999999482, "x4": 9.11999999999938, "x5": -13.840000000000131}, "datetime": {"datetime": "2020-10-18 17:19:56", "elapsed": 17.069369, "delta": 0.173206}}
{"target": -6.746092070040335, "params": {"x1": 1.4799999999995421, "x2": -8.520000000000245, "x3": 6.919999999999426, "x4": 10.119999999999358, "x5": -13.480000000000139}, "datetime": {"datetime": "2020-10-18 17:19:57", "elapsed": 17.204571, "delta": 0.135202}}
{"target": -7.339932635805166, "params": {"x1": 0.7599999999995575, "x2": -10.240000000000208, "x3": 3.1999999999995055, "x4": 11.43999999999933, "x5": -12.640000000000157}, "datetime": {"datetime": "2020-10-18 17:19:57", "elapsed": 17.327487, "delta": 0.122916}}
{"target": -4.915901460540951, "params": {"x1": 1.0399999999995515, "x2": -8.24000000000025, "x3": 3.91999999999949, "x4": 11.43999999999933, "x5": -12.320000000000164}, "datetime": {"datetime": "2020-10-18 17:19:57", "elapsed": 17.499813, "delta": 0.172326}}
{"target": -3.2803580778987325, "params": {"x1": 1.8799999999995336, "x2": -7.400000000000269, "x3": 4.199999999999484, "x4": 10.279999999999355, "x5": -11.880000000000173}, "datetime": {"datetime": "2020-10-18 17:19:57", "elapsed": 17.710442, "delta": 0.210629}}
{"target": -6.949606272915885, "params": {"x1": 0.8399999999995558, "x2": -7.840000000000259, "x3": 5.1199999999994645, "x4": 12.35999999999931, "x5": -10.16000000000021}, "datetime": {"datetime": "2020-10-18 17:19:57", "elapsed": 17.822757, "delta": 0.112315}}
{"target": -6.026473308800107, "params": {"x1": 1.8799999999995336, "x2": -9.20000000000023, "x3": 5.839999999999449, "x4": 9.55999999999937, "x5": -11.960000000000171}, "datetime": {"datetime": "2020-10-18 17:19:57", "elapsed": 17.961086, "delta": 0.138329}}
{"target": -6.081239123344432, "params": {"x1": 3.7599999999994935, "x2": -9.480000000000224, "x3": 2.4399999999995217, "x4": 10.439999999999351, "x5": -13.160000000000146}, "datetime": {"datetime": "2020-10-18 17:19:57", "elapsed": 18.095909, "delta": 0.134823}}
{"target": -8.732441093417387, "params": {"x1": 3.9599999999994893, "x2": -4.9200000000003214, "x3": 6.27999999999944, "x4": 13.679999999999282, "x5": -12.720000000000155}, "datetime": {"datetime": "2020-10-18 17:19:58", "elapsed": 18.2064, "delta": 0.110491}}
{"target": -7.458821328811537, "params": {"x1": 0.7999999999995566, "x2": -6.2800000000002925, "x3": 2.9199999999995114, "x4": 8.559999999999391, "x5": -10.680000000000199}, "datetime": {"datetime": "2020-10-18 17:19:58", "elapsed": 18.321503, "delta": 0.115103}}
{"target": -9.50597322348619, "params": {"x1": 0.9599999999995532, "x2": -10.240000000000208, "x3": 4.8399999999994705, "x4": 12.279999999999312, "x5": -15.880000000000088}, "datetime": {"datetime": "2020-10-18 17:19:58", "elapsed": 18.452366, "delta": 0.130863}}
{"target": -7.671610945044582, "params": {"x1": 2.279999999999525, "x2": -8.200000000000252, "x3": 1.0799999999995507, "x4": 9.159999999999378, "x5": -11.440000000000182}, "datetime": {"datetime": "2020-10-18 17:19:58", "elapsed": 18.569187, "delta": 0.116821}}
{"target": -7.48420546699932, "params": {"x1": 3.359999999999502, "x2": -4.720000000000326, "x3": 4.519999999999477, "x4": 9.879999999999363, "x5": -14.84000000000011}, "datetime": {"datetime": "2020-10-18 17:19:58", "elapsed": 18.692681, "delta": 0.123494}}
