{"target": -20.99754327141088, "params": {"x1": -3.319119811897039, "x2": 8.812979737686323, "x3": -19.995425007306203, "x4": -7.906697094726409, "x5": -14.129764367315477}, "datetime": {"datetime": "2020-10-18 17:13:48", "elapsed": 0.0, "delta": 0.0}}
{"target": -20.74846549673225, "params": {"x1": 11.216924346258786, "x2": 17.94747129655037, "x3": -10.637343396007473, "x4": 17.31430799096924, "x5": -9.786758740935277}, "datetime": {"datetime": "2020-10-18 17:13:48", "elapsed": 0.026047, "delta": 0.026047}}
{"target": -21.740279351115365, "params": {"x1": 20.0, "x2": -20.0, "x3": 20.0, "x4": 20.0, "x5": 20.0}, "datetime": {"datetime": "2020-10-18 17:13:49", "elapsed": 0.140717, "delta": 0.11467}}
{"target": -20.823085369758928, "params": {"x1": 8.741282861063414, "x2": 16.77036649479882, "x3": -12.105064601653964, "x4": 16.236707000102257, "x5": -10.615721624798278}, "datetime": {"datetime": "2020-10-18 17:13:49", "elapsed": 0.173964, "delta": 0.033247}}
{"target": -21.90138288392975, "params": {"x1": 20.0, "x2": 20.0, "x3": 20.0, "x4": -20.0, "x5": -20.0}, "datetime": {"datetime": "2020-10-18 17:13:49", "elapsed": 0.408453, "delta": 0.234489}}
{"target": -21.995842318831567, "params": {"x1": 20.0, "x2": 20.0, "x3": -20.0, "x4": 20.0, "x5": 20.0}, "datetime": {"datetime": "2020-10-18 17:13:49", "elapsed": 0.57, "delta": 0.161547}}
{"target": -21.644384005126177, "params": {"x1": -20.0, "x2": 20.0, "x3": 20.0, "x4": 20.0, "x5": -20.0}, "datetime": {"datetime": "2020-10-18 17:13:49", "elapsed": 0.779446, "delta": 0.209446}}
{"target": -21.28367847919624, "params": {"x1": 20.0, "x2": -20.0, "x3": -20.0, "x4": 20.0, "x5": -20.0}, "datetime": {"datetime": "2020-10-18 17:13:49", "elapsed": 1.024762, "delta": 0.245316}}
{"target": -22.05128392362306, "params": {"x1": -20.0, "x2": -20.0, "x3": -20.0, "x4": -20.0, "x5": 20.0}, "datetime": {"datetime": "2020-10-18 17:13:50", "elapsed": 1.236056, "delta": 0.211294}}
{"target": -21.830533335194414, "params": {"x1": 20.0, "x2": -20.0, "x3": -20.0, "x4": -20.0, "x5": -20.0}, "datetime": {"datetime": "2020-10-18 17:13:50", "elapsed": 1.489108, "delta": 0.253052}}
{"target": -21.419607711330336, "params": {"x1": 20.0, "x2": 20.0, "x3": 16.0, "x4": 20.0, "x5": -20.0}, "datetime": {"datetime": "2020-10-18 17:13:50", "elapsed": 1.751825, "delta": 0.262717}}
{"target": -22.07220635670569, "params": {"x1": -20.0, "x2": 20.0, "x3": 20.0, "x4": -20.0, "x5": 20.0}, "datetime": {"datetime": "2020-10-18 17:13:50", "elapsed": 1.967063, "delta": 0.215238}}
{"target": -21.726992396486192, "params": {"x1": 20.0, "x2": 20.0, "x3": -20.0, "x4": 20.0, "x5": -20.0}, "datetime": {"datetime": "2020-10-18 17:13:51", "elapsed": 2.24375, "delta": 0.276687}}
{"target": -21.47597675796862, "params": {"x1": -20.0, "x2": -20.0, "x3": -20.0, "x4": 20.0, "x5": -20.0}, "datetime": {"datetime": "2020-10-18 17:13:51", "elapsed": 2.544898, "delta": 0.301148}}
{"target": -21.771664233783056, "params": {"x1": -20.0, "x2": -20.0, "x3": 20.0, "x4": -20.0, "x5": -20.0}, "datetime": {"datetime": "2020-10-18 17:13:51", "elapsed": 2.793078, "delta": 0.24818}}
{"target": -21.8163574846738, "params": {"x1": -20.0, "x2": 20.0, "x3": -12.0, "x4": 20.0, "x5": 8.0}, "datetime": {"datetime": "2020-10-18 17:13:52", "elapsed": 3.144347, "delta": 0.351269}}
{"target": -19.850564307788957, "params": {"x1": 8.0, "x2": -20.0, "x3": 20.0, "x4": 20.0, "x5": -20.0}, "datetime": {"datetime": "2020-10-18 17:13:52", "elapsed": 3.362355, "delta": 0.218008}}
{"target": -20.468460157597615, "params": {"x1": -12.0, "x2": -20.0, "x3": 20.0, "x4": 20.0, "x5": -20.0}, "datetime": {"datetime": "2020-10-18 17:13:52", "elapsed": 3.651038, "delta": 0.288683}}
{"target": -20.61446394101329, "params": {"x1": 20.0, "x2": -20.0, "x3": 20.0, "x4": 4.0, "x5": -20.0}, "datetime": {"datetime": "2020-10-18 17:13:52", "elapsed": 3.909693, "delta": 0.258655}}
{"target": -14.991084840632245, "params": {"x1": 8.0, "x2": -8.0, "x3": 8.0, "x4": 20.0, "x5": -12.0}, "datetime": {"datetime": "2020-10-18 17:13:53", "elapsed": 4.146173, "delta": 0.23648}}
{"target": -14.095533097058613, "params": {"x1": 4.0, "x2": -8.0, "x3": 8.0, "x4": 20.0, "x5": -12.0}, "datetime": {"datetime": "2020-10-18 17:13:53", "elapsed": 4.78054, "delta": 0.634367}}
{"target": -14.679717094815494, "params": {"x1": 4.0, "x2": -8.0, "x3": 8.0, "x4": 20.0, "x5": -8.0}, "datetime": {"datetime": "2020-10-18 17:13:54", "elapsed": 5.303712, "delta": 0.523172}}
{"target": -13.6172166948652, "params": {"x1": 4.0, "x2": -8.0, "x3": 4.0, "x4": 20.0, "x5": -12.0}, "datetime": {"datetime": "2020-10-18 17:13:54", "elapsed": 5.849329, "delta": 0.545617}}
{"target": -14.053924582951717, "params": {"x1": 4.0, "x2": -4.0, "x3": 4.0, "x4": 20.0, "x5": -12.0}, "datetime": {"datetime": "2020-10-18 17:13:55", "elapsed": 6.207677, "delta": 0.358348}}
{"target": -10.058543645095972, "params": {"x1": 4.0, "x2": -8.0, "x3": 4.0, "x4": 16.0, "x5": -12.0}, "datetime": {"datetime": "2020-10-18 17:13:55", "elapsed": 6.603746, "delta": 0.396069}}
{"target": -5.704578593050137, "params": {"x1": 4.0, "x2": -8.0, "x3": 4.0, "x4": 12.0, "x5": -12.0}, "datetime": {"datetime": "2020-10-18 17:14:08", "elapsed": 19.34606, "delta": 12.742314}}
{"target": -7.107663075463831, "params": {"x1": 4.0, "x2": -8.0, "x3": 4.0, "x4": 8.0, "x5": -12.0}, "datetime": {"datetime": "2020-10-18 17:14:14", "elapsed": 26.083096, "delta": 6.737036}}
{"target": -6.733138084744642, "params": {"x1": 0.0, "x2": -8.0, "x3": 4.0, "x4": 12.0, "x5": -12.0}, "datetime": {"datetime": "2020-10-18 17:14:25", "elapsed": 36.567735, "delta": 10.484639}}
{"target": -9.688461874184627, "params": {"x1": 0.0, "x2": -8.0, "x3": 0.0, "x4": 12.0, "x5": -12.0}, "datetime": {"datetime": "2020-10-18 17:14:29", "elapsed": 40.454417, "delta": 3.886682}}
{"target": -8.392938259126403, "params": {"x1": 4.0, "x2": -8.0, "x3": 8.0, "x4": 12.0, "x5": -12.0}, "datetime": {"datetime": "2020-10-18 17:14:33", "elapsed": 44.908317, "delta": 4.4539}}
{"target": -8.217009571865987, "params": {"x1": 4.0, "x2": -4.0, "x3": 4.0, "x4": 12.0, "x5": -12.0}, "datetime": {"datetime": "2020-10-18 17:14:34", "elapsed": 45.969247, "delta": 1.06093}}
{"target": -9.415382378517203, "params": {"x1": 4.0, "x2": -12.0, "x3": 4.0, "x4": 12.0, "x5": -12.0}, "datetime": {"datetime": "2020-10-18 17:14:36", "elapsed": 47.839196, "delta": 1.869949}}
{"target": -10.682713161707639, "params": {"x1": 8.0, "x2": -8.0, "x3": 4.0, "x4": 8.0, "x5": -12.0}, "datetime": {"datetime": "2020-10-18 17:14:44", "elapsed": 55.244945, "delta": 7.405749}}
{"target": -9.08051639097359, "params": {"x1": 4.0, "x2": -8.0, "x3": 4.0, "x4": 12.0, "x5": -8.0}, "datetime": {"datetime": "2020-10-18 17:14:44", "elapsed": 55.994397, "delta": 0.749452}}
{"target": -8.631867189379724, "params": {"x1": 4.0, "x2": -8.0, "x3": 4.0, "x4": 12.0, "x5": -16.0}, "datetime": {"datetime": "2020-10-18 17:14:46", "elapsed": 57.49032, "delta": 1.495923}}
{"target": -9.532275669004715, "params": {"x1": 0.0, "x2": -8.0, "x3": 8.0, "x4": 8.0, "x5": -12.0}, "datetime": {"datetime": "2020-10-18 17:14:49", "elapsed": 60.243928, "delta": 2.753608}}
{"target": -11.36643620650496, "params": {"x1": 0.0, "x2": -8.0, "x3": 0.0, "x4": 8.0, "x5": -16.0}, "datetime": {"datetime": "2020-10-18 17:14:49", "elapsed": 60.548296, "delta": 0.304368}}
{"target": -9.507768944186363, "params": {"x1": 0.0, "x2": -8.0, "x3": 4.0, "x4": 12.0, "x5": -8.0}, "datetime": {"datetime": "2020-10-18 17:14:50", "elapsed": 61.316731, "delta": 0.768435}}
{"target": -9.798381399057561, "params": {"x1": 4.0, "x2": -4.0, "x3": 8.0, "x4": 12.0, "x5": -12.0}, "datetime": {"datetime": "2020-10-18 17:14:50", "elapsed": 61.623601, "delta": 0.30687}}
{"target": -15.815035380795013, "params": {"x1": -8.0, "x2": -4.0, "x3": 4.0, "x4": 16.0, "x5": -16.0}, "datetime": {"datetime": "2020-10-18 17:14:50", "elapsed": 61.951431, "delta": 0.32783}}
{"target": -21.980092895916073, "params": {"x1": 20.0, "x2": 12.0, "x3": 0.0, "x4": -20.0, "x5": 20.0}, "datetime": {"datetime": "2020-10-18 17:14:51", "elapsed": 62.374363, "delta": 0.422932}}
{"target": -9.86101532165287, "params": {"x1": 4.0, "x2": -8.0, "x3": 0.0, "x4": 8.0, "x5": -12.0}, "datetime": {"datetime": "2020-10-18 17:14:51", "elapsed": 62.699568, "delta": 0.325205}}
{"target": -8.96261030298246, "params": {"x1": 4.0, "x2": -4.0, "x3": 4.0, "x4": 8.0, "x5": -12.0}, "datetime": {"datetime": "2020-10-18 17:14:51", "elapsed": 63.065898, "delta": 0.36633}}
{"target": -9.281326729187608, "params": {"x1": 4.0, "x2": -8.0, "x3": 0.0, "x4": 12.0, "x5": -12.0}, "datetime": {"datetime": "2020-10-18 17:14:52", "elapsed": 63.37732, "delta": 0.311422}}
{"target": -21.639027446232326, "params": {"x1": -16.0, "x2": -20.0, "x3": 12.0, "x4": 4.0, "x5": 20.0}, "datetime": {"datetime": "2020-10-18 17:14:52", "elapsed": 64.040087, "delta": 0.662767}}
{"target": -9.809670221626822, "params": {"x1": 0.0, "x2": -12.0, "x3": 4.0, "x4": 12.0, "x5": -12.0}, "datetime": {"datetime": "2020-10-18 17:14:53", "elapsed": 64.795005, "delta": 0.754918}}
{"target": -10.158332409982231, "params": {"x1": 0.0, "x2": -4.0, "x3": 8.0, "x4": 12.0, "x5": -12.0}, "datetime": {"datetime": "2020-10-18 17:14:54", "elapsed": 65.190776, "delta": 0.395771}}
{"target": -9.107822367303557, "params": {"x1": 4.0, "x2": -8.0, "x3": 8.0, "x4": 8.0, "x5": -12.0}, "datetime": {"datetime": "2020-10-18 17:14:54", "elapsed": 65.529345, "delta": 0.338569}}
{"target": -21.840206953553107, "params": {"x1": 8.0, "x2": 20.0, "x3": 20.0, "x4": 16.0, "x5": 20.0}, "datetime": {"datetime": "2020-10-18 17:14:55", "elapsed": 66.848599, "delta": 1.319254}}
{"target": -21.852023222848583, "params": {"x1": 20.0, "x2": -16.0, "x3": -20.0, "x4": 0.0, "x5": 20.0}, "datetime": {"datetime": "2020-10-18 17:14:56", "elapsed": 67.238218, "delta": 0.389619}}
{"target": -10.561335839934095, "params": {"x1": 4.0, "x2": -8.0, "x3": 8.0, "x4": 8.0, "x5": -16.0}, "datetime": {"datetime": "2020-10-18 17:14:56", "elapsed": 68.112471, "delta": 0.874253}}
{"target": -10.396720387966166, "params": {"x1": 4.0, "x2": -8.0, "x3": 8.0, "x4": 12.0, "x5": -8.0}, "datetime": {"datetime": "2020-10-18 17:14:57", "elapsed": 68.658204, "delta": 0.545733}}
{"target": -22.081354359419755, "params": {"x1": -20.0, "x2": 20.0, "x3": -20.0, "x4": -16.0, "x5": 20.0}, "datetime": {"datetime": "2020-10-18 17:14:57", "elapsed": 69.111493, "delta": 0.453289}}
{"target": -11.063615691825902, "params": {"x1": 4.0, "x2": -12.0, "x3": 8.0, "x4": 8.0, "x5": -12.0}, "datetime": {"datetime": "2020-10-18 17:14:58", "elapsed": 69.640615, "delta": 0.529122}}
{"target": -13.195404591733324, "params": {"x1": 0.0, "x2": -4.0, "x3": 4.0, "x4": 4.0, "x5": -8.0}, "datetime": {"datetime": "2020-10-18 17:14:59", "elapsed": 70.155044, "delta": 0.514429}}
{"target": -21.922671462401052, "params": {"x1": -20.0, "x2": 20.0, "x3": 16.0, "x4": -20.0, "x5": -20.0}, "datetime": {"datetime": "2020-10-18 17:15:01", "elapsed": 72.189969, "delta": 2.034925}}
{"target": -21.958425305688273, "params": {"x1": 16.0, "x2": -20.0, "x3": 20.0, "x4": -20.0, "x5": 20.0}, "datetime": {"datetime": "2020-10-18 17:15:02", "elapsed": 73.212867, "delta": 1.022898}}
{"target": -21.92077465208806, "params": {"x1": -20.0, "x2": -20.0, "x3": -20.0, "x4": 20.0, "x5": 20.0}, "datetime": {"datetime": "2020-10-18 17:15:02", "elapsed": 73.777663, "delta": 0.564796}}
{"target": -11.50350164777436, "params": {"x1": -4.0, "x2": -8.0, "x3": 4.0, "x4": 8.0, "x5": -12.0}, "datetime": {"datetime": "2020-10-18 17:15:03", "elapsed": 74.868472, "delta": 1.090809}}
{"target": -21.889811011805833, "params": {"x1": -20.0, "x2": -20.0, "x3": -20.0, "x4": -20.0, "x5": -20.0}, "datetime": {"datetime": "2020-10-18 17:15:04", "elapsed": 75.365986, "delta": 0.497514}}
{"target": -11.600733271160514, "params": {"x1": 8.0, "x2": -8.0, "x3": 4.0, "x4": 12.0, "x5": -8.0}, "datetime": {"datetime": "2020-10-18 17:15:04", "elapsed": 75.806712, "delta": 0.440726}}
{"target": -21.650946861156953, "params": {"x1": -20.0, "x2": 8.0, "x3": 20.0, "x4": 20.0, "x5": 12.0}, "datetime": {"datetime": "2020-10-18 17:15:05", "elapsed": 76.252747, "delta": 0.446035}}
{"target": -7.807486287725741, "params": {"x1": 0.0, "x2": -8.0, "x3": 4.0, "x4": 8.0, "x5": -12.0}, "datetime": {"datetime": "2020-10-18 17:15:05", "elapsed": 76.72398, "delta": 0.471233}}
{"target": -10.216258989759522, "params": {"x1": 8.0, "x2": -8.0, "x3": 4.0, "x4": 12.0, "x5": -12.0}, "datetime": {"datetime": "2020-10-18 17:15:06", "elapsed": 77.584601, "delta": 0.860621}}
{"target": -11.038740140168867, "params": {"x1": 4.0, "x2": -4.0, "x3": 4.0, "x4": 16.0, "x5": -12.0}, "datetime": {"datetime": "2020-10-18 17:15:08", "elapsed": 79.237282, "delta": 1.652681}}
{"target": -11.0555627802376, "params": {"x1": 4.0, "x2": -4.0, "x3": 8.0, "x4": 12.0, "x5": -16.0}, "datetime": {"datetime": "2020-10-18 17:15:08", "elapsed": 79.795683, "delta": 0.558401}}
{"target": -21.69460802525863, "params": {"x1": -20.0, "x2": -4.0, "x3": 0.0, "x4": -20.0, "x5": 4.0}, "datetime": {"datetime": "2020-10-18 17:15:09", "elapsed": 80.772156, "delta": 0.976473}}
{"target": -9.402188901915228, "params": {"x1": 0.0, "x2": -4.0, "x3": 4.0, "x4": 8.0, "x5": -12.0}, "datetime": {"datetime": "2020-10-18 17:15:10", "elapsed": 81.754591, "delta": 0.982435}}
{"target": -11.43166899169269, "params": {"x1": 4.0, "x2": -12.0, "x3": 4.0, "x4": 8.0, "x5": -8.0}, "datetime": {"datetime": "2020-10-18 17:15:11", "elapsed": 82.755494, "delta": 1.000903}}
{"target": -10.861980280087035, "params": {"x1": 0.0, "x2": -8.0, "x3": 8.0, "x4": 8.0, "x5": -16.0}, "datetime": {"datetime": "2020-10-18 17:15:12", "elapsed": 83.920779, "delta": 1.165285}}
{"target": -21.976962129695316, "params": {"x1": 20.0, "x2": 20.0, "x3": -20.0, "x4": -20.0, "x5": -4.0}, "datetime": {"datetime": "2020-10-18 17:15:13", "elapsed": 84.477709, "delta": 0.55693}}
{"target": -9.68812261377294, "params": {"x1": 4.0, "x2": -8.0, "x3": 4.0, "x4": 8.0, "x5": -8.0}, "datetime": {"datetime": "2020-10-18 17:15:13", "elapsed": 84.990682, "delta": 0.512973}}
{"target": -21.808692419233275, "params": {"x1": -20.0, "x2": 20.0, "x3": -20.0, "x4": 20.0, "x5": -20.0}, "datetime": {"datetime": "2020-10-18 17:15:14", "elapsed": 85.543212, "delta": 0.55253}}
{"target": -21.522792024420678, "params": {"x1": 4.0, "x2": 4.0, "x3": 20.0, "x4": -20.0, "x5": 0.0}, "datetime": {"datetime": "2020-10-18 17:15:14", "elapsed": 86.121882, "delta": 0.57867}}
{"target": -21.283738956582038, "params": {"x1": 4.0, "x2": -4.0, "x3": -4.0, "x4": 20.0, "x5": 20.0}, "datetime": {"datetime": "2020-10-18 17:15:15", "elapsed": 86.575017, "delta": 0.453135}}
{"target": -10.460913396941738, "params": {"x1": 4.0, "x2": -4.0, "x3": 4.0, "x4": 8.0, "x5": -16.0}, "datetime": {"datetime": "2020-10-18 17:15:16", "elapsed": 87.353794, "delta": 0.778777}}
{"target": -8.74456041311508, "params": {"x1": 0.0, "x2": -4.0, "x3": 4.0, "x4": 12.0, "x5": -12.0}, "datetime": {"datetime": "2020-10-18 17:15:16", "elapsed": 88.113558, "delta": 0.759764}}
{"target": -21.58086372564321, "params": {"x1": 8.0, "x2": -20.0, "x3": -8.0, "x4": -20.0, "x5": 4.0}, "datetime": {"datetime": "2020-10-18 17:15:19", "elapsed": 90.445315, "delta": 2.331757}}
{"target": -21.801256158032388, "params": {"x1": 0.0, "x2": 20.0, "x3": -4.0, "x4": 0.0, "x5": 20.0}, "datetime": {"datetime": "2020-10-18 17:15:19", "elapsed": 90.9607, "delta": 0.515385}}
{"target": -20.975070241445053, "params": {"x1": -4.0, "x2": -20.0, "x3": -20.0, "x4": 4.0, "x5": 0.0}, "datetime": {"datetime": "2020-10-18 17:15:20", "elapsed": 91.56528, "delta": 0.60458}}
{"target": -10.0576152506076, "params": {"x1": 0.0, "x2": -8.0, "x3": 4.0, "x4": 8.0, "x5": -8.0}, "datetime": {"datetime": "2020-10-18 17:15:24", "elapsed": 95.630449, "delta": 4.065169}}
{"target": -10.215663704189407, "params": {"x1": 0.0, "x2": -8.0, "x3": 0.0, "x4": 8.0, "x5": -12.0}, "datetime": {"datetime": "2020-10-18 17:15:27", "elapsed": 98.581359, "delta": 2.95091}}
{"target": -11.684135714090212, "params": {"x1": 0.0, "x2": -4.0, "x3": 8.0, "x4": 8.0, "x5": -16.0}, "datetime": {"datetime": "2020-10-18 17:15:28", "elapsed": 99.226179, "delta": 0.64482}}
{"target": -8.898035521680525, "params": {"x1": 0.0, "x2": -8.0, "x3": 8.0, "x4": 12.0, "x5": -12.0}, "datetime": {"datetime": "2020-10-18 17:15:28", "elapsed": 99.928089, "delta": 0.70191}}
{"target": -9.108215280325663, "params": {"x1": 0.0, "x2": -8.0, "x3": 4.0, "x4": 12.0, "x5": -16.0}, "datetime": {"datetime": "2020-10-18 17:15:30", "elapsed": 102.000538, "delta": 2.072449}}
{"target": -9.307272797317411, "params": {"x1": 4.0, "x2": -8.0, "x3": 4.0, "x4": 8.0, "x5": -16.0}, "datetime": {"datetime": "2020-10-18 17:15:31", "elapsed": 102.739887, "delta": 0.739349}}
{"target": -10.750443631814685, "params": {"x1": 4.0, "x2": -4.0, "x3": 4.0, "x4": 8.0, "x5": -8.0}, "datetime": {"datetime": "2020-10-18 17:15:32", "elapsed": 103.354124, "delta": 0.614237}}
{"target": -10.079915081702234, "params": {"x1": 4.0, "x2": -8.0, "x3": 8.0, "x4": 12.0, "x5": -16.0}, "datetime": {"datetime": "2020-10-18 17:15:32", "elapsed": 103.887718, "delta": 0.533594}}
{"target": -11.16288064612109, "params": {"x1": 0.0, "x2": -4.0, "x3": 0.0, "x4": 8.0, "x5": -12.0}, "datetime": {"datetime": "2020-10-18 17:15:40", "elapsed": 111.782721, "delta": 7.895003}}
{"target": -10.750704747187198, "params": {"x1": 0.0, "x2": -4.0, "x3": 0.0, "x4": 12.0, "x5": -12.0}, "datetime": {"datetime": "2020-10-18 17:15:44", "elapsed": 115.853129, "delta": 4.070408}}
{"target": -11.323218336048814, "params": {"x1": 0.0, "x2": -4.0, "x3": 8.0, "x4": 12.0, "x5": -16.0}, "datetime": {"datetime": "2020-10-18 17:15:47", "elapsed": 119.122167, "delta": 3.269038}}
{"target": -10.640820250152878, "params": {"x1": 4.0, "x2": -12.0, "x3": 8.0, "x4": 12.0, "x5": -12.0}, "datetime": {"datetime": "2020-10-18 17:15:49", "elapsed": 120.628462, "delta": 1.506295}}
{"target": -10.322232241574106, "params": {"x1": 0.0, "x2": -12.0, "x3": 4.0, "x4": 8.0, "x5": -12.0}, "datetime": {"datetime": "2020-10-18 17:15:53", "elapsed": 125.080759, "delta": 4.452297}}
{"target": -9.977201681474465, "params": {"x1": 4.0, "x2": -12.0, "x3": 4.0, "x4": 8.0, "x5": -12.0}, "datetime": {"datetime": "2020-10-18 17:16:02", "elapsed": 133.288155, "delta": 8.207396}}
{"target": -12.10849967966978, "params": {"x1": 4.0, "x2": -12.0, "x3": 0.0, "x4": 12.0, "x5": -16.0}, "datetime": {"datetime": "2020-10-18 17:16:05", "elapsed": 137.07643, "delta": 3.788275}}
{"target": -10.884219166602078, "params": {"x1": 4.0, "x2": -4.0, "x3": 0.0, "x4": 8.0, "x5": -12.0}, "datetime": {"datetime": "2020-10-18 17:16:06", "elapsed": 137.852847, "delta": 0.776417}}
{"target": -10.709240885752342, "params": {"x1": 0.0, "x2": -8.0, "x3": 8.0, "x4": 12.0, "x5": -8.0}, "datetime": {"datetime": "2020-10-18 17:16:08", "elapsed": 140.03695, "delta": 2.184103}}
{"target": -11.101668178307033, "params": {"x1": 4.0, "x2": -8.0, "x3": 0.0, "x4": 8.0, "x5": -16.0}, "datetime": {"datetime": "2020-10-18 17:16:14", "elapsed": 145.305205, "delta": 5.268255}}
{"target": -10.844089283173318, "params": {"x1": 4.0, "x2": -8.0, "x3": 8.0, "x4": 8.0, "x5": -8.0}, "datetime": {"datetime": "2020-10-18 17:16:14", "elapsed": 146.031008, "delta": 0.725803}}
{"target": -11.366211406362279, "params": {"x1": 4.0, "x2": -8.0, "x3": 4.0, "x4": 4.0, "x5": -12.0}, "datetime": {"datetime": "2020-10-18 17:16:21", "elapsed": 152.769817, "delta": 6.738809}}
{"target": -10.312288810231182, "params": {"x1": 4.0, "x2": -4.0, "x3": 8.0, "x4": 8.0, "x5": -12.0}, "datetime": {"datetime": "2020-10-18 17:16:24", "elapsed": 155.967285, "delta": 3.197468}}
{"target": -10.292109687413388, "params": {"x1": 4.0, "x2": -4.0, "x3": 4.0, "x4": 12.0, "x5": -8.0}, "datetime": {"datetime": "2020-10-18 17:16:31", "elapsed": 162.310974, "delta": 6.343689}}
{"target": -9.711885935898682, "params": {"x1": 0.0, "x2": -8.0, "x3": 4.0, "x4": 8.0, "x5": -16.0}, "datetime": {"datetime": "2020-10-18 17:16:34", "elapsed": 166.103741, "delta": 3.792767}}
{"target": -11.125631003080235, "params": {"x1": -4.0, "x2": -8.0, "x3": 4.0, "x4": 12.0, "x5": -12.0}, "datetime": {"datetime": "2020-10-18 17:16:36", "elapsed": 167.93926, "delta": 1.835519}}
{"target": -9.966690258928976, "params": {"x1": 4.0, "x2": -4.0, "x3": 4.0, "x4": 12.0, "x5": -16.0}, "datetime": {"datetime": "2020-10-18 17:16:39", "elapsed": 170.365295, "delta": 2.426035}}
{"target": -10.682978627177746, "params": {"x1": 4.0, "x2": -8.0, "x3": 0.0, "x4": 12.0, "x5": -16.0}, "datetime": {"datetime": "2020-10-18 17:16:41", "elapsed": 172.955518, "delta": 2.590223}}
{"target": -10.935895998614821, "params": {"x1": 0.0, "x2": -12.0, "x3": 8.0, "x4": 12.0, "x5": -12.0}, "datetime": {"datetime": "2020-10-18 17:16:51", "elapsed": 182.38835, "delta": 9.432832}}
{"target": -10.312579473894312, "params": {"x1": 0.0, "x2": -4.0, "x3": 4.0, "x4": 12.0, "x5": -16.0}, "datetime": {"datetime": "2020-10-18 17:16:52", "elapsed": 183.927854, "delta": 1.539504}}
{"target": -10.39700508986819, "params": {"x1": 0.0, "x2": -8.0, "x3": 4.0, "x4": 16.0, "x5": -12.0}, "datetime": {"datetime": "2020-10-18 17:17:05", "elapsed": 196.785156, "delta": 12.857302}}
{"target": -11.447183297392936, "params": {"x1": 0.0, "x2": -12.0, "x3": 4.0, "x4": 8.0, "x5": -16.0}, "datetime": {"datetime": "2020-10-18 17:17:10", "elapsed": 201.458675, "delta": 4.673519}}
