{"target": -20.99754327141088, "params": {"x1": -3.319119811897039, "x2": 8.812979737686323, "x3": -19.995425007306203, "x4": -7.906697094726409, "x5": -14.129764367315477}, "datetime": {"datetime": "2020-10-18 17:26:42", "elapsed": 0.0, "delta": 0.0}}
{"target": -20.74846549673225, "params": {"x1": 11.216924346258786, "x2": 17.94747129655037, "x3": -10.637343396007473, "x4": 17.31430799096924, "x5": -9.786758740935277}, "datetime": {"datetime": "2020-10-18 17:26:42", "elapsed": 0.02631, "delta": 0.02631}}
{"target": -21.740279351115365, "params": {"x1": 20.0, "x2": -20.0, "x3": 20.0, "x4": 20.0, "x5": 20.0}, "datetime": {"datetime": "2020-10-18 17:26:42", "elapsed": 0.13992, "delta": 0.11361}}
{"target": -20.823085369758928, "params": {"x1": 8.741282861063414, "x2": 16.77036649479882, "x3": -12.105064601653964, "x4": 16.236707000102257, "x5": -10.615721624798278}, "datetime": {"datetime": "2020-10-18 17:26:42", "elapsed": 0.173849, "delta": 0.033929}}
{"target": -21.90138288392975, "params": {"x1": 20.0, "x2": 20.0, "x3": 20.0, "x4": -20.0, "x5": -20.0}, "datetime": {"datetime": "2020-10-18 17:26:42", "elapsed": 0.395686, "delta": 0.221837}}
{"target": -21.995842318831567, "params": {"x1": 20.0, "x2": 20.0, "x3": -20.0, "x4": 20.0, "x5": 20.0}, "datetime": {"datetime": "2020-10-18 17:26:43", "elapsed": 0.55469, "delta": 0.159004}}
{"target": -21.644384005126177, "params": {"x1": -20.0, "x2": 20.0, "x3": 20.0, "x4": 20.0, "x5": -20.0}, "datetime": {"datetime": "2020-10-18 17:26:43", "elapsed": 0.756971, "delta": 0.202281}}
{"target": -21.28367847919624, "params": {"x1": 20.0, "x2": -20.0, "x3": -20.0, "x4": 20.0, "x5": -20.0}, "datetime": {"datetime": "2020-10-18 17:26:43", "elapsed": 0.992973, "delta": 0.236002}}
{"target": -22.05128392362306, "params": {"x1": -20.0, "x2": -20.0, "x3": -20.0, "x4": -20.0, "x5": 20.0}, "datetime": {"datetime": "2020-10-18 17:26:43", "elapsed": 1.187406, "delta": 0.194433}}
{"target": -21.830533335192097, "params": {"x1": 20.000000000013358, "x2": -20.0, "x3": -20.0, "x4": -20.0, "x5": -20.0}, "datetime": {"datetime": "2020-10-18 17:26:43", "elapsed": 1.448902, "delta": 0.261496}}
{"target": -21.35791142368817, "params": {"x1": 20.000000000013358, "x2": 20.000000000013358, "x3": 17.680000000012583, "x4": 20.000000000013358, "x5": -20.0}, "datetime": {"datetime": "2020-10-18 17:26:44", "elapsed": 1.715971, "delta": 0.267069}}
{"target": -22.07220635671422, "params": {"x1": -20.0, "x2": 20.000000000013358, "x3": 20.000000000013358, "x4": -20.0, "x5": 20.000000000013358}, "datetime": {"datetime": "2020-10-18 17:26:44", "elapsed": 1.960205, "delta": 0.244234}}
{"target": -21.717829775944296, "params": {"x1": 20.000000000013358, "x2": 20.000000000013358, "x3": -20.0, "x4": 0.9800000000070064, "x5": -20.0}, "datetime": {"datetime": "2020-10-18 17:26:44", "elapsed": 2.271925, "delta": 0.31172}}
{"target": -21.47597675797666, "params": {"x1": -20.0, "x2": -20.0, "x3": -20.0, "x4": 20.000000000013358, "x5": -20.0}, "datetime": {"datetime": "2020-10-18 17:26:45", "elapsed": 2.536261, "delta": 0.264336}}
{"target": -21.771664233778953, "params": {"x1": -20.0, "x2": -20.0, "x3": 20.000000000013358, "x4": -20.0, "x5": -20.0}, "datetime": {"datetime": "2020-10-18 17:26:45", "elapsed": 2.752007, "delta": 0.215746}}
{"target": -22.00643675702024, "params": {"x1": -20.0, "x2": 20.000000000013358, "x3": -20.0, "x4": -20.0, "x5": -20.0}, "datetime": {"datetime": "2020-10-18 17:26:45", "elapsed": 3.024087, "delta": 0.27208}}
{"target": -19.596937918529527, "params": {"x1": 7.344000000009132, "x2": -20.0, "x3": 20.000000000013358, "x4": 20.000000000013358, "x5": -20.0}, "datetime": {"datetime": "2020-10-18 17:26:45", "elapsed": 3.285914, "delta": 0.261827}}
{"target": -20.32725923220418, "params": {"x1": 20.000000000013358, "x2": -20.0, "x3": 20.000000000013358, "x4": 8.612000000009555, "x5": -20.0}, "datetime": {"datetime": "2020-10-18 17:26:46", "elapsed": 3.612371, "delta": 0.326457}}
{"target": -20.429423630951703, "params": {"x1": -11.911999999997299, "x2": -20.0, "x3": 20.000000000013358, "x4": 20.000000000013358, "x5": -20.0}, "datetime": {"datetime": "2020-10-18 17:26:46", "elapsed": 3.96274, "delta": 0.350369}}
{"target": -16.095093172934483, "params": {"x1": 7.512000000009188, "x2": -9.815999999996599, "x3": 7.872000000009308, "x4": 20.000000000013358, "x5": -20.0}, "datetime": {"datetime": "2020-10-18 17:26:46", "elapsed": 4.256069, "delta": 0.293329}}
{"target": -13.668177408270367, "params": {"x1": 5.39200000000848, "x2": -8.719999999996233, "x3": 7.252000000009101, "x4": 16.388000000012156, "x5": -20.0}, "datetime": {"datetime": "2020-10-18 17:26:47", "elapsed": 5.042029, "delta": 0.78596}}
{"target": -13.563600414499662, "params": {"x1": 4.8760000000083075, "x2": -9.555999999996512, "x3": 8.408000000009487, "x4": 15.472000000011846, "x5": -20.0}, "datetime": {"datetime": "2020-10-18 17:26:48", "elapsed": 5.639265, "delta": 0.597236}}
{"target": -12.005563703062988, "params": {"x1": 4.456000000008167, "x2": -8.579999999996186, "x3": 7.624000000009225, "x4": 15.020000000011692, "x5": -18.403999999999467}, "datetime": {"datetime": "2020-10-18 17:26:48", "elapsed": 6.300599, "delta": 0.661334}}
{"target": -11.846395645252775, "params": {"x1": 4.580000000008209, "x2": -8.643999999996208, "x3": 7.872000000009308, "x4": 15.44400000001184, "x5": -16.983999999998993}, "datetime": {"datetime": "2020-10-18 17:26:49", "elapsed": 6.814068, "delta": 0.513469}}
{"target": -10.687888635299373, "params": {"x1": 4.408000000008151, "x2": -7.3799999999957855, "x3": 8.112000000009388, "x4": 14.50800000001152, "x5": -17.195999999999064}, "datetime": {"datetime": "2020-10-18 17:26:50", "elapsed": 7.547234, "delta": 0.733166}}
{"target": -12.081356225080658, "params": {"x1": 4.07600000000804, "x2": -6.111999999995362, "x3": 8.980000000009678, "x4": 14.604000000011553, "x5": -17.24399999999908}, "datetime": {"datetime": "2020-10-18 17:26:50", "elapsed": 8.014957, "delta": 0.467723}}
{"target": -11.60299774484263, "params": {"x1": 7.464000000009172, "x2": -9.791999999996591, "x3": 6.98000000000901, "x4": 13.65600000001124, "x5": -15.999999999998664}, "datetime": {"datetime": "2020-10-18 17:26:50", "elapsed": 8.200904, "delta": 0.185947}}
{"target": -11.435637703592223, "params": {"x1": 5.864000000008637, "x2": -7.595999999995858, "x3": 7.704000000009252, "x4": 13.336000000011133, "x5": -16.779999999998925}, "datetime": {"datetime": "2020-10-18 17:26:51", "elapsed": 8.844666, "delta": 0.643762}}
{"target": -11.019469435742444, "params": {"x1": 4.124000000008056, "x2": -7.747999999995908, "x3": 7.812000000009288, "x4": 13.792000000011285, "x5": -16.7079999999989}, "datetime": {"datetime": "2020-10-18 17:26:51", "elapsed": 9.182629, "delta": 0.337963}}
{"target": -11.122754239766847, "params": {"x1": 4.804000000008283, "x2": -7.135999999995704, "x3": 7.256000000009102, "x4": 14.556000000011537, "x5": -16.923999999998973}, "datetime": {"datetime": "2020-10-18 17:26:51", "elapsed": 9.474255, "delta": 0.291626}}
{"target": -11.831758321016945, "params": {"x1": 5.156000000008401, "x2": -7.8799999999959525, "x3": 8.484000000009512, "x4": 14.272000000011445, "x5": -17.111999999999036}, "datetime": {"datetime": "2020-10-18 17:26:52", "elapsed": 9.684868, "delta": 0.210613}}
{"target": -10.827686528608996, "params": {"x1": 6.196000000008748, "x2": -8.77199999999625, "x3": 6.548000000008866, "x4": 13.356000000011136, "x5": -16.459999999998818}, "datetime": {"datetime": "2020-10-18 17:26:52", "elapsed": 9.842456, "delta": 0.157588}}
{"target": -10.411351318932773, "params": {"x1": 6.324000000008791, "x2": -8.515999999996165, "x3": 6.796000000008949, "x4": 13.400000000011154, "x5": -15.59599999999853}, "datetime": {"datetime": "2020-10-18 17:26:52", "elapsed": 10.006077, "delta": 0.163621}}
{"target": -10.922608861403607, "params": {"x1": 6.960000000009003, "x2": -8.179999999996053, "x3": 6.416000000008822, "x4": 13.34800000001114, "x5": -15.691999999998561}, "datetime": {"datetime": "2020-10-18 17:26:52", "elapsed": 10.192191, "delta": 0.186114}}
{"target": -10.1970649643636, "params": {"x1": 6.296000000008782, "x2": -8.795999999996258, "x3": 6.876000000008975, "x4": 12.62000000001089, "x5": -15.499999999998497}, "datetime": {"datetime": "2020-10-18 17:26:52", "elapsed": 10.365013, "delta": 0.172822}}
{"target": -12.346627884417524, "params": {"x1": 4.732000000008259, "x2": -10.979999999996988, "x3": 8.992000000009682, "x4": 13.456000000011173, "x5": -16.52799999999884}, "datetime": {"datetime": "2020-10-18 17:26:52", "elapsed": 10.498959, "delta": 0.133946}}
{"target": -9.7733325266616, "params": {"x1": 5.784000000008611, "x2": -9.48799999999649, "x3": 6.792000000008947, "x4": 12.928000000010996, "x5": -15.14799999999838}, "datetime": {"datetime": "2020-10-18 17:26:53", "elapsed": 10.76214, "delta": 0.263181}}
{"target": -9.660757852545203, "params": {"x1": 5.868000000008639, "x2": -9.355999999996445, "x3": 6.0680000000087055, "x4": 12.896000000010986, "x5": -14.855999999998282}, "datetime": {"datetime": "2020-10-18 17:26:53", "elapsed": 11.028655, "delta": 0.266515}}
{"target": -8.881034578471407, "params": {"x1": 5.200000000008416, "x2": -9.019999999996333, "x3": 6.344000000008798, "x4": 12.72800000001093, "x5": -14.763999999998251}, "datetime": {"datetime": "2020-10-18 17:26:53", "elapsed": 11.293459, "delta": 0.264804}}
{"target": -7.976722706974689, "params": {"x1": 4.8400000000082954, "x2": -8.791999999996257, "x3": 6.524000000008858, "x4": 12.560000000010874, "x5": -14.095999999998028}, "datetime": {"datetime": "2020-10-18 17:26:54", "elapsed": 11.518932, "delta": 0.225473}}
{"target": -10.275213401306631, "params": {"x1": 1.5640000000072014, "x2": -8.655999999996212, "x3": 8.756000000009603, "x4": 13.648000000011237, "x5": -15.56799999999852}, "datetime": {"datetime": "2020-10-18 17:26:54", "elapsed": 11.632039, "delta": 0.113107}}
{"target": -8.285251774573117, "params": {"x1": 3.9480000000079976, "x2": -8.975999999996318, "x3": 6.904000000008985, "x4": 12.66000000001091, "x5": -13.635999999997875}, "datetime": {"datetime": "2020-10-18 17:26:54", "elapsed": 11.827383, "delta": 0.195344}}
{"target": -8.058870273733184, "params": {"x1": 4.880000000008309, "x2": -8.467999999996149, "x3": 6.844000000008965, "x4": 12.740000000010937, "x5": -13.431999999997807}, "datetime": {"datetime": "2020-10-18 17:26:54", "elapsed": 12.032365, "delta": 0.204982}}
{"target": -8.024774727704738, "params": {"x1": 4.732000000008259, "x2": -8.755999999996245, "x3": 6.752000000008934, "x4": 11.924000000010661, "x5": -13.595999999997861}, "datetime": {"datetime": "2020-10-18 17:26:54", "elapsed": 12.229609, "delta": 0.197244}}
{"target": -7.606710280456216, "params": {"x1": 2.6240000000075554, "x2": -8.915999999996298, "x3": 7.48800000000918, "x4": 10.984000000010347, "x5": -13.783999999997924}, "datetime": {"datetime": "2020-10-18 17:26:54", "elapsed": 12.368347, "delta": 0.138738}}
{"target": -11.273570384627961, "params": {"x1": 0.9720000000070037, "x2": -11.935999999997307, "x3": 7.304000000009118, "x4": 12.240000000010767, "x5": -16.25199999999875}, "datetime": {"datetime": "2020-10-18 17:26:55", "elapsed": 12.529543, "delta": 0.161196}}
{"target": -7.108870200710101, "params": {"x1": 3.0920000000077117, "x2": -8.275999999996085, "x3": 7.112000000009054, "x4": 11.400000000010486, "x5": -14.195999999998062}, "datetime": {"datetime": "2020-10-18 17:26:55", "elapsed": 12.846028, "delta": 0.316485}}
{"target": -7.496721467905044, "params": {"x1": 3.29600000000778, "x2": -8.331999999996103, "x3": 7.756000000009269, "x4": 11.41200000001049, "x5": -14.243999999998078}, "datetime": {"datetime": "2020-10-18 17:26:55", "elapsed": 13.108426, "delta": 0.262398}}
{"target": -6.79758337413892, "params": {"x1": 1.5800000000072068, "x2": -9.223999999996401, "x3": 5.028000000008358, "x4": 13.376000000011146, "x5": -12.27199999999742}, "datetime": {"datetime": "2020-10-18 17:26:55", "elapsed": 13.239297, "delta": 0.130871}}
{"target": -9.011528267545922, "params": {"x1": 3.6520000000078987, "x2": -6.815999999995597, "x3": 9.512000000009856, "x4": 10.684000000010247, "x5": -14.223999999998071}, "datetime": {"datetime": "2020-10-18 17:26:55", "elapsed": 13.400616, "delta": 0.161319}}
{"target": -5.377014711422358, "params": {"x1": 1.8360000000072922, "x2": -8.44399999999614, "x3": 5.4840000000085105, "x4": 12.444000000010831, "x5": -12.99199999999766}, "datetime": {"datetime": "2020-10-18 17:26:56", "elapsed": 13.638078, "delta": 0.237462}}
{"target": -6.196342915895244, "params": {"x1": 1.5800000000072068, "x2": -7.967999999995982, "x3": 5.928000000008659, "x4": 12.38000000001081, "x5": -12.823999999997604}, "datetime": {"datetime": "2020-10-18 17:26:56", "elapsed": 13.857393, "delta": 0.219315}}
{"target": -5.049946619240995, "params": {"x1": 2.36800000000747, "x2": -8.335999999996105, "x3": 4.932000000008326, "x4": 12.304000000010788, "x5": -13.047999999997678}, "datetime": {"datetime": "2020-10-18 17:26:56", "elapsed": 14.122525, "delta": 0.265132}}
{"target": -5.148805695833634, "params": {"x1": 1.9120000000073176, "x2": -8.571999999996184, "x3": 4.776000000008274, "x4": 11.94800000001067, "x5": -13.20399999999773}, "datetime": {"datetime": "2020-10-18 17:26:56", "elapsed": 14.323788, "delta": 0.201263}}
{"target": -5.862845771532211, "params": {"x1": 2.012000000007351, "x2": -8.29199999999609, "x3": 4.784000000008277, "x4": 12.544000000010868, "x5": -13.527999999997839}, "datetime": {"datetime": "2020-10-18 17:26:57", "elapsed": 14.517238, "delta": 0.19345}}
{"target": -4.656045900201615, "params": {"x1": 2.2800000000074405, "x2": -8.643999999996208, "x3": 5.052000000008366, "x4": 11.824000000010628, "x5": -12.495999999997494}, "datetime": {"datetime": "2020-10-18 17:26:57", "elapsed": 14.695335, "delta": 0.178097}}
{"target": -3.932313313589784, "params": {"x1": 2.440000000007494, "x2": -8.43999999999614, "x3": 5.232000000008426, "x4": 11.548000000010536, "x5": -12.791999999997593}, "datetime": {"datetime": "2020-10-18 17:26:57", "elapsed": 14.872199, "delta": 0.176864}}
{"target": -8.192701681527002, "params": {"x1": 2.156000000007399, "x2": -10.995999999996993, "x3": 4.212000000008086, "x4": 9.132000000009729, "x5": -10.947999999996977}, "datetime": {"datetime": "2020-10-18 17:26:57", "elapsed": 15.013132, "delta": 0.140933}}
{"target": -3.8274863835639685, "params": {"x1": 2.6640000000075688, "x2": -8.219999999996066, "x3": 5.232000000008426, "x4": 10.848000000010302, "x5": -12.839999999997609}, "datetime": {"datetime": "2020-10-18 17:26:57", "elapsed": 15.257386, "delta": 0.244254}}
{"target": -4.619979722070568, "params": {"x1": 2.72800000000759, "x2": -8.647999999996209, "x3": 5.236000000008428, "x4": 11.076000000010378, "x5": -12.999999999997662}, "datetime": {"datetime": "2020-10-18 17:26:57", "elapsed": 15.497847, "delta": 0.240461}}
{"target": -3.735257559073961, "params": {"x1": 2.4720000000075046, "x2": -7.687999999995888, "x3": 5.372000000008473, "x4": 11.152000000010403, "x5": -12.659999999997549}, "datetime": {"datetime": "2020-10-18 17:26:58", "elapsed": 15.701576, "delta": 0.203729}}
{"target": -5.5587139163667665, "params": {"x1": 3.4000000000078145, "x2": -7.203999999995727, "x3": 5.592000000008547, "x4": 12.740000000010937, "x5": -11.64799999999721}, "datetime": {"datetime": "2020-10-18 17:26:58", "elapsed": 15.831551, "delta": 0.129975}}
{"target": -9.665153839776675, "params": {"x1": 5.624000000008557, "x2": -4.823999999994932, "x3": 4.004000000008016, "x4": 14.144000000011403, "x5": -12.039999999997342}, "datetime": {"datetime": "2020-10-18 17:26:58", "elapsed": 15.981255, "delta": 0.149704}}
{"target": -8.67718288325624, "params": {"x1": 6.296000000008782, "x2": -6.335999999995437, "x3": 2.0560000000073657, "x4": 11.396000000010485, "x5": -12.803999999997597}, "datetime": {"datetime": "2020-10-18 17:26:58", "elapsed": 16.120902, "delta": 0.139647}}
{"target": -9.235236381415936, "params": {"x1": -1.083999999993683, "x2": -9.119999999996367, "x3": 5.780000000008609, "x4": 9.116000000009723, "x5": -14.379999999998123}, "datetime": {"datetime": "2020-10-18 17:26:58", "elapsed": 16.301119, "delta": 0.180217}}
{"target": -4.137601623935161, "params": {"x1": 2.9200000000076543, "x2": -7.8799999999959525, "x3": 5.132000000008393, "x4": 11.26000000001044, "x5": -12.467999999997485}, "datetime": {"datetime": "2020-10-18 17:26:58", "elapsed": 16.502373, "delta": 0.201254}}
{"target": -8.6316110578672, "params": {"x1": 2.796000000007613, "x2": -3.9719999999946474, "x3": 5.268000000008438, "x4": 11.840000000010633, "x5": -9.707999999996563}, "datetime": {"datetime": "2020-10-18 17:26:59", "elapsed": 16.638691, "delta": 0.136318}}
{"target": -4.038277378178538, "params": {"x1": 2.072000000007371, "x2": -8.147999999996042, "x3": 5.316000000008454, "x4": 10.856000000010305, "x5": -12.639999999997542}, "datetime": {"datetime": "2020-10-18 17:26:59", "elapsed": 16.842329, "delta": 0.203638}}
{"target": -11.525274813570197, "params": {"x1": -2.0919999999940195, "x2": -11.575999999997187, "x3": 5.664000000008571, "x4": 10.308000000010122, "x5": -15.711999999998568}, "datetime": {"datetime": "2020-10-18 17:26:59", "elapsed": 16.996157, "delta": 0.153828}}
{"target": -7.240868738986965, "params": {"x1": 3.9840000000080096, "x2": -4.7599999999949105, "x3": 6.420000000008823, "x4": 9.684000000009913, "x5": -12.055999999997347}, "datetime": {"datetime": "2020-10-18 17:26:59", "elapsed": 17.164273, "delta": 0.168116}}
{"target": -7.379257088679317, "params": {"x1": 0.6120000000068835, "x2": -8.007999999995995, "x3": 3.384000000007809, "x4": 8.884000000009646, "x5": -14.627999999998206}, "datetime": {"datetime": "2020-10-18 17:26:59", "elapsed": 17.32844, "delta": 0.164167}}
{"target": -3.7598115897967546, "params": {"x1": 2.4440000000074953, "x2": -7.771999999995916, "x3": 5.136000000008394, "x4": 10.996000000010351, "x5": -13.195999999997728}, "datetime": {"datetime": "2020-10-18 17:27:00", "elapsed": 17.541348, "delta": 0.212908}}
{"target": -6.884345851807851, "params": {"x1": 2.4960000000075127, "x2": -4.819999999994931, "x3": 5.0080000000083515, "x4": 12.276000000010782, "x5": -12.491999999997493}, "datetime": {"datetime": "2020-10-18 17:27:00", "elapsed": 17.68993, "delta": 0.148582}}
{"target": -8.333145393080198, "params": {"x1": 1.7880000000072762, "x2": -9.695999999996559, "x3": 8.06000000000937, "x4": 10.432000000010163, "x5": -13.255999999997748}, "datetime": {"datetime": "2020-10-18 17:27:00", "elapsed": 17.866718, "delta": 0.176788}}
{"target": -4.4100340181224915, "params": {"x1": 2.5640000000075354, "x2": -7.9519999999959765, "x3": 5.560000000008536, "x4": 11.152000000010403, "x5": -12.935999999997641}, "datetime": {"datetime": "2020-10-18 17:27:00", "elapsed": 18.129206, "delta": 0.262488}}
{"target": -6.746310054717318, "params": {"x1": 1.488000000007176, "x2": -8.515999999996165, "x3": 6.932000000008994, "x4": 10.136000000010064, "x5": -13.475999999997821}, "datetime": {"datetime": "2020-10-18 17:27:00", "elapsed": 18.299444, "delta": 0.170238}}
{"target": -2.2324657831226915, "params": {"x1": 2.4000000000074806, "x2": -7.591999999995856, "x3": 4.608000000008218, "x4": 10.676000000010244, "x5": -12.707999999997565}, "datetime": {"datetime": "2020-10-18 17:27:00", "elapsed": 18.499271, "delta": 0.199827}}
{"target": -4.910823584213286, "params": {"x1": 1.0440000000070278, "x2": -8.239999999996073, "x3": 3.9120000000079855, "x4": 11.436000000010498, "x5": -12.315999999997434}, "datetime": {"datetime": "2020-10-18 17:27:01", "elapsed": 18.68292, "delta": 0.183649}}
{"target": -2.6994019276045726, "params": {"x1": 2.1520000000073978, "x2": -7.247999999995741, "x3": 4.152000000008066, "x4": 10.57200000001021, "x5": -12.57199999999752}, "datetime": {"datetime": "2020-10-18 17:27:01", "elapsed": 18.903837, "delta": 0.220917}}
{"target": -2.9605136256435927, "params": {"x1": 2.3480000000074632, "x2": -7.847999999995942, "x3": 4.260000000008102, "x4": 10.48400000001018, "x5": -12.711999999997566}, "datetime": {"datetime": "2020-10-18 17:27:01", "elapsed": 19.142876, "delta": 0.239039}}
{"target": -6.059217219768797, "params": {"x1": 1.8720000000073043, "x2": -9.211999999996397, "x3": 5.844000000008631, "x4": 9.544000000009866, "x5": -11.951999999997312}, "datetime": {"datetime": "2020-10-18 17:27:01", "elapsed": 19.341083, "delta": 0.198207}}
{"target": -6.07995385628444, "params": {"x1": 3.7480000000079308, "x2": -9.49199999999649, "x3": 2.4360000000074926, "x4": 10.436000000010164, "x5": -13.159999999997716}, "datetime": {"datetime": "2020-10-18 17:27:02", "elapsed": 19.559388, "delta": 0.218305}}
{"target": -8.707988890624105, "params": {"x1": 3.9480000000079976, "x2": -4.931999999994968, "x3": 6.288000000008779, "x4": 13.668000000011247, "x5": -12.715999999997567}, "datetime": {"datetime": "2020-10-18 17:27:02", "elapsed": 19.72258, "delta": 0.163192}}
{"target": -7.496887922041761, "params": {"x1": 0.8160000000069516, "x2": -6.267999999995414, "x3": 2.9240000000076556, "x4": 8.548000000009534, "x5": -10.65999999999688}, "datetime": {"datetime": "2020-10-18 17:27:02", "elapsed": 19.902501, "delta": 0.179921}}
{"target": -9.515223323706623, "params": {"x1": 0.964000000007001, "x2": -10.223999999996735, "x3": 4.856000000008301, "x4": 12.272000000010777, "x5": -15.891999999998628}, "datetime": {"datetime": "2020-10-18 17:27:02", "elapsed": 20.078577, "delta": 0.176076}}
{"target": -7.6794111793860225, "params": {"x1": 2.2680000000074365, "x2": -8.191999999996057, "x3": 1.0880000000070424, "x4": 9.148000000009734, "x5": -11.439999999997141}, "datetime": {"datetime": "2020-10-18 17:27:02", "elapsed": 20.239282, "delta": 0.160705}}
{"target": -2.8647057626876453, "params": {"x1": 2.512000000007518, "x2": -7.143999999995707, "x3": 4.716000000008254, "x4": 10.36400000001014, "x5": -12.551999999997513}, "datetime": {"datetime": "2020-10-18 17:27:02", "elapsed": 20.465606, "delta": 0.226324}}
