{"target": -1110.415121931963, "params": {"x1": -100.0, "x2": 400.0, "x3": -200.0, "x4": 400.0, "x5": -300.0}, "datetime": {"datetime": "2020-10-19 14:42:10", "elapsed": 35.806408, "delta": 1.500784}}
{"target": -2540.6817588224426, "params": {"x1": 0.0, "x2": 500.0, "x3": -400.0, "x4": 400.0, "x5": -400.0}, "datetime": {"datetime": "2020-10-19 14:42:11", "elapsed": 36.619625, "delta": 0.813217}}
{"target": -1940.5123889110628, "params": {"x1": -100.0, "x2": 400.0, "x3": -300.0, "x4": 300.0, "x5": -400.0}, "datetime": {"datetime": "2020-10-19 14:42:14", "elapsed": 39.386989, "delta": 2.767364}}
{"target": -1332.7715434878987, "params": {"x1": -49.0, "x2": 397.0, "x3": -287.0, "x4": 335.0, "x5": -323.0}, "datetime": {"datetime": "2020-10-19 14:42:14", "elapsed": 39.825812, "delta": 0.438823}}
{"target": -2213.181110095955, "params": {"x1": -126.0, "x2": 304.0, "x3": -345.0, "x4": 462.0, "x5": -398.0}, "datetime": {"datetime": "2020-10-19 14:42:15", "elapsed": 40.262047, "delta": 0.436235}}
{"target": -1194.3263232834415, "params": {"x1": 248.0, "x2": 347.0, "x3": -295.0, "x4": 449.0, "x5": -287.0}, "datetime": {"datetime": "2020-10-19 14:42:15", "elapsed": 40.603165, "delta": 0.341118}}
{"target": -1346.3314134015486, "params": {"x1": 16.0, "x2": 391.0, "x3": -274.0, "x4": 338.0, "x5": -296.0}, "datetime": {"datetime": "2020-10-19 14:42:15", "elapsed": 40.930745, "delta": 0.32758}}
{"target": -987.6402812899312, "params": {"x1": 215.0, "x2": 415.0, "x3": -285.0, "x4": 385.0, "x5": -229.0}, "datetime": {"datetime": "2020-10-19 14:42:16", "elapsed": 41.273954, "delta": 0.343209}}
{"target": -1986.5222736137393, "params": {"x1": -243.0, "x2": 450.0, "x3": -242.0, "x4": 337.0, "x5": -364.0}, "datetime": {"datetime": "2020-10-19 14:42:16", "elapsed": 41.756221, "delta": 0.482267}}
{"target": -1234.4578795850634, "params": {"x1": -59.0, "x2": 399.0, "x3": 384.0, "x4": 139.0, "x5": -296.0}, "datetime": {"datetime": "2020-10-19 14:42:17", "elapsed": 42.150802, "delta": 0.394581}}
{"target": -1152.9649846283367, "params": {"x1": 200.0, "x2": 421.0, "x3": -310.0, "x4": 295.0, "x5": -277.0}, "datetime": {"datetime": "2020-10-19 14:42:17", "elapsed": 42.467133, "delta": 0.316331}}
{"target": -1246.9796985794376, "params": {"x1": -64.0, "x2": 391.0, "x3": 370.0, "x4": 62.0, "x5": -298.0}, "datetime": {"datetime": "2020-10-19 14:42:17", "elapsed": 42.946987, "delta": 0.479854}}
{"target": -1729.688209068, "params": {"x1": 476.0, "x2": -487.0, "x3": -326.0, "x4": -389.0, "x5": 463.0}, "datetime": {"datetime": "2020-10-19 14:42:18", "elapsed": 43.329554, "delta": 0.382567}}
{"target": -1115.0374391782186, "params": {"x1": 200.0, "x2": 377.0, "x3": -239.0, "x4": 382.0, "x5": -311.0}, "datetime": {"datetime": "2020-10-19 14:42:18", "elapsed": 43.867996, "delta": 0.538442}}
{"target": -933.9932040661984, "params": {"x1": -33.0, "x2": 442.0, "x3": 445.0, "x4": 59.0, "x5": -288.0}, "datetime": {"datetime": "2020-10-19 14:42:19", "elapsed": 44.331251, "delta": 0.463255}}
{"target": -1055.3319359312932, "params": {"x1": -83.0, "x2": 393.0, "x3": -345.0, "x4": 448.0, "x5": -276.0}, "datetime": {"datetime": "2020-10-19 14:42:19", "elapsed": 44.836963, "delta": 0.505712}}
{"target": -2118.0406842661096, "params": {"x1": 114.0, "x2": 484.0, "x3": 496.0, "x4": -344.0, "x5": -154.0}, "datetime": {"datetime": "2020-10-19 14:42:20", "elapsed": 45.29644, "delta": 0.459477}}
{"target": -1140.0612450320416, "params": {"x1": 208.0, "x2": 377.0, "x3": -288.0, "x4": 403.0, "x5": -201.0}, "datetime": {"datetime": "2020-10-19 14:42:20", "elapsed": 45.658108, "delta": 0.361668}}
{"target": -602.1780864138229, "params": {"x1": -112.0, "x2": 401.0, "x3": -278.0, "x4": 407.0, "x5": -308.0}, "datetime": {"datetime": "2020-10-19 14:42:21", "elapsed": 46.162885, "delta": 0.504777}}
{"target": -1272.482208238751, "params": {"x1": -22.0, "x2": 404.0, "x3": 477.0, "x4": -57.0, "x5": -300.0}, "datetime": {"datetime": "2020-10-19 14:42:21", "elapsed": 46.528185, "delta": 0.3653}}
{"target": -1162.5184957941922, "params": {"x1": -145.0, "x2": 488.0, "x3": -269.0, "x4": 443.0, "x5": -316.0}, "datetime": {"datetime": "2020-10-19 14:42:21", "elapsed": 46.979517, "delta": 0.451332}}
{"target": -926.7906901684576, "params": {"x1": -15.0, "x2": 432.0, "x3": -276.0, "x4": 396.0, "x5": -345.0}, "datetime": {"datetime": "2020-10-19 14:42:22", "elapsed": 47.429786, "delta": 0.450269}}
{"target": -654.9872769833362, "params": {"x1": 223.0, "x2": 401.0, "x3": -259.0, "x4": 423.0, "x5": -307.0}, "datetime": {"datetime": "2020-10-19 14:42:23", "elapsed": 48.028928, "delta": 0.599142}}
{"target": -834.1542017894917, "params": {"x1": 229.0, "x2": 450.0, "x3": -257.0, "x4": 396.0, "x5": -296.0}, "datetime": {"datetime": "2020-10-19 14:42:23", "elapsed": 48.609238, "delta": 0.58031}}
{"target": -1264.2523541624355, "params": {"x1": -63.0, "x2": 430.0, "x3": -354.0, "x4": 376.0, "x5": -270.0}, "datetime": {"datetime": "2020-10-19 14:42:24", "elapsed": 49.146904, "delta": 0.537666}}
{"target": -847.4033057029064, "params": {"x1": -117.0, "x2": 413.0, "x3": -247.0, "x4": 449.0, "x5": -308.0}, "datetime": {"datetime": "2020-10-19 14:42:24", "elapsed": 49.652692, "delta": 0.505788}}
{"target": -701.4418166194719, "params": {"x1": -126.0, "x2": 408.0, "x3": -301.0, "x4": 461.0, "x5": -324.0}, "datetime": {"datetime": "2020-10-19 14:42:25", "elapsed": 50.172889, "delta": 0.520197}}
{"target": -881.8950087369617, "params": {"x1": 98.0, "x2": 421.0, "x3": -271.0, "x4": 383.0, "x5": -302.0}, "datetime": {"datetime": "2020-10-19 14:42:25", "elapsed": 50.658349, "delta": 0.48546}}
{"target": -1037.2579249054907, "params": {"x1": -136.0, "x2": 399.0, "x3": -320.0, "x4": 349.0, "x5": -292.0}, "datetime": {"datetime": "2020-10-19 14:42:26", "elapsed": 51.196331, "delta": 0.537982}}
{"target": -1513.3446000400857, "params": {"x1": -86.0, "x2": 492.0, "x3": 422.0, "x4": 67.0, "x5": -260.0}, "datetime": {"datetime": "2020-10-19 14:42:26", "elapsed": 51.650615, "delta": 0.454284}}
{"target": -1537.0381294566234, "params": {"x1": -57.0, "x2": 406.0, "x3": -223.0, "x4": 434.0, "x5": -368.0}, "datetime": {"datetime": "2020-10-19 14:42:27", "elapsed": 52.045579, "delta": 0.394964}}
{"target": -848.22857793907, "params": {"x1": -30.0, "x2": 437.0, "x3": 436.0, "x4": 61.0, "x5": -292.0}, "datetime": {"datetime": "2020-10-19 14:42:27", "elapsed": 52.661958, "delta": 0.616379}}
{"target": -1292.036815661743, "params": {"x1": -87.0, "x2": 404.0, "x3": -285.0, "x4": 483.0, "x5": -349.0}, "datetime": {"datetime": "2020-10-19 14:42:28", "elapsed": 53.154446, "delta": 0.492488}}
{"target": -889.6215350498248, "params": {"x1": 3.0, "x2": 435.0, "x3": 401.0, "x4": 77.0, "x5": -294.0}, "datetime": {"datetime": "2020-10-19 14:42:28", "elapsed": 53.576404, "delta": 0.421958}}
{"target": -1423.4992053410074, "params": {"x1": -119.0, "x2": 359.0, "x3": -335.0, "x4": 365.0, "x5": -338.0}, "datetime": {"datetime": "2020-10-19 14:42:29", "elapsed": 54.048279, "delta": 0.471875}}
{"target": -1105.5398776321888, "params": {"x1": 224.0, "x2": 365.0, "x3": -248.0, "x4": 420.0, "x5": -276.0}, "datetime": {"datetime": "2020-10-19 14:42:29", "elapsed": 54.465034, "delta": 0.416755}}
{"target": -1214.242677972494, "params": {"x1": 14.0, "x2": 409.0, "x3": -293.0, "x4": 417.0, "x5": -392.0}, "datetime": {"datetime": "2020-10-19 14:42:29", "elapsed": 54.947941, "delta": 0.482907}}
{"target": -2036.888089712158, "params": {"x1": 459.0, "x2": -488.0, "x3": 284.0, "x4": -330.0, "x5": -454.0}, "datetime": {"datetime": "2020-10-19 14:42:30", "elapsed": 55.42295, "delta": 0.475009}}
{"target": -1301.2848393113486, "params": {"x1": -2.0, "x2": 356.0, "x3": -324.0, "x4": 410.0, "x5": -252.0}, "datetime": {"datetime": "2020-10-19 14:42:30", "elapsed": 55.846475, "delta": 0.423525}}
{"target": -438.63467030001357, "params": {"x1": 210.0, "x2": 406.0, "x3": -307.0, "x4": 404.0, "x5": -292.0}, "datetime": {"datetime": "2020-10-19 14:42:31", "elapsed": 56.300191, "delta": 0.453716}}
{"target": -1124.6105028370212, "params": {"x1": -217.0, "x2": 364.0, "x3": -315.0, "x4": 437.0, "x5": -305.0}, "datetime": {"datetime": "2020-10-19 14:42:31", "elapsed": 56.714217, "delta": 0.414026}}
{"target": -1060.3350831939745, "params": {"x1": -13.0, "x2": 411.0, "x3": 453.0, "x4": 41.0, "x5": -277.0}, "datetime": {"datetime": "2020-10-19 14:42:32", "elapsed": 57.177495, "delta": 0.463278}}
{"target": -1185.2047195179462, "params": {"x1": -106.0, "x2": 498.0, "x3": -317.0, "x4": 399.0, "x5": -322.0}, "datetime": {"datetime": "2020-10-19 14:42:32", "elapsed": 57.560759, "delta": 0.383264}}
{"target": -1204.4167858459132, "params": {"x1": -108.0, "x2": 426.0, "x3": -223.0, "x4": 404.0, "x5": -349.0}, "datetime": {"datetime": "2020-10-19 14:42:33", "elapsed": 58.069128, "delta": 0.508369}}
{"target": -1056.6099883335862, "params": {"x1": 144.0, "x2": 435.0, "x3": -345.0, "x4": 449.0, "x5": -274.0}, "datetime": {"datetime": "2020-10-19 14:42:33", "elapsed": 58.483344, "delta": 0.414216}}
{"target": -1284.3979389203705, "params": {"x1": -76.0, "x2": 418.0, "x3": 470.0, "x4": 74.0, "x5": -339.0}, "datetime": {"datetime": "2020-10-19 14:42:33", "elapsed": 58.87568, "delta": 0.392336}}
{"target": -916.6734462523609, "params": {"x1": 206.0, "x2": 377.0, "x3": -333.0, "x4": 465.0, "x5": -310.0}, "datetime": {"datetime": "2020-10-19 14:42:34", "elapsed": 59.355462, "delta": 0.479782}}
{"target": -944.4171092681177, "params": {"x1": 96.0, "x2": 398.0, "x3": -313.0, "x4": 450.0, "x5": -263.0}, "datetime": {"datetime": "2020-10-19 14:42:34", "elapsed": 59.882292, "delta": 0.52683}}
{"target": -1040.1096797837854, "params": {"x1": -110.0, "x2": 464.0, "x3": -317.0, "x4": 364.0, "x5": -300.0}, "datetime": {"datetime": "2020-10-19 14:42:35", "elapsed": 60.499915, "delta": 0.617623}}
{"target": -1044.9503824902474, "params": {"x1": 173.0, "x2": 453.0, "x3": -329.0, "x4": 413.0, "x5": -238.0}, "datetime": {"datetime": "2020-10-19 14:42:36", "elapsed": 61.008676, "delta": 0.508761}}
{"target": -1025.4411073556334, "params": {"x1": 148.0, "x2": 444.0, "x3": -312.0, "x4": 436.0, "x5": -246.0}, "datetime": {"datetime": "2020-10-19 14:42:36", "elapsed": 61.551384, "delta": 0.542708}}
{"target": -394.16734222030755, "params": {"x1": 209.0, "x2": 409.0, "x3": -298.0, "x4": 411.0, "x5": -297.0}, "datetime": {"datetime": "2020-10-19 14:42:37", "elapsed": 62.212439, "delta": 0.661055}}
{"target": -1244.6106786057658, "params": {"x1": -113.0, "x2": 482.0, "x3": -287.0, "x4": 372.0, "x5": -273.0}, "datetime": {"datetime": "2020-10-19 14:42:37", "elapsed": 62.583828, "delta": 0.371389}}
{"target": -691.2559870378952, "params": {"x1": 241.0, "x2": 424.0, "x3": -317.0, "x4": 387.0, "x5": -314.0}, "datetime": {"datetime": "2020-10-19 14:42:38", "elapsed": 63.277728, "delta": 0.6939}}
{"target": -1152.265262242921, "params": {"x1": 78.0, "x2": 388.0, "x3": -324.0, "x4": 475.0, "x5": -269.0}, "datetime": {"datetime": "2020-10-19 14:42:38", "elapsed": 63.859171, "delta": 0.581443}}
{"target": -1140.927104556939, "params": {"x1": 92.0, "x2": 382.0, "x3": -278.0, "x4": 383.0, "x5": -265.0}, "datetime": {"datetime": "2020-10-19 14:42:39", "elapsed": 64.718712, "delta": 0.859541}}
{"target": -976.7675056531284, "params": {"x1": -70.0, "x2": 427.0, "x3": -338.0, "x4": 401.0, "x5": -265.0}, "datetime": {"datetime": "2020-10-19 14:42:41", "elapsed": 66.086914, "delta": 1.368202}}
{"target": -717.6644164933671, "params": {"x1": 248.0, "x2": 422.0, "x3": -323.0, "x4": 405.0, "x5": -326.0}, "datetime": {"datetime": "2020-10-19 14:42:41", "elapsed": 66.855523, "delta": 0.768609}}
{"target": -1747.1117679811716, "params": {"x1": 161.0, "x2": 383.0, "x3": -320.0, "x4": 340.0, "x5": -224.0}, "datetime": {"datetime": "2020-10-19 14:42:42", "elapsed": 67.330104, "delta": 0.474581}}
{"target": -2034.751909098221, "params": {"x1": -338.0, "x2": 470.0, "x3": -447.0, "x4": -455.0, "x5": 455.0}, "datetime": {"datetime": "2020-10-19 14:42:42", "elapsed": 67.753145, "delta": 0.423041}}
{"target": -1605.2869593434166, "params": {"x1": -187.0, "x2": 376.0, "x3": -295.0, "x4": 349.0, "x5": -263.0}, "datetime": {"datetime": "2020-10-19 14:42:43", "elapsed": 68.216887, "delta": 0.463742}}
{"target": -970.9462520164925, "params": {"x1": -112.0, "x2": 448.0, "x3": -327.0, "x4": 437.0, "x5": -244.0}, "datetime": {"datetime": "2020-10-19 14:42:43", "elapsed": 68.667218, "delta": 0.450331}}
{"target": -815.8246787071675, "params": {"x1": -132.0, "x2": 438.0, "x3": -322.0, "x4": 467.0, "x5": -322.0}, "datetime": {"datetime": "2020-10-19 14:42:44", "elapsed": 69.162199, "delta": 0.494981}}
{"target": -1217.5653333893893, "params": {"x1": -11.0, "x2": 459.0, "x3": 395.0, "x4": 89.0, "x5": -272.0}, "datetime": {"datetime": "2020-10-19 14:42:44", "elapsed": 69.722508, "delta": 0.560309}}
{"target": -1179.0596681026143, "params": {"x1": 151.0, "x2": 419.0, "x3": -264.0, "x4": 382.0, "x5": -349.0}, "datetime": {"datetime": "2020-10-19 14:42:45", "elapsed": 70.428297, "delta": 0.705789}}
{"target": -894.0911005003668, "params": {"x1": -93.0, "x2": 442.0, "x3": -274.0, "x4": 411.0, "x5": -260.0}, "datetime": {"datetime": "2020-10-19 14:42:46", "elapsed": 71.113855, "delta": 0.685558}}
{"target": -780.2581978566043, "params": {"x1": -20.0, "x2": 455.0, "x3": -318.0, "x4": 422.0, "x5": -327.0}, "datetime": {"datetime": "2020-10-19 14:42:47", "elapsed": 72.626777, "delta": 1.512922}}
{"target": -1891.3997086096508, "params": {"x1": 95.0, "x2": 452.0, "x3": 309.0, "x4": 28.0, "x5": -266.0}, "datetime": {"datetime": "2020-10-19 14:42:48", "elapsed": 73.451962, "delta": 0.825185}}
{"target": -988.0044547814434, "params": {"x1": 211.0, "x2": 438.0, "x3": -244.0, "x4": 386.0, "x5": -335.0}, "datetime": {"datetime": "2020-10-19 14:42:49", "elapsed": 74.02405, "delta": 0.572088}}
{"target": -1322.1521504213943, "params": {"x1": 53.0, "x2": 353.0, "x3": -308.0, "x4": 361.0, "x5": -306.0}, "datetime": {"datetime": "2020-10-19 14:42:49", "elapsed": 74.567106, "delta": 0.543056}}
{"target": -1278.5474880896454, "params": {"x1": -8.0, "x2": 357.0, "x3": -301.0, "x4": 371.0, "x5": -283.0}, "datetime": {"datetime": "2020-10-19 14:42:50", "elapsed": 75.089272, "delta": 0.522166}}
{"target": -1217.0877944796312, "params": {"x1": -88.0, "x2": 406.0, "x3": -202.0, "x4": 390.0, "x5": -292.0}, "datetime": {"datetime": "2020-10-19 14:42:50", "elapsed": 75.646877, "delta": 0.557605}}
{"target": -826.6223271715637, "params": {"x1": 89.0, "x2": 429.0, "x3": -315.0, "x4": 446.0, "x5": -264.0}, "datetime": {"datetime": "2020-10-19 14:42:51", "elapsed": 76.141864, "delta": 0.494987}}
{"target": -1298.6674900150679, "params": {"x1": 13.0, "x2": 412.0, "x3": 368.0, "x4": 60.0, "x5": -261.0}, "datetime": {"datetime": "2020-10-19 14:42:51", "elapsed": 76.695399, "delta": 0.553535}}
{"target": -1276.7785655376922, "params": {"x1": 250.0, "x2": 385.0, "x3": -236.0, "x4": 391.0, "x5": -324.0}, "datetime": {"datetime": "2020-10-19 14:42:52", "elapsed": 77.338885, "delta": 0.643486}}
{"target": -1167.3408876601056, "params": {"x1": 223.0, "x2": 394.0, "x3": -241.0, "x4": 444.0, "x5": -352.0}, "datetime": {"datetime": "2020-10-19 14:42:52", "elapsed": 77.81284, "delta": 0.473955}}
{"target": -1000.4794800139607, "params": {"x1": -97.0, "x2": 451.0, "x3": -352.0, "x4": 432.0, "x5": -275.0}, "datetime": {"datetime": "2020-10-19 14:42:53", "elapsed": 78.427791, "delta": 0.614951}}
{"target": -956.1511484591565, "params": {"x1": -69.0, "x2": 464.0, "x3": -313.0, "x4": 397.0, "x5": -285.0}, "datetime": {"datetime": "2020-10-19 14:42:53", "elapsed": 78.848622, "delta": 0.420831}}
{"target": -1370.9854071145028, "params": {"x1": 103.68999999945095, "x2": 453.8299999991325, "x3": -320.73000000016305, "x4": 497.41999999909285, "x5": -302.3200000001798}, "datetime": {"datetime": "2020-10-19 14:42:54", "elapsed": 79.658651, "delta": 0.810029}}
{"target": -779.2657917261288, "params": {"x1": 38.689999999510064, "x2": 379.3699999992002, "x3": -305.2700000001771, "x4": 423.60999999916, "x5": -288.910000000192}, "datetime": {"datetime": "2020-10-19 14:42:55", "elapsed": 80.447537, "delta": 0.788886}}
{"target": -1307.481094189433, "params": {"x1": -6.040000000449254, "x2": 448.5299999991373, "x3": 402.21999999917944, "x4": 31.819999999516313, "x5": -247.8700000002293}, "datetime": {"datetime": "2020-10-19 14:42:56", "elapsed": 81.274839, "delta": 0.827302}}
{"target": -1126.6469679726583, "params": {"x1": -147.9300000003202, "x2": 401.09999999918045, "x3": -297.3400000001843, "x4": 446.3499999991393, "x5": -197.630000000275}, "datetime": {"datetime": "2020-10-19 14:42:56", "elapsed": 81.946575, "delta": 0.671736}}
{"target": -940.6494011880486, "params": {"x1": 219.089999999346, "x2": 400.529999999181, "x3": -297.9200000001838, "x4": 370.43999999920834, "x5": -347.3900000001388}, "datetime": {"datetime": "2020-10-19 14:42:57", "elapsed": 82.626883, "delta": 0.680308}}
{"target": -1459.9962338893179, "params": {"x1": -92.67000000037046, "x2": 412.0499999991705, "x3": -283.4900000001969, "x4": 485.97999999910326, "x5": -229.3000000002462}, "datetime": {"datetime": "2020-10-19 14:42:58", "elapsed": 83.433754, "delta": 0.806871}}
{"target": -954.9712431382593, "params": {"x1": -105.65000000035866, "x2": 402.1299999991795, "x3": -281.4300000001988, "x4": 403.0599999991787, "x5": -241.4000000002352}, "datetime": {"datetime": "2020-10-19 14:42:59", "elapsed": 84.264504, "delta": 0.83075}}
{"target": -770.1345063659824, "params": {"x1": -8.240000000447253, "x2": 459.4399999991274, "x3": -285.4600000001951, "x4": 420.57999999916274, "x5": -302.4400000001797}, "datetime": {"datetime": "2020-10-19 14:42:59", "elapsed": 84.983626, "delta": 0.719122}}
{"target": -1218.1344004936568, "params": {"x1": -78.9900000003829, "x2": 393.1299999991877, "x3": -285.0500000001955, "x4": 361.1599999992168, "x5": -269.08000000021}, "datetime": {"datetime": "2020-10-19 14:43:00", "elapsed": 85.659436, "delta": 0.67581}}
{"target": -1002.1684303896789, "params": {"x1": 174.46999999938657, "x2": 426.9799999991569, "x3": -266.930000000212, "x4": 359.5999999992182, "x5": -316.55000000016685}, "datetime": {"datetime": "2020-10-19 14:43:01", "elapsed": 86.41308, "delta": 0.753644}}
{"target": -1889.764611280475, "params": {"x1": 22.539999999524753, "x2": 482.6499999991063, "x3": 488.9299999991006, "x4": 25.05999999952246, "x5": -331.30000000015343}, "datetime": {"datetime": "2020-10-19 14:43:02", "elapsed": 87.130339, "delta": 0.717259}}
{"target": -769.1278444806294, "params": {"x1": 215.24999999934948, "x2": 420.13999999916314, "x3": -267.75000000021123, "x4": 453.8199999991325, "x5": -268.7700000002103}, "datetime": {"datetime": "2020-10-19 14:43:02", "elapsed": 87.785421, "delta": 0.655082}}
{"target": -696.0119925071385, "params": {"x1": 102.61999999945192, "x2": 415.39999999916745, "x3": -326.1500000001581, "x4": 422.1399999991613, "x5": -300.2200000001817}, "datetime": {"datetime": "2020-10-19 14:43:03", "elapsed": 88.548363, "delta": 0.762942}}
{"target": -1086.219304804027, "params": {"x1": 5.4899999995402595, "x2": 438.8699999991461, "x3": -353.1200000001336, "x4": 429.3299999991548, "x5": -344.8400000001411}, "datetime": {"datetime": "2020-10-19 14:43:04", "elapsed": 89.447744, "delta": 0.899381}}
{"target": -1236.8410468053714, "params": {"x1": -156.20000000031268, "x2": 419.90999999916335, "x3": -344.0100000001419, "x4": 405.50999999917644, "x5": -221.40000000025339}, "datetime": {"datetime": "2020-10-19 14:43:05", "elapsed": 90.45758, "delta": 1.009836}}
{"target": -1743.6494752155797, "params": {"x1": -321.6500000001622, "x2": -381.6000000001077, "x3": -483.7400000000148, "x4": 473.22999999911485, "x5": 471.8799999991161}, "datetime": {"datetime": "2020-10-19 14:43:06", "elapsed": 91.931218, "delta": 1.473638}}
{"target": -937.9273530183748, "params": {"x1": 464.289999999123, "x2": 438.969999999146, "x3": 381.3899999991984, "x4": 391.87999999918884, "x5": 490.69999999909896}, "datetime": {"datetime": "2020-10-19 14:43:07", "elapsed": 92.811856, "delta": 0.880638}}
{"target": -940.75539425274, "params": {"x1": 464.32999999912295, "x2": 438.94999999914603, "x3": 381.3599999991984, "x4": 391.54999999918914, "x5": 490.70999999909895}, "datetime": {"datetime": "2020-10-19 14:43:08", "elapsed": 93.842523, "delta": 1.030667}}
{"target": -1045.0069681142136, "params": {"x1": 82.48999999947023, "x2": 466.5899999991209, "x3": -272.6300000002068, "x4": 384.58999999919547, "x5": -290.6700000001904}, "datetime": {"datetime": "2020-10-19 14:43:09", "elapsed": 94.819062, "delta": 0.976539}}
{"target": -916.604144961861, "params": {"x1": 78.25999999947408, "x2": 357.9699999992197, "x3": -302.89000000017927, "x4": 415.48999999916737, "x5": -295.6300000001859}, "datetime": {"datetime": "2020-10-19 14:43:10", "elapsed": 95.634782, "delta": 0.81572}}
{"target": -945.8072336638543, "params": {"x1": -160.27000000030898, "x2": 444.87999999914064, "x3": -334.57000000015046, "x4": 392.7199999991881, "x5": -275.680000000204}, "datetime": {"datetime": "2020-10-19 14:43:11", "elapsed": 96.573787, "delta": 0.939005}}
{"target": -1212.1631722069724, "params": {"x1": -58.25000000040177, "x2": 454.30999999913206, "x3": -347.43000000013876, "x4": 438.26999999914665, "x5": -344.15000000014174}, "datetime": {"datetime": "2020-10-19 14:43:12", "elapsed": 97.422178, "delta": 0.848391}}
{"target": -837.2098138411686, "params": {"x1": 19.08999999952789, "x2": 396.099999999185, "x3": -261.25000000021714, "x4": 416.28999999916664, "x5": -301.72000000018033}, "datetime": {"datetime": "2020-10-19 14:43:13", "elapsed": 98.22782, "delta": 0.805642}}
{"target": -1395.038102931464, "params": {"x1": 22.889999999524434, "x2": 436.74999999914803, "x3": -355.6500000001313, "x4": 482.13999999910675, "x5": -276.85000000020295}, "datetime": {"datetime": "2020-10-19 14:43:13", "elapsed": 98.992381, "delta": 0.764561}}
