{"target": -1282.2341494544257, "params": {"x1": 130.50999999942655, "x2": 425.6799999991581, "x3": -333.6600000001513, "x4": 365.5099999992128, "x5": -263.8200000002148}, "datetime": {"datetime": "2020-10-19 14:43:15", "elapsed": 100.026922, "delta": 1.034541}}
{"target": -1252.342968262126, "params": {"x1": 179.7299999993818, "x2": 347.46999999922923, "x3": -287.4400000001933, "x4": 415.4499999991674, "x5": -245.88000000023112}, "datetime": {"datetime": "2020-10-19 14:43:15", "elapsed": 100.646019, "delta": 0.619097}}
{"target": -1098.4510863521116, "params": {"x1": 80.68999999947187, "x2": 465.6199999991218, "x3": -276.770000000203, "x4": 450.2199999991358, "x5": -264.4600000002142}, "datetime": {"datetime": "2020-10-19 14:43:16", "elapsed": 101.460577, "delta": 0.814558}}
{"target": -1188.5755868956744, "params": {"x1": 111.91999999944346, "x2": 448.27999999913754, "x3": -299.41000000018244, "x4": 390.1899999991904, "x5": -243.5900000002332}, "datetime": {"datetime": "2020-10-19 14:43:17", "elapsed": 102.219881, "delta": 0.759304}}
{"target": -712.1128081970546, "params": {"x1": 494.68999999909533, "x2": 406.4299999991756, "x3": 381.07999999919866, "x4": 430.69999999915353, "x5": 441.0999999991441}, "datetime": {"datetime": "2020-10-19 14:43:18", "elapsed": 103.103354, "delta": 0.883473}}
{"target": -869.7123574783261, "params": {"x1": -83.90000000037844, "x2": 406.36999999917566, "x3": -278.7900000002012, "x4": 461.0699999991259, "x5": -294.87000000018656}, "datetime": {"datetime": "2020-10-19 14:43:19", "elapsed": 104.041568, "delta": 0.938214}}
{"target": -1620.1427904964307, "params": {"x1": 389.78999999919074, "x2": 441.7499999991435, "x3": 324.7299999992499, "x4": 474.53999999911366, "x5": 497.39999999909287}, "datetime": {"datetime": "2020-10-19 14:43:20", "elapsed": 105.498704, "delta": 1.457136}}
{"target": -757.6258021274416, "params": {"x1": -166.91000000030294, "x2": 440.089999999145, "x3": -276.97000000020284, "x4": 408.219999999174, "x5": -300.7500000001812}, "datetime": {"datetime": "2020-10-19 14:43:22", "elapsed": 107.206243, "delta": 1.707539}}
{"target": -900.7492560532362, "params": {"x1": 482.01999999910686, "x2": 405.05999999917685, "x3": 446.94999999913875, "x4": 489.0199999991005, "x5": 427.7799999991562}, "datetime": {"datetime": "2020-10-19 14:43:22", "elapsed": 107.985409, "delta": 0.779166}}
{"target": -145.77948982950602, "params": {"x1": 433.07999999915137, "x2": 440.69999999914444, "x3": 445.39999999914016, "x4": 397.03999999918415, "x5": 404.0299999991778}, "datetime": {"datetime": "2020-10-19 14:43:23", "elapsed": 108.876294, "delta": 0.890885}}
{"target": -740.9597111539049, "params": {"x1": 212.18999999935227, "x2": 426.07999999915774, "x3": -302.23000000017987, "x4": 462.01999999912505, "x5": -262.54000000021597}, "datetime": {"datetime": "2020-10-19 14:43:24", "elapsed": 109.780083, "delta": 0.903789}}
{"target": -515.1518528955999, "params": {"x1": 417.4199999991656, "x2": 441.58999999914363, "x3": 442.6999999991426, "x4": 486.7299999991026, "x5": 401.08999999918046}, "datetime": {"datetime": "2020-10-19 14:43:25", "elapsed": 110.915617, "delta": 1.135534}}
{"target": -936.5627979988351, "params": {"x1": 366.36999999921204, "x2": 485.5799999991036, "x3": 459.28999999912753, "x4": 430.3199999991539, "x5": 448.94999999913694}, "datetime": {"datetime": "2020-10-19 14:43:26", "elapsed": 111.930735, "delta": 1.015118}}
{"target": -1057.782332402266, "params": {"x1": -112.70000000035225, "x2": 417.6799999991654, "x3": -300.960000000181, "x4": 362.9199999992152, "x5": -252.0500000002255}, "datetime": {"datetime": "2020-10-19 14:43:27", "elapsed": 112.969456, "delta": 1.038721}}
{"target": -784.7214197306275, "params": {"x1": -34.54000000042333, "x2": 430.88999999915336, "x3": -322.3300000001616, "x4": 459.9899999991269, "x5": -303.91000000017834}, "datetime": {"datetime": "2020-10-19 14:43:28", "elapsed": 113.843178, "delta": 0.873722}}
{"target": -1716.3322329192918, "params": {"x1": 271.829999999298, "x2": 433.5799999991509, "x3": 480.6799999991081, "x4": 370.54999999920824, "x5": 343.60999999923274}, "datetime": {"datetime": "2020-10-19 14:43:29", "elapsed": 114.557385, "delta": 0.714207}}
{"target": -279.6776727348415, "params": {"x1": 410.64999999917177, "x2": 434.3399999991502, "x3": 456.9999999991296, "x4": 396.79999999918437, "x5": 451.98999999913417}, "datetime": {"datetime": "2020-10-19 14:43:30", "elapsed": 115.62516, "delta": 1.067775}}
{"target": -1389.6750158796362, "params": {"x1": 384.4199999991956, "x2": 360.52999999921735, "x3": 400.479999999181, "x4": 379.53999999920006, "x5": 300.9699999992715}, "datetime": {"datetime": "2020-10-19 14:43:31", "elapsed": 116.750389, "delta": 1.125229}}
{"target": -2165.5567761432594, "params": {"x1": 380.5699999991991, "x2": 490.25999999909936, "x3": 483.45999999910555, "x4": 494.3799999990956, "x5": 329.3699999992457}, "datetime": {"datetime": "2020-10-19 14:43:32", "elapsed": 117.515215, "delta": 0.764826}}
{"target": -835.184521284754, "params": {"x1": 461.92999999912513, "x2": 366.57999999921185, "x3": 455.10999999913133, "x4": 418.069999999165, "x5": 470.859999999117}, "datetime": {"datetime": "2020-10-19 14:43:33", "elapsed": 118.330733, "delta": 0.815518}}
{"target": -1196.4720587972213, "params": {"x1": 435.1299999991495, "x2": 382.9999999991969, "x3": 473.55999999911455, "x4": 355.26999999922214, "x5": 359.97999999921785}, "datetime": {"datetime": "2020-10-19 14:43:34", "elapsed": 119.175504, "delta": 0.844771}}
{"target": -1007.7246578599656, "params": {"x1": 388.14999999919223, "x2": 385.79999999919437, "x3": 463.179999999124, "x4": 499.29999999909114, "x5": 404.1099999991777}, "datetime": {"datetime": "2020-10-19 14:43:35", "elapsed": 120.172031, "delta": 0.996527}}
{"target": -730.2836697351704, "params": {"x1": -10.010000000445643, "x2": 423.21999999916034, "x3": -274.3700000002052, "x4": 438.8799999991461, "x5": -284.32000000019616}, "datetime": {"datetime": "2020-10-19 14:43:36", "elapsed": 121.094479, "delta": 0.922448}}
{"target": -487.27708283099355, "params": {"x1": 455.96999999913055, "x2": 446.0399999991396, "x3": 373.59999999920547, "x4": 395.07999999918593, "x5": 404.2599999991776}, "datetime": {"datetime": "2020-10-19 14:43:36", "elapsed": 121.947137, "delta": 0.852658}}
{"target": -817.2911852791249, "params": {"x1": 110.38999999944485, "x2": 432.1699999991522, "x3": -287.42000000019334, "x4": 397.9499999991833, "x5": -281.12000000019907}, "datetime": {"datetime": "2020-10-19 14:43:37", "elapsed": 122.81259, "delta": 0.865453}}
{"target": -873.537984520159, "params": {"x1": 414.5799999991682, "x2": 475.8399999991125, "x3": 399.78999999918165, "x4": 347.2699999992294, "x5": 394.28999999918665}, "datetime": {"datetime": "2020-10-19 14:43:38", "elapsed": 123.709577, "delta": 0.896987}}
{"target": -652.0297413953422, "params": {"x1": 195.37999999936756, "x2": 466.5599999991209, "x3": -312.1900000001708, "x4": 434.6899999991499, "x5": -292.5300000001887}, "datetime": {"datetime": "2020-10-19 14:43:39", "elapsed": 124.728996, "delta": 1.019419}}
{"target": -890.3230137313108, "params": {"x1": 438.6699999991463, "x2": 437.62999999914723, "x3": 495.9499999990942, "x4": 390.7999999991898, "x5": 467.74999999911984}, "datetime": {"datetime": "2020-10-19 14:43:40", "elapsed": 125.533235, "delta": 0.804239}}
{"target": -349.990914051285, "params": {"x1": 388.11999999919226, "x2": 421.21999999916216, "x3": 411.55999999917094, "x4": 458.1199999991286, "x5": 455.86999999913064}, "datetime": {"datetime": "2020-10-19 14:43:41", "elapsed": 126.499032, "delta": 0.965797}}
{"target": -935.7080987763989, "params": {"x1": -66.81000000039398, "x2": 386.1099999991941, "x3": -323.5500000001605, "x4": 449.989999999136, "x5": -291.04000000019005}, "datetime": {"datetime": "2020-10-19 14:43:42", "elapsed": 127.139191, "delta": 0.640159}}
{"target": -685.1183728869071, "params": {"x1": 474.98999999911325, "x2": 385.9799999991942, "x3": 367.21999999921127, "x4": 411.96999999917057, "x5": 419.7299999991635}, "datetime": {"datetime": "2020-10-19 14:43:43", "elapsed": 128.111127, "delta": 0.971936}}
{"target": -1656.8890157539356, "params": {"x1": 456.41999999913014, "x2": 497.51999999909276, "x3": 364.3199999992139, "x4": 371.65999999920723, "x5": 353.5499999992237}, "datetime": {"datetime": "2020-10-19 14:43:44", "elapsed": 129.034297, "delta": 0.92317}}
{"target": 32.805140876700534, "params": {"x1": 426.05999999915775, "x2": 435.4599999991492, "x3": 434.1599999991504, "x4": 409.9399999991724, "x5": 422.9299999991606}, "datetime": {"datetime": "2020-10-19 14:43:44", "elapsed": 129.86498, "delta": 0.830683}}
{"target": -886.5648212061246, "params": {"x1": 128.61999999942827, "x2": 421.9299999991615, "x3": -278.62000000020134, "x4": 448.71999999913714, "x5": -321.83000000016204}, "datetime": {"datetime": "2020-10-19 14:43:46", "elapsed": 131.060941, "delta": 1.195961}}
{"target": -639.8254360052756, "params": {"x1": 412.8099999991698, "x2": 403.4499999991783, "x3": 487.369999999102, "x4": 387.80999999919254, "x5": 391.4699999991892}, "datetime": {"datetime": "2020-10-19 14:43:46", "elapsed": 131.834282, "delta": 0.773341}}
{"target": -889.8380952002644, "params": {"x1": -158.63000000031047, "x2": 454.33999999913203, "x3": -308.64000000017404, "x4": 407.4399999991747, "x5": -340.29000000014526}, "datetime": {"datetime": "2020-10-19 14:43:47", "elapsed": 132.971322, "delta": 1.13704}}
{"target": -530.9353434135219, "params": {"x1": 393.49999999918737, "x2": 422.3499999991611, "x3": 409.65999999917267, "x4": 442.99999999914235, "x5": 487.6699999991017}, "datetime": {"datetime": "2020-10-19 14:43:48", "elapsed": 133.730507, "delta": 0.759185}}
{"target": -1020.0924869030141, "params": {"x1": 467.60999999911996, "x2": 459.4399999991274, "x3": 442.23999999914304, "x4": 442.9499999991424, "x5": 497.84999999909246}, "datetime": {"datetime": "2020-10-19 14:43:49", "elapsed": 134.576521, "delta": 0.846014}}
{"target": -953.7230682274285, "params": {"x1": 477.41999999911104, "x2": 441.12999999914405, "x3": 358.33999999921934, "x4": 402.8899999991788, "x5": 464.4099999991229}, "datetime": {"datetime": "2020-10-19 14:43:50", "elapsed": 135.73504, "delta": 1.158519}}
{"target": -767.8587461620616, "params": {"x1": 370.42999999920835, "x2": 458.0199999991287, "x3": 363.7499999992144, "x4": 434.1499999991504, "x5": 444.2799999991412}, "datetime": {"datetime": "2020-10-19 14:43:51", "elapsed": 136.478564, "delta": 0.743524}}
{"target": -1428.3897408511823, "params": {"x1": 288.5699999992828, "x2": 466.3399999991211, "x3": 362.39999999921565, "x4": 464.8299999991225, "x5": 432.85999999915157}, "datetime": {"datetime": "2020-10-19 14:43:52", "elapsed": 137.189353, "delta": 0.710789}}
{"target": -1056.030497807897, "params": {"x1": 468.1299999991195, "x2": 488.5799999991009, "x3": 445.86999999913974, "x4": 397.38999999918383, "x5": 369.7999999992089}, "datetime": {"datetime": "2020-10-19 14:43:53", "elapsed": 138.046881, "delta": 0.857528}}
{"target": -554.2026057798025, "params": {"x1": 399.6299999991818, "x2": 417.24999999916577, "x3": 460.71999999912623, "x4": 448.39999999913744, "x5": 474.11999999911404}, "datetime": {"datetime": "2020-10-19 14:43:54", "elapsed": 139.059481, "delta": 1.0126}}
{"target": -873.7280223175917, "params": {"x1": 457.4599999991292, "x2": 438.4399999991465, "x3": 312.9499999992606, "x4": 426.83999999915704, "x5": 443.99999999914144}, "datetime": {"datetime": "2020-10-19 14:43:54", "elapsed": 139.909697, "delta": 0.850216}}
{"target": -850.0949639694388, "params": {"x1": 416.70999999916626, "x2": 480.8899999991079, "x3": 449.1899999991367, "x4": 453.89999999913243, "x5": 475.31999999911295}, "datetime": {"datetime": "2020-10-19 14:43:55", "elapsed": 140.792083, "delta": 0.882386}}
{"target": -907.0264630955044, "params": {"x1": 378.9699999992006, "x2": 348.00999999922874, "x3": 443.0399999991423, "x4": 409.7299999991726, "x5": 466.95999999912056}, "datetime": {"datetime": "2020-10-19 14:43:56", "elapsed": 141.620678, "delta": 0.828595}}
{"target": -1161.3069046810306, "params": {"x1": 391.31999999918935, "x2": 463.66999999912355, "x3": 363.2399999992149, "x4": 371.1199999992077, "x5": 475.33999999911293}, "datetime": {"datetime": "2020-10-19 14:43:57", "elapsed": 142.357436, "delta": 0.736758}}
{"target": -1348.2175586162687, "params": {"x1": 465.65999999912174, "x2": 491.25999999909845, "x3": 350.6999999992263, "x4": 467.3299999991202, "x5": 417.35999999916567}, "datetime": {"datetime": "2020-10-19 14:43:58", "elapsed": 143.173467, "delta": 0.816031}}
{"target": -725.3016571528781, "params": {"x1": -100.6500000003632, "x2": 404.92999999917697, "x3": -288.29000000019255, "x4": 386.1099999991941, "x5": -317.450000000166}, "datetime": {"datetime": "2020-10-19 14:43:59", "elapsed": 144.211247, "delta": 1.03778}}
{"target": -651.4937920270629, "params": {"x1": 0.7499999995445705, "x2": 400.32999999918115, "x3": -294.43000000018696, "x4": 429.4099999991547, "x5": -317.1300000001663}, "datetime": {"datetime": "2020-10-19 14:44:00", "elapsed": 145.260003, "delta": 1.048756}}
{"target": -1464.5911431590216, "params": {"x1": -168.64000000030137, "x2": 430.25999999915393, "x3": -363.48000000012416, "x4": 474.22999999911394, "x5": -335.8500000001493}, "datetime": {"datetime": "2020-10-19 14:44:01", "elapsed": 146.518139, "delta": 1.258136}}
{"target": -1204.4213927680157, "params": {"x1": -138.38216543575987, "x2": 422.5691672941938, "x3": -214.83505345678952, "x4": 414.50881994562246, "x5": -252.40143414821014}, "datetime": {"datetime": "2020-10-19 14:44:02", "elapsed": 147.518566, "delta": 1.000427}}
{"target": -1622.9761647791966, "params": {"x1": 363.3442862608538, "x2": 492.60241797996537, "x3": 484.88098631000196, "x4": 378.6611875078793, "x5": 465.052795681927}, "datetime": {"datetime": "2020-10-19 14:44:03", "elapsed": 148.082283, "delta": 0.563717}}
{"target": -464.6517978531888, "params": {"x1": 424.20318974197414, "x2": 478.0369020028678, "x3": 460.01857126112566, "x4": 420.1722491674344, "x5": 434.67633717864874}, "datetime": {"datetime": "2020-10-19 14:44:03", "elapsed": 148.865102, "delta": 0.782819}}
{"target": -1308.7720772955115, "params": {"x1": 480.22547790273995, "x2": 376.31677377872415, "x3": 320.58703651350424, "x4": 442.4164827928987, "x5": 444.45154743629917}, "datetime": {"datetime": "2020-10-19 14:44:04", "elapsed": 149.430104, "delta": 0.565002}}
{"target": -732.5392993879225, "params": {"x1": -151.59819011489816, "x2": 412.8829666143238, "x3": -278.50564538018295, "x4": 434.014278159819, "x5": -270.8532726954782}, "datetime": {"datetime": "2020-10-19 14:44:05", "elapsed": 150.542157, "delta": 1.112053}}
{"target": -222.38746360406412, "params": {"x1": 391.9412390414391, "x2": 456.3748003017773, "x3": 435.28593668852113, "x4": 438.97596954810126, "x5": 414.85846975276615}, "datetime": {"datetime": "2020-10-19 14:44:06", "elapsed": 151.291559, "delta": 0.749402}}
{"target": -1300.70399806104, "params": {"x1": 384.79576194473907, "x2": 458.18193806186014, "x3": 447.3548804033146, "x4": 492.76383262995523, "x5": 488.8556266997465}, "datetime": {"datetime": "2020-10-19 14:44:07", "elapsed": 152.136681, "delta": 0.845122}}
{"target": -395.1263806396796, "params": {"x1": 454.2724859499036, "x2": 465.2460270511342, "x3": 433.015771076027, "x4": 412.6169811019304, "x5": 391.24231430712337}, "datetime": {"datetime": "2020-10-19 14:44:08", "elapsed": 153.03717, "delta": 0.900489}}
{"target": -771.4389645377321, "params": {"x1": 242.79941557505333, "x2": 463.03112823354434, "x3": -308.37111424024044, "x4": 420.12757734725153, "x5": -318.8958959484737}, "datetime": {"datetime": "2020-10-19 14:44:08", "elapsed": 153.632152, "delta": 0.594982}}
{"target": -637.9082671500216, "params": {"x1": 383.90864442412976, "x2": 456.3698550857465, "x3": 454.7555736424496, "x4": 427.48723150532464, "x5": 369.44801837597674}, "datetime": {"datetime": "2020-10-19 14:44:09", "elapsed": 154.277003, "delta": 0.644851}}
{"target": -759.0807487685597, "params": {"x1": 454.5241503932816, "x2": 402.9179572219108, "x3": 354.77794784980074, "x4": 430.769221126385, "x5": 467.1402102271072}, "datetime": {"datetime": "2020-10-19 14:44:09", "elapsed": 154.800362, "delta": 0.523359}}
{"target": -452.5486682814628, "params": {"x1": 420.61524434578587, "x2": 436.9192544195529, "x3": 408.1860120326164, "x4": 352.0069607255498, "x5": 441.0926711766724}, "datetime": {"datetime": "2020-10-19 14:44:10", "elapsed": 155.55906, "delta": 0.758698}}
{"target": -1258.5125282269955, "params": {"x1": 405.5596539745753, "x2": 350.8867953750778, "x3": 381.10359850964403, "x4": 460.5069934364127, "x5": 491.0932622244128}, "datetime": {"datetime": "2020-10-19 14:44:11", "elapsed": 156.410471, "delta": 0.851411}}
{"target": -654.3244582723814, "params": {"x1": 89.1185592997607, "x2": 410.9901941146919, "x3": -328.4977527045198, "x4": 423.4218456322051, "x5": -299.4714054891706}, "datetime": {"datetime": "2020-10-19 14:44:12", "elapsed": 157.205781, "delta": 0.79531}}
{"target": -951.9767856246453, "params": {"x1": -144.865224034478, "x2": 414.84456334307686, "x3": -322.4974536672297, "x4": 357.93985522962316, "x5": -289.5319876704482}, "datetime": {"datetime": "2020-10-19 14:44:13", "elapsed": 158.11136, "delta": 0.905579}}
{"target": -645.9399286011135, "params": {"x1": 450.14800625284397, "x2": 354.2967506682892, "x3": 403.7593626234258, "x4": 445.5032541260184, "x5": 449.87276463537364}, "datetime": {"datetime": "2020-10-19 14:44:14", "elapsed": 159.01448, "delta": 0.90312}}
{"target": -604.7404554583527, "params": {"x1": 441.53875381117643, "x2": 337.1248275485925, "x3": 424.5957106540625, "x4": 435.3906755339932, "x5": 440.38451509606807}, "datetime": {"datetime": "2020-10-19 14:44:14", "elapsed": 159.7532, "delta": 0.73872}}
{"target": -876.9866980817492, "params": {"x1": 453.005580321499, "x2": 376.0753909768431, "x3": 483.2280295947003, "x4": 463.27779951262244, "x5": 416.40350842294515}, "datetime": {"datetime": "2020-10-19 14:44:15", "elapsed": 160.654189, "delta": 0.900989}}
{"target": -928.1119896906328, "params": {"x1": 98.92609865995871, "x2": 395.6743083485967, "x3": -335.15227599562843, "x4": 394.47569428867075, "x5": -286.01689788564266}, "datetime": {"datetime": "2020-10-19 14:44:16", "elapsed": 161.537226, "delta": 0.883037}}
{"target": -479.21995956900946, "params": {"x1": 383.8534316069156, "x2": 438.4420796230005, "x3": 429.8324368430018, "x4": 388.78739045683506, "x5": 373.30459001163183}, "datetime": {"datetime": "2020-10-19 14:44:17", "elapsed": 162.315006, "delta": 0.77778}}
{"target": -942.0171736369182, "params": {"x1": 371.31071889548195, "x2": 407.73382776808455, "x3": 411.66687250285486, "x4": 390.0244169582552, "x5": 329.88181623452726}, "datetime": {"datetime": "2020-10-19 14:44:18", "elapsed": 163.068864, "delta": 0.753858}}
{"target": -783.9479296575958, "params": {"x1": 402.4419972411215, "x2": 378.19758977209096, "x3": 416.6942149235364, "x4": 385.5695151007252, "x5": 347.90723429170794}, "datetime": {"datetime": "2020-10-19 14:44:18", "elapsed": 163.737727, "delta": 0.668863}}
{"target": -823.2752780689411, "params": {"x1": -39.84724681819904, "x2": 412.1554985170968, "x3": -285.11003917651453, "x4": 438.8148856548571, "x5": -341.78463501302235}, "datetime": {"datetime": "2020-10-19 14:44:19", "elapsed": 164.632649, "delta": 0.894922}}
{"target": -293.2570028777209, "params": {"x1": 464.32478898565546, "x2": 390.7752651992564, "x3": 417.7410559463476, "x4": 408.8798958580878, "x5": 401.76730613100267}, "datetime": {"datetime": "2020-10-19 14:44:21", "elapsed": 166.02434, "delta": 1.391691}}
{"target": -1704.0749511145925, "params": {"x1": 427.53324868092466, "x2": 220.12403072424263, "x3": 358.19832385632367, "x4": 265.96042108823565, "x5": 498.86447431671195}, "datetime": {"datetime": "2020-10-19 14:44:21", "elapsed": 166.70879, "delta": 0.68445}}
{"target": -307.96683039085224, "params": {"x1": 386.7671139997666, "x2": 401.1985776919363, "x3": 393.3562058704973, "x4": 434.0215948511294, "x5": 450.9875421213611}, "datetime": {"datetime": "2020-10-19 14:44:22", "elapsed": 167.454034, "delta": 0.745244}}
{"target": -1206.4282958628837, "params": {"x1": 61.22296793104772, "x2": 361.4255270430717, "x3": -250.7754038652965, "x4": 440.9488000005557, "x5": -318.65296342233876}, "datetime": {"datetime": "2020-10-19 14:44:23", "elapsed": 168.423281, "delta": 0.969247}}
{"target": -903.640226316071, "params": {"x1": 362.985753493374, "x2": 451.40833802343934, "x3": 489.28973637009074, "x4": 409.5265982113293, "x5": 440.2823463485879}, "datetime": {"datetime": "2020-10-19 14:44:24", "elapsed": 169.1248, "delta": 0.701519}}
{"target": -928.6037423238981, "params": {"x1": 436.6580804542499, "x2": 472.58699191254755, "x3": 438.81003087253555, "x4": 358.513037066292, "x5": 371.2446153283561}, "datetime": {"datetime": "2020-10-19 14:44:24", "elapsed": 169.925453, "delta": 0.800653}}
{"target": -785.5089871611792, "params": {"x1": 131.51342281420602, "x2": 403.948770026779, "x3": -324.1743881646245, "x4": 417.1282775096206, "x5": -290.92750680057657}, "datetime": {"datetime": "2020-10-19 14:44:25", "elapsed": 170.946029, "delta": 1.020576}}
{"target": -836.6479009867114, "params": {"x1": 470.7531615496042, "x2": 344.530131378879, "x3": 440.255554613547, "x4": 426.442799501501, "x5": 394.05014945361586}, "datetime": {"datetime": "2020-10-19 14:44:26", "elapsed": 171.578928, "delta": 0.632899}}
{"target": -928.9772929684602, "params": {"x1": 29.769367378042148, "x2": 437.71901338004557, "x3": -287.05800505015554, "x4": 450.5325995903537, "x5": -262.02986133483}, "datetime": {"datetime": "2020-10-19 14:44:27", "elapsed": 172.396851, "delta": 0.817923}}
{"target": -553.1241648233993, "params": {"x1": 372.2158642775089, "x2": 392.0084037065751, "x3": 470.98424764216566, "x4": 415.33317400441786, "x5": 414.75501531793964}, "datetime": {"datetime": "2020-10-19 14:44:28", "elapsed": 173.119667, "delta": 0.722816}}
