{"target": -1423.3599869983004, "params": {"x1": 381.71673258777014, "x2": 494.6969380756776, "x3": 366.7842739478483, "x4": 486.6104830188219, "x5": 402.24732448640964}, "datetime": {"datetime": "2020-10-19 14:44:28", "elapsed": 173.718531, "delta": 0.598864}}
{"target": -825.2637119893707, "params": {"x1": 57.83722970653764, "x2": 427.63314491458686, "x3": -293.8416585368675, "x4": 372.9437067683251, "x5": -280.67696020380026}, "datetime": {"datetime": "2020-10-19 14:44:29", "elapsed": 174.496234, "delta": 0.777703}}
{"target": -1123.4238179148738, "params": {"x1": 448.92460548452937, "x2": 341.07156607845013, "x3": 445.3511307134188, "x4": 345.94608568651427, "x5": 415.7020080610416}, "datetime": {"datetime": "2020-10-19 14:44:30", "elapsed": 175.401422, "delta": 0.905188}}
{"target": -888.7524352911973, "params": {"x1": 403.78948717749245, "x2": 425.72925023201196, "x3": 488.21944336618253, "x4": 364.5224724534562, "x5": 385.29029047552467}, "datetime": {"datetime": "2020-10-19 14:44:31", "elapsed": 176.390062, "delta": 0.98864}}
{"target": -635.4781636412217, "params": {"x1": 395.6844178358226, "x2": 374.9732532796071, "x3": 403.70175734110614, "x4": 434.91341476784123, "x5": 361.2441639799474}, "datetime": {"datetime": "2020-10-19 14:44:32", "elapsed": 177.21441, "delta": 0.824348}}
{"target": -1131.0584918308243, "params": {"x1": 388.66722968408317, "x2": 439.3932768415084, "x3": 310.97370943040914, "x4": 406.6394000869989, "x5": 364.71192295368576}, "datetime": {"datetime": "2020-10-19 14:44:33", "elapsed": 178.03455, "delta": 0.82014}}
{"target": -678.2724709663544, "params": {"x1": 208.78404136860036, "x2": 444.4537885672896, "x3": -321.76947998775296, "x4": 436.95558752414684, "x5": -262.7057601858286}, "datetime": {"datetime": "2020-10-19 14:44:34", "elapsed": 179.12349, "delta": 1.08894}}
{"target": -752.594125336127, "params": {"x1": 190.31562968983974, "x2": 424.82038946653495, "x3": -342.8983533219181, "x4": 457.5886477768489, "x5": -316.54313352359134}, "datetime": {"datetime": "2020-10-19 14:44:35", "elapsed": 180.039168, "delta": 0.915678}}
{"target": -757.9339914483721, "params": {"x1": 401.091213630458, "x2": 474.6834334766345, "x3": 373.17112843674863, "x4": 374.86741650651345, "x5": 418.7332875357604}, "datetime": {"datetime": "2020-10-19 14:44:35", "elapsed": 180.862881, "delta": 0.823713}}
{"target": -399.6660986634388, "params": {"x1": 395.0486809958792, "x2": 466.40535887775013, "x3": 408.162823998264, "x4": 404.51447198734036, "x5": 453.06201986979863}, "datetime": {"datetime": "2020-10-19 14:44:36", "elapsed": 181.715055, "delta": 0.852174}}
{"target": -321.00153833071045, "params": {"x1": 460.710258350745, "x2": 434.6290214558487, "x3": 426.72930476619854, "x4": 421.30804824683605, "x5": 462.8136700993929}, "datetime": {"datetime": "2020-10-19 14:44:37", "elapsed": 182.958023, "delta": 1.242968}}
{"target": -965.5406229863856, "params": {"x1": 421.99638452083684, "x2": 383.4321233230878, "x3": 331.86638604064353, "x4": 439.56273289982994, "x5": 466.89527518572754}, "datetime": {"datetime": "2020-10-19 14:44:39", "elapsed": 184.380138, "delta": 1.422115}}
{"target": -619.9685144490797, "params": {"x1": 178.60160128523364, "x2": 427.99322712272976, "x3": -303.2329173479892, "x4": 424.3578054622542, "x5": -342.3560645830612}, "datetime": {"datetime": "2020-10-19 14:44:40", "elapsed": 185.181984, "delta": 0.801846}}
{"target": -1080.931418787271, "params": {"x1": 408.94415455690284, "x2": 456.61782032420774, "x3": 373.3660834160015, "x4": 361.80436855587755, "x5": 482.2558238246942}, "datetime": {"datetime": "2020-10-19 14:44:41", "elapsed": 186.236236, "delta": 1.054252}}
{"target": -1145.4207312550593, "params": {"x1": 474.69971145586464, "x2": 454.6442386287125, "x3": 459.9456216445434, "x4": 338.6348153435258, "x5": 438.6625110362214}, "datetime": {"datetime": "2020-10-19 14:44:42", "elapsed": 187.080368, "delta": 0.844132}}
{"target": -972.9735219407019, "params": {"x1": 212.58304077988748, "x2": 399.1328750103952, "x3": -303.8953359662343, "x4": 457.7330695870777, "x5": -234.77458835297972}, "datetime": {"datetime": "2020-10-19 14:44:42", "elapsed": 187.788366, "delta": 0.707998}}
{"target": -624.7643622460407, "params": {"x1": 389.9816033135427, "x2": 372.92758058315724, "x3": 408.395772465126, "x4": 375.7945691167828, "x5": 451.15966554096417}, "datetime": {"datetime": "2020-10-19 14:44:43", "elapsed": 188.644274, "delta": 0.855908}}
{"target": -784.150954407593, "params": {"x1": 474.7061694919198, "x2": 481.14141939545925, "x3": 394.70769252097614, "x4": 429.8205224024115, "x5": 395.8880259001511}, "datetime": {"datetime": "2020-10-19 14:44:44", "elapsed": 189.452785, "delta": 0.808511}}
{"target": -457.5932280120355, "params": {"x1": 442.3188800300776, "x2": 419.17360047200236, "x3": 476.79208888323933, "x4": 400.8404969093525, "x5": 391.180346889513}, "datetime": {"datetime": "2020-10-19 14:44:45", "elapsed": 190.462234, "delta": 1.009449}}
{"target": -576.2506020248575, "params": {"x1": 422.39311054275026, "x2": 426.2257507953333, "x3": 492.2361336233115, "x4": 456.9951608497066, "x5": 425.1656998611561}, "datetime": {"datetime": "2020-10-19 14:44:46", "elapsed": 191.275733, "delta": 0.813499}}
{"target": -494.08049780106876, "params": {"x1": 413.4909002612234, "x2": 414.7169432256609, "x3": 455.50535198864645, "x4": 472.88549386711315, "x5": 454.2605949265534}, "datetime": {"datetime": "2020-10-19 14:44:47", "elapsed": 192.057157, "delta": 0.781424}}
{"target": -2888.13283809892, "params": {"x1": -498.63008357320825, "x2": -497.12494767485026, "x3": -438.2134738494844, "x4": -418.8017232235419, "x5": -411.67847989263606}, "datetime": {"datetime": "2020-10-19 14:44:47", "elapsed": 192.938521, "delta": 0.881364}}
{"target": -1202.4701725768507, "params": {"x1": 434.8264464530147, "x2": 362.34436098021433, "x3": 356.6724935205251, "x4": 476.5497648932567, "x5": 381.58191729005955}, "datetime": {"datetime": "2020-10-19 14:44:49", "elapsed": 194.037661, "delta": 1.09914}}
{"target": -1134.19993427081, "params": {"x1": 334.9297231771833, "x2": 386.25034298489766, "x3": 366.22421637705486, "x4": 383.75135987631916, "x5": 434.8749991808595}, "datetime": {"datetime": "2020-10-19 14:44:49", "elapsed": 194.636246, "delta": 0.598585}}
{"target": -1123.7711936120447, "params": {"x1": -73.95836641527984, "x2": 442.89882853221513, "x3": -273.65393818553093, "x4": 427.4575772296995, "x5": -240.16905892249088}, "datetime": {"datetime": "2020-10-19 14:44:50", "elapsed": 195.81868, "delta": 1.182434}}
{"target": -1128.464620387359, "params": {"x1": 181.59261242459206, "x2": 370.06112302383247, "x3": -330.99281984618415, "x4": 425.8316879124021, "x5": -358.95686976727984}, "datetime": {"datetime": "2020-10-19 14:44:51", "elapsed": 196.721512, "delta": 0.902832}}
{"target": -912.3524762931959, "params": {"x1": 403.7763092247384, "x2": 381.59150037489803, "x3": 308.226645576465, "x4": 396.94662199043955, "x5": 410.8486919172227}, "datetime": {"datetime": "2020-10-19 14:44:52", "elapsed": 197.334421, "delta": 0.612909}}
{"target": -1532.5105312021033, "params": {"x1": 433.3709697127732, "x2": 263.5471251533231, "x3": -4.080492824091948, "x4": -474.6616677384227, "x5": 452.89305610333247}, "datetime": {"datetime": "2020-10-19 14:44:53", "elapsed": 198.31809, "delta": 0.983669}}
{"target": -706.7628652948929, "params": {"x1": -118.64897557609646, "x2": 432.5930553933475, "x3": -290.25183140953504, "x4": 401.5883102569654, "x5": -261.07523346142716}, "datetime": {"datetime": "2020-10-19 14:44:54", "elapsed": 199.175478, "delta": 0.857388}}
{"target": -1378.5603764838488, "params": {"x1": 364.5285098547382, "x2": 213.4765444126009, "x3": 474.8443306625253, "x4": 487.50050965275693, "x5": 387.4731107750338}, "datetime": {"datetime": "2020-10-19 14:44:55", "elapsed": 200.101404, "delta": 0.925926}}
{"target": -1236.0494358935493, "params": {"x1": 31.185468731043784, "x2": 402.8444913376262, "x3": -288.94692447825054, "x4": 362.65188150943266, "x5": -253.38950625448575}, "datetime": {"datetime": "2020-10-19 14:44:55", "elapsed": 200.87013, "delta": 0.768726}}
{"target": -879.6847962806887, "params": {"x1": -79.19065662878069, "x2": 380.82374782444924, "x3": -316.7255117144889, "x4": 418.16737406768664, "x5": -327.0023092977442}, "datetime": {"datetime": "2020-10-19 14:44:56", "elapsed": 201.648421, "delta": 0.778291}}
{"target": -883.9298742767933, "params": {"x1": -18.539667050567857, "x2": 429.26374662574324, "x3": -256.59413948829376, "x4": 418.57663445888716, "x5": -271.2148203664427}, "datetime": {"datetime": "2020-10-19 14:44:57", "elapsed": 202.92474, "delta": 1.276319}}
{"target": -1360.1038776027688, "params": {"x1": 447.949430385608, "x2": 337.64509909699746, "x3": 405.96815701648063, "x4": 382.21854906924955, "x5": 499.75489596629996}, "datetime": {"datetime": "2020-10-19 14:44:59", "elapsed": 204.126617, "delta": 1.201877}}
{"target": -1168.7930842028493, "params": {"x1": 174.06270823700822, "x2": 384.4234430639689, "x3": -338.42202865601433, "x4": 475.9097666357851, "x5": -326.7012837547619}, "datetime": {"datetime": "2020-10-19 14:44:59", "elapsed": 205.00703, "delta": 0.880413}}
{"target": -1071.7001656443924, "params": {"x1": 363.2774646964982, "x2": 401.0955457893383, "x3": 414.0873401201999, "x4": 328.7844644035755, "x5": 454.89798627424614}, "datetime": {"datetime": "2020-10-19 14:45:00", "elapsed": 205.871374, "delta": 0.864344}}
{"target": -502.0556455557439, "params": {"x1": 434.531585663171, "x2": 434.2265257568964, "x3": 442.6726713672782, "x4": 411.3184582778298, "x5": 347.96825896770065}, "datetime": {"datetime": "2020-10-19 14:45:01", "elapsed": 207.002745, "delta": 1.131371}}
{"target": -340.35255520339297, "params": {"x1": 423.7925693190359, "x2": 468.5920188536411, "x3": 442.4496887372395, "x4": 431.41426693802873, "x5": 450.60382038932255}, "datetime": {"datetime": "2020-10-19 14:45:02", "elapsed": 207.893424, "delta": 0.890679}}
{"target": -1196.983061401697, "params": {"x1": 458.2004991569297, "x2": 386.65943915113314, "x3": 478.6787690481639, "x4": 467.0497423617643, "x5": 359.17600525653154}, "datetime": {"datetime": "2020-10-19 14:45:03", "elapsed": 208.696924, "delta": 0.8035}}
{"target": -1251.50016741041, "params": {"x1": 456.2522881641397, "x2": 348.26971452948794, "x3": 440.14671856512484, "x4": 465.926528063551, "x5": 485.23034624856996}, "datetime": {"datetime": "2020-10-19 14:45:04", "elapsed": 209.634343, "delta": 0.937419}}
{"target": -493.01545730866974, "params": {"x1": 391.1214294467302, "x2": 392.6224214232419, "x3": 411.43501361531014, "x4": 359.6812534105492, "x5": 424.8354726040974}, "datetime": {"datetime": "2020-10-19 14:45:05", "elapsed": 210.545242, "delta": 0.910899}}
{"target": -470.68456383172384, "params": {"x1": 452.8638136519206, "x2": 440.0141413260816, "x3": 367.9909590083455, "x4": 449.51500024670656, "x5": 426.17743101761096}, "datetime": {"datetime": "2020-10-19 14:45:06", "elapsed": 211.58054, "delta": 1.035298}}
{"target": -1427.1311830093173, "params": {"x1": 470.3864624185302, "x2": 367.5742954033109, "x3": 481.1847442953625, "x4": 485.82842049539124, "x5": 450.99789394242123}, "datetime": {"datetime": "2020-10-19 14:45:07", "elapsed": 212.765481, "delta": 1.184941}}
