{"target": -1851.4098131045535, "params": {"x1": -82.97799529742599, "x2": 220.3244934421581, "x3": -499.88562518265513, "x4": -197.66742736816025, "x5": -353.244109182887}, "datetime": {"datetime": "2020-10-19 14:41:34", "elapsed": 0.0, "delta": 0.0}}
{"target": -1376.7183937744865, "params": {"x1": 280.4231086564697, "x2": 448.68678241375915, "x3": -265.9335849001868, "x4": 432.85769977423104, "x5": -244.66896852338195}, "datetime": {"datetime": "2020-10-19 14:41:35", "elapsed": 0.02537, "delta": 0.02537}}
{"target": -2136.975113746041, "params": {"x1": -200.10136713795157, "x2": -41.53728002577964, "x3": 86.13775468632969, "x4": 243.08767940249834, "x5": -25.802414663408058}, "datetime": {"datetime": "2020-10-19 14:41:35", "elapsed": 0.057361, "delta": 0.031991}}
{"target": -2051.4204851617324, "params": {"x1": 236.17880327737078, "x2": 190.4603364975129, "x3": -404.1355490144425, "x4": 174.62469028855207, "x5": 151.8765654739559}, "datetime": {"datetime": "2020-10-19 14:41:35", "elapsed": 0.094516, "delta": 0.037155}}
{"target": -1285.083306615017, "params": {"x1": -111.52245975726669, "x2": 425.75220597656823, "x3": 348.7671802063444, "x4": 86.53394836192467, "x5": -280.6134867974377}, "datetime": {"datetime": "2020-10-19 14:41:35", "elapsed": 0.135482, "delta": 0.040966}}
{"target": -2666.348007710569, "params": {"x1": -419.1004824708897, "x2": 349.96776322910944, "x3": 301.2813247476947, "x4": 187.90373844528915, "x5": 256.0141213702824}, "datetime": {"datetime": "2020-10-19 14:41:35", "elapsed": 0.175487, "delta": 0.040005}}
{"target": -1553.2321032422096, "params": {"x1": -266.1548071558354, "x2": -362.6210525599135, "x3": 383.96151276224043, "x4": -494.11611327665315, "x5": 248.9069435823933}, "datetime": {"datetime": "2020-10-19 14:41:35", "elapsed": 0.215304, "delta": 0.039817}}
{"target": -1973.7194245258006, "params": {"x1": 50.44395768319146, "x2": -285.94852589662, "x3": 482.66677641975093, "x4": -73.64489019090036, "x5": 325.0489145876719}, "datetime": {"datetime": "2020-10-19 14:41:35", "elapsed": 0.253861, "delta": 0.038557}}
{"target": -2129.55120044995, "params": {"x1": 161.3404124819856, "x2": 4.247384409219592, "x3": -238.92752253560178, "x4": 122.30221128183359, "x5": -93.18992950746372}, "datetime": {"datetime": "2020-10-19 14:41:35", "elapsed": 0.292761, "delta": 0.0389}}
{"target": -2016.1779551586283, "params": {"x1": -359.15727390898064, "x2": -233.16102388718554, "x3": 350.6511101507774, "x4": -51.00180229279971, "x5": 210.4934793750416}, "datetime": {"datetime": "2020-10-19 14:41:35", "elapsed": 0.331726, "delta": 0.038965}}
{"target": -1281.8506909493403, "params": {"x1": -111.2070713639072, "x2": 425.9892739463648, "x3": 348.8834020669938, "x4": 86.4040628844865, "x5": -281.1892505003682}, "datetime": {"datetime": "2020-10-19 14:41:35", "elapsed": 0.729066, "delta": 0.39734}}
{"target": -1772.2639062830212, "params": {"x1": 265.81940412630536, "x2": 427.7441678513187, "x3": -215.43906312681685, "x4": 445.3896169582066, "x5": -203.96498286473843}, "datetime": {"datetime": "2020-10-19 14:41:35", "elapsed": 0.78715, "delta": 0.058084}}
{"target": -1925.900659986582, "params": {"x1": -252.11791771160276, "x2": -337.23305927034505, "x3": 345.7248063649489, "x4": -459.26779099829497, "x5": 200.65857600552522}, "datetime": {"datetime": "2020-10-19 14:41:35", "elapsed": 0.85219, "delta": 0.06504}}
{"target": -1434.481165553651, "params": {"x1": -116.63955920650284, "x2": 400.9763327471235, "x3": 376.1970056158282, "x4": 67.91526942764665, "x5": -216.25356143673213}, "datetime": {"datetime": "2020-10-19 14:41:35", "elapsed": 0.919782, "delta": 0.067592}}
{"target": -2467.102839242565, "params": {"x1": -348.45568530103014, "x2": -366.9241171272901, "x3": 332.5758205443203, "x4": -465.8695371515945, "x5": 252.93379823606097}, "datetime": {"datetime": "2020-10-19 14:41:35", "elapsed": 0.967749, "delta": 0.047967}}
{"target": -1285.6273194108198, "params": {"x1": 267.0992428501369, "x2": 429.66029730771754, "x3": -290.1613113631265, "x4": 377.6391630100993, "x5": -242.7029840179983}, "datetime": {"datetime": "2020-10-19 14:41:36", "elapsed": 1.02492, "delta": 0.057171}}
{"target": -1664.1306322267478, "params": {"x1": 247.59506884490156, "x2": 407.00557601857145, "x3": -270.5695921982651, "x4": 328.90476402277557, "x5": -161.7651094908701}, "datetime": {"datetime": "2020-10-19 14:41:36", "elapsed": 1.083093, "delta": 0.058173}}
{"target": -1231.1281607985234, "params": {"x1": -106.01296934853414, "x2": 428.73616564831246, "x3": 352.41777521552905, "x4": 83.11784337830152, "x5": -287.6340087193541}, "datetime": {"datetime": "2020-10-19 14:41:36", "elapsed": 1.269338, "delta": 0.186245}}
{"target": -1502.7557149782847, "params": {"x1": -172.43869118837796, "x2": 434.6204531628762, "x3": 352.6981953761542, "x4": 148.18864557538404, "x5": -286.82736577575497}, "datetime": {"datetime": "2020-10-19 14:41:36", "elapsed": 1.376127, "delta": 0.106789}}
{"target": -1648.690596163761, "params": {"x1": -148.4062781109654, "x2": 433.9517464271363, "x3": 324.1914334934278, "x4": 1.6200911405982197, "x5": -263.7109989699662}, "datetime": {"datetime": "2020-10-19 14:41:36", "elapsed": 1.529495, "delta": 0.153368}}
{"target": -1074.9518973809686, "params": {"x1": 237.03977925815002, "x2": 477.0476023522607, "x3": -348.30861388526125, "x4": 428.53688210622636, "x5": -299.97178498554536}, "datetime": {"datetime": "2020-10-19 14:41:36", "elapsed": 1.610796, "delta": 0.081301}}
{"target": -1391.8053322132034, "params": {"x1": -157.05017973317604, "x2": 485.00458252617955, "x3": 392.0555330549505, "x4": 159.17665343829538, "x5": -291.72927830028857}, "datetime": {"datetime": "2020-10-19 14:41:36", "elapsed": 1.725045, "delta": 0.114249}}
{"target": -1031.974544421985, "params": {"x1": 239.16581894257277, "x2": 474.7249023172123, "x3": -344.4438820859491, "x4": 426.73933428372595, "x5": -296.7299642369767}, "datetime": {"datetime": "2020-10-19 14:41:36", "elapsed": 1.93469, "delta": 0.209645}}
{"target": -1794.688329238088, "params": {"x1": 300.0121130793451, "x2": 459.0468198621105, "x3": -377.6993814657735, "x4": 457.7745403634808, "x5": -330.4294069918232}, "datetime": {"datetime": "2020-10-19 14:41:37", "elapsed": 2.014975, "delta": 0.080285}}
{"target": -1954.7397230756283, "params": {"x1": 246.23732282945707, "x2": 484.35537437699884, "x3": -401.0631348526199, "x4": 368.35041638954124, "x5": -311.2322704942595}, "datetime": {"datetime": "2020-10-19 14:41:37", "elapsed": 2.130393, "delta": 0.115418}}
{"target": -989.2155444839004, "params": {"x1": 175.09229549456563, "x2": 438.722855490745, "x3": -328.69761880789406, "x4": 406.62485663520783, "x5": -234.2096521044097}, "datetime": {"datetime": "2020-10-19 14:41:37", "elapsed": 2.256911, "delta": 0.126518}}
{"target": -1451.6863674321276, "params": {"x1": 138.96234568987768, "x2": 378.21294138439555, "x3": -273.40925771371724, "x4": 418.93230403632504, "x5": -194.9071511042917}, "datetime": {"datetime": "2020-10-19 14:41:37", "elapsed": 2.336771, "delta": 0.07986}}
{"target": -1199.1943807077982, "params": {"x1": 256.9090043578299, "x2": 411.60403550135015, "x3": -340.94240087774756, "x4": 393.2470783575385, "x5": -155.68747822110186}, "datetime": {"datetime": "2020-10-19 14:41:37", "elapsed": 2.40609, "delta": 0.069319}}
{"target": -1888.2903713375151, "params": {"x1": -110.8644212336597, "x2": 479.018360263707, "x3": 311.0860945543326, "x4": 54.94602474220369, "x5": -273.0817785334194}, "datetime": {"datetime": "2020-10-19 14:41:37", "elapsed": 2.517333, "delta": 0.111243}}
{"target": -2010.3230894647645, "params": {"x1": 300.0, "x2": 500.0, "x3": -300.0, "x4": 400.0, "x5": -200.0}, "datetime": {"datetime": "2020-10-19 14:41:37", "elapsed": 2.619514, "delta": 0.102181}}
{"target": -1510.5869606189187, "params": {"x1": 300.0, "x2": 500.0, "x3": -300.0, "x4": 400.0, "x5": -300.0}, "datetime": {"datetime": "2020-10-19 14:41:37", "elapsed": 2.708089, "delta": 0.088575}}
{"target": -1010.850831773073, "params": {"x1": 200.0, "x2": 500.0, "x3": -300.0, "x4": 400.0, "x5": -300.0}, "datetime": {"datetime": "2020-10-19 14:41:37", "elapsed": 2.791053, "delta": 0.082964}}
{"target": -1629.7363997089487, "params": {"x1": 200.0, "x2": 400.0, "x3": -400.0, "x4": 400.0, "x5": -200.0}, "datetime": {"datetime": "2020-10-19 14:41:37", "elapsed": 2.867179, "delta": 0.076126}}
{"target": -1884.13604202231, "params": {"x1": -200.0, "x2": 400.0, "x3": 300.0, "x4": 100.0, "x5": -300.0}, "datetime": {"datetime": "2020-10-19 14:41:38", "elapsed": 3.152623, "delta": 0.285444}}
{"target": -1556.6180905955157, "params": {"x1": 200.0, "x2": 500.0, "x3": -300.0, "x4": 500.0, "x5": -300.0}, "datetime": {"datetime": "2020-10-19 14:41:38", "elapsed": 3.253784, "delta": 0.101161}}
{"target": -964.819701796476, "params": {"x1": 200.0, "x2": 400.0, "x3": -300.0, "x4": 400.0, "x5": -200.0}, "datetime": {"datetime": "2020-10-19 14:41:38", "elapsed": 3.391044, "delta": 0.13726}}
{"target": -465.08357295063, "params": {"x1": 200.0, "x2": 400.0, "x3": -300.0, "x4": 400.0, "x5": -300.0}, "datetime": {"datetime": "2020-10-19 14:41:38", "elapsed": 3.489667, "delta": 0.098623}}
{"target": -1130.000270863103, "params": {"x1": 200.0, "x2": 400.0, "x3": -300.0, "x4": 400.0, "x5": -400.0}, "datetime": {"datetime": "2020-10-19 14:41:38", "elapsed": 3.722477, "delta": 0.23281}}
{"target": -1510.5869606189187, "params": {"x1": 200.0, "x2": 500.0, "x3": -300.0, "x4": 400.0, "x5": -200.0}, "datetime": {"datetime": "2020-10-19 14:41:38", "elapsed": 3.825673, "delta": 0.103196}}
{"target": -1130.000270863103, "params": {"x1": 200.0, "x2": 300.0, "x3": -300.0, "x4": 400.0, "x5": -300.0}, "datetime": {"datetime": "2020-10-19 14:41:38", "elapsed": 3.962323, "delta": 0.13665}}
{"target": -2175.5036585313915, "params": {"x1": 200.0, "x2": 500.0, "x3": -200.0, "x4": 400.0, "x5": -400.0}, "datetime": {"datetime": "2020-10-19 14:41:39", "elapsed": 4.090043, "delta": 0.12772}}
{"target": -964.819701796476, "params": {"x1": 300.0, "x2": 400.0, "x3": -300.0, "x4": 400.0, "x5": -300.0}, "datetime": {"datetime": "2020-10-19 14:41:39", "elapsed": 4.461456, "delta": 0.371413}}
{"target": -1629.7363997089487, "params": {"x1": 300.0, "x2": 400.0, "x3": -300.0, "x4": 300.0, "x5": -300.0}, "datetime": {"datetime": "2020-10-19 14:41:39", "elapsed": 4.566646, "delta": 0.10519}}
{"target": -719.483215263991, "params": {"x1": 100.0, "x2": 400.0, "x3": -300.0, "x4": 400.0, "x5": -300.0}, "datetime": {"datetime": "2020-10-19 14:41:39", "elapsed": 4.721062, "delta": 0.154416}}
{"target": -1930.1671719989067, "params": {"x1": 100.0, "x2": 500.0, "x3": -400.0, "x4": 400.0, "x5": -300.0}, "datetime": {"datetime": "2020-10-19 14:41:40", "elapsed": 5.127279, "delta": 0.406217}}
{"target": -1265.250474086434, "params": {"x1": 100.0, "x2": 500.0, "x3": -300.0, "x4": 400.0, "x5": -300.0}, "datetime": {"datetime": "2020-10-19 14:41:40", "elapsed": 5.521637, "delta": 0.394358}}
{"target": -1764.9866029322798, "params": {"x1": 100.0, "x2": 400.0, "x3": -200.0, "x4": 500.0, "x5": -300.0}, "datetime": {"datetime": "2020-10-19 14:41:40", "elapsed": 5.985326, "delta": 0.463689}}
{"target": -1384.399913176464, "params": {"x1": 100.0, "x2": 300.0, "x3": -300.0, "x4": 400.0, "x5": -300.0}, "datetime": {"datetime": "2020-10-19 14:41:41", "elapsed": 6.214744, "delta": 0.229418}}
{"target": -1010.850831773073, "params": {"x1": 200.0, "x2": 400.0, "x3": -300.0, "x4": 500.0, "x5": -300.0}, "datetime": {"datetime": "2020-10-19 14:41:41", "elapsed": 6.354588, "delta": 0.139844}}
{"target": -1794.9169687755757, "params": {"x1": 200.0, "x2": 300.0, "x3": -300.0, "x4": 300.0, "x5": -300.0}, "datetime": {"datetime": "2020-10-19 14:41:41", "elapsed": 6.484676, "delta": 0.130088}}
{"target": -1510.5869606189187, "params": {"x1": 200.0, "x2": 400.0, "x3": -200.0, "x4": 500.0, "x5": -300.0}, "datetime": {"datetime": "2020-10-19 14:41:41", "elapsed": 6.915643, "delta": 0.430967}}
{"target": -1384.399913176464, "params": {"x1": 100.0, "x2": 400.0, "x3": -400.0, "x4": 400.0, "x5": -300.0}, "datetime": {"datetime": "2020-10-19 14:41:42", "elapsed": 7.08151, "delta": 0.165867}}
{"target": -964.819701796476, "params": {"x1": -100.0, "x2": 400.0, "x3": 400.0, "x4": 100.0, "x5": -300.0}, "datetime": {"datetime": "2020-10-19 14:41:42", "elapsed": 7.252678, "delta": 0.171168}}
{"target": -1675.7675296855457, "params": {"x1": 200.0, "x2": 400.0, "x3": -400.0, "x4": 500.0, "x5": -300.0}, "datetime": {"datetime": "2020-10-19 14:41:42", "elapsed": 7.934556, "delta": 0.681878}}
{"target": -1019.2218128854129, "params": {"x1": 0.0, "x2": 400.0, "x3": 400.0, "x4": 100.0, "x5": -300.0}, "datetime": {"datetime": "2020-10-19 14:41:43", "elapsed": 8.365692, "delta": 0.431136}}
{"target": -1564.9890717078558, "params": {"x1": 0.0, "x2": 400.0, "x3": 500.0, "x4": 100.0, "x5": -300.0}, "datetime": {"datetime": "2020-10-19 14:41:43", "elapsed": 8.624526, "delta": 0.258834}}
{"target": -2340.6842275980184, "params": {"x1": 200.0, "x2": 400.0, "x3": -400.0, "x4": 500.0, "x5": -400.0}, "datetime": {"datetime": "2020-10-19 14:41:44", "elapsed": 9.482622, "delta": 0.858096}}
{"target": -1794.916968775576, "params": {"x1": 200.0, "x2": 400.0, "x3": -300.0, "x4": 300.0, "x5": -400.0}, "datetime": {"datetime": "2020-10-19 14:41:45", "elapsed": 10.624196, "delta": 1.141574}}
{"target": -1464.5558306423218, "params": {"x1": -100.0, "x2": 400.0, "x3": 400.0, "x4": 100.0, "x5": -200.0}, "datetime": {"datetime": "2020-10-19 14:41:45", "elapsed": 10.820659, "delta": 0.196463}}
{"target": -1384.399913176464, "params": {"x1": 100.0, "x2": 400.0, "x3": -300.0, "x4": 300.0, "x5": -300.0}, "datetime": {"datetime": "2020-10-19 14:41:45", "elapsed": 10.973878, "delta": 0.153219}}
{"target": -1675.7675296855457, "params": {"x1": 200.0, "x2": 500.0, "x3": -300.0, "x4": 400.0, "x5": -400.0}, "datetime": {"datetime": "2020-10-19 14:41:46", "elapsed": 11.685503, "delta": 0.711625}}
{"target": -1675.7675296855457, "params": {"x1": 200.0, "x2": 500.0, "x3": -400.0, "x4": 400.0, "x5": -300.0}, "datetime": {"datetime": "2020-10-19 14:41:46", "elapsed": 11.82028, "delta": 0.134777}}
{"target": -1265.250474086434, "params": {"x1": 100.0, "x2": 400.0, "x3": -300.0, "x4": 500.0, "x5": -300.0}, "datetime": {"datetime": "2020-10-19 14:41:46", "elapsed": 11.976483, "delta": 0.156203}}
{"target": -1219.219344109837, "params": {"x1": 100.0, "x2": 400.0, "x3": -300.0, "x4": 400.0, "x5": -200.0}, "datetime": {"datetime": "2020-10-19 14:41:47", "elapsed": 12.455778, "delta": 0.479295}}
{"target": -2129.4725285547947, "params": {"x1": 300.0, "x2": 300.0, "x3": -300.0, "x4": 400.0, "x5": -200.0}, "datetime": {"datetime": "2020-10-19 14:41:47", "elapsed": 12.649033, "delta": 0.193255}}
{"target": -2056.3542194413617, "params": {"x1": 300.0, "x2": 500.0, "x3": -300.0, "x4": 500.0, "x5": -300.0}, "datetime": {"datetime": "2020-10-19 14:41:47", "elapsed": 12.814979, "delta": 0.165946}}
{"target": -1629.7363997089487, "params": {"x1": -100.0, "x2": 400.0, "x3": 300.0, "x4": 100.0, "x5": -300.0}, "datetime": {"datetime": "2020-10-19 14:41:48", "elapsed": 13.301539, "delta": 0.48656}}
{"target": -1629.7363997089487, "params": {"x1": 300.0, "x2": 400.0, "x3": -300.0, "x4": 400.0, "x5": -400.0}, "datetime": {"datetime": "2020-10-19 14:41:48", "elapsed": 13.627716, "delta": 0.326177}}
{"target": -2175.5036585313915, "params": {"x1": 200.0, "x2": 300.0, "x3": -200.0, "x4": 500.0, "x5": -300.0}, "datetime": {"datetime": "2020-10-19 14:41:49", "elapsed": 14.226119, "delta": 0.598403}}
{"target": -1684.1385107978858, "params": {"x1": 0.0, "x2": 300.0, "x3": 400.0, "x4": 100.0, "x5": -300.0}, "datetime": {"datetime": "2020-10-19 14:41:50", "elapsed": 15.642658, "delta": 1.416539}}
{"target": -1764.9866029322798, "params": {"x1": -200.0, "x2": 400.0, "x3": 500.0, "x4": 100.0, "x5": -300.0}, "datetime": {"datetime": "2020-10-19 14:41:51", "elapsed": 16.471964, "delta": 0.829306}}
{"target": -1629.7363997089487, "params": {"x1": -100.0, "x2": 400.0, "x3": 400.0, "x4": 100.0, "x5": -400.0}, "datetime": {"datetime": "2020-10-19 14:41:51", "elapsed": 16.897201, "delta": 0.425237}}
{"target": -1130.000270863103, "params": {"x1": 200.0, "x2": 400.0, "x3": -300.0, "x4": 300.0, "x5": -300.0}, "datetime": {"datetime": "2020-10-19 14:41:52", "elapsed": 17.474754, "delta": 0.577553}}
{"target": -1518.9579417312589, "params": {"x1": 0.0, "x2": 400.0, "x3": 400.0, "x4": 100.0, "x5": -200.0}, "datetime": {"datetime": "2020-10-19 14:41:53", "elapsed": 18.536973, "delta": 1.062219}}
{"target": -1875.0728862414335, "params": {"x1": 300.0, "x2": 400.0, "x3": -400.0, "x4": 400.0, "x5": -100.0}, "datetime": {"datetime": "2020-10-19 14:41:54", "elapsed": 19.270038, "delta": 0.733065}}
{"target": -2264.7227317781258, "params": {"x1": 100.0, "x2": 500.0, "x3": -200.0, "x4": 400.0, "x5": -200.0}, "datetime": {"datetime": "2020-10-19 14:41:54", "elapsed": 19.555007, "delta": 0.284969}}
{"target": -1629.7363997089487, "params": {"x1": 200.0, "x2": 400.0, "x3": -200.0, "x4": 300.0, "x5": -300.0}, "datetime": {"datetime": "2020-10-19 14:41:55", "elapsed": 20.038954, "delta": 0.483947}}
{"target": -1384.399913176464, "params": {"x1": 100.0, "x2": 400.0, "x3": -300.0, "x4": 400.0, "x5": -400.0}, "datetime": {"datetime": "2020-10-19 14:41:55", "elapsed": 20.264789, "delta": 0.225835}}
{"target": -1210.848362997497, "params": {"x1": 0.0, "x2": 500.0, "x3": -300.0, "x4": 400.0, "x5": -300.0}, "datetime": {"datetime": "2020-10-19 14:41:56", "elapsed": 21.407318, "delta": 1.142529}}
{"target": -1684.1385107978858, "params": {"x1": 0.0, "x2": 400.0, "x3": 400.0, "x4": 100.0, "x5": -400.0}, "datetime": {"datetime": "2020-10-19 14:41:56", "elapsed": 21.693997, "delta": 0.286679}}
{"target": -1156.44625190856, "params": {"x1": -100.0, "x2": 500.0, "x3": -300.0, "x4": 400.0, "x5": -300.0}, "datetime": {"datetime": "2020-10-19 14:41:56", "elapsed": 21.951314, "delta": 0.257317}}
{"target": -1329.997802087527, "params": {"x1": 0.0, "x2": 400.0, "x3": -300.0, "x4": 300.0, "x5": -300.0}, "datetime": {"datetime": "2020-10-19 14:41:57", "elapsed": 22.177877, "delta": 0.226563}}
{"target": -1675.7675296855457, "params": {"x1": 200.0, "x2": 500.0, "x3": -300.0, "x4": 300.0, "x5": -300.0}, "datetime": {"datetime": "2020-10-19 14:41:58", "elapsed": 23.055567, "delta": 0.87769}}
{"target": -1794.9169687755757, "params": {"x1": 200.0, "x2": 300.0, "x3": -300.0, "x4": 400.0, "x5": -400.0}, "datetime": {"datetime": "2020-10-19 14:41:58", "elapsed": 23.369142, "delta": 0.313575}}
{"target": -665.0811041750542, "params": {"x1": 0.0, "x2": 400.0, "x3": -300.0, "x4": 400.0, "x5": -300.0}, "datetime": {"datetime": "2020-10-19 14:41:58", "elapsed": 23.680643, "delta": 0.311501}}
{"target": -1210.848362997497, "params": {"x1": 0.0, "x2": 400.0, "x3": -300.0, "x4": 500.0, "x5": -300.0}, "datetime": {"datetime": "2020-10-19 14:41:59", "elapsed": 24.249206, "delta": 0.568563}}
{"target": -1275.59569099859, "params": {"x1": -100.0, "x2": 400.0, "x3": -300.0, "x4": 400.0, "x5": -400.0}, "datetime": {"datetime": "2020-10-19 14:41:59", "elapsed": 24.547755, "delta": 0.298549}}
{"target": -1110.4151219319629, "params": {"x1": -100.0, "x2": 400.0, "x3": -300.0, "x4": 400.0, "x5": -200.0}, "datetime": {"datetime": "2020-10-19 14:42:00", "elapsed": 25.084771, "delta": 0.537016}}
{"target": -1775.3318198444358, "params": {"x1": -100.0, "x2": 300.0, "x3": -300.0, "x4": 400.0, "x5": -200.0}, "datetime": {"datetime": "2020-10-19 14:42:00", "elapsed": 25.329468, "delta": 0.244697}}
{"target": -1275.59569099859, "params": {"x1": -100.0, "x2": 300.0, "x3": -300.0, "x4": 400.0, "x5": -300.0}, "datetime": {"datetime": "2020-10-19 14:42:00", "elapsed": 25.584373, "delta": 0.254905}}
{"target": -1656.1823807544058, "params": {"x1": -100.0, "x2": 500.0, "x3": -300.0, "x4": 400.0, "x5": -200.0}, "datetime": {"datetime": "2020-10-19 14:42:01", "elapsed": 26.174977, "delta": 0.590604}}
{"target": -1829.733930933373, "params": {"x1": 0.0, "x2": 400.0, "x3": -400.0, "x4": 400.0, "x5": -200.0}, "datetime": {"datetime": "2020-10-19 14:42:02", "elapsed": 27.305773, "delta": 1.130796}}
{"target": -610.6789930861171, "params": {"x1": -100.0, "x2": 400.0, "x3": -300.0, "x4": 400.0, "x5": -300.0}, "datetime": {"datetime": "2020-10-19 14:42:02", "elapsed": 27.609417, "delta": 0.303644}}
{"target": -1930.1671719989067, "params": {"x1": 100.0, "x2": 500.0, "x3": -300.0, "x4": 400.0, "x5": -400.0}, "datetime": {"datetime": "2020-10-19 14:42:03", "elapsed": 28.915772, "delta": 1.306355}}
{"target": -865.0786353994781, "params": {"x1": -200.0, "x2": 400.0, "x3": -300.0, "x4": 400.0, "x5": -300.0}, "datetime": {"datetime": "2020-10-19 14:42:05", "elapsed": 30.219293, "delta": 1.303521}}
{"target": -1156.44625190856, "params": {"x1": -100.0, "x2": 400.0, "x3": -300.0, "x4": 500.0, "x5": -300.0}, "datetime": {"datetime": "2020-10-19 14:42:06", "elapsed": 31.114286, "delta": 0.894993}}
{"target": -1364.814764245324, "params": {"x1": -200.0, "x2": 400.0, "x3": -300.0, "x4": 400.0, "x5": -200.0}, "datetime": {"datetime": "2020-10-19 14:42:06", "elapsed": 31.820541, "delta": 0.706255}}
{"target": -1910.5820230677668, "params": {"x1": -200.0, "x2": 400.0, "x3": -200.0, "x4": 500.0, "x5": -300.0}, "datetime": {"datetime": "2020-10-19 14:42:08", "elapsed": 33.058098, "delta": 1.237557}}
{"target": -1710.584491843343, "params": {"x1": 0.0, "x2": 500.0, "x3": -200.0, "x4": 400.0, "x5": -300.0}, "datetime": {"datetime": "2020-10-19 14:42:08", "elapsed": 33.321959, "delta": 0.263861}}
{"target": -1775.3318198444358, "params": {"x1": -100.0, "x2": 300.0, "x3": -200.0, "x4": 400.0, "x5": -300.0}, "datetime": {"datetime": "2020-10-19 14:42:08", "elapsed": 33.598217, "delta": 0.276258}}
{"target": -1529.995333311951, "params": {"x1": -200.0, "x2": 400.0, "x3": -400.0, "x4": 400.0, "x5": -300.0}, "datetime": {"datetime": "2020-10-19 14:42:09", "elapsed": 34.305624, "delta": 0.707407}}
