{"target": -1134.9294483646897, "params": {"x1": 222.50000000016428, "x2": 354.80000000019436, "x3": -285.7999999999513, "x4": 416.9000000002085, "x5": -249.6999999999431}, "datetime": {"datetime": "2020-10-19 13:31:41", "elapsed": 84.526583, "delta": 0.641317}}
{"target": -833.4559615392611, "params": {"x1": 89.20000000013397, "x2": 429.2000000002113, "x3": -315.399999999958, "x4": 446.20000000021514, "x5": -263.59999999994625}, "datetime": {"datetime": "2020-10-19 13:31:42", "elapsed": 85.19763, "delta": 0.671047}}
{"target": -1303.7217076290801, "params": {"x1": 13.300000000116711, "x2": 411.6000000002073, "x3": 367.8000000001973, "x4": 60.50000000012744, "x5": -260.6999999999456}, "datetime": {"datetime": "2020-10-19 13:31:42", "elapsed": 85.709911, "delta": 0.512281}}
{"target": -1277.2213733413564, "params": {"x1": 250.00000000017053, "x2": 384.70000000020116, "x3": -236.09999999994, "x4": 391.1000000002026, "x5": -323.89999999995996}, "datetime": {"datetime": "2020-10-19 13:31:43", "elapsed": 86.494665, "delta": 0.784754}}
{"target": -1172.3421751195472, "params": {"x1": 223.5000000001645, "x2": 394.2000000002033, "x3": -240.8999999999411, "x4": 443.9000000002146, "x5": -352.39999999996644}, "datetime": {"datetime": "2020-10-19 13:31:44", "elapsed": 87.072036, "delta": 0.577371}}
{"target": -994.935153527384, "params": {"x1": -97.19999999990841, "x2": 450.5000000002161, "x3": -351.59999999996626, "x4": 432.500000000212, "x5": -274.7999999999488}, "datetime": {"datetime": "2020-10-19 13:31:44", "elapsed": 87.754701, "delta": 0.682665}}
{"target": -955.5402326632206, "params": {"x1": -69.29999999990207, "x2": 464.20000000021923, "x3": -312.79999999995744, "x4": 397.00000000020395, "x5": -285.3999999999512}, "datetime": {"datetime": "2020-10-19 13:31:45", "elapsed": 88.283374, "delta": 0.528673}}
{"target": -1180.213151534737, "params": {"x1": -28.599999999892816, "x2": 400.00000000020464, "x3": 459.3000000002181, "x4": -18.299999999890474, "x5": -336.09999999996273}, "datetime": {"datetime": "2020-10-19 13:31:46", "elapsed": 89.073297, "delta": 0.789923}}
{"target": -779.0289220718405, "params": {"x1": 38.700000000122486, "x2": 379.40000000019995, "x3": -305.29999999995573, "x4": 423.60000000021, "x5": -288.899999999952}, "datetime": {"datetime": "2020-10-19 13:31:46", "elapsed": 89.759272, "delta": 0.685975}}
{"target": -1307.1833808287975, "params": {"x1": -5.999999999887677, "x2": 448.50000000021566, "x3": 402.20000000020514, "x4": 31.800000000120917, "x5": -247.89999999994268}, "datetime": {"datetime": "2020-10-19 13:31:47", "elapsed": 90.434467, "delta": 0.675195}}
{"target": -1237.3485536949102, "params": {"x1": -166.29999999992413, "x2": 395.0000000002035, "x3": -339.4999999999635, "x4": 393.2000000002031, "x5": -247.69999999994263}, "datetime": {"datetime": "2020-10-19 13:31:48", "elapsed": 91.05055, "delta": 0.616083}}
{"target": -941.3164262692694, "params": {"x1": 219.1000000001635, "x2": 400.50000000020475, "x3": -297.89999999995405, "x4": 370.4000000001979, "x5": -347.3999999999653}, "datetime": {"datetime": "2020-10-19 13:31:48", "elapsed": 91.662623, "delta": 0.612073}}
{"target": -1351.2733309005234, "params": {"x1": -160.79999999992287, "x2": 457.4000000002177, "x3": -273.9999999999486, "x4": 488.2000000002247, "x5": -281.69999999995036}, "datetime": {"datetime": "2020-10-19 13:31:49", "elapsed": 92.598217, "delta": 0.935594}}
{"target": -954.8757156135714, "params": {"x1": -105.69999999991035, "x2": 402.1000000002051, "x3": -281.3999999999503, "x4": 403.10000000020534, "x5": -241.3999999999412}, "datetime": {"datetime": "2020-10-19 13:31:50", "elapsed": 93.503704, "delta": 0.905487}}
{"target": -769.6720178914511, "params": {"x1": -8.199999999888178, "x2": 459.40000000021814, "x3": -285.4999999999512, "x4": 420.6000000002093, "x5": -302.39999999995507}, "datetime": {"datetime": "2020-10-19 13:31:51", "elapsed": 94.197755, "delta": 0.694051}}
{"target": -1125.6784184826984, "params": {"x1": 215.30000000016264, "x2": 392.20000000020286, "x3": -393.8999999999759, "x4": 417.70000000020866, "x5": -316.0999999999582}, "datetime": {"datetime": "2020-10-19 13:31:51", "elapsed": 94.82167, "delta": 0.623915}}
{"target": -1002.413068319149, "params": {"x1": 174.50000000015336, "x2": 427.0000000002108, "x3": -266.899999999947, "x4": 359.60000000019545, "x5": -316.5999999999583}, "datetime": {"datetime": "2020-10-19 13:31:52", "elapsed": 95.453044, "delta": 0.631374}}
{"target": -1217.143839863204, "params": {"x1": 17.900000000117757, "x2": 409.80000000020686, "x3": 422.10000000020966, "x4": -114.19999999991228, "x5": -369.7999999999704}, "datetime": {"datetime": "2020-10-19 13:31:53", "elapsed": 96.087802, "delta": 0.634758}}
{"target": -769.2744164342776, "params": {"x1": 215.30000000016264, "x2": 420.1000000002092, "x3": -267.6999999999472, "x4": 453.80000000021687, "x5": -268.79999999994743}, "datetime": {"datetime": "2020-10-19 13:31:53", "elapsed": 96.67108, "delta": 0.583278}}
{"target": -695.6399187118705, "params": {"x1": 102.60000000013702, "x2": 415.40000000020814, "x3": -326.09999999996046, "x4": 422.10000000020966, "x5": -300.19999999995457}, "datetime": {"datetime": "2020-10-19 13:31:54", "elapsed": 97.318946, "delta": 0.647866}}
{"target": -1085.7577744588389, "params": {"x1": 5.500000000114937, "x2": 438.9000000002135, "x3": -353.0999999999666, "x4": 429.3000000002113, "x5": -344.7999999999647}, "datetime": {"datetime": "2020-10-19 13:31:55", "elapsed": 98.0934, "delta": 0.774454}}
{"target": -1412.3296851456844, "params": {"x1": 186.40000000015607, "x2": 182.90000000015527, "x3": -331.5999999999617, "x4": 369.0000000001976, "x5": -361.59999999996853}, "datetime": {"datetime": "2020-10-19 13:31:55", "elapsed": 98.635707, "delta": 0.542307}}
{"target": -1716.329285824451, "params": {"x1": -84.29999999990548, "x2": 445.40000000021496, "x3": -388.6999999999747, "x4": 355.20000000019445, "x5": -282.2999999999505}, "datetime": {"datetime": "2020-10-19 13:31:56", "elapsed": 99.228213, "delta": 0.592506}}
{"target": -855.0905482987312, "params": {"x1": -122.79999999991423, "x2": 417.30000000020857, "x3": 401.700000000205, "x4": 53.10000000012576, "x5": -333.89999999996223}, "datetime": {"datetime": "2020-10-19 13:31:56", "elapsed": 99.977951, "delta": 0.749738}}
{"target": -1191.9408002370371, "params": {"x1": 174.6000000001534, "x2": 407.3000000002063, "x3": -286.09999999995136, "x4": 390.7000000002025, "x5": -385.89999999997406}, "datetime": {"datetime": "2020-10-19 13:31:57", "elapsed": 100.765781, "delta": 0.78783}}
{"target": -1045.1708475609375, "params": {"x1": 82.50000000013245, "x2": 466.6000000002198, "x3": -272.5999999999483, "x4": 384.60000000020113, "x5": -290.6999999999524}, "datetime": {"datetime": "2020-10-19 13:31:58", "elapsed": 101.632408, "delta": 0.866627}}
{"target": -916.604144961861, "params": {"x1": 78.25999999947408, "x2": 357.9699999992197, "x3": -302.89000000017927, "x4": 415.48999999916737, "x5": -295.6300000001859}, "datetime": {"datetime": "2020-10-19 13:31:59", "elapsed": 102.652074, "delta": 1.019666}}
{"target": -1158.4197162553264, "params": {"x1": 211.30999999935307, "x2": 381.4999999991983, "x3": -337.46000000014783, "x4": 357.5199999992201, "x5": -327.380000000157}, "datetime": {"datetime": "2020-10-19 13:32:00", "elapsed": 103.937502, "delta": 1.285428}}
{"target": -1212.1631722069724, "params": {"x1": -58.25000000040177, "x2": 454.30999999913206, "x3": -347.43000000013876, "x4": 438.26999999914665, "x5": -344.15000000014174}, "datetime": {"datetime": "2020-10-19 13:32:01", "elapsed": 104.915769, "delta": 0.978267}}
{"target": -837.2098138411686, "params": {"x1": 19.08999999952789, "x2": 396.099999999185, "x3": -261.25000000021714, "x4": 416.28999999916664, "x5": -301.72000000018033}, "datetime": {"datetime": "2020-10-19 13:32:02", "elapsed": 106.000716, "delta": 1.084947}}
{"target": -1395.038102931464, "params": {"x1": 22.889999999524434, "x2": 436.74999999914803, "x3": -355.6500000001313, "x4": 482.13999999910675, "x5": -276.85000000020295}, "datetime": {"datetime": "2020-10-19 13:32:03", "elapsed": 106.972886, "delta": 0.97217}}
{"target": -1444.5120135000277, "params": {"x1": 9.999999999536158, "x2": 390.2499999991903, "x3": -243.83000000023299, "x4": 397.13999999918406, "x5": -364.1100000001236}, "datetime": {"datetime": "2020-10-19 13:32:04", "elapsed": 108.009827, "delta": 1.036941}}
{"target": -1252.342968262126, "params": {"x1": 179.7299999993818, "x2": 347.46999999922923, "x3": -287.4400000001933, "x4": 415.4499999991674, "x5": -245.88000000023112}, "datetime": {"datetime": "2020-10-19 13:32:05", "elapsed": 108.789122, "delta": 0.779295}}
{"target": -1098.4510863521116, "params": {"x1": 80.68999999947187, "x2": 465.6199999991218, "x3": -276.770000000203, "x4": 450.2199999991358, "x5": -264.4600000002142}, "datetime": {"datetime": "2020-10-19 13:32:06", "elapsed": 109.915923, "delta": 1.126801}}
{"target": -1188.5755868956744, "params": {"x1": 111.91999999944346, "x2": 448.27999999913754, "x3": -299.41000000018244, "x4": 390.1899999991904, "x5": -243.5900000002332}, "datetime": {"datetime": "2020-10-19 13:32:08", "elapsed": 111.028919, "delta": 1.112996}}
{"target": -974.6142335994737, "params": {"x1": 195.8699999993671, "x2": 240.35999999932665, "x3": -294.76000000018666, "x4": 401.1299999991804, "x5": -261.13000000021725}, "datetime": {"datetime": "2020-10-19 13:32:09", "elapsed": 112.181359, "delta": 1.15244}}
{"target": -869.7123574783261, "params": {"x1": -83.90000000037844, "x2": 406.36999999917566, "x3": -278.7900000002012, "x4": 461.0699999991259, "x5": -294.87000000018656}, "datetime": {"datetime": "2020-10-19 13:32:10", "elapsed": 113.272885, "delta": 1.091526}}
{"target": -1319.8276675863017, "params": {"x1": 3.439999999542124, "x2": 437.3399999991475, "x3": 365.47999999921285, "x4": -79.47000000038247, "x5": -277.97000000020194}, "datetime": {"datetime": "2020-10-19 13:32:11", "elapsed": 114.638706, "delta": 1.365821}}
{"target": -757.6258021274416, "params": {"x1": -166.91000000030294, "x2": 440.089999999145, "x3": -276.97000000020284, "x4": 408.219999999174, "x5": -300.7500000001812}, "datetime": {"datetime": "2020-10-19 13:32:12", "elapsed": 115.784228, "delta": 1.145522}}
{"target": -1226.1835632510588, "params": {"x1": 31.69999999951642, "x2": 471.45999999911646, "x3": 394.30999999918663, "x4": 64.87999999948624, "x5": -320.17000000016355}, "datetime": {"datetime": "2020-10-19 13:32:13", "elapsed": 116.627451, "delta": 0.843223}}
{"target": -1177.3196550547996, "params": {"x1": 208.67999999935546, "x2": 287.64999999928364, "x3": -296.54000000018505, "x4": 395.94999999918514, "x5": -282.70000000019763}, "datetime": {"datetime": "2020-10-19 13:32:14", "elapsed": 117.567141, "delta": 0.93969}}
{"target": -740.9597111539049, "params": {"x1": 212.18999999935227, "x2": 426.07999999915774, "x3": -302.23000000017987, "x4": 462.01999999912505, "x5": -262.54000000021597}, "datetime": {"datetime": "2020-10-19 13:32:15", "elapsed": 118.761325, "delta": 1.194184}}
{"target": -2802.8470514375954, "params": {"x1": 492.23999999909756, "x2": -378.2800000001107, "x3": -174.70000000029586, "x4": -455.43000000004054, "x5": -472.6500000000249}, "datetime": {"datetime": "2020-10-19 13:32:17", "elapsed": 120.068383, "delta": 1.307058}}
{"target": -1703.9051679234967, "params": {"x1": 72.76999999947907, "x2": 396.9999999991842, "x3": 452.149999999134, "x4": -86.13000000037641, "x5": -432.1500000000617}, "datetime": {"datetime": "2020-10-19 13:32:18", "elapsed": 121.39742, "delta": 1.329037}}
{"target": -1057.782332402266, "params": {"x1": -112.70000000035225, "x2": 417.6799999991654, "x3": -300.960000000181, "x4": 362.9199999992152, "x5": -252.0500000002255}, "datetime": {"datetime": "2020-10-19 13:32:19", "elapsed": 122.5256, "delta": 1.12818}}
{"target": -784.7214197306275, "params": {"x1": -34.54000000042333, "x2": 430.88999999915336, "x3": -322.3300000001616, "x4": 459.9899999991269, "x5": -303.91000000017834}, "datetime": {"datetime": "2020-10-19 13:32:20", "elapsed": 123.411133, "delta": 0.885533}}
{"target": -1172.7567790401445, "params": {"x1": 57.139999999493284, "x2": 447.1199999991386, "x3": -253.21000000022445, "x4": 464.98999999912235, "x5": -271.45000000020787}, "datetime": {"datetime": "2020-10-19 13:32:21", "elapsed": 124.411343, "delta": 1.00021}}
{"target": -1271.7786937101107, "params": {"x1": 90.78999999946268, "x2": 371.5999999992073, "x3": -354.840000000132, "x4": 447.3499999991384, "x5": -280.2900000001998}, "datetime": {"datetime": "2020-10-19 13:32:22", "elapsed": 125.616565, "delta": 1.205222}}
{"target": -1439.6931630025, "params": {"x1": -39.02000000041926, "x2": 395.28999999918574, "x3": -352.72000000013395, "x4": 492.3299999990975, "x5": -292.02000000018916}, "datetime": {"datetime": "2020-10-19 13:32:23", "elapsed": 126.933334, "delta": 1.316769}}
{"target": -1207.4021703636959, "params": {"x1": 173.50999999938745, "x2": 449.3099999991366, "x3": -328.1400000001563, "x4": 372.41999999920654, "x5": -356.7200000001303}, "datetime": {"datetime": "2020-10-19 13:32:24", "elapsed": 127.998368, "delta": 1.065034}}
{"target": -898.7888245774125, "params": {"x1": 204.27999999935946, "x2": 416.2299999991667, "x3": -298.3300000001834, "x4": 477.3299999991111, "x5": -342.9100000001429}, "datetime": {"datetime": "2020-10-19 13:32:26", "elapsed": 129.070557, "delta": 1.072189}}
{"target": -991.4779082177761, "params": {"x1": 122.84999999943352, "x2": 430.2999999991539, "x3": -323.5100000001605, "x4": 382.6999999991972, "x5": -327.88000000015654}, "datetime": {"datetime": "2020-10-19 13:32:27", "elapsed": 130.089076, "delta": 1.018519}}
{"target": -1032.9683301787163, "params": {"x1": 3.749999999541842, "x2": 388.2799999991921, "x3": 442.35999999914293, "x4": -110.18000000035454, "x5": -330.29000000015435}, "datetime": {"datetime": "2020-10-19 13:32:28", "elapsed": 131.517032, "delta": 1.427956}}
{"target": -730.2836697351704, "params": {"x1": -10.010000000445643, "x2": 423.21999999916034, "x3": -274.3700000002052, "x4": 438.8799999991461, "x5": -284.32000000019616}, "datetime": {"datetime": "2020-10-19 13:32:29", "elapsed": 132.705331, "delta": 1.188299}}
{"target": -1101.4186006613602, "params": {"x1": 170.3699999993903, "x2": 454.33999999913203, "x3": -300.7400000001812, "x4": 417.06999999916593, "x5": -214.42000000025973}, "datetime": {"datetime": "2020-10-19 13:32:30", "elapsed": 133.697518, "delta": 0.992187}}
{"target": -817.2911852791249, "params": {"x1": 110.38999999944485, "x2": 432.1699999991522, "x3": -287.42000000019334, "x4": 397.9499999991833, "x5": -281.12000000019907}, "datetime": {"datetime": "2020-10-19 13:32:32", "elapsed": 135.103405, "delta": 1.405887}}
{"target": -869.2391009212488, "params": {"x1": -146.92000000032112, "x2": 434.32999999915023, "x3": 427.3499999991566, "x4": 65.65999999948554, "x5": -333.0000000001519}, "datetime": {"datetime": "2020-10-19 13:32:33", "elapsed": 136.206625, "delta": 1.10322}}
{"target": -652.0297413953422, "params": {"x1": 195.37999999936756, "x2": 466.5599999991209, "x3": -312.1900000001708, "x4": 434.6899999991499, "x5": -292.5300000001887}, "datetime": {"datetime": "2020-10-19 13:32:34", "elapsed": 137.856247, "delta": 1.649622}}
{"target": -967.5571885024235, "params": {"x1": 147.30999999941127, "x2": 423.6699999991599, "x3": -254.2600000002235, "x4": 433.8399999991507, "x5": -275.2500000002044}, "datetime": {"datetime": "2020-10-19 13:32:35", "elapsed": 138.906129, "delta": 1.049882}}
{"target": -785.9245124236738, "params": {"x1": 160.07999999939966, "x2": 411.31999999917116, "x3": -316.4800000001669, "x4": 458.36999999912837, "x5": -284.35000000019613}, "datetime": {"datetime": "2020-10-19 13:32:37", "elapsed": 140.245659, "delta": 1.33953}}
{"target": -935.7080987763989, "params": {"x1": -66.81000000039398, "x2": 386.1099999991941, "x3": -323.5500000001605, "x4": 449.989999999136, "x5": -291.04000000019005}, "datetime": {"datetime": "2020-10-19 13:32:38", "elapsed": 141.154951, "delta": 0.909292}}
{"target": -1420.9192890871875, "params": {"x1": -44.59000000041419, "x2": 380.54999999919914, "x3": 440.68999999914445, "x4": 23.319999999524043, "x5": -354.13000000013267}, "datetime": {"datetime": "2020-10-19 13:32:39", "elapsed": 142.213823, "delta": 1.058872}}
{"target": -1558.2767918110708, "params": {"x1": -132.50000000033424, "x2": 477.6899999991108, "x3": 475.7199999991126, "x4": -0.9400000004538924, "x5": -335.2100000001499}, "datetime": {"datetime": "2020-10-19 13:32:40", "elapsed": 143.409852, "delta": 1.196029}}
{"target": -1009.5573938672069, "params": {"x1": -132.9900000003338, "x2": 430.8399999991534, "x3": 401.65999999917995, "x4": 33.85999999951446, "x5": -343.5400000001423}, "datetime": {"datetime": "2020-10-19 13:32:41", "elapsed": 144.530114, "delta": 1.120262}}
{"target": -354.4214879635597, "params": {"x1": 204.43999999935932, "x2": 419.67999999916356, "x3": -301.94000000018013, "x4": 420.65999999916266, "x5": -301.68000000018037}, "datetime": {"datetime": "2020-10-19 13:32:45", "elapsed": 148.222918, "delta": 3.692804}}
{"target": -1153.6399601410317, "params": {"x1": -6.5100000004488265, "x2": 447.3199999991384, "x3": -346.22000000013986, "x4": 392.5699999991882, "x5": -343.60000000014224}, "datetime": {"datetime": "2020-10-19 13:32:46", "elapsed": 149.461055, "delta": 1.238137}}
{"target": -992.7043253610473, "params": {"x1": 83.52999999946928, "x2": 404.3699999991775, "x3": -267.0200000002119, "x4": 389.7299999991908, "x5": -340.39000000014516}, "datetime": {"datetime": "2020-10-19 13:32:47", "elapsed": 150.972881, "delta": 1.511826}}
{"target": -696.1262254246576, "params": {"x1": 211.73999999935268, "x2": 400.00999999918145, "x3": -259.80000000021846, "x4": 424.84999999915885, "x5": -328.31000000015615}, "datetime": {"datetime": "2020-10-19 13:32:49", "elapsed": 152.155889, "delta": 1.183008}}
{"target": -1797.3327824018882, "params": {"x1": 133.06999999942423, "x2": 209.01999999935515, "x3": -232.57000000024323, "x4": 413.09999999916954, "x5": -211.08000000026277}, "datetime": {"datetime": "2020-10-19 13:32:50", "elapsed": 153.209237, "delta": 1.053348}}
{"target": -1431.8019491337732, "params": {"x1": -174.4200000002961, "x2": 402.84999999917886, "x3": -285.1600000001954, "x4": 337.52999999923827, "x5": -270.24000000020897}, "datetime": {"datetime": "2020-10-19 13:32:51", "elapsed": 154.674812, "delta": 1.465575}}
{"target": -1353.3788131317413, "params": {"x1": -194.40000000027794, "x2": 460.3199999991266, "x3": -258.6500000002195, "x4": 424.1499999991595, "x5": -257.40000000022064}, "datetime": {"datetime": "2020-10-19 13:32:52", "elapsed": 155.737322, "delta": 1.06251}}
{"target": -929.7463935370661, "params": {"x1": -73.77000000038765, "x2": 435.4499999991492, "x3": 405.5699999991764, "x4": -146.9500000003211, "x5": -316.9100000001665}, "datetime": {"datetime": "2020-10-19 13:32:53", "elapsed": 156.700718, "delta": 0.963396}}
{"target": -1225.563423776784, "params": {"x1": -140.31000000032714, "x2": 423.1499999991604, "x3": -335.90000000014925, "x4": 496.3499999990938, "x5": -326.1400000001581}, "datetime": {"datetime": "2020-10-19 13:32:54", "elapsed": 157.669198, "delta": 0.96848}}
{"target": -713.0173558628414, "params": {"x1": -129.85000000033665, "x2": 420.1899999991631, "x3": 410.86999999917157, "x4": 67.10999999948422, "x5": -317.10000000016635}, "datetime": {"datetime": "2020-10-19 13:32:56", "elapsed": 159.106824, "delta": 1.437626}}
{"target": -1136.2701222159856, "params": {"x1": 245.5799999993219, "x2": 359.3799999992184, "x3": -313.02000000017006, "x4": 457.27999999912936, "x5": -319.74000000016395}, "datetime": {"datetime": "2020-10-19 13:32:57", "elapsed": 160.36275, "delta": 1.255926}}
{"target": -1060.8406139167414, "params": {"x1": -176.92000000029384, "x2": 418.6299999991645, "x3": 397.13999999918406, "x4": 41.9499999995071, "x5": -316.410000000167}, "datetime": {"datetime": "2020-10-19 13:32:58", "elapsed": 161.302755, "delta": 0.940005}}
{"target": -1041.959378804497, "params": {"x1": 244.5386654930819, "x2": 447.2063811369884, "x3": -265.90116470692794, "x4": 371.3321039953638, "x5": -304.0354489732848}, "datetime": {"datetime": "2020-10-19 13:32:59", "elapsed": 162.072835, "delta": 0.77008}}
{"target": -1019.2666794833638, "params": {"x1": 65.78515128629033, "x2": 467.5524293258484, "x3": -260.4499610995092, "x4": 421.312019279065, "x5": -328.78635378771327}, "datetime": {"datetime": "2020-10-19 13:32:59", "elapsed": 162.70058, "delta": 0.627745}}
{"target": -1875.675655847353, "params": {"x1": 97.14208685568474, "x2": 330.0591757682952, "x3": 462.75888427862037, "x4": -139.20238786950148, "x5": -254.00414004102223}, "datetime": {"datetime": "2020-10-19 13:33:00", "elapsed": 163.563047, "delta": 0.862467}}
{"target": -725.281927532548, "params": {"x1": -100.65163271480594, "x2": 404.93241607925506, "x3": -288.285333503963, "x4": 386.1136373084512, "x5": -317.452347617643}, "datetime": {"datetime": "2020-10-19 13:33:01", "elapsed": 164.654408, "delta": 1.091361}}
{"target": -651.4744277348996, "params": {"x1": 0.7541779087985105, "x2": 400.33447287559363, "x3": -294.4337216370043, "x4": 429.4147479693296, "x5": -317.1312184257181}, "datetime": {"datetime": "2020-10-19 13:33:02", "elapsed": 165.477637, "delta": 0.823229}}
{"target": -1623.9711703466614, "params": {"x1": -27.6772447216199, "x2": 331.5970667722511, "x3": 418.7030101214267, "x4": -163.030073907519, "x5": -336.93970959932494}, "datetime": {"datetime": "2020-10-19 13:33:03", "elapsed": 166.63281, "delta": 1.155173}}
{"target": -1443.213074313427, "params": {"x1": -94.74703926110982, "x2": 359.9923949440582, "x3": 406.1581419088918, "x4": 114.62378212915121, "x5": -272.6670863989051}, "datetime": {"datetime": "2020-10-19 13:33:04", "elapsed": 167.762857, "delta": 1.130047}}
