{"target": -1099.8250459423375, "params": {"x1": 224.58889260777755, "x2": 390.57358687571275, "x3": -329.6766166790137, "x4": 443.8599977146041, "x5": -368.68024235226324}, "datetime": {"datetime": "2020-10-19 13:33:05", "elapsed": 168.475978, "delta": 0.713121}}
{"target": -1037.745970074815, "params": {"x1": -148.96782577487886, "x2": 426.91097957150566, "x3": 441.1429786267528, "x4": -244.21846362173338, "x5": -264.7548817918581}, "datetime": {"datetime": "2020-10-19 13:33:06", "elapsed": 169.574104, "delta": 1.098126}}
{"target": -808.003932174408, "params": {"x1": -102.1185303582036, "x2": 427.6846287581151, "x3": 430.36718179159413, "x4": 44.192537660512926, "x5": -313.3427136244551}, "datetime": {"datetime": "2020-10-19 13:33:07", "elapsed": 170.262738, "delta": 0.688634}}
{"target": -732.5392993879225, "params": {"x1": -151.59819011489816, "x2": 412.8829666143238, "x3": -278.50564538018295, "x4": 434.014278159819, "x5": -270.8532726954782}, "datetime": {"datetime": "2020-10-19 13:33:08", "elapsed": 171.336105, "delta": 1.073367}}
{"target": -989.5483535865892, "params": {"x1": -134.15824410924102, "x2": 444.29446479323246, "x3": 448.368152570403, "x4": -266.73956619899604, "x5": -254.21709455512698}, "datetime": {"datetime": "2020-10-19 13:33:09", "elapsed": 172.106979, "delta": 0.770874}}
{"target": -1452.4730785840475, "params": {"x1": -61.25876046664115, "x2": 456.5970184790582, "x3": 359.2679261112222, "x4": -112.33829589783318, "x5": -331.88030934648805}, "datetime": {"datetime": "2020-10-19 13:33:10", "elapsed": 173.140524, "delta": 1.033545}}
{"target": -1005.2526524127081, "params": {"x1": -156.8182250657535, "x2": 427.56105759467687, "x3": -234.95321930566968, "x4": 398.56124868705, "x5": -298.647058399086}, "datetime": {"datetime": "2020-10-19 13:33:11", "elapsed": 174.151029, "delta": 1.010505}}
{"target": -771.4389645377321, "params": {"x1": 242.79941557505333, "x2": 463.03112823354434, "x3": -308.37111424024044, "x4": 420.12757734725153, "x5": -318.8958959484737}, "datetime": {"datetime": "2020-10-19 13:33:11", "elapsed": 174.993247, "delta": 0.842218}}
{"target": -1194.608041800184, "params": {"x1": -82.12583101028827, "x2": 442.27505666756406, "x3": -372.5105274437569, "x4": 447.097215831674, "x5": -309.4810075278648}, "datetime": {"datetime": "2020-10-19 13:33:12", "elapsed": 175.877852, "delta": 0.884605}}
{"target": -1060.6456708434348, "params": {"x1": 267.79074997086195, "x2": 418.6418290157236, "x3": -306.9270252534881, "x4": 455.81900328963013, "x5": -260.44213787059755}, "datetime": {"datetime": "2020-10-19 13:33:13", "elapsed": 176.573765, "delta": 0.695913}}
{"target": -1796.6547560521165, "params": {"x1": -39.99332708689508, "x2": 381.96127668359543, "x3": 457.0852458575406, "x4": -231.77527334216285, "x5": -208.42110008862682}, "datetime": {"datetime": "2020-10-19 13:33:14", "elapsed": 177.461545, "delta": 0.88778}}
{"target": -1317.946320804473, "params": {"x1": -121.16716291377782, "x2": 408.53540525202743, "x3": 384.1515639730885, "x4": -208.43306644446523, "x5": -258.4772336394078}, "datetime": {"datetime": "2020-10-19 13:33:15", "elapsed": 178.600254, "delta": 1.138709}}
{"target": -654.3244582723814, "params": {"x1": 89.1185592997607, "x2": 410.9901941146919, "x3": -328.4977527045198, "x4": 423.4218456322051, "x5": -299.4714054891706}, "datetime": {"datetime": "2020-10-19 13:33:16", "elapsed": 179.560242, "delta": 0.959988}}
{"target": -951.9767856246453, "params": {"x1": -144.865224034478, "x2": 414.84456334307686, "x3": -322.4974536672297, "x4": 357.93985522962316, "x5": -289.5319876704482}, "datetime": {"datetime": "2020-10-19 13:33:17", "elapsed": 180.557426, "delta": 0.997184}}
{"target": -1916.3158167891215, "params": {"x1": -210.6710251649282, "x2": 381.22771103367256, "x3": 410.5451256555515, "x4": -350.52059062827675, "x5": -427.34355716671513}, "datetime": {"datetime": "2020-10-19 13:33:18", "elapsed": 181.729367, "delta": 1.171941}}
{"target": -1204.5218909195485, "params": {"x1": -160.75414122617684, "x2": 463.0816486091194, "x3": -263.4890477989158, "x4": 379.4713932967396, "x5": -324.1884051887505}, "datetime": {"datetime": "2020-10-19 13:33:19", "elapsed": 182.89256, "delta": 1.163193}}
{"target": -995.3187562745281, "params": {"x1": 184.80645676063477, "x2": 376.6410129621677, "x3": -247.5888416118216, "x4": 420.89466020907753, "x5": -328.7400951917987}, "datetime": {"datetime": "2020-10-19 13:33:21", "elapsed": 184.021519, "delta": 1.128959}}
{"target": -928.1119896906328, "params": {"x1": 98.92609865995871, "x2": 395.6743083485967, "x3": -335.15227599562843, "x4": 394.47569428867075, "x5": -286.01689788564266}, "datetime": {"datetime": "2020-10-19 13:33:21", "elapsed": 184.91957, "delta": 0.898051}}
{"target": -894.1612799366533, "params": {"x1": 149.33284919520588, "x2": 378.2043252758168, "x3": -281.68605314645447, "x4": 407.3330596787347, "x5": -309.2479219977111}, "datetime": {"datetime": "2020-10-19 13:33:23", "elapsed": 186.044885, "delta": 1.125315}}
{"target": -1055.678029968532, "params": {"x1": 222.7289734570544, "x2": 240.92560816040748, "x3": -266.7632647408804, "x4": 401.60059655885914, "x5": -330.0018622476023}, "datetime": {"datetime": "2020-10-19 13:33:23", "elapsed": 186.958603, "delta": 0.913718}}
{"target": -1604.0973608225331, "params": {"x1": -163.70662461636852, "x2": 496.3303237012399, "x3": 441.7807383150538, "x4": -242.87525017675358, "x5": -278.87731087426766}, "datetime": {"datetime": "2020-10-19 13:33:24", "elapsed": 187.844954, "delta": 0.886351}}
{"target": -823.2752780689411, "params": {"x1": -39.84724681819904, "x2": 412.1554985170968, "x3": -285.11003917651453, "x4": 438.8148856548571, "x5": -341.78463501302235}, "datetime": {"datetime": "2020-10-19 13:33:25", "elapsed": 188.701372, "delta": 0.856418}}
{"target": -1612.6605875873743, "params": {"x1": -153.5340891738682, "x2": 385.94483621878805, "x3": 481.8854902438685, "x4": -319.96220665279594, "x5": -204.8192330562831}, "datetime": {"datetime": "2020-10-19 13:33:27", "elapsed": 190.377231, "delta": 1.675859}}
{"target": -1069.051837317398, "params": {"x1": 91.92160765384938, "x2": 441.03920839852015, "x3": -266.654007037604, "x4": 467.92061126654266, "x5": -322.2617129497755}, "datetime": {"datetime": "2020-10-19 13:33:28", "elapsed": 191.269226, "delta": 0.891995}}
{"target": -1177.542897128169, "params": {"x1": 75.90520594437601, "x2": 473.7190276964134, "x3": -271.43375571299396, "x4": 416.1791036964888, "x5": -349.1445238241422}, "datetime": {"datetime": "2020-10-19 13:33:29", "elapsed": 192.189064, "delta": 0.919838}}
{"target": -1206.4282958628837, "params": {"x1": 61.22296793104772, "x2": 361.4255270430717, "x3": -250.7754038652965, "x4": 440.9488000005557, "x5": -318.65296342233876}, "datetime": {"datetime": "2020-10-19 13:33:30", "elapsed": 193.307773, "delta": 1.118709}}
{"target": -1423.9434912429588, "params": {"x1": -28.44240485099681, "x2": 377.29957401364265, "x3": 468.56905599080756, "x4": -56.235661096509034, "x5": -325.15951842296954}, "datetime": {"datetime": "2020-10-19 13:33:31", "elapsed": 194.16012, "delta": 0.852347}}
{"target": -1089.637896872784, "params": {"x1": 250.06182540437067, "x2": 469.54529287436173, "x3": -317.9089921099837, "x4": 378.24207326403814, "x5": -298.886200466328}, "datetime": {"datetime": "2020-10-19 13:33:32", "elapsed": 195.210157, "delta": 1.050037}}
{"target": -785.5089871611792, "params": {"x1": 131.51342281420602, "x2": 403.948770026779, "x3": -324.1743881646245, "x4": 417.1282775096206, "x5": -290.92750680057657}, "datetime": {"datetime": "2020-10-19 13:33:33", "elapsed": 196.565277, "delta": 1.35512}}
{"target": -997.5818092324939, "params": {"x1": -122.18978316795284, "x2": 380.3552288796594, "x3": 404.48684435193286, "x4": 59.316971425100974, "x5": -331.26297605522393}, "datetime": {"datetime": "2020-10-19 13:33:34", "elapsed": 197.420044, "delta": 0.854767}}
{"target": -928.9772929684602, "params": {"x1": 29.769367378042148, "x2": 437.71901338004557, "x3": -287.05800505015554, "x4": 450.5325995903537, "x5": -262.02986133483}, "datetime": {"datetime": "2020-10-19 13:33:35", "elapsed": 198.46019, "delta": 1.040146}}
{"target": -1994.836370134366, "params": {"x1": 487.7142319827574, "x2": 149.82177246769936, "x3": 59.52950402526767, "x4": -470.68969373383163, "x5": 467.20424969673036}, "datetime": {"datetime": "2020-10-19 13:33:36", "elapsed": 199.434934, "delta": 0.974744}}
{"target": -953.9716312226101, "params": {"x1": -164.23513603648308, "x2": 428.0738174637512, "x3": 412.39938097490585, "x4": 32.67334075914164, "x5": -288.62320630040483}, "datetime": {"datetime": "2020-10-19 13:33:37", "elapsed": 200.229431, "delta": 0.794497}}
{"target": -825.2637119893707, "params": {"x1": 57.83722970653764, "x2": 427.63314491458686, "x3": -293.8416585368675, "x4": 372.9437067683251, "x5": -280.67696020380026}, "datetime": {"datetime": "2020-10-19 13:33:38", "elapsed": 201.270856, "delta": 1.041425}}
{"target": -1075.167606908891, "params": {"x1": -55.47749269899725, "x2": 457.75976444650735, "x3": 464.12275690671345, "x4": -295.3105233020767, "x5": -328.31970996390123}, "datetime": {"datetime": "2020-10-19 13:33:39", "elapsed": 202.372507, "delta": 1.101651}}
{"target": -1047.0048020534553, "params": {"x1": -123.54149289269435, "x2": 455.2008602326049, "x3": -354.3968218777355, "x4": 440.4329990332516, "x5": -268.36059692290536}, "datetime": {"datetime": "2020-10-19 13:33:40", "elapsed": 203.460205, "delta": 1.087698}}
{"target": -1553.0894131634907, "params": {"x1": 10.386251463094254, "x2": 431.51111871497983, "x3": 417.32972931132656, "x4": -368.6920811340316, "x5": -458.276918707194}, "datetime": {"datetime": "2020-10-19 13:33:41", "elapsed": 204.525026, "delta": 1.064821}}
{"target": -1260.7122142649198, "params": {"x1": 40.89511142098638, "x2": 411.95469799921796, "x3": 490.7651705411122, "x4": -111.52881248685162, "x5": -306.1520300653533}, "datetime": {"datetime": "2020-10-19 13:33:42", "elapsed": 205.480286, "delta": 0.95526}}
{"target": -678.2724709663544, "params": {"x1": 208.78404136860036, "x2": 444.4537885672896, "x3": -321.76947998775296, "x4": 436.95558752414684, "x5": -262.7057601858286}, "datetime": {"datetime": "2020-10-19 13:33:43", "elapsed": 206.791263, "delta": 1.310977}}
{"target": -752.594125336127, "params": {"x1": 190.31562968983974, "x2": 424.82038946653495, "x3": -342.8983533219181, "x4": 457.5886477768489, "x5": -316.54313352359134}, "datetime": {"datetime": "2020-10-19 13:33:44", "elapsed": 207.924318, "delta": 1.133055}}
{"target": -1163.660583163375, "params": {"x1": -36.35557810877998, "x2": 458.6348069501952, "x3": 420.57956324933343, "x4": -163.92193856915748, "x5": -332.46718795594364}, "datetime": {"datetime": "2020-10-19 13:33:45", "elapsed": 208.846619, "delta": 0.922301}}
{"target": -676.5642516529476, "params": {"x1": 178.12692604193705, "x2": 453.0528930183398, "x3": -314.50091071124564, "x4": 405.4403525206519, "x5": -277.81232937823864}, "datetime": {"datetime": "2020-10-19 13:33:46", "elapsed": 210.009887, "delta": 1.163268}}
{"target": -667.35053596805, "params": {"x1": -140.28961976745103, "x2": 409.091939483616, "x3": -266.8984590447555, "x4": 404.56969402061964, "x5": -293.6610127384771}, "datetime": {"datetime": "2020-10-19 13:33:48", "elapsed": 211.62141, "delta": 1.611523}}
{"target": -1261.1533927278847, "params": {"x1": -28.93940606064382, "x2": 428.79005436504826, "x3": -348.6749911929031, "x4": 390.2928500925766, "x5": -237.60053919228727}, "datetime": {"datetime": "2020-10-19 13:33:50", "elapsed": 213.093678, "delta": 1.472268}}
