{"target": -1632.572555297997, "params": {"x1": 220.0, "x2": 250.0, "x3": -350.0, "x4": 470.0, "x5": -250.0}, "datetime": {"datetime": "2020-10-19 13:30:52", "elapsed": 35.858074, "delta": 0.255561}}
{"target": -1093.2508339116184, "params": {"x1": 190.0, "x2": 450.0, "x3": -280.0, "x4": 400.0, "x5": -210.0}, "datetime": {"datetime": "2020-10-19 13:30:53", "elapsed": 36.211726, "delta": 0.353652}}
{"target": -676.6611423552972, "params": {"x1": 60.0, "x2": 400.0, "x3": -290.0, "x4": 410.0, "x5": -330.0}, "datetime": {"datetime": "2020-10-19 13:30:53", "elapsed": 36.480053, "delta": 0.268327}}
{"target": -1197.2793742393656, "params": {"x1": 260.0, "x2": 350.0, "x3": -310.0, "x4": 400.0, "x5": -310.0}, "datetime": {"datetime": "2020-10-19 13:30:53", "elapsed": 36.844103, "delta": 0.36405}}
{"target": -1243.7411475246608, "params": {"x1": 60.0, "x2": 450.0, "x3": -290.0, "x4": 370.0, "x5": -360.0}, "datetime": {"datetime": "2020-10-19 13:30:54", "elapsed": 37.231426, "delta": 0.387323}}
{"target": -551.4371796477519, "params": {"x1": 170.0, "x2": 420.0, "x3": -320.0, "x4": 410.0, "x5": -290.0}, "datetime": {"datetime": "2020-10-19 13:30:54", "elapsed": 37.693428, "delta": 0.462002}}
{"target": -1321.81617698129, "params": {"x1": 140.0, "x2": 430.0, "x3": -330.0, "x4": 360.0, "x5": -260.0}, "datetime": {"datetime": "2020-10-19 13:30:54", "elapsed": 37.965306, "delta": 0.271878}}
{"target": -2217.4385270505536, "params": {"x1": -120.0, "x2": 480.0, "x3": -210.0, "x4": 290.0, "x5": -110.0}, "datetime": {"datetime": "2020-10-19 13:30:55", "elapsed": 38.461996, "delta": 0.49669}}
{"target": -1695.5377645515705, "params": {"x1": -220.0, "x2": 470.0, "x3": -350.0, "x4": 370.0, "x5": -340.0}, "datetime": {"datetime": "2020-10-19 13:30:55", "elapsed": 38.818963, "delta": 0.356967}}
{"target": -1233.636562433745, "params": {"x1": -30.0, "x2": 440.0, "x3": 370.0, "x4": 100.0, "x5": -290.0}, "datetime": {"datetime": "2020-10-19 13:30:56", "elapsed": 39.080843, "delta": 0.26188}}
{"target": -834.6043619024595, "params": {"x1": -10.0, "x2": 400.0, "x3": -260.0, "x4": 430.0, "x5": -290.0}, "datetime": {"datetime": "2020-10-19 13:30:56", "elapsed": 39.432658, "delta": 0.351815}}
{"target": -1757.6240899184495, "params": {"x1": 140.0, "x2": 410.0, "x3": -350.0, "x4": 490.0, "x5": -240.0}, "datetime": {"datetime": "2020-10-19 13:30:56", "elapsed": 39.726862, "delta": 0.294204}}
{"target": -788.8166867322507, "params": {"x1": 200.0, "x2": 370.0, "x3": -320.0, "x4": 400.0, "x5": -280.0}, "datetime": {"datetime": "2020-10-19 13:30:57", "elapsed": 40.088452, "delta": 0.36159}}
{"target": -1841.8971989008187, "params": {"x1": 30.0, "x2": 340.0, "x3": -300.0, "x4": 450.0, "x5": -390.0}, "datetime": {"datetime": "2020-10-19 13:30:57", "elapsed": 40.448296, "delta": 0.359844}}
{"target": -1341.5196280907098, "params": {"x1": 20.0, "x2": 450.0, "x3": -320.0, "x4": 370.0, "x5": -360.0}, "datetime": {"datetime": "2020-10-19 13:30:57", "elapsed": 40.867938, "delta": 0.419642}}
{"target": -1209.2005056331827, "params": {"x1": -10.0, "x2": 460.0, "x3": -300.0, "x4": 480.0, "x5": -330.0}, "datetime": {"datetime": "2020-10-19 13:30:58", "elapsed": 41.315249, "delta": 0.447311}}
{"target": -996.3145043288068, "params": {"x1": 80.0, "x2": 470.0, "x3": -280.0, "x4": 450.0, "x5": -320.0}, "datetime": {"datetime": "2020-10-19 13:30:58", "elapsed": 41.757094, "delta": 0.441845}}
{"target": -1109.1152617478965, "params": {"x1": -10.0, "x2": 450.0, "x3": -250.0, "x4": 400.0, "x5": -270.0}, "datetime": {"datetime": "2020-10-19 13:30:59", "elapsed": 42.03111, "delta": 0.274016}}
{"target": -1590.0797819302247, "params": {"x1": -110.0, "x2": 480.0, "x3": -260.0, "x4": 340.0, "x5": -300.0}, "datetime": {"datetime": "2020-10-19 13:30:59", "elapsed": 42.299506, "delta": 0.268396}}
{"target": -748.709203688737, "params": {"x1": 220.0, "x2": 460.0, "x3": -340.0, "x4": 410.0, "x5": -300.0}, "datetime": {"datetime": "2020-10-19 13:30:59", "elapsed": 42.653306, "delta": 0.3538}}
{"target": -1211.5163034257325, "params": {"x1": 60.0, "x2": 440.0, "x3": -320.0, "x4": 450.0, "x5": -380.0}, "datetime": {"datetime": "2020-10-19 13:31:00", "elapsed": 43.020244, "delta": 0.366938}}
{"target": -1058.5988324651273, "params": {"x1": 210.0, "x2": 330.0, "x3": -300.0, "x4": 430.0, "x5": -280.0}, "datetime": {"datetime": "2020-10-19 13:31:00", "elapsed": 43.466535, "delta": 0.446291}}
{"target": -1119.6793779595255, "params": {"x1": 170.0, "x2": 380.0, "x3": -270.0, "x4": 400.0, "x5": -250.0}, "datetime": {"datetime": "2020-10-19 13:31:00", "elapsed": 43.814497, "delta": 0.347962}}
{"target": -780.0508369819067, "params": {"x1": 230.0, "x2": 470.0, "x3": -320.0, "x4": 430.0, "x5": -290.0}, "datetime": {"datetime": "2020-10-19 13:31:01", "elapsed": 44.152752, "delta": 0.338255}}
{"target": -1323.111790661806, "params": {"x1": -100.0, "x2": 450.0, "x3": -290.0, "x4": 370.0, "x5": -230.0}, "datetime": {"datetime": "2020-10-19 13:31:01", "elapsed": 44.543004, "delta": 0.390252}}
{"target": -876.9506717353779, "params": {"x1": -110.0, "x2": 460.0, "x3": -280.0, "x4": 390.0, "x5": -280.0}, "datetime": {"datetime": "2020-10-19 13:31:01", "elapsed": 44.88505, "delta": 0.342046}}
{"target": -1524.796719600718, "params": {"x1": 70.0, "x2": 420.0, "x3": 320.0, "x4": 160.0, "x5": -280.0}, "datetime": {"datetime": "2020-10-19 13:31:02", "elapsed": 45.294929, "delta": 0.409879}}
{"target": -1031.60622623177, "params": {"x1": 150.0, "x2": 430.0, "x3": -290.0, "x4": 400.0, "x5": -360.0}, "datetime": {"datetime": "2020-10-19 13:31:02", "elapsed": 45.617517, "delta": 0.322588}}
{"target": -1407.2151154040944, "params": {"x1": 66.0, "x2": 363.0, "x3": -295.0, "x4": 352.0, "x5": -333.0}, "datetime": {"datetime": "2020-10-19 13:31:02", "elapsed": 46.001125, "delta": 0.383608}}
{"target": -942.7525244708106, "params": {"x1": 162.0, "x2": 434.0, "x3": -288.0, "x4": 401.0, "x5": -357.0}, "datetime": {"datetime": "2020-10-19 13:31:03", "elapsed": 46.540966, "delta": 0.539841}}
{"target": -1340.5185649022594, "params": {"x1": 193.0, "x2": 322.0, "x3": -342.0, "x4": 428.0, "x5": -333.0}, "datetime": {"datetime": "2020-10-19 13:31:04", "elapsed": 47.057192, "delta": 0.516226}}
{"target": -838.9776109093252, "params": {"x1": 207.0, "x2": 407.0, "x3": -367.0, "x4": 439.0, "x5": -310.0}, "datetime": {"datetime": "2020-10-19 13:31:04", "elapsed": 47.712519, "delta": 0.655327}}
{"target": -1132.1682443897848, "params": {"x1": 183.0, "x2": 374.0, "x3": -313.0, "x4": 402.0, "x5": -229.0}, "datetime": {"datetime": "2020-10-19 13:31:05", "elapsed": 48.097318, "delta": 0.384799}}
{"target": -1281.581984845501, "params": {"x1": 96.0, "x2": 334.0, "x3": -283.0, "x4": 428.0, "x5": -285.0}, "datetime": {"datetime": "2020-10-19 13:31:05", "elapsed": 48.495824, "delta": 0.398506}}
{"target": -948.9883568919254, "params": {"x1": -144.0, "x2": 424.0, "x3": 386.0, "x4": 88.0, "x5": -287.0}, "datetime": {"datetime": "2020-10-19 13:31:05", "elapsed": 48.960104, "delta": 0.46428}}
{"target": -1038.9052439168966, "params": {"x1": -89.0, "x2": 415.0, "x3": 460.0, "x4": 57.0, "x5": -323.0}, "datetime": {"datetime": "2020-10-19 13:31:06", "elapsed": 49.268915, "delta": 0.308811}}
{"target": -995.581717199809, "params": {"x1": 19.0, "x2": 450.0, "x3": -310.0, "x4": 472.0, "x5": -291.0}, "datetime": {"datetime": "2020-10-19 13:31:06", "elapsed": 49.636538, "delta": 0.367623}}
{"target": -1188.7599960796688, "params": {"x1": 46.0, "x2": 390.0, "x3": -230.0, "x4": 396.0, "x5": -283.0}, "datetime": {"datetime": "2020-10-19 13:31:06", "elapsed": 50.001825, "delta": 0.365287}}
{"target": -987.6402812899312, "params": {"x1": 215.0, "x2": 415.0, "x3": -285.0, "x4": 385.0, "x5": -229.0}, "datetime": {"datetime": "2020-10-19 13:31:07", "elapsed": 50.364878, "delta": 0.363053}}
{"target": -1503.180139199724, "params": {"x1": 90.0, "x2": 490.0, "x3": -278.0, "x4": 479.0, "x5": -312.0}, "datetime": {"datetime": "2020-10-19 13:31:07", "elapsed": 50.984189, "delta": 0.619311}}
{"target": -1401.4600964778933, "params": {"x1": -93.0, "x2": 472.0, "x3": -238.0, "x4": 389.0, "x5": -276.0}, "datetime": {"datetime": "2020-10-19 13:31:08", "elapsed": 51.348568, "delta": 0.364379}}
{"target": -1152.9649846283367, "params": {"x1": 200.0, "x2": 421.0, "x3": -310.0, "x4": 295.0, "x5": -277.0}, "datetime": {"datetime": "2020-10-19 13:31:08", "elapsed": 51.686258, "delta": 0.33769}}
{"target": -1246.9796985794376, "params": {"x1": -64.0, "x2": 391.0, "x3": 370.0, "x4": 62.0, "x5": -298.0}, "datetime": {"datetime": "2020-10-19 13:31:09", "elapsed": 52.119934, "delta": 0.433676}}
{"target": -1027.164904480739, "params": {"x1": -163.0, "x2": 399.0, "x3": 389.0, "x4": 61.0, "x5": -290.0}, "datetime": {"datetime": "2020-10-19 13:31:09", "elapsed": 52.492791, "delta": 0.372857}}
{"target": -1448.4873875278615, "params": {"x1": 46.0, "x2": 484.0, "x3": -344.0, "x4": 460.0, "x5": -333.0}, "datetime": {"datetime": "2020-10-19 13:31:10", "elapsed": 53.024888, "delta": 0.532097}}
{"target": -1132.908323825867, "params": {"x1": -172.0, "x2": 413.0, "x3": 400.0, "x4": 113.0, "x5": -290.0}, "datetime": {"datetime": "2020-10-19 13:31:10", "elapsed": 53.448628, "delta": 0.42374}}
{"target": -1216.3926723880968, "params": {"x1": -17.0, "x2": 435.0, "x3": -336.0, "x4": 442.0, "x5": -222.0}, "datetime": {"datetime": "2020-10-19 13:31:10", "elapsed": 53.951708, "delta": 0.50308}}
{"target": -1101.7570778200902, "params": {"x1": 187.0, "x2": 251.0, "x3": -291.0, "x4": 374.0, "x5": -300.0}, "datetime": {"datetime": "2020-10-19 13:31:11", "elapsed": 54.370717, "delta": 0.419009}}
{"target": -1140.0612450320416, "params": {"x1": 208.0, "x2": 377.0, "x3": -288.0, "x4": 403.0, "x5": -201.0}, "datetime": {"datetime": "2020-10-19 13:31:11", "elapsed": 54.78449, "delta": 0.413773}}
{"target": -1187.339576144042, "params": {"x1": 181.0, "x2": 381.0, "x3": -332.0, "x4": 399.0, "x5": -229.0}, "datetime": {"datetime": "2020-10-19 13:31:12", "elapsed": 55.248949, "delta": 0.464459}}
{"target": -1270.1707647683074, "params": {"x1": 51.0, "x2": 370.0, "x3": 401.0, "x4": 120.0, "x5": -308.0}, "datetime": {"datetime": "2020-10-19 13:31:12", "elapsed": 55.625903, "delta": 0.376954}}
{"target": -1162.5184957941922, "params": {"x1": -145.0, "x2": 488.0, "x3": -269.0, "x4": 443.0, "x5": -316.0}, "datetime": {"datetime": "2020-10-19 13:31:13", "elapsed": 56.181909, "delta": 0.556006}}
{"target": -926.7906901684576, "params": {"x1": -15.0, "x2": 432.0, "x3": -276.0, "x4": 396.0, "x5": -345.0}, "datetime": {"datetime": "2020-10-19 13:31:13", "elapsed": 56.687466, "delta": 0.505557}}
{"target": -654.9872769833362, "params": {"x1": 223.0, "x2": 401.0, "x3": -259.0, "x4": 423.0, "x5": -307.0}, "datetime": {"datetime": "2020-10-19 13:31:14", "elapsed": 57.301305, "delta": 0.613839}}
{"target": -834.1542017894917, "params": {"x1": 229.0, "x2": 450.0, "x3": -257.0, "x4": 396.0, "x5": -296.0}, "datetime": {"datetime": "2020-10-19 13:31:14", "elapsed": 57.821456, "delta": 0.520151}}
{"target": -372.48930133503654, "params": {"x1": 199.0, "x2": 414.0, "x3": -307.0, "x4": 414.0, "x5": -300.0}, "datetime": {"datetime": "2020-10-19 13:31:15", "elapsed": 58.586626, "delta": 0.76517}}
{"target": -847.4033057029064, "params": {"x1": -117.0, "x2": 413.0, "x3": -247.0, "x4": 449.0, "x5": -308.0}, "datetime": {"datetime": "2020-10-19 13:31:16", "elapsed": 59.194629, "delta": 0.608003}}
{"target": -701.4418166194719, "params": {"x1": -126.0, "x2": 408.0, "x3": -301.0, "x4": 461.0, "x5": -324.0}, "datetime": {"datetime": "2020-10-19 13:31:16", "elapsed": 59.602914, "delta": 0.408285}}
{"target": -881.8950087369617, "params": {"x1": 98.0, "x2": 421.0, "x3": -271.0, "x4": 383.0, "x5": -302.0}, "datetime": {"datetime": "2020-10-19 13:31:17", "elapsed": 60.132843, "delta": 0.529929}}
{"target": -1186.5785624250402, "params": {"x1": 131.0, "x2": 446.0, "x3": -268.0, "x4": 396.0, "x5": -347.0}, "datetime": {"datetime": "2020-10-19 13:31:17", "elapsed": 60.638693, "delta": 0.50585}}
{"target": -1348.373882246955, "params": {"x1": -94.0, "x2": 441.0, "x3": 458.0, "x4": 73.0, "x5": -239.0}, "datetime": {"datetime": "2020-10-19 13:31:18", "elapsed": 61.041195, "delta": 0.402502}}
{"target": -1537.0381294566234, "params": {"x1": -57.0, "x2": 406.0, "x3": -223.0, "x4": 434.0, "x5": -368.0}, "datetime": {"datetime": "2020-10-19 13:31:18", "elapsed": 61.523053, "delta": 0.481858}}
{"target": -1056.0569464966147, "params": {"x1": -57.0, "x2": 398.0, "x3": 441.0, "x4": 50.0, "x5": -279.0}, "datetime": {"datetime": "2020-10-19 13:31:18", "elapsed": 62.008357, "delta": 0.485304}}
{"target": -1292.036815661743, "params": {"x1": -87.0, "x2": 404.0, "x3": -285.0, "x4": 483.0, "x5": -349.0}, "datetime": {"datetime": "2020-10-19 13:31:19", "elapsed": 62.575478, "delta": 0.567121}}
{"target": -889.6215350498248, "params": {"x1": 3.0, "x2": 435.0, "x3": 401.0, "x4": 77.0, "x5": -294.0}, "datetime": {"datetime": "2020-10-19 13:31:19", "elapsed": 63.003318, "delta": 0.42784}}
{"target": -1190.6342764644303, "params": {"x1": 28.0, "x2": 447.0, "x3": -259.0, "x4": 448.0, "x5": -255.0}, "datetime": {"datetime": "2020-10-19 13:31:20", "elapsed": 63.438498, "delta": 0.43518}}
{"target": -1105.5398776321888, "params": {"x1": 224.0, "x2": 365.0, "x3": -248.0, "x4": 420.0, "x5": -276.0}, "datetime": {"datetime": "2020-10-19 13:31:20", "elapsed": 63.770217, "delta": 0.331719}}
{"target": -2045.166200895149, "params": {"x1": -229.0, "x2": 403.0, "x3": -222.0, "x4": 492.0, "x5": -240.0}, "datetime": {"datetime": "2020-10-19 13:31:21", "elapsed": 64.3878, "delta": 0.617583}}
{"target": -1119.068725714927, "params": {"x1": -52.0, "x2": 388.0, "x3": 417.0, "x4": -27.0, "x5": -271.0}, "datetime": {"datetime": "2020-10-19 13:31:21", "elapsed": 64.953297, "delta": 0.565497}}
{"target": -1534.5555874913755, "params": {"x1": -166.0, "x2": 363.0, "x3": -257.0, "x4": 459.0, "x5": -343.0}, "datetime": {"datetime": "2020-10-19 13:31:22", "elapsed": 65.405869, "delta": 0.452572}}
{"target": -438.63467030001357, "params": {"x1": 210.0, "x2": 406.0, "x3": -307.0, "x4": 404.0, "x5": -292.0}, "datetime": {"datetime": "2020-10-19 13:31:22", "elapsed": 65.831395, "delta": 0.425526}}
{"target": -1218.9943556336257, "params": {"x1": -42.0, "x2": 429.0, "x3": 456.0, "x4": -35.0, "x5": -258.0}, "datetime": {"datetime": "2020-10-19 13:31:23", "elapsed": 66.255728, "delta": 0.424333}}
{"target": -894.4642805155252, "params": {"x1": 232.0, "x2": 410.0, "x3": -316.0, "x4": 457.0, "x5": -350.0}, "datetime": {"datetime": "2020-10-19 13:31:23", "elapsed": 66.613879, "delta": 0.358151}}
{"target": -1185.2047195179462, "params": {"x1": -106.0, "x2": 498.0, "x3": -317.0, "x4": 399.0, "x5": -322.0}, "datetime": {"datetime": "2020-10-19 13:31:24", "elapsed": 67.0264, "delta": 0.412521}}
{"target": -1481.2114099112453, "params": {"x1": 21.0, "x2": 407.0, "x3": -240.0, "x4": 366.0, "x5": -258.0}, "datetime": {"datetime": "2020-10-19 13:31:24", "elapsed": 67.553831, "delta": 0.527431}}
{"target": -1483.2824181824112, "params": {"x1": -142.0, "x2": 374.0, "x3": -335.0, "x4": 476.0, "x5": -356.0}, "datetime": {"datetime": "2020-10-19 13:31:24", "elapsed": 68.005334, "delta": 0.451503}}
{"target": -1284.3979389203705, "params": {"x1": -76.0, "x2": 418.0, "x3": 470.0, "x4": 74.0, "x5": -339.0}, "datetime": {"datetime": "2020-10-19 13:31:25", "elapsed": 68.40292, "delta": 0.397586}}
{"target": -916.6734462523609, "params": {"x1": 206.0, "x2": 377.0, "x3": -333.0, "x4": 465.0, "x5": -310.0}, "datetime": {"datetime": "2020-10-19 13:31:25", "elapsed": 68.930575, "delta": 0.527655}}
{"target": -1162.1952467021308, "params": {"x1": 214.10000000016237, "x2": 401.700000000205, "x3": -306.79999999995607, "x4": 492.40000000022565, "x5": -347.69999999996537}, "datetime": {"datetime": "2020-10-19 13:31:26", "elapsed": 69.576577, "delta": 0.646002}}
{"target": -1042.5771815532212, "params": {"x1": -109.79999999991128, "x2": 464.30000000021926, "x3": -316.6999999999583, "x4": 364.00000000019645, "x5": -299.8999999999545}, "datetime": {"datetime": "2020-10-19 13:31:27", "elapsed": 70.101434, "delta": 0.524857}}
{"target": -1048.152638428061, "params": {"x1": 173.20000000015307, "x2": 452.90000000021666, "x3": -329.3999999999612, "x4": 413.1000000002076, "x5": -237.59999999994034}, "datetime": {"datetime": "2020-10-19 13:31:27", "elapsed": 70.645352, "delta": 0.543918}}
{"target": -1021.7671093284789, "params": {"x1": 148.50000000014745, "x2": 444.10000000021466, "x3": -311.49999999995714, "x4": 436.50000000021294, "x5": -246.29999999994232}, "datetime": {"datetime": "2020-10-19 13:31:28", "elapsed": 71.239931, "delta": 0.594579}}
{"target": -370.448664111452, "params": {"x1": 201.5000000001595, "x2": 413.5000000002077, "x3": -307.2999999999562, "x4": 414.800000000208, "x5": -299.59999999995443}, "datetime": {"datetime": "2020-10-19 13:31:29", "elapsed": 72.176548, "delta": 0.936617}}
{"target": -1238.609027725999, "params": {"x1": -113.09999999991203, "x2": 481.6000000002232, "x3": -286.7999999999515, "x4": 372.30000000019834, "x5": -272.89999999994836}, "datetime": {"datetime": "2020-10-19 13:31:29", "elapsed": 72.553082, "delta": 0.376534}}
{"target": -696.8958994940797, "params": {"x1": 241.5000000001686, "x2": 423.90000000021007, "x3": -316.79999999995835, "x4": 386.6000000002016, "x5": -313.8999999999577}, "datetime": {"datetime": "2020-10-19 13:31:30", "elapsed": 73.460815, "delta": 0.907733}}
{"target": -1175.3523280500447, "params": {"x1": 146.20000000014693, "x2": 243.40000000016903, "x3": -282.59999999995057, "x4": 392.4000000002029, "x5": -292.09999999995273}, "datetime": {"datetime": "2020-10-19 13:31:31", "elapsed": 74.037317, "delta": 0.576502}}
{"target": -871.8128632102992, "params": {"x1": 199.80000000015912, "x2": 412.1000000002074, "x3": -271.199999999948, "x4": 437.00000000021305, "x5": -238.89999999994063}, "datetime": {"datetime": "2020-10-19 13:31:31", "elapsed": 74.750019, "delta": 0.712702}}
{"target": -977.2880818901467, "params": {"x1": -69.49999999990212, "x2": 426.80000000021073, "x3": -337.99999999996317, "x4": 401.1000000002049, "x5": -264.89999999994654}, "datetime": {"datetime": "2020-10-19 13:31:32", "elapsed": 75.317753, "delta": 0.567734}}
{"target": -714.4307112770043, "params": {"x1": 247.80000000017003, "x2": 422.00000000020964, "x3": -322.6999999999597, "x4": 404.90000000020575, "x5": -325.8999999999604}, "datetime": {"datetime": "2020-10-19 13:31:32", "elapsed": 75.887616, "delta": 0.569863}}
{"target": -1020.2428221884711, "params": {"x1": 227.30000000016537, "x2": 445.30000000021494, "x3": -370.5999999999706, "x4": 446.4000000002152, "x5": -303.69999999995537}, "datetime": {"datetime": "2020-10-19 13:31:33", "elapsed": 76.341105, "delta": 0.453489}}
{"target": -1640.3555309474955, "params": {"x1": 42.00000000012324, "x2": 473.60000000022137, "x3": 437.7000000002132, "x4": 128.20000000014284, "x5": -357.79999999996767}, "datetime": {"datetime": "2020-10-19 13:31:33", "elapsed": 76.819347, "delta": 0.478242}}
{"target": -1187.8610968708465, "params": {"x1": 41.200000000123055, "x2": 403.50000000020543, "x3": -210.79999999993424, "x4": 394.70000000020343, "x5": -315.299999999958}, "datetime": {"datetime": "2020-10-19 13:31:34", "elapsed": 77.398306, "delta": 0.578959}}
{"target": -1105.0571463233618, "params": {"x1": -40.299999999895476, "x2": 414.4000000002079, "x3": -361.7999999999686, "x4": 381.7000000002005, "x5": -298.39999999995416}, "datetime": {"datetime": "2020-10-19 13:31:34", "elapsed": 77.997017, "delta": 0.598711}}
{"target": -815.1800892352867, "params": {"x1": -131.59999999991624, "x2": 437.90000000021325, "x3": -321.8999999999595, "x4": 467.1000000002199, "x5": -321.9999999999595}, "datetime": {"datetime": "2020-10-19 13:31:35", "elapsed": 78.574906, "delta": 0.577889}}
{"target": -1218.88586731587, "params": {"x1": -11.19999999988886, "x2": 458.60000000021796, "x3": 394.80000000020345, "x4": 89.40000000013401, "x5": -271.6999999999481}, "datetime": {"datetime": "2020-10-19 13:31:36", "elapsed": 79.208656, "delta": 0.63375}}
{"target": -1176.058669176547, "params": {"x1": 151.50000000014813, "x2": 418.90000000020893, "x3": -263.7999999999463, "x4": 382.10000000020057, "x5": -348.89999999996564}, "datetime": {"datetime": "2020-10-19 13:31:36", "elapsed": 79.91671, "delta": 0.708054}}
{"target": -887.466486115942, "params": {"x1": -93.39999999990755, "x2": 441.80000000021414, "x3": -274.4999999999487, "x4": 410.9000000002071, "x5": -260.09999999994545}, "datetime": {"datetime": "2020-10-19 13:31:37", "elapsed": 80.626474, "delta": 0.709764}}
{"target": -779.1326770407939, "params": {"x1": -19.59999999989077, "x2": 455.10000000021716, "x3": -317.7999999999586, "x4": 421.9000000002096, "x5": -326.6999999999606}, "datetime": {"datetime": "2020-10-19 13:31:38", "elapsed": 81.298422, "delta": 0.671948}}
{"target": -1219.5281687913975, "params": {"x1": 73.00000000013029, "x2": 464.30000000021926, "x3": -236.89999999994018, "x4": 453.0000000002167, "x5": -305.79999999995584}, "datetime": {"datetime": "2020-10-19 13:31:38", "elapsed": 81.921142, "delta": 0.62272}}
{"target": -986.311269874808, "params": {"x1": 210.90000000016164, "x2": 438.5000000002134, "x3": -243.89999999994177, "x4": 386.2000000002015, "x5": -334.5999999999624}, "datetime": {"datetime": "2020-10-19 13:31:39", "elapsed": 82.524887, "delta": 0.603745}}
{"target": -2314.0653408156945, "params": {"x1": -103.49999999990985, "x2": 315.4000000001854, "x3": 496.40000000022656, "x4": -39.199999999895226, "x5": -250.5999999999433}, "datetime": {"datetime": "2020-10-19 13:31:40", "elapsed": 83.1042, "delta": 0.579313}}
{"target": -1013.1705722252893, "params": {"x1": 213.20000000016216, "x2": 271.4000000001754, "x3": -305.0999999999557, "x4": 403.4000000002054, "x5": -298.69999999995423}, "datetime": {"datetime": "2020-10-19 13:31:40", "elapsed": 83.885266, "delta": 0.781066}}
