{"target": -1851.4098131045535, "params": {"x1": -82.97799529742599, "x2": 220.3244934421581, "x3": -499.88562518265513, "x4": -197.66742736816025, "x5": -353.244109182887}, "datetime": {"datetime": "2020-10-19 13:30:16", "elapsed": 0.0, "delta": 0.0}}
{"target": -1376.7183937744865, "params": {"x1": 280.4231086564697, "x2": 448.68678241375915, "x3": -265.9335849001868, "x4": 432.85769977423104, "x5": -244.66896852338195}, "datetime": {"datetime": "2020-10-19 13:30:17", "elapsed": 0.040319, "delta": 0.040319}}
{"target": -2136.975113746041, "params": {"x1": -200.10136713795157, "x2": -41.53728002577964, "x3": 86.13775468632969, "x4": 243.08767940249834, "x5": -25.802414663408058}, "datetime": {"datetime": "2020-10-19 13:30:17", "elapsed": 0.083947, "delta": 0.043628}}
{"target": -2051.4204851617324, "params": {"x1": 236.17880327737078, "x2": 190.4603364975129, "x3": -404.1355490144425, "x4": 174.62469028855207, "x5": 151.8765654739559}, "datetime": {"datetime": "2020-10-19 13:30:17", "elapsed": 0.129914, "delta": 0.045967}}
{"target": -1285.083306615017, "params": {"x1": -111.52245975726669, "x2": 425.75220597656823, "x3": 348.7671802063444, "x4": 86.53394836192467, "x5": -280.6134867974377}, "datetime": {"datetime": "2020-10-19 13:30:17", "elapsed": 0.178018, "delta": 0.048104}}
{"target": -2666.348007710569, "params": {"x1": -419.1004824708897, "x2": 349.96776322910944, "x3": 301.2813247476947, "x4": 187.90373844528915, "x5": 256.0141213702824}, "datetime": {"datetime": "2020-10-19 13:30:17", "elapsed": 0.227722, "delta": 0.049704}}
{"target": -1553.2321032422096, "params": {"x1": -266.1548071558354, "x2": -362.6210525599135, "x3": 383.96151276224043, "x4": -494.11611327665315, "x5": 248.9069435823933}, "datetime": {"datetime": "2020-10-19 13:30:17", "elapsed": 0.276953, "delta": 0.049231}}
{"target": -1973.7194245258006, "params": {"x1": 50.44395768319146, "x2": -285.94852589662, "x3": 482.66677641975093, "x4": -73.64489019090036, "x5": 325.0489145876719}, "datetime": {"datetime": "2020-10-19 13:30:17", "elapsed": 0.327808, "delta": 0.050855}}
{"target": -2129.55120044995, "params": {"x1": 161.3404124819856, "x2": 4.247384409219592, "x3": -238.92752253560178, "x4": 122.30221128183359, "x5": -93.18992950746372}, "datetime": {"datetime": "2020-10-19 13:30:17", "elapsed": 0.377268, "delta": 0.04946}}
{"target": -2016.1779551586283, "params": {"x1": -359.15727390898064, "x2": -233.16102388718554, "x3": 350.6511101507774, "x4": -51.00180229279971, "x5": 210.4934793750416}, "datetime": {"datetime": "2020-10-19 13:30:17", "elapsed": 0.4309, "delta": 0.053632}}
{"target": -1281.8506909493403, "params": {"x1": -111.2070713639072, "x2": 425.9892739463648, "x3": 348.8834020669938, "x4": 86.4040628844865, "x5": -281.1892505003682}, "datetime": {"datetime": "2020-10-19 13:30:17", "elapsed": 0.974706, "delta": 0.543806}}
{"target": -1772.2639062830212, "params": {"x1": 265.81940412630536, "x2": 427.7441678513187, "x3": -215.43906312681685, "x4": 445.3896169582066, "x5": -203.96498286473843}, "datetime": {"datetime": "2020-10-19 13:30:18", "elapsed": 1.044491, "delta": 0.069785}}
{"target": -1925.900659986582, "params": {"x1": -252.11791771160276, "x2": -337.23305927034505, "x3": 345.7248063649489, "x4": -459.26779099829497, "x5": 200.65857600552522}, "datetime": {"datetime": "2020-10-19 13:30:18", "elapsed": 1.121486, "delta": 0.076995}}
{"target": -1434.481165553651, "params": {"x1": -116.63955920650284, "x2": 400.9763327471235, "x3": 376.1970056158282, "x4": 67.91526942764665, "x5": -216.25356143673213}, "datetime": {"datetime": "2020-10-19 13:30:18", "elapsed": 1.204548, "delta": 0.083062}}
{"target": -2467.102839242565, "params": {"x1": -348.45568530103014, "x2": -366.9241171272901, "x3": 332.5758205443203, "x4": -465.8695371515945, "x5": 252.93379823606097}, "datetime": {"datetime": "2020-10-19 13:30:18", "elapsed": 1.27674, "delta": 0.072192}}
{"target": -1285.6273194108198, "params": {"x1": 267.0992428501369, "x2": 429.66029730771754, "x3": -290.1613113631265, "x4": 377.6391630100993, "x5": -242.7029840179983}, "datetime": {"datetime": "2020-10-19 13:30:18", "elapsed": 1.354532, "delta": 0.077792}}
{"target": -1664.1306322267478, "params": {"x1": 247.59506884490156, "x2": 407.00557601857145, "x3": -270.5695921982651, "x4": 328.90476402277557, "x5": -161.7651094908701}, "datetime": {"datetime": "2020-10-19 13:30:18", "elapsed": 1.439561, "delta": 0.085029}}
{"target": -1231.1281607985234, "params": {"x1": -106.01296934853414, "x2": 428.73616564831246, "x3": 352.41777521552905, "x4": 83.11784337830152, "x5": -287.6340087193541}, "datetime": {"datetime": "2020-10-19 13:30:18", "elapsed": 1.684166, "delta": 0.244605}}
{"target": -1502.7557149782847, "params": {"x1": -172.43869118837796, "x2": 434.6204531628762, "x3": 352.6981953761542, "x4": 148.18864557538404, "x5": -286.82736577575497}, "datetime": {"datetime": "2020-10-19 13:30:18", "elapsed": 1.829262, "delta": 0.145096}}
{"target": -1648.690596163761, "params": {"x1": -148.4062781109654, "x2": 433.9517464271363, "x3": 324.1914334934278, "x4": 1.6200911405982197, "x5": -263.7109989699662}, "datetime": {"datetime": "2020-10-19 13:30:19", "elapsed": 2.01749, "delta": 0.188228}}
{"target": -1074.9518973809686, "params": {"x1": 237.03977925815002, "x2": 477.0476023522607, "x3": -348.30861388526125, "x4": 428.53688210622636, "x5": -299.97178498554536}, "datetime": {"datetime": "2020-10-19 13:30:19", "elapsed": 2.123976, "delta": 0.106486}}
{"target": -1391.8053322132034, "params": {"x1": -157.05017973317604, "x2": 485.00458252617955, "x3": 392.0555330549505, "x4": 159.17665343829538, "x5": -291.72927830028857}, "datetime": {"datetime": "2020-10-19 13:30:19", "elapsed": 2.283274, "delta": 0.159298}}
{"target": -1031.974544421985, "params": {"x1": 239.16581894257277, "x2": 474.7249023172123, "x3": -344.4438820859491, "x4": 426.73933428372595, "x5": -296.7299642369767}, "datetime": {"datetime": "2020-10-19 13:30:19", "elapsed": 2.555519, "delta": 0.272245}}
{"target": -1794.688329238088, "params": {"x1": 300.0121130793451, "x2": 459.0468198621105, "x3": -377.6993814657735, "x4": 457.7745403634808, "x5": -330.4294069918232}, "datetime": {"datetime": "2020-10-19 13:30:19", "elapsed": 2.66619, "delta": 0.110671}}
{"target": -1954.7397230756283, "params": {"x1": 246.23732282945707, "x2": 484.35537437699884, "x3": -401.0631348526199, "x4": 368.35041638954124, "x5": -311.2322704942595}, "datetime": {"datetime": "2020-10-19 13:30:19", "elapsed": 2.818429, "delta": 0.152239}}
{"target": -989.2155444839004, "params": {"x1": 175.09229549456563, "x2": 438.722855490745, "x3": -328.69761880789406, "x4": 406.62485663520783, "x5": -234.2096521044097}, "datetime": {"datetime": "2020-10-19 13:30:19", "elapsed": 2.992706, "delta": 0.174277}}
{"target": -1451.6863674321276, "params": {"x1": 138.96234568987768, "x2": 378.21294138439555, "x3": -273.40925771371724, "x4": 418.93230403632504, "x5": -194.9071511042917}, "datetime": {"datetime": "2020-10-19 13:30:20", "elapsed": 3.097312, "delta": 0.104606}}
{"target": -1199.1943807077982, "params": {"x1": 256.9090043578299, "x2": 411.60403550135015, "x3": -340.94240087774756, "x4": 393.2470783575385, "x5": -155.68747822110186}, "datetime": {"datetime": "2020-10-19 13:30:20", "elapsed": 3.190291, "delta": 0.092979}}
{"target": -1888.2903713375151, "params": {"x1": -110.8644212336597, "x2": 479.018360263707, "x3": 311.0860945543326, "x4": 54.94602474220369, "x5": -273.0817785334194}, "datetime": {"datetime": "2020-10-19 13:30:20", "elapsed": 3.335626, "delta": 0.145335}}
{"target": -2010.3230894647645, "params": {"x1": 300.0, "x2": 500.0, "x3": -300.0, "x4": 400.0, "x5": -200.0}, "datetime": {"datetime": "2020-10-19 13:30:20", "elapsed": 3.475188, "delta": 0.139562}}
{"target": -1510.5869606189187, "params": {"x1": 300.0, "x2": 500.0, "x3": -300.0, "x4": 400.0, "x5": -300.0}, "datetime": {"datetime": "2020-10-19 13:30:20", "elapsed": 3.594894, "delta": 0.119706}}
{"target": -1010.850831773073, "params": {"x1": 200.0, "x2": 500.0, "x3": -300.0, "x4": 400.0, "x5": -300.0}, "datetime": {"datetime": "2020-10-19 13:30:20", "elapsed": 3.726245, "delta": 0.131351}}
{"target": -1629.7363997089487, "params": {"x1": 200.0, "x2": 400.0, "x3": -400.0, "x4": 400.0, "x5": -200.0}, "datetime": {"datetime": "2020-10-19 13:30:20", "elapsed": 3.846451, "delta": 0.120206}}
{"target": -1884.13604202231, "params": {"x1": -200.0, "x2": 400.0, "x3": 300.0, "x4": 100.0, "x5": -300.0}, "datetime": {"datetime": "2020-10-19 13:30:21", "elapsed": 4.197082, "delta": 0.350631}}
{"target": -1556.6180905955157, "params": {"x1": 200.0, "x2": 500.0, "x3": -300.0, "x4": 500.0, "x5": -300.0}, "datetime": {"datetime": "2020-10-19 13:30:21", "elapsed": 4.312733, "delta": 0.115651}}
{"target": -964.819701796476, "params": {"x1": 200.0, "x2": 400.0, "x3": -300.0, "x4": 400.0, "x5": -200.0}, "datetime": {"datetime": "2020-10-19 13:30:21", "elapsed": 4.483147, "delta": 0.170414}}
{"target": -465.08357295063, "params": {"x1": 200.0, "x2": 400.0, "x3": -300.0, "x4": 400.0, "x5": -300.0}, "datetime": {"datetime": "2020-10-19 13:30:21", "elapsed": 4.643063, "delta": 0.159916}}
{"target": -1130.000270863103, "params": {"x1": 200.0, "x2": 400.0, "x3": -300.0, "x4": 400.0, "x5": -400.0}, "datetime": {"datetime": "2020-10-19 13:30:21", "elapsed": 4.978895, "delta": 0.335832}}
{"target": -1510.5869606189187, "params": {"x1": 200.0, "x2": 500.0, "x3": -300.0, "x4": 400.0, "x5": -200.0}, "datetime": {"datetime": "2020-10-19 13:30:22", "elapsed": 5.10186, "delta": 0.122965}}
{"target": -1130.000270863103, "params": {"x1": 200.0, "x2": 300.0, "x3": -300.0, "x4": 400.0, "x5": -300.0}, "datetime": {"datetime": "2020-10-19 13:30:22", "elapsed": 5.234928, "delta": 0.133068}}
{"target": -2175.5036585313915, "params": {"x1": 200.0, "x2": 500.0, "x3": -200.0, "x4": 400.0, "x5": -400.0}, "datetime": {"datetime": "2020-10-19 13:30:22", "elapsed": 5.362301, "delta": 0.127373}}
{"target": -964.819701796476, "params": {"x1": 300.0, "x2": 400.0, "x3": -300.0, "x4": 400.0, "x5": -300.0}, "datetime": {"datetime": "2020-10-19 13:30:22", "elapsed": 5.826322, "delta": 0.464021}}
{"target": -1629.7363997089487, "params": {"x1": 300.0, "x2": 400.0, "x3": -300.0, "x4": 300.0, "x5": -300.0}, "datetime": {"datetime": "2020-10-19 13:30:22", "elapsed": 5.959654, "delta": 0.133332}}
{"target": -719.483215263991, "params": {"x1": 100.0, "x2": 400.0, "x3": -300.0, "x4": 400.0, "x5": -300.0}, "datetime": {"datetime": "2020-10-19 13:30:23", "elapsed": 6.169786, "delta": 0.210132}}
{"target": -1930.1671719989067, "params": {"x1": 100.0, "x2": 500.0, "x3": -400.0, "x4": 400.0, "x5": -300.0}, "datetime": {"datetime": "2020-10-19 13:30:23", "elapsed": 6.709842, "delta": 0.540056}}
{"target": -1265.250474086434, "params": {"x1": 100.0, "x2": 500.0, "x3": -300.0, "x4": 400.0, "x5": -300.0}, "datetime": {"datetime": "2020-10-19 13:30:24", "elapsed": 7.23978, "delta": 0.529938}}
{"target": -1764.9866029322798, "params": {"x1": 100.0, "x2": 400.0, "x3": -200.0, "x4": 500.0, "x5": -300.0}, "datetime": {"datetime": "2020-10-19 13:30:24", "elapsed": 8.007119, "delta": 0.767339}}
{"target": -1384.399913176464, "params": {"x1": 100.0, "x2": 300.0, "x3": -300.0, "x4": 400.0, "x5": -300.0}, "datetime": {"datetime": "2020-10-19 13:30:25", "elapsed": 8.307202, "delta": 0.300083}}
{"target": -1010.850831773073, "params": {"x1": 200.0, "x2": 400.0, "x3": -300.0, "x4": 500.0, "x5": -300.0}, "datetime": {"datetime": "2020-10-19 13:30:25", "elapsed": 8.488692, "delta": 0.18149}}
{"target": -1794.9169687755757, "params": {"x1": 200.0, "x2": 300.0, "x3": -300.0, "x4": 300.0, "x5": -300.0}, "datetime": {"datetime": "2020-10-19 13:30:25", "elapsed": 8.664153, "delta": 0.175461}}
{"target": -1510.5869606189187, "params": {"x1": 200.0, "x2": 400.0, "x3": -200.0, "x4": 500.0, "x5": -300.0}, "datetime": {"datetime": "2020-10-19 13:30:26", "elapsed": 9.252748, "delta": 0.588595}}
{"target": -1384.399913176464, "params": {"x1": 100.0, "x2": 400.0, "x3": -400.0, "x4": 400.0, "x5": -300.0}, "datetime": {"datetime": "2020-10-19 13:30:26", "elapsed": 9.461696, "delta": 0.208948}}
{"target": -964.819701796476, "params": {"x1": -100.0, "x2": 400.0, "x3": 400.0, "x4": 100.0, "x5": -300.0}, "datetime": {"datetime": "2020-10-19 13:30:26", "elapsed": 9.680918, "delta": 0.219222}}
{"target": -1675.7675296855457, "params": {"x1": 200.0, "x2": 400.0, "x3": -400.0, "x4": 500.0, "x5": -300.0}, "datetime": {"datetime": "2020-10-19 13:30:27", "elapsed": 10.501152, "delta": 0.820234}}
{"target": -1019.2218128854129, "params": {"x1": 0.0, "x2": 400.0, "x3": 400.0, "x4": 100.0, "x5": -300.0}, "datetime": {"datetime": "2020-10-19 13:30:28", "elapsed": 11.069341, "delta": 0.568189}}
{"target": -1564.9890717078558, "params": {"x1": 0.0, "x2": 400.0, "x3": 500.0, "x4": 100.0, "x5": -300.0}, "datetime": {"datetime": "2020-10-19 13:30:28", "elapsed": 11.406366, "delta": 0.337025}}
{"target": -2340.6842275980184, "params": {"x1": 200.0, "x2": 400.0, "x3": -400.0, "x4": 500.0, "x5": -400.0}, "datetime": {"datetime": "2020-10-19 13:30:29", "elapsed": 12.615864, "delta": 1.209498}}
{"target": -1794.916968775576, "params": {"x1": 200.0, "x2": 400.0, "x3": -300.0, "x4": 300.0, "x5": -400.0}, "datetime": {"datetime": "2020-10-19 13:30:31", "elapsed": 14.204755, "delta": 1.588891}}
{"target": -1464.5558306423218, "params": {"x1": -100.0, "x2": 400.0, "x3": 400.0, "x4": 100.0, "x5": -200.0}, "datetime": {"datetime": "2020-10-19 13:30:31", "elapsed": 14.431977, "delta": 0.227222}}
{"target": -1384.399913176464, "params": {"x1": 100.0, "x2": 400.0, "x3": -300.0, "x4": 300.0, "x5": -300.0}, "datetime": {"datetime": "2020-10-19 13:30:31", "elapsed": 14.673511, "delta": 0.241534}}
{"target": -1675.7675296855457, "params": {"x1": 200.0, "x2": 500.0, "x3": -300.0, "x4": 400.0, "x5": -400.0}, "datetime": {"datetime": "2020-10-19 13:30:32", "elapsed": 15.699435, "delta": 1.025924}}
{"target": -1675.7675296855457, "params": {"x1": 200.0, "x2": 500.0, "x3": -400.0, "x4": 400.0, "x5": -300.0}, "datetime": {"datetime": "2020-10-19 13:30:32", "elapsed": 15.889695, "delta": 0.19026}}
{"target": -1265.250474086434, "params": {"x1": 100.0, "x2": 400.0, "x3": -300.0, "x4": 500.0, "x5": -300.0}, "datetime": {"datetime": "2020-10-19 13:30:33", "elapsed": 16.108757, "delta": 0.219062}}
{"target": -1219.219344109837, "params": {"x1": 100.0, "x2": 400.0, "x3": -300.0, "x4": 400.0, "x5": -200.0}, "datetime": {"datetime": "2020-10-19 13:30:33", "elapsed": 16.787171, "delta": 0.678414}}
{"target": -2129.4725285547947, "params": {"x1": 300.0, "x2": 300.0, "x3": -300.0, "x4": 400.0, "x5": -200.0}, "datetime": {"datetime": "2020-10-19 13:30:34", "elapsed": 17.041721, "delta": 0.25455}}
{"target": -2056.3542194413617, "params": {"x1": 300.0, "x2": 500.0, "x3": -300.0, "x4": 500.0, "x5": -300.0}, "datetime": {"datetime": "2020-10-19 13:30:34", "elapsed": 17.281323, "delta": 0.239602}}
{"target": -1629.7363997089487, "params": {"x1": -100.0, "x2": 400.0, "x3": 300.0, "x4": 100.0, "x5": -300.0}, "datetime": {"datetime": "2020-10-19 13:30:35", "elapsed": 18.081727, "delta": 0.800404}}
{"target": -1629.7363997089487, "params": {"x1": 300.0, "x2": 400.0, "x3": -300.0, "x4": 400.0, "x5": -400.0}, "datetime": {"datetime": "2020-10-19 13:30:35", "elapsed": 18.552523, "delta": 0.470796}}
{"target": -2175.5036585313915, "params": {"x1": 200.0, "x2": 300.0, "x3": -200.0, "x4": 500.0, "x5": -300.0}, "datetime": {"datetime": "2020-10-19 13:30:36", "elapsed": 19.387574, "delta": 0.835051}}
{"target": -1684.1385107978858, "params": {"x1": 0.0, "x2": 300.0, "x3": 400.0, "x4": 100.0, "x5": -300.0}, "datetime": {"datetime": "2020-10-19 13:30:38", "elapsed": 21.411669, "delta": 2.024095}}
{"target": -1764.9866029322798, "params": {"x1": -200.0, "x2": 400.0, "x3": 500.0, "x4": 100.0, "x5": -300.0}, "datetime": {"datetime": "2020-10-19 13:30:39", "elapsed": 22.551317, "delta": 1.139648}}
{"target": -1629.7363997089487, "params": {"x1": -100.0, "x2": 400.0, "x3": 400.0, "x4": 100.0, "x5": -400.0}, "datetime": {"datetime": "2020-10-19 13:30:40", "elapsed": 23.108809, "delta": 0.557492}}
{"target": -1130.000270863103, "params": {"x1": 200.0, "x2": 400.0, "x3": -300.0, "x4": 300.0, "x5": -300.0}, "datetime": {"datetime": "2020-10-19 13:30:40", "elapsed": 23.83972, "delta": 0.730911}}
{"target": -1518.9579417312589, "params": {"x1": 0.0, "x2": 400.0, "x3": 400.0, "x4": 100.0, "x5": -200.0}, "datetime": {"datetime": "2020-10-19 13:30:42", "elapsed": 25.103845, "delta": 1.264125}}
{"target": -1875.0728862414335, "params": {"x1": 300.0, "x2": 400.0, "x3": -400.0, "x4": 400.0, "x5": -100.0}, "datetime": {"datetime": "2020-10-19 13:30:42", "elapsed": 25.910596, "delta": 0.806751}}
{"target": -2264.7227317781258, "params": {"x1": 100.0, "x2": 500.0, "x3": -200.0, "x4": 400.0, "x5": -200.0}, "datetime": {"datetime": "2020-10-19 13:30:43", "elapsed": 26.292793, "delta": 0.382197}}
{"target": -1629.7363997089487, "params": {"x1": 200.0, "x2": 400.0, "x3": -200.0, "x4": 300.0, "x5": -300.0}, "datetime": {"datetime": "2020-10-19 13:30:43", "elapsed": 26.952521, "delta": 0.659728}}
{"target": -1384.399913176464, "params": {"x1": 100.0, "x2": 400.0, "x3": -300.0, "x4": 400.0, "x5": -400.0}, "datetime": {"datetime": "2020-10-19 13:30:44", "elapsed": 27.272494, "delta": 0.319973}}
{"target": -1210.848362997497, "params": {"x1": 0.0, "x2": 500.0, "x3": -300.0, "x4": 400.0, "x5": -300.0}, "datetime": {"datetime": "2020-10-19 13:30:45", "elapsed": 28.698829, "delta": 1.426335}}
{"target": -1230.6942781595176, "params": {"x1": -10.0, "x2": 410.0, "x3": 400.0, "x4": 100.0, "x5": -350.0}, "datetime": {"datetime": "2020-10-19 13:30:46", "elapsed": 29.063073, "delta": 0.364244}}
{"target": -1208.1454556136678, "params": {"x1": -60.0, "x2": 490.0, "x3": -290.0, "x4": 440.0, "x5": -320.0}, "datetime": {"datetime": "2020-10-19 13:30:46", "elapsed": 29.372163, "delta": 0.30909}}
{"target": -1475.463667547655, "params": {"x1": 50.0, "x2": 390.0, "x3": -340.0, "x4": 340.0, "x5": -270.0}, "datetime": {"datetime": "2020-10-19 13:30:46", "elapsed": 29.671363, "delta": 0.2992}}
{"target": -943.5022614894142, "params": {"x1": 180.0, "x2": 360.0, "x3": -310.0, "x4": 450.0, "x5": -320.0}, "datetime": {"datetime": "2020-10-19 13:30:46", "elapsed": 29.906124, "delta": 0.234761}}
{"target": -1590.5348080267725, "params": {"x1": 150.0, "x2": 370.0, "x3": -310.0, "x4": 320.0, "x5": -290.0}, "datetime": {"datetime": "2020-10-19 13:30:47", "elapsed": 30.238134, "delta": 0.33201}}
{"target": -1068.165679080971, "params": {"x1": 220.0, "x2": 280.0, "x3": -310.0, "x4": 410.0, "x5": -300.0}, "datetime": {"datetime": "2020-10-19 13:30:47", "elapsed": 30.541957, "delta": 0.303823}}
{"target": -1413.1346857447274, "params": {"x1": 220.0, "x2": 490.0, "x3": -280.0, "x4": 350.0, "x5": -310.0}, "datetime": {"datetime": "2020-10-19 13:30:47", "elapsed": 30.810046, "delta": 0.268089}}
{"target": -1621.5667104567926, "params": {"x1": 210.0, "x2": 330.0, "x3": -260.0, "x4": 420.0, "x5": -370.0}, "datetime": {"datetime": "2020-10-19 13:30:48", "elapsed": 31.18911, "delta": 0.379064}}
{"target": -781.6577042056106, "params": {"x1": 40.0, "x2": 440.0, "x3": -310.0, "x4": 430.0, "x5": -340.0}, "datetime": {"datetime": "2020-10-19 13:30:48", "elapsed": 31.553017, "delta": 0.363907}}
{"target": -1009.3523277288448, "params": {"x1": 160.0, "x2": 370.0, "x3": -310.0, "x4": 410.0, "x5": -340.0}, "datetime": {"datetime": "2020-10-19 13:30:48", "elapsed": 31.901945, "delta": 0.348928}}
{"target": -1386.5945412588662, "params": {"x1": 130.0, "x2": 420.0, "x3": -290.0, "x4": 500.0, "x5": -330.0}, "datetime": {"datetime": "2020-10-19 13:30:49", "elapsed": 32.203348, "delta": 0.301403}}
{"target": -1621.7243271774973, "params": {"x1": -80.0, "x2": 350.0, "x3": -310.0, "x4": 390.0, "x5": -370.0}, "datetime": {"datetime": "2020-10-19 13:30:49", "elapsed": 32.558071, "delta": 0.354723}}
{"target": -1105.57539114742, "params": {"x1": -100.0, "x2": 490.0, "x3": -320.0, "x4": 410.0, "x5": -280.0}, "datetime": {"datetime": "2020-10-19 13:30:49", "elapsed": 32.869675, "delta": 0.311604}}
{"target": -963.6944816076707, "params": {"x1": -90.0, "x2": 420.0, "x3": -280.0, "x4": 420.0, "x5": -240.0}, "datetime": {"datetime": "2020-10-19 13:30:50", "elapsed": 33.119529, "delta": 0.249854}}
{"target": -1879.1154496718345, "params": {"x1": -70.0, "x2": 340.0, "x3": -340.0, "x4": 440.0, "x5": -210.0}, "datetime": {"datetime": "2020-10-19 13:30:50", "elapsed": 33.404902, "delta": 0.285373}}
{"target": -1729.2292978163118, "params": {"x1": -130.0, "x2": 490.0, "x3": -150.0, "x4": 470.0, "x5": -250.0}, "datetime": {"datetime": "2020-10-19 13:30:50", "elapsed": 33.741248, "delta": 0.336346}}
{"target": -1482.0071223540342, "params": {"x1": 160.0, "x2": 490.0, "x3": -250.0, "x4": 390.0, "x5": -280.0}, "datetime": {"datetime": "2020-10-19 13:30:51", "elapsed": 34.052122, "delta": 0.310874}}
{"target": -1212.4552444119859, "params": {"x1": -50.0, "x2": 450.0, "x3": -320.0, "x4": 430.0, "x5": -220.0}, "datetime": {"datetime": "2020-10-19 13:30:51", "elapsed": 34.363166, "delta": 0.311044}}
{"target": -1156.9908988139914, "params": {"x1": 270.0, "x2": 440.0, "x3": -250.0, "x4": 430.0, "x5": -330.0}, "datetime": {"datetime": "2020-10-19 13:30:51", "elapsed": 34.721812, "delta": 0.358646}}
{"target": -1384.2918566150215, "params": {"x1": -50.0, "x2": 400.0, "x3": -230.0, "x4": 440.0, "x5": -250.0}, "datetime": {"datetime": "2020-10-19 13:30:52", "elapsed": 35.058162, "delta": 0.33635}}
{"target": -743.9464730686584, "params": {"x1": 190.0, "x2": 380.0, "x3": -330.0, "x4": 440.0, "x5": -320.0}, "datetime": {"datetime": "2020-10-19 13:30:52", "elapsed": 35.30391, "delta": 0.245748}}
{"target": -2206.314800473218, "params": {"x1": -80.0, "x2": 480.0, "x3": -340.0, "x4": 500.0, "x5": -220.0}, "datetime": {"datetime": "2020-10-19 13:30:52", "elapsed": 35.602513, "delta": 0.298603}}
