{"target": -99.94077908789998, "params": {"x1": 89.51299924999003, "x2": 6.415585307179586, "x3": 5.859885307179586, "x4": 7.08548480371402, "x5": 5.29450350457268}, "datetime": {"datetime": "2020-10-20 11:06:11", "elapsed": 159.048188, "delta": 0.689927}}
{"target": -99.95314133685277, "params": {"x1": 94.00421980992411, "x2": -0.9033712606912738, "x3": 5.71787065607809, "x4": 6.710869665069725, "x5": -6.814183374981053}, "datetime": {"datetime": "2020-10-20 11:06:11", "elapsed": 159.764298, "delta": 0.71611}}
{"target": -99.95161154122046, "params": {"x1": 93.90123896928773, "x2": 6.271028037151274, "x3": 5.661490143910094, "x4": 5.872461772394639, "x5": -6.732958272171367}, "datetime": {"datetime": "2020-10-20 11:06:12", "elapsed": 160.598149, "delta": 0.833851}}
{"target": -99.96376595775544, "params": {"x1": 81.89603218677131, "x2": 4.072467025649439, "x3": 5.403204859806382, "x4": -1.972826084756909, "x5": 5.616267416686028}, "datetime": {"datetime": "2020-10-20 11:06:13", "elapsed": 161.266422, "delta": 0.668273}}
{"target": -99.95275593115444, "params": {"x1": 81.7417298665724, "x2": 6.076047589958574, "x3": 4.520726457358589, "x4": 7.0700218197229345, "x5": 4.8087738311179224}, "datetime": {"datetime": "2020-10-20 11:06:14", "elapsed": 161.917213, "delta": 0.650791}}
{"target": -99.95812545608025, "params": {"x1": 82.0504769149686, "x2": -5.514991095164501, "x3": -6.423418198333126, "x4": 7.061620620229088, "x5": 0.0011829296944041445}, "datetime": {"datetime": "2020-10-20 11:06:14", "elapsed": 162.616245, "delta": 0.699032}}
{"target": -99.98461489923656, "params": {"x1": 87.08955707575701, "x2": -1.736464234949155, "x3": 1.2145891127955677, "x4": 1.2937629819421117, "x5": -6.869738511827626}, "datetime": {"datetime": "2020-10-20 11:06:15", "elapsed": 163.334349, "delta": 0.718104}}
{"target": -99.96602638497849, "params": {"x1": 93.6346760473234, "x2": 6.36132276234193, "x3": -6.559850144922963, "x4": 3.2973326398911604, "x5": 2.0124237813592254}, "datetime": {"datetime": "2020-10-20 11:06:16", "elapsed": 163.929684, "delta": 0.595335}}
{"target": -99.95344748292652, "params": {"x1": 81.82809920726656, "x2": 6.403277602290898, "x3": -5.741669196265822, "x4": -5.338917043222857, "x5": -0.7215898660799569}, "datetime": {"datetime": "2020-10-20 11:06:16", "elapsed": 164.498796, "delta": 0.569112}}
{"target": -99.96128560200435, "params": {"x1": 93.98416851166456, "x2": 6.149593173548978, "x3": 1.8731645780588453, "x4": -4.478010213670941, "x5": -6.845685744569}, "datetime": {"datetime": "2020-10-20 11:06:17", "elapsed": 165.119905, "delta": 0.621109}}
{"target": -99.96375823058034, "params": {"x1": 84.1972752504504, "x2": 6.160413361067932, "x3": -0.25017386750256954, "x4": -5.329908582930833, "x5": 5.453185964332891}, "datetime": {"datetime": "2020-10-20 11:06:17", "elapsed": 165.780183, "delta": 0.660278}}
{"target": -99.95584474318713, "params": {"x1": 82.60254014983117, "x2": -5.933716059671843, "x3": -6.585004410497915, "x4": -1.8932719536020763, "x5": -6.859771912213256}, "datetime": {"datetime": "2020-10-20 11:06:18", "elapsed": 166.430814, "delta": 0.650631}}
{"target": -99.95284519254824, "params": {"x1": 81.86343238056416, "x2": 0.0895454040742063, "x3": 5.772916384659392, "x4": 6.453555057137971, "x5": -6.802036290778515}, "datetime": {"datetime": "2020-10-20 11:06:19", "elapsed": 167.075089, "delta": 0.644275}}
{"target": -99.95795824301538, "params": {"x1": 84.21299228427844, "x2": 3.5949528527243944, "x3": 5.655134539300007, "x4": -5.474756957404304, "x5": 5.519380998217719}, "datetime": {"datetime": "2020-10-20 11:06:20", "elapsed": 167.914561, "delta": 0.839472}}
{"target": -99.97164802583632, "params": {"x1": 81.85905734637845, "x2": -6.091475547958905, "x3": 0.3237961245401113, "x4": -0.13569066469423063, "x5": -3.408950011560286}, "datetime": {"datetime": "2020-10-20 11:06:20", "elapsed": 168.620928, "delta": 0.706367}}
{"target": -99.95122702979806, "params": {"x1": 84.5590837261019, "x2": -5.97877136113621, "x3": 5.571148003465349, "x4": -5.445734572040355, "x5": -6.610479404492495}, "datetime": {"datetime": "2020-10-20 11:06:21", "elapsed": 169.306575, "delta": 0.685647}}
{"target": -99.9541280050227, "params": {"x1": 81.82488836845585, "x2": -5.933165309413859, "x3": -0.7858277248052437, "x4": -5.324033766108256, "x5": -6.423398318285577}, "datetime": {"datetime": "2020-10-20 11:06:22", "elapsed": 170.010034, "delta": 0.703459}}
{"target": -99.93353213350561, "params": {"x1": 81.7168146928204, "x2": -6.150785307179587, "x3": -6.7064853071795865, "x4": -5.480885306221683, "x5": -0.8835753426393792}, "datetime": {"datetime": "2020-10-20 11:06:22", "elapsed": 170.766371, "delta": 0.756337}}
{"target": -99.96855483241004, "params": {"x1": 94.19097369484692, "x2": 6.413038295536123, "x3": -0.059495177430727075, "x4": 5.2639695912554325, "x5": -0.9760238209134195}, "datetime": {"datetime": "2020-10-20 11:06:23", "elapsed": 171.442408, "delta": 0.676037}}
{"target": -99.9494018310669, "params": {"x1": 94.2436502784305, "x2": -5.477083802368536, "x3": 2.4797773551132574, "x4": -5.366565176558862, "x5": -6.887338021002197}, "datetime": {"datetime": "2020-10-20 11:06:24", "elapsed": 172.167464, "delta": 0.725056}}
{"target": -99.96884816150754, "params": {"x1": 87.4433639642204, "x2": -1.0924725884764612, "x3": 0.867252773044644, "x4": -5.404850013932818, "x5": 5.6415148464540925}, "datetime": {"datetime": "2020-10-20 11:06:25", "elapsed": 172.896577, "delta": 0.729113}}
{"target": -99.96281012450827, "params": {"x1": 89.24613596713294, "x2": -5.995801133265967, "x3": -6.421215878527234, "x4": -5.320244393666729, "x5": 4.098985165908791}, "datetime": {"datetime": "2020-10-20 11:06:26", "elapsed": 174.048703, "delta": 1.152126}}
{"target": -99.96264215619449, "params": {"x1": 89.32544150006663, "x2": -0.08061226707769009, "x3": -6.559123695196229, "x4": -5.414972468520879, "x5": -6.564233278202477}, "datetime": {"datetime": "2020-10-20 11:06:27", "elapsed": 174.844618, "delta": 0.795915}}
{"target": -99.95769292240894, "params": {"x1": 81.78730199877366, "x2": -6.148003481753672, "x3": 1.598302948863938, "x4": -4.161315251239911, "x5": 5.295341946109432}, "datetime": {"datetime": "2020-10-20 11:06:27", "elapsed": 175.456709, "delta": 0.612091}}
{"target": -99.95769369448712, "params": {"x1": 87.58229329778406, "x2": 0.8441537935170551, "x3": -6.671775339044937, "x4": -5.392018939380232, "x5": 5.455609222222564}, "datetime": {"datetime": "2020-10-20 11:06:28", "elapsed": 176.136172, "delta": 0.679463}}
{"target": -99.97022303099763, "params": {"x1": 86.30865512794716, "x2": -6.129894183729141, "x3": 1.632590282308919, "x4": -0.5443530678486308, "x5": 5.527214930671744}, "datetime": {"datetime": "2020-10-20 11:06:29", "elapsed": 176.838388, "delta": 0.702216}}
{"target": -99.94899291700173, "params": {"x1": 93.58671293875207, "x2": 6.368664470497435, "x3": -3.9412692184383977, "x4": -5.4346151404172485, "x5": 5.582968461702213}, "datetime": {"datetime": "2020-10-20 11:06:29", "elapsed": 177.573353, "delta": 0.734965}}
{"target": -99.95886292882801, "params": {"x1": 94.12378995260939, "x2": -5.939082196724236, "x3": -6.391923993959404, "x4": 6.415734357797347, "x5": 4.16734187936038}, "datetime": {"datetime": "2020-10-20 11:06:30", "elapsed": 178.221542, "delta": 0.648189}}
{"target": -99.94810518477149, "params": {"x1": 94.27683917841495, "x2": 5.975025356144889, "x3": -5.853803498634069, "x4": -5.296566105124709, "x5": 5.405228377674377}, "datetime": {"datetime": "2020-10-20 11:06:31", "elapsed": 179.02475, "delta": 0.803208}}
{"target": -99.96527119265625, "params": {"x1": 88.31277238824735, "x2": 6.332250098070296, "x3": -1.8419956084059077, "x4": -5.420962172258252, "x5": -6.217969584832657}, "datetime": {"datetime": "2020-10-20 11:06:31", "elapsed": 179.660354, "delta": 0.635604}}
{"target": -99.96729462384893, "params": {"x1": 81.8350026303772, "x2": 6.409046598049742, "x3": -5.621806139267133, "x4": 1.475724491720432, "x5": -1.0651378449794873}, "datetime": {"datetime": "2020-10-20 11:06:32", "elapsed": 180.355603, "delta": 0.695249}}
{"target": -99.96808380584682, "params": {"x1": 86.28892373752558, "x2": -5.288034447444617, "x3": 5.827788484054085, "x4": 4.264288649760956, "x5": 5.460414714418408}, "datetime": {"datetime": "2020-10-20 11:06:33", "elapsed": 181.120428, "delta": 0.764825}}
{"target": -99.9569094978043, "params": {"x1": 89.73353528981033, "x2": -1.7589882258772676, "x3": -6.705319209590285, "x4": 7.07536119041396, "x5": 5.342841022126364}, "datetime": {"datetime": "2020-10-20 11:06:34", "elapsed": 181.874963, "delta": 0.754535}}
{"target": -99.9604887165116, "params": {"x1": 81.93093629264611, "x2": -6.048119234822332, "x3": -6.583998799086083, "x4": 2.266216148745338, "x5": -2.357001150484477}, "datetime": {"datetime": "2020-10-20 11:06:34", "elapsed": 182.81496, "delta": 0.939997}}
{"target": -99.94313478949286, "params": {"x1": 94.28081683976401, "x2": 6.3403277282196315, "x3": 5.454039101326374, "x4": 5.703271790849935, "x5": 5.610097681592914}, "datetime": {"datetime": "2020-10-20 11:06:35", "elapsed": 183.569087, "delta": 0.754127}}
{"target": -99.9755293250509, "params": {"x1": 88.41562063962867, "x2": 0.7195025336912444, "x3": -0.43767072966260656, "x4": 7.053527269592032, "x5": -6.520339567116764}, "datetime": {"datetime": "2020-10-20 11:06:36", "elapsed": 184.598367, "delta": 1.02928}}
{"target": -99.96796103968116, "params": {"x1": 94.09601214083685, "x2": 0.1624940485212143, "x3": -5.9662172227926655, "x4": 0.7398844148654922, "x5": 5.583788901210094}, "datetime": {"datetime": "2020-10-20 11:06:37", "elapsed": 185.35828, "delta": 0.759913}}
{"target": -99.95257440492406, "params": {"x1": 94.1671982525366, "x2": 3.883930956399962, "x3": 5.5166247176280505, "x4": 6.9627800979839405, "x5": -6.629052854896638}, "datetime": {"datetime": "2020-10-20 11:06:38", "elapsed": 186.360236, "delta": 1.001956}}
{"target": -99.94954809410183, "params": {"x1": 81.83312178016855, "x2": 2.0077038527824067, "x3": -6.53048518019571, "x4": -5.462105444354204, "x5": 5.2076132874416805}, "datetime": {"datetime": "2020-10-20 11:06:39", "elapsed": 187.195207, "delta": 0.834971}}
{"target": -99.95836951914254, "params": {"x1": 81.99392428643795, "x2": -1.096994308423933, "x3": -6.452929124498436, "x4": 6.803746608367427, "x5": 5.3059272518888365}, "datetime": {"datetime": "2020-10-20 11:06:40", "elapsed": 188.097056, "delta": 0.901849}}
{"target": -99.94582833347411, "params": {"x1": 90.7205607235785, "x2": -5.984443068450604, "x3": -6.587210495848397, "x4": 7.058901988780943, "x5": -6.704889852040537}, "datetime": {"datetime": "2020-10-20 11:06:40", "elapsed": 188.725545, "delta": 0.628489}}
{"target": -99.96598485875603, "params": {"x1": 82.03729224812898, "x2": -5.710672774655118, "x3": -0.48289508579445606, "x4": 0.35485768513850324, "x5": -6.899026675004179}, "datetime": {"datetime": "2020-10-20 11:06:41", "elapsed": 189.550103, "delta": 0.824558}}
{"target": -99.96573516100887, "params": {"x1": 81.83729265997017, "x2": -5.507115622762101, "x3": -1.4218264321813292, "x4": 6.919256149805078, "x5": 4.493522603662204}, "datetime": {"datetime": "2020-10-20 11:06:42", "elapsed": 190.262273, "delta": 0.71217}}
{"target": -99.97628675097442, "params": {"x1": 93.98388086563754, "x2": -6.021514695773199, "x3": 1.663278260771551, "x4": 2.2321158605526366, "x5": -0.4401368115894284}, "datetime": {"datetime": "2020-10-20 11:06:43", "elapsed": 191.078233, "delta": 0.81596}}
{"target": -99.96252192060882, "params": {"x1": 89.49593240208458, "x2": 6.259117014294167, "x3": 5.703435687941961, "x4": -4.779048246286049, "x5": -6.3604019133287215}, "datetime": {"datetime": "2020-10-20 11:06:44", "elapsed": 191.846297, "delta": 0.768064}}
{"target": -99.95462599783296, "params": {"x1": 86.64466628253066, "x2": -6.003826975278457, "x3": 5.815767152083802, "x4": 6.176625815900796, "x5": 5.507667000038503}, "datetime": {"datetime": "2020-10-20 11:06:44", "elapsed": 192.726409, "delta": 0.880112}}
{"target": -99.95337970159727, "params": {"x1": 92.06920522845748, "x2": 5.6984304284473835, "x3": -6.702346882896216, "x4": 6.737162583295597, "x5": 5.60500477924822}, "datetime": {"datetime": "2020-10-20 11:06:45", "elapsed": 193.55918, "delta": 0.832771}}
{"target": -99.94930912703278, "params": {"x1": 93.5605201935508, "x2": -6.119024707596213, "x3": 5.455962779005206, "x4": 6.848534241328774, "x5": 5.342075365288726}, "datetime": {"datetime": "2020-10-20 11:06:46", "elapsed": 194.228704, "delta": 0.669524}}
{"target": -99.98909701761873, "params": {"x1": 88.41685909879969, "x2": -1.750175419880085, "x3": -2.376044247256263, "x4": 1.0824199510530272, "x5": 5.388276421275987}, "datetime": {"datetime": "2020-10-20 11:06:47", "elapsed": 194.963491, "delta": 0.734787}}
{"target": -99.97704069034012, "params": {"x1": 88.05931987230073, "x2": -6.083177644357709, "x3": -0.7198355103508094, "x4": 6.643751986953302, "x5": -0.35101885616856876}, "datetime": {"datetime": "2020-10-20 11:06:48", "elapsed": 195.951354, "delta": 0.987863}}
{"target": -99.95016721785093, "params": {"x1": 81.90734616910372, "x2": -5.907708875385238, "x3": -5.982397045941194, "x4": 7.049084438962619, "x5": -6.2910010151897895}, "datetime": {"datetime": "2020-10-20 11:06:48", "elapsed": 196.82189, "delta": 0.870536}}
