{"target": -99.95756682570493, "params": {"x1": 81.9681421051076, "x2": -1.5012281798666862, "x3": -5.826839364174443, "x4": 6.83415789489242, "x5": -6.918385307179586}, "datetime": {"datetime": "2020-10-20 11:04:11", "elapsed": 39.668721, "delta": 0.511817}}
{"target": -99.94749027388656, "params": {"x1": 81.7168146928204, "x2": 4.907620833456501, "x3": -5.952503070318035, "x4": -5.3552216010359945, "x5": 5.647985307179604}, "datetime": {"datetime": "2020-10-20 11:04:12", "elapsed": 40.223581, "delta": 0.55486}}
{"target": -99.9525166208276, "params": {"x1": 85.48672587712835, "x2": 6.289921601036013, "x3": 5.734221601036013, "x4": 6.20583936417446, "x5": -6.918385307179586}, "datetime": {"datetime": "2020-10-20 11:04:12", "elapsed": 40.735868, "delta": 0.512287}}
{"target": -99.96078515867745, "params": {"x1": 94.28318530718022, "x2": -3.134856359733381, "x3": -6.580821601035995, "x4": -2.464956359733381, "x5": -6.541394188748811}, "datetime": {"datetime": "2020-10-20 11:04:13", "elapsed": 41.386867, "delta": 0.650999}}
{"target": -99.9334722019793, "params": {"x1": 85.48672587712835, "x2": 6.415585307179604, "x3": -6.7064853071795865, "x4": 7.085485307179604, "x5": -6.918385307179586}, "datetime": {"datetime": "2020-10-20 11:04:14", "elapsed": 42.042892, "delta": 0.656025}}
{"target": -99.96987128864029, "params": {"x1": 82.72212434196919, "x2": 5.912930482605236, "x3": 5.60855789489242, "x4": -5.103894188748811, "x5": 2.1294015351590305}, "datetime": {"datetime": "2020-10-20 11:04:14", "elapsed": 42.537505, "delta": 0.494613}}
{"target": -99.96416749328799, "params": {"x1": 81.9681421051076, "x2": -5.899457894892403, "x3": -6.580821601035995, "x4": -3.0932748904513403, "x5": -1.012191118430767}, "datetime": {"datetime": "2020-10-20 11:04:15", "elapsed": 43.105778, "delta": 0.568273}}
{"target": -99.9617539495688, "params": {"x1": 85.98938070170274, "x2": 6.038594188748827, "x3": 5.482894188748827, "x4": 7.085485307179604, "x5": 4.76833936417446}, "datetime": {"datetime": "2020-10-20 11:04:15", "elapsed": 43.614099, "delta": 0.508321}}
{"target": -99.9484447431999, "params": {"x1": 82.2194695173948, "x2": 6.415585307179604, "x3": -6.455157894892403, "x4": 7.085485307179604, "x5": 1.2497555921538863}, "datetime": {"datetime": "2020-10-20 11:04:16", "elapsed": 44.150365, "delta": 0.536266}}
{"target": -99.96274302437106, "params": {"x1": 93.90619418874942, "x2": -6.150785307179587, "x3": 1.0846644737231115, "x4": -3.7215934211693, "x5": 5.39665789489242}, "datetime": {"datetime": "2020-10-20 11:04:16", "elapsed": 44.675135, "delta": 0.52477}}
{"target": -99.91685662518269, "params": {"x1": 94.28318530718022, "x2": -6.150785307179587, "x3": -6.7064853071795865, "x4": 7.085485307179604, "x5": 5.647985307179604}, "datetime": {"datetime": "2020-10-20 11:04:17", "elapsed": 45.094612, "delta": 0.419477}}
{"target": -99.93168954105994, "params": {"x1": 81.7168146928204, "x2": -6.150785307179587, "x3": -6.7064853071795865, "x4": 7.085485307179604, "x5": -5.661748245743667}, "datetime": {"datetime": "2020-10-20 11:04:17", "elapsed": 45.64781, "delta": 0.553198}}
{"target": -99.91685662518272, "params": {"x1": 81.7168146928204, "x2": 6.415585307179604, "x3": -6.7064853071795865, "x4": 7.085485307179604, "x5": 5.647985307179604}, "datetime": {"datetime": "2020-10-20 11:04:18", "elapsed": 46.27148, "delta": 0.62367}}
{"target": -99.95298207241274, "params": {"x1": 81.842478398964, "x2": 6.289921601036013, "x3": -6.203830482605219, "x4": -4.601239364174443, "x5": 5.270994188748827}, "datetime": {"datetime": "2020-10-20 11:04:18", "elapsed": 46.811667, "delta": 0.540187}}
{"target": -99.96179936622099, "params": {"x1": 93.52920307031863, "x2": 0.2580637061436004, "x3": 5.60855789489242, "x4": -5.3552216010359945, "x5": -6.541394188748811}, "datetime": {"datetime": "2020-10-20 11:04:19", "elapsed": 47.291787, "delta": 0.48012}}
{"target": -99.96080970766869, "params": {"x1": 81.842478398964, "x2": -1.878219298297462, "x3": 4.603248245743685, "x4": -5.480885307179586, "x5": -6.415730482605219}, "datetime": {"datetime": "2020-10-20 11:04:20", "elapsed": 47.942333, "delta": 0.650546}}
{"target": -99.96388251102569, "params": {"x1": 93.90619418874942, "x2": 6.038594188748827, "x3": -6.580821601035995, "x4": -4.726903070318035, "x5": 0.244445943005152}, "datetime": {"datetime": "2020-10-20 11:04:20", "elapsed": 48.555841, "delta": 0.613508}}
{"target": -99.9670702084772, "params": {"x1": 93.40353936417503, "x2": 1.7660281798667032, "x3": -5.952503070318035, "x4": -5.229557894892403, "x5": 5.522321601036013}, "datetime": {"datetime": "2020-10-20 11:04:21", "elapsed": 49.107228, "delta": 0.551387}}
{"target": -99.96896915177003, "params": {"x1": 82.18177040555193, "x2": 4.957886315914016, "x3": -6.656219824722149, "x4": 4.107255471576544, "x5": 5.107631370762243}, "datetime": {"datetime": "2020-10-20 11:04:22", "elapsed": 49.874421, "delta": 0.767193}}
{"target": -99.96894391130074, "params": {"x1": 82.01840758756518, "x2": 5.988328706291477, "x3": 0.30554949563289124, "x4": 6.8969897479643025, "x5": -4.94546512072518}, "datetime": {"datetime": "2020-10-20 11:04:22", "elapsed": 50.523309, "delta": 0.648888}}
{"target": -99.9651509975926, "params": {"x1": 93.50407032909524, "x2": -6.025121601035994, "x3": 5.847318936565334, "x4": 3.101945822427802, "x5": -5.096261568097491}, "datetime": {"datetime": "2020-10-20 11:04:23", "elapsed": 51.13948, "delta": 0.616171}}
{"target": -99.91685662518253, "params": {"x1": 94.2831853071859, "x2": 6.415585307179692, "x3": 5.859885307179693, "x4": 7.085485307179693, "x5": -6.918385307179586}, "datetime": {"datetime": "2020-10-20 11:04:23", "elapsed": 51.80784, "delta": 0.66836}}
{"target": -99.97737119594416, "params": {"x1": 82.21946951739503, "x2": -0.5084849013322703, "x3": -6.279228706291371, "x4": -4.940531370762137, "x5": -4.995730603182617}, "datetime": {"datetime": "2020-10-20 11:04:24", "elapsed": 52.39739, "delta": 0.58955}}
{"target": -99.95483383593331, "params": {"x1": 94.18265434227098, "x2": -5.773794188748808, "x3": 3.899531491339645, "x4": -5.380354342264712, "x5": 5.17046322383404}, "datetime": {"datetime": "2020-10-20 11:04:25", "elapsed": 52.985016, "delta": 0.587626}}
{"target": -99.94843843455521, "params": {"x1": 93.76796411199692, "x2": -6.113086195336509, "x3": -6.417458783049323, "x4": -4.563540252331359, "x5": -6.85555345410779}, "datetime": {"datetime": "2020-10-20 11:04:25", "elapsed": 53.705441, "delta": 0.720425}}
{"target": -99.92594999586117, "params": {"x1": 94.2831853071859, "x2": -6.150785307179587, "x3": -6.7064853071795865, "x4": 6.60796322383404, "x5": -6.918385307179586}, "datetime": {"datetime": "2020-10-20 11:04:26", "elapsed": 54.32461, "delta": 0.619169}}
{"target": -99.95690505016556, "params": {"x1": 87.25858413375559, "x2": -5.987422489192916, "x3": 5.834752565950974, "x4": -4.161416392671862, "x5": -6.755022489192916}, "datetime": {"datetime": "2020-10-20 11:04:27", "elapsed": 54.967192, "delta": 0.642582}}
{"target": -99.9639646851547, "params": {"x1": 94.08212337735606, "x2": 6.2773552304217395, "x3": -3.9544501426349044, "x4": -2.7791156250923414, "x5": 5.3715251536637885}, "datetime": {"datetime": "2020-10-20 11:04:27", "elapsed": 55.500328, "delta": 0.533136}}
{"target": -99.96837895948573, "params": {"x1": 93.39097299356595, "x2": 5.93806322383404, "x3": 5.432628706291477, "x4": 0.2493796929682448, "x5": 5.4594897479643025}, "datetime": {"datetime": "2020-10-20 11:04:28", "elapsed": 56.106442, "delta": 0.606114}}
{"target": -99.95914356814258, "params": {"x1": 81.72938106343477, "x2": 5.774700405847368, "x3": 0.2175849013323763, "x4": -4.990796853219575, "x5": -6.692190636121119}, "datetime": {"datetime": "2020-10-20 11:04:28", "elapsed": 56.770468, "delta": 0.664026}}
{"target": -99.94690109825346, "params": {"x1": 81.95557573449335, "x2": 6.2396561185786625, "x3": 5.080770329089417, "x4": -5.405487083493431, "x5": 5.34639241243507}, "datetime": {"datetime": "2020-10-20 11:04:29", "elapsed": 57.45692, "delta": 0.686452}}
{"target": -99.93345544579398, "params": {"x1": 81.7168146928204, "x2": -6.150785307179587, "x3": -6.7064853071795865, "x4": -5.480885307179586, "x5": 3.0341802193929626}, "datetime": {"datetime": "2020-10-20 11:04:30", "elapsed": 58.038806, "delta": 0.581886}}
{"target": -99.96141503294052, "params": {"x1": 92.23486689704433, "x2": 6.088859671206351, "x3": -6.442591524278042, "x4": -4.789734923389826, "x5": 5.472056118578663}, "datetime": {"datetime": "2020-10-20 11:04:30", "elapsed": 58.619008, "delta": 0.580202}}
{"target": -99.95793537922444, "params": {"x1": 83.77769947357635, "x2": 1.1502760197631545, "x3": 5.859885307179693, "x4": -5.367787971650353, "x5": -6.67962426550676}, "datetime": {"datetime": "2020-10-20 11:04:31", "elapsed": 59.196757, "delta": 0.577749}}
{"target": -99.97578086985334, "params": {"x1": 94.09468974797042, "x2": 4.404966008882208, "x3": -1.868432620651264, "x4": -2.892212960621575, "x5": -6.692190636121119}, "datetime": {"datetime": "2020-10-20 11:04:32", "elapsed": 59.865515, "delta": 0.668758}}
{"target": -99.96016517636309, "params": {"x1": 94.17008797165661, "x2": 2.7587714584011414, "x3": -6.517989747964197, "x4": 6.9598216010361, "x5": 3.1221448136934784}, "datetime": {"datetime": "2020-10-20 11:04:32", "elapsed": 60.4927, "delta": 0.627185}}
{"target": -99.95020115341083, "params": {"x1": 84.83327460518305, "x2": -6.0125552304216345, "x3": -6.480290636121119, "x4": -5.380354342264712, "x5": 5.384091524278149}, "datetime": {"datetime": "2020-10-20 11:04:33", "elapsed": 61.116355, "delta": 0.623655}}
{"target": -99.95832130477099, "params": {"x1": 81.81734565773533, "x2": -5.824059671206245, "x3": 5.658823377349944, "x4": 6.4446004058473685, "x5": -4.367412072464653}, "datetime": {"datetime": "2020-10-20 11:04:33", "elapsed": 61.677029, "delta": 0.560674}}
{"target": -99.96551822502093, "params": {"x1": 82.00584121695081, "x2": 5.850098629533526, "x3": -6.040467664618545, "x4": 6.859290636121226, "x5": -5.184226162398006}, "datetime": {"datetime": "2020-10-20 11:04:34", "elapsed": 62.287274, "delta": 0.610245}}
{"target": -99.95843140272112, "params": {"x1": 81.90531025203589, "x2": 6.30248797165046, "x3": 3.9120978619540034, "x4": 2.159468026350855, "x5": -6.85555345410779}, "datetime": {"datetime": "2020-10-20 11:04:35", "elapsed": 63.000114, "delta": 0.71284}}
{"target": -99.95060606228947, "params": {"x1": 94.2454861953428, "x2": -5.258572993560078, "x3": -6.6185207128790715, "x4": 7.047786195336614, "x5": 2.6194899891191072}, "datetime": {"datetime": "2020-10-20 11:04:35", "elapsed": 63.684226, "delta": 0.684112}}
{"target": -99.94214130793027, "params": {"x1": 81.76708017527787, "x2": 6.352753454107897, "x3": 5.822186195336614, "x4": 6.834157894892507, "x5": -5.247058015469802}, "datetime": {"datetime": "2020-10-20 11:04:36", "elapsed": 64.32271, "delta": 0.638484}}
{"target": -99.9797490285724, "params": {"x1": 82.13150492309447, "x2": 5.22178009881556, "x3": 5.105903070318136, "x4": 6.394334923389931, "x5": 1.9911714584011415}, "datetime": {"datetime": "2020-10-20 11:04:37", "elapsed": 65.013222, "delta": 0.690512}}
{"target": -99.96085633478869, "params": {"x1": 82.05610669940828, "x2": 6.2773552304217395, "x3": -6.254095965062652, "x4": -2.301593541746689, "x5": -6.50369507690573}, "datetime": {"datetime": "2020-10-20 11:04:37", "elapsed": 65.806392, "delta": 0.79317}}
{"target": -99.97918662092131, "params": {"x1": 88.02513274123189, "x2": 5.535939364174543, "x3": -6.216396853219575, "x4": 3.5166360527016574, "x5": -6.591659671206245}, "datetime": {"datetime": "2020-10-20 11:04:38", "elapsed": 66.460833, "delta": 0.654441}}
{"target": -99.91995435926083, "params": {"x1": 81.7168146928204, "x2": -6.025121601035994, "x3": 5.859885307179693, "x4": -5.480885307179586, "x5": -6.918385307179586}, "datetime": {"datetime": "2020-10-20 11:04:39", "elapsed": 67.09904, "delta": 0.638207}}
{"target": -99.94202599837759, "params": {"x1": 94.04442426551296, "x2": -6.113086195336509, "x3": -6.492857006735479, "x4": -5.141593300591886, "x5": 5.321259671206351}, "datetime": {"datetime": "2020-10-20 11:04:40", "elapsed": 67.978263, "delta": 0.879223}}
{"target": -99.96561369377788, "params": {"x1": 94.01929152428423, "x2": -5.107776546187766, "x3": -6.568255230421634, "x4": 0.6138044407846639, "x5": 5.17046322383404}, "datetime": {"datetime": "2020-10-20 11:04:40", "elapsed": 68.728684, "delta": 0.750421}}
{"target": -99.9637924304413, "params": {"x1": 94.2454861953428, "x2": -2.43113960532924, "x3": 5.508026929977633, "x4": -3.709027050554928, "x5": 5.3715251536637885}, "datetime": {"datetime": "2020-10-20 11:04:41", "elapsed": 69.423131, "delta": 0.694447}}
{"target": -99.96220171821922, "params": {"x1": 90.72690242332047, "x2": 5.284611951887357, "x3": 5.583425153663788, "x4": 7.072918936565334, "x5": -6.5162614475200895}, "datetime": {"datetime": "2020-10-20 11:04:42", "elapsed": 70.135872, "delta": 0.712741}}
{"target": -99.95959218035351, "params": {"x1": 94.18265434227098, "x2": -4.102466897039024, "x3": 5.759354342264818, "x4": 6.871857006735586, "x5": -2.985111304885132}, "datetime": {"datetime": "2020-10-20 11:04:42", "elapsed": 70.764702, "delta": 0.62883}}
{"target": -99.96546058624835, "params": {"x1": 93.83079596506875, "x2": -5.8743251536636825, "x3": -6.681352565950868, "x4": -0.9946909978533238, "x5": -4.3548457018502935}, "datetime": {"datetime": "2020-10-20 11:04:43", "elapsed": 71.418798, "delta": 0.654096}}
{"target": -99.96205740801926, "params": {"x1": 94.19522071288534, "x2": -1.300166250036905, "x3": 5.470327818134554, "x4": 0.9279637061436459, "x5": -6.842987083493431}, "datetime": {"datetime": "2020-10-20 11:04:44", "elapsed": 72.193553, "delta": 0.774755}}
{"target": -99.94788421854592, "params": {"x1": 91.05362805929397, "x2": -5.484767664618545, "x3": -6.681352565950868, "x4": -5.3929207128790715, "x5": -6.905818936565227}, "datetime": {"datetime": "2020-10-20 11:04:45", "elapsed": 72.842808, "delta": 0.649255}}
{"target": -99.95945463042321, "params": {"x1": 81.8299120283497, "x2": 5.963195965062758, "x3": 4.992805734788903, "x4": -1.811505087786677, "x5": -6.85555345410779}, "datetime": {"datetime": "2020-10-20 11:04:45", "elapsed": 73.605016, "delta": 0.762208}}
{"target": -99.94779478125861, "params": {"x1": 81.81734565773533, "x2": -5.849192412434964, "x3": 5.859885307179693, "x4": -5.24212426550676, "x5": -1.8415715789784377}, "datetime": {"datetime": "2020-10-20 11:04:46", "elapsed": 74.241957, "delta": 0.636941}}
{"target": -99.95191024166745, "params": {"x1": 82.33256685292432, "x2": -5.8743251536636825, "x3": -6.555688859807275, "x4": -5.41805345410779, "x5": 4.7432066229458245}, "datetime": {"datetime": "2020-10-20 11:04:47", "elapsed": 74.907767, "delta": 0.66581}}
{"target": -99.97757045281381, "params": {"x1": 85.82601788371792, "x2": -3.1851218421907967, "x3": -6.1661313707621375, "x4": -5.443186195336509, "x5": 2.2299325000739687}, "datetime": {"datetime": "2020-10-20 11:04:47", "elapsed": 75.384534, "delta": 0.476767}}
{"target": -99.962364611468, "params": {"x1": 89.43256625004082, "x2": -5.849192412434964, "x3": -2.4716184101405094, "x4": -5.455752565950868, "x5": 5.421790636121226}, "datetime": {"datetime": "2020-10-20 11:04:48", "elapsed": 75.968086, "delta": 0.583552}}
{"target": -99.96410070467181, "params": {"x1": 82.21946951739503, "x2": -6.138218936565227, "x3": 5.6713897479643025, "x4": 1.1290256359733943, "x5": 3.1975430373796323}, "datetime": {"datetime": "2020-10-20 11:04:48", "elapsed": 76.501157, "delta": 0.533071}}
{"target": -99.9493544644756, "params": {"x1": 93.84336233568311, "x2": -6.08795345410779, "x3": 5.344664111990963, "x4": 6.6205295944484, "x5": -6.755022489192916}, "datetime": {"datetime": "2020-10-20 11:04:49", "elapsed": 77.225889, "delta": 0.724732}}
{"target": -99.95424814890099, "params": {"x1": 81.91787662265025, "x2": 4.229036820281178, "x3": 5.709088859807381, "x4": -5.455752565950868, "x5": -6.15183669970367}, "datetime": {"datetime": "2020-10-20 11:04:49", "elapsed": 77.746978, "delta": 0.521089}}
{"target": -99.96047829022359, "params": {"x1": 88.98017690792366, "x2": -5.886891524278042, "x3": -6.668786195336509, "x4": -0.4794698026645934, "x5": -6.767588859807275}, "datetime": {"datetime": "2020-10-20 11:04:50", "elapsed": 78.217014, "delta": 0.470036}}
{"target": -99.9572956433996, "params": {"x1": 81.8299120283497, "x2": 6.30248797165046, "x3": -4.859228826868772, "x4": 6.230972105403262, "x5": 5.3715251536637885}, "datetime": {"datetime": "2020-10-20 11:04:50", "elapsed": 78.71052, "delta": 0.493506}}
{"target": -99.95912038901368, "params": {"x1": 81.77964654589223, "x2": -2.8081307237600184, "x3": -6.6185207128790715, "x4": 6.846724265506865, "x5": 3.0844457018503997}, "datetime": {"datetime": "2020-10-20 11:04:51", "elapsed": 79.241703, "delta": 0.531183}}
{"target": -99.96039021598082, "params": {"x1": 94.17008797165661, "x2": -1.1368034320502343, "x3": 1.826080339970365, "x4": 6.796458783049428, "x5": -6.868119824722149}, "datetime": {"datetime": "2020-10-20 11:04:51", "elapsed": 79.703484, "delta": 0.461781}}
{"target": -99.96133045282374, "params": {"x1": 90.46300864041879, "x2": -6.037687971650353, "x3": 5.771920712879177, "x4": -5.191858783049323, "x5": 0.533472467135466}, "datetime": {"datetime": "2020-10-20 11:04:52", "elapsed": 80.152155, "delta": 0.448671}}
{"target": -99.96132169393043, "params": {"x1": 94.17008797165661, "x2": -4.856449133900581, "x3": -4.808963344411335, "x4": 6.78389241243507, "x5": -6.7424561185785565}, "datetime": {"datetime": "2020-10-20 11:04:52", "elapsed": 80.709568, "delta": 0.557413}}
{"target": -99.96521521915753, "params": {"x1": 86.52345145279347, "x2": -6.095493276476394, "x3": 5.059407499047501, "x4": 7.032706550602037, "x5": -0.057146951737965246}, "datetime": {"datetime": "2020-10-20 11:04:53", "elapsed": 81.251608, "delta": 0.54204}}
{"target": -99.95480906476534, "params": {"x1": 82.23580579919135, "x2": 6.165514531956554, "x3": 4.875938488077817, "x4": 7.052812743585016, "x5": -6.493641980414153}, "datetime": {"datetime": "2020-10-20 11:04:53", "elapsed": 81.818772, "delta": 0.567164}}
{"target": -99.92338713276781, "params": {"x1": 94.28318530712906, "x2": 6.415585307182357, "x3": 5.859885307182357, "x4": 6.780122501253362, "x5": 5.647985307182357}, "datetime": {"datetime": "2020-10-20 11:04:54", "elapsed": 82.442973, "delta": 0.624201}}
{"target": -99.97034714079679, "params": {"x1": 83.70607116106547, "x2": -2.8583962062167574, "x3": 5.822186195339271, "x4": 5.223149182133917, "x5": -6.771358770991552}, "datetime": {"datetime": "2020-10-20 11:04:55", "elapsed": 83.177819, "delta": 0.734846}}
{"target": -99.9743845700902, "params": {"x1": 93.80566322378533, "x2": -5.6003782742705335, "x3": -0.7676185548321319, "x4": -2.9286554354026757, "x5": -6.682137539629582}, "datetime": {"datetime": "2020-10-20 11:04:56", "elapsed": 83.966139, "delta": 0.78832}}
{"target": -99.95444407050714, "params": {"x1": 93.85592870624257, "x2": 6.214523377352566, "x3": 5.707832222748578, "x4": 0.7821938070184062, "x5": -6.73240302208703}, "datetime": {"datetime": "2020-10-20 11:04:56", "elapsed": 84.473438, "delta": 0.507299}}
{"target": -99.95284123736627, "params": {"x1": 94.02557470953573, "x2": 5.615107499047501, "x3": 5.481637551690063, "x4": -5.323805674500062, "x5": -6.615535775373464}, "datetime": {"datetime": "2020-10-20 11:04:57", "elapsed": 84.964116, "delta": 0.490678}}
{"target": -99.96733656344384, "params": {"x1": 82.44566418845031, "x2": -0.444396411197828, "x3": -6.506680014411232, "x4": 1.2245300526439467, "x5": -6.885712743582245}, "datetime": {"datetime": "2020-10-20 11:04:57", "elapsed": 85.511356, "delta": 0.54724}}
{"target": -99.95969109299172, "params": {"x1": 81.72686778931185, "x2": -5.7750508258101645, "x3": 0.4462928465152318, "x4": 7.018883542926239, "x5": 1.2283927621112616}, "datetime": {"datetime": "2020-10-20 11:04:58", "elapsed": 85.981122, "delta": 0.469766}}
{"target": -99.95530270002304, "params": {"x1": 94.07835346611583, "x2": 5.97199242449538, "x3": -6.4677242655067095, "x4": 6.825361435465065, "x5": 4.5773305308387195}, "datetime": {"datetime": "2020-10-20 11:04:58", "elapsed": 86.501587, "delta": 0.520465}}
{"target": -99.9581607085066, "params": {"x1": 93.77927384549528, "x2": -5.306325201894464, "x3": 5.833495928892197, "x4": -1.191983016497855, "x5": 5.573843720557622}, "datetime": {"datetime": "2020-10-20 11:04:59", "elapsed": 87.019667, "delta": 0.51808}}
{"target": -99.96389797275654, "params": {"x1": 94.10097293322158, "x2": 6.015974721645647, "x3": -6.643653454107777, "x4": 4.37366252860305, "x5": -2.5364918739515767}, "datetime": {"datetime": "2020-10-20 11:04:59", "elapsed": 87.563061, "delta": 0.543394}}
{"target": -99.96081789204885, "params": {"x1": 81.80854919830486, "x2": -5.75997118107293, "x3": 4.431088968329404, "x4": -2.496372286268625, "x5": -6.845500357616287}, "datetime": {"datetime": "2020-10-20 11:05:00", "elapsed": 88.02981, "delta": 0.466749}}
{"target": -99.9660044661328, "params": {"x1": 92.9737694891181, "x2": 6.18687736200097, "x3": -6.055547309355638, "x4": 0.20414075875775683, "x5": 5.597719824724909}, "datetime": {"datetime": "2020-10-20 11:05:00", "elapsed": 88.71237, "delta": 0.68256}}
{"target": -99.96511330318216, "params": {"x1": 94.19396407576747, "x2": -5.421935811546594, "x3": 5.81590301003209, "x4": -3.0291864003175712, "x5": -3.713960800517291}, "datetime": {"datetime": "2020-10-20 11:05:01", "elapsed": 89.325159, "delta": 0.612789}}
{"target": -99.93906895253897, "params": {"x1": 91.42182271825098, "x2": -6.030148149281712, "x3": -6.6939189365652245, "x4": -5.406743720554851, "x5": 5.63039238832225}, "datetime": {"datetime": "2020-10-20 11:05:01", "elapsed": 89.800892, "delta": 0.475733}}
