{"target": -99.98288841523551, "params": {"x1": 86.957267758256, "x2": 2.901079240015105, "x3": -6.705048030835881, "x4": -1.681662150695225, "x5": -5.074196393331314}, "datetime": {"datetime": "2020-10-20 11:16:30", "elapsed": 0.0, "delta": 0.0}}
{"target": -99.99033443713999, "params": {"x1": 91.52390071220792, "x2": 5.77076439757563, "x3": -3.7651199866608978, "x4": 6.2417502786420025, "x5": -3.709800936297796}, "datetime": {"datetime": "2020-10-20 11:16:30", "elapsed": 0.034892, "delta": 0.034892}}
{"target": -99.93343164654151, "params": {"x1": 81.7168146928204, "x2": -6.150785307179587, "x3": 5.859885307179586, "x4": -5.480885307179586, "x5": 3.1347111843077515}, "datetime": {"datetime": "2020-10-20 11:16:30", "elapsed": 0.314312, "delta": 0.27942}}
{"target": -99.96307581462453, "params": {"x1": 93.02654824574373, "x2": -6.150785307179587, "x3": 4.603248245743669, "x4": -2.967611184307752, "x5": -6.918385307179586}, "datetime": {"datetime": "2020-10-20 11:16:31", "elapsed": 0.606346, "delta": 0.292034}}
{"target": -99.94836752487988, "params": {"x1": 94.28318530717965, "x2": -4.894148245743669, "x3": -0.42330000000000023, "x4": -5.480885307179586, "x5": 5.647985307179586}, "datetime": {"datetime": "2020-10-20 11:16:31", "elapsed": 0.965488, "delta": 0.359142}}
{"target": -99.96320337551617, "params": {"x1": 90.51327412287188, "x2": 5.158948245743669, "x3": 5.859885307179586, "x4": -5.480885307179586, "x5": 4.391348245743669}, "datetime": {"datetime": "2020-10-20 11:16:31", "elapsed": 1.223988, "delta": 0.2585}}
{"target": -99.9483367137858, "params": {"x1": 81.7168146928204, "x2": -6.150785307179587, "x3": 4.603248245743669, "x4": -1.7109741228718347, "x5": 5.647985307179586}, "datetime": {"datetime": "2020-10-20 11:16:32", "elapsed": 1.509972, "delta": 0.285984}}
{"target": -99.96271036515422, "params": {"x1": 83.6017702849743, "x2": -4.894148245743669, "x3": -6.7064853071795865, "x4": -4.224248245743669, "x5": 5.647985307179586}, "datetime": {"datetime": "2020-10-20 11:16:32", "elapsed": 1.758376, "delta": 0.248404}}
{"target": -99.96003960900491, "params": {"x1": 82.34513322353837, "x2": -6.150785307179587, "x3": 3.97492971502571, "x4": -5.480885307179586, "x5": -5.033429715025711}, "datetime": {"datetime": "2020-10-20 11:16:32", "elapsed": 2.033759, "delta": 0.275383}}
{"target": -99.95917602852127, "params": {"x1": 88.62831853071799, "x2": -6.150785307179587, "x3": 4.603248245743669, "x4": -4.852566776461628, "x5": 5.647985307179586}, "datetime": {"datetime": "2020-10-20 11:16:32", "elapsed": 2.301464, "delta": 0.267705}}
{"target": -99.96418443374037, "params": {"x1": 93.65486677646169, "x2": -5.522466776461628, "x3": -6.7064853071795865, "x4": 6.457166776461627, "x5": -5.661748245743669}, "datetime": {"datetime": "2020-10-20 11:16:33", "elapsed": 2.661738, "delta": 0.360274}}
{"target": -99.96142018423797, "params": {"x1": 94.28318530717965, "x2": 5.158948245743669, "x3": -5.449848245743669, "x4": -5.480885307179586, "x5": 4.391348245743669}, "datetime": {"datetime": "2020-10-20 11:16:33", "elapsed": 2.953471, "delta": 0.291733}}
{"target": -99.96716717277067, "params": {"x1": 94.28318530717965, "x2": -2.380874122871835, "x3": -4.821529715025711, "x4": -5.166726041820607, "x5": -6.290066776461628}, "datetime": {"datetime": "2020-10-20 11:16:33", "elapsed": 3.277432, "delta": 0.323961}}
{"target": -99.95744386486682, "params": {"x1": 82.03097395817939, "x2": 5.787266776461627, "x3": 5.859885307179586, "x4": -3.2817704496667313, "x5": -6.604226041820607}, "datetime": {"datetime": "2020-10-20 11:16:34", "elapsed": 3.567998, "delta": 0.290566}}
{"target": -99.98003996056597, "params": {"x1": 83.6017702849743, "x2": -4.265829715025711, "x3": 5.231566776461627, "x4": -4.5384075111026485, "x5": 5.333826041820607}, "datetime": {"datetime": "2020-10-20 11:16:34", "elapsed": 3.621817, "delta": 0.053819}}
{"target": -99.91685662518272, "params": {"x1": 94.28318530717965, "x2": -6.150785307179587, "x3": 5.859885307179586, "x4": 7.085485307179586, "x5": 5.647985307179586}, "datetime": {"datetime": "2020-10-20 11:16:34", "elapsed": 4.013034, "delta": 0.391217}}
{"target": -99.91685662518272, "params": {"x1": 81.7168146928204, "x2": 6.415585307179586, "x3": -6.7064853071795865, "x4": 7.085485307179586, "x5": -6.918385307179586}, "datetime": {"datetime": "2020-10-20 11:16:34", "elapsed": 4.351615, "delta": 0.338581}}
{"target": -99.91685662518272, "params": {"x1": 81.7168146928204, "x2": -6.150785307179587, "x3": 5.859885307179586, "x4": 7.085485307179586, "x5": -6.918385307179586}, "datetime": {"datetime": "2020-10-20 11:16:35", "elapsed": 4.69158, "delta": 0.339965}}
{"target": -99.93020220124637, "params": {"x1": 82.65929248889731, "x2": -6.150785307179587, "x3": -6.7064853071795865, "x4": 7.085485307179586, "x5": 5.647985307179586}, "datetime": {"datetime": "2020-10-20 11:16:35", "elapsed": 5.085151, "delta": 0.393571}}
{"target": -99.96187968021376, "params": {"x1": 93.49778714378166, "x2": 5.473107511102648, "x3": 5.545726041820607, "x4": -5.0096464091411175, "x5": -6.761305674500097}, "datetime": {"datetime": "2020-10-20 11:16:36", "elapsed": 5.484145, "delta": 0.398994}}
{"target": -99.96725748832222, "params": {"x1": 83.28761101961524, "x2": 6.258505674500095, "x3": 5.388646409141118, "x4": 6.771326041820607, "x5": 4.234268613064178}, "datetime": {"datetime": "2020-10-20 11:16:36", "elapsed": 5.873463, "delta": 0.389318}}
{"target": -99.971815004195, "params": {"x1": 82.18805359085886, "x2": -5.679546409141118, "x3": -6.549405674500097, "x4": 4.1009722862692835, "x5": -2.2059963267948968}, "datetime": {"datetime": "2020-10-20 11:16:36", "elapsed": 6.269467, "delta": 0.396004}}
{"target": -99.97118870937015, "params": {"x1": 81.95243414183963, "x2": 6.258505674500026, "x3": -5.528388062083421, "x4": -4.302788062083421, "x5": -4.954889898685977}, "datetime": {"datetime": "2020-10-20 11:16:37", "elapsed": 6.56081, "delta": 0.291343}}
{"target": -99.97186252720118, "params": {"x1": 82.50221285621782, "x2": -4.972688062083421, "x3": 5.859885307179515, "x4": 6.378626960121815, "x5": 1.3282954084935747}, "datetime": {"datetime": "2020-10-20 11:16:37", "elapsed": 6.96018, "delta": 0.39937}}
{"target": -99.97440124765275, "params": {"x1": 93.34070751110218, "x2": 6.022886225480792, "x3": 5.388646409141049, "x4": 5.514688980384627, "x5": 4.941126960121815}, "datetime": {"datetime": "2020-10-20 11:16:37", "elapsed": 7.418124, "delta": 0.457944}}
{"target": -99.95724821462382, "params": {"x1": 94.04756585815986, "x2": -4.972688062083421, "x3": -6.627945490839842, "x4": 2.8443352248333182, "x5": 5.56944549083977}, "datetime": {"datetime": "2020-10-20 11:16:38", "elapsed": 7.773367, "delta": 0.355243}}
{"target": -99.97714373991555, "params": {"x1": 83.60177028497421, "x2": 5.9443464091410485, "x3": 4.5247084294038595, "x4": 6.143007511102582, "x5": -6.604226041820609}, "datetime": {"datetime": "2020-10-20 11:16:38", "elapsed": 8.159681, "delta": 0.386314}}
{"target": -99.96063218582988, "params": {"x1": 81.91316423366976, "x2": 6.219235766330294, "x3": -5.724737602932771, "x4": 3.943892653589846, "x5": 5.451635766330294}, "datetime": {"datetime": "2020-10-20 11:16:38", "elapsed": 8.458123, "delta": 0.298442}}
{"target": -99.97939131994508, "params": {"x1": 93.49778714378166, "x2": 5.001868613064242, "x3": -6.31378622548086, "x4": -1.3968148575128323, "x5": -6.329336684631497}, "datetime": {"datetime": "2020-10-20 11:16:39", "elapsed": 8.908551, "delta": 0.450428}}
{"target": -99.95407675096753, "params": {"x1": 94.20464549083934, "x2": -6.032975582669969, "x3": 5.035217235612332, "x4": -5.205995949990478, "x5": 4.6269676947629685}, "datetime": {"datetime": "2020-10-20 11:16:39", "elapsed": 9.276505, "delta": 0.367954}}
{"target": -99.96613812477779, "params": {"x1": 93.14435797025283, "x2": -6.032975582669969, "x3": -4.939339439535318, "x4": -5.441615399009714, "x5": 4.35207833757386}, "datetime": {"datetime": "2020-10-20 11:16:40", "elapsed": 9.578871, "delta": 0.302366}}
{"target": -99.96025312517051, "params": {"x1": 94.00829594998999, "x2": -5.01195797025328, "x3": 5.388646409141185, "x4": 6.574976500971313, "x5": -6.722035766330223}, "datetime": {"datetime": "2020-10-20 11:16:40", "elapsed": 9.960762, "delta": 0.381891}}
{"target": -99.94612026347993, "params": {"x1": 94.06720081224479, "x2": 5.747996868291822, "x3": 5.447551271395995, "x4": -5.264900812245287, "x5": 5.647985307179657}, "datetime": {"datetime": "2020-10-20 11:16:40", "elapsed": 10.312425, "delta": 0.351663}}
{"target": -99.95975800648976, "params": {"x1": 94.26355035309415, "x2": 5.905076500971313, "x3": -6.078166776461624, "x4": 5.652133658979307, "x5": 5.333826041820676}, "datetime": {"datetime": "2020-10-20 11:16:41", "elapsed": 10.620397, "delta": 0.307972}}
{"target": -99.97596212084756, "params": {"x1": 90.78816348006058, "x2": -5.502831822376688, "x3": -1.6013972450961438, "x4": 7.026580444924847, "x5": 4.705507511102714}, "datetime": {"datetime": "2020-10-20 11:16:41", "elapsed": 11.01447, "delta": 0.394073}}
{"target": -99.96431479209595, "params": {"x1": 81.77571955507521, "x2": -4.953053107998471, "x3": -5.724737602932771, "x4": 6.162642465187649, "x5": -6.722035766330223}, "datetime": {"datetime": "2020-10-20 11:16:41", "elapsed": 11.363501, "delta": 0.349031}}
{"target": -99.95314317530186, "params": {"x1": 82.3254982694534, "x2": 5.983616317311058, "x3": -6.667215399009714, "x4": 7.085485307179657, "x5": 3.723759806855898}, "datetime": {"datetime": "2020-10-20 11:16:42", "elapsed": 11.707839, "delta": 0.344338}}
{"target": -99.9486704851149, "params": {"x1": 81.8346244173301, "x2": -6.101697921967248, "x3": -6.372691087735684, "x4": -5.2943532433727, "x5": -4.827262697133963}, "datetime": {"datetime": "2020-10-20 11:16:42", "elapsed": 12.083232, "delta": 0.375393}}
{"target": -99.96408597633531, "params": {"x1": 81.81498946324515, "x2": 5.797084253503622, "x3": -5.83272985039996, "x4": 6.241182281526865, "x5": -6.486416317311007}, "datetime": {"datetime": "2020-10-20 11:16:42", "elapsed": 12.388945, "delta": 0.305713}}
{"target": -99.9671215748806, "params": {"x1": 83.37596831299865, "x2": 5.414202648847382, "x3": -6.618128013797377, "x4": -4.587494896315024, "x5": 5.402548381117396}, "datetime": {"datetime": "2020-10-20 11:16:43", "elapsed": 12.719504, "delta": 0.330559}}
{"target": -99.94514452543055, "params": {"x1": 82.1880535908592, "x2": 6.248688197457137, "x3": -6.5003182892877645, "x4": -5.412162967882312, "x5": -6.456963886183604}, "datetime": {"datetime": "2020-10-20 11:16:43", "elapsed": 13.014629, "delta": 0.295125}}
{"target": -99.96369955106395, "params": {"x1": 82.1095137745194, "x2": 6.091608564777654, "x3": 5.565360995905057, "x4": -4.8918366846315235, "x5": 4.234268613063738}, "datetime": {"datetime": "2020-10-20 11:16:43", "elapsed": 13.411759, "delta": 0.39713}}
{"target": -99.96825456970707, "params": {"x1": 92.92837347532665, "x2": 5.929620193576937, "x3": -6.549405674500103, "x4": 6.000654093986406, "x5": -6.4324201935774346}, "datetime": {"datetime": "2020-10-20 11:16:44", "elapsed": 13.752226, "delta": 0.340467}}
{"target": -99.95908971626287, "params": {"x1": 90.96487806683169, "x2": -5.944618289287765, "x3": -6.681941614573417, "x4": -4.666034712654766, "x5": -6.535503702523346}, "datetime": {"datetime": "2020-10-20 11:16:44", "elapsed": 14.05155, "delta": 0.299324}}
{"target": -99.96113251453593, "params": {"x1": 87.14587949730898, "x2": -6.126241614573417, "x3": 5.717531890063307, "x4": 6.7467823492139525, "x5": -4.351115060574279}, "datetime": {"datetime": "2020-10-20 11:16:44", "elapsed": 14.407071, "delta": 0.355521}}
{"target": -99.96880835432385, "params": {"x1": 88.88357293382703, "x2": 5.752905606812518, "x3": -6.662306660488482, "x4": -4.9949201935774346, "x5": -5.897367694762944}, "datetime": {"datetime": "2020-10-20 11:16:45", "elapsed": 14.795792, "delta": 0.388721}}
{"target": -99.96170512199052, "params": {"x1": 82.33531574649632, "x2": -5.9642532433727, "x3": 4.195822948480811, "x4": 6.707512441044082, "x5": 5.358369734426291}, "datetime": {"datetime": "2020-10-20 11:16:45", "elapsed": 15.132294, "delta": 0.336502}}
{"target": -99.97838549679888, "params": {"x1": 94.09310015866537, "x2": -5.630696296436305, "x3": 4.74869027548015, "x4": 0.8683148328781751, "x5": 1.8792727867467311}, "datetime": {"datetime": "2020-10-20 11:16:46", "elapsed": 15.56553, "delta": 0.433236}}
{"target": -99.9659046557262, "params": {"x1": 90.03828866326046, "x2": 6.347305723013199, "x3": -6.465365295613895, "x4": 3.614737528669715, "x5": 5.2004236751461095}, "datetime": {"datetime": "2020-10-20 11:16:46", "elapsed": 15.880534, "delta": 0.315004}}
{"target": -99.95459342181013, "params": {"x1": 93.67827551537322, "x2": -5.434868921485991, "x3": -6.664744098337293, "x4": 6.111875282665825, "x5": 5.614389626158977}, "datetime": {"datetime": "2020-10-20 11:16:46", "elapsed": 16.183797, "delta": 0.303263}}
{"target": -99.96372312290853, "params": {"x1": 91.08721131007223, "x2": 6.387191408473234, "x3": 5.795763663273402, "x4": 4.542867610973114, "x5": -6.23678489837293}, "datetime": {"datetime": "2020-10-20 11:16:47", "elapsed": 16.487489, "delta": 0.303692}}
{"target": -99.97210142068813, "params": {"x1": 82.51905056345049, "x2": -5.835588629762531, "x3": 5.708037540217398, "x4": -0.9329303081652043, "x5": -5.211939229034992}, "datetime": {"datetime": "2020-10-20 11:16:47", "elapsed": 16.803276, "delta": 0.315787}}
{"target": -99.96138174492856, "params": {"x1": 94.21855165470035, "x2": -6.120128777475103, "x3": 1.0704439617908097, "x4": 5.913568461852598, "x5": 5.007869143421847}, "datetime": {"datetime": "2020-10-20 11:16:47", "elapsed": 17.125276, "delta": 0.322}}
