{"target": -99.98288841523551, "params": {"x1": 86.957267758256, "x2": 2.901079240015105, "x3": -6.705048030835881, "x4": -1.681662150695225, "x5": -5.074196393331314}, "datetime": {"datetime": "2020-10-20 11:08:06", "elapsed": 0.0, "delta": 0.0}}
{"target": -99.99033443713999, "params": {"x1": 91.52390071220792, "x2": 5.77076439757563, "x3": -3.7651199866608978, "x4": 6.2417502786420025, "x5": -3.709800936297796}, "datetime": {"datetime": "2020-10-20 11:08:06", "elapsed": 0.034887, "delta": 0.034887}}
{"target": -99.93343164654151, "params": {"x1": 81.7168146928204, "x2": -6.150785307179587, "x3": 5.859885307179586, "x4": -5.480885307179586, "x5": 3.1347111843077515}, "datetime": {"datetime": "2020-10-20 11:08:06", "elapsed": 0.325546, "delta": 0.290659}}
{"target": -99.96307581462453, "params": {"x1": 93.02654824574373, "x2": -6.150785307179587, "x3": 4.603248245743669, "x4": -2.967611184307752, "x5": -6.918385307179586}, "datetime": {"datetime": "2020-10-20 11:08:06", "elapsed": 0.617688, "delta": 0.292142}}
{"target": -99.94836752487988, "params": {"x1": 94.28318530717965, "x2": -4.894148245743669, "x3": -0.42330000000000023, "x4": -5.480885307179586, "x5": 5.647985307179586}, "datetime": {"datetime": "2020-10-20 11:08:07", "elapsed": 0.989225, "delta": 0.371537}}
{"target": -99.96320337551617, "params": {"x1": 90.51327412287188, "x2": 5.158948245743669, "x3": 5.859885307179586, "x4": -5.480885307179586, "x5": 4.391348245743669}, "datetime": {"datetime": "2020-10-20 11:08:07", "elapsed": 1.256397, "delta": 0.267172}}
{"target": -99.9483367137858, "params": {"x1": 81.7168146928204, "x2": -6.150785307179587, "x3": 4.603248245743669, "x4": -1.7109741228718347, "x5": 5.647985307179586}, "datetime": {"datetime": "2020-10-20 11:08:07", "elapsed": 1.568574, "delta": 0.312177}}
{"target": -99.96139500682528, "params": {"x1": 82.97345175425633, "x2": -4.894148245743669, "x3": -6.7064853071795865, "x4": -4.224248245743669, "x5": 5.647985307179586}, "datetime": {"datetime": "2020-10-20 11:08:08", "elapsed": 1.827877, "delta": 0.259303}}
{"target": -99.9631046018556, "params": {"x1": 82.97345175425633, "x2": -6.150785307179587, "x3": 4.603248245743669, "x4": -5.480885307179586, "x5": -4.405111184307752}, "datetime": {"datetime": "2020-10-20 11:08:08", "elapsed": 2.175699, "delta": 0.347822}}
{"target": -99.94836752317788, "params": {"x1": 89.25663706143595, "x2": -6.150785307179587, "x3": 4.603248245743669, "x4": -5.480885307179586, "x5": 5.647985307179586}, "datetime": {"datetime": "2020-10-20 11:08:08", "elapsed": 2.489466, "delta": 0.313767}}
{"target": -99.94652465892192, "params": {"x1": 93.02654824574373, "x2": -6.150785307179587, "x3": -6.7064853071795865, "x4": 7.085485307179586, "x5": -5.661748245743669}, "datetime": {"datetime": "2020-10-20 11:08:09", "elapsed": 2.790178, "delta": 0.300712}}
{"target": -99.96142018423797, "params": {"x1": 94.28318530717965, "x2": -4.894148245743669, "x3": -5.449848245743669, "x4": -5.480885307179586, "x5": -5.661748245743669}, "datetime": {"datetime": "2020-10-20 11:08:09", "elapsed": 3.112991, "delta": 0.322813}}
{"target": -99.96136197909551, "params": {"x1": 93.02654824574373, "x2": -4.894148245743669, "x3": -5.449848245743669, "x4": 7.085485307179586, "x5": 5.647985307179586}, "datetime": {"datetime": "2020-10-20 11:08:09", "elapsed": 3.41383, "delta": 0.300839}}
{"target": -99.96307942401866, "params": {"x1": 82.97345175425633, "x2": 6.415585307179586, "x3": 3.3466111843077515, "x4": -4.224248245743669, "x5": 5.647985307179586}, "datetime": {"datetime": "2020-10-20 11:08:09", "elapsed": 3.720519, "delta": 0.306689}}
{"target": -99.97791920178997, "params": {"x1": 84.23008881569226, "x2": -4.894148245743669, "x3": 4.603248245743669, "x4": -4.224248245743669, "x5": 5.647985307179586}, "datetime": {"datetime": "2020-10-20 11:08:10", "elapsed": 3.779578, "delta": 0.059059}}
{"target": -99.9168566251827, "params": {"x1": 81.7168146928204, "x2": 6.415585307179692, "x3": -6.7064853071795865, "x4": 7.085485307179693, "x5": 5.647985307179693}, "datetime": {"datetime": "2020-10-20 11:08:10", "elapsed": 4.23317, "delta": 0.453592}}
{"target": -99.9168566251827, "params": {"x1": 81.7168146928204, "x2": 6.415585307179692, "x3": 5.859885307179693, "x4": 7.085485307179693, "x5": -6.918385307179586}, "datetime": {"datetime": "2020-10-20 11:08:10", "elapsed": 4.571475, "delta": 0.338305}}
{"target": -99.93325700106503, "params": {"x1": 81.7168146928204, "x2": -6.150785307179587, "x3": 5.859885307179693, "x4": 7.085485307179693, "x5": -4.706704079052353}, "datetime": {"datetime": "2020-10-20 11:08:11", "elapsed": 5.028681, "delta": 0.457206}}
{"target": -99.95861482813734, "params": {"x1": 93.25274291680793, "x2": -5.836626041820605, "x3": 5.8096198247222555, "x4": 6.884423377349944, "x5": 4.227985427757095}, "datetime": {"datetime": "2020-10-20 11:08:11", "elapsed": 5.48317, "delta": 0.454489}}
{"target": -99.96095388377988, "params": {"x1": 82.24460225862376, "x2": -4.856449133900581, "x3": -6.605954342264712, "x4": 7.072918936565334, "x5": 1.5639148575129278}, "datetime": {"datetime": "2020-10-20 11:08:12", "elapsed": 5.848264, "delta": 0.365094}}
{"target": -99.9168566251827, "params": {"x1": 81.7168146928204, "x2": 6.415585307179692, "x3": -6.7064853071795865, "x4": 7.085485307179693, "x5": -6.918385307179586}, "datetime": {"datetime": "2020-10-20 11:08:12", "elapsed": 6.229791, "delta": 0.381527}}
{"target": -99.97079697153332, "params": {"x1": 93.74283137076819, "x2": 6.214523377349944, "x3": -5.148255350999036, "x4": -5.091327818134449, "x5": 3.951525274241189}, "datetime": {"datetime": "2020-10-20 11:08:12", "elapsed": 6.646123, "delta": 0.416332}}
{"target": -99.95888712458405, "params": {"x1": 94.14495523042788, "x2": 5.322311063730434, "x3": 5.143602182161215, "x4": -4.701770329089311, "x5": -6.893252565950868}, "datetime": {"datetime": "2020-10-20 11:08:13", "elapsed": 7.046751, "delta": 0.400628}}
{"target": -99.96425037471327, "params": {"x1": 81.93044299326462, "x2": 5.674169440932494, "x3": 5.143602182161215, "x4": 6.758759671206351, "x5": 4.8814366997037775}, "datetime": {"datetime": "2020-10-20 11:08:13", "elapsed": 7.408816, "delta": 0.362065}}
{"target": -99.9685033576288, "params": {"x1": 82.72212434196965, "x2": 6.101426041820711, "x3": 4.9551066229458245, "x4": -5.053628706291371, "x5": -6.390597741376497}, "datetime": {"datetime": "2020-10-20 11:08:14", "elapsed": 7.793422, "delta": 0.384606}}
{"target": -99.96610311280526, "params": {"x1": 81.76708017527787, "x2": -4.956980098815455, "x3": -6.254095965062652, "x4": 4.459113848778604, "x5": -6.5162614475200895}, "datetime": {"datetime": "2020-10-20 11:08:14", "elapsed": 8.129482, "delta": 0.33606}}
{"target": -99.93464022301275, "params": {"x1": 93.96902604182677, "x2": 6.415585307179692, "x3": -6.7064853071795865, "x4": -4.827434035232904, "x5": -6.918385307179586}, "datetime": {"datetime": "2020-10-20 11:08:14", "elapsed": 8.48935, "delta": 0.359868}}
{"target": -99.95956602249356, "params": {"x1": 94.21922248070223, "x2": -6.119872035468169, "x3": 5.513430469378947, "x4": -3.148441257441272, "x5": 2.329332491661657}, "datetime": {"datetime": "2020-10-20 11:08:15", "elapsed": 9.086107, "delta": 0.596757}}
{"target": -99.95394331249963, "params": {"x1": 81.87150671508255, "x2": 6.290172928486197, "x3": -6.677708318472616, "x4": -4.592945559566261, "x5": -3.709939561911624}, "datetime": {"datetime": "2020-10-20 11:08:15", "elapsed": 9.76839, "delta": 0.682283}}
{"target": -99.96125999120135, "params": {"x1": 92.54789518899918, "x2": 6.1349782513983895, "x3": 5.706701249428378, "x4": 6.143133174844217, "x5": -6.6794986017998905}, "datetime": {"datetime": "2020-10-20 11:08:16", "elapsed": 10.372216, "delta": 0.603826}}
{"target": -99.9664140352898, "params": {"x1": 94.00735347214498, "x2": -6.125526902244648, "x3": -5.993218111106386, "x4": -3.2288660293734157, "x5": 4.401903997094231}, "datetime": {"datetime": "2020-10-20 11:08:17", "elapsed": 10.948223, "delta": 0.576007}}
{"target": -99.91691480441074, "params": {"x1": 81.7168146928204, "x2": -6.150785307179587, "x3": -6.7064853071795865, "x4": -5.480885307179586, "x5": -6.918385307179586}, "datetime": {"datetime": "2020-10-20 11:08:17", "elapsed": 11.609408, "delta": 0.661185}}
{"target": -99.94622626972459, "params": {"x1": 94.0724472719271, "x2": 5.7474313816503715, "x3": 5.4418021568768795, "x4": -5.26348709555051, "x5": 5.644466723445853}, "datetime": {"datetime": "2020-10-20 11:08:18", "elapsed": 12.245753, "delta": 0.636345}}
{"target": -99.91691480440973, "params": {"x1": 81.7168146928204, "x2": -6.150785307179587, "x3": 5.859885307217884, "x4": -5.480885307179586, "x5": -6.918385307179586}, "datetime": {"datetime": "2020-10-20 11:08:19", "elapsed": 12.862004, "delta": 0.616251}}
{"target": -99.96308505476884, "params": {"x1": 82.63152080983593, "x2": -5.343395995204549, "x3": -6.170278273063246, "x4": 7.0202658437291605, "x5": 5.162923401502142}, "datetime": {"datetime": "2020-10-20 11:08:19", "elapsed": 13.521585, "delta": 0.659581}}
{"target": -99.96474389997118, "params": {"x1": 91.69664924358591, "x2": 5.4991198983098775, "x3": -6.622290624063123, "x4": 6.373349084499979, "x5": -6.727125146428457}, "datetime": {"datetime": "2020-10-20 11:08:20", "elapsed": 14.126825, "delta": 0.60524}}
{"target": -99.95021782481376, "params": {"x1": 90.63504225408911, "x2": 6.407040175200094, "x3": -6.187494200804971, "x4": 6.823476479907698, "x5": 5.603249027830629}, "datetime": {"datetime": "2020-10-20 11:08:20", "elapsed": 14.73956, "delta": 0.612735}}
{"target": -99.9676951522908, "params": {"x1": 83.50061100152152, "x2": 6.113741085060057, "x3": -6.3287402065107985, "x4": 6.912823374976063, "x5": 1.9554829658833315}, "datetime": {"datetime": "2020-10-20 11:08:21", "elapsed": 15.416542, "delta": 0.676982}}
{"target": -99.97074517740842, "params": {"x1": 92.84496419032143, "x2": -5.8136295835953025, "x3": 5.633564972452587, "x4": 5.78436329380317, "x5": -6.2376650109976755}, "datetime": {"datetime": "2020-10-20 11:08:22", "elapsed": 16.16623, "delta": 0.749688}}
{"target": -99.93942483684616, "params": {"x1": 81.7168146928204, "x2": 6.143146392297747, "x3": -1.1659725032917416, "x4": 7.085485307217884, "x5": -6.918385307179586}, "datetime": {"datetime": "2020-10-20 11:08:23", "elapsed": 16.797852, "delta": 0.631622}}
{"target": -99.94531274803025, "params": {"x1": 82.18693347218978, "x2": 6.246398473026839, "x3": -6.499477248481397, "x4": -5.408935948234557, "x5": -6.453802841550597}, "datetime": {"datetime": "2020-10-20 11:08:23", "elapsed": 17.220658, "delta": 0.422806}}
{"target": -99.96895188236013, "params": {"x1": 82.64994055300355, "x2": 6.356707422583036, "x3": -6.1492856759022505, "x4": -2.75657948912164, "x5": 5.035126372023714}, "datetime": {"datetime": "2020-10-20 11:08:23", "elapsed": 17.603053, "delta": 0.382395}}
{"target": -99.96353315565456, "params": {"x1": 82.2578102389462, "x2": -5.335605235885821, "x3": 5.1087775025116455, "x4": 6.94445993330602, "x5": 5.17775764332769}, "datetime": {"datetime": "2020-10-20 11:08:24", "elapsed": 18.096483, "delta": 0.49343}}
{"target": -99.95863059581886, "params": {"x1": 93.89237208261122, "x2": 5.739304036311672, "x3": -1.1435210267966989, "x4": 6.920743672371489, "x5": 5.5637798013297095}, "datetime": {"datetime": "2020-10-20 11:08:24", "elapsed": 18.398654, "delta": 0.302171}}
{"target": -99.96245498186404, "params": {"x1": 81.91874140305437, "x2": -5.684293168171001, "x3": -6.591817128511991, "x4": -4.651404823408104, "x5": -3.5295803512654773}, "datetime": {"datetime": "2020-10-20 11:08:24", "elapsed": 18.748143, "delta": 0.349489}}
{"target": -99.95657363849371, "params": {"x1": 81.77364640984167, "x2": 1.8388514872504889, "x3": 5.729106782551939, "x4": 3.464308679404186, "x5": -6.844393440365653}, "datetime": {"datetime": "2020-10-20 11:08:25", "elapsed": 19.145205, "delta": 0.397062}}
{"target": -99.95814703116027, "params": {"x1": 93.66405715634531, "x2": -4.95214914358167, "x3": 5.519239110720972, "x4": -5.100146425958481, "x5": -6.8766718335252985}, "datetime": {"datetime": "2020-10-20 11:08:25", "elapsed": 19.480825, "delta": 0.33562}}
{"target": -99.95894458131977, "params": {"x1": 82.0403463221756, "x2": 5.957715063338264, "x3": -6.653851863834429, "x4": -1.7115612932820916, "x5": -6.487256474524067}, "datetime": {"datetime": "2020-10-20 11:08:26", "elapsed": 19.825828, "delta": 0.345003}}
{"target": -99.94630039943826, "params": {"x1": 94.2831853071796, "x2": -5.291995464382902, "x3": -6.7064853071795865, "x4": 1.9325609465328248, "x5": -6.918385305442528}, "datetime": {"datetime": "2020-10-20 11:08:26", "elapsed": 20.272932, "delta": 0.447104}}
{"target": -99.96733571179855, "params": {"x1": 93.75731455678417, "x2": 4.487544616506942, "x3": 5.4209541933832, "x4": 6.843538936014403, "x5": 5.0385155580736845}, "datetime": {"datetime": "2020-10-20 11:08:26", "elapsed": 20.646458, "delta": 0.373526}}
{"target": -99.95260290397835, "params": {"x1": 93.78098089552277, "x2": -5.917154565619725, "x3": 5.721431533241735, "x4": -3.737154802559715, "x5": 5.576984764025265}, "datetime": {"datetime": "2020-10-20 11:08:27", "elapsed": 21.04483, "delta": 0.398372}}
{"target": -99.96079631275076, "params": {"x1": 94.2510210321742, "x2": 0.5525984252311336, "x3": -5.47503217645774, "x4": 6.89303090630279, "x5": 5.295179506262422}, "datetime": {"datetime": "2020-10-20 11:08:27", "elapsed": 21.38901, "delta": 0.34418}}
{"target": -99.91685663005391, "params": {"x1": 94.2831853071796, "x2": 6.415585307179586, "x3": 5.859885307179586, "x4": 7.085485307179586, "x5": 5.647985122978678}, "datetime": {"datetime": "2020-10-20 11:08:28", "elapsed": 21.812903, "delta": 0.423893}}
