{"target": -99.98288841523551, "params": {"x1": 86.957267758256, "x2": 2.901079240015105, "x3": -6.705048030835881, "x4": -1.681662150695225, "x5": -5.074196393331314}, "datetime": {"datetime": "2020-10-20 11:03:32", "elapsed": 0.0, "delta": 0.0}}
{"target": -99.99033443713999, "params": {"x1": 91.52390071220792, "x2": 5.77076439757563, "x3": -3.7651199866608978, "x4": 6.2417502786420025, "x5": -3.709800936297796}, "datetime": {"datetime": "2020-10-20 11:03:32", "elapsed": 0.05676, "delta": 0.05676}}
{"target": -99.93343164654151, "params": {"x1": 81.7168146928204, "x2": -6.150785307179587, "x3": 5.859885307179586, "x4": -5.480885307179586, "x5": 3.1347111843077515}, "datetime": {"datetime": "2020-10-20 11:03:32", "elapsed": 0.504232, "delta": 0.447472}}
{"target": -99.96307581462453, "params": {"x1": 93.02654824574373, "x2": -6.150785307179587, "x3": 4.603248245743669, "x4": -2.967611184307752, "x5": -6.918385307179586}, "datetime": {"datetime": "2020-10-20 11:03:33", "elapsed": 0.930184, "delta": 0.425952}}
{"target": -99.94836752487988, "params": {"x1": 94.28318530717965, "x2": -4.894148245743669, "x3": -0.42330000000000023, "x4": -5.480885307179586, "x5": 5.647985307179586}, "datetime": {"datetime": "2020-10-20 11:03:33", "elapsed": 1.414582, "delta": 0.484398}}
{"target": -99.96320337551617, "params": {"x1": 90.51327412287188, "x2": 5.158948245743669, "x3": 5.859885307179586, "x4": -5.480885307179586, "x5": 4.391348245743669}, "datetime": {"datetime": "2020-10-20 11:03:33", "elapsed": 1.756561, "delta": 0.341979}}
{"target": -99.9483367137858, "params": {"x1": 81.7168146928204, "x2": -6.150785307179587, "x3": 4.603248245743669, "x4": -1.7109741228718347, "x5": 5.647985307179586}, "datetime": {"datetime": "2020-10-20 11:03:34", "elapsed": 2.157116, "delta": 0.400555}}
{"target": -99.96139500682528, "params": {"x1": 82.97345175425633, "x2": -4.894148245743669, "x3": -6.7064853071795865, "x4": -4.224248245743669, "x5": 5.647985307179586}, "datetime": {"datetime": "2020-10-20 11:03:34", "elapsed": 2.515362, "delta": 0.358246}}
{"target": -99.9631046018556, "params": {"x1": 82.97345175425633, "x2": -6.150785307179587, "x3": 4.603248245743669, "x4": -5.480885307179586, "x5": -4.405111184307752}, "datetime": {"datetime": "2020-10-20 11:03:35", "elapsed": 2.96068, "delta": 0.445318}}
{"target": -99.94836752317788, "params": {"x1": 89.25663706143595, "x2": -6.150785307179587, "x3": 4.603248245743669, "x4": -5.480885307179586, "x5": 5.647985307179586}, "datetime": {"datetime": "2020-10-20 11:03:35", "elapsed": 3.343508, "delta": 0.382828}}
{"target": -99.94652465892192, "params": {"x1": 93.02654824574373, "x2": -6.150785307179587, "x3": -6.7064853071795865, "x4": 7.085485307179586, "x5": -5.661748245743669}, "datetime": {"datetime": "2020-10-20 11:03:35", "elapsed": 3.743915, "delta": 0.400407}}
{"target": -99.96142018423797, "params": {"x1": 94.28318530717965, "x2": -4.894148245743669, "x3": -5.449848245743669, "x4": -5.480885307179586, "x5": -5.661748245743669}, "datetime": {"datetime": "2020-10-20 11:03:36", "elapsed": 4.203087, "delta": 0.459172}}
{"target": -99.96136197909551, "params": {"x1": 93.02654824574373, "x2": -4.894148245743669, "x3": -5.449848245743669, "x4": 7.085485307179586, "x5": 5.647985307179586}, "datetime": {"datetime": "2020-10-20 11:03:36", "elapsed": 4.594988, "delta": 0.391901}}
{"target": -99.96307942401866, "params": {"x1": 82.97345175425633, "x2": 6.415585307179586, "x3": 3.3466111843077515, "x4": -4.224248245743669, "x5": 5.647985307179586}, "datetime": {"datetime": "2020-10-20 11:03:37", "elapsed": 5.007294, "delta": 0.412306}}
{"target": -99.97791920178997, "params": {"x1": 84.23008881569226, "x2": -4.894148245743669, "x3": 4.603248245743669, "x4": -4.224248245743669, "x5": 5.647985307179586}, "datetime": {"datetime": "2020-10-20 11:03:37", "elapsed": 5.104704, "delta": 0.09741}}
{"target": -99.91685662518272, "params": {"x1": 81.7168146928204, "x2": 6.415585307179586, "x3": -6.7064853071795865, "x4": 7.085485307179586, "x5": 5.647985307179586}, "datetime": {"datetime": "2020-10-20 11:03:37", "elapsed": 5.660212, "delta": 0.555508}}
{"target": -99.91685662518272, "params": {"x1": 81.7168146928204, "x2": 6.415585307179586, "x3": 5.859885307179586, "x4": 7.085485307179586, "x5": -6.918385307179586}, "datetime": {"datetime": "2020-10-20 11:03:38", "elapsed": 6.139143, "delta": 0.478931}}
{"target": -99.91685662518272, "params": {"x1": 94.28318530717965, "x2": -6.150785307179587, "x3": 5.859885307179586, "x4": 7.085485307179586, "x5": 5.647985307179586}, "datetime": {"datetime": "2020-10-20 11:03:38", "elapsed": 6.80765, "delta": 0.668507}}
{"target": -99.97801017662616, "params": {"x1": 82.97345175425633, "x2": -6.150785307179587, "x3": -5.449848245743669, "x4": 5.828848245743669, "x5": -3.1484741228718347}, "datetime": {"datetime": "2020-10-20 11:03:39", "elapsed": 7.242644, "delta": 0.434994}}
{"target": -99.91685662518272, "params": {"x1": 81.7168146928204, "x2": 6.415585307179586, "x3": 5.859885307179586, "x4": 7.085485307179586, "x5": 5.647985307179586}, "datetime": {"datetime": "2020-10-20 11:03:39", "elapsed": 7.729139, "delta": 0.486495}}
{"target": -99.94655768174935, "params": {"x1": 94.28318530717965, "x2": 6.415585307179586, "x3": -6.7064853071795865, "x4": -4.224248245743669, "x5": 4.391348245743669}, "datetime": {"datetime": "2020-10-20 11:03:40", "elapsed": 8.21681, "delta": 0.487671}}
{"target": -99.94658285542495, "params": {"x1": 93.02654824574373, "x2": 6.415585307179586, "x3": 4.603248245743669, "x4": -5.480885307179586, "x5": -6.918385307179586}, "datetime": {"datetime": "2020-10-20 11:03:40", "elapsed": 8.659846, "delta": 0.443036}}
{"target": -99.96307942401866, "params": {"x1": 81.7168146928204, "x2": 6.415585307179586, "x3": -5.449848245743669, "x4": -4.224248245743669, "x5": -4.405111184307752}, "datetime": {"datetime": "2020-10-20 11:03:41", "elapsed": 9.092476, "delta": 0.43263}}
{"target": -99.96317212846635, "params": {"x1": 81.7168146928204, "x2": -4.894148245743669, "x3": 5.859885307179586, "x4": 5.828848245743669, "x5": -0.6352000000000002}, "datetime": {"datetime": "2020-10-20 11:03:41", "elapsed": 9.581758, "delta": 0.489282}}
{"target": -99.91685662518272, "params": {"x1": 94.28318530717965, "x2": 6.415585307179586, "x3": 5.859885307179586, "x4": 7.085485307179586, "x5": -6.918385307179586}, "datetime": {"datetime": "2020-10-20 11:03:42", "elapsed": 10.105112, "delta": 0.523354}}
{"target": -99.95011965641424, "params": {"x1": 94.28318530717965, "x2": 6.415585307179586, "x3": 5.859885307179586, "x4": 3.3155741228718343, "x5": 1.8780741228718343}, "datetime": {"datetime": "2020-10-20 11:03:42", "elapsed": 10.612262, "delta": 0.50715}}
{"target": -99.94655768174935, "params": {"x1": 81.7168146928204, "x2": 6.415585307179586, "x3": 5.859885307179586, "x4": -4.224248245743669, "x5": -5.661748245743669}, "datetime": {"datetime": "2020-10-20 11:03:43", "elapsed": 11.013471, "delta": 0.401209}}
{"target": -99.95002119619357, "params": {"x1": 94.28318530717965, "x2": -6.150785307179587, "x3": 5.859885307179586, "x4": -2.967611184307752, "x5": 1.8780741228718343}, "datetime": {"datetime": "2020-10-20 11:03:43", "elapsed": 11.458913, "delta": 0.445442}}
{"target": -99.96138719466168, "params": {"x1": 81.7168146928204, "x2": -4.894148245743669, "x3": 4.603248245743669, "x4": 5.828848245743669, "x5": -6.918385307179586}, "datetime": {"datetime": "2020-10-20 11:03:44", "elapsed": 11.910373, "delta": 0.45146}}
{"target": -99.96307522804052, "params": {"x1": 81.7168146928204, "x2": 5.158948245743669, "x3": -6.7064853071795865, "x4": 4.5722111843077515, "x5": -5.661748245743669}, "datetime": {"datetime": "2020-10-20 11:03:44", "elapsed": 12.322741, "delta": 0.412368}}
{"target": -99.94823824006536, "params": {"x1": 94.28318530717965, "x2": 6.415585307179586, "x3": -6.7064853071795865, "x4": -2.967611184307752, "x5": -5.661748245743669}, "datetime": {"datetime": "2020-10-20 11:03:44", "elapsed": 12.756827, "delta": 0.434086}}
{"target": -99.93168954105994, "params": {"x1": 94.28318530717965, "x2": -4.894148245743669, "x3": 5.859885307179586, "x4": 7.085485307179586, "x5": -6.918385307179586}, "datetime": {"datetime": "2020-10-20 11:03:45", "elapsed": 13.160439, "delta": 0.403612}}
{"target": -99.91691480441074, "params": {"x1": 81.7168146928204, "x2": 6.415585307179586, "x3": -6.7064853071795865, "x4": -5.480885307179586, "x5": 5.647985307179586}, "datetime": {"datetime": "2020-10-20 11:03:45", "elapsed": 13.67841, "delta": 0.517971}}
{"target": -99.94820882553987, "params": {"x1": 81.7168146928204, "x2": -4.894148245743669, "x3": -4.193211184307752, "x4": 7.085485307179586, "x5": 5.647985307179586}, "datetime": {"datetime": "2020-10-20 11:03:46", "elapsed": 14.130942, "delta": 0.452532}}
{"target": -99.94820882553987, "params": {"x1": 94.28318530717965, "x2": 6.415585307179586, "x3": 4.603248245743669, "x4": 7.085485307179586, "x5": 3.1347111843077515}, "datetime": {"datetime": "2020-10-20 11:03:46", "elapsed": 14.593429, "delta": 0.462487}}
{"target": -99.96142018423797, "params": {"x1": 94.28318530717965, "x2": -4.894148245743669, "x3": -5.449848245743669, "x4": -5.480885307179586, "x5": 4.391348245743669}, "datetime": {"datetime": "2020-10-20 11:03:47", "elapsed": 15.038973, "delta": 0.445544}}
{"target": -99.96139500682528, "params": {"x1": 94.28318530717965, "x2": 6.415585307179586, "x3": 4.603248245743669, "x4": -4.224248245743669, "x5": 4.391348245743669}, "datetime": {"datetime": "2020-10-20 11:03:47", "elapsed": 15.51427, "delta": 0.475297}}
{"target": -99.93343164654151, "params": {"x1": 81.7168146928204, "x2": -6.150785307179587, "x3": -6.7064853071795865, "x4": -5.480885307179586, "x5": -4.405111184307752}, "datetime": {"datetime": "2020-10-20 11:03:48", "elapsed": 16.060344, "delta": 0.546074}}
{"target": -99.94999352402851, "params": {"x1": 88.00000000000003, "x2": 6.415585307179586, "x3": 5.859885307179586, "x4": 7.085485307179586, "x5": -4.405111184307752}, "datetime": {"datetime": "2020-10-20 11:03:48", "elapsed": 16.524032, "delta": 0.463688}}
{"target": -99.94833844734188, "params": {"x1": 81.7168146928204, "x2": 6.415585307179586, "x3": -5.449848245743669, "x4": -0.45433706143591746, "x5": 5.647985307179586}, "datetime": {"datetime": "2020-10-20 11:03:49", "elapsed": 17.027165, "delta": 0.503133}}
{"target": -99.93172255898578, "params": {"x1": 94.28318530717965, "x2": -6.150785307179587, "x3": 5.859885307179586, "x4": -4.224248245743669, "x5": 5.647985307179586}, "datetime": {"datetime": "2020-10-20 11:03:49", "elapsed": 17.505671, "delta": 0.478506}}
{"target": -99.94820882553987, "params": {"x1": 84.23008881569226, "x2": -6.150785307179587, "x3": 4.603248245743669, "x4": 7.085485307179586, "x5": 5.647985307179586}, "datetime": {"datetime": "2020-10-20 11:03:50", "elapsed": 18.007211, "delta": 0.50154}}
{"target": -99.93350306194522, "params": {"x1": 81.7168146928204, "x2": -6.150785307179587, "x3": -6.7064853071795865, "x4": 0.8022999999999998, "x5": -6.918385307179586}, "datetime": {"datetime": "2020-10-20 11:03:50", "elapsed": 18.533002, "delta": 0.525791}}
{"target": -99.93350131170564, "params": {"x1": 94.28318530717965, "x2": -6.150785307179587, "x3": -6.7064853071795865, "x4": 3.3155741228718343, "x5": -6.918385307179586}, "datetime": {"datetime": "2020-10-20 11:03:51", "elapsed": 19.080888, "delta": 0.547886}}
{"target": -99.9334722019793, "params": {"x1": 81.7168146928204, "x2": 6.415585307179586, "x3": 5.859885307179586, "x4": 7.085485307179586, "x5": -3.1484741228718347}, "datetime": {"datetime": "2020-10-20 11:03:51", "elapsed": 19.552378, "delta": 0.47149}}
{"target": -99.96314691074768, "params": {"x1": 94.28318530717965, "x2": 1.3890370614359169, "x3": 4.603248245743669, "x4": 7.085485307179586, "x5": -5.661748245743669}, "datetime": {"datetime": "2020-10-20 11:03:52", "elapsed": 20.175216, "delta": 0.622838}}
{"target": -99.94654987074533, "params": {"x1": 93.02654824574373, "x2": 6.415585307179586, "x3": -6.7064853071795865, "x4": 5.828848245743669, "x5": 5.647985307179586}, "datetime": {"datetime": "2020-10-20 11:03:52", "elapsed": 20.680731, "delta": 0.505515}}
{"target": -99.94654987074533, "params": {"x1": 82.97345175425633, "x2": 6.415585307179586, "x3": 5.859885307179586, "x4": 5.828848245743669, "x5": 5.647985307179586}, "datetime": {"datetime": "2020-10-20 11:03:53", "elapsed": 21.151695, "delta": 0.470964}}
{"target": -99.9483093273377, "params": {"x1": 94.28318530717965, "x2": -6.150785307179587, "x3": 4.603248245743669, "x4": 7.085485307179586, "x5": -0.6352000000000002}, "datetime": {"datetime": "2020-10-20 11:03:53", "elapsed": 21.64914, "delta": 0.497445}}
{"target": -99.96139500682528, "params": {"x1": 82.97345175425633, "x2": -6.150785307179587, "x3": -5.449848245743669, "x4": -4.224248245743669, "x5": -6.918385307179586}, "datetime": {"datetime": "2020-10-20 11:03:54", "elapsed": 22.253108, "delta": 0.603968}}
{"target": -99.93174772892483, "params": {"x1": 81.7168146928204, "x2": 6.415585307179586, "x3": -6.7064853071795865, "x4": -5.480885307179586, "x5": 4.391348245743669}, "datetime": {"datetime": "2020-10-20 11:03:54", "elapsed": 22.681213, "delta": 0.428105}}
{"target": -99.96485875013937, "params": {"x1": 91.7699111843078, "x2": 5.158948245743669, "x3": 5.859885307179586, "x4": -1.7109741228718347, "x5": -6.918385307179586}, "datetime": {"datetime": "2020-10-20 11:03:55", "elapsed": 23.113696, "delta": 0.432483}}
{"target": -99.95299883367201, "params": {"x1": 94.15752160103662, "x2": -5.648130482605219, "x3": 5.482894188748827, "x4": -5.3552216010359945, "x5": -6.038739364174443}, "datetime": {"datetime": "2020-10-20 11:03:55", "elapsed": 23.537689, "delta": 0.423993}}
{"target": -99.96054246495967, "params": {"x1": 81.9681421051076, "x2": -6.025121601035995, "x3": 4.603248245743685, "x4": 6.582830482605236, "x5": 5.019666776461645}, "datetime": {"datetime": "2020-10-20 11:03:56", "elapsed": 23.949112, "delta": 0.411423}}
{"target": -99.96782977273556, "params": {"x1": 92.02123859659545, "x2": -5.899457894892403, "x3": 5.859885307179604, "x4": 5.703184539600092, "x5": 4.642675658030869}, "datetime": {"datetime": "2020-10-20 11:03:56", "elapsed": 24.405351, "delta": 0.456239}}
{"target": -99.95866548721523, "params": {"x1": 82.97345175425639, "x2": -5.773794188748811, "x3": -6.455157894892403, "x4": 6.080175658030869, "x5": 5.647985307179604}, "datetime": {"datetime": "2020-10-20 11:03:56", "elapsed": 24.822298, "delta": 0.416947}}
{"target": -99.96397376706294, "params": {"x1": 93.65486677646223, "x2": 6.415585307179604, "x3": 5.734221601036013, "x4": -2.339292653589789, "x5": -2.8971467105846456}, "datetime": {"datetime": "2020-10-20 11:03:57", "elapsed": 25.274679, "delta": 0.452381}}
{"target": -99.93183398432524, "params": {"x1": 82.2194695173948, "x2": -6.150785307179587, "x3": -6.7064853071795865, "x4": 6.83415789489242, "x5": -6.918385307179586}, "datetime": {"datetime": "2020-10-20 11:03:57", "elapsed": 25.752163, "delta": 0.477484}}
{"target": -99.96853813529948, "params": {"x1": 94.28318530718022, "x2": -0.2445911184307672, "x3": -6.455157894892403, "x4": 4.572211184307766, "x5": -6.038739364174443}, "datetime": {"datetime": "2020-10-20 11:03:58", "elapsed": 26.225477, "delta": 0.473314}}
{"target": -99.9668894387363, "params": {"x1": 93.15221195188784, "x2": 6.16425789489242, "x3": -5.701175658030851, "x4": 6.457166776461645, "x5": -6.667057894892403}, "datetime": {"datetime": "2020-10-20 11:03:58", "elapsed": 26.6895, "delta": 0.464023}}
{"target": -99.95015318180104, "params": {"x1": 82.2194695173948, "x2": 5.033284539600092, "x3": -6.7064853071795865, "x4": -5.3552216010359945, "x5": -6.667057894892403}, "datetime": {"datetime": "2020-10-20 11:03:59", "elapsed": 27.127762, "delta": 0.438262}}
{"target": -99.96786452757404, "params": {"x1": 94.03185789489302, "x2": -5.899457894892403, "x3": -1.4286096491487266, "x4": 5.577520833456501, "x5": -6.541394188748811}, "datetime": {"datetime": "2020-10-20 11:03:59", "elapsed": 27.567827, "delta": 0.440065}}
{"target": -99.9622776379257, "params": {"x1": 87.49734517542592, "x2": 5.535939364174459, "x3": -5.072857127312892, "x4": -5.480885307179586, "x5": 5.647985307179604}, "datetime": {"datetime": "2020-10-20 11:04:00", "elapsed": 28.093393, "delta": 0.525566}}
{"target": -99.95022502993197, "params": {"x1": 94.15752160103662, "x2": -6.025121601035995, "x3": 3.095283772020582, "x4": 6.708494188748827, "x5": 5.522321601036013}, "datetime": {"datetime": "2020-10-20 11:04:00", "elapsed": 28.538564, "delta": 0.445171}}
{"target": -99.95674883305854, "params": {"x1": 81.7168146928204, "x2": 3.0226652413026214, "x3": -6.078166776461627, "x4": 6.582830482605236, "x5": 5.522321601036013}, "datetime": {"datetime": "2020-10-20 11:04:01", "elapsed": 29.13051, "delta": 0.591946}}
{"target": -99.96254006444822, "params": {"x1": 82.97345175425639, "x2": -6.025121601035995, "x3": -2.9365741228718294, "x4": -5.229557894892403, "x5": 5.39665789489242}, "datetime": {"datetime": "2020-10-20 11:04:01", "elapsed": 29.714011, "delta": 0.583501}}
{"target": -99.96689833243265, "params": {"x1": 88.5026548245747, "x2": 6.415585307179604, "x3": -6.203830482605219, "x4": -4.726903070318035, "x5": -6.164403070318035}, "datetime": {"datetime": "2020-10-20 11:04:02", "elapsed": 30.124331, "delta": 0.41032}}
{"target": -99.9672578086219, "params": {"x1": 93.78053048260583, "x2": 5.912930482605236, "x3": 5.734221601036013, "x4": 6.331503070318052, "x5": -4.2794474781641565}, "datetime": {"datetime": "2020-10-20 11:04:02", "elapsed": 30.612562, "delta": 0.488231}}
{"target": -99.96492334707936, "params": {"x1": 82.3451332235384, "x2": 6.289921601036013, "x3": -1.3029459430051347, "x4": 6.331503070318052, "x5": 5.39665789489242}, "datetime": {"datetime": "2020-10-20 11:04:03", "elapsed": 31.128903, "delta": 0.516341}}
{"target": -99.95039123251462, "params": {"x1": 94.28318530718022, "x2": 5.661603070318052, "x3": 5.734221601036013, "x4": 6.708494188748827, "x5": 5.019666776461645}, "datetime": {"datetime": "2020-10-20 11:04:03", "elapsed": 31.555998, "delta": 0.427095}}
{"target": -99.96126813053921, "params": {"x1": 93.90619418874942, "x2": 6.038594188748827, "x3": 1.2103281798667034, "x4": 6.582830482605236, "x5": -6.7927216010359945}, "datetime": {"datetime": "2020-10-20 11:04:04", "elapsed": 32.127816, "delta": 0.571818}}
{"target": -99.95155081942951, "params": {"x1": 86.74336293856433, "x2": 5.661603070318052, "x3": -6.580821601035995, "x4": 6.959821601036013, "x5": 5.647985307179604}, "datetime": {"datetime": "2020-10-20 11:04:04", "elapsed": 32.710925, "delta": 0.583109}}
{"target": -99.95756070670575, "params": {"x1": 86.49203552627714, "x2": 6.415585307179604, "x3": 5.482894188748827, "x4": -5.480885307179586, "x5": -4.782102302738524}, "datetime": {"datetime": "2020-10-20 11:04:05", "elapsed": 33.348343, "delta": 0.637418}}
{"target": -99.94895913098458, "params": {"x1": 94.15752160103662, "x2": 6.415585307179604, "x3": -6.203830482605219, "x4": 6.959821601036013, "x5": 1.626746710584663}, "datetime": {"datetime": "2020-10-20 11:04:06", "elapsed": 33.965106, "delta": 0.616763}}
{"target": -99.97336622226851, "params": {"x1": 82.97345175425639, "x2": 2.8970015351590304, "x3": 5.734221601036013, "x4": 6.708494188748827, "x5": -5.787411951887259}, "datetime": {"datetime": "2020-10-20 11:04:06", "elapsed": 34.539696, "delta": 0.57459}}
{"target": -99.96398599974628, "params": {"x1": 94.15752160103662, "x2": 5.787266776461645, "x3": -6.7064853071795865, "x4": -1.9623015351590132, "x5": 1.1240918860102953}, "datetime": {"datetime": "2020-10-20 11:04:07", "elapsed": 35.024615, "delta": 0.484919}}
{"target": -99.96116942017939, "params": {"x1": 94.15752160103662, "x2": 4.656293421169317, "x3": -5.952503070318035, "x4": -5.103894188748811, "x5": -6.667057894892403}, "datetime": {"datetime": "2020-10-20 11:04:07", "elapsed": 35.443102, "delta": 0.418487}}
{"target": -99.9333734576961, "params": {"x1": 81.7168146928204, "x2": -6.150785307179587, "x3": -6.7064853071795865, "x4": 7.085485307179604, "x5": 3.1347111843077657}, "datetime": {"datetime": "2020-10-20 11:04:08", "elapsed": 35.904206, "delta": 0.461104}}
{"target": -99.95887949498243, "params": {"x1": 94.15752160103662, "x2": -5.648130482605219, "x3": -6.7064853071795865, "x4": 6.20583936417446, "x5": -1.5148459430051346}, "datetime": {"datetime": "2020-10-20 11:04:08", "elapsed": 36.548016, "delta": 0.64381}}
{"target": -99.96036357281127, "params": {"x1": 82.0938058112512, "x2": -6.025121601035995, "x3": 5.859885307179604, "x4": 0.6766362938564168, "x5": -5.033429715025708}, "datetime": {"datetime": "2020-10-20 11:04:09", "elapsed": 37.051784, "delta": 0.503768}}
{"target": -99.9633121088685, "params": {"x1": 93.65486677646223, "x2": 6.289921601036013, "x3": -3.564892653589789, "x4": 6.959821601036013, "x5": 4.76833936417446}, "datetime": {"datetime": "2020-10-20 11:04:09", "elapsed": 37.602668, "delta": 0.550884}}
{"target": -99.96414417482939, "params": {"x1": 93.90619418874942, "x2": -5.899457894892403, "x3": 4.7289119518872775, "x4": -5.3552216010359945, "x5": 0.244445943005152}, "datetime": {"datetime": "2020-10-20 11:04:10", "elapsed": 38.085442, "delta": 0.482774}}
{"target": -99.96508052805892, "params": {"x1": 85.61238958327195, "x2": -5.773794188748811, "x3": 5.482894188748827, "x4": 7.085485307179604, "x5": -4.907766008882116}, "datetime": {"datetime": "2020-10-20 11:04:10", "elapsed": 38.645403, "delta": 0.559961}}
{"target": -99.93350023524707, "params": {"x1": 81.7168146928204, "x2": -6.150785307179587, "x3": -6.7064853071795865, "x4": -1.8366378290154213, "x5": -6.918385307179586}, "datetime": {"datetime": "2020-10-20 11:04:11", "elapsed": 39.156904, "delta": 0.511501}}
