{"target": -99.9640827152618, "params": {"x1": 92.38817661849131, "x2": 6.333903898189004, "x3": 3.952310247922214, "x4": 6.482299517692984, "x5": 5.556250801697515}, "datetime": {"datetime": "2020-10-20 11:05:02", "elapsed": 90.33437, "delta": 0.533478}}
{"target": -99.95539441838532, "params": {"x1": 82.0950624483111, "x2": 6.346470268803366, "x3": 5.579655242482086, "x4": 6.787662323621979, "x5": 0.9293131414894473}, "datetime": {"datetime": "2020-10-20 11:05:03", "elapsed": 90.88842, "delta": 0.55405}}
{"target": -99.94563292048448, "params": {"x1": 94.247999469409, "x2": -6.052767616387563, "x3": 5.372310127345114, "x4": 6.753733122963202, "x5": 5.155383579099369}, "datetime": {"datetime": "2020-10-20 11:05:03", "elapsed": 91.434973, "delta": 0.546553}}
{"target": -99.96306614073089, "params": {"x1": 86.47821251858196, "x2": 6.026027818137137, "x3": 5.153655278655216, "x4": -5.170495953004846, "x5": 5.500958770994322}, "datetime": {"datetime": "2020-10-20 11:05:04", "elapsed": 92.098744, "delta": 0.663771}}
{"target": -99.94846950240219, "params": {"x1": 81.73063770049615, "x2": -6.129422477135171, "x3": 5.677672933274109, "x4": -3.416230615239919, "x5": -6.355411903656171}, "datetime": {"datetime": "2020-10-20 11:05:04", "elapsed": 92.697812, "delta": 0.599068}}
{"target": -99.93154110215261, "params": {"x1": 81.7168146928204, "x2": -6.150785307179587, "x3": -6.7064853071795865, "x4": -4.273257091139404, "x5": -6.918385307179586}, "datetime": {"datetime": "2020-10-20 11:05:05", "elapsed": 93.415044, "delta": 0.717232}}
{"target": -99.91691480441209, "params": {"x1": 94.28318530712906, "x2": -6.150785307179587, "x3": -6.7064853071795865, "x4": -5.480885307179586, "x5": -6.918385307179586}, "datetime": {"datetime": "2020-10-20 11:05:06", "elapsed": 93.963001, "delta": 0.547957}}
{"target": -99.97305940019639, "params": {"x1": 94.175114519846, "x2": 6.261018948625705, "x3": -1.0943441908055425, "x4": -0.6905848289848135, "x5": 0.2469592171295938}, "datetime": {"datetime": "2020-10-20 11:05:06", "elapsed": 94.501272, "delta": 0.538271}}
{"target": -99.96351557354997, "params": {"x1": 82.05610669940674, "x2": -5.906997717260965, "x3": 0.7365760077069927, "x4": -5.433133098845011, "x5": 3.6587288389288615}, "datetime": {"datetime": "2020-10-20 11:05:07", "elapsed": 95.060715, "delta": 0.559443}}
{"target": -99.94455468362341, "params": {"x1": 81.7168146928204, "x2": -5.279935823604304, "x3": 5.749301245775972, "x4": -5.204425153663624, "x5": 5.370268516604958}, "datetime": {"datetime": "2020-10-20 11:05:07", "elapsed": 95.600259, "delta": 0.539544}}
{"target": -99.96975885347345, "params": {"x1": 90.42153961735201, "x2": 6.191903910246714, "x3": -6.050520761109893, "x4": 6.938458770994322, "x5": 2.0112776513860107}, "datetime": {"datetime": "2020-10-20 11:05:08", "elapsed": 96.172439, "delta": 0.57218}}
{"target": -99.95210413493733, "params": {"x1": 81.92792971914079, "x2": 6.303744608714536, "x3": -3.295972322441755, "x4": 6.778865864191926, "x5": -6.721093288534104}, "datetime": {"datetime": "2020-10-20 11:05:09", "elapsed": 96.894894, "delta": 0.722455}}
{"target": -99.9760685387039, "params": {"x1": 84.20746934857638, "x2": 6.208240192045385, "x3": -1.3293353212941108, "x4": 1.1529017401420836, "x5": -6.713553466165487}, "datetime": {"datetime": "2020-10-20 11:05:09", "elapsed": 97.495255, "delta": 0.600361}}
{"target": -99.97783738867646, "params": {"x1": 89.31192909210856, "x2": -0.15285661294463093, "x3": 1.8863989189211106, "x4": -5.031009239185429, "x5": -6.822880890510436}, "datetime": {"datetime": "2020-10-20 11:05:10", "elapsed": 98.141948, "delta": 0.646693}}
{"target": -99.96967104514394, "params": {"x1": 94.15752160098597, "x2": 0.7883645460710786, "x3": 1.1349299561822663, "x4": -4.650248209570262, "x5": 5.4821092150727795}, "datetime": {"datetime": "2020-10-20 11:05:10", "elapsed": 98.6602, "delta": 0.518252}}
{"target": -99.96885642122884, "params": {"x1": 81.806035924182, "x2": -5.788873833485963, "x3": -3.0094590724343027, "x4": 1.5939813487061878, "x5": 5.170463223836603}, "datetime": {"datetime": "2020-10-20 11:05:11", "elapsed": 99.253365, "delta": 0.593165}}
{"target": -99.95618333126772, "params": {"x1": 87.78511506247006, "x2": -6.074130446431979, "x3": -6.671299469459373, "x4": -5.330088859807243, "x5": -4.936668661294708}, "datetime": {"datetime": "2020-10-20 11:05:11", "elapsed": 99.791234, "delta": 0.537869}}
{"target": -99.9617549286121, "params": {"x1": 94.18642425339888, "x2": -6.101776461783575, "x3": -1.2966627576967698, "x4": 6.685874721645647, "x5": -0.7068283125004777}, "datetime": {"datetime": "2020-10-20 11:05:12", "elapsed": 100.263889, "delta": 0.472655}}
{"target": -99.96988098795319, "params": {"x1": 81.78844300532197, "x2": -5.204537599918132, "x3": -2.3748573564090245, "x4": 6.586600393792188, "x5": -6.179482715055104}, "datetime": {"datetime": "2020-10-20 11:05:12", "elapsed": 100.771096, "delta": 0.507207}}
{"target": -99.94647094459307, "params": {"x1": 81.74446070817189, "x2": 6.175567628448044, "x3": -6.559458770991552, "x4": 6.1505473334738285, "x5": -6.6017127676976655}, "datetime": {"datetime": "2020-10-20 11:05:13", "elapsed": 101.461258, "delta": 0.690162}}
{"target": -99.93327872121422, "params": {"x1": 94.28318530712906, "x2": 6.415585307182357, "x3": 3.6054784189658244, "x4": 7.085485307182357, "x5": 5.647985307182357}, "datetime": {"datetime": "2020-10-20 11:05:14", "elapsed": 102.170568, "delta": 0.70931}}
{"target": -99.95553540636489, "params": {"x1": 82.2621951774814, "x2": -0.2973698750097933, "x3": 5.670133110905492, "x4": 6.993750801697515, "x5": 5.401684443140863}, "datetime": {"datetime": "2020-10-20 11:05:14", "elapsed": 102.772246, "delta": 0.601678}}
{"target": -99.9501149998829, "params": {"x1": 84.61838966766427, "x2": 6.415585307182357, "x3": -6.7064853071795865, "x4": -5.480885307179586, "x5": -3.3168634891034534}, "datetime": {"datetime": "2020-10-20 11:05:15", "elapsed": 103.447455, "delta": 0.675209}}
{"target": -99.95836084538251, "params": {"x1": 89.24909723903701, "x2": -5.713475609799791, "x3": 4.466274806049618, "x4": 7.074175573629431, "x5": 5.6178260177078885}, "datetime": {"datetime": "2020-10-20 11:05:16", "elapsed": 104.042833, "delta": 0.595378}}
{"target": -99.98374749404874, "params": {"x1": 94.25176938059329, "x2": -2.649794454018349, "x3": 1.2090715428070018, "x4": 0.7771672587726615, "x5": -4.996987240243645}, "datetime": {"datetime": "2020-10-20 11:05:16", "elapsed": 104.57468, "delta": 0.531847}}
{"target": -99.96512537614602, "params": {"x1": 91.59900854391273, "x2": -1.8329803640848228, "x3": 5.785743720557622, "x4": 6.3315030703206405, "x5": -6.870633098845011}, "datetime": {"datetime": "2020-10-20 11:05:17", "elapsed": 105.144858, "delta": 0.570178}}
{"target": -99.96206865151677, "params": {"x1": 81.95180582330798, "x2": -3.631227999000017, "x3": -6.612237527571872, "x4": 6.5061756218602715, "x5": -6.295093324707234}, "datetime": {"datetime": "2020-10-20 11:05:17", "elapsed": 105.779563, "delta": 0.634705}}
{"target": -99.96141817565344, "params": {"x1": 94.21281363168893, "x2": -5.7172455209840995, "x3": -2.7179192741811056, "x4": 4.5420518948355, "x5": 5.60400301003209}, "datetime": {"datetime": "2020-10-20 11:05:18", "elapsed": 106.324069, "delta": 0.544506}}
{"target": -99.94959892192232, "params": {"x1": 94.14369859331023, "x2": 6.352753454110547, "x3": 0.7918680384101853, "x4": -5.433133098845011, "x5": 5.102604822519049}, "datetime": {"datetime": "2020-10-20 11:05:19", "elapsed": 106.897702, "delta": 0.573633}}
{"target": -99.94712684227211, "params": {"x1": 81.88520405905214, "x2": -5.62802428962213, "x3": 5.633690636123842, "x4": 7.036476461786346, "x5": 5.067418984798835}, "datetime": {"datetime": "2020-10-20 11:05:19", "elapsed": 107.580947, "delta": 0.683245}}
{"target": -99.9169148044106, "params": {"x1": 81.7168146928204, "x2": 6.415585307182357, "x3": 5.859885307182357, "x4": -5.480885307179586, "x5": -6.918385307179586}, "datetime": {"datetime": "2020-10-20 11:05:20", "elapsed": 108.229728, "delta": 0.648781}}
{"target": -99.95092456223341, "params": {"x1": 81.95306246036941, "x2": -6.120626017705118, "x3": -6.638626905862032, "x4": 4.748140372911036, "x5": -6.383057919007768}, "datetime": {"datetime": "2020-10-20 11:05:20", "elapsed": 108.770242, "delta": 0.540514}}
{"target": -99.95629657435933, "params": {"x1": 83.24991190776606, "x2": 6.051160559365861, "x3": 5.367283579099369, "x4": -5.3904074387561804, "x5": -6.708526917919742}, "datetime": {"datetime": "2020-10-20 11:05:21", "elapsed": 109.473647, "delta": 0.703405}}
{"target": -99.9808271111823, "params": {"x1": 88.21362830041798, "x2": 5.87648800782623, "x3": 1.4528591327256235, "x4": -5.2999295703327745, "x5": 1.366622838869243}, "datetime": {"datetime": "2020-10-20 11:05:22", "elapsed": 110.181945, "delta": 0.708298}}
{"target": -99.95586923194033, "params": {"x1": 94.22726495789539, "x2": 3.187284696379174, "x3": -6.6616233640861875, "x4": 6.952030451292983, "x5": -0.29791861269042297}, "datetime": {"datetime": "2020-10-20 11:05:23", "elapsed": 111.227467, "delta": 1.045522}}
{"target": -99.94979897582881, "params": {"x1": 81.7168146928204, "x2": -1.7987998360014545, "x3": -6.7064853071795865, "x4": -5.480885307179586, "x5": 3.6395022919187356}, "datetime": {"datetime": "2020-10-20 11:05:24", "elapsed": 112.104583, "delta": 0.877116}}
{"target": -99.95991747117287, "params": {"x1": 94.04957647740906, "x2": -5.906243735023412, "x3": -2.1604750737151575, "x4": 6.819078250192658, "x5": 5.103861459614474}, "datetime": {"datetime": "2020-10-20 11:05:25", "elapsed": 113.071004, "delta": 0.966421}}
{"target": -99.9422792962153, "params": {"x1": 82.0023226331775, "x2": -5.50625615836714, "x3": -6.4233649772372114, "x4": 7.080961413796701, "x5": 5.568063190110316}, "datetime": {"datetime": "2020-10-20 11:05:26", "elapsed": 113.954984, "delta": 0.88398}}
{"target": -99.96326025927912, "params": {"x1": 92.45528103757172, "x2": -6.082801242155696, "x3": 5.734975583310773, "x4": -4.77943049948392, "x5": 4.586126990301298}, "datetime": {"datetime": "2020-10-20 11:05:26", "elapsed": 114.770196, "delta": 0.815212}}
{"target": -99.96374913903439, "params": {"x1": 94.19031982828932, "x2": 6.0057959614823835, "x3": -1.2668804593253533, "x4": 3.9706590230271823, "x5": 5.515535760942135}, "datetime": {"datetime": "2020-10-20 11:05:27", "elapsed": 115.761744, "delta": 0.991548}}
{"target": -99.93331487316503, "params": {"x1": 81.74609433635175, "x2": 6.406160529257085, "x3": 5.323175618276967, "x4": 6.895356119822051, "x5": -6.870004780314156}, "datetime": {"datetime": "2020-10-20 11:05:28", "elapsed": 116.61728, "delta": 0.855536}}
{"target": -99.96385059050408, "params": {"x1": 88.37523182651799, "x2": -0.5224335726971034, "x3": 5.747290626512883, "x4": -5.429740178778989, "x5": -6.39587561703294}, "datetime": {"datetime": "2020-10-20 11:05:29", "elapsed": 117.595224, "delta": 0.977944}}
{"target": -99.96089009589457, "params": {"x1": 81.90392795126746, "x2": -3.132720076719746, "x3": 5.75797204153512, "x4": 0.3487796845455442, "x5": -6.750372932065092}, "datetime": {"datetime": "2020-10-20 11:05:30", "elapsed": 118.471504, "delta": 0.87628}}
{"target": -99.95364949495819, "params": {"x1": 81.73767486804016, "x2": 0.2370778672370797, "x3": 1.3808538291281929, "x4": 6.986587970482575, "x5": -6.896519822310535}, "datetime": {"datetime": "2020-10-20 11:05:31", "elapsed": 119.343876, "delta": 0.872372}}
{"target": -99.94444746112391, "params": {"x1": 94.12899593969149, "x2": 6.011702155671149, "x3": -6.608467616387286, "x4": -5.355347264741756, "x5": -6.333797746197816}, "datetime": {"datetime": "2020-10-20 11:05:32", "elapsed": 120.164615, "delta": 0.820739}}
{"target": -99.94683751581658, "params": {"x1": 94.26571805197517, "x2": -5.188955300353604, "x3": -6.658356107726444, "x4": 6.236375644803048, "x5": 5.564418942632142}, "datetime": {"datetime": "2020-10-20 11:05:33", "elapsed": 121.101729, "delta": 0.937114}}
{"target": -99.96996736248013, "params": {"x1": 91.86742622023436, "x2": 6.135480906222965, "x3": 5.2432535011693995, "x4": -5.349943725377565, "x5": -2.8838263577211345}, "datetime": {"datetime": "2020-10-20 11:05:34", "elapsed": 121.860123, "delta": 0.758394}}
{"target": -99.95581661114991, "params": {"x1": 90.08488654859468, "x2": -3.416468725192841, "x3": -6.62945345531333, "x4": -5.423331329765646, "x5": 5.553737527609903}, "datetime": {"datetime": "2020-10-20 11:05:34", "elapsed": 122.627345, "delta": 0.767222}}
{"target": -99.96061625776, "params": {"x1": 90.14595910978022, "x2": 2.7369059735591685, "x3": -6.695552564745061, "x4": 6.524145531872748, "x5": -6.913861413758403}, "datetime": {"datetime": "2020-10-20 11:05:35", "elapsed": 123.567001, "delta": 0.939656}}
{"target": -99.97167984459267, "params": {"x1": 81.8932465362453, "x2": 3.51501564200266, "x3": -1.8214343945387137, "x4": 2.872609558741133, "x5": -6.885587079876009}, "datetime": {"datetime": "2020-10-20 11:05:36", "elapsed": 124.479381, "delta": 0.91238}}
{"target": -99.97297234707455, "params": {"x1": 89.43042996700149, "x2": -5.845422501249728, "x3": -5.370931438281423, "x4": -1.3773369830480924, "x5": 5.599981771470886}, "datetime": {"datetime": "2020-10-20 11:05:37", "elapsed": 125.232014, "delta": 0.752633}}
{"target": -99.96004213300576, "params": {"x1": 90.82818737043104, "x2": -5.7785694095811335, "x3": -6.263143751903644, "x4": 7.0048092078734525, "x5": 5.225503927161841}, "datetime": {"datetime": "2020-10-20 11:05:38", "elapsed": 126.003784, "delta": 0.77177}}
{"target": -99.94895362579503, "params": {"x1": 94.05359771600564, "x2": 6.198312759294953, "x3": 5.749049918398899, "x4": -4.157143826658957, "x5": 5.467532225195137}, "datetime": {"datetime": "2020-10-20 11:05:39", "elapsed": 126.848182, "delta": 0.844398}}
{"target": -99.9696487123119, "params": {"x1": 89.48635031623516, "x2": 6.323599474320495, "x3": 5.835883539344384, "x4": -1.6020236896335192, "x5": -1.6750671683222418}, "datetime": {"datetime": "2020-10-20 11:05:40", "elapsed": 127.905121, "delta": 1.056939}}
{"target": -99.95674210375994, "params": {"x1": 81.80993149907243, "x2": -5.915417185571922, "x3": -6.398609227126848, "x4": -5.0033632238324826, "x5": 0.3346724840383457}, "datetime": {"datetime": "2020-10-20 11:05:41", "elapsed": 128.913745, "delta": 1.008624}}
{"target": -99.94732319935908, "params": {"x1": 81.78630672231753, "x2": 6.348103897018571, "x3": -6.177818095431885, "x4": 7.052184425089732, "x5": 3.364173111757288}, "datetime": {"datetime": "2020-10-20 11:05:42", "elapsed": 130.022777, "delta": 1.109032}}
{"target": -99.9580780175084, "params": {"x1": 86.41600898404113, "x2": -5.847935775372608, "x3": 5.85372778561683, "x4": -5.430494161015853, "x5": -0.7105982236672359}, "datetime": {"datetime": "2020-10-20 11:05:43", "elapsed": 131.097178, "delta": 1.074401}}
{"target": -99.9589956309435, "params": {"x1": 94.21809150734694, "x2": -6.046610094786232, "x3": 3.362696138724819, "x4": 6.860044618395594, "x5": -4.830105838479015}, "datetime": {"datetime": "2020-10-20 11:05:44", "elapsed": 132.12154, "delta": 1.024362}}
{"target": -99.95427035888895, "params": {"x1": 81.74106778810602, "x2": -1.28458395046031, "x3": 2.323708616326436, "x4": 6.981435758530673, "x5": 5.609532213137828}, "datetime": {"datetime": "2020-10-20 11:05:45", "elapsed": 133.204371, "delta": 1.082831}}
{"target": -99.96088777360373, "params": {"x1": 93.78618534933315, "x2": 1.487306079663484, "x3": 5.552637545695867, "x4": -5.446327787989993, "x5": 5.04304022584079}, "datetime": {"datetime": "2020-10-20 11:05:46", "elapsed": 134.256712, "delta": 1.052341}}
{"target": -99.95677741630833, "params": {"x1": 84.31478615362258, "x2": 5.654691566516116, "x3": -6.570517177131806, "x4": 6.961203901841494, "x5": -6.6947039102433115}, "datetime": {"datetime": "2020-10-20 11:05:47", "elapsed": 135.335554, "delta": 1.078842}}
{"target": -99.95508246523251, "params": {"x1": 84.29669057993797, "x2": 5.909788889988387, "x3": -6.247058797517215, "x4": -5.478749024175139, "x5": 5.510634876402521}, "datetime": {"datetime": "2020-10-20 11:05:48", "elapsed": 136.534701, "delta": 1.199147}}
{"target": -99.96589931655981, "params": {"x1": 82.17196863647067, "x2": -5.930371166603055, "x3": -6.619526022527956, "x4": -0.04794063575098395, "x5": 3.32471470802808}, "datetime": {"datetime": "2020-10-20 11:05:49", "elapsed": 137.54386, "delta": 1.009159}}
{"target": -99.953071298043, "params": {"x1": 83.58618798540496, "x2": -6.023864963974172, "x3": 5.022462369474437, "x4": -5.419938409699759, "x5": 5.534385316863731}, "datetime": {"datetime": "2020-10-20 11:05:50", "elapsed": 138.552884, "delta": 1.009024}}
{"target": -99.95682663928382, "params": {"x1": 93.85530038771185, "x2": -2.2425183823958292, "x3": -6.465964973620019, "x4": -5.214101259035928, "x5": -6.763441957504066}, "datetime": {"datetime": "2020-10-20 11:05:51", "elapsed": 139.728494, "delta": 1.17561}}
{"target": -99.97010345525477, "params": {"x1": 81.74182177034288, "x2": 1.7946795048916462, "x3": 1.0890627034618845, "x4": 2.0463706908444985, "x5": 5.5372755821050434}, "datetime": {"datetime": "2020-10-20 11:05:53", "elapsed": 140.845524, "delta": 1.11703}}
{"target": -99.95017697650789, "params": {"x1": 81.71844832100027, "x2": 6.113112766529336, "x3": -2.728977680310499, "x4": -4.9342481854532965, "x5": 5.639817166318527}, "datetime": {"datetime": "2020-10-20 11:05:53", "elapsed": 141.810982, "delta": 0.965458}}
{"target": -99.9632318057872, "params": {"x1": 84.89686044047735, "x2": -3.967629740340314, "x3": -6.535833994236069, "x4": -5.453741946652488, "x5": -6.475295079315932}, "datetime": {"datetime": "2020-10-20 11:05:55", "elapsed": 142.862863, "delta": 1.051881}}
{"target": -99.94668740206288, "params": {"x1": 94.27401185658061, "x2": -6.005015408052576, "x3": -6.421857012763484, "x4": -5.343534876364222, "x5": -3.826304153800945}, "datetime": {"datetime": "2020-10-20 11:05:56", "elapsed": 144.006781, "delta": 1.143918}}
{"target": -99.97434143488098, "params": {"x1": 82.06163590247704, "x2": -1.2369574058317436, "x3": -0.2469938202608546, "x4": 7.068018052063871, "x5": -3.3050511007157377}, "datetime": {"datetime": "2020-10-20 11:05:57", "elapsed": 145.140948, "delta": 1.134167}}
{"target": -99.96698752770811, "params": {"x1": 82.69799691038563, "x2": 6.315933988245713, "x3": 0.2211034851254512, "x4": 0.7806858425623853, "x5": 5.61594106215117}, "datetime": {"datetime": "2020-10-20 11:05:58", "elapsed": 146.124198, "delta": 0.98325}}
{"target": -99.9677622274183, "params": {"x1": 86.48399304906454, "x2": -6.128919822310535, "x3": 5.842795043182304, "x4": 1.7873777924817666, "x5": -0.2534336607154559}, "datetime": {"datetime": "2020-10-20 11:05:59", "elapsed": 147.16273, "delta": 1.038532}}
{"target": -99.96114248368822, "params": {"x1": 87.8424177124713, "x2": 6.213769395150661, "x3": -6.698945484810948, "x4": 6.578809244045378, "x5": -5.971760608797025}, "datetime": {"datetime": "2020-10-20 11:06:00", "elapsed": 148.38092, "delta": 1.21819}}
{"target": -99.97625543317778, "params": {"x1": 94.00861010920642, "x2": 1.2548282232971308, "x3": -6.558830452460416, "x4": 1.761114077897676, "x5": 0.38757690432495906}, "datetime": {"datetime": "2020-10-20 11:06:01", "elapsed": 149.511881, "delta": 1.130961}}
{"target": -99.96434407580101, "params": {"x1": 82.02079519798053, "x2": 1.427992810363528, "x3": -1.2051795796086617, "x4": -5.139457017586407, "x5": 5.625365840111969}, "datetime": {"datetime": "2020-10-20 11:06:02", "elapsed": 150.696677, "delta": 1.184796}}
{"target": -99.93350305188997, "params": {"x1": 81.7168146928204, "x2": 6.415585307217884, "x3": -6.7064853071795865, "x4": 2.302096332847487, "x5": 5.647985307217884}, "datetime": {"datetime": "2020-10-20 11:06:03", "elapsed": 151.520398, "delta": 0.823721}}
{"target": -99.96941966223523, "params": {"x1": 90.31799272349011, "x2": -0.9403910593319633, "x3": -6.61110655421631, "x4": 2.312526420457437, "x5": -6.906321591389765}, "datetime": {"datetime": "2020-10-20 11:06:04", "elapsed": 152.385442, "delta": 0.865044}}
{"target": -99.96414772266921, "params": {"x1": 82.32389605719766, "x2": -2.859527179562745, "x3": 5.741007441205684, "x4": 7.063494158642688, "x5": -3.457732503680667}, "datetime": {"datetime": "2020-10-20 11:06:05", "elapsed": 153.343371, "delta": 0.957929}}
{"target": -99.95917582971585, "params": {"x1": 93.84147738003611, "x2": 2.9971555089833393, "x3": -6.696934865512644, "x4": -0.9512113555138741, "x5": -6.91059415739866}, "datetime": {"datetime": "2020-10-20 11:06:06", "elapsed": 154.305867, "delta": 0.962496}}
{"target": -99.93901154441419, "params": {"x1": 94.23090920537354, "x2": -4.945042046728149, "x3": -6.605577351145975, "x4": 7.0687720343007365, "x5": -6.782794168250238}, "datetime": {"datetime": "2020-10-20 11:06:07", "elapsed": 155.083013, "delta": 0.777146}}
{"target": -99.96533908895967, "params": {"x1": 91.2652457403967, "x2": -6.099137523954413, "x3": 2.9580590049412203, "x4": -5.397193278887699, "x5": -6.181870325469751}, "datetime": {"datetime": "2020-10-20 11:06:08", "elapsed": 155.860137, "delta": 0.777124}}
{"target": -99.93885183119258, "params": {"x1": 82.33608543669354, "x2": 5.7486880187118095, "x3": 5.859885307217884, "x4": -5.480885307179586, "x5": 5.647985307217884}, "datetime": {"datetime": "2020-10-20 11:06:08", "elapsed": 156.669876, "delta": 0.809739}}
{"target": -99.95601865048526, "params": {"x1": 81.88030317451256, "x2": 0.15765840495408767, "x3": -2.4691051360047593, "x4": 7.018003897018571, "x5": 5.633910972129759}, "datetime": {"datetime": "2020-10-20 11:06:09", "elapsed": 157.480489, "delta": 0.810613}}
{"target": -99.95483603559464, "params": {"x1": 81.90669255280261, "x2": -5.613447299707951, "x3": 5.696773816643005, "x4": -5.345545495662526, "x5": 1.8358511176342676}, "datetime": {"datetime": "2020-10-20 11:06:10", "elapsed": 158.358261, "delta": 0.877772}}
