{"target": -99.98288841523551, "params": {"x1": 86.957267758256, "x2": 2.901079240015105, "x3": -6.705048030835881, "x4": -1.681662150695225, "x5": -5.074196393331314}, "datetime": {"datetime": "2020-10-20 11:05:39", "elapsed": 0.0, "delta": 0.0}}
{"target": -99.99033443713999, "params": {"x1": 91.52390071220792, "x2": 5.77076439757563, "x3": -3.7651199866608978, "x4": 6.2417502786420025, "x5": -3.709800936297796}, "datetime": {"datetime": "2020-10-20 11:05:39", "elapsed": 0.046525, "delta": 0.046525}}
{"target": -99.96117696769264, "params": {"x1": 82.25716862923812, "x2": -5.974856118578557, "x3": 5.5457260418207115, "x4": -5.129026929977527, "x5": 3.511702302738615}, "datetime": {"datetime": "2020-10-20 11:05:40", "elapsed": 0.379428, "delta": 0.332903}}
{"target": -99.97707123070344, "params": {"x1": 93.12707921066428, "x2": -5.73609507690573, "x3": 4.867142028645309, "x4": -3.5456642325682575, "x5": -6.541394188748808}, "datetime": {"datetime": "2020-10-20 11:05:40", "elapsed": 0.722832, "delta": 0.343404}}
{"target": -99.9695346240553, "params": {"x1": 82.54619515336853, "x2": 6.139125153663788, "x3": 5.646257006735586, "x4": -4.111150910214425, "x5": 4.592410175573513}, "datetime": {"datetime": "2020-10-20 11:05:40", "elapsed": 1.121319, "delta": 0.398487}}
{"target": -99.97161625400605, "params": {"x1": 92.38566334441671, "x2": -4.9318473575867365, "x3": -6.103299517690341, "x4": -4.953097741376497, "x5": 5.497188859807381}, "datetime": {"datetime": "2020-10-20 11:05:41", "elapsed": 1.522952, "delta": 0.401633}}
{"target": -99.96855774305237, "params": {"x1": 82.24460225862376, "x2": -5.92459063612112, "x3": 5.005372105403262, "x4": -1.6858413816430842, "x5": 5.283560559363274}, "datetime": {"datetime": "2020-10-20 11:05:41", "elapsed": 1.877865, "delta": 0.354913}}
{"target": -99.98022207665784, "params": {"x1": 81.95557573449335, "x2": -4.316095197483132, "x3": 4.967672993560183, "x4": -4.576106622945718, "x5": 4.039489868541705}, "datetime": {"datetime": "2020-10-20 11:05:41", "elapsed": 2.250478, "delta": 0.372613}}
{"target": -99.9168566251827, "params": {"x1": 81.7168146928204, "x2": -6.150785307179587, "x3": -6.7064853071795865, "x4": 7.085485307179693, "x5": -6.918385307179586}, "datetime": {"datetime": "2020-10-20 11:05:42", "elapsed": 2.790239, "delta": 0.539761}}
{"target": -99.91685662518253, "params": {"x1": 94.2831853071859, "x2": -6.150785307179587, "x3": 5.859885307179693, "x4": 7.085485307179693, "x5": 5.647985307179693}, "datetime": {"datetime": "2020-10-20 11:05:43", "elapsed": 3.325913, "delta": 0.535674}}
{"target": -99.9168566251827, "params": {"x1": 81.7168146928204, "x2": 6.415585307179692, "x3": 5.859885307179693, "x4": 7.085485307179693, "x5": -6.918385307179586}, "datetime": {"datetime": "2020-10-20 11:05:43", "elapsed": 3.777213, "delta": 0.4513}}
{"target": -99.96220740734334, "params": {"x1": 82.4833633002967, "x2": 3.563019177720135, "x3": -6.543122489192916, "x4": 6.721060559363274, "x5": 5.409224265506865}, "datetime": {"datetime": "2020-10-20 11:05:43", "elapsed": 4.220009, "delta": 0.442796}}
{"target": -99.96391362761217, "params": {"x1": 81.95557573449335, "x2": -5.635564111990856, "x3": 5.834752565950974, "x4": 5.816281875129406, "x5": -3.739093541746689}, "datetime": {"datetime": "2020-10-20 11:05:44", "elapsed": 4.63755, "delta": 0.417541}}
{"target": -99.96047976279398, "params": {"x1": 82.10637218186574, "x2": 5.862665000147884, "x3": 5.72165523042174, "x4": -3.2817704496667126, "x5": -6.641925153663682}, "datetime": {"datetime": "2020-10-20 11:05:44", "elapsed": 5.146113, "delta": 0.508563}}
{"target": -99.96003247914747, "params": {"x1": 94.15752160104225, "x2": 5.9506295944484, "x3": 5.005372105403262, "x4": 4.509379331236041, "x5": 5.572587083493537}, "datetime": {"datetime": "2020-10-20 11:05:45", "elapsed": 5.630254, "delta": 0.484141}}
{"target": -99.96221935481874, "params": {"x1": 81.76708017527787, "x2": 5.93806322383404, "x3": -6.203830482605215, "x4": 6.532565000147884, "x5": -5.397854462842114}, "datetime": {"datetime": "2020-10-20 11:05:45", "elapsed": 6.039177, "delta": 0.408923}}
{"target": -99.95031079655496, "params": {"x1": 93.80566322384001, "x2": -6.08795345410779, "x3": -6.605954342264712, "x4": 6.846724265506865, "x5": 4.353649133900686}, "datetime": {"datetime": "2020-10-20 11:05:46", "elapsed": 6.471656, "delta": 0.432479}}
{"target": -99.96836536755703, "params": {"x1": 84.12955785077858, "x2": -6.037687971650353, "x3": -4.884361568097491, "x4": -4.752035811546748, "x5": -6.729889747964197}, "datetime": {"datetime": "2020-10-20 11:05:46", "elapsed": 6.878736, "delta": 0.40708}}
{"target": -99.96274634690127, "params": {"x1": 93.9564596712124, "x2": 6.000895076905837, "x3": 5.847318936565334, "x4": -3.884956239155958, "x5": -5.699447357586736}, "datetime": {"datetime": "2020-10-20 11:05:47", "elapsed": 7.335051, "delta": 0.456315}}
{"target": -99.96095388377988, "params": {"x1": 82.24460225862376, "x2": -4.856449133900581, "x3": -6.605954342264712, "x4": 7.072918936565334, "x5": 1.5639148575129278}, "datetime": {"datetime": "2020-10-20 11:05:47", "elapsed": 7.786543, "delta": 0.451492}}
{"target": -99.96864751930063, "params": {"x1": 83.22477916654427, "x2": 6.264788859807381, "x3": 5.306965000147884, "x4": 6.721060559363274, "x5": 4.2908172808288905}, "datetime": {"datetime": "2020-10-20 11:05:48", "elapsed": 8.357532, "delta": 0.570989}}
{"target": -99.95418366326102, "params": {"x1": 94.19522071288534, "x2": -3.4113165132492638, "x3": 5.470327818134554, "x4": 6.708494188748914, "x5": -6.792721601035994}, "datetime": {"datetime": "2020-10-20 11:05:48", "elapsed": 8.827653, "delta": 0.470121}}
{"target": -99.94344500327968, "params": {"x1": 93.78053048261128, "x2": 6.176824265506865, "x3": -6.530556118578557, "x4": -5.405487083493431, "x5": -6.654491524278042}, "datetime": {"datetime": "2020-10-20 11:05:48", "elapsed": 9.137858, "delta": 0.310205}}
{"target": -99.97182304744315, "params": {"x1": 91.92070763168519, "x2": -5.509900405847263, "x3": -6.216396853219575, "x4": 6.821591524278149, "x5": -6.101571217246233}, "datetime": {"datetime": "2020-10-20 11:05:49", "elapsed": 9.679963, "delta": 0.542105}}
{"target": -99.95831648381703, "params": {"x1": 94.2454861953428, "x2": 6.164257894892507, "x3": -5.613211063730329, "x4": -1.497345822427695, "x5": 5.472056118578663}, "datetime": {"datetime": "2020-10-20 11:05:49", "elapsed": 10.082834, "delta": 0.402871}}
{"target": -99.94978600331117, "params": {"x1": 82.59646063582599, "x2": -6.138218936565227, "x3": -6.631087083493431, "x4": -4.261947357586736, "x5": 5.5223216010361}, "datetime": {"datetime": "2020-10-20 11:05:50", "elapsed": 10.577147, "delta": 0.494313}}
{"target": -99.96410512252669, "params": {"x1": 82.67185885951218, "x2": 6.2773552304217395, "x3": -6.7064853071795865, "x4": -4.324779210658533, "x5": -5.133960679940569}, "datetime": {"datetime": "2020-10-20 11:05:50", "elapsed": 10.99972, "delta": 0.422573}}
{"target": -99.96787091780169, "params": {"x1": 88.79168134870818, "x2": 6.126558783049428, "x3": 4.892274769874029, "x4": 6.143007511102746, "x5": -6.868119824722149}, "datetime": {"datetime": "2020-10-20 11:05:51", "elapsed": 11.594279, "delta": 0.594559}}
{"target": -99.98012682110054, "params": {"x1": 93.10194646943555, "x2": -5.535033147075982, "x3": 4.088027050555035, "x4": -4.3122128400441735, "x5": 5.283560559363274}, "datetime": {"datetime": "2020-10-20 11:05:51", "elapsed": 12.069164, "delta": 0.474885}}
{"target": -99.9639201930816, "params": {"x1": 93.64230040585326, "x2": 4.656293421169393, "x3": -5.776573881717, "x4": 6.984954342264818, "x5": 5.4594897479643025}, "datetime": {"datetime": "2020-10-20 11:05:52", "elapsed": 12.451327, "delta": 0.382163}}
{"target": -99.91685662518253, "params": {"x1": 94.2831853071859, "x2": 6.415585307179692, "x3": 5.859885307179693, "x4": 7.085485307179693, "x5": 5.647985307179693}, "datetime": {"datetime": "2020-10-20 11:05:52", "elapsed": 12.994967, "delta": 0.54364}}
{"target": -99.94334839728157, "params": {"x1": 94.17008797165661, "x2": 6.126558783049428, "x3": 5.847318936565334, "x4": 7.010087083493537, "x5": -5.5235181689857065}, "datetime": {"datetime": "2020-10-20 11:05:53", "elapsed": 13.349747, "delta": 0.35478}}
{"target": -99.94604782550262, "params": {"x1": 94.06955700674169, "x2": 5.7495676646186515, "x3": 5.445195076905837, "x4": -5.267257006735479, "x5": 5.647985307179693}, "datetime": {"datetime": "2020-10-20 11:05:53", "elapsed": 13.756135, "delta": 0.406388}}
{"target": -99.96063005143108, "params": {"x1": 82.34513322353868, "x2": 6.051160559363274, "x3": -5.512680098815455, "x4": -4.990796853219575, "x5": 5.585153454107897}, "datetime": {"datetime": "2020-10-20 11:05:53", "elapsed": 14.104063, "delta": 0.347928}}
{"target": -99.96313337774446, "params": {"x1": 82.63415974766909, "x2": -5.346537587860593, "x3": -6.1661313707621375, "x4": 7.022653454107897, "x5": 5.15789685321968}, "datetime": {"datetime": "2020-10-20 11:05:54", "elapsed": 14.513882, "delta": 0.409819}}
{"target": -99.95538299352198, "params": {"x1": 94.14495523042788, "x2": -5.132909287416485, "x3": -6.342060559363167, "x4": -5.103894188748808, "x5": -6.629358783049323}, "datetime": {"datetime": "2020-10-20 11:05:54", "elapsed": 14.885247, "delta": 0.371365}}
{"target": -99.96559559910557, "params": {"x1": 93.32814114049413, "x2": 6.11399241243507, "x3": -6.693918936565227, "x4": -4.739469440932389, "x5": 2.4938262829755127}, "datetime": {"datetime": "2020-10-20 11:05:54", "elapsed": 15.263162, "delta": 0.377915}}
{"target": -99.96745396164442, "params": {"x1": 82.40796507661051, "x2": -6.1005198247221495, "x3": -5.93993669970367, "x4": 5.552388092227861, "x5": -6.352898629533419}, "datetime": {"datetime": "2020-10-20 11:05:55", "elapsed": 15.70014, "delta": 0.436978}}
{"target": -99.96537251750117, "params": {"x1": 82.57132789459726, "x2": -1.7776883333825575, "x3": 5.797053454107897, "x4": 6.909556118578663, "x5": 4.692941140488387}, "datetime": {"datetime": "2020-10-20 11:05:55", "elapsed": 16.155384, "delta": 0.455244}}
{"target": -99.9680315787491, "params": {"x1": 92.19716778520123, "x2": 5.498240252331466, "x3": -6.543122489192916, "x4": 6.8090251536637885, "x5": -6.189535811546748}, "datetime": {"datetime": "2020-10-20 11:05:56", "elapsed": 16.573164, "delta": 0.41778}}
{"target": -99.9629851971257, "params": {"x1": 82.21946951739503, "x2": -4.7056526865282695, "x3": 5.7342216010361, "x4": -3.9980535746851915, "x5": -6.805287971650353}, "datetime": {"datetime": "2020-10-20 11:05:56", "elapsed": 17.033979, "delta": 0.460815}}
{"target": -99.96343203520293, "params": {"x1": 82.25716862923812, "x2": -5.3339712172462335, "x3": 5.105903070318136, "x4": 6.94725523042174, "x5": 5.1830295944484}, "datetime": {"datetime": "2020-10-20 11:05:57", "elapsed": 17.795103, "delta": 0.761124}}
{"target": -99.95715447643744, "params": {"x1": 82.9231862717995, "x2": -4.9318473575867365, "x3": -6.681352565950868, "x4": -5.1667260418206045, "x5": -6.767588859807275}, "datetime": {"datetime": "2020-10-20 11:05:57", "elapsed": 18.178479, "delta": 0.383376}}
{"target": -99.96658887643116, "params": {"x1": 83.62690302620396, "x2": -0.29485660088816257, "x3": 5.822186195336614, "x4": 6.3189366997037775, "x5": -6.755022489192916}, "datetime": {"datetime": "2020-10-20 11:05:58", "elapsed": 18.519891, "delta": 0.341412}}
{"target": -99.9577777666651, "params": {"x1": 93.74283137076819, "x2": 1.6780635855662442, "x3": 5.595991524278149, "x4": 6.997520712879177, "x5": 5.34639241243507}, "datetime": {"datetime": "2020-10-20 11:05:58", "elapsed": 18.996155, "delta": 0.476264}}
{"target": -99.95840823031664, "params": {"x1": 93.90619418875494, "x2": -6.113086195336509, "x3": 5.633690636121226, "x4": 6.331503070318136, "x5": -5.28475712731288}, "datetime": {"datetime": "2020-10-20 11:05:59", "elapsed": 19.363521, "delta": 0.367366}}
{"target": -99.9415149289258, "params": {"x1": 90.27451308120331, "x2": 6.415585307179692, "x3": 5.457761447520196, "x4": 7.085485307179693, "x5": 5.647985307179693}, "datetime": {"datetime": "2020-10-20 11:05:59", "elapsed": 19.803974, "delta": 0.440453}}
{"target": -99.95770891739247, "params": {"x1": 88.40212385966285, "x2": 6.2396561185786625, "x3": 5.608557894892507, "x4": -4.814867664618545, "x5": -6.780155230421634}, "datetime": {"datetime": "2020-10-20 11:05:59", "elapsed": 20.231563, "delta": 0.427589}}
{"target": -99.97035656892216, "params": {"x1": 88.2387610416761, "x2": 5.912930482605321, "x3": -4.507370449666713, "x4": -5.468318936565227, "x5": -6.302633147075982}, "datetime": {"datetime": "2020-10-20 11:06:00", "elapsed": 20.640201, "delta": 0.408638}}
{"target": -99.96373643653601, "params": {"x1": 89.6587609210994, "x2": 6.390452565950974, "x3": -6.480290636121119, "x4": 0.5509725877128675, "x5": 5.258427818134554}, "datetime": {"datetime": "2020-10-20 11:06:00", "elapsed": 21.026331, "delta": 0.38613}}
{"target": -99.95314576498681, "params": {"x1": 81.81734565773533, "x2": 6.088859671206351, "x3": 3.233513848778604, "x4": 6.8969897479643025, "x5": -6.641925153663682}, "datetime": {"datetime": "2020-10-20 11:06:01", "elapsed": 21.563362, "delta": 0.537031}}
{"target": -99.95851441121887, "params": {"x1": 85.81345151310356, "x2": -5.7863605593631675, "x3": 5.771920712879177, "x4": -5.091327818134449, "x5": 5.283560559363274}, "datetime": {"datetime": "2020-10-20 11:06:01", "elapsed": 21.930187, "delta": 0.366825}}
{"target": -99.94792481146823, "params": {"x1": 88.15079644737554, "x2": -5.91202426550676, "x3": 5.583425153663788, "x4": 7.072918936565334, "x5": -6.805287971650353}, "datetime": {"datetime": "2020-10-20 11:06:02", "elapsed": 22.367923, "delta": 0.437736}}
