{"target": -99.98288841523551, "params": {"x1": 86.957267758256, "x2": 2.901079240015105, "x3": -6.705048030835881, "x4": -1.681662150695225, "x5": -5.074196393331314}, "datetime": {"datetime": "2020-10-20 11:00:47", "elapsed": 0.0, "delta": 0.0}}
{"target": -99.99033443713999, "params": {"x1": 91.52390071220792, "x2": 5.77076439757563, "x3": -3.7651199866608978, "x4": 6.2417502786420025, "x5": -3.709800936297796}, "datetime": {"datetime": "2020-10-20 11:00:47", "elapsed": 0.035321, "delta": 0.035321}}
{"target": -99.93343164654151, "params": {"x1": 81.7168146928204, "x2": -6.150785307179587, "x3": 5.859885307179586, "x4": -5.480885307179586, "x5": 3.1347111843077515}, "datetime": {"datetime": "2020-10-20 11:00:47", "elapsed": 0.322559, "delta": 0.287238}}
{"target": -99.96307581462453, "params": {"x1": 93.02654824574373, "x2": -6.150785307179587, "x3": 4.603248245743669, "x4": -2.967611184307752, "x5": -6.918385307179586}, "datetime": {"datetime": "2020-10-20 11:00:48", "elapsed": 0.621298, "delta": 0.298739}}
{"target": -99.94836752487988, "params": {"x1": 94.28318530717965, "x2": -4.894148245743669, "x3": -0.42330000000000023, "x4": -5.480885307179586, "x5": 5.647985307179586}, "datetime": {"datetime": "2020-10-20 11:00:48", "elapsed": 1.000461, "delta": 0.379163}}
{"target": -99.96320337551617, "params": {"x1": 90.51327412287188, "x2": 5.158948245743669, "x3": 5.859885307179586, "x4": -5.480885307179586, "x5": 4.391348245743669}, "datetime": {"datetime": "2020-10-20 11:00:48", "elapsed": 1.279538, "delta": 0.279077}}
{"target": -99.9483367137858, "params": {"x1": 81.7168146928204, "x2": -6.150785307179587, "x3": 4.603248245743669, "x4": -1.7109741228718347, "x5": 5.647985307179586}, "datetime": {"datetime": "2020-10-20 11:00:49", "elapsed": 1.599176, "delta": 0.319638}}
{"target": -99.96139500682528, "params": {"x1": 82.97345175425633, "x2": -4.894148245743669, "x3": -6.7064853071795865, "x4": -4.224248245743669, "x5": 5.647985307179586}, "datetime": {"datetime": "2020-10-20 11:00:49", "elapsed": 1.8694, "delta": 0.270224}}
{"target": -99.9631046018556, "params": {"x1": 82.97345175425633, "x2": -6.150785307179587, "x3": 4.603248245743669, "x4": -5.480885307179586, "x5": -4.405111184307752}, "datetime": {"datetime": "2020-10-20 11:00:49", "elapsed": 2.237755, "delta": 0.368355}}
{"target": -99.94836752317788, "params": {"x1": 89.25663706143595, "x2": -6.150785307179587, "x3": 4.603248245743669, "x4": -5.480885307179586, "x5": 5.647985307179586}, "datetime": {"datetime": "2020-10-20 11:00:50", "elapsed": 2.544158, "delta": 0.306403}}
{"target": -99.94652465892192, "params": {"x1": 93.02654824574373, "x2": -6.150785307179587, "x3": -6.7064853071795865, "x4": 7.085485307179586, "x5": -5.661748245743669}, "datetime": {"datetime": "2020-10-20 11:00:50", "elapsed": 2.847728, "delta": 0.30357}}
{"target": -99.96142018423797, "params": {"x1": 94.28318530717965, "x2": -4.894148245743669, "x3": -5.449848245743669, "x4": -5.480885307179586, "x5": -5.661748245743669}, "datetime": {"datetime": "2020-10-20 11:00:50", "elapsed": 3.177581, "delta": 0.329853}}
{"target": -99.96136197909551, "params": {"x1": 93.02654824574373, "x2": -4.894148245743669, "x3": -5.449848245743669, "x4": 7.085485307179586, "x5": 5.647985307179586}, "datetime": {"datetime": "2020-10-20 11:00:51", "elapsed": 3.523353, "delta": 0.345772}}
{"target": -99.96307942401866, "params": {"x1": 82.97345175425633, "x2": 6.415585307179586, "x3": 3.3466111843077515, "x4": -4.224248245743669, "x5": 5.647985307179586}, "datetime": {"datetime": "2020-10-20 11:00:51", "elapsed": 3.864162, "delta": 0.340809}}
{"target": -99.97791920178997, "params": {"x1": 84.23008881569226, "x2": -4.894148245743669, "x3": 4.603248245743669, "x4": -4.224248245743669, "x5": 5.647985307179586}, "datetime": {"datetime": "2020-10-20 11:00:51", "elapsed": 3.925392, "delta": 0.06123}}
{"target": -99.91685662518272, "params": {"x1": 81.7168146928204, "x2": 6.415585307179586, "x3": -6.7064853071795865, "x4": 7.085485307179586, "x5": 5.647985307179586}, "datetime": {"datetime": "2020-10-20 11:00:51", "elapsed": 4.368681, "delta": 0.443289}}
{"target": -99.91685662518272, "params": {"x1": 81.7168146928204, "x2": 6.415585307179586, "x3": 5.859885307179586, "x4": 7.085485307179586, "x5": -6.918385307179586}, "datetime": {"datetime": "2020-10-20 11:00:52", "elapsed": 4.791111, "delta": 0.42243}}
{"target": -99.91685662518272, "params": {"x1": 94.28318530717965, "x2": -6.150785307179587, "x3": 5.859885307179586, "x4": 7.085485307179586, "x5": 5.647985307179586}, "datetime": {"datetime": "2020-10-20 11:00:52", "elapsed": 5.272078, "delta": 0.480967}}
{"target": -99.97801017662616, "params": {"x1": 82.97345175425633, "x2": -6.150785307179587, "x3": -5.449848245743669, "x4": 5.828848245743669, "x5": -3.1484741228718347}, "datetime": {"datetime": "2020-10-20 11:00:53", "elapsed": 5.631965, "delta": 0.359887}}
{"target": -99.91685662518272, "params": {"x1": 81.7168146928204, "x2": 6.415585307179586, "x3": 5.859885307179586, "x4": 7.085485307179586, "x5": 5.647985307179586}, "datetime": {"datetime": "2020-10-20 11:00:53", "elapsed": 5.965986, "delta": 0.334021}}
{"target": -99.94655768174935, "params": {"x1": 94.28318530717965, "x2": 6.415585307179586, "x3": -6.7064853071795865, "x4": -4.224248245743669, "x5": 4.391348245743669}, "datetime": {"datetime": "2020-10-20 11:00:53", "elapsed": 6.350148, "delta": 0.384162}}
{"target": -99.94658285542495, "params": {"x1": 93.02654824574373, "x2": 6.415585307179586, "x3": 4.603248245743669, "x4": -5.480885307179586, "x5": -6.918385307179586}, "datetime": {"datetime": "2020-10-20 11:00:54", "elapsed": 6.718666, "delta": 0.368518}}
{"target": -99.96307942401866, "params": {"x1": 81.7168146928204, "x2": 6.415585307179586, "x3": -5.449848245743669, "x4": -4.224248245743669, "x5": -4.405111184307752}, "datetime": {"datetime": "2020-10-20 11:00:54", "elapsed": 7.088659, "delta": 0.369993}}
{"target": -99.96317212846635, "params": {"x1": 81.7168146928204, "x2": -4.894148245743669, "x3": 5.859885307179586, "x4": 5.828848245743669, "x5": -0.6352000000000002}, "datetime": {"datetime": "2020-10-20 11:00:55", "elapsed": 7.472114, "delta": 0.383455}}
{"target": -99.91685662518272, "params": {"x1": 94.28318530717965, "x2": 6.415585307179586, "x3": 5.859885307179586, "x4": 7.085485307179586, "x5": -6.918385307179586}, "datetime": {"datetime": "2020-10-20 11:00:55", "elapsed": 7.910336, "delta": 0.438222}}
{"target": -99.95011965641424, "params": {"x1": 94.28318530717965, "x2": 6.415585307179586, "x3": 5.859885307179586, "x4": 3.3155741228718343, "x5": 1.8780741228718343}, "datetime": {"datetime": "2020-10-20 11:00:55", "elapsed": 8.294737, "delta": 0.384401}}
{"target": -99.94655768174935, "params": {"x1": 81.7168146928204, "x2": 6.415585307179586, "x3": 5.859885307179586, "x4": -4.224248245743669, "x5": -5.661748245743669}, "datetime": {"datetime": "2020-10-20 11:00:56", "elapsed": 8.651965, "delta": 0.357228}}
{"target": -99.95002119619357, "params": {"x1": 94.28318530717965, "x2": -6.150785307179587, "x3": 5.859885307179586, "x4": -2.967611184307752, "x5": 1.8780741228718343}, "datetime": {"datetime": "2020-10-20 11:00:56", "elapsed": 8.979646, "delta": 0.327681}}
{"target": -99.96138719466168, "params": {"x1": 81.7168146928204, "x2": -4.894148245743669, "x3": 4.603248245743669, "x4": 5.828848245743669, "x5": -6.918385307179586}, "datetime": {"datetime": "2020-10-20 11:00:56", "elapsed": 9.349456, "delta": 0.36981}}
{"target": -99.96307522804052, "params": {"x1": 81.7168146928204, "x2": 5.158948245743669, "x3": -6.7064853071795865, "x4": 4.5722111843077515, "x5": -5.661748245743669}, "datetime": {"datetime": "2020-10-20 11:00:57", "elapsed": 9.71656, "delta": 0.367104}}
{"target": -99.94823824006536, "params": {"x1": 94.28318530717965, "x2": 6.415585307179586, "x3": -6.7064853071795865, "x4": -2.967611184307752, "x5": -5.661748245743669}, "datetime": {"datetime": "2020-10-20 11:00:57", "elapsed": 10.101109, "delta": 0.384549}}
{"target": -99.93168954105994, "params": {"x1": 94.28318530717965, "x2": -4.894148245743669, "x3": 5.859885307179586, "x4": 7.085485307179586, "x5": -6.918385307179586}, "datetime": {"datetime": "2020-10-20 11:00:58", "elapsed": 10.455065, "delta": 0.353956}}
{"target": -99.91691480441074, "params": {"x1": 81.7168146928204, "x2": 6.415585307179586, "x3": -6.7064853071795865, "x4": -5.480885307179586, "x5": 5.647985307179586}, "datetime": {"datetime": "2020-10-20 11:00:58", "elapsed": 10.866847, "delta": 0.411782}}
{"target": -99.94820882553987, "params": {"x1": 81.7168146928204, "x2": -4.894148245743669, "x3": -4.193211184307752, "x4": 7.085485307179586, "x5": 5.647985307179586}, "datetime": {"datetime": "2020-10-20 11:00:58", "elapsed": 11.235352, "delta": 0.368505}}
{"target": -99.94820882553987, "params": {"x1": 94.28318530717965, "x2": 6.415585307179586, "x3": 4.603248245743669, "x4": 7.085485307179586, "x5": 3.1347111843077515}, "datetime": {"datetime": "2020-10-20 11:00:59", "elapsed": 11.617131, "delta": 0.381779}}
{"target": -99.96142018423797, "params": {"x1": 94.28318530717965, "x2": -4.894148245743669, "x3": -5.449848245743669, "x4": -5.480885307179586, "x5": 4.391348245743669}, "datetime": {"datetime": "2020-10-20 11:00:59", "elapsed": 11.980495, "delta": 0.363364}}
{"target": -99.96139500682528, "params": {"x1": 94.28318530717965, "x2": 6.415585307179586, "x3": 4.603248245743669, "x4": -4.224248245743669, "x5": 4.391348245743669}, "datetime": {"datetime": "2020-10-20 11:00:59", "elapsed": 12.307566, "delta": 0.327071}}
{"target": -99.93343164654151, "params": {"x1": 81.7168146928204, "x2": -6.150785307179587, "x3": -6.7064853071795865, "x4": -5.480885307179586, "x5": -4.405111184307752}, "datetime": {"datetime": "2020-10-20 11:01:00", "elapsed": 12.966636, "delta": 0.65907}}
{"target": -99.94999352402851, "params": {"x1": 88.00000000000003, "x2": 6.415585307179586, "x3": 5.859885307179586, "x4": 7.085485307179586, "x5": -4.405111184307752}, "datetime": {"datetime": "2020-10-20 11:01:01", "elapsed": 13.664961, "delta": 0.698325}}
{"target": -99.94833844734188, "params": {"x1": 81.7168146928204, "x2": 6.415585307179586, "x3": -5.449848245743669, "x4": -0.45433706143591746, "x5": 5.647985307179586}, "datetime": {"datetime": "2020-10-20 11:01:01", "elapsed": 14.335117, "delta": 0.670156}}
{"target": -99.93172255898578, "params": {"x1": 94.28318530717965, "x2": -6.150785307179587, "x3": 5.859885307179586, "x4": -4.224248245743669, "x5": 5.647985307179586}, "datetime": {"datetime": "2020-10-20 11:01:02", "elapsed": 14.694905, "delta": 0.359788}}
{"target": -99.94820882553987, "params": {"x1": 84.23008881569226, "x2": -6.150785307179587, "x3": 4.603248245743669, "x4": 7.085485307179586, "x5": 5.647985307179586}, "datetime": {"datetime": "2020-10-20 11:01:02", "elapsed": 15.081056, "delta": 0.386151}}
{"target": -99.93350306194522, "params": {"x1": 81.7168146928204, "x2": -6.150785307179587, "x3": -6.7064853071795865, "x4": 0.8022999999999998, "x5": -6.918385307179586}, "datetime": {"datetime": "2020-10-20 11:01:03", "elapsed": 15.492961, "delta": 0.411905}}
{"target": -99.93350131170564, "params": {"x1": 94.28318530717965, "x2": -6.150785307179587, "x3": -6.7064853071795865, "x4": 3.3155741228718343, "x5": -6.918385307179586}, "datetime": {"datetime": "2020-10-20 11:01:03", "elapsed": 15.881223, "delta": 0.388262}}
{"target": -99.9334722019793, "params": {"x1": 81.7168146928204, "x2": 6.415585307179586, "x3": 5.859885307179586, "x4": 7.085485307179586, "x5": -3.1484741228718347}, "datetime": {"datetime": "2020-10-20 11:01:03", "elapsed": 16.264901, "delta": 0.383678}}
{"target": -99.96314691074768, "params": {"x1": 94.28318530717965, "x2": 1.3890370614359169, "x3": 4.603248245743669, "x4": 7.085485307179586, "x5": -5.661748245743669}, "datetime": {"datetime": "2020-10-20 11:01:04", "elapsed": 16.733408, "delta": 0.468507}}
{"target": -99.94654987074533, "params": {"x1": 93.02654824574373, "x2": 6.415585307179586, "x3": -6.7064853071795865, "x4": 5.828848245743669, "x5": 5.647985307179586}, "datetime": {"datetime": "2020-10-20 11:01:04", "elapsed": 17.09252, "delta": 0.359112}}
{"target": -99.94654987074533, "params": {"x1": 82.97345175425633, "x2": 6.415585307179586, "x3": 5.859885307179586, "x4": 5.828848245743669, "x5": 5.647985307179586}, "datetime": {"datetime": "2020-10-20 11:01:05", "elapsed": 17.505228, "delta": 0.412708}}
{"target": -99.9483093273377, "params": {"x1": 94.28318530717965, "x2": -6.150785307179587, "x3": 4.603248245743669, "x4": 7.085485307179586, "x5": -0.6352000000000002}, "datetime": {"datetime": "2020-10-20 11:01:05", "elapsed": 17.905952, "delta": 0.400724}}
{"target": -99.96139500682528, "params": {"x1": 82.97345175425633, "x2": -6.150785307179587, "x3": -5.449848245743669, "x4": -4.224248245743669, "x5": -6.918385307179586}, "datetime": {"datetime": "2020-10-20 11:01:05", "elapsed": 18.32105, "delta": 0.415098}}
{"target": -99.93174772892483, "params": {"x1": 81.7168146928204, "x2": 6.415585307179586, "x3": -6.7064853071795865, "x4": -5.480885307179586, "x5": 4.391348245743669}, "datetime": {"datetime": "2020-10-20 11:01:06", "elapsed": 18.664511, "delta": 0.343461}}
{"target": -99.96485875013937, "params": {"x1": 91.7699111843078, "x2": 5.158948245743669, "x3": 5.859885307179586, "x4": -1.7109741228718347, "x5": -6.918385307179586}, "datetime": {"datetime": "2020-10-20 11:01:06", "elapsed": 18.997175, "delta": 0.332664}}
{"target": -99.93174772892483, "params": {"x1": 94.28318530717965, "x2": -6.150785307179587, "x3": 5.859885307179586, "x4": -5.480885307179586, "x5": -5.661748245743669}, "datetime": {"datetime": "2020-10-20 11:01:06", "elapsed": 19.357104, "delta": 0.359929}}
