{"target": -99.95561717543352, "params": {"x1": 94.09971629616015, "x2": 6.215780014414002, "x3": -1.6070521118715098, "x4": -5.214478250155113, "x5": 5.2885871076116056}, "datetime": {"datetime": "2020-10-20 10:58:49", "elapsed": 136.335313, "delta": 0.831294}}
{"target": -99.95907979698652, "params": {"x1": 89.22773440899269, "x2": 6.338930446434749, "x3": -6.682609203012299, "x4": -0.5108857291994378, "x5": 5.348905686560543}, "datetime": {"datetime": "2020-10-20 10:58:50", "elapsed": 137.107944, "delta": 0.772631}}
{"target": -99.94036732303783, "params": {"x1": 81.79472619062912, "x2": -5.827829582390485, "x3": 5.725425141608684, "x4": 6.499892436553091, "x5": 5.60400301003209}, "datetime": {"datetime": "2020-10-20 10:58:51", "elapsed": 138.010561, "delta": 0.902617}}
{"target": -99.96226575530156, "params": {"x1": 87.52499119075387, "x2": 6.299974697530227, "x3": 5.813389735909218, "x4": 6.675821625154158, "x5": 1.7926228026961128}, "datetime": {"datetime": "2020-10-20 10:58:52", "elapsed": 138.869142, "delta": 0.858581}}
{"target": -99.95005300907816, "params": {"x1": 82.02971732111669, "x2": 6.35526672823342, "x3": 3.628097886071676, "x4": 7.038989735909218, "x5": 5.287330470550169}, "datetime": {"datetime": "2020-10-20 10:58:53", "elapsed": 139.549043, "delta": 0.679901}}
{"target": -99.93340427843431, "params": {"x1": 94.28318530712906, "x2": 6.415585307182357, "x3": 5.859885307182357, "x4": 4.564671361941351, "x5": 5.647985307182357}, "datetime": {"datetime": "2020-10-20 10:58:53", "elapsed": 140.214865, "delta": 0.665822}}
{"target": -99.96891101921742, "params": {"x1": 94.24171628410184, "x2": -6.022608326913095, "x3": -2.378627267593333, "x4": -1.093965325705832, "x5": -5.718296913508021}, "datetime": {"datetime": "2020-10-20 10:58:54", "elapsed": 140.925662, "delta": 0.710797}}
{"target": -99.94994709436182, "params": {"x1": 94.01426497598285, "x2": -5.987422489192881, "x3": -5.726308399259355, "x4": -5.107664099933037, "x5": 5.562533987004696}, "datetime": {"datetime": "2020-10-20 10:58:55", "elapsed": 141.549321, "delta": 0.623659}}
{"target": -99.95725445113301, "params": {"x1": 89.28302643969565, "x2": -6.144502121872406, "x3": -6.676326017705118, "x4": -2.297823630561706, "x5": 5.361472057174905}, "datetime": {"datetime": "2020-10-20 10:58:56", "elapsed": 142.384241, "delta": 0.83492}}
{"target": -99.9644656368053, "params": {"x1": 93.35704379285451, "x2": 1.4016034320519415, "x3": -6.682609203012299, "x4": -5.076248173397132, "x5": -6.447146409141014}, "datetime": {"datetime": "2020-10-20 10:58:56", "elapsed": 143.036936, "delta": 0.652695}}
{"target": -99.96952061753983, "params": {"x1": 88.73513268091179, "x2": -6.110572921213628, "x3": -6.637370268800596, "x4": 1.9533795482769394, "x5": -0.8613946710571296}, "datetime": {"datetime": "2020-10-20 10:58:57", "elapsed": 143.992358, "delta": 0.955422}}
{"target": -99.95286104141282, "params": {"x1": 81.86384122900782, "x2": 0.08967433991255458, "x3": 5.77317734994326, "x4": 6.453396865279951, "x5": -6.80151806046602}, "datetime": {"datetime": "2020-10-20 10:58:58", "elapsed": 144.780843, "delta": 0.788485}}
{"target": -99.96123892163057, "params": {"x1": 86.8263009845983, "x2": -6.140732210688097, "x3": -6.647423365292085, "x4": 3.1559812160713774, "x5": 5.149100393792188}, "datetime": {"datetime": "2020-10-20 10:58:59", "elapsed": 145.768655, "delta": 0.987812}}
{"target": -99.96754980248178, "params": {"x1": 90.16644229388154, "x2": -3.5822191536040053, "x3": -6.690149025380916, "x4": 7.066635751260814, "x5": 0.21679992765512512}, "datetime": {"datetime": "2020-10-20 10:59:00", "elapsed": 146.525997, "delta": 0.757342}}
{"target": -99.95889507869762, "params": {"x1": 90.63516791779526, "x2": 5.782240228218515, "x3": -6.276715432168408, "x4": -5.457009203012299, "x5": -6.674597717260965}, "datetime": {"datetime": "2020-10-20 10:59:00", "elapsed": 147.328128, "delta": 0.802131}}
{"target": -99.9541300823287, "params": {"x1": 81.82488548010346, "x2": -5.933387095551125, "x3": -0.7852114736922386, "x4": -5.323805674500062, "x5": -6.423270304973726}, "datetime": {"datetime": "2020-10-20 10:59:01", "elapsed": 148.163909, "delta": 0.835781}}
{"target": -99.97108679338304, "params": {"x1": 90.021929031817, "x2": 2.251090085582809, "x3": -6.697688847749533, "x4": -1.0122839167124793, "x5": 5.47205611858129}, "datetime": {"datetime": "2020-10-20 10:59:02", "elapsed": 148.941799, "delta": 0.77789}}
{"target": -99.95130844720993, "params": {"x1": 94.25805256590044, "x2": -4.943157091139404, "x3": 5.602274709587937, "x4": -4.878956154751649, "x5": 5.529861423407355}, "datetime": {"datetime": "2020-10-20 10:59:03", "elapsed": 149.686936, "delta": 0.745137}}
{"target": -99.94709006408961, "params": {"x1": 81.88394742199071, "x2": 6.325107438758951, "x3": -1.8722025318345468, "x4": -5.34768177866735, "x5": 5.468286207396981}, "datetime": {"datetime": "2020-10-20 10:59:04", "elapsed": 150.458978, "delta": 0.772042}}
{"target": -99.95783082508898, "params": {"x1": 94.01803488716715, "x2": -6.105546372967884, "x3": -6.675069380643682, "x4": -2.9085492424196966, "x5": -0.5271292127151019}, "datetime": {"datetime": "2020-10-20 10:59:04", "elapsed": 151.204815, "delta": 0.745837}}
{"target": -99.95938803144627, "params": {"x1": 82.09380581124967, "x2": 6.322594164636079, "x3": -6.515476473841285, "x4": 5.691874806049618, "x5": 4.780905734791383}, "datetime": {"datetime": "2020-10-20 10:59:05", "elapsed": 152.130517, "delta": 0.925702}}
{"target": -99.9857039036222, "params": {"x1": 88.82686718639624, "x2": -6.056537527571872, "x3": 0.680027339942364, "x4": -0.3902485713015631, "x5": 0.6591361732806655}, "datetime": {"datetime": "2020-10-20 10:59:06", "elapsed": 152.942697, "delta": 0.81218}}
{"target": -99.96111423781085, "params": {"x1": 82.85909778166106, "x2": 1.7848777357899808, "x3": -6.600927794018946, "x4": -4.9832570308508535, "x5": 5.597719824724909}, "datetime": {"datetime": "2020-10-20 10:59:07", "elapsed": 153.64673, "delta": 0.704033}}
{"target": -99.95581217332644, "params": {"x1": 81.72184124106613, "x2": -1.0739715789773614, "x3": -6.619777349940489, "x4": 6.942228682178631, "x5": 0.2444459430067214}, "datetime": {"datetime": "2020-10-20 10:59:08", "elapsed": 154.422324, "delta": 0.775594}}
{"target": -99.95866650132189, "params": {"x1": 93.35704379285451, "x2": 6.365319824724909, "x3": 5.677672933274109, "x4": 6.786405686560543, "x5": -1.8692175943289575}, "datetime": {"datetime": "2020-10-20 10:59:08", "elapsed": 155.195103, "delta": 0.772779}}
{"target": -99.95845312085464, "params": {"x1": 81.7406907969876, "x2": -6.082926905862032, "x3": 0.7001335329253431, "x4": -1.7851157094957388, "x5": 5.372781790727831}, "datetime": {"datetime": "2020-10-20 10:59:09", "elapsed": 156.175872, "delta": 0.980769}}
{"target": -99.95792303323408, "params": {"x1": 81.7369208858033, "x2": 5.005638524250947, "x3": -6.686379114196607, "x4": -4.308442928859617, "x5": -6.351641992471863}, "datetime": {"datetime": "2020-10-20 10:59:10", "elapsed": 156.977354, "delta": 0.801482}}
{"target": -99.95609507246049, "params": {"x1": 81.88897397023644, "x2": 6.180594176693789, "x3": -3.9984324397845876, "x4": 7.079202121875176, "x5": 4.726870341149627}, "datetime": {"datetime": "2020-10-20 10:59:11", "elapsed": 158.012799, "delta": 1.035445}}
{"target": -99.9524257856264, "params": {"x1": 87.33021244623208, "x2": 6.403018936567995, "x3": 5.800823365294856, "x4": -5.253433999059635, "x5": 4.899029618566385}, "datetime": {"datetime": "2020-10-20 10:59:12", "elapsed": 158.841944, "delta": 0.829145}}
{"target": -99.9542178285257, "params": {"x1": 94.05196408782578, "x2": -5.286219008911485, "x3": 5.690239303888471, "x4": -5.3326021339301155, "x5": -6.19079244860803}, "datetime": {"datetime": "2020-10-20 10:59:13", "elapsed": 159.60883, "delta": 0.766886}}
{"target": -99.95009402683841, "params": {"x1": 89.16238928179828, "x2": -0.4996884419010206, "x3": 5.859885307182357, "x4": 7.085485307182357, "x5": 5.647985307182357}, "datetime": {"datetime": "2020-10-20 10:59:14", "elapsed": 160.530106, "delta": 0.921276}}
{"target": -99.95691372679094, "params": {"x1": 89.73415914474933, "x2": -1.7588387774600873, "x3": -6.70522867011815, "x4": 7.075432210690868, "x5": 5.342622501253362}, "datetime": {"datetime": "2020-10-20 10:59:15", "elapsed": 161.490745, "delta": 0.960639}}
{"target": -99.95804518566199, "params": {"x1": 83.62941630031818, "x2": -2.531670570243347, "x3": 5.707832222748578, "x4": -5.360248149281712, "x5": -6.846756994677723}, "datetime": {"datetime": "2020-10-20 10:59:15", "elapsed": 162.21543, "delta": 0.724685}}
{"target": -99.9431381581591, "params": {"x1": 94.2806720330062, "x2": 6.340187083496185, "x3": 5.453991536338466, "x4": 5.703184539602543, "x5": 5.610286195339271}, "datetime": {"datetime": "2020-10-20 10:59:16", "elapsed": 162.932263, "delta": 0.716833}}
{"target": -99.98833099335639, "params": {"x1": 81.93546954150938, "x2": -0.140290242330269, "x3": -0.35795487280393257, "x4": 0.968176092110963, "x5": 0.24821585419102998}, "datetime": {"datetime": "2020-10-20 10:59:17", "elapsed": 164.022674, "delta": 1.090411}}
{"target": -99.95367478406263, "params": {"x1": 94.19396407576747, "x2": 6.284895052792993, "x3": -6.381016308267612, "x4": -0.8602308322786998, "x5": 5.252144632829956}, "datetime": {"datetime": "2020-10-20 10:59:18", "elapsed": 164.764055, "delta": 0.741381}}
{"target": -99.96138530446423, "params": {"x1": 81.960602282738, "x2": 6.062470292918786, "x3": -0.011123043847542924, "x4": 6.4672198729557495, "x5": 5.455719836782619}, "datetime": {"datetime": "2020-10-20 10:59:19", "elapsed": 165.594879, "delta": 0.830824}}
{"target": -99.97488078588283, "params": {"x1": 86.92557531245134, "x2": -1.3127326206502383, "x3": 5.557035775376234, "x4": 7.018883542926239, "x5": 0.7144282039838581}, "datetime": {"datetime": "2020-10-20 10:59:19", "elapsed": 166.343444, "delta": 0.748565}}
{"target": -99.95400752754513, "params": {"x1": 81.74823061935618, "x2": 0.16004601535298146, "x3": -6.462697717260965, "x4": 7.06789238832225, "x5": 4.621312827988986}, "datetime": {"datetime": "2020-10-20 10:59:21", "elapsed": 167.415622, "delta": 1.072178}}
{"target": -99.96149051334137, "params": {"x1": 81.94677927506226, "x2": 3.563019177722196, "x3": -6.559458770991552, "x4": 6.9723879716531, "x5": -3.559394441960639}, "datetime": {"datetime": "2020-10-20 10:59:21", "elapsed": 168.211011, "delta": 0.795389}}
{"target": -99.95876752904059, "params": {"x1": 88.53784066226714, "x2": -5.945953466165487, "x3": -6.319441092257239, "x4": 6.30511369203048, "x5": 5.626622477137942}, "datetime": {"datetime": "2020-10-20 10:59:22", "elapsed": 169.052822, "delta": 0.841811}}
{"target": -99.9542497275463, "params": {"x1": 85.2178055459668, "x2": 6.164257894895118, "x3": -6.408662323619208, "x4": -5.227044620769475, "x5": 5.517295052792993}, "datetime": {"datetime": "2020-10-20 10:59:23", "elapsed": 169.919181, "delta": 0.866359}}
{"target": -99.9692227984004, "params": {"x1": 93.6171676645707, "x2": -0.405440662293306, "x3": -2.8146803279116925, "x4": 6.879396829106821, "x5": -6.78518177866735}, "datetime": {"datetime": "2020-10-20 10:59:24", "elapsed": 170.915176, "delta": 0.995995}}
{"target": -99.95273140106028, "params": {"x1": 94.1462118674331, "x2": -4.020785488045237, "x3": -6.6486800023535215, "x4": -5.395433987001925, "x5": 4.818604846634469}, "datetime": {"datetime": "2020-10-20 10:59:25", "elapsed": 171.665141, "delta": 0.749965}}
{"target": -99.95103181438549, "params": {"x1": 82.15538102725978, "x2": -5.685829594448195, "x3": 5.834752565953633, "x4": 6.132954414613722, "x5": 5.541171156960281}, "datetime": {"datetime": "2020-10-20 10:59:26", "elapsed": 172.532006, "delta": 0.866865}}
{"target": -99.94908266959445, "params": {"x1": 93.97782250120136, "x2": 4.374806719409977, "x3": -6.637370268800596, "x4": -5.259717184366816, "x5": -6.81157115695751}, "datetime": {"datetime": "2020-10-20 10:59:26", "elapsed": 173.348539, "delta": 0.816533}}
{"target": -99.94929278440206, "params": {"x1": 93.56061899680631, "x2": -6.119369380643682, "x3": 5.456504810461339, "x4": 6.847980902570916, "x5": 5.342622501253362}, "datetime": {"datetime": "2020-10-20 10:59:27", "elapsed": 174.170407, "delta": 0.821868}}
{"target": -99.94806511232409, "params": {"x1": 81.94803591212369, "x2": 0.10098407346548033, "x3": -6.613494164633308, "x4": 7.046529558277835, "x5": -6.638155242479315}, "datetime": {"datetime": "2020-10-20 10:59:28", "elapsed": 175.049178, "delta": 0.878771}}
{"target": -99.94486980563788, "params": {"x1": 94.07081364374724, "x2": -6.141988847749533, "x3": -6.103299517690213, "x4": -5.249664087875327, "x5": 5.304923389410276}, "datetime": {"datetime": "2020-10-20 10:59:29", "elapsed": 176.016822, "delta": 0.967644}}
{"target": -99.96788733209695, "params": {"x1": 81.72812442637328, "x2": 6.382912743585016, "x3": -1.6296715789773613, "x4": -0.680531732493324, "x5": 0.2431893059452852}, "datetime": {"datetime": "2020-10-20 10:59:30", "elapsed": 176.980857, "delta": 0.964035}}
{"target": -99.96627439698887, "params": {"x1": 81.78215982001481, "x2": 5.299691596627016, "x3": 1.7242927379958415, "x4": -0.12007160309278131, "x5": -6.909588847749533}, "datetime": {"datetime": "2020-10-20 10:59:31", "elapsed": 177.903874, "delta": 0.923017}}
