{"target": -99.95817947544366, "params": {"x1": 81.95934564567656, "x2": 5.755850849928355, "x3": 5.599761435465065, "x4": -5.350195052790222, "x5": -5.260881023145246}, "datetime": {"datetime": "2020-10-20 10:57:06", "elapsed": 32.670609, "delta": 0.505789}}
{"target": -99.95861268955306, "params": {"x1": 82.01338103931809, "x2": -0.4682725153651157, "x3": 5.859885307182357, "x4": 6.6996977293214455, "x5": 5.007100405849898}, "datetime": {"datetime": "2020-10-20 10:57:06", "elapsed": 33.105195, "delta": 0.434586}}
{"target": -99.97044816707418, "params": {"x1": 89.58210606031619, "x2": 6.254735763318524, "x3": -5.649653538511747, "x4": -5.375327794018946, "x5": -4.298297034085121}, "datetime": {"datetime": "2020-10-20 10:57:07", "elapsed": 33.514667, "delta": 0.409472}}
{"target": -99.94905857667077, "params": {"x1": 93.99038887181567, "x2": 6.096399493577564, "x3": 5.019195113081543, "x4": -5.369044608711765, "x5": -6.762562311561498}, "datetime": {"datetime": "2020-10-20 10:57:07", "elapsed": 33.995784, "delta": 0.481117}}
{"target": -99.94741665591599, "params": {"x1": 82.196850050287, "x2": 4.186311160194548, "x3": 5.828469380646452, "x4": 7.030193276479165, "x5": -6.802774697527457}, "datetime": {"datetime": "2020-10-20 10:57:07", "elapsed": 34.370525, "delta": 0.374741}}
{"target": -99.97571576037633, "params": {"x1": 93.90745082576123, "x2": 6.361549913540601, "x3": -3.9582200538186294, "x4": -1.9623015351582422, "x5": -2.330403395876041}, "datetime": {"datetime": "2020-10-20 10:57:08", "elapsed": 34.806844, "delta": 0.436319}}
{"target": -99.9599159309187, "params": {"x1": 93.94012338935843, "x2": -5.961033110902721, "x3": -3.316078515424734, "x4": 6.84672426550948, "x5": -6.401907474929311}, "datetime": {"datetime": "2020-10-20 10:57:08", "elapsed": 35.188419, "delta": 0.381575}}
{"target": -99.95751523971586, "params": {"x1": 93.19745088605279, "x2": 6.2446826668270345, "x3": 5.727938415731557, "x4": -5.3715578828346375, "x5": -1.9936246634111408}, "datetime": {"datetime": "2020-10-20 10:57:09", "elapsed": 35.722505, "delta": 0.534086}}
{"target": -99.96952981225023, "params": {"x1": 91.85787577856749, "x2": 1.6994264156123196, "x3": -4.287458963914912, "x4": -5.37407115695751, "x5": -6.903305662442352}, "datetime": {"datetime": "2020-10-20 10:57:09", "elapsed": 36.144438, "delta": 0.421933}}
{"target": -99.95983876070207, "params": {"x1": 94.12861894857306, "x2": -5.979882666824264, "x3": 4.448681887189511, "x4": -5.336372045114424, "x5": -4.484279319177678}, "datetime": {"datetime": "2020-10-20 10:57:10", "elapsed": 36.540901, "delta": 0.396463}}
{"target": -99.91685662518383, "params": {"x1": 94.28318530712906, "x2": 6.415585307182357, "x3": -6.7064853071795865, "x4": 7.085485307182357, "x5": 5.647985307182357}, "datetime": {"datetime": "2020-10-20 10:57:10", "elapsed": 36.967599, "delta": 0.426698}}
{"target": -99.96465093125244, "params": {"x1": 81.73440761168044, "x2": -5.973599481517083, "x3": -3.147689149192284, "x4": -4.26446063170935, "x5": -6.179482715055104}, "datetime": {"datetime": "2020-10-20 10:57:10", "elapsed": 37.341965, "delta": 0.374366}}
{"target": -99.96226087570749, "params": {"x1": 93.34196414811734, "x2": 2.8128068520447878, "x3": -6.495370280858306, "x4": 6.492352614184473, "x5": 5.641702121875176}, "datetime": {"datetime": "2020-10-20 10:57:11", "elapsed": 37.772933, "delta": 0.430968}}
{"target": -99.95660367830597, "params": {"x1": 94.07458355493154, "x2": 5.6301871437847355, "x3": 5.680186207396981, "x4": 6.4219809387440465, "x5": -6.561500381731707}, "datetime": {"datetime": "2020-10-20 10:57:11", "elapsed": 38.240012, "delta": 0.467079}}
{"target": -99.95735470153984, "params": {"x1": 83.1255048386844, "x2": 6.2635322227485775, "x3": -1.3519547883999623, "x4": -5.4746021218724055, "x5": 5.440640192045385}, "datetime": {"datetime": "2020-10-20 10:57:12", "elapsed": 38.65668, "delta": 0.416668}}
{"target": -99.96207572809159, "params": {"x1": 82.22826597682277, "x2": 6.395479114199378, "x3": -5.712485391583557, "x4": 6.450883591157079, "x5": -6.308916332383032}, "datetime": {"datetime": "2020-10-20 10:57:12", "elapsed": 39.133301, "delta": 0.476621}}
{"target": -99.94894040887192, "params": {"x1": 94.08714992554584, "x2": 5.77721367997277, "x3": 5.859885307182357, "x4": 3.5706714463453215, "x5": 5.647985307182357}, "datetime": {"datetime": "2020-10-20 10:57:13", "elapsed": 39.635081, "delta": 0.50178}}
{"target": -99.95844765406254, "params": {"x1": 83.77518619944416, "x2": 6.311284431083153, "x3": -6.515476473841285, "x4": -3.5934164409024225, "x5": 5.562533987004696}, "datetime": {"datetime": "2020-10-20 10:57:14", "elapsed": 40.398581, "delta": 0.7635}}
{"target": -99.96140151100337, "params": {"x1": 94.25930920296187, "x2": 5.950629594450965, "x3": -1.963937037319389, "x4": 0.3210080054713229, "x5": 5.5788702688033665}, "datetime": {"datetime": "2020-10-20 10:57:14", "elapsed": 40.853291, "delta": 0.45471}}
{"target": -99.97008116176941, "params": {"x1": 93.44123847597038, "x2": 6.264788859810014, "x3": -6.475264087875327, "x4": 5.742140288507065, "x5": 1.7536670537915908}, "datetime": {"datetime": "2020-10-20 10:57:15", "elapsed": 41.385998, "delta": 0.532707}}
{"target": -99.94332313981525, "params": {"x1": 93.77047738606527, "x2": -6.037687971650329, "x3": 5.016681838958671, "x4": -5.42684991353783, "x5": -6.915872033056714}, "datetime": {"datetime": "2020-10-20 10:57:15", "elapsed": 41.908858, "delta": 0.52286}}
{"target": -99.96724626684971, "params": {"x1": 86.66922135191945, "x2": -6.064077349940489, "x3": 4.657283639387919, "x4": -5.206938427786496, "x5": 5.007100405849898}, "datetime": {"datetime": "2020-10-20 10:57:16", "elapsed": 42.406836, "delta": 0.497978}}
{"target": -99.97599406937267, "params": {"x1": 85.68904444400337, "x2": -6.0854401799849045, "x3": -5.83689246066574, "x4": -1.3628856568531775, "x5": 4.96688801988394}, "datetime": {"datetime": "2020-10-20 10:57:16", "elapsed": 42.896849, "delta": 0.490013}}
{"target": -99.96716784050587, "params": {"x1": 81.76582353821621, "x2": 6.227089747966928, "x3": -1.957653852012208, "x4": -0.10247868423267459, "x5": -6.228491560451116}, "datetime": {"datetime": "2020-10-20 10:57:17", "elapsed": 43.512504, "delta": 0.615655}}
{"target": -99.94689172385209, "params": {"x1": 94.25051274353186, "x2": -6.150785307179587, "x3": -6.7064853071795865, "x4": -4.618832283034357, "x5": -4.8172881404582695}, "datetime": {"datetime": "2020-10-20 10:57:17", "elapsed": 44.026976, "delta": 0.514472}}
{"target": -99.95717799627329, "params": {"x1": 94.14118531918737, "x2": 6.110222501253362, "x3": -6.146025177779044, "x4": 6.565237563747773, "x5": 5.033489784140058}, "datetime": {"datetime": "2020-10-20 10:57:18", "elapsed": 44.519591, "delta": 0.492615}}
{"target": -99.96128805736542, "params": {"x1": 81.73315097461901, "x2": 6.047390648181552, "x3": -0.9950698629520831, "x4": -5.348938415728786, "x5": -1.0938725274228256}, "datetime": {"datetime": "2020-10-20 10:57:18", "elapsed": 45.072029, "delta": 0.552438}}
{"target": -99.95730214666091, "params": {"x1": 93.68125615470368, "x2": -5.9170508137524545, "x3": -2.991866153574196, "x4": -5.307469392701392, "x5": -6.751252578008573}, "datetime": {"datetime": "2020-10-20 10:57:19", "elapsed": 45.522944, "delta": 0.450915}}
{"target": -99.96693608327368, "params": {"x1": 81.9078235261579, "x2": 6.374116284154963, "x3": -6.026644656942605, "x4": -1.611699795017544, "x5": -0.7168814089919673}, "datetime": {"datetime": "2020-10-20 10:57:19", "elapsed": 46.017732, "delta": 0.494788}}
{"target": -99.96769976296451, "params": {"x1": 93.99415878299996, "x2": -0.8364671743659207, "x3": -6.4865738214282525, "x4": -0.7596998673638042, "x5": 5.3526755977448515}, "datetime": {"datetime": "2020-10-20 10:57:20", "elapsed": 46.548226, "delta": 0.530494}}
{"target": -99.94695871147984, "params": {"x1": 81.95808900861513, "x2": 6.2446826668270345, "x3": 5.077000417907608, "x4": -5.399203898186234, "x5": 5.350162323621979}, "datetime": {"datetime": "2020-10-20 10:57:20", "elapsed": 47.03818, "delta": 0.489954}}
{"target": -99.9499935248246, "params": {"x1": 86.6063894988479, "x2": -5.869298605417879, "x3": 5.418805698618253, "x4": -5.420566728230649, "x5": -6.909588847749533}, "datetime": {"datetime": "2020-10-20 10:57:21", "elapsed": 47.570532, "delta": 0.532352}}
{"target": -99.9664809137112, "params": {"x1": 94.16506142335456, "x2": -0.12395396053159846, "x3": -1.0541318048395842, "x4": -5.266000369673997, "x5": 5.208162335679689}, "datetime": {"datetime": "2020-10-20 10:57:21", "elapsed": 48.215223, "delta": 0.644691}}
{"target": -99.95310656283057, "params": {"x1": 91.82268994084743, "x2": -5.909510991383837, "x3": 5.805849913540601, "x4": 6.352865900365056, "x5": 5.602746372970654}, "datetime": {"datetime": "2020-10-20 10:57:22", "elapsed": 49.267323, "delta": 1.0521}}
{"target": -99.96967370012678, "params": {"x1": 93.8044065867239, "x2": -5.674519860895269, "x3": -6.303104810458568, "x4": 0.5786186030657428, "x5": -6.370491548393406}, "datetime": {"datetime": "2020-10-20 10:57:23", "elapsed": 49.800252, "delta": 0.532929}}
{"target": -99.95759387718212, "params": {"x1": 82.13527483427688, "x2": -6.0402012457732015, "x3": -2.1373529517975838, "x4": 6.844210991386608, "x5": -6.536367640502983}, "datetime": {"datetime": "2020-10-20 10:57:23", "elapsed": 50.356582, "delta": 0.55633}}
{"target": -99.95577524632905, "params": {"x1": 81.92918635620222, "x2": 6.325107438758951, "x3": -6.5368393038857, "x4": 0.44164516336919757, "x5": 4.980711027559738}, "datetime": {"datetime": "2020-10-20 10:57:24", "elapsed": 50.873563, "delta": 0.516981}}
{"target": -99.95802759320061, "params": {"x1": 94.07961010317726, "x2": -5.556395977120267, "x3": 4.179761556042165, "x4": 6.737396841164531, "x5": -6.797748149281712}, "datetime": {"datetime": "2020-10-20 10:57:25", "elapsed": 51.383764, "delta": 0.510201}}
{"target": -99.93948966417034, "params": {"x1": 84.32936314353518, "x2": -6.150785307179587, "x3": -6.7064853071795865, "x4": -5.2031685166021875, "x5": -6.918385307179586}, "datetime": {"datetime": "2020-10-20 10:57:25", "elapsed": 51.94068, "delta": 0.556916}}
{"target": -99.95617216781328, "params": {"x1": 94.15752160098597, "x2": -5.923333999059635, "x3": -6.436308338970805, "x4": -2.9839474661058683, "x5": 5.199365876249636}, "datetime": {"datetime": "2020-10-20 10:57:26", "elapsed": 52.458651, "delta": 0.517971}}
{"target": -99.95791903105692, "params": {"x1": 81.81483238361201, "x2": 4.839762432141369, "x3": -5.983918996853775, "x4": 6.584087119669316, "x5": 5.575100357619058}, "datetime": {"datetime": "2020-10-20 10:57:26", "elapsed": 52.94397, "delta": 0.485319}}
{"target": -99.9697020980322, "params": {"x1": 94.1788844310303, "x2": 5.246912840046696, "x3": 0.6046291162561923, "x4": -2.3518590242034625, "x5": 5.544941068144589}, "datetime": {"datetime": "2020-10-20 10:57:27", "elapsed": 53.439517, "delta": 0.495547}}
{"target": -99.96154894945579, "params": {"x1": 93.9552030340956, "x2": -2.5027679178303144, "x3": 5.477867640505754, "x4": -5.379097705203255, "x5": -6.2850402282157445}, "datetime": {"datetime": "2020-10-20 10:57:27", "elapsed": 53.907151, "delta": 0.467634}}
{"target": -99.97571673997132, "params": {"x1": 89.22647777193126, "x2": 5.695532270979418, "x3": -6.619777349940489, "x4": 6.360405722733673, "x5": -3.099465277474992}, "datetime": {"datetime": "2020-10-20 10:57:28", "elapsed": 54.490793, "delta": 0.583642}}
{"target": -99.95318427368188, "params": {"x1": 81.77085008646193, "x2": -5.816519848837559, "x3": 3.6972129244506666, "x4": -5.178035775373464, "x5": 5.4243039102467145}, "datetime": {"datetime": "2020-10-20 10:57:28", "elapsed": 54.998921, "delta": 0.508128}}
{"target": -99.96507656008934, "params": {"x1": 94.25679592883901, "x2": -5.9622897479641574, "x3": -0.6796539605315983, "x4": -0.7923724309611453, "x5": 5.103861459580485}, "datetime": {"datetime": "2020-10-20 10:57:29", "elapsed": 55.59852, "delta": 0.599599}}
{"target": -99.96025975828128, "params": {"x1": 94.10725611852874, "x2": -5.909510991383837, "x3": 1.7720449463304169, "x4": -4.171469489163072, "x5": 5.557507438758951}, "datetime": {"datetime": "2020-10-20 10:57:29", "elapsed": 56.254797, "delta": 0.656277}}
{"target": -99.97712727347538, "params": {"x1": 94.16883133453885, "x2": -1.3831042960906652, "x3": -1.5354237993696467, "x4": -5.110177374055909, "x5": -1.7196777840180504}, "datetime": {"datetime": "2020-10-20 10:57:30", "elapsed": 56.778023, "delta": 0.523226}}
{"target": -99.96401199095622, "params": {"x1": 90.7470086162626, "x2": -5.811493300591814, "x3": 2.8741156492099593, "x4": 6.869343732615332, "x5": -6.840473809370542}, "datetime": {"datetime": "2020-10-20 10:57:31", "elapsed": 57.496414, "delta": 0.718391}}
{"target": -99.94344946156106, "params": {"x1": 94.00295524242998, "x2": -6.092980002353522, "x3": 4.929973881719573, "x4": 6.910812755642726, "x5": 5.581383542926239}, "datetime": {"datetime": "2020-10-20 10:57:31", "elapsed": 58.028162, "delta": 0.531748}}
{"target": -99.95344485222442, "params": {"x1": 82.84150486280103, "x2": -6.125652565950863, "x3": -6.432538427786496, "x4": 5.58883056701185, "x5": 5.644215395998049}, "datetime": {"datetime": "2020-10-20 10:57:32", "elapsed": 58.551936, "delta": 0.523774}}
{"target": -99.94100048944472, "params": {"x1": 94.28318530712906, "x2": 6.415585307182357, "x3": -6.7064853071795865, "x4": 6.718547285242988, "x5": -0.8274654703983524}, "datetime": {"datetime": "2020-10-20 10:57:32", "elapsed": 59.094253, "delta": 0.542317}}
{"target": -99.94791343443221, "params": {"x1": 91.05739797043603, "x2": -5.488537575802712, "x3": -6.676326017705118, "x4": -5.394177349940489, "x5": -6.907075573626661}, "datetime": {"datetime": "2020-10-20 10:57:33", "elapsed": 59.695897, "delta": 0.601644}}
{"target": -99.9609517050529, "params": {"x1": 94.2643357512076, "x2": 5.92926676440655, "x3": -3.2934590483188826, "x4": -5.435646372967883, "x5": -4.055766081227936}, "datetime": {"datetime": "2020-10-20 10:57:33", "elapsed": 60.287705, "delta": 0.591808}}
{"target": -99.93735727398972, "params": {"x1": 81.806035924182, "x2": -6.1181127435822455, "x3": -5.848202194218666, "x4": -5.342655230421605, "x5": -6.868119824722139}, "datetime": {"datetime": "2020-10-20 10:57:34", "elapsed": 60.736907, "delta": 0.449202}}
{"target": -99.94993508840507, "params": {"x1": 88.02890265238764, "x2": -5.9622897479641574, "x3": 5.496717196427297, "x4": 7.064122477137942, "x5": -6.743712755639955}, "datetime": {"datetime": "2020-10-20 10:57:34", "elapsed": 61.325279, "delta": 0.588372}}
{"target": -99.97641690699423, "params": {"x1": 87.2334513925019, "x2": -5.77002427756442, "x3": 1.6815670779070109, "x4": -5.29490302208703, "x5": -5.811288056054299}, "datetime": {"datetime": "2020-10-20 10:57:35", "elapsed": 61.964639, "delta": 0.63936}}
{"target": -99.96532246496744, "params": {"x1": 81.87263768843783, "x2": -6.037687971650329, "x3": -0.8279371337810693, "x4": -5.029752602123993, "x5": 1.17938391671525}, "datetime": {"datetime": "2020-10-20 10:57:36", "elapsed": 62.437205, "delta": 0.472566}}
{"target": -99.94855538083175, "params": {"x1": 94.28318530712906, "x2": 6.411815395998048, "x3": 5.853602121875176, "x4": 5.823821697500418, "x5": 2.956268721586029}, "datetime": {"datetime": "2020-10-20 10:57:36", "elapsed": 63.117201, "delta": 0.679996}}
{"target": -99.94927794315643, "params": {"x1": 93.83959242444396, "x2": -6.086696817046341, "x3": 5.348434023177826, "x4": 6.623042868573838, "x5": -6.75879240037719}, "datetime": {"datetime": "2020-10-20 10:57:37", "elapsed": 63.665227, "delta": 0.548026}}
{"target": -99.9562251445138, "params": {"x1": 82.20187659853272, "x2": 6.3540100911719835, "x3": -6.681352565950863, "x4": 0.46677790459792146, "x5": -6.238544656942605}, "datetime": {"datetime": "2020-10-20 10:57:37", "elapsed": 64.323522, "delta": 0.658295}}
{"target": -99.95497088053693, "params": {"x1": 94.20150389813605, "x2": 6.171797717263735, "x3": -3.147689149192284, "x4": 6.2410252018972345, "x5": -6.8668631876607025}, "datetime": {"datetime": "2020-10-20 10:57:38", "elapsed": 64.895155, "delta": 0.571633}}
{"target": -99.95983661296897, "params": {"x1": 82.20313323559415, "x2": -5.976112755639956, "x3": -6.62606053524767, "x4": -3.5996996262096035, "x5": -6.218438463959626}, "datetime": {"datetime": "2020-10-20 10:57:39", "elapsed": 65.555951, "delta": 0.660796}}
{"target": -99.95643204060273, "params": {"x1": 82.74851372025515, "x2": -6.131935751258044, "x3": 5.153655278655216, "x4": 6.155573881719573, "x5": -6.904562299503788}, "datetime": {"datetime": "2020-10-20 10:57:39", "elapsed": 66.159427, "delta": 0.603476}}
{"target": -99.96735733028412, "params": {"x1": 82.10888545598684, "x2": -5.568962347734629, "x3": -5.9952287304067005, "x4": 0.7721407105269167, "x5": 5.477082666827035}, "datetime": {"datetime": "2020-10-20 10:57:40", "elapsed": 66.796877, "delta": 0.63745}}
{"target": -99.96343627153954, "params": {"x1": 94.17637115690744, "x2": 6.175567628448044, "x3": -2.689016621768073, "x4": -2.076655507748936, "x5": -6.6796242655067095}, "datetime": {"datetime": "2020-10-20 10:57:41", "elapsed": 67.513674, "delta": 0.716797}}
{"target": -99.96322195636829, "params": {"x1": 93.18362787837705, "x2": -5.3289446690003155, "x3": -6.585848149281712, "x4": 2.2336096129772107, "x5": 5.645472033059485}, "datetime": {"datetime": "2020-10-20 10:57:41", "elapsed": 68.147624, "delta": 0.63395}}
{"target": -99.95374595410999, "params": {"x1": 94.26559238826903, "x2": 1.0484884177883709, "x3": -5.292768613063868, "x4": -5.3326021339301155, "x5": 5.612799469462144}, "datetime": {"datetime": "2020-10-20 10:57:42", "elapsed": 68.71377, "delta": 0.566146}}
{"target": -99.9555761456271, "params": {"x1": 85.08460201745513, "x2": -5.460891560451116, "x3": 5.661336651475438, "x4": 7.065379114199378, "x5": 5.395401257833682}, "datetime": {"datetime": "2020-10-20 10:57:42", "elapsed": 69.318081, "delta": 0.604311}}
{"target": -99.9618613834607, "params": {"x1": 83.01240750315563, "x2": 6.3803994694621435, "x3": 5.109672981504949, "x4": 3.534228971563672, "x5": -6.898279114196607}, "datetime": {"datetime": "2020-10-20 10:57:43", "elapsed": 69.82891, "delta": 0.510829}}
{"target": -99.94949162500257, "params": {"x1": 93.9589729452799, "x2": -3.4804315516276736, "x3": 5.824699469462144, "x4": 6.9585649639773015, "x5": 5.412994176693789}, "datetime": {"datetime": "2020-10-20 10:57:44", "elapsed": 70.389268, "delta": 0.560358}}
{"target": -99.95386453433093, "params": {"x1": 93.84210569856683, "x2": 6.326364075820387, "x3": 0.11328402523464032, "x4": 6.653202158048306, "x5": -6.875659647090756}, "datetime": {"datetime": "2020-10-20 10:57:44", "elapsed": 70.914744, "delta": 0.525476}}
{"target": -99.94826762733202, "params": {"x1": 94.1788844310303, "x2": 6.261018948625705, "x3": 5.837265840076506, "x4": -0.3852220230558183, "x5": 5.252144632829956}, "datetime": {"datetime": "2020-10-20 10:57:45", "elapsed": 71.430574, "delta": 0.51583}}
{"target": -99.96291430699186, "params": {"x1": 82.03851378054671, "x2": -4.273369537393912, "x3": -5.765264148163877, "x4": 6.6544587951097425, "x5": -6.8668631876607025}, "datetime": {"datetime": "2020-10-20 10:57:45", "elapsed": 71.986499, "delta": 0.555925}}
{"target": -99.96573194222056, "params": {"x1": 81.87012441431497, "x2": 2.3440812281290873, "x3": -3.063494466076059, "x4": -5.032265876246865, "x5": -6.7826685045444775}, "datetime": {"datetime": "2020-10-20 10:57:46", "elapsed": 72.609628, "delta": 0.623129}}
{"target": -99.96001915074217, "params": {"x1": 85.75061966001348, "x2": 5.058417280831267, "x3": 5.8297260177078885, "x4": 6.9133260297655985, "x5": 5.3401092271304895}, "datetime": {"datetime": "2020-10-20 10:57:46", "elapsed": 73.125501, "delta": 0.515873}}
{"target": -99.96344467423116, "params": {"x1": 81.74697398229475, "x2": 5.789780050587132, "x3": 0.3206291403716124, "x4": -5.237097717260965, "x5": -6.043765912419995}, "datetime": {"datetime": "2020-10-20 10:57:47", "elapsed": 73.727573, "delta": 0.602072}}
{"target": -99.96673457236177, "params": {"x1": 81.94175272681653, "x2": 4.364753622918488, "x3": -6.295564988089951, "x4": -5.3263189486229345, "x5": -3.489022766520212}, "datetime": {"datetime": "2020-10-20 10:57:47", "elapsed": 74.310429, "delta": 0.582856}}
{"target": -99.96431960674693, "params": {"x1": 81.93295626738652, "x2": 6.0373375516900625, "x3": 0.9200450186766771, "x4": -5.408000357616287, "x5": 3.507932391556518}, "datetime": {"datetime": "2020-10-20 10:57:48", "elapsed": 74.992826, "delta": 0.682397}}
{"target": -99.95841272626143, "params": {"x1": 93.66114996172078, "x2": -1.905865313648122, "x3": -6.680095928889426, "x4": 6.459680050587132, "x5": -6.8090578828346375}, "datetime": {"datetime": "2020-10-20 10:57:49", "elapsed": 75.627325, "delta": 0.634499}}
{"target": -99.95731224810243, "params": {"x1": 94.00169860536855, "x2": -6.037687971650329, "x3": 5.401212779758146, "x4": 5.77355621504297, "x5": 5.268480914628626}, "datetime": {"datetime": "2020-10-20 10:57:49", "elapsed": 76.278639, "delta": 0.651314}}
{"target": -99.9647068290454, "params": {"x1": 94.18391097927602, "x2": -1.2323078487183219, "x3": -6.2000605714208, "x4": 6.9723879716531, "x5": -4.142474038467033}, "datetime": {"datetime": "2020-10-20 10:57:50", "elapsed": 76.906993, "delta": 0.628354}}
{"target": -99.95336508965661, "params": {"x1": 82.18177040554983, "x2": 5.311001330179942, "x3": 5.497973833488733, "x4": 6.973644608714536, "x5": -6.78518177866735}, "datetime": {"datetime": "2020-10-20 10:57:51", "elapsed": 77.415292, "delta": 0.508299}}
{"target": -99.97367396975217, "params": {"x1": 83.44092074110355, "x2": 6.036080914628626, "x3": -4.847919093315455, "x4": -5.467062299503788, "x5": 1.0863927741689716}, "datetime": {"datetime": "2020-10-20 10:57:51", "elapsed": 78.011964, "delta": 0.596672}}
