{"target": -99.95539441838532, "params": {"x1": 82.0950624483111, "x2": 6.346470268803366, "x3": 5.579655242482086, "x4": 6.787662323621979, "x5": 0.9293131414894473}, "datetime": {"datetime": "2020-10-20 10:57:52", "elapsed": 78.494268, "delta": 0.482304}}
{"target": -99.96496372985104, "params": {"x1": 94.13867204506451, "x2": 6.163001257833682, "x3": 5.0217083872044155, "x4": -4.949327830192076, "x5": 1.8981803158567532}, "datetime": {"datetime": "2020-10-20 10:57:52", "elapsed": 79.005955, "delta": 0.511687}}
{"target": -99.96306614073089, "params": {"x1": 86.47821251858196, "x2": 6.026027818137137, "x3": 5.153655278655216, "x4": -5.170495953004846, "x5": 5.500958770994322}, "datetime": {"datetime": "2020-10-20 10:57:53", "elapsed": 79.555974, "delta": 0.550019}}
{"target": -99.95691667033901, "params": {"x1": 87.17815936179895, "x2": 2.6557272193652635, "x3": 5.696522489195652, "x4": -5.386637527571872, "x5": -6.895765840073735}, "datetime": {"datetime": "2020-10-20 10:57:53", "elapsed": 80.278751, "delta": 0.722777}}
{"target": -99.94519222052817, "params": {"x1": 81.82488548010346, "x2": -5.4131393521165405, "x3": 5.6877260297655985, "x4": 7.001290624066132, "x5": -6.538880914625856}, "datetime": {"datetime": "2020-10-20 10:57:54", "elapsed": 80.888213, "delta": 0.609462}}
{"target": -99.91691480441193, "params": {"x1": 94.28318530712906, "x2": -6.150785307179587, "x3": 5.859885307182357, "x4": -5.480885307179586, "x5": 5.647985307182357}, "datetime": {"datetime": "2020-10-20 10:57:55", "elapsed": 81.671474, "delta": 0.783261}}
{"target": -99.91685662518258, "params": {"x1": 81.7168146928204, "x2": -6.150785307179587, "x3": -6.7064853071795865, "x4": 7.085485307182357, "x5": 5.647985307182357}, "datetime": {"datetime": "2020-10-20 10:57:55", "elapsed": 82.183298, "delta": 0.511824}}
{"target": -99.93347394456474, "params": {"x1": 88.76152205920184, "x2": 6.415585307182357, "x3": 5.859885307182357, "x4": 7.085485307182357, "x5": 5.647985307182357}, "datetime": {"datetime": "2020-10-20 10:57:56", "elapsed": 82.777444, "delta": 0.594146}}
{"target": -99.91691480441052, "params": {"x1": 81.7168146928204, "x2": 6.415585307182357, "x3": 5.859885307182357, "x4": -5.480885307179586, "x5": 5.647985307182357}, "datetime": {"datetime": "2020-10-20 10:57:57", "elapsed": 83.378669, "delta": 0.601225}}
{"target": -99.95562241805057, "params": {"x1": 89.82840692435664, "x2": 6.401762299506559, "x3": 5.792026905864803, "x4": 6.707237551690063, "x5": -6.116650861983294}, "datetime": {"datetime": "2020-10-20 10:57:57", "elapsed": 83.99812, "delta": 0.619451}}
{"target": -99.95527529945102, "params": {"x1": 81.78467309413767, "x2": 6.359036639417728, "x3": -3.484467881657184, "x4": -3.558230603182209, "x5": 5.548710979328898}, "datetime": {"datetime": "2020-10-20 10:57:58", "elapsed": 84.695874, "delta": 0.697754}}
{"target": -99.96500594419254, "params": {"x1": 86.79237178393967, "x2": 5.421585391586327, "x3": -3.3185917895476065, "x4": 7.045272921216399, "x5": -6.909588847749533}, "datetime": {"datetime": "2020-10-20 10:57:58", "elapsed": 85.305506, "delta": 0.609632}}
{"target": -99.9582308079964, "params": {"x1": 85.91900902624522, "x2": 3.0251785154275046, "x3": -6.697688847749533, "x4": -5.375327794018946, "x5": -6.683394176691018}, "datetime": {"datetime": "2020-10-20 10:57:59", "elapsed": 85.920657, "delta": 0.615151}}
{"target": -99.96968035716719, "params": {"x1": 88.53909729932857, "x2": 5.61887741023181, "x3": -2.087087469340136, "x4": -5.386637527571872, "x5": -6.704757006735433}, "datetime": {"datetime": "2020-10-20 10:58:00", "elapsed": 86.548127, "delta": 0.62747}}
{"target": -99.95932418044899, "params": {"x1": 94.20527380932035, "x2": -5.915794176691018, "x3": -0.7600787324635148, "x4": 7.005060535250441, "x5": 1.5010830044429158}, "datetime": {"datetime": "2020-10-20 10:58:00", "elapsed": 87.152042, "delta": 0.603915}}
{"target": -99.95618333126772, "params": {"x1": 87.78511506247006, "x2": -6.074130446431979, "x3": -6.671299469459373, "x4": -5.330088859807243, "x5": -4.936668661294708}, "datetime": {"datetime": "2020-10-20 10:58:01", "elapsed": 87.738241, "delta": 0.586199}}
{"target": -99.95740088927064, "params": {"x1": 81.9932748463352, "x2": 3.022665241304632, "x3": -4.044928011057727, "x4": -5.444442832397937, "x5": 5.634162299506559}, "datetime": {"datetime": "2020-10-20 10:58:01", "elapsed": 88.315278, "delta": 0.577037}}
{"target": -99.95499376819662, "params": {"x1": 90.52207058226648, "x2": -5.836626041820538, "x3": -6.6423968170463406, "x4": 6.809025153666394, "x5": -6.571553478223197}, "datetime": {"datetime": "2020-10-20 10:58:02", "elapsed": 88.909434, "delta": 0.594156}}
{"target": -99.95294447490073, "params": {"x1": 86.69435409314806, "x2": 6.3866826547693245, "x3": 5.776947261127568, "x4": 7.084228670120921, "x5": -1.6694123015606026}, "datetime": {"datetime": "2020-10-20 10:58:03", "elapsed": 89.632064, "delta": 0.72263}}
{"target": -99.94806306215408, "params": {"x1": 88.79042471161475, "x2": -6.0276348751588396, "x3": 5.445195076908413, "x4": -5.404230446431979, "x5": 5.592693276479165}, "datetime": {"datetime": "2020-10-20 10:58:04", "elapsed": 90.475046, "delta": 0.842982}}
{"target": -99.93966688024749, "params": {"x1": 93.07807036521686, "x2": 6.004664988092721, "x3": 5.859885307182357, "x4": 7.085485307182357, "x5": 5.647985307182357}, "datetime": {"datetime": "2020-10-20 10:58:04", "elapsed": 91.119701, "delta": 0.644655}}
{"target": -99.95152040355305, "params": {"x1": 81.88017751080642, "x2": -3.4552988103989497, "x3": 5.1574251898395245, "x4": -5.40046053524767, "x5": -6.8932525659508626}, "datetime": {"datetime": "2020-10-20 10:58:05", "elapsed": 91.675316, "delta": 0.555615}}
{"target": -99.94794954794288, "params": {"x1": 94.25679592883901, "x2": -4.460608459547905, "x3": -6.549405674500062, "x4": 6.933432222748578, "x5": -6.572810115284633}, "datetime": {"datetime": "2020-10-20 10:58:05", "elapsed": 92.372846, "delta": 0.69753}}
{"target": -99.97199076699843, "params": {"x1": 82.54996506454907, "x2": -1.2926264276672592, "x3": 0.363354800460443, "x4": -5.282336651472668, "x5": -6.714810103226923}, "datetime": {"datetime": "2020-10-20 10:58:06", "elapsed": 93.077029, "delta": 0.704183}}
{"target": -99.96185085327855, "params": {"x1": 81.9442660009394, "x2": -5.39680307031787, "x3": 5.553265864191926, "x4": -4.680407499044731, "x5": 5.181772957389529}, "datetime": {"datetime": "2020-10-20 10:58:07", "elapsed": 93.700615, "delta": 0.623586}}
{"target": -99.96287408970244, "params": {"x1": 93.34070751105591, "x2": -5.636820749052183, "x3": -6.44761807252373, "x4": -5.451982654766554, "x5": -3.3683856086223374}, "datetime": {"datetime": "2020-10-20 10:58:08", "elapsed": 94.452657, "delta": 0.752042}}
{"target": -99.9586166323019, "params": {"x1": 81.93798281563224, "x2": -5.577758807164682, "x3": -6.479033999059635, "x4": -5.214478250155113, "x5": 4.160127026441903}, "datetime": {"datetime": "2020-10-20 10:58:08", "elapsed": 95.041187, "delta": 0.58853}}
{"target": -99.94890425295074, "params": {"x1": 93.95394639703417, "x2": 6.3992490253836865, "x3": -5.6207508860987145, "x4": -5.1189738334859625, "x5": -6.790208326913095}, "datetime": {"datetime": "2020-10-20 10:58:09", "elapsed": 95.631582, "delta": 0.590395}}
{"target": -99.94712684227211, "params": {"x1": 81.88520405905214, "x2": -5.62802428962213, "x3": 5.633690636123842, "x4": 7.036476461786346, "x5": 5.067418984798835}, "datetime": {"datetime": "2020-10-20 10:58:09", "elapsed": 96.33633, "delta": 0.704748}}
{"target": -99.95107492712495, "params": {"x1": 94.24171628410184, "x2": 6.387939291830761, "x3": 5.208947309358408, "x4": -4.94807119313064, "x5": -6.212155278652445}, "datetime": {"datetime": "2020-10-20 10:58:10", "elapsed": 96.981856, "delta": 0.645526}}
{"target": -99.95092456223341, "params": {"x1": 81.95306246036941, "x2": -6.120626017705118, "x3": -6.638626905862032, "x4": 4.748140372911036, "x5": -6.383057919007768}, "datetime": {"datetime": "2020-10-20 10:58:11", "elapsed": 97.668235, "delta": 0.686379}}
{"target": -99.95629657435933, "params": {"x1": 83.24991190776606, "x2": 6.051160559365861, "x3": 5.367283579099369, "x4": -5.3904074387561804, "x5": -6.708526917919742}, "datetime": {"datetime": "2020-10-20 10:58:11", "elapsed": 98.267393, "delta": 0.599158}}
{"target": -99.9334166703586, "params": {"x1": 94.28318530712906, "x2": 6.415585307182357, "x3": 5.859885307182357, "x4": 7.085485307182357, "x5": 2.9286227062344325}, "datetime": {"datetime": "2020-10-20 10:58:12", "elapsed": 98.926923, "delta": 0.65953}}
{"target": -99.95585774500655, "params": {"x1": 94.2278932764261, "x2": 3.1872846963527737, "x3": -6.6612463729678835, "x4": 6.9522817786701205, "x5": -0.29842126753371456}, "datetime": {"datetime": "2020-10-20 10:58:13", "elapsed": 99.689939, "delta": 0.763016}}
{"target": -99.98424362790202, "params": {"x1": 88.42474332673837, "x2": 2.3000989309788205, "x3": -0.664574315794364, "x4": -5.448212743582245, "x5": -0.5698548728039325}, "datetime": {"datetime": "2020-10-20 10:58:14", "elapsed": 100.398711, "delta": 0.708772}}
{"target": -99.96434205561081, "params": {"x1": 86.22939838041864, "x2": 5.941833135020912, "x3": 5.651283554983949, "x4": -5.465805662442352, "x5": -0.7771999879409046}, "datetime": {"datetime": "2020-10-20 10:58:14", "elapsed": 101.150209, "delta": 0.751498}}
{"target": -99.9422946598241, "params": {"x1": 82.00207130576521, "x2": -5.506130494662819, "x3": -6.423741968356443, "x4": 7.080458758936612, "x5": 5.567560535250441}, "datetime": {"datetime": "2020-10-20 10:58:15", "elapsed": 101.808691, "delta": 0.658482}}
{"target": -99.95805345729987, "params": {"x1": 81.79598282769055, "x2": -5.480997753434095, "x3": 5.637460547308151, "x4": -5.189345508926389, "x5": -1.1039256239143151}, "datetime": {"datetime": "2020-10-20 10:58:16", "elapsed": 102.523968, "delta": 0.715277}}
{"target": -99.96375985240705, "params": {"x1": 94.27564548476047, "x2": -2.869705939769683, "x3": -6.667529558275064, "x4": 6.273697765494576, "x5": 1.5048529156272243}, "datetime": {"datetime": "2020-10-20 10:58:16", "elapsed": 103.20351, "delta": 0.679542}}
{"target": -99.93326433316562, "params": {"x1": 81.74571734523332, "x2": 6.406788847752304, "x3": 5.323301281949102, "x4": 6.895733110905492, "x5": -6.870633098845011}, "datetime": {"datetime": "2020-10-20 10:58:17", "elapsed": 103.954867, "delta": 0.751357}}
{"target": -99.96387418095112, "params": {"x1": 88.37573448134256, "x2": -0.5223079090068721, "x3": 5.7467879716531, "x4": -5.4293631876607025, "x5": -6.39562428962213}, "datetime": {"datetime": "2020-10-20 10:58:18", "elapsed": 104.725512, "delta": 0.770645}}
{"target": -99.95984627352897, "params": {"x1": 93.48019422487474, "x2": -6.135705662442352, "x3": -6.653706550599266, "x4": 6.297573869661863, "x5": 2.8180386448280474}, "datetime": {"datetime": "2020-10-20 10:58:19", "elapsed": 105.471843, "delta": 0.746331}}
{"target": -99.95855409225653, "params": {"x1": 81.76205362703192, "x2": -5.905741080199529, "x3": 1.2115848169298742, "x4": -5.404230446431979, "x5": -4.501872238037785}, "datetime": {"datetime": "2020-10-20 10:58:19", "elapsed": 106.149303, "delta": 0.67746}}
{"target": -99.95599790359223, "params": {"x1": 92.87826507244935, "x2": -5.9886791262543175, "x3": -6.011565012205371, "x4": -5.29490302208703, "x5": -6.738686207394211}, "datetime": {"datetime": "2020-10-20 10:58:20", "elapsed": 106.911006, "delta": 0.761703}}
{"target": -99.96485795114639, "params": {"x1": 88.62203534538301, "x2": 1.3236919342428974, "x3": -6.461441080199529, "x4": -5.166726041820538, "x5": 5.542427794021717}, "datetime": {"datetime": "2020-10-20 10:58:21", "elapsed": 107.604156, "delta": 0.69315}}
{"target": -99.96979253097, "params": {"x1": 94.1587782380474, "x2": -6.14952867011815, "x3": -0.13301683880685378, "x4": 2.352990133813649, "x5": -0.4039787806943549}, "datetime": {"datetime": "2020-10-20 10:58:21", "elapsed": 108.256434, "delta": 0.652278}}
{"target": -99.97981320225773, "params": {"x1": 89.80327418312802, "x2": 5.774700405849898, "x3": -2.170025515394925, "x4": -5.162956130636229, "x5": 4.895259707382077}, "datetime": {"datetime": "2020-10-20 10:58:22", "elapsed": 108.941378, "delta": 0.684944}}
{"target": -99.96426438789345, "params": {"x1": 82.2496288068671, "x2": -6.098006550599266, "x3": 5.676416296212673, "x4": 5.646635871837915, "x5": 1.1228352489506213}, "datetime": {"datetime": "2020-10-20 10:58:23", "elapsed": 109.718319, "delta": 0.776941}}
{"target": -99.97019572280979, "params": {"x1": 87.15051334644747, "x2": -6.051510979326127, "x3": 5.0732305067232994, "x4": 6.844210991386608, "x5": 1.4395077884325422}, "datetime": {"datetime": "2020-10-20 10:58:23", "elapsed": 110.36608, "delta": 0.647761}}
{"target": -99.9709136660861, "params": {"x1": 82.94957565008409, "x2": 1.5172140417040714, "x3": -6.544379126254317, "x4": -0.5159122774451825, "x5": 5.558764075820387}, "datetime": {"datetime": "2020-10-20 10:58:24", "elapsed": 111.055831, "delta": 0.689751}}
{"target": -99.96643496820016, "params": {"x1": 89.95658390462259, "x2": 5.928010127345114, "x3": 5.781973809373313, "x4": -5.154159671206176, "x5": 4.380038512193237}, "datetime": {"datetime": "2020-10-20 10:58:25", "elapsed": 111.909156, "delta": 0.853325}}
{"target": -99.95036722235861, "params": {"x1": 87.22968148131761, "x2": 6.29243487516161, "x3": -6.574538415728786, "x4": 6.577803934362135, "x5": 5.598976461786346}, "datetime": {"datetime": "2020-10-20 10:58:26", "elapsed": 112.577888, "delta": 0.668732}}
{"target": -99.97086956697045, "params": {"x1": 94.09091983673014, "x2": -6.013811867483041, "x3": -0.7110698870675032, "x4": 3.457574110816064, "x5": 4.757029630624095}, "datetime": {"datetime": "2020-10-20 10:58:27", "elapsed": 113.387201, "delta": 0.809313}}
{"target": -99.96263656586886, "params": {"x1": 93.83959242444396, "x2": -6.062820712879053, "x3": 5.343407474932081, "x4": -1.5174520154098294, "x5": 5.195595965065327}, "datetime": {"datetime": "2020-10-20 10:58:27", "elapsed": 113.921942, "delta": 0.534741}}
{"target": -99.9450715574481, "params": {"x1": 94.17637115690744, "x2": 0.9441875416891667, "x3": -6.697688847749533, "x4": 7.046529558277835, "x5": 5.265967640505754}, "datetime": {"datetime": "2020-10-20 10:58:28", "elapsed": 114.663397, "delta": 0.741455}}
{"target": -99.95009077131128, "params": {"x1": 94.28318530712906, "x2": 2.807780303799043, "x3": -0.670857501101545, "x4": 7.085485307182357, "x5": -6.918385307179586}, "datetime": {"datetime": "2020-10-20 10:58:29", "elapsed": 115.438018, "delta": 0.774621}}
{"target": -99.97361842753024, "params": {"x1": 81.74194743404902, "x2": 1.0773910702014033, "x3": -1.2954061206353336, "x4": -5.194372057172134, "x5": -1.2220495076893174}, "datetime": {"datetime": "2020-10-20 10:58:29", "elapsed": 116.134868, "delta": 0.69685}}
{"target": -99.98424797309089, "params": {"x1": 94.24925610647043, "x2": 1.1930016798535332, "x3": -0.9284680986959648, "x4": 1.7083353212968815, "x5": -0.2908814451650974}, "datetime": {"datetime": "2020-10-20 10:58:30", "elapsed": 116.825936, "delta": 0.691068}}
{"target": -99.977750644686, "params": {"x1": 94.24674283234756, "x2": 0.0180460274106915, "x3": -1.6108220230558183, "x4": 0.9644061809266544, "x5": -6.360438451901916}, "datetime": {"datetime": "2020-10-20 10:58:31", "elapsed": 117.494694, "delta": 0.668758}}
{"target": -99.9603846257409, "params": {"x1": 87.55138056904391, "x2": -6.057794164633308, "x3": 5.5972481613421925, "x4": -5.394177349940489, "x5": -2.260031720435614}, "datetime": {"datetime": "2020-10-20 10:58:31", "elapsed": 118.13968, "delta": 0.644986}}
{"target": -99.95857921162681, "params": {"x1": 94.09217647379157, "x2": 2.1191431941320085, "x3": -1.2413707269935772, "x4": -5.331345496868679, "x5": -6.90079238831948}, "datetime": {"datetime": "2020-10-20 10:58:32", "elapsed": 118.727937, "delta": 0.588257}}
{"target": -99.9589753354302, "params": {"x1": 82.04982351409959, "x2": 0.5345238596609674, "x3": -6.35211365585458, "x4": 6.581573845546443, "x5": 5.57761363174193}, "datetime": {"datetime": "2020-10-20 10:58:32", "elapsed": 119.303053, "delta": 0.575116}}
{"target": -99.94926143065155, "params": {"x1": 94.23291982467182, "x2": 6.032311003444318, "x3": -6.612237527571872, "x4": 6.894476473844056, "x5": -3.6586687698140983}, "datetime": {"datetime": "2020-10-20 10:58:33", "elapsed": 119.89668, "delta": 0.593627}}
{"target": -99.93587681098478, "params": {"x1": 81.8223722059806, "x2": 5.782240228218515, "x3": -6.663759647090756, "x4": 6.900759659151237, "x5": -6.9121021218724055}, "datetime": {"datetime": "2020-10-20 10:58:34", "elapsed": 120.805627, "delta": 0.908947}}
{"target": -99.96465332425136, "params": {"x1": 82.09380581124967, "x2": 0.7783114495795891, "x3": 5.751814519898844, "x4": 6.903272933274109, "x5": 1.9534723465599457}, "datetime": {"datetime": "2020-10-20 10:58:35", "elapsed": 121.568628, "delta": 0.763001}}
{"target": -99.95899135234582, "params": {"x1": 84.11699148015336, "x2": -5.9497233773497955, "x3": 5.769407438758951, "x4": -5.395433987001925, "x5": -3.593323642619416}, "datetime": {"datetime": "2020-10-20 10:58:35", "elapsed": 122.244549, "delta": 0.675921}}
{"target": -99.96163271989282, "params": {"x1": 88.51899110634568, "x2": 6.014718084584211, "x3": 0.5706999155974151, "x4": 7.013856994680494, "x5": -6.850526905862032}, "datetime": {"datetime": "2020-10-20 10:58:36", "elapsed": 122.982267, "delta": 0.737718}}
{"target": -99.96716018785476, "params": {"x1": 89.39612377522442, "x2": 1.9457272796538136, "x3": -6.610980890510436, "x4": 6.007290708470102, "x5": -6.895765840073735}, "datetime": {"datetime": "2020-10-20 10:58:37", "elapsed": 123.888423, "delta": 0.906156}}
{"target": -99.96101503696867, "params": {"x1": 93.57821191566634, "x2": -5.793900381731707, "x3": 5.672646385028364, "x4": -5.189345508926389, "x5": 4.462976558248026}, "datetime": {"datetime": "2020-10-20 10:58:38", "elapsed": 124.741294, "delta": 0.852871}}
{"target": -99.94851163542938, "params": {"x1": 93.26028273912434, "x2": 6.20321364379964, "x3": 5.704062311564269, "x4": -5.224531346646603, "x5": -6.766332222745807}, "datetime": {"datetime": "2020-10-20 10:58:38", "elapsed": 125.349808, "delta": 0.608514}}
{"target": -99.9425752756779, "params": {"x1": 94.02180479835144, "x2": -6.045227794018946, "x3": 5.753071156960281, "x4": 7.057839291830761, "x5": 4.579843804961592}, "datetime": {"datetime": "2020-10-20 10:58:39", "elapsed": 126.043872, "delta": 0.694064}}
{"target": -99.9518753199764, "params": {"x1": 83.27001810074896, "x2": 5.7608773981741, "x3": -6.670042832397937, "x4": 6.871857006738204, "x5": 5.547454342267462}, "datetime": {"datetime": "2020-10-20 10:58:40", "elapsed": 126.906497, "delta": 0.862625}}
{"target": -99.96491868494725, "params": {"x1": 82.11768191541685, "x2": 0.13742654824712996, "x3": 5.553265864191926, "x4": -5.473345484810969, "x5": -2.6131467346991846}, "datetime": {"datetime": "2020-10-20 10:58:41", "elapsed": 127.484335, "delta": 0.577838}}
{"target": -99.96816208096307, "params": {"x1": 93.80817649790819, "x2": 2.213390973739723, "x3": -6.03167120518835, "x4": 6.879396829106821, "x5": -6.396880926683566}, "datetime": {"datetime": "2020-10-20 10:58:41", "elapsed": 128.34117, "delta": 0.856835}}
{"target": -99.93874235291197, "params": {"x1": 81.94929254918512, "x2": -6.150785307179587, "x3": -6.7064853071795865, "x4": -5.480885307179586, "x5": -3.6222262950324486}, "datetime": {"datetime": "2020-10-20 10:58:42", "elapsed": 129.000034, "delta": 0.658864}}
{"target": -99.95290067650697, "params": {"x1": 94.16757469747742, "x2": -5.983652578008573, "x3": 5.430115432171179, "x4": 6.865573821431023, "x5": -5.240774830162267}, "datetime": {"datetime": "2020-10-20 10:58:43", "elapsed": 129.80824, "delta": 0.808206}}
{"target": -99.96671652135922, "params": {"x1": 87.68709737167845, "x2": -2.010166189747326, "x3": 0.19245216010512056, "x4": 7.085485307182357, "x5": -6.918385307179586}, "datetime": {"datetime": "2020-10-20 10:58:44", "elapsed": 130.714436, "delta": 0.906196}}
{"target": -99.98019173250165, "params": {"x1": 93.75791101545096, "x2": -2.77168824897766, "x3": -0.3290522203909001, "x4": 6.924635763318524, "x5": -3.267854643707442}, "datetime": {"datetime": "2020-10-20 10:58:45", "elapsed": 131.491812, "delta": 0.777376}}
{"target": -99.95814692060792, "params": {"x1": 82.55624824985622, "x2": -5.905741080199529, "x3": 5.731708326915865, "x4": 4.270618289565282, "x5": 5.502215408055759}, "datetime": {"datetime": "2020-10-20 10:58:45", "elapsed": 132.173085, "delta": 0.681273}}
{"target": -99.96950510683118, "params": {"x1": 87.53755756136817, "x2": -5.961033110902721, "x3": -2.6073352127747205, "x4": 6.979927794021717, "x5": -6.1103676766761135}, "datetime": {"datetime": "2020-10-20 10:58:46", "elapsed": 132.826053, "delta": 0.652968}}
{"target": -99.95617011353963, "params": {"x1": 81.91033680028076, "x2": 6.165514531956554, "x3": 5.832239291830761, "x4": -4.734442892686487, "x5": 0.5209060965226842}, "datetime": {"datetime": "2020-10-20 10:58:47", "elapsed": 133.581773, "delta": 0.75572}}
{"target": -99.9536038198858, "params": {"x1": 82.29109782989431, "x2": -5.948466740288359, "x3": 1.4063635614524843, "x4": 7.060352565953633, "x5": -6.7185800144112315}, "datetime": {"datetime": "2020-10-20 10:58:47", "elapsed": 134.20207, "delta": 0.620297}}
{"target": -99.93347394427988, "params": {"x1": 94.28318530712906, "x2": -0.9231751316050181, "x3": 5.859885307182357, "x4": 7.085485307182357, "x5": 5.647985307182357}, "datetime": {"datetime": "2020-10-20 10:58:48", "elapsed": 134.817965, "delta": 0.615895}}
{"target": -99.96082110465656, "params": {"x1": 89.21391140131695, "x2": -5.87558179072506, "x3": 5.667619836782619, "x4": -5.448212743582245, "x5": -5.15406687292317}, "datetime": {"datetime": "2020-10-20 10:58:49", "elapsed": 135.504019, "delta": 0.686054}}
