{"target": -99.98288841523551, "params": {"x1": 86.957267758256, "x2": 2.901079240015105, "x3": -6.705048030835881, "x4": -1.681662150695225, "x5": -5.074196393331314}, "datetime": {"datetime": "2020-10-20 10:56:33", "elapsed": 0.0, "delta": 0.0}}
{"target": -99.99033443713999, "params": {"x1": 91.52390071220792, "x2": 5.77076439757563, "x3": -3.7651199866608978, "x4": 6.2417502786420025, "x5": -3.709800936297796}, "datetime": {"datetime": "2020-10-20 10:56:33", "elapsed": 0.035264, "delta": 0.035264}}
{"target": -99.96103096968169, "params": {"x1": 82.25591199217425, "x2": -5.976112755639956, "x3": 5.548239315946181, "x4": -5.132796841161761, "x5": 3.5179854880480077}, "datetime": {"datetime": "2020-10-20 10:56:33", "elapsed": 0.355266, "delta": 0.320002}}
{"target": -99.9770043869332, "params": {"x1": 93.12330929942837, "x2": -5.741121625151387, "x3": 4.869655302770636, "x4": -3.5418943213835385, "x5": -6.541394188748728}, "datetime": {"datetime": "2020-10-20 10:56:34", "elapsed": 0.593629, "delta": 0.238363}}
{"target": -99.96927675477369, "params": {"x1": 82.54368187924192, "x2": 6.145408338973575, "x3": 5.651283554983949, "x4": -4.114920821398443, "x5": 4.5961800867602625}, "datetime": {"datetime": "2020-10-20 10:56:34", "elapsed": 0.976071, "delta": 0.382442}}
{"target": -99.97153587121328, "params": {"x1": 92.38315007024559, "x2": -4.935617268770787, "x3": -6.103299517690213, "x4": -4.954354378437821, "x5": 5.499702133932886}, "datetime": {"datetime": "2020-10-20 10:56:34", "elapsed": 1.261996, "delta": 0.285925}}
{"target": -99.96849660706403, "params": {"x1": 82.23831907331422, "x2": -5.920820724936763, "x3": 5.007885379528617, "x4": -1.6870980187037157, "x5": 5.286073833488733}, "datetime": {"datetime": "2020-10-20 10:56:35", "elapsed": 1.562225, "delta": 0.300229}}
{"target": -99.98013059254404, "params": {"x1": 81.95180582330798, "x2": -4.321121745728488, "x3": 4.965159719439787, "x4": -4.579876534129835, "x5": 4.043259779728337}, "datetime": {"datetime": "2020-10-20 10:56:35", "elapsed": 1.934722, "delta": 0.372497}}
{"target": -99.91685662518263, "params": {"x1": 81.7168146928204, "x2": -6.150785307179587, "x3": -6.7064853071795865, "x4": 7.085485307182357, "x5": -6.918385307179586}, "datetime": {"datetime": "2020-10-20 10:56:35", "elapsed": 2.350796, "delta": 0.416074}}
{"target": -99.97660678104903, "params": {"x1": 82.15161111607549, "x2": 4.6600633323559935, "x3": 5.737991512223046, "x4": 5.218122633888172, "x5": -5.051022633885402}, "datetime": {"datetime": "2020-10-20 10:56:36", "elapsed": 2.785718, "delta": 0.434922}}
{"target": -99.91685662518249, "params": {"x1": 81.7168146928204, "x2": 6.415585307182357, "x3": -6.7064853071795865, "x4": 7.085485307182357, "x5": 5.647985307182357}, "datetime": {"datetime": "2020-10-20 10:56:36", "elapsed": 3.250483, "delta": 0.464765}}
{"target": -99.91685662518383, "params": {"x1": 94.28318530712906, "x2": -6.150785307179587, "x3": 5.859885307182357, "x4": 7.085485307182357, "x5": 5.647985307182357}, "datetime": {"datetime": "2020-10-20 10:56:37", "elapsed": 3.649727, "delta": 0.399244}}
{"target": -99.96121474883508, "params": {"x1": 85.99315061286964, "x2": -6.104289735906447, "x3": -6.658733098845011, "x4": 6.566494200809209, "x5": 4.063365972711316}, "datetime": {"datetime": "2020-10-20 10:56:37", "elapsed": 3.988898, "delta": 0.339171}}
{"target": -99.95481061311379, "params": {"x1": 94.27187557357618, "x2": 6.237142844458417, "x3": 2.9608236064490567, "x4": 2.437184816929874, "x5": 5.637932210690868}, "datetime": {"datetime": "2020-10-20 10:56:38", "elapsed": 4.4025, "delta": 0.413602}}
{"target": -99.97286550488282, "params": {"x1": 93.5354862555777, "x2": -4.539776594418385, "x3": 5.543212767700436, "x4": -5.077504810458568, "x5": 4.681631406937924}, "datetime": {"datetime": "2020-10-20 10:56:38", "elapsed": 4.771762, "delta": 0.369262}}
{"target": -99.97306236433772, "params": {"x1": 93.29044202859868, "x2": 6.157974709587937, "x3": -5.998998641591009, "x4": -4.755805722730902, "x5": 4.679118132815051}, "datetime": {"datetime": "2020-10-20 10:56:38", "elapsed": 5.150991, "delta": 0.379229}}
{"target": -99.9569666959314, "params": {"x1": 91.64927402636997, "x2": 5.809886243570111, "x3": -6.239016320325322, "x4": 6.977414519898844, "x5": 5.593949913540601}, "datetime": {"datetime": "2020-10-20 10:56:39", "elapsed": 5.463036, "delta": 0.312045}}
{"target": -99.93494289774708, "params": {"x1": 81.7168146928204, "x2": 5.958169416819582, "x3": 5.859885307182357, "x4": 7.085485307182357, "x5": 5.155383579099369}, "datetime": {"datetime": "2020-10-20 10:56:39", "elapsed": 5.793216, "delta": 0.33018}}
{"target": -99.95984563125792, "params": {"x1": 82.26470845160426, "x2": -5.889404798400858, "x3": -6.485317184366816, "x4": -5.227044620769475, "x5": -1.6731822127449112}, "datetime": {"datetime": "2020-10-20 10:56:39", "elapsed": 6.17279, "delta": 0.379574}}
{"target": -99.96483525383627, "params": {"x1": 82.73971726082513, "x2": 6.405532210690867, "x3": -5.855742016587283, "x4": -4.189062408023179, "x5": -6.63312869423357}, "datetime": {"datetime": "2020-10-20 10:56:40", "elapsed": 6.547863, "delta": 0.375073}}
{"target": -99.96486420269648, "params": {"x1": 82.18931022791841, "x2": -5.930873821428253, "x3": 4.825673005620369, "x4": 6.915839303888471, "x5": -5.027146529718114}, "datetime": {"datetime": "2020-10-20 10:56:40", "elapsed": 6.908482, "delta": 0.360619}}
{"target": -99.96037498449209, "params": {"x1": 93.24017654614144, "x2": -6.061564075817617, "x3": -6.5255295703327745, "x4": 6.736140204103095, "x5": -5.208102266564926}, "datetime": {"datetime": "2020-10-20 10:56:40", "elapsed": 7.245707, "delta": 0.337225}}
{"target": -99.95910282983994, "params": {"x1": 81.96814210510658, "x2": 6.343956994680494, "x3": -6.595901245773201, "x4": 5.072352734761574, "x5": -5.242031467223703}, "datetime": {"datetime": "2020-10-20 10:56:41", "elapsed": 7.597251, "delta": 0.351544}}
{"target": -99.95926206429434, "params": {"x1": 92.66338013494467, "x2": -6.045227794018946, "x3": -6.683865840073735, "x4": -3.2717173531747568, "x5": -6.5828632117761225}, "datetime": {"datetime": "2020-10-20 10:56:41", "elapsed": 7.9672, "delta": 0.369949}}
{"target": -99.93347036969847, "params": {"x1": 90.70051304498966, "x2": 6.415585307182357, "x3": 5.859885307182357, "x4": 7.085485307182357, "x5": 5.647985307182357}, "datetime": {"datetime": "2020-10-20 10:56:41", "elapsed": 8.35222, "delta": 0.38502}}
{"target": -99.97725581377168, "params": {"x1": 82.43435445489743, "x2": -5.734838439844206, "x3": 4.098080147048813, "x4": -4.018159767667856, "x5": -6.447146409141014}, "datetime": {"datetime": "2020-10-20 10:56:42", "elapsed": 8.708763, "delta": 0.356543}}
{"target": -99.94961782320307, "params": {"x1": 94.27941539594477, "x2": 5.949372957389529, "x3": 4.829442916804678, "x4": 6.889449925598311, "x5": 5.407967628448044}, "datetime": {"datetime": "2020-10-20 10:56:42", "elapsed": 9.105231, "delta": 0.396468}}
{"target": -99.96054363996032, "params": {"x1": 81.9078235261579, "x2": 6.206983554983949, "x3": -5.70494556921494, "x4": 3.9401227424075627, "x5": 5.468286207396981}, "datetime": {"datetime": "2020-10-20 10:56:43", "elapsed": 9.430515, "delta": 0.325284}}
{"target": -99.91691480441193, "params": {"x1": 94.28318530712906, "x2": 6.415585307182357, "x3": 5.859885307182357, "x4": -5.480885307179586, "x5": -6.918385307179586}, "datetime": {"datetime": "2020-10-20 10:56:43", "elapsed": 9.890909, "delta": 0.460394}}
{"target": -99.95704487199897, "params": {"x1": 89.96789363817547, "x2": 6.238399481519854, "x3": 5.854858758936612, "x4": -5.0674517139670785, "x5": -6.267447309355638}, "datetime": {"datetime": "2020-10-20 10:56:43", "elapsed": 10.21402, "delta": 0.323111}}
{"target": -99.96459904337209, "params": {"x1": 94.05950391019437, "x2": 6.063726929980223, "x3": -6.357140204100324, "x4": -3.5356111360763576, "x5": -6.171942892686487}, "datetime": {"datetime": "2020-10-20 10:56:44", "elapsed": 10.61691, "delta": 0.40289}}
{"target": -99.94353509396376, "params": {"x1": 94.17134460866171, "x2": 6.1278154201134685, "x3": 5.84229238832225, "x4": 7.006317172311877, "x5": -5.51723498367823}, "datetime": {"datetime": "2020-10-20 10:56:44", "elapsed": 10.986492, "delta": 0.369582}}
{"target": -99.9462492062953, "params": {"x1": 94.07207028080867, "x2": 5.747054390498302, "x3": 5.441425165724104, "x4": -5.263487095551125, "x5": 5.644215395998049}, "datetime": {"datetime": "2020-10-20 10:56:45", "elapsed": 11.392743, "delta": 0.406251}}
{"target": -99.96397727986765, "params": {"x1": 88.43102651204552, "x2": -5.712218972738355, "x3": 5.446451713969849, "x4": 6.2598747578187774, "x5": 5.602746372970654}, "datetime": {"datetime": "2020-10-20 10:56:45", "elapsed": 11.78268, "delta": 0.389937}}
{"target": -99.97454111997665, "params": {"x1": 92.45729165687001, "x2": -5.25480308237558, "x3": 5.393672957389529, "x4": 6.712264099935807, "x5": -6.16440307031787}, "datetime": {"datetime": "2020-10-20 10:56:45", "elapsed": 12.133207, "delta": 0.350527}}
{"target": -99.96232335808344, "params": {"x1": 82.6856818671836, "x2": -6.143245484810969, "x3": -6.2415295944481946, "x4": 1.660583112962306, "x5": -6.631872057172134}, "datetime": {"datetime": "2020-10-20 10:56:46", "elapsed": 12.541682, "delta": 0.408475}}
{"target": -99.9531676148329, "params": {"x1": 82.31748720818436, "x2": 5.975762335679689, "x3": -6.675069380643682, "x4": 7.07794548481374, "x5": 3.7240739661235436}, "datetime": {"datetime": "2020-10-20 10:56:46", "elapsed": 12.90039, "delta": 0.358708}}
{"target": -99.96942853179803, "params": {"x1": 93.157238500087, "x2": -4.600095173367323, "x3": -6.153565000147661, "x4": 6.558954378440592, "x5": 5.528604786345919}, "datetime": {"datetime": "2020-10-20 10:56:46", "elapsed": 13.308695, "delta": 0.408305}}
{"target": -99.96868455183557, "params": {"x1": 94.03814108015004, "x2": 6.0762933005945845, "x3": 5.201407486989791, "x4": -1.7712927018199407, "x5": -6.218438463959626}, "datetime": {"datetime": "2020-10-20 10:56:47", "elapsed": 13.735183, "delta": 0.426488}}
{"target": -99.97065536490624, "params": {"x1": 83.32279685732905, "x2": -4.377670413493116, "x3": -6.544379126254317, "x4": -4.640195113078772, "x5": 5.400427806079427}, "datetime": {"datetime": "2020-10-20 10:56:47", "elapsed": 14.109401, "delta": 0.374218}}
{"target": -99.97047640799596, "params": {"x1": 83.25745173013465, "x2": 3.0955501908679315, "x3": -6.337034011117345, "x4": 6.600423401467986, "x5": -6.716066740288359}, "datetime": {"datetime": "2020-10-20 10:56:48", "elapsed": 14.439827, "delta": 0.330426}}
{"target": -99.96043808163363, "params": {"x1": 85.4741595064987, "x2": 6.157974709587937, "x3": 5.058150861986065, "x4": 7.013856994680494, "x5": -6.577836663530378}, "datetime": {"datetime": "2020-10-20 10:56:48", "elapsed": 14.82175, "delta": 0.381923}}
{"target": -99.96818623572419, "params": {"x1": 92.92853055490659, "x2": 5.92926676440655, "x3": -6.551918948622935, "x4": 6.002264160224358, "x5": -6.433323401465215}, "datetime": {"datetime": "2020-10-20 10:56:48", "elapsed": 15.236399, "delta": 0.414649}}
{"target": -99.95693372459321, "params": {"x1": 82.92821282003976, "x2": -4.929334083463606, "x3": -6.683865840073735, "x4": -5.173009227127719, "x5": -6.771358770991552}, "datetime": {"datetime": "2020-10-20 10:56:49", "elapsed": 15.610485, "delta": 0.374086}}
{"target": -99.93350264644567, "params": {"x1": 81.7168146928204, "x2": 6.415585307182357, "x3": 5.859885307182357, "x4": 2.978795390408874, "x5": -6.918385307179586}, "datetime": {"datetime": "2020-10-20 10:56:49", "elapsed": 16.042558, "delta": 0.432073}}
{"target": -99.95594127458503, "params": {"x1": 82.38283233537877, "x2": -6.081670268800596, "x3": -6.675069380643682, "x4": 6.631839328003891, "x5": 2.9738616404461355}, "datetime": {"datetime": "2020-10-20 10:56:50", "elapsed": 16.470831, "delta": 0.428273}}
{"target": -99.96478376720897, "params": {"x1": 94.12861894857306, "x2": -6.066590624063362, "x3": 3.28000942005385, "x4": 5.040936808225669, "x5": 5.152870304976497}, "datetime": {"datetime": "2020-10-20 10:56:50", "elapsed": 16.868428, "delta": 0.397597}}
{"target": -99.95384944258008, "params": {"x1": 82.40293852836166, "x2": 6.297461423407355, "x3": 5.717885319240067, "x4": 6.340299529750694, "x5": 5.2885871076116056}, "datetime": {"datetime": "2020-10-20 10:56:50", "elapsed": 17.302553, "delta": 0.434125}}
{"target": -99.95607763006682, "params": {"x1": 83.52762869834228, "x2": 6.234629570335545, "x3": 3.0236554595208665, "x4": -5.449469380643682, "x5": -6.859323365292085}, "datetime": {"datetime": "2020-10-20 10:56:51", "elapsed": 17.687506, "delta": 0.384953}}
{"target": -99.96321504063354, "params": {"x1": 81.74948725641761, "x2": -4.318608471605615, "x3": 5.298168540720378, "x4": 6.963591512223046, "x5": 3.5154722139251353}, "datetime": {"datetime": "2020-10-20 10:56:51", "elapsed": 18.164607, "delta": 0.477101}}
{"target": -99.95114263492843, "params": {"x1": 81.79723946475198, "x2": 6.07126675234884, "x3": -6.516733110902721, "x4": -5.124000381731707, "x5": 4.70927742228952}, "datetime": {"datetime": "2020-10-20 10:56:52", "elapsed": 18.530101, "delta": 0.365494}}
{"target": -99.95274005796033, "params": {"x1": 81.81357574655058, "x2": 6.095142856516127, "x3": 3.2322572117192747, "x4": 6.903272933274109, "x5": -6.6469517019093685}, "datetime": {"datetime": "2020-10-20 10:56:52", "elapsed": 18.975676, "delta": 0.445575}}
{"target": -99.9572069225044, "params": {"x1": 82.27853145928, "x2": 2.5250369649758992, "x3": 5.435141980416923, "x4": -5.381610979326127, "x5": -6.805287971650329}, "datetime": {"datetime": "2020-10-20 10:56:53", "elapsed": 19.422271, "delta": 0.446595}}
{"target": -99.96088013573589, "params": {"x1": 81.91033680028076, "x2": -5.967316296209902, "x3": 4.590681875131801, "x4": 6.587857030853624, "x5": 4.995790672296972}, "datetime": {"datetime": "2020-10-20 10:56:53", "elapsed": 19.833618, "delta": 0.411347}}
{"target": -99.94970941222441, "params": {"x1": 94.28318530712906, "x2": 6.415585307182357, "x3": 5.859885307182357, "x4": 2.3944591568410436, "x5": 3.707737684324873}, "datetime": {"datetime": "2020-10-20 10:56:53", "elapsed": 20.271274, "delta": 0.437656}}
{"target": -99.97188417699134, "params": {"x1": 93.28667211741438, "x2": -5.957263199718413, "x3": -6.553175585684371, "x4": 0.44792834867637854, "x5": 2.3606227544652727}, "datetime": {"datetime": "2020-10-20 10:56:54", "elapsed": 20.720497, "delta": 0.449223}}
{"target": -99.9612767936284, "params": {"x1": 94.24171628410184, "x2": 0.8562229473886331, "x3": 5.677672933274109, "x4": 6.381768552778088, "x5": 5.00961367997277}, "datetime": {"datetime": "2020-10-20 10:56:54", "elapsed": 21.198747, "delta": 0.47825}}
{"target": -99.95844807057387, "params": {"x1": 91.95463683229767, "x2": -6.143245484810969, "x3": -6.585848149281712, "x4": -5.2421242655067095, "x5": -0.7570937949579255}, "datetime": {"datetime": "2020-10-20 10:56:55", "elapsed": 21.632905, "delta": 0.434158}}
{"target": -99.91685662518375, "params": {"x1": 94.28318530712906, "x2": 6.415585307182357, "x3": 5.859885307182357, "x4": 7.085485307182357, "x5": 5.647985307182357}, "datetime": {"datetime": "2020-10-20 10:56:55", "elapsed": 22.051828, "delta": 0.418923}}
{"target": -99.96424075056665, "params": {"x1": 82.30869074875434, "x2": -6.023864963974531, "x3": -6.417458783049262, "x4": 6.371715456286599, "x5": -5.177942977090457}, "datetime": {"datetime": "2020-10-20 10:56:56", "elapsed": 22.462257, "delta": 0.410429}}
{"target": -99.96639469660519, "params": {"x1": 92.92601728078373, "x2": 6.0436207369972434, "x3": -6.455157894892348, "x4": 1.6542999276551251, "x5": 5.449436651475438}, "datetime": {"datetime": "2020-10-20 10:56:56", "elapsed": 22.819914, "delta": 0.357657}}
{"target": -99.96148340324287, "params": {"x1": 94.28192867006763, "x2": 6.327620712881823, "x3": 0.3784344451976773, "x4": -4.391380974914406, "x5": -6.208385367468137}, "datetime": {"datetime": "2020-10-20 10:56:56", "elapsed": 23.237622, "delta": 0.417708}}
{"target": -99.96562898791397, "params": {"x1": 92.95994648144236, "x2": 6.3866826547693245, "x3": 4.8470358356647845, "x4": -0.04593001646804584, "x5": 5.543684431083153}, "datetime": {"datetime": "2020-10-20 10:56:57", "elapsed": 23.612, "delta": 0.374378}}
{"target": -99.95848330925412, "params": {"x1": 81.7896996423834, "x2": -3.4615819957061307, "x3": -6.104556154751649, "x4": 6.889449925598311, "x5": 5.237064988092722}, "datetime": {"datetime": "2020-10-20 10:56:57", "elapsed": 23.964527, "delta": 0.352527}}
{"target": -99.9488036758416, "params": {"x1": 81.91661998558791, "x2": 6.228346385028364, "x3": 5.836009203015069, "x4": 6.763786219454691, "x5": -5.390314640473174}, "datetime": {"datetime": "2020-10-20 10:56:57", "elapsed": 24.340743, "delta": 0.376216}}
{"target": -99.95981784108287, "params": {"x1": 94.23543309879469, "x2": -5.146732295092067, "x3": 5.785743720557622, "x4": 6.48355615475442, "x5": 4.113631455168764}, "datetime": {"datetime": "2020-10-20 10:56:58", "elapsed": 24.687656, "delta": 0.346913}}
{"target": -99.9474126865558, "params": {"x1": 84.36077907007095, "x2": 6.411815395998048, "x3": -6.604697705203255, "x4": 6.940972045117195, "x5": -6.522544632827185}, "datetime": {"datetime": "2020-10-20 10:56:58", "elapsed": 25.066763, "delta": 0.379107}}
{"target": -99.95076086343636, "params": {"x1": 82.29235446695574, "x2": -6.059050801694744, "x3": -5.766520785225313, "x4": -5.259717184366816, "x5": 5.52483487516161}, "datetime": {"datetime": "2020-10-20 10:56:59", "elapsed": 25.429093, "delta": 0.36233}}
{"target": -99.96572176662212, "params": {"x1": 82.15035447901406, "x2": -4.4694049189779586, "x3": 5.055637587863193, "x4": 6.809025153666394, "x5": -6.639411879540751}, "datetime": {"datetime": "2020-10-20 10:56:59", "elapsed": 25.838437, "delta": 0.409344}}
{"target": -99.95004500698053, "params": {"x1": 84.24768173454217, "x2": -6.077900357616287, "x3": -6.7064853071795865, "x4": 6.530051726027559, "x5": -6.708526917919742}, "datetime": {"datetime": "2020-10-20 10:56:59", "elapsed": 26.258788, "delta": 0.420351}}
{"target": -99.96339329421254, "params": {"x1": 93.54679598913057, "x2": -6.015068504544478, "x3": 5.084540240276225, "x4": 1.9232202588024707, "x5": 5.541171156960281}, "datetime": {"datetime": "2020-10-20 10:57:00", "elapsed": 26.634703, "delta": 0.375915}}
{"target": -99.91691480441074, "params": {"x1": 81.7168146928204, "x2": -6.150785307179587, "x3": -6.7064853071795865, "x4": -5.480885307179586, "x5": -6.918385307179586}, "datetime": {"datetime": "2020-10-20 10:57:00", "elapsed": 27.023202, "delta": 0.388499}}
{"target": -99.938256314626, "params": {"x1": 81.77587663470766, "x2": -6.094236639414958, "x3": -6.637370268800596, "x4": -3.467752734758803, "x5": 5.631649025383687}, "datetime": {"datetime": "2020-10-20 10:57:01", "elapsed": 27.465529, "delta": 0.442327}}
{"target": -99.96295498198027, "params": {"x1": 82.67185885950786, "x2": 6.361549913540601, "x3": 5.59473488721932, "x4": -1.811505087785899, "x5": -6.4597127797553755}, "datetime": {"datetime": "2020-10-20 10:57:01", "elapsed": 27.885509, "delta": 0.41998}}
{"target": -99.96127971312647, "params": {"x1": 94.04568090251863, "x2": -3.3886970461428314, "x3": -6.37850303414474, "x4": -5.2810800144112315, "x5": -6.2724738576013825}, "datetime": {"datetime": "2020-10-20 10:57:01", "elapsed": 28.283149, "delta": 0.39764}}
{"target": -99.96947071389282, "params": {"x1": 88.89346895065208, "x2": 5.938063223836603, "x3": -6.363423389407505, "x4": 2.2072202346870506, "x5": -6.788951689851658}, "datetime": {"datetime": "2020-10-20 10:57:02", "elapsed": 28.715449, "delta": 0.4323}}
{"target": -99.97430147151847, "params": {"x1": 93.96525613058705, "x2": 3.0955501908679315, "x3": -6.133458807164682, "x4": -5.134053478223197, "x5": -1.16173092874038}, "datetime": {"datetime": "2020-10-20 10:57:02", "elapsed": 29.212662, "delta": 0.497213}}
{"target": -99.93433609288338, "params": {"x1": 93.83582251325967, "x2": 6.391709203015069, "x3": 5.824699469462144, "x4": 7.030193276479165, "x5": -6.650721613093677}, "datetime": {"datetime": "2020-10-20 10:57:03", "elapsed": 29.664453, "delta": 0.451791}}
{"target": -99.95414992859108, "params": {"x1": 94.21658354287322, "x2": -5.9170508137524545, "x3": 0.9087352851237513, "x4": -5.431876461783575, "x5": -6.107854402553241}, "datetime": {"datetime": "2020-10-20 10:57:03", "elapsed": 30.09484, "delta": 0.430387}}
{"target": -99.96181233425858, "params": {"x1": 81.79346955356769, "x2": -5.766254366380111, "x3": -5.692379198600578, "x4": 6.2598747578187774, "x5": 5.183029594450965}, "datetime": {"datetime": "2020-10-20 10:57:04", "elapsed": 30.467399, "delta": 0.372559}}
{"target": -99.95170031811756, "params": {"x1": 94.06201718431723, "x2": 6.286151689854429, "x3": 0.4462928465152318, "x4": -4.954354378437821, "x5": 5.634162299506559}, "datetime": {"datetime": "2020-10-20 10:57:04", "elapsed": 30.9175, "delta": 0.450101}}
{"target": -99.96662114316868, "params": {"x1": 94.20778708344321, "x2": 3.3431076919708618, "x3": 5.149885367470907, "x4": -5.283593288534104, "x5": -5.590119933241529}, "datetime": {"datetime": "2020-10-20 10:57:04", "elapsed": 31.357261, "delta": 0.439761}}
{"target": -99.97029194420595, "params": {"x1": 94.07961010317726, "x2": -6.052767616387563, "x3": -5.0514942972681185, "x4": -4.431593360880364, "x5": 3.0831890647910845}, "datetime": {"datetime": "2020-10-20 10:57:05", "elapsed": 31.741637, "delta": 0.384376}}
{"target": -99.97465184159674, "params": {"x1": 87.17690272473752, "x2": 4.721638548366367, "x3": -6.52050302208703, "x4": 6.022370353207337, "x5": 5.318746397086074}, "datetime": {"datetime": "2020-10-20 10:57:05", "elapsed": 32.16482, "delta": 0.423183}}
