{"target": 0.0, "params": {"x1": 0.0, "x2": 0.0}, "datetime": {"datetime": "2020-10-16 17:05:00", "elapsed": 0.0, "delta": 0.0}}
{"target": 0.0, "params": {"x1": 0.0, "x2": 0.0}, "datetime": {"datetime": "2020-10-16 17:05:00", "elapsed": 0.018693, "delta": 0.018693}}
{"target": 0.0, "params": {"x1": 0.0, "x2": 0.0}, "datetime": {"datetime": "2020-10-16 17:05:00", "elapsed": 0.050527, "delta": 0.031834}}
{"target": 0.0, "params": {"x1": 0.0, "x2": 0.0}, "datetime": {"datetime": "2020-10-16 17:05:00", "elapsed": 0.104473, "delta": 0.053946}}
{"target": 0.0, "params": {"x1": 0.0, "x2": 0.0}, "datetime": {"datetime": "2020-10-16 17:05:00", "elapsed": 0.145385, "delta": 0.040912}}
{"target": 0.0, "params": {"x1": 0.0, "x2": 0.0}, "datetime": {"datetime": "2020-10-16 17:05:00", "elapsed": 0.197624, "delta": 0.052239}}
{"target": 0.0, "params": {"x1": 0.0, "x2": 0.0}, "datetime": {"datetime": "2020-10-16 17:05:00", "elapsed": 0.23518, "delta": 0.037556}}
{"target": 0.0, "params": {"x1": 0.0, "x2": 0.0}, "datetime": {"datetime": "2020-10-16 17:05:00", "elapsed": 0.28576, "delta": 0.05058}}
{"target": 0.0, "params": {"x1": 0.0, "x2": 0.0}, "datetime": {"datetime": "2020-10-16 17:05:00", "elapsed": 0.3228, "delta": 0.03704}}
{"target": 0.0, "params": {"x1": 0.0, "x2": 0.0}, "datetime": {"datetime": "2020-10-16 17:05:00", "elapsed": 0.386993, "delta": 0.064193}}
{"target": 0.10703686937276802, "params": {"x1": 8.0, "x2": -8.0}, "datetime": {"datetime": "2020-10-16 17:05:00", "elapsed": 0.459318, "delta": 0.072325}}
{"target": 0.10703686937276802, "params": {"x1": -8.0, "x2": -8.0}, "datetime": {"datetime": "2020-10-16 17:05:00", "elapsed": 0.721449, "delta": 0.262131}}
{"target": 0.8060234387897163, "params": {"x1": 0.0, "x2": -8.0}, "datetime": {"datetime": "2020-10-16 17:05:01", "elapsed": 1.107446, "delta": 0.385997}}
{"target": 0.10703686937276802, "params": {"x1": 8.0, "x2": 8.0}, "datetime": {"datetime": "2020-10-16 17:05:01", "elapsed": 1.21118, "delta": 0.103734}}
{"target": 0.8060234387897163, "params": {"x1": 8.0, "x2": 0.0}, "datetime": {"datetime": "2020-10-16 17:05:01", "elapsed": 1.250276, "delta": 0.039096}}
{"target": 0.5773450142708694, "params": {"x1": -8.0, "x2": 4.0}, "datetime": {"datetime": "2020-10-16 17:05:01", "elapsed": 1.288253, "delta": 0.037977}}
{"target": 0.8060234387897163, "params": {"x1": 8.0, "x2": 0.0}, "datetime": {"datetime": "2020-10-16 17:05:01", "elapsed": 1.325558, "delta": 0.037305}}
{"target": 0.8060234387897163, "params": {"x1": 0.0, "x2": -8.0}, "datetime": {"datetime": "2020-10-16 17:05:01", "elapsed": 1.364985, "delta": 0.039427}}
{"target": 0.8060234387897163, "params": {"x1": 8.0, "x2": 0.0}, "datetime": {"datetime": "2020-10-16 17:05:01", "elapsed": 1.411315, "delta": 0.04633}}
{"target": 0.5773450142708694, "params": {"x1": -4.0, "x2": 8.0}, "datetime": {"datetime": "2020-10-16 17:05:01", "elapsed": 1.449784, "delta": 0.038469}}
{"target": 0.8835237254586563, "params": {"x1": -2.0, "x2": -10.0}, "datetime": {"datetime": "2020-10-16 17:05:01", "elapsed": 1.683103, "delta": 0.233319}}
{"target": 0.1527777777777778, "params": {"x1": -10.0, "x2": 10.0}, "datetime": {"datetime": "2020-10-16 17:05:02", "elapsed": 1.903369, "delta": 0.220266}}
{"target": 0.8835237254586563, "params": {"x1": 10.0, "x2": 2.0}, "datetime": {"datetime": "2020-10-16 17:05:02", "elapsed": 2.10003, "delta": 0.196661}}
{"target": 0.8835237254586563, "params": {"x1": 2.0, "x2": -10.0}, "datetime": {"datetime": "2020-10-16 17:05:02", "elapsed": 2.366377, "delta": 0.266347}}
{"target": 0.8835237254586563, "params": {"x1": 10.0, "x2": -2.0}, "datetime": {"datetime": "2020-10-16 17:05:02", "elapsed": 2.61034, "delta": 0.243963}}
{"target": 0.2986827789227249, "params": {"x1": 0.0, "x2": 10.0}, "datetime": {"datetime": "2020-10-16 17:05:03", "elapsed": 2.886702, "delta": 0.276362}}
{"target": 0.2986827789227249, "params": {"x1": -10.0, "x2": 0.0}, "datetime": {"datetime": "2020-10-16 17:05:03", "elapsed": 3.115164, "delta": 0.228462}}
{"target": 0.2986827789227249, "params": {"x1": 0.0, "x2": -10.0}, "datetime": {"datetime": "2020-10-16 17:05:03", "elapsed": 3.474572, "delta": 0.359408}}
{"target": 0.8013172725734532, "params": {"x1": 4.0, "x2": -6.0}, "datetime": {"datetime": "2020-10-16 17:05:03", "elapsed": 3.733904, "delta": 0.259332}}
{"target": 0.8013172725734532, "params": {"x1": -4.0, "x2": -6.0}, "datetime": {"datetime": "2020-10-16 17:05:04", "elapsed": 3.996601, "delta": 0.262697}}
{"target": 0.04356449283268998, "params": {"x1": 3.6000000000014722, "x2": 4.400000000001484}, "datetime": {"datetime": "2020-10-16 17:05:04", "elapsed": 4.28991, "delta": 0.293309}}
{"target": 0.9446641679826278, "params": {"x1": -5.199999999998653, "x2": -0.3999999999985846}, "datetime": {"datetime": "2020-10-16 17:05:04", "elapsed": 4.576101, "delta": 0.286191}}
{"target": 0.024945964541687793, "params": {"x1": -3.59999999999863, "x2": 3.6000000000014722}, "datetime": {"datetime": "2020-10-16 17:05:05", "elapsed": 4.837223, "delta": 0.261122}}
{"target": 0.8963773970728823, "params": {"x1": -4.799999999998647, "x2": -9.999999999998721}, "datetime": {"datetime": "2020-10-16 17:05:05", "elapsed": 5.079123, "delta": 0.2419}}
{"target": 0.8963773970724728, "params": {"x1": 4.800000000001489, "x2": -9.999999999998721}, "datetime": {"datetime": "2020-10-16 17:05:05", "elapsed": 5.35804, "delta": 0.278917}}
{"target": 0.13235796806100608, "params": {"x1": -0.3999999999985846, "x2": -4.399999999998641}, "datetime": {"datetime": "2020-10-16 17:05:05", "elapsed": 5.634918, "delta": 0.276878}}
{"target": 0.4768701392762851, "params": {"x1": -7.199999999998681, "x2": -3.1999999999986244}, "datetime": {"datetime": "2020-10-16 17:05:06", "elapsed": 5.864358, "delta": 0.22944}}
{"target": 0.27280007522799166, "params": {"x1": -5.5999999999986585, "x2": 10.000000000001563}, "datetime": {"datetime": "2020-10-16 17:05:06", "elapsed": 6.14846, "delta": 0.284102}}
{"target": 0.4194631907736546, "params": {"x1": 6.400000000001512, "x2": -3.1999999999986244}, "datetime": {"datetime": "2020-10-16 17:05:06", "elapsed": 6.508797, "delta": 0.360337}}
{"target": 0.36888740684700083, "params": {"x1": 3.2000000000014666, "x2": -8.399999999998698}, "datetime": {"datetime": "2020-10-16 17:05:07", "elapsed": 6.835095, "delta": 0.326298}}
{"target": 0.5301640888395802, "params": {"x1": 4.000000000001478, "x2": 10.000000000001563}, "datetime": {"datetime": "2020-10-16 17:05:07", "elapsed": 7.09473, "delta": 0.259635}}
{"target": 0.81886498266157, "params": {"x1": -9.999999999998721, "x2": 6.200000000001509}, "datetime": {"datetime": "2020-10-16 17:05:07", "elapsed": 7.388032, "delta": 0.293302}}
{"target": 0.15277777777778107, "params": {"x1": 10.000000000001563, "x2": -9.999999999998721}, "datetime": {"datetime": "2020-10-16 17:05:07", "elapsed": 7.630237, "delta": 0.242205}}
{"target": 0.18978087975845603, "params": {"x1": -2.7999999999986187, "x2": -7.999999999998693}, "datetime": {"datetime": "2020-10-16 17:05:08", "elapsed": 7.892825, "delta": 0.262588}}
{"target": 0.43492577360472323, "params": {"x1": -3.9999999999986358, "x2": -2.9999999999986215}, "datetime": {"datetime": "2020-10-16 17:05:08", "elapsed": 8.172702, "delta": 0.279877}}
{"target": 0.8021526444175548, "params": {"x1": 9.80000000000156, "x2": 5.000000000001492}, "datetime": {"datetime": "2020-10-16 17:05:08", "elapsed": 8.413065, "delta": 0.240363}}
{"target": 0.4768701392964172, "params": {"x1": 7.200000000001523, "x2": 3.2000000000014666}, "datetime": {"datetime": "2020-10-16 17:05:08", "elapsed": 8.675994, "delta": 0.262929}}
{"target": 0.15277777777781404, "params": {"x1": 10.000000000001563, "x2": 10.000000000001563}, "datetime": {"datetime": "2020-10-16 17:05:09", "elapsed": 8.885304, "delta": 0.20931}}
{"target": 0.020431728527377124, "params": {"x1": 4.000000000001478, "x2": -0.5999999999985874}, "datetime": {"datetime": "2020-10-16 17:05:09", "elapsed": 9.193722, "delta": 0.308418}}
{"target": 0.8963773970736552, "params": {"x1": 10.000000000001563, "x2": -4.799999999998647}, "datetime": {"datetime": "2020-10-16 17:05:09", "elapsed": 9.433782, "delta": 0.24006}}
{"target": 0.8472222222222222, "params": {"x1": -10.0, "x2": -10.0}, "datetime": {"datetime": "2020-10-16 17:05:09", "elapsed": 9.667247, "delta": 0.233465}}
{"target": 0.7679080322718728, "params": {"x1": -7.2552206440272755, "x2": 6.840188875619223}, "datetime": {"datetime": "2020-10-16 17:05:10", "elapsed": 9.915923, "delta": 0.248676}}
{"target": 0.9473462673291787, "params": {"x1": -0.022925077687518513, "x2": 6.380946359426398}, "datetime": {"datetime": "2020-10-16 17:05:10", "elapsed": 10.157656, "delta": 0.241733}}
{"target": 0.5866464713658652, "params": {"x1": -9.960396463982551, "x2": -4.471430296224113}, "datetime": {"datetime": "2020-10-16 17:05:10", "elapsed": 10.443535, "delta": 0.285879}}
{"target": 0.09707861603731655, "params": {"x1": 2.269536744508291, "x2": 7.563165517514461}, "datetime": {"datetime": "2020-10-16 17:05:10", "elapsed": 10.762868, "delta": 0.319333}}
{"target": 0.9057515240718913, "params": {"x1": 0.06341951700737702, "x2": 3.9271149862009374}, "datetime": {"datetime": "2020-10-16 17:05:11", "elapsed": 11.030707, "delta": 0.267839}}
{"target": 0.3216221928326267, "params": {"x1": -6.996923902096832, "x2": 0.9195732495553273}, "datetime": {"datetime": "2020-10-16 17:05:11", "elapsed": 11.326324, "delta": 0.295617}}
{"target": 0.7472000763778265, "params": {"x1": 2.913596525298983, "x2": -4.1715758118136925}, "datetime": {"datetime": "2020-10-16 17:05:11", "elapsed": 11.58086, "delta": 0.254536}}
{"target": 0.9636057403058413, "params": {"x1": -1.7828860481010658, "x2": 5.879412750845505}, "datetime": {"datetime": "2020-10-16 17:05:12", "elapsed": 11.866825, "delta": 0.285965}}
{"target": 0.14498593010300476, "params": {"x1": -9.989662026660955, "x2": 3.6265036791331653}, "datetime": {"datetime": "2020-10-16 17:05:12", "elapsed": 12.175142, "delta": 0.308317}}
