{"target": 0.22443781112920108, "params": {"x1": -1.5999999999986017, "x2": 4.400000000001484}, "datetime": {"datetime": "2020-10-16 17:04:40", "elapsed": 0.0, "delta": 0.0}}
{"target": 0.8518373837813819, "params": {"x1": 8.600000000001543, "x2": -5.999999999998664}, "datetime": {"datetime": "2020-10-16 17:04:40", "elapsed": 0.023842, "delta": 0.023842}}
{"target": 0.14612305683797544, "params": {"x1": 6.600000000001515, "x2": 3.2000000000014666}, "datetime": {"datetime": "2020-10-16 17:04:40", "elapsed": 0.047687, "delta": 0.023845}}
{"target": 0.8012119189575255, "params": {"x1": 7.000000000001521, "x2": -6.7999999999986755}, "datetime": {"datetime": "2020-10-16 17:04:40", "elapsed": 0.116759, "delta": 0.069072}}
{"target": 0.8472222222222519, "params": {"x1": -9.999999999998721, "x2": -9.999999999998721}, "datetime": {"datetime": "2020-10-16 17:04:40", "elapsed": 0.213957, "delta": 0.097198}}
{"target": 0.847222222222219, "params": {"x1": -9.999999999998721, "x2": 10.000000000001563}, "datetime": {"datetime": "2020-10-16 17:04:40", "elapsed": 0.333732, "delta": 0.119775}}
{"target": 0.847222222222219, "params": {"x1": 10.000000000001563, "x2": -9.999999999998721}, "datetime": {"datetime": "2020-10-16 17:04:40", "elapsed": 0.45857, "delta": 0.124838}}
{"target": 0.41345815621716864, "params": {"x1": -9.999999999998721, "x2": -0.5999999999985874}, "datetime": {"datetime": "2020-10-16 17:04:40", "elapsed": 0.593864, "delta": 0.135294}}
{"target": 0.8974097065888325, "params": {"x1": -2.9999999999986215, "x2": -9.999999999998721}, "datetime": {"datetime": "2020-10-16 17:04:40", "elapsed": 0.730906, "delta": 0.137042}}
{"target": 0.6025499478641544, "params": {"x1": -6.39999999999867, "x2": -9.999999999998721}, "datetime": {"datetime": "2020-10-16 17:04:41", "elapsed": 0.897711, "delta": 0.166805}}
{"target": 0.8472222222221859, "params": {"x1": 10.000000000001563, "x2": 10.000000000001563}, "datetime": {"datetime": "2020-10-16 17:04:41", "elapsed": 1.009205, "delta": 0.111494}}
{"target": 0.088835269495385, "params": {"x1": 1.0000000000014353, "x2": 10.000000000001563}, "datetime": {"datetime": "2020-10-16 17:04:41", "elapsed": 1.13307, "delta": 0.123865}}
{"target": 0.11647627453219223, "params": {"x1": 2.0000000000014495, "x2": -9.999999999998721}, "datetime": {"datetime": "2020-10-16 17:04:41", "elapsed": 1.259011, "delta": 0.125941}}
{"target": 0.2861435220826579, "params": {"x1": -1.9999999999986073, "x2": -3.799999999998633}, "datetime": {"datetime": "2020-10-16 17:04:41", "elapsed": 1.386059, "delta": 0.127048}}
{"target": 0.12633733803764735, "params": {"x1": -9.999999999998721, "x2": 5.400000000001498}, "datetime": {"datetime": "2020-10-16 17:04:41", "elapsed": 1.530295, "delta": 0.144236}}
{"target": 0.7271999247720083, "params": {"x1": -5.5999999999986585, "x2": 10.000000000001563}, "datetime": {"datetime": "2020-10-16 17:04:41", "elapsed": 1.672872, "delta": 0.142577}}
{"target": 0.7784690496721873, "params": {"x1": -9.999999999998721, "x2": -5.799999999998661}, "datetime": {"datetime": "2020-10-16 17:04:42", "elapsed": 1.797585, "delta": 0.124713}}
{"target": 0.4134581562630823, "params": {"x1": 10.000000000001563, "x2": -0.5999999999985874}, "datetime": {"datetime": "2020-10-16 17:04:42", "elapsed": 1.973926, "delta": 0.176341}}
{"target": 0.6025499478792866, "params": {"x1": 10.000000000001563, "x2": 6.400000000001512}, "datetime": {"datetime": "2020-10-16 17:04:42", "elapsed": 2.142739, "delta": 0.168813}}
{"target": 0.9181106725205936, "params": {"x1": 4.800000000001489, "x2": -3.1999999999986244}, "datetime": {"datetime": "2020-10-16 17:04:42", "elapsed": 2.285962, "delta": 0.143223}}
{"target": 0.5384735747347423, "params": {"x1": 7.000000000001521, "x2": 10.000000000001563}, "datetime": {"datetime": "2020-10-16 17:04:42", "elapsed": 2.449533, "delta": 0.163571}}
{"target": 0.008926846795230814, "params": {"x1": 2.400000000001455, "x2": -0.9999999999985931}, "datetime": {"datetime": "2020-10-16 17:04:42", "elapsed": 2.583816, "delta": 0.134283}}
{"target": 0.6920791760788385, "params": {"x1": 7.200000000001523, "x2": -3.3999999999986272}, "datetime": {"datetime": "2020-10-16 17:04:42", "elapsed": 2.76646, "delta": 0.182644}}
{"target": 0.8186467625724915, "params": {"x1": 2.600000000001458, "x2": -5.399999999998656}, "datetime": {"datetime": "2020-10-16 17:04:43", "elapsed": 2.966608, "delta": 0.200148}}
{"target": 0.35051860299169574, "params": {"x1": -3.59999999999863, "x2": -7.399999999998684}, "datetime": {"datetime": "2020-10-16 17:04:43", "elapsed": 3.178316, "delta": 0.211708}}
{"target": 0.2583702620529406, "params": {"x1": -5.5999999999986585, "x2": 1.0000000000014353}, "datetime": {"datetime": "2020-10-16 17:04:43", "elapsed": 3.334542, "delta": 0.156226}}
{"target": 0.14305356710022188, "params": {"x1": 10.000000000001563, "x2": -7.999999999998693}, "datetime": {"datetime": "2020-10-16 17:04:43", "elapsed": 3.506763, "delta": 0.172221}}
{"target": 0.5384735747775801, "params": {"x1": 7.000000000001521, "x2": -9.999999999998721}, "datetime": {"datetime": "2020-10-16 17:04:43", "elapsed": 3.624625, "delta": 0.117862}}
{"target": 0.5166116610227768, "params": {"x1": -5.399999999998656, "x2": 6.400000000001512}, "datetime": {"datetime": "2020-10-16 17:04:43", "elapsed": 3.783794, "delta": 0.159169}}
{"target": 0.06354096183023278, "params": {"x1": -6.999999999998678, "x2": -3.59999999999863}, "datetime": {"datetime": "2020-10-16 17:04:44", "elapsed": 3.931352, "delta": 0.147558}}
{"target": 0.2329780633110351, "params": {"x1": 5.000000000001492, "x2": -5.199999999998653}, "datetime": {"datetime": "2020-10-16 17:04:44", "elapsed": 4.10938, "delta": 0.178028}}
{"target": 0.12773196075216853, "params": {"x1": 1.4210854715202004e-12, "x2": -6.999999999998678}, "datetime": {"datetime": "2020-10-16 17:04:44", "elapsed": 4.265248, "delta": 0.155868}}
{"target": 0.8840747831331823, "params": {"x1": 3.6000000000014722, "x2": 6.400000000001512}, "datetime": {"datetime": "2020-10-16 17:04:44", "elapsed": 4.429541, "delta": 0.164293}}
{"target": 0.10792135516422663, "params": {"x1": 6.400000000001512, "x2": 7.000000000001521}, "datetime": {"datetime": "2020-10-16 17:04:44", "elapsed": 4.553299, "delta": 0.123758}}
{"target": 0.04591645940418132, "params": {"x1": 2.2000000000014523, "x2": 4.000000000001478}, "datetime": {"datetime": "2020-10-16 17:04:44", "elapsed": 4.679259, "delta": 0.12596}}
{"target": 0.34602432203627576, "params": {"x1": -2.599999999998616, "x2": 8.40000000000154}, "datetime": {"datetime": "2020-10-16 17:04:45", "elapsed": 4.844863, "delta": 0.165604}}
{"target": 0.2916522731770531, "params": {"x1": 10.000000000001563, "x2": 2.800000000001461}, "datetime": {"datetime": "2020-10-16 17:04:45", "elapsed": 4.963585, "delta": 0.118722}}
{"target": 0.8352828650003333, "params": {"x1": 6.200000000001509, "x2": -0.5999999999985874}, "datetime": {"datetime": "2020-10-16 17:04:45", "elapsed": 5.101899, "delta": 0.138314}}
{"target": 0.41831945599964504, "params": {"x1": -7.79999999999869, "x2": 8.800000000001546}, "datetime": {"datetime": "2020-10-16 17:04:45", "elapsed": 5.250373, "delta": 0.148474}}
{"target": 0.8244729393592651, "params": {"x1": -8.399999999998698, "x2": -7.79999999999869}, "datetime": {"datetime": "2020-10-16 17:04:45", "elapsed": 5.403903, "delta": 0.15353}}
{"target": 0.9463299606261976, "params": {"x1": 1.400000000001441, "x2": 7.000000000001521}, "datetime": {"datetime": "2020-10-16 17:04:45", "elapsed": 5.563031, "delta": 0.159128}}
{"target": 0.08449085342662604, "params": {"x1": 3.6000000000014722, "x2": 8.800000000001546}, "datetime": {"datetime": "2020-10-16 17:04:45", "elapsed": 5.704, "delta": 0.140969}}
{"target": 0.9767916446578995, "params": {"x1": 1.400000000001441, "x2": -3.799999999998633}, "datetime": {"datetime": "2020-10-16 17:04:46", "elapsed": 5.855693, "delta": 0.151693}}
{"target": 0.4698359111786232, "params": {"x1": 10.000000000001563, "x2": -3.9999999999986358}, "datetime": {"datetime": "2020-10-16 17:04:46", "elapsed": 6.032781, "delta": 0.177088}}
{"target": 0.4962362772900386, "params": {"x1": -8.199999999998695, "x2": 2.600000000001458}, "datetime": {"datetime": "2020-10-16 17:04:46", "elapsed": 6.215226, "delta": 0.182445}}
{"target": 0.14305356711083606, "params": {"x1": -9.999999999998721, "x2": -7.999999999998693}, "datetime": {"datetime": "2020-10-16 17:04:46", "elapsed": 6.369686, "delta": 0.15446}}
{"target": 0.38907135538290166, "params": {"x1": -9.999999999998721, "x2": -3.59999999999863}, "datetime": {"datetime": "2020-10-16 17:04:46", "elapsed": 6.533701, "delta": 0.164015}}
{"target": 0.7539787480631561, "params": {"x1": -6.7999999999986755, "x2": -6.599999999998673}, "datetime": {"datetime": "2020-10-16 17:04:46", "elapsed": 6.700715, "delta": 0.167014}}
{"target": 0.9599229442404732, "params": {"x1": -5.199999999998653, "x2": 3.800000000001475}, "datetime": {"datetime": "2020-10-16 17:04:47", "elapsed": 6.848722, "delta": 0.148007}}
{"target": 0.08883526949197978, "params": {"x1": -0.9999999999985931, "x2": -9.999999999998721}, "datetime": {"datetime": "2020-10-16 17:04:47", "elapsed": 6.998432, "delta": 0.14971}}
{"target": 0.01242640169393261, "params": {"x1": -2.19999999999861, "x2": 0.20000000000142393}, "datetime": {"datetime": "2020-10-16 17:04:47", "elapsed": 7.169136, "delta": 0.170704}}
{"target": 0.4684171395857716, "params": {"x1": 3.0000000000014637, "x2": -3.59999999999863}, "datetime": {"datetime": "2020-10-16 17:04:47", "elapsed": 7.332384, "delta": 0.163248}}
{"target": 0.5916103695678736, "params": {"x1": 0.6000000000014296, "x2": -4.799999999998647}, "datetime": {"datetime": "2020-10-16 17:04:47", "elapsed": 7.508551, "delta": 0.176167}}
{"target": 0.6009116434237757, "params": {"x1": 4.200000000001481, "x2": -8.199999999998695}, "datetime": {"datetime": "2020-10-16 17:04:47", "elapsed": 7.664023, "delta": 0.155472}}
{"target": 0.7819683528448287, "params": {"x1": -6.999999999998678, "x2": 4.6000000000014865}, "datetime": {"datetime": "2020-10-16 17:04:48", "elapsed": 7.844724, "delta": 0.180701}}
{"target": 0.7474985934240583, "params": {"x1": 1.4210854715202004e-12, "x2": -2.399999999998613}, "datetime": {"datetime": "2020-10-16 17:04:48", "elapsed": 7.995919, "delta": 0.151195}}
{"target": 0.38104943634354194, "params": {"x1": 5.600000000001501, "x2": -1.9999999999986073}, "datetime": {"datetime": "2020-10-16 17:04:48", "elapsed": 8.150148, "delta": 0.154229}}
{"target": 0.4961449350025826, "params": {"x1": 7.800000000001532, "x2": 0.6000000000014296}, "datetime": {"datetime": "2020-10-16 17:04:48", "elapsed": 8.307581, "delta": 0.157433}}
{"target": 0.02543076273064615, "params": {"x1": 5.000000000001492, "x2": 1.2000000000014381}, "datetime": {"datetime": "2020-10-16 17:04:48", "elapsed": 8.482297, "delta": 0.174716}}
{"target": 0.12777045825887978, "params": {"x1": 9.200000000001552, "x2": 8.40000000000154}, "datetime": {"datetime": "2020-10-16 17:04:48", "elapsed": 8.646376, "delta": 0.164079}}
