{"target": -99.99856944224096, "params": {"x1": 87.75106601410772, "x2": 0.7933734803264745, "x3": -1.9229568755479653, "x4": 0.20929771789551932, "x5": -1.6949323275486612}, "datetime": {"datetime": "2020-10-20 11:29:18", "elapsed": 0.0, "delta": 0.0}}
{"target": -99.99999994512329, "params": {"x1": 88.99468332395931, "x2": -1.3618551255430689, "x3": 1.0313577605894373, "x4": 1.748996325456264, "x5": 0.6807038910901047}, "datetime": {"datetime": "2020-10-20 11:29:18", "elapsed": 0.171911, "delta": 0.171911}}
{"target": -99.99999996000987, "params": {"x1": 88.89999999999998, "x2": 1.6324000000000005, "x3": -1.9233, "x4": -0.6977, "x5": -2.1352}, "datetime": {"datetime": "2020-10-20 11:29:19", "elapsed": 0.455221, "delta": 0.28331}}
{"target": -99.9999999599916, "params": {"x1": 86.5, "x2": 1.6324000000000005, "x3": 1.0767000000000004, "x4": 1.4023, "x5": 0.8648000000000002}, "datetime": {"datetime": "2020-10-20 11:29:19", "elapsed": 0.985282, "delta": 0.530061}}
{"target": -99.999999968166, "params": {"x1": 86.5, "x2": -1.3676, "x3": -1.9233, "x4": 1.1022999999999998, "x5": -1.8352000000000002}, "datetime": {"datetime": "2020-10-20 11:29:20", "elapsed": 1.413066, "delta": 0.427784}}
{"target": -99.99999996789623, "params": {"x1": 89.19999999999997, "x2": -1.3676, "x3": 0.7767000000000002, "x4": -0.6977, "x5": -2.1352}, "datetime": {"datetime": "2020-10-20 11:29:20", "elapsed": 1.930002, "delta": 0.516936}}
{"target": -99.99999996864067, "params": {"x1": 89.49999999999997, "x2": 1.6324000000000005, "x3": -1.6233, "x4": 2.3023, "x5": 0.26480000000000015}, "datetime": {"datetime": "2020-10-20 11:29:21", "elapsed": 2.363768, "delta": 0.433766}}
{"target": -99.99999988609932, "params": {"x1": 86.8, "x2": 1.6324000000000005, "x3": -1.6233, "x4": -0.3977, "x5": 0.5648}, "datetime": {"datetime": "2020-10-20 11:29:21", "elapsed": 2.802703, "delta": 0.438935}}
{"target": -99.9999999598634, "params": {"x1": 87.1, "x2": -1.3676, "x3": 1.0767000000000004, "x4": 2.3023, "x5": -2.1352}, "datetime": {"datetime": "2020-10-20 11:29:21", "elapsed": 3.303551, "delta": 0.500848}}
{"target": -99.99999996789623, "params": {"x1": 86.8, "x2": 1.6324000000000005, "x3": -1.9233, "x4": -0.6977, "x5": -1.8352000000000002}, "datetime": {"datetime": "2020-10-20 11:29:22", "elapsed": 3.870192, "delta": 0.566641}}
{"target": -99.99999996877655, "params": {"x1": 89.49999999999997, "x2": -1.0675999999999999, "x3": 0.47670000000000035, "x4": -0.6977, "x5": 0.8648000000000002}, "datetime": {"datetime": "2020-10-20 11:29:23", "elapsed": 4.51555, "delta": 0.645358}}
{"target": -99.9999999274296, "params": {"x1": 87.1, "x2": 1.6324000000000005, "x3": 0.7767000000000002, "x4": -0.09770000000000001, "x5": 0.8648000000000002}, "datetime": {"datetime": "2020-10-20 11:29:23", "elapsed": 4.994317, "delta": 0.478767}}
{"target": -99.99999997401808, "params": {"x1": 89.50000000000011, "x2": 1.1823999999999986, "x3": -1.7733, "x4": 2.3023000000000007, "x5": -1.8352000000000004}, "datetime": {"datetime": "2020-10-20 11:29:24", "elapsed": 5.715998, "delta": 0.721681}}
{"target": -99.99999985301191, "params": {"x1": 86.5, "x2": -1.2176, "x3": 0.026699999999998836, "x4": 2.1523000000000003, "x5": 0.5647999999999982}, "datetime": {"datetime": "2020-10-20 11:29:25", "elapsed": 6.329275, "delta": 0.613277}}
{"target": -99.9999997468903, "params": {"x1": 89.35000000000011, "x2": -1.2176, "x3": -1.6233000000000002, "x4": -0.5477, "x5": -1.6852000000000005}, "datetime": {"datetime": "2020-10-20 11:29:25", "elapsed": 6.968214, "delta": 0.638939}}
{"target": -99.99992249261233, "params": {"x1": 89.50000000000011, "x2": -0.31760000000000055, "x3": -1.0233000000000005, "x4": 2.1523000000000003, "x5": -1.3852000000000007}, "datetime": {"datetime": "2020-10-20 11:29:26", "elapsed": 7.825107, "delta": 0.856893}}
{"target": -99.9999993234202, "params": {"x1": 86.80000000000001, "x2": -1.2176, "x3": 0.7766999999999984, "x4": 0.5023000000000002, "x5": 0.864799999999998}, "datetime": {"datetime": "2020-10-20 11:29:27", "elapsed": 8.462342, "delta": 0.637235}}
{"target": -99.99999036169399, "params": {"x1": 88.90000000000009, "x2": -0.9176000000000002, "x3": -1.9233, "x4": 1.1023000000000003, "x5": -1.9852000000000003}, "datetime": {"datetime": "2020-10-20 11:29:27", "elapsed": 9.059983, "delta": 0.597641}}
{"target": -99.99997700135923, "params": {"x1": 87.10000000000002, "x2": 1.4823999999999984, "x3": -0.273300000000001, "x4": 1.7023000000000004, "x5": 0.864799999999998}, "datetime": {"datetime": "2020-10-20 11:29:28", "elapsed": 9.698004, "delta": 0.638021}}
{"target": -99.99999922362764, "params": {"x1": 89.50000000000011, "x2": -0.017600000000000726, "x3": 0.47669999999999857, "x4": -0.24769999999999992, "x5": -2.1352}, "datetime": {"datetime": "2020-10-20 11:29:28", "elapsed": 10.175836, "delta": 0.477832}}
{"target": -99.99999927064162, "params": {"x1": 86.5, "x2": 1.0323999999999987, "x3": 0.026699999999998836, "x4": 2.1523000000000003, "x5": -1.9852000000000003}, "datetime": {"datetime": "2020-10-20 11:29:29", "elapsed": 10.801126, "delta": 0.62529}}
{"target": -99.99999996297771, "params": {"x1": 86.80000000000001, "x2": 1.6323999999999983, "x3": -1.7733, "x4": 2.3023000000000007, "x5": -0.785200000000001}, "datetime": {"datetime": "2020-10-20 11:29:30", "elapsed": 11.378714, "delta": 0.577588}}
{"target": -99.99999994960868, "params": {"x1": 89.50000000000011, "x2": -1.3676, "x3": -1.4733000000000003, "x4": 1.177299999999999, "x5": -1.9851999999999999}, "datetime": {"datetime": "2020-10-20 11:29:30", "elapsed": 11.883196, "delta": 0.504482}}
{"target": -99.99999988528005, "params": {"x1": 87.40000000000003, "x2": -1.2926, "x3": 0.4016999999999984, "x4": -0.6977, "x5": 0.7898000000000067}, "datetime": {"datetime": "2020-10-20 11:29:31", "elapsed": 12.557051, "delta": 0.673855}}
{"target": -99.99995113848568, "params": {"x1": 89.2000000000001, "x2": 1.5573999999999981, "x3": -1.4733000000000003, "x4": 1.9272999999999982, "x5": -1.0851999999999977}, "datetime": {"datetime": "2020-10-20 11:29:31", "elapsed": 13.189662, "delta": 0.632611}}
{"target": -99.99801195631632, "params": {"x1": 86.87500000000001, "x2": 1.4823999999999984, "x3": -0.8733000000000006, "x4": 1.7772999999999988, "x5": 0.11480000000000512}, "datetime": {"datetime": "2020-10-20 11:29:32", "elapsed": 13.775541, "delta": 0.585879}}
{"target": -99.99999997532288, "params": {"x1": 89.42500000000011, "x2": 1.1823999999999986, "x3": 0.9266999999999983, "x4": -0.5477000000000001, "x5": 0.8648000000000069}, "datetime": {"datetime": "2020-10-20 11:29:33", "elapsed": 14.506127, "delta": 0.730586}}
{"target": -99.99998302108432, "params": {"x1": 87.17500000000003, "x2": 1.5573999999999981, "x3": 1.001699999999998, "x4": 0.5772999999999993, "x5": -1.7601999999999993}, "datetime": {"datetime": "2020-10-20 11:29:33", "elapsed": 15.12302, "delta": 0.616893}}
{"target": -99.99994572378354, "params": {"x1": 88.45000000000007, "x2": 0.8823999999999987, "x3": -1.3233000000000004, "x4": -0.6227, "x5": 0.7898000000000067}, "datetime": {"datetime": "2020-10-20 11:29:34", "elapsed": 15.75681, "delta": 0.63379}}
{"target": -99.99999996530946, "params": {"x1": 89.35000000000011, "x2": -1.2926, "x3": -1.8483, "x4": 2.1522999999999985, "x5": -1.5351999999999988}, "datetime": {"datetime": "2020-10-20 11:29:35", "elapsed": 16.387991, "delta": 0.631181}}
{"target": -99.99999927550601, "params": {"x1": 87.02500000000002, "x2": 0.807399999999999, "x3": -1.9233, "x4": 2.227299999999998, "x5": 0.489800000000006}, "datetime": {"datetime": "2020-10-20 11:29:35", "elapsed": 17.016564, "delta": 0.628573}}
{"target": -99.99928438688094, "params": {"x1": 86.95000000000002, "x2": 1.1823999999999986, "x3": -1.3983000000000003, "x4": 2.1522999999999985, "x5": -1.160199999999998}, "datetime": {"datetime": "2020-10-20 11:29:36", "elapsed": 17.654288, "delta": 0.637724}}
{"target": -99.94828104136629, "params": {"x1": 86.76249999999996, "x2": -0.992599999999999, "x3": -1.060799999999998, "x4": 0.5397999999999994, "x5": -0.11019999999999541}, "datetime": {"datetime": "2020-10-20 11:29:36", "elapsed": 18.267709, "delta": 0.613421}}
{"target": -99.99999991465177, "params": {"x1": 86.5375, "x2": -1.1425999999999994, "x3": -1.8482999999999998, "x4": -0.09770000000000034, "x5": 0.5648000000000062}, "datetime": {"datetime": "2020-10-20 11:29:37", "elapsed": 18.579439, "delta": 0.31173}}
{"target": -99.99999962361058, "params": {"x1": 86.61249999999998, "x2": -1.2550999999999997, "x3": 0.4017000000000055, "x4": -0.6602, "x5": -1.4601999999999986}, "datetime": {"datetime": "2020-10-20 11:29:37", "elapsed": 18.930984, "delta": 0.351545}}
{"target": -98.23729701400053, "params": {"x1": 87.69999999999982, "x2": -1.1800999999999995, "x3": -0.38579999999999637, "x4": 0.6147999999999991, "x5": -0.7476999999999969}, "datetime": {"datetime": "2020-10-20 11:29:37", "elapsed": 19.259018, "delta": 0.328034}}
{"target": -99.95659409106923, "params": {"x1": 88.26249999999973, "x2": -1.3676, "x3": 0.10170000000000479, "x4": 0.8397999999999992, "x5": -0.9351999999999974}, "datetime": {"datetime": "2020-10-20 11:29:38", "elapsed": 19.562619, "delta": 0.303601}}
{"target": -99.99100740913681, "params": {"x1": 87.8124999999998, "x2": -1.3676, "x3": -0.9482999999999977, "x4": -0.09770000000000034, "x5": -0.8226999999999971}, "datetime": {"datetime": "2020-10-20 11:29:38", "elapsed": 19.92691, "delta": 0.364291}}
{"target": -77.57604531076106, "params": {"x1": 87.32499999999987, "x2": -0.542599999999998, "x3": -0.2732999999999961, "x4": 0.8772999999999991, "x5": -0.9726999999999975}, "datetime": {"datetime": "2020-10-20 11:29:38", "elapsed": 20.257925, "delta": 0.331015}}
{"target": -94.11535103471368, "params": {"x1": 87.88749999999979, "x2": 0.282400000000004, "x3": 0.17670000000000496, "x4": -0.28520000000000023, "x5": -0.6726999999999967}, "datetime": {"datetime": "2020-10-20 11:29:39", "elapsed": 20.315623, "delta": 0.057698}}
{"target": -99.98393012159222, "params": {"x1": 86.98749999999993, "x2": -1.2175999999999996, "x3": -0.01079999999999548, "x4": 0.8022999999999991, "x5": 0.30230000000000556}, "datetime": {"datetime": "2020-10-20 11:29:39", "elapsed": 20.375859, "delta": 0.060236}}
{"target": -99.98395662158927, "params": {"x1": 89.34999999999957, "x2": 0.9199000000000055, "x3": -0.38579999999999637, "x4": 1.7397999999999987, "x5": 0.1523000000000052}, "datetime": {"datetime": "2020-10-20 11:29:39", "elapsed": 20.442496, "delta": 0.066637}}
{"target": -97.83088243146611, "params": {"x1": 88.99374999999962, "x2": -0.2613499999999973, "x3": 0.4767000000000057, "x4": 0.6523000000000032, "x5": -0.9539500000000114}, "datetime": {"datetime": "2020-10-20 11:29:39", "elapsed": 20.517306, "delta": 0.07481}}
{"target": -99.99986141373198, "params": {"x1": 89.44374999999955, "x2": 0.9761500000000054, "x3": -1.6232999999999993, "x4": 0.5398000000000029, "x5": -1.741450000000004}, "datetime": {"datetime": "2020-10-20 11:29:39", "elapsed": 20.588275, "delta": 0.070969}}
{"target": -99.99546775293065, "params": {"x1": 86.63124999999998, "x2": -1.1988499999999995, "x3": 0.17670000000000496, "x4": 0.7273000000000034, "x5": -0.31645000000001744}, "datetime": {"datetime": "2020-10-20 11:29:39", "elapsed": 20.662318, "delta": 0.074043}}
{"target": -99.32442980019323, "params": {"x1": 87.92499999999978, "x2": 0.5261500000000046, "x3": -0.16079999999999584, "x4": -0.09769999999999857, "x5": -1.835200000000003}, "datetime": {"datetime": "2020-10-20 11:29:39", "elapsed": 20.733278, "delta": 0.07096}}
{"target": -74.87283699742585, "params": {"x1": 87.34374999999987, "x2": -0.5238499999999979, "x3": -0.2732999999999961, "x4": 0.8585500000000037, "x5": -0.9727000000000112}, "datetime": {"datetime": "2020-10-20 11:29:40", "elapsed": 21.687681, "delta": 0.954403}}
{"target": -82.58210288501418, "params": {"x1": 87.34374999999987, "x2": -0.5050999999999979, "x3": 0.04545000000000465, "x4": 0.989800000000004, "x5": -0.9352000000000116}, "datetime": {"datetime": "2020-10-20 11:29:40", "elapsed": 21.784364, "delta": 0.096683}}
{"target": -68.43893390682712, "params": {"x1": 87.56874999999984, "x2": -0.48634999999999784, "x3": 0.02670000000000461, "x4": 0.8585500000000037, "x5": -0.991450000000011}, "datetime": {"datetime": "2020-10-20 11:29:40", "elapsed": 21.922922, "delta": 0.138558}}
{"target": -65.86373976341459, "params": {"x1": 87.51249999999985, "x2": -0.48634999999999784, "x3": -0.08579999999999566, "x4": 0.8398000000000037, "x5": -0.991450000000011}, "datetime": {"datetime": "2020-10-20 11:29:41", "elapsed": 22.566675, "delta": 0.643753}}
{"target": -62.16573655202487, "params": {"x1": 87.51249999999985, "x2": -0.4675999999999978, "x3": -0.1045499999999957, "x4": 0.8210500000000036, "x5": -0.9727000000000112}, "datetime": {"datetime": "2020-10-20 11:29:41", "elapsed": 23.159296, "delta": 0.592621}}
{"target": -55.33801911980585, "params": {"x1": 87.51249999999985, "x2": -0.4300999999999977, "x3": -0.12329999999999575, "x4": 0.8023000000000036, "x5": -0.9352000000000116}, "datetime": {"datetime": "2020-10-20 11:29:42", "elapsed": 23.602012, "delta": 0.442716}}
{"target": -50.24523237274487, "params": {"x1": 87.51250000000061, "x2": -0.4019750000000091, "x3": -0.12330000000001706, "x4": 0.8023000000000036, "x5": -0.8977000000000119}, "datetime": {"datetime": "2020-10-20 11:29:42", "elapsed": 24.278794, "delta": 0.676782}}
{"target": -99.83331278914936, "params": {"x1": 88.9656250000015, "x2": -0.7488500000000058, "x3": 0.5141999999999769, "x4": 1.3741750000000048, "x5": -1.2352000000000087}, "datetime": {"datetime": "2020-10-20 11:29:43", "elapsed": 24.346085, "delta": 0.067291}}
{"target": -46.82307197156484, "params": {"x1": 87.51250000000061, "x2": -0.38322500000000925, "x3": -0.11392500000001715, "x4": 0.8116750000000035, "x5": -0.8602000000000123}, "datetime": {"datetime": "2020-10-20 11:29:43", "elapsed": 24.911143, "delta": 0.565058}}
{"target": -45.12385399634373, "params": {"x1": 87.51250000000061, "x2": -0.37385000000000934, "x3": -0.10455000000001724, "x4": 0.8210500000000036, "x5": -0.8320750000000126}, "datetime": {"datetime": "2020-10-20 11:29:44", "elapsed": 25.33071, "delta": 0.419567}}
{"target": -99.98097938063275, "params": {"x1": 87.21250000000043, "x2": 1.069899999999977, "x3": -0.19830000000001635, "x4": 1.6741750000000055, "x5": -1.9289500000000022}, "datetime": {"datetime": "2020-10-20 11:29:44", "elapsed": 25.399505, "delta": 0.068795}}
{"target": -43.60989412455605, "params": {"x1": 87.52187500000062, "x2": -0.37385000000000934, "x3": -0.09517500000001733, "x4": 0.8210500000000036, "x5": -0.8039500000000128}, "datetime": {"datetime": "2020-10-20 11:29:44", "elapsed": 25.833398, "delta": 0.433893}}
{"target": -41.93511098377173, "params": {"x1": 87.54062500000063, "x2": -0.38322500000000925, "x3": -0.09517500000001733, "x4": 0.8023000000000036, "x5": -0.785200000000013}, "datetime": {"datetime": "2020-10-20 11:29:45", "elapsed": 26.361781, "delta": 0.528383}}
{"target": -39.14894658399142, "params": {"x1": 87.55000000000064, "x2": -0.38322500000000925, "x3": -0.11392500000001715, "x4": 0.7835500000000035, "x5": -0.7758250000000131}, "datetime": {"datetime": "2020-10-20 11:29:45", "elapsed": 26.995831, "delta": 0.63405}}
{"target": -35.97097511523039, "params": {"x1": 87.54062500000063, "x2": -0.37385000000000934, "x3": -0.1514250000000168, "x4": 0.7741750000000034, "x5": -0.7664500000000132}, "datetime": {"datetime": "2020-10-20 11:29:46", "elapsed": 27.676004, "delta": 0.680173}}
{"target": -33.38415516791208, "params": {"x1": 87.54062500000063, "x2": -0.36447500000000943, "x3": -0.17017500000001662, "x4": 0.7741750000000034, "x5": -0.7664500000000132}, "datetime": {"datetime": "2020-10-20 11:29:47", "elapsed": 28.318309, "delta": 0.642305}}
{"target": -66.34546345240959, "params": {"x1": 87.66718750000071, "x2": -0.5238500000000079, "x3": -0.0764250000000175, "x4": 0.9288624999999846, "x5": -1.0711374999999599}, "datetime": {"datetime": "2020-10-20 11:29:47", "elapsed": 28.563631, "delta": 0.245322}}
{"target": -25.22568161128582, "params": {"x1": 87.56875000000065, "x2": -0.34103750000000965, "x3": -0.1936125000000164, "x4": 0.7882374999999859, "x5": -0.7805124999999489}, "datetime": {"datetime": "2020-10-20 11:29:47", "elapsed": 28.9777, "delta": 0.414069}}
{"target": -20.77281598612285, "params": {"x1": 87.59218750000066, "x2": -0.33166250000000974, "x3": -0.19830000000001635, "x4": 0.8022999999999858, "x5": -0.7898874999999492}, "datetime": {"datetime": "2020-10-20 11:29:47", "elapsed": 29.273535, "delta": 0.295835}}
{"target": -16.329732998181402, "params": {"x1": 87.62031250000068, "x2": -0.3269750000000098, "x3": -0.2029875000000163, "x4": 0.8257374999999856, "x5": -0.7945749999999494}, "datetime": {"datetime": "2020-10-20 11:29:48", "elapsed": 29.814668, "delta": 0.541133}}
{"target": -14.026231758343599, "params": {"x1": 87.63906250000069, "x2": -0.33166250000000974, "x3": -0.21236250000001622, "x4": 0.8491749999999854, "x5": -0.7898874999999492}, "datetime": {"datetime": "2020-10-20 11:29:49", "elapsed": 30.338252, "delta": 0.523584}}
{"target": -12.547171476611751, "params": {"x1": 87.6484375000007, "x2": -0.3363500000000097, "x3": -0.22173750000001613, "x4": 0.8538624999999853, "x5": -0.7805124999999489}, "datetime": {"datetime": "2020-10-20 11:29:49", "elapsed": 30.825666, "delta": 0.487414}}
{"target": -9.42503788108554, "params": {"x1": 87.6625000000007, "x2": -0.34103750000000965, "x3": -0.235800000000016, "x4": 0.8351124999999855, "x5": -0.7617624999999482}, "datetime": {"datetime": "2020-10-20 11:29:49", "elapsed": 31.197284, "delta": 0.371618}}
{"target": -7.012984465169336, "params": {"x1": 87.67656250000071, "x2": -0.34103750000000965, "x3": -0.24048750000001595, "x4": 0.8210499999999856, "x5": -0.757074999999948}, "datetime": {"datetime": "2020-10-20 11:29:50", "elapsed": 31.671849, "delta": 0.474565}}
{"target": -2.328827954099988, "params": {"x1": 87.71406250000074, "x2": -0.3363500000000097, "x3": -0.24048750000001595, "x4": 0.8022999999999858, "x5": -0.7711374999999485}, "datetime": {"datetime": "2020-10-20 11:29:50", "elapsed": 32.128465, "delta": 0.456616}}
{"target": -0.3856264195971071, "params": {"x1": 87.72812500000074, "x2": -0.33166250000000974, "x3": -0.24048750000001595, "x4": 0.8022999999999858, "x5": -0.7805124999999489}, "datetime": {"datetime": "2020-10-20 11:29:51", "elapsed": 32.577751, "delta": 0.449286}}
{"target": 5.137350344351798, "params": {"x1": 87.74687499999698, "x2": -0.31056874999995987, "x3": -0.2475187499999365, "x4": 0.8187062499999855, "x5": -0.7969187499999495}, "datetime": {"datetime": "2020-10-20 11:29:51", "elapsed": 32.901344, "delta": 0.323593}}
{"target": 9.735480398870832, "params": {"x1": 87.74687499999698, "x2": -0.28947499999995907, "x3": -0.25923749999993695, "x4": 0.8327687499999856, "x5": -0.7992624999999496}, "datetime": {"datetime": "2020-10-20 11:29:52", "elapsed": 33.544052, "delta": 0.642708}}
{"target": 14.709419192504235, "params": {"x1": 87.737499999997, "x2": -0.2660374999999582, "x3": -0.27564374999993757, "x4": 0.8351124999999855, "x5": -0.7922312499999493}, "datetime": {"datetime": "2020-10-20 11:29:52", "elapsed": 33.834282, "delta": 0.29023}}
{"target": 19.078193094485563, "params": {"x1": 87.73046874999702, "x2": -0.24728749999995747, "x3": -0.2897062499999381, "x4": 0.8233937499999857, "x5": -0.782856249999949}, "datetime": {"datetime": "2020-10-20 11:29:52", "elapsed": 34.282908, "delta": 0.448626}}
{"target": 23.76120913051375, "params": {"x1": 87.73281249999701, "x2": -0.23088124999995685, "x3": -0.30142499999993855, "x4": 0.7999562499999857, "x5": -0.7758249999999487}, "datetime": {"datetime": "2020-10-20 11:29:53", "elapsed": 34.873394, "delta": 0.590486}}
{"target": 28.048507995691875, "params": {"x1": 87.74687499999698, "x2": -0.2191624999999564, "x3": -0.3084562499999388, "x4": 0.7765187499999862, "x5": -0.7758249999999487}, "datetime": {"datetime": "2020-10-20 11:29:54", "elapsed": 35.320506, "delta": 0.447112}}
{"target": 32.98462531356443, "params": {"x1": 87.77265624999691, "x2": -0.20744374999995596, "x3": -0.313143749999939, "x4": 0.7624562499999861, "x5": -0.782856249999949}, "datetime": {"datetime": "2020-10-20 11:29:54", "elapsed": 36.181231, "delta": 0.860725}}
{"target": 38.70344611090233, "params": {"x1": 87.80312499999684, "x2": -0.19338124999995543, "x3": -0.31783124999993917, "x4": 0.7671437499999862, "x5": -0.7922312499999493}, "datetime": {"datetime": "2020-10-20 11:29:55", "elapsed": 36.824673, "delta": 0.643442}}
{"target": 44.638607710208554, "params": {"x1": 87.82656249999678, "x2": -0.1769749999999548, "x3": -0.32486249999993944, "x4": 0.7858937499999861, "x5": -0.7945749999999494}, "datetime": {"datetime": "2020-10-20 11:29:56", "elapsed": 37.513448, "delta": 0.688775}}
{"target": 51.794972695628076, "params": {"x1": 87.84062499999675, "x2": -0.155881249999954, "x3": -0.3365812499999399, "x4": 0.8093312499999856, "x5": -0.7805124999999489}, "datetime": {"datetime": "2020-10-20 11:29:56", "elapsed": 38.068811, "delta": 0.555363}}
{"target": 59.34159161411261, "params": {"x1": 87.84648437499673, "x2": -0.13361562499995316, "x3": -0.34947187499994037, "x4": 0.8222218750000576, "x5": -0.7488718750002104}, "datetime": {"datetime": "2020-10-20 11:29:57", "elapsed": 38.611682, "delta": 0.542871}}
{"target": 85.78877047495655, "params": {"x1": 87.91093749999658, "x2": -0.030490624999949256, "x3": -0.39165937499994197, "x4": 0.8210500000000576, "x5": -0.665668750000223}, "datetime": {"datetime": "2020-10-20 11:29:57", "elapsed": 39.045757, "delta": 0.434075}}
{"target": 98.41299660311007, "params": {"x1": 87.98124999999641, "x2": 0.07849375000005487, "x3": -0.44087812499994383, "x4": 0.8198781250000575, "x5": -0.6269968750002288}, "datetime": {"datetime": "2020-10-20 11:29:58", "elapsed": 39.426305, "delta": 0.380548}}
