{"target": 99.98446970291648, "params": {"x1": 87.9962804033929, "x2": 0.13386135096223148, "x3": -0.41904716935460873, "x4": 0.8032355419094751, "x5": -0.6344086339331259}, "datetime": {"datetime": "2020-10-20 14:25:37", "elapsed": 36.438393, "delta": 0.318755}}
{"target": 99.99211802935042, "params": {"x1": 88.00257968069641, "x2": 0.13349453909601056, "x3": -0.42497253813689634, "x4": 0.8007211290590415, "x5": -0.6381708305967606}, "datetime": {"datetime": "2020-10-20 14:25:38", "elapsed": 36.880113, "delta": 0.44172}}
{"target": 99.95634403508629, "params": {"x1": 88.00089674442751, "x2": 0.13857814133992263, "x3": -0.4177753398874872, "x4": 0.8015654156673478, "x5": -0.6414866936712924}, "datetime": {"datetime": "2020-10-20 14:25:38", "elapsed": 37.319549, "delta": 0.439436}}
{"target": 48.23781195042996, "params": {"x1": 88.21521404602457, "x2": 0.35380927107089066, "x3": -0.6308411688463957, "x4": 0.7339648045353198, "x5": -0.7143920640633477}, "datetime": {"datetime": "2020-10-20 14:25:38", "elapsed": 37.553941, "delta": 0.234392}}
{"target": 99.96248712073485, "params": {"x1": 87.99750631306065, "x2": 0.13108836784595188, "x3": -0.42233460120041777, "x4": 0.8011909830751213, "x5": -0.644415175541431}, "datetime": {"datetime": "2020-10-20 14:25:39", "elapsed": 38.09318, "delta": 0.539239}}
{"target": 99.9236927478639, "params": {"x1": 87.9950490516759, "x2": 0.13431985312194358, "x3": -0.41910205127613337, "x4": 0.8044291722102537, "x5": -0.6236002204692995}, "datetime": {"datetime": "2020-10-20 14:25:39", "elapsed": 38.395117, "delta": 0.301937}}
{"target": 99.97667114227443, "params": {"x1": 87.99723125421055, "x2": 0.13456895223817833, "x3": -0.4196659805769368, "x4": 0.8016676108207147, "x5": -0.6409035403461901}, "datetime": {"datetime": "2020-10-20 14:25:40", "elapsed": 38.762947, "delta": 0.36783}}
{"target": 99.83676643468003, "params": {"x1": 87.98719597320519, "x2": 0.12422124191525061, "x3": -0.41834248545957586, "x4": 0.8081386393611923, "x5": -0.6454318089435115}, "datetime": {"datetime": "2020-10-20 14:25:40", "elapsed": 39.035312, "delta": 0.272365}}
{"target": 99.93519854341662, "params": {"x1": 88.0092053166861, "x2": 0.13324952996519263, "x3": -0.4175025890957758, "x4": 0.8076367187847261, "x5": -0.6364361950241676}, "datetime": {"datetime": "2020-10-20 14:25:41", "elapsed": 39.779978, "delta": 0.744666}}
{"target": 99.97021712575626, "params": {"x1": 88.0009781636832, "x2": 0.12462681251225502, "x3": -0.4253170536609313, "x4": 0.7983142741497875, "x5": -0.6360290063025725}, "datetime": {"datetime": "2020-10-20 14:25:41", "elapsed": 40.124483, "delta": 0.344505}}
{"target": 72.18329938335796, "params": {"x1": 88.00660637335854, "x2": 0.016210138506946414, "x3": -0.4289645620814613, "x4": 0.8363196564173367, "x5": -0.879642126526877}, "datetime": {"datetime": "2020-10-20 14:25:41", "elapsed": 40.366703, "delta": 0.24222}}
{"target": 99.93997749580646, "params": {"x1": 88.00502096915127, "x2": 0.13200775425398836, "x3": -0.41573544618282277, "x4": 0.8011198901919182, "x5": -0.6434149374026251}, "datetime": {"datetime": "2020-10-20 14:25:42", "elapsed": 40.738832, "delta": 0.372129}}
{"target": 99.63534702470366, "params": {"x1": 87.9902832974956, "x2": 0.12441078614483043, "x3": -0.43612040963185256, "x4": 0.785593313515153, "x5": -0.6538084078016102}, "datetime": {"datetime": "2020-10-20 14:25:42", "elapsed": 41.008014, "delta": 0.269182}}
{"target": 99.83650828702461, "params": {"x1": 87.98295582058009, "x2": 0.13641046386667705, "x3": -0.4182041785815848, "x4": 0.7961698260499869, "x5": -0.6423436078672965}, "datetime": {"datetime": "2020-10-20 14:25:42", "elapsed": 41.339021, "delta": 0.331007}}
{"target": 95.63336187430664, "params": {"x1": 88.01786362240524, "x2": 0.18978251420559933, "x3": -0.4392460870443766, "x4": 0.8711638493960325, "x5": -0.68287706659545}, "datetime": {"datetime": "2020-10-20 14:25:42", "elapsed": 41.557153, "delta": 0.218132}}
{"target": 55.3738713549538, "params": {"x1": 88.0365862272204, "x2": 0.22116627163296654, "x3": -0.2233652010007916, "x4": 0.5411802665657717, "x5": -0.540834453026142}, "datetime": {"datetime": "2020-10-20 14:25:43", "elapsed": 41.844553, "delta": 0.2874}}
{"target": 99.880455407446, "params": {"x1": 87.99833742707133, "x2": 0.12115386705228606, "x3": -0.4118013886562797, "x4": 0.795128548265937, "x5": -0.6359922672239198}, "datetime": {"datetime": "2020-10-20 14:25:43", "elapsed": 42.095858, "delta": 0.251305}}
