{"target": -8.049316116863107, "params": {"x1": 120.2400000000273, "x2": 90.96000000002618, "x3": -42.23999999997886, "x4": 59.040000000024975, "x5": -23.63999999997816}, "datetime": {"datetime": "2020-10-18 19:55:45", "elapsed": 76.762607, "delta": 2.695073}}
{"target": -2.3296619778342604, "params": {"x1": 36.84000000002413, "x2": 24.960000000023683, "x3": 30.96000000002391, "x4": 73.56000000002552, "x5": -17.519999999977927}, "datetime": {"datetime": "2020-10-18 19:55:46", "elapsed": 78.233838, "delta": 1.471231}}
{"target": -54.08959106118034, "params": {"x1": 126.60000000002753, "x2": -291.2399999999883, "x3": -113.15999999998155, "x4": -296.3999999999885, "x5": -103.55999999998119}, "datetime": {"datetime": "2020-10-18 19:55:47", "elapsed": 78.414046, "delta": 0.180208}}
{"target": -4.502966778533863, "params": {"x1": 97.32000000002643, "x2": 17.040000000023383, "x3": 5.5200000000229466, "x4": -37.67999999997869, "x5": 33.360000000024}, "datetime": {"datetime": "2020-10-18 19:55:47", "elapsed": 79.182147, "delta": 0.768101}}
{"target": -5.15888456058866, "params": {"x1": 27.600000000023783, "x2": -50.999999999979195, "x3": 91.80000000002622, "x4": 60.600000000025034, "x5": -63.959999999979686}, "datetime": {"datetime": "2020-10-18 19:55:49", "elapsed": 80.49378, "delta": 1.311633}}
{"target": -3.6481075962352945, "params": {"x1": 3.0839999971660745, "x2": -32.652000002666, "x3": 7.115999997147128, "x4": 6.767999997148763, "x5": -111.84000000229389}, "datetime": {"datetime": "2020-10-18 19:55:51", "elapsed": 82.736667, "delta": 2.242887}}
{"target": -2.6454083486353737, "params": {"x1": -16.524000002741786, "x2": 12.983999997119554, "x3": 41.627999996984954, "x4": 39.68399999699409, "x5": -71.65200000248274}, "datetime": {"datetime": "2020-10-18 19:55:53", "elapsed": 85.01474, "delta": 2.278073}}
{"target": -274.14090522521525, "params": {"x1": 233.36399999608398, "x2": -567.8880000001509, "x3": -210.1800000018318, "x4": -541.692000000274, "x5": 599.3279999943643}, "datetime": {"datetime": "2020-10-18 19:55:54", "elapsed": 85.594886, "delta": 0.580146}}
{"target": -3.7989836933558676, "params": {"x1": 75.39599999682628, "x2": 62.07599999688887, "x3": 14.975999997110193, "x4": 9.719999997134892, "x5": -37.36800000264384}, "datetime": {"datetime": "2020-10-18 19:55:55", "elapsed": 87.263921, "delta": 1.669035}}
{"target": -5.54783946113321, "params": {"x1": -1.992000002810073, "x2": 22.151999997076473, "x3": -65.18400000251313, "x4": -42.01200000262202, "x5": 85.46399999677897}, "datetime": {"datetime": "2020-10-18 19:55:58", "elapsed": 90.149661, "delta": 2.88574}}
{"target": -2.0641809333577266, "params": {"x1": -18.39600000273299, "x2": -7.236000002785431, "x3": 46.93199999696003, "x4": 9.359999997136583, "x5": -58.056000002546625}, "datetime": {"datetime": "2020-10-18 19:56:00", "elapsed": 91.743444, "delta": 1.593783}}
{"target": -4.630715165530641, "params": {"x1": -79.81200000244439, "x2": -58.86000000254285, "x3": -49.77600000258553, "x4": -23.14800000271066, "x5": 15.29999999710867}, "datetime": {"datetime": "2020-10-18 19:56:02", "elapsed": 93.729394, "delta": 1.98595}}
{"target": -1.1637340818758337, "params": {"x1": -19.39200000272831, "x2": -10.248000002771278, "x3": -17.26800000273829, "x4": -3.7320000028018967, "x5": -24.384000002704852}, "datetime": {"datetime": "2020-10-18 19:56:04", "elapsed": 95.700872, "delta": 1.971478}}
{"target": -6.314710679901178, "params": {"x1": 134.73599999654743, "x2": -56.53200000255379, "x3": -16.080000002743873, "x4": -34.00800000265963, "x5": -0.6120000028165578}, "datetime": {"datetime": "2020-10-18 19:56:05", "elapsed": 97.296996, "delta": 1.596124}}
{"target": -6.430510493989986, "params": {"x1": 53.41199999692958, "x2": -79.16400000244744, "x3": 9.203999997137316, "x4": -97.02000000236353, "x5": -4.87200000279654}, "datetime": {"datetime": "2020-10-18 19:56:07", "elapsed": 99.109115, "delta": 1.812119}}
{"target": -2.86085284108419, "params": {"x1": -4.6320000027976675, "x2": -11.724000002764342, "x3": -25.056000002701694, "x4": 23.33999999707089, "x5": -96.12000000236776}, "datetime": {"datetime": "2020-10-18 19:56:09", "elapsed": 100.668061, "delta": 1.558946}}
{"target": -3.2927206460389606, "params": {"x1": -25.488000002699664, "x2": 0.7319999971771267, "x3": 83.87999999678641, "x4": 6.827999997148481, "x5": -60.120000002536926}, "datetime": {"datetime": "2020-10-18 19:56:10", "elapsed": 101.72924, "delta": 1.061179}}
{"target": -112.90054229271976, "params": {"x1": 436.66799999512864, "x2": 409.21199999525766, "x3": 229.28399999610315, "x4": 37.96799999700215, "x5": -195.5160000019007}, "datetime": {"datetime": "2020-10-18 19:56:10", "elapsed": 102.076845, "delta": 0.347605}}
{"target": -4.943691727665538, "params": {"x1": -69.26400000249396, "x2": 48.75599999695146, "x3": 16.931999997101002, "x4": -13.08000000275797, "x5": 73.40399999683564}, "datetime": {"datetime": "2020-10-18 19:56:11", "elapsed": 103.116543, "delta": 1.039698}}
{"target": -3.2827277129724304, "params": {"x1": 1.2359999971747584, "x2": 78.35999999681235, "x3": 33.87599999702138, "x4": 4.391999997159928, "x5": -38.73600000263741}, "datetime": {"datetime": "2020-10-18 19:56:12", "elapsed": 104.147333, "delta": 1.03079}}
{"target": -4.96259494113118, "params": {"x1": 35.519999997013656, "x2": 49.343999996948696, "x3": 20.507999997084198, "x4": -60.43200000253546, "x5": 65.89199999687094}, "datetime": {"datetime": "2020-10-18 19:56:13", "elapsed": 105.282217, "delta": 1.134884}}
{"target": -3.347244523980621, "params": {"x1": -42.08400000262168, "x2": 66.83999999686648, "x3": 10.403999997131677, "x4": -16.884000002740095, "x5": 28.367999997047264}, "datetime": {"datetime": "2020-10-18 19:56:15", "elapsed": 106.646333, "delta": 1.364116}}
{"target": -3.7979767473017723, "params": {"x1": -60.93600000253309, "x2": -22.368000002714325, "x3": 52.97999999693161, "x4": 22.883999997073033, "x5": -78.97200000244834}, "datetime": {"datetime": "2020-10-18 19:56:17", "elapsed": 108.34374, "delta": 1.697407}}
{"target": -3.6070842397258116, "params": {"x1": -38.184000002640005, "x2": 12.443999997122091, "x3": -84.54000000242218, "x4": -11.148000002767048, "x5": -10.776000002768797}, "datetime": {"datetime": "2020-10-18 19:56:18", "elapsed": 109.683686, "delta": 1.339946}}
{"target": -4.580396469619398, "params": {"x1": -18.36000000273316, "x2": 7.235999997146564, "x3": -3.720000002801953, "x4": -21.276000002719456, "x5": 100.01999999671057}, "datetime": {"datetime": "2020-10-18 19:56:19", "elapsed": 110.623861, "delta": 0.940175}}
{"target": -2.197115690401381, "params": {"x1": 15.395528925458168, "x2": 3.312222769852532, "x3": -13.742369967855982, "x4": 16.73772857011764, "x5": 49.39531235285991}, "datetime": {"datetime": "2020-10-18 19:56:20", "elapsed": 111.421023, "delta": 0.797162}}
{"target": -121.75851108526376, "params": {"x1": 277.1071111968814, "x2": 342.23998544722144, "x3": 528.7847715302712, "x4": 19.9501137307509, "x5": 89.19999404846692}, "datetime": {"datetime": "2020-10-18 19:56:20", "elapsed": 111.583033, "delta": 0.16201}}
{"target": -5.609302865489179, "params": {"x1": -50.17770525578146, "x2": -12.56893736125437, "x3": 65.86156541971843, "x4": 81.75824431287344, "x5": -91.50614539563378}, "datetime": {"datetime": "2020-10-18 19:56:20", "elapsed": 112.182015, "delta": 0.598982}}
{"target": -5.004326710961804, "params": {"x1": 107.98112060799599, "x2": -44.64021643470747, "x3": 0.31406664997498923, "x4": 27.363723949828156, "x5": 45.397817576693036}, "datetime": {"datetime": "2020-10-18 19:56:21", "elapsed": 113.054934, "delta": 0.872919}}
{"target": -5.593565635361858, "params": {"x1": -12.55472696840377, "x2": -87.08980542248446, "x3": -39.94567726513617, "x4": -12.775425226064385, "x5": -116.90770407654742}, "datetime": {"datetime": "2020-10-18 19:56:22", "elapsed": 113.900644, "delta": 0.84571}}
{"target": -5.1979844530426815, "params": {"x1": 107.71576195726004, "x2": -54.59460296681482, "x3": 6.324066548556516, "x4": -44.76880557130835, "x5": -32.30655519326717}, "datetime": {"datetime": "2020-10-18 19:56:23", "elapsed": 114.672152, "delta": 0.771508}}
{"target": -5.980891262877247, "params": {"x1": 5.334196647706327, "x2": -53.70962456953542, "x3": -105.10928989851114, "x4": -44.777437306522, "x5": -65.19819537562863}, "datetime": {"datetime": "2020-10-18 19:56:24", "elapsed": 115.475498, "delta": 0.803346}}
{"target": -6.973825507780282, "params": {"x1": 93.52020097670126, "x2": -98.15941775635939, "x3": -22.616606076327457, "x4": -19.72177109891054, "x5": 60.25911642038237}, "datetime": {"datetime": "2020-10-18 19:56:24", "elapsed": 116.286108, "delta": 0.81061}}
{"target": -5.113435307173686, "params": {"x1": 59.224642552765545, "x2": -115.66161403356136, "x3": 19.852346417019362, "x4": 5.804211956424297, "x5": 31.916625135502386}, "datetime": {"datetime": "2020-10-18 19:56:25", "elapsed": 117.100795, "delta": 0.814687}}
{"target": -5.366095231639244, "params": {"x1": -0.06931115137656171, "x2": -37.767824181124645, "x3": -90.26124743460517, "x4": -68.04221677874602, "x5": 24.05970697293465}, "datetime": {"datetime": "2020-10-18 19:56:26", "elapsed": 118.092339, "delta": 0.991544}}
{"target": -5.625696506898592, "params": {"x1": 58.63754371809449, "x2": -119.04106991320843, "x3": 29.304292821058276, "x4": 47.55649036992275, "x5": -31.6317031100591}, "datetime": {"datetime": "2020-10-18 19:56:27", "elapsed": 119.060676, "delta": 0.968337}}
{"target": -134.60337269279026, "params": {"x1": -92.02475161234622, "x2": 295.9197400321939, "x3": 412.7993741323237, "x4": 527.8922858383407, "x5": -17.301508648975982}, "datetime": {"datetime": "2020-10-18 19:56:27", "elapsed": 119.220788, "delta": 0.160112}}
{"target": -4.705540527834144, "params": {"x1": 26.938020964482348, "x2": 90.7325952262945, "x3": -48.74079072065399, "x4": -10.87301090911319, "x5": -40.20180673832169}, "datetime": {"datetime": "2020-10-18 19:56:29", "elapsed": 120.336623, "delta": 1.115835}}
{"target": -2.956982768919325, "params": {"x1": 13.611444616097629, "x2": -10.731613379467944, "x3": -32.654090090205955, "x4": -56.00023268830739, "x5": -54.05959721616193}, "datetime": {"datetime": "2020-10-18 19:56:29", "elapsed": 121.270581, "delta": 0.933958}}
{"target": -6.579230436751959, "params": {"x1": -17.703351404458317, "x2": 45.91215541900692, "x3": 70.31624338315669, "x4": 42.324968558523096, "x5": -126.2395089252019}, "datetime": {"datetime": "2020-10-18 19:56:30", "elapsed": 121.915633, "delta": 0.645052}}
{"target": -157.19655099171365, "params": {"x1": -299.4997688430076, "x2": -223.50025002989094, "x3": -171.86126582531045, "x4": 337.69669303083197, "x5": 578.0599164650132}, "datetime": {"datetime": "2020-10-18 19:56:30", "elapsed": 122.082151, "delta": 0.166518}}
{"target": -5.172666003248867, "params": {"x1": 61.138121311478244, "x2": -51.99435562658539, "x3": -12.184321692706476, "x4": -40.26020724783393, "x5": -100.67319008676787}, "datetime": {"datetime": "2020-10-18 19:56:31", "elapsed": 122.8536, "delta": 0.771449}}
{"target": -3.156386666988393, "params": {"x1": -76.09209440356574, "x2": 20.24981068890179, "x3": 36.627660870398245, "x4": 8.378646841632872, "x5": 12.445114972012561}, "datetime": {"datetime": "2020-10-18 19:56:32", "elapsed": 123.61106, "delta": 0.75746}}
{"target": -6.359027151457045, "params": {"x1": 31.89929649108349, "x2": -101.1027305691789, "x3": 11.26868787710867, "x4": 118.01520829917608, "x5": -22.486929553234543}, "datetime": {"datetime": "2020-10-18 19:56:33", "elapsed": 124.352905, "delta": 0.741845}}
{"target": -173.52509592608988, "params": {"x1": 274.97397428953707, "x2": -278.0505744541402, "x3": 432.29715079854145, "x4": 229.59441096115575, "x5": -570.2541472810811}, "datetime": {"datetime": "2020-10-18 19:56:33", "elapsed": 124.508543, "delta": 0.155638}}
{"target": -3.3014520436542507, "params": {"x1": 19.34903310677779, "x2": -89.53961059810403, "x3": -36.78895863631873, "x4": 25.64704404923426, "x5": 3.622523799634242}, "datetime": {"datetime": "2020-10-18 19:56:33", "elapsed": 125.295632, "delta": 0.787089}}
{"target": -180.73367753208674, "params": {"x1": 34.03153638657943, "x2": -378.97480497593904, "x3": -99.29161928489344, "x4": 455.64824313115173, "x5": 596.5058680030079}, "datetime": {"datetime": "2020-10-18 19:56:34", "elapsed": 125.444323, "delta": 0.148691}}
{"target": -6.791007218512967, "params": {"x1": -46.176418736932646, "x2": -19.466430777434198, "x3": -29.529701989711953, "x4": 57.636038311774996, "x5": -143.7450196537779}, "datetime": {"datetime": "2020-10-18 19:56:34", "elapsed": 126.093182, "delta": 0.648859}}
{"target": -3.062208638806575, "params": {"x1": 51.32254295763369, "x2": -30.382338221034388, "x3": -15.766170839539086, "x4": -35.24854443371032, "x5": -66.67938470814249}, "datetime": {"datetime": "2020-10-18 19:56:35", "elapsed": 126.947012, "delta": 0.85383}}
{"target": -8.976582344746536, "params": {"x1": -25.845848450218682, "x2": 2.2467748112825348, "x3": 12.989212826565222, "x4": -91.1057520922173, "x5": 129.18809786010752}, "datetime": {"datetime": "2020-10-18 19:56:36", "elapsed": 127.689084, "delta": 0.742072}}
{"target": -2.8634484301852883, "params": {"x1": 85.96309993943748, "x2": -6.288636243193196, "x3": -0.17984459635181338, "x4": 10.05261501823918, "x5": 17.56356940321291}, "datetime": {"datetime": "2020-10-18 19:56:37", "elapsed": 128.31533, "delta": 0.626246}}
{"target": -7.8517378163251275, "params": {"x1": 104.47471098064851, "x2": 80.72190967684246, "x3": -2.5537076851528218, "x4": 27.251441355531867, "x5": 82.04077117789454}, "datetime": {"datetime": "2020-10-18 19:56:37", "elapsed": 129.262268, "delta": 0.946938}}
{"target": -4.899311254235345, "params": {"x1": -29.25070786125269, "x2": -108.4027337626062, "x3": -46.60519344109675, "x4": 46.27703738255526, "x5": -41.9085078758201}, "datetime": {"datetime": "2020-10-18 19:56:38", "elapsed": 130.182387, "delta": 0.920119}}
{"target": -6.188944123355776, "params": {"x1": 17.15130607226115, "x2": 58.37381295492344, "x3": -89.66818978831111, "x4": 23.33115700741189, "x5": -102.49518381033255}, "datetime": {"datetime": "2020-10-18 19:56:39", "elapsed": 131.041006, "delta": 0.858619}}
{"target": -2.403465678484346, "params": {"x1": 26.784301996143654, "x2": -23.56054024811806, "x3": -56.357236305773654, "x4": 15.183114104881838, "x5": -33.29323240830547}, "datetime": {"datetime": "2020-10-18 19:56:40", "elapsed": 131.765016, "delta": 0.72401}}
{"target": -4.3357306841327805, "params": {"x1": -12.124030634068628, "x2": 7.678128482227964, "x3": 12.409265757408184, "x4": 43.91915481277838, "x5": -120.4900950662697}, "datetime": {"datetime": "2020-10-18 19:56:41", "elapsed": 132.774407, "delta": 1.009391}}
{"target": -3.794492823114154, "params": {"x1": -23.80362069376235, "x2": -45.368979452251565, "x3": 83.20128452748872, "x4": 54.1021366091913, "x5": 18.771774956682798}, "datetime": {"datetime": "2020-10-18 19:56:42", "elapsed": 133.715298, "delta": 0.940891}}
{"target": -91.04009470018761, "params": {"x1": -248.59229518673732, "x2": -176.99598833968298, "x3": 367.7675396982862, "x4": -354.70326150613965, "x5": -41.34495242638752}, "datetime": {"datetime": "2020-10-18 19:56:42", "elapsed": 133.889948, "delta": 0.17465}}
{"target": -7.16899030589218, "params": {"x1": 65.0439919691122, "x2": 47.34873993788142, "x3": -24.33788392077429, "x4": 107.83417047539683, "x5": 74.64399662575363}, "datetime": {"datetime": "2020-10-18 19:56:43", "elapsed": 134.811139, "delta": 0.921191}}
{"target": -2.2316969734770504, "params": {"x1": -31.36689480368716, "x2": -16.087145544419286, "x3": -47.717099589164945, "x4": -0.31018753000080324, "x5": -48.52897572241886}, "datetime": {"datetime": "2020-10-18 19:56:44", "elapsed": 135.583358, "delta": 0.772219}}
{"target": -3.359836090610243, "params": {"x1": -36.88184536217045, "x2": -59.996350940711295, "x3": 58.246721381605425, "x4": 48.94903499521536, "x5": -37.94579299764155}, "datetime": {"datetime": "2020-10-18 19:56:45", "elapsed": 136.331141, "delta": 0.747783}}
{"target": -6.011701661133466, "params": {"x1": -77.83788970930141, "x2": -68.87464708685638, "x3": 81.8979867340779, "x4": -48.864479014428184, "x5": 3.7087987844270174}, "datetime": {"datetime": "2020-10-18 19:56:46", "elapsed": 137.947366, "delta": 1.616225}}
{"target": -3.6304919282267876, "params": {"x1": -3.82568271006529, "x2": 11.34970699822408, "x3": -5.035456744632802, "x4": 18.923013122228884, "x5": 84.10109508876087}, "datetime": {"datetime": "2020-10-18 19:56:47", "elapsed": 139.148805, "delta": 1.201439}}
{"target": -5.8622134389470455, "params": {"x1": -4.649577743707141, "x2": -78.23208482035977, "x3": -8.18506728574971, "x4": 127.73623507366813, "x5": -11.137113820885702}, "datetime": {"datetime": "2020-10-18 19:56:48", "elapsed": 139.865072, "delta": 0.716267}}
{"target": -3.1044185733030862, "params": {"x1": 44.86622979121012, "x2": -65.54783322012167, "x3": -33.82876919138653, "x4": 8.407967982563264, "x5": -54.29549716104202}, "datetime": {"datetime": "2020-10-18 19:56:49", "elapsed": 140.751578, "delta": 0.886506}}
{"target": -161.51026449889497, "params": {"x1": 462.9610734116334, "x2": -173.54091103080782, "x3": 592.7099275555609, "x4": 243.38600688096926, "x5": 30.42071395869698}, "datetime": {"datetime": "2020-10-18 19:56:49", "elapsed": 140.920157, "delta": 0.168579}}
{"target": -3.1632621969677834, "params": {"x1": 21.334195036941423, "x2": -69.72678668020717, "x3": 3.9038766491838715, "x4": -17.74167467531447, "x5": 49.42111070970202}, "datetime": {"datetime": "2020-10-18 19:56:50", "elapsed": 141.846885, "delta": 0.926728}}
{"target": -3.229474908346548, "params": {"x1": -17.30820239383354, "x2": -27.002463797415658, "x3": -65.78536590238093, "x4": -40.3814147996369, "x5": -11.586817380632965}, "datetime": {"datetime": "2020-10-18 19:56:51", "elapsed": 142.657965, "delta": 0.81108}}
{"target": -6.367394089593444, "params": {"x1": -8.630996817451887, "x2": -15.918999895709135, "x3": -74.6690811345311, "x4": 54.8459470543886, "x5": -126.63012809537031}, "datetime": {"datetime": "2020-10-18 19:56:52", "elapsed": 143.542813, "delta": 0.884848}}
{"target": -4.860408277030991, "params": {"x1": 6.266756336916425, "x2": 112.56939750482421, "x3": -11.555290907403911, "x4": -27.696655568104998, "x5": -45.31456406182408}, "datetime": {"datetime": "2020-10-18 19:56:53", "elapsed": 144.754065, "delta": 1.211252}}
{"target": -1.1849022261648323, "params": {"x1": 20.445590301633615, "x2": 6.62102847316612, "x3": -18.040633275823097, "x4": 21.99463091371956, "x5": -47.744461885485066}, "datetime": {"datetime": "2020-10-18 19:56:54", "elapsed": 145.774287, "delta": 1.020222}}
{"target": -4.334175747619131, "params": {"x1": 52.502800740090635, "x2": 30.906195001953293, "x3": -6.565611296791493, "x4": 27.01565940931248, "x5": -108.00639409194353}, "datetime": {"datetime": "2020-10-18 19:56:55", "elapsed": 146.894012, "delta": 1.119725}}
{"target": -16.58279102541431, "params": {"x1": -199.46585476488877, "x2": -75.35535740523005, "x3": 130.95607951900013, "x4": 32.72655128586064, "x5": -32.46692260589134}, "datetime": {"datetime": "2020-10-18 19:56:55", "elapsed": 147.106043, "delta": 0.212031}}
{"target": -6.1733878594173985, "params": {"x1": -103.49704654973692, "x2": -3.770871494713674, "x3": -62.526419961838315, "x4": -21.72666443644391, "x5": -83.05219245492276}, "datetime": {"datetime": "2020-10-18 19:56:56", "elapsed": 147.949548, "delta": 0.843505}}
{"target": -117.06379995761596, "params": {"x1": 126.43184337576417, "x2": 35.72323885735477, "x3": -449.4817808896743, "x4": 458.4312557830324, "x5": -213.51573983428068}, "datetime": {"datetime": "2020-10-18 19:56:56", "elapsed": 148.158031, "delta": 0.208483}}
{"target": -71.06865030043103, "params": {"x1": -20.9056673750423, "x2": -332.7360036185867, "x3": 181.80382893277908, "x4": 286.39603699179963, "x5": -270.13620429380006}, "datetime": {"datetime": "2020-10-18 19:56:57", "elapsed": 148.382833, "delta": 0.224802}}
{"target": -4.638209974756971, "params": {"x1": 65.64924537850612, "x2": 79.25659122260751, "x3": 57.36278873026151, "x4": 0.8510745900589747, "x5": -24.859789369689395}, "datetime": {"datetime": "2020-10-18 19:56:58", "elapsed": 149.500276, "delta": 1.117443}}
{"target": -6.746507050902945, "params": {"x1": -12.156739982239628, "x2": -42.887034121621355, "x3": 65.84661810061937, "x4": -104.08546826501225, "x5": -84.03531070337237}, "datetime": {"datetime": "2020-10-18 19:56:59", "elapsed": 150.836198, "delta": 1.335922}}
{"target": -2.4649912846055866, "params": {"x1": 22.851007002763616, "x2": 28.25072681792502, "x3": -13.75512789282573, "x4": 62.77860716075382, "x5": 21.69220319458104}, "datetime": {"datetime": "2020-10-18 19:57:00", "elapsed": 152.139871, "delta": 1.303673}}
{"target": -1.939896503164955, "params": {"x1": -3.347780095087387, "x2": 30.727497063101964, "x3": 29.049462766412148, "x4": 33.03731177801785, "x5": 21.69378360974929}, "datetime": {"datetime": "2020-10-18 19:57:02", "elapsed": 153.413536, "delta": 1.273665}}
{"target": -1.7518862343566586, "params": {"x1": 2.6877566889844946, "x2": -33.32660724737964, "x3": -20.241473251804805, "x4": -28.576946919329643, "x5": 7.444674342176071}, "datetime": {"datetime": "2020-10-18 19:57:03", "elapsed": 154.520603, "delta": 1.107067}}
{"target": -3.3876374138011927, "params": {"x1": 66.49791842474315, "x2": -5.78690818729001, "x3": -36.98575091422299, "x4": -18.819408292901812, "x5": 41.03710870267423}, "datetime": {"datetime": "2020-10-18 19:57:04", "elapsed": 155.56353, "delta": 1.042927}}
{"target": -7.601515398443495, "params": {"x1": -48.27727170541732, "x2": 96.89263242969957, "x3": 63.474471710473495, "x4": -84.76311270621375, "x5": -26.361433956758333}, "datetime": {"datetime": "2020-10-18 19:57:04", "elapsed": 156.253933, "delta": 0.690403}}
