{"target": -99.99856944224096, "params": {"x1": 87.75106601410772, "x2": 0.7933734803264745, "x3": -1.9229568755479653, "x4": 0.20929771789551932, "x5": -1.6949323275486612}, "datetime": {"datetime": "2020-10-20 11:40:03", "elapsed": 0.0, "delta": 0.0}}
{"target": -99.99999994512329, "params": {"x1": 88.99468332395931, "x2": -1.3618551255430689, "x3": 1.0313577605894373, "x4": 1.748996325456264, "x5": 0.6807038910901047}, "datetime": {"datetime": "2020-10-20 11:40:03", "elapsed": 0.153969, "delta": 0.153969}}
{"target": -99.99999996000987, "params": {"x1": 88.89999999999998, "x2": 1.6324000000000005, "x3": -1.9233, "x4": -0.6977, "x5": -2.1352}, "datetime": {"datetime": "2020-10-20 11:40:03", "elapsed": 0.395143, "delta": 0.241174}}
{"target": -99.9999999599916, "params": {"x1": 86.5, "x2": 1.6324000000000005, "x3": 1.0767000000000004, "x4": 1.4023, "x5": 0.8648000000000002}, "datetime": {"datetime": "2020-10-20 11:40:03", "elapsed": 0.800545, "delta": 0.405402}}
{"target": -99.999999968166, "params": {"x1": 86.5, "x2": -1.3676, "x3": -1.9233, "x4": 1.1022999999999998, "x5": -1.8352000000000002}, "datetime": {"datetime": "2020-10-20 11:40:04", "elapsed": 1.182853, "delta": 0.382308}}
{"target": -99.99999996789623, "params": {"x1": 89.19999999999997, "x2": -1.3676, "x3": 0.7767000000000002, "x4": -0.6977, "x5": -2.1352}, "datetime": {"datetime": "2020-10-20 11:40:04", "elapsed": 1.701905, "delta": 0.519052}}
{"target": -99.99999996864067, "params": {"x1": 89.49999999999997, "x2": 1.6324000000000005, "x3": -1.6233, "x4": 2.3023, "x5": 0.26480000000000015}, "datetime": {"datetime": "2020-10-20 11:40:05", "elapsed": 2.117784, "delta": 0.415879}}
{"target": -99.99999988609932, "params": {"x1": 86.8, "x2": 1.6324000000000005, "x3": -1.6233, "x4": -0.3977, "x5": 0.5648}, "datetime": {"datetime": "2020-10-20 11:40:05", "elapsed": 2.526285, "delta": 0.408501}}
{"target": -99.9999999598634, "params": {"x1": 87.1, "x2": -1.3676, "x3": 1.0767000000000004, "x4": 2.3023, "x5": -2.1352}, "datetime": {"datetime": "2020-10-20 11:40:06", "elapsed": 3.033453, "delta": 0.507168}}
{"target": -99.99999996789623, "params": {"x1": 86.8, "x2": 1.6324000000000005, "x3": -1.9233, "x4": -0.6977, "x5": -1.8352000000000002}, "datetime": {"datetime": "2020-10-20 11:40:06", "elapsed": 3.605307, "delta": 0.571854}}
{"target": -99.99999996877655, "params": {"x1": 89.49999999999997, "x2": -1.0675999999999999, "x3": 0.47670000000000035, "x4": -0.6977, "x5": 0.8648000000000002}, "datetime": {"datetime": "2020-10-20 11:40:07", "elapsed": 4.191176, "delta": 0.585869}}
{"target": -99.9999999274296, "params": {"x1": 87.1, "x2": 1.6324000000000005, "x3": 0.7767000000000002, "x4": -0.09770000000000001, "x5": 0.8648000000000002}, "datetime": {"datetime": "2020-10-20 11:40:07", "elapsed": 4.609565, "delta": 0.418389}}
{"target": -99.99999996864067, "params": {"x1": 89.49999999999997, "x2": 1.0324000000000004, "x3": -1.9233, "x4": 2.3023, "x5": -1.8352000000000002}, "datetime": {"datetime": "2020-10-20 11:40:08", "elapsed": 5.285309, "delta": 0.675744}}
{"target": -99.99991922589025, "params": {"x1": 86.8, "x2": -1.3676, "x3": -1.3233, "x4": 1.1022999999999998, "x5": -1.5352000000000001}, "datetime": {"datetime": "2020-10-20 11:40:08", "elapsed": 5.922271, "delta": 0.636962}}
{"target": -99.99999698584405, "params": {"x1": 89.49999999999997, "x2": 1.0324000000000004, "x3": -1.6233, "x4": 1.7023, "x5": -1.8352000000000002}, "datetime": {"datetime": "2020-10-20 11:40:09", "elapsed": 6.583926, "delta": 0.661655}}
{"target": -99.9999999675497, "params": {"x1": 86.5, "x2": 1.0324000000000004, "x3": 1.0767000000000004, "x4": 2.3023, "x5": -0.035199999999999676}, "datetime": {"datetime": "2020-10-20 11:40:10", "elapsed": 7.110079, "delta": 0.526153}}
{"target": -99.99999995885221, "params": {"x1": 89.49999999999997, "x2": -1.3676, "x3": -1.9233, "x4": 2.3023, "x5": 0.5648}, "datetime": {"datetime": "2020-10-20 11:40:10", "elapsed": 7.803004, "delta": 0.692925}}
{"target": -99.99760629408357, "params": {"x1": 89.19999999999997, "x2": 1.3324000000000003, "x3": 0.7767000000000002, "x4": 0.20229999999999992, "x5": -0.9352}, "datetime": {"datetime": "2020-10-20 11:40:11", "elapsed": 8.366578, "delta": 0.563574}}
{"target": -99.9999973158607, "params": {"x1": 89.19999999999997, "x2": 1.3324000000000003, "x3": 1.0767000000000004, "x4": -0.3977, "x5": -0.9352}, "datetime": {"datetime": "2020-10-20 11:40:11", "elapsed": 8.908854, "delta": 0.542276}}
{"target": -99.99999846501026, "params": {"x1": 86.5, "x2": 0.7324000000000006, "x3": 0.7767000000000002, "x4": -0.3977, "x5": -1.8352000000000002}, "datetime": {"datetime": "2020-10-20 11:40:12", "elapsed": 9.589126, "delta": 0.680272}}
{"target": -99.99999983709435, "params": {"x1": 89.19999999999997, "x2": -0.7675999999999998, "x3": 1.0767000000000004, "x4": 0.20229999999999992, "x5": 0.8648000000000002}, "datetime": {"datetime": "2020-10-20 11:40:13", "elapsed": 10.280384, "delta": 0.691258}}
{"target": -99.9999999686046, "params": {"x1": 89.49999999999997, "x2": -0.7675999999999998, "x3": 0.7767000000000002, "x4": 2.0023, "x5": 0.8648000000000002}, "datetime": {"datetime": "2020-10-20 11:40:13", "elapsed": 10.849216, "delta": 0.568832}}
{"target": -99.99987199062686, "params": {"x1": 88.59999999999998, "x2": 1.6324000000000005, "x3": -1.0232999999999999, "x4": -0.09770000000000001, "x5": 0.5648}, "datetime": {"datetime": "2020-10-20 11:40:14", "elapsed": 11.351286, "delta": 0.50207}}
{"target": -99.99999847329613, "params": {"x1": 89.19999999999997, "x2": -1.3676, "x3": 0.7767000000000002, "x4": 0.20229999999999992, "x5": -1.8352000000000002}, "datetime": {"datetime": "2020-10-20 11:40:15", "elapsed": 12.063923, "delta": 0.712637}}
{"target": -99.99999996801579, "params": {"x1": 86.5, "x2": 0.1324000000000003, "x3": 1.0767000000000004, "x4": -0.3977, "x5": -2.1352}, "datetime": {"datetime": "2020-10-20 11:40:15", "elapsed": 12.735669, "delta": 0.671746}}
{"target": -99.99999996849024, "params": {"x1": 86.5, "x2": 1.6324000000000005, "x3": -1.9233, "x4": 0.20229999999999992, "x5": -1.8352000000000002}, "datetime": {"datetime": "2020-10-20 11:40:16", "elapsed": 13.565798, "delta": 0.830129}}
{"target": -99.99998303693741, "params": {"x1": 89.19999999999997, "x2": 1.3324000000000003, "x3": -0.4232999999999998, "x4": 2.3023, "x5": 0.26480000000000015}, "datetime": {"datetime": "2020-10-20 11:40:17", "elapsed": 14.172027, "delta": 0.606229}}
{"target": -99.9999999403627, "params": {"x1": 88.9930000000001, "x2": 1.2873999999999044, "x3": 1.0586999999998923, "x4": 2.0923000000000025, "x5": -2.045199999999997}, "datetime": {"datetime": "2020-10-20 11:40:17", "elapsed": 14.76353, "delta": 0.591503}}
{"target": -99.99952293170752, "params": {"x1": 86.86900000000001, "x2": 0.12339999999994622, "x3": -1.8903000000000012, "x4": -0.18169999999999953, "x5": -1.367199999999971}, "datetime": {"datetime": "2020-10-20 11:40:18", "elapsed": 15.628161, "delta": 0.864631}}
{"target": -99.99999181682868, "params": {"x1": 86.632, "x2": 0.9063999999999179, "x3": -0.0003000000000694669, "x4": -0.6166999999999999, "x5": -1.9551999999999934}, "datetime": {"datetime": "2020-10-20 11:40:19", "elapsed": 16.236369, "delta": 0.608208}}
{"target": -99.99954279826649, "params": {"x1": 86.75200000000001, "x2": -1.08860000000001, "x3": -1.728300000000007, "x4": 0.3433000000000008, "x5": -0.05319999999992131}, "datetime": {"datetime": "2020-10-20 11:40:20", "elapsed": 16.975731, "delta": 0.739362}}
{"target": -99.99997974751062, "params": {"x1": 89.41000000000011, "x2": 1.3923999999999004, "x3": -1.7733000000000054, "x4": -0.016699999999999382, "x5": -0.9561999999999555}, "datetime": {"datetime": "2020-10-20 11:40:20", "elapsed": 17.659091, "delta": 0.68336}}
{"target": -99.99998866502652, "params": {"x1": 87.21700000000003, "x2": 1.0533999999999124, "x3": -1.9173000000000002, "x4": 0.25930000000000086, "x5": 0.7688000000001098}, "datetime": {"datetime": "2020-10-20 11:40:21", "elapsed": 18.364805, "delta": 0.705714}}
{"target": -99.99999993176488, "params": {"x1": 88.45600000000007, "x2": 1.626399999999892, "x3": -1.5843000000000123, "x4": -0.43369999999999975, "x5": -2.1322}, "datetime": {"datetime": "2020-10-20 11:40:22", "elapsed": 19.200992, "delta": 0.836187}}
{"target": -99.99999996809159, "params": {"x1": 86.56, "x2": 1.3443999999999021, "x3": 0.5606999999999103, "x4": -0.5056999999999998, "x5": 0.8558000000001131}, "datetime": {"datetime": "2020-10-20 11:40:22", "elapsed": 19.690507, "delta": 0.489515}}
{"target": -99.99998316850736, "params": {"x1": 89.37100000000011, "x2": 1.1553999999999092, "x3": 0.18269999999992392, "x4": -0.10969999999999946, "x5": 0.8108000000001114}, "datetime": {"datetime": "2020-10-20 11:40:23", "elapsed": 20.322373, "delta": 0.631866}}
{"target": -99.99996065036231, "params": {"x1": 89.1520000000001, "x2": 0.8643999999999195, "x3": 0.9506999999998962, "x4": 1.9693000000000025, "x5": 0.46580000000009836}, "datetime": {"datetime": "2020-10-20 11:40:24", "elapsed": 21.056643, "delta": 0.73427}}
{"target": -99.99999987121079, "params": {"x1": 86.509, "x2": 1.014399999999914, "x3": -1.8243000000000036, "x4": -0.5116999999999998, "x5": 0.3908000000000955}, "datetime": {"datetime": "2020-10-20 11:40:24", "elapsed": 21.713515, "delta": 0.656872}}
{"target": -99.99993385624171, "params": {"x1": 88.45000000000007, "x2": -1.3016000000000023, "x3": 0.4556999999999143, "x4": 2.272300000000002, "x5": -0.5391999999999397}, "datetime": {"datetime": "2020-10-20 11:40:25", "elapsed": 22.472472, "delta": 0.758957}}
{"target": -99.99999390103679, "params": {"x1": 88.05100000000006, "x2": -1.2026000000000059, "x3": 0.4766999999999133, "x4": -0.5956999999999999, "x5": 0.7568000000001094}, "datetime": {"datetime": "2020-10-20 11:40:26", "elapsed": 23.345234, "delta": 0.872762}}
{"target": -99.99999997502654, "params": {"x1": 89.39800000000011, "x2": -1.3586000000000003, "x3": 0.9626999999998958, "x4": -0.3886999999999997, "x5": 0.7538000000001093}, "datetime": {"datetime": "2020-10-20 11:40:27", "elapsed": 24.081632, "delta": 0.736398}}
{"target": -99.99999996688011, "params": {"x1": 86.578, "x2": -0.6926000000000243, "x3": -1.6293000000000106, "x4": -0.6016999999999999, "x5": -2.1231999999999998}, "datetime": {"datetime": "2020-10-20 11:40:28", "elapsed": 25.454409, "delta": 1.372777}}
{"target": -99.96035516899167, "params": {"x1": 87.96400000000006, "x2": -1.2026000000000059, "x3": -0.6723000000000452, "x4": 1.9783000000000024, "x5": -0.18819999999992643}, "datetime": {"datetime": "2020-10-20 11:40:30", "elapsed": 27.273035, "delta": 1.818626}}
{"target": -99.99999997161848, "params": {"x1": 86.557, "x2": -1.1936000000000062, "x3": -1.6563000000000097, "x4": 2.2753000000000023, "x5": 0.4148000000000964}, "datetime": {"datetime": "2020-10-20 11:40:30", "elapsed": 27.865062, "delta": 0.592027}}
{"target": -99.99999996990611, "params": {"x1": 86.662, "x2": 1.596399999999893, "x3": 0.3476999999999182, "x4": 2.293300000000003, "x5": -2.1231999999999998}, "datetime": {"datetime": "2020-10-20 11:40:31", "elapsed": 28.251102, "delta": 0.38604}}
{"target": -99.9991330220647, "params": {"x1": 87.96400000000006, "x2": -1.2866000000000029, "x3": -0.6963000000000443, "x4": 1.510300000000002, "x5": 0.7538000000001093}, "datetime": {"datetime": "2020-10-20 11:40:31", "elapsed": 28.622847, "delta": 0.371745}}
{"target": -99.99991831302441, "params": {"x1": 88.09900000000006, "x2": -0.005600000000049121, "x3": -1.9083000000000006, "x4": 2.2843000000000027, "x5": -0.1581999999999253}, "datetime": {"datetime": "2020-10-20 11:40:32", "elapsed": 28.988992, "delta": 0.366145}}
{"target": -99.99999997580208, "params": {"x1": 89.37400000000011, "x2": -1.3586000000000003, "x3": -1.7763000000000053, "x4": 1.888300000000002, "x5": -1.9761999999999942}, "datetime": {"datetime": "2020-10-20 11:40:32", "elapsed": 29.333314, "delta": 0.344322}}
{"target": -99.99999830117375, "params": {"x1": 89.42200000000011, "x2": -1.2776000000000032, "x3": -1.5753000000000126, "x4": -0.31969999999999965, "x5": -1.3431999999999702}, "datetime": {"datetime": "2020-10-20 11:40:32", "elapsed": 29.653743, "delta": 0.320429}}
{"target": -99.9999800317469, "params": {"x1": 88.33900000000007, "x2": -1.3046000000000022, "x3": -1.4883000000000157, "x4": 2.2873000000000028, "x5": -0.8121999999999501}, "datetime": {"datetime": "2020-10-20 11:40:33", "elapsed": 30.025156, "delta": 0.371413}}
{"target": -99.99999670753033, "params": {"x1": 86.503, "x2": -1.1636000000000073, "x3": 0.6716999999999065, "x4": 1.417300000000002, "x5": 0.43880000000009733}, "datetime": {"datetime": "2020-10-20 11:40:33", "elapsed": 30.377297, "delta": 0.352141}}
{"target": -99.98339023063609, "params": {"x1": 86.515, "x2": 0.3003999999999398, "x3": -0.732300000000043, "x4": 1.7023000000000021, "x5": -0.2751999999999297}, "datetime": {"datetime": "2020-10-20 11:40:33", "elapsed": 30.8856, "delta": 0.508303}}
{"target": -36.640787614054126, "params": {"x1": 87.69699999981293, "x2": -0.16154000000102542, "x3": -0.22125000000144723, "x4": 1.3351299999982713, "x5": -0.38724999998854903}, "datetime": {"datetime": "2020-10-20 11:40:34", "elapsed": 31.584991, "delta": 0.699391}}
{"target": -99.82715440943456, "params": {"x1": 88.96236999961518, "x2": -0.7456400000005288, "x3": 0.5122499999979289, "x4": 1.3773699999982354, "x5": -1.2328299999940886}, "datetime": {"datetime": "2020-10-20 11:40:35", "elapsed": 32.001561, "delta": 0.41657}}
{"target": -35.21946695461975, "params": {"x1": 87.69936999981256, "x2": -0.1553300000010307, "x3": -0.21633000000145142, "x4": 1.328949999998277, "x5": -0.3894399999885634}, "datetime": {"datetime": "2020-10-20 11:40:36", "elapsed": 32.99505, "delta": 0.993489}}
{"target": -67.52662195342307, "params": {"x1": 87.69774999981281, "x2": -0.39143000000082995, "x3": -0.2776200000013993, "x4": 1.4642499999981615, "x5": -0.3980199999886196}, "datetime": {"datetime": "2020-10-20 11:40:36", "elapsed": 33.741868, "delta": 0.746818}}
{"target": -30.394915160542645, "params": {"x1": 87.71016999981087, "x2": -0.13868000000104486, "x3": -0.19680000000146802, "x4": 1.3073499999982954, "x5": -0.39993999998863217}, "datetime": {"datetime": "2020-10-20 11:40:37", "elapsed": 34.512385, "delta": 0.770517}}
{"target": -25.63847534037995, "params": {"x1": 87.72930999980788, "x2": -0.13460000000104833, "x3": -0.16851000000149208, "x4": 1.2834099999983155, "x5": -0.4196799999887615}, "datetime": {"datetime": "2020-10-20 11:40:38", "elapsed": 35.220564, "delta": 0.708179}}
{"target": -23.503495151419674, "params": {"x1": 87.74499999980543, "x2": -0.14147000000104248, "x3": -0.1479000000015096, "x4": 1.2695799999983273, "x5": -0.43629999998887037}, "datetime": {"datetime": "2020-10-20 11:40:39", "elapsed": 36.521006, "delta": 1.300442}}
{"target": -21.78434561195409, "params": {"x1": 87.75852999980332, "x2": -0.14624000000103843, "x3": -0.13047000000152442, "x4": 1.2574899999983375, "x5": -0.45033999998896235}, "datetime": {"datetime": "2020-10-20 11:40:41", "elapsed": 38.245022, "delta": 1.724016}}
{"target": -16.961373695166195, "params": {"x1": 87.7771899998004, "x2": -0.13196000000105057, "x3": -0.10689000000154447, "x4": 1.233429999998358, "x5": -0.46659999998906887}, "datetime": {"datetime": "2020-10-20 11:40:42", "elapsed": 39.02046, "delta": 0.775438}}
{"target": -9.205740954856267, "params": {"x1": 87.78861999979861, "x2": -0.08468000000109077, "x3": -0.09591000000155381, "x4": 1.2070899999983804, "x5": -0.4698099999890899}, "datetime": {"datetime": "2020-10-20 11:40:43", "elapsed": 40.404451, "delta": 1.383991}}
{"target": -2.699583261222138, "params": {"x1": 87.7950999997976, "x2": -0.03704000000113128, "x3": -0.0960300000015537, "x4": 1.1893599999983955, "x5": -0.4662399999890665}, "datetime": {"datetime": "2020-10-20 11:40:44", "elapsed": 41.791911, "delta": 1.38746}}
{"target": 5.062810172419596, "params": {"x1": 87.80772999979563, "x2": 0.023349999998817372, "x3": -0.10125000000154927, "x4": 1.1706999999984113, "x5": -0.461889999989038}, "datetime": {"datetime": "2020-10-20 11:40:45", "elapsed": 42.628469, "delta": 0.836558}}
{"target": 14.018064814153542, "params": {"x1": 87.83694999979106, "x2": 0.0912999999987596, "x3": -0.10926000000154246, "x4": 1.1509599999984281, "x5": -0.46344999998904823}, "datetime": {"datetime": "2020-10-20 11:40:46", "elapsed": 43.557212, "delta": 0.928743}}
{"target": 24.346210946525737, "params": {"x1": 87.89790999978153, "x2": 0.16752999999869478, "x3": -0.11643000000153636, "x4": 1.126479999998449, "x5": -0.47958999998915397}, "datetime": {"datetime": "2020-10-20 11:40:47", "elapsed": 44.356109, "delta": 0.798897}}
{"target": 31.227784836503105, "params": {"x1": 87.978129999769, "x2": 0.24192999999863152, "x3": -0.11322000000153909, "x4": 1.0927599999984776, "x5": -0.5102199999893546}, "datetime": {"datetime": "2020-10-20 11:40:48", "elapsed": 45.217161, "delta": 0.861052}}
{"target": 31.544457628405276, "params": {"x1": 88.0017399997653, "x2": 0.28422999999859555, "x3": -0.10185000000154876, "x4": 1.0644099999985017, "x5": -0.5236599999894427}, "datetime": {"datetime": "2020-10-20 11:40:48", "elapsed": 45.887886, "delta": 0.670725}}
{"target": 32.06326471935776, "params": {"x1": 88.02438999976177, "x2": 0.26529999999861165, "x3": -0.11955000000153371, "x4": 1.0896999999984802, "x5": -0.5238099999894437}, "datetime": {"datetime": "2020-10-20 11:40:49", "elapsed": 46.581424, "delta": 0.693538}}
{"target": 32.539526225466055, "params": {"x1": 88.02450999976175, "x2": 0.2689899999986085, "x3": -0.127440000001527, "x4": 1.0956699999984751, "x5": -0.53088999998949}, "datetime": {"datetime": "2020-10-20 11:40:51", "elapsed": 48.150945, "delta": 1.569521}}
{"target": 34.337808175686234, "params": {"x1": 87.99315999976665, "x2": 0.29646999999858514, "x3": -0.1632000000014966, "x4": 1.1198799999984546, "x5": -0.596829999989922}, "datetime": {"datetime": "2020-10-20 11:40:53", "elapsed": 50.127307, "delta": 1.976362}}
{"target": 36.649163803689056, "params": {"x1": 87.9934299997666, "x2": 0.29586999999858565, "x3": -0.17313000000148815, "x4": 1.1148399999984588, "x5": -0.5963499999899189}, "datetime": {"datetime": "2020-10-20 11:40:54", "elapsed": 51.277716, "delta": 1.150409}}
{"target": 71.87608683789881, "params": {"x1": 87.98976999976718, "x2": 0.25848999999861744, "x3": -0.29334000000138594, "x4": 1.000479999998556, "x5": -0.5805399999898153}, "datetime": {"datetime": "2020-10-20 11:40:55", "elapsed": 51.963, "delta": 0.685284}}
{"target": 89.75879071858606, "params": {"x1": 87.99075999976702, "x2": 0.22119999999864914, "x3": -0.36579000000132433, "x4": 0.9141699999986295, "x5": -0.5880699999898646}, "datetime": {"datetime": "2020-10-20 11:40:55", "elapsed": 52.635396, "delta": 0.672396}}
{"target": 97.78107844730484, "params": {"x1": 87.99819999976586, "x2": 0.19083999999867496, "x3": -0.4383900000012626, "x4": 0.830079999998701, "x5": -0.6020799999899564}, "datetime": {"datetime": "2020-10-20 11:40:56", "elapsed": 53.52046, "delta": 0.885064}}
{"target": 97.55270500590285, "params": {"x1": 88.00284999976513, "x2": 0.19131999999867455, "x3": -0.4638900000012409, "x4": 0.8098299999987182, "x5": -0.6043299999899712}, "datetime": {"datetime": "2020-10-20 11:40:57", "elapsed": 54.208627, "delta": 0.688167}}
{"target": 99.58869108035377, "params": {"x1": 87.99426999976647, "x2": 0.15672999999870396, "x3": -0.4294800000012702, "x4": 0.8043999999987228, "x5": -0.6163299999900498}, "datetime": {"datetime": "2020-10-20 11:40:57", "elapsed": 54.904832, "delta": 0.696205}}
{"target": 99.88274920391476, "params": {"x1": 87.9930541228584, "x2": 0.133461661097892, "x3": -0.41714281147853627, "x4": 0.7869770867248702, "x5": -0.6332935226486959}, "datetime": {"datetime": "2020-10-20 11:40:58", "elapsed": 55.441742, "delta": 0.53691}}
{"target": 99.7114859463711, "params": {"x1": 87.9874355350991, "x2": 0.12758254079948256, "x3": -0.4212753521635207, "x4": 0.7886776650774077, "x5": -0.6157113384171807}, "datetime": {"datetime": "2020-10-20 11:40:58", "elapsed": 55.742047, "delta": 0.300305}}
{"target": 99.96426334733597, "params": {"x1": 87.99350593961032, "x2": 0.1368874730395371, "x3": -0.4231282375723715, "x4": 0.7962574952033964, "x5": -0.6368066398555516}, "datetime": {"datetime": "2020-10-20 11:40:59", "elapsed": 56.148172, "delta": 0.406125}}
{"target": 99.92097012015631, "params": {"x1": 87.9880362888036, "x2": 0.13704583624631536, "x3": -0.42524772850496584, "x4": 0.7985252805852544, "x5": -0.639885083101504}, "datetime": {"datetime": "2020-10-20 11:40:59", "elapsed": 56.6788, "delta": 0.530628}}
{"target": 99.98979901416118, "params": {"x1": 88.00419594077965, "x2": 0.13186840042891065, "x3": -0.42538968453991116, "x4": 0.8015215511737557, "x5": -0.6369732436322698}, "datetime": {"datetime": "2020-10-20 11:41:00", "elapsed": 57.035858, "delta": 0.357058}}
{"target": 99.9797284362768, "params": {"x1": 88.00442419642295, "x2": 0.13522713954618815, "x3": -0.42638673985176045, "x4": 0.8008171775438734, "x5": -0.638866151935426}, "datetime": {"datetime": "2020-10-20 11:41:00", "elapsed": 57.368006, "delta": 0.332148}}
{"target": 99.99848827653739, "params": {"x1": 88.0007933219119, "x2": 0.13256384295782375, "x3": -0.4224658785333873, "x4": 0.8020894520264757, "x5": -0.6364791539751095}, "datetime": {"datetime": "2020-10-20 11:41:00", "elapsed": 57.693429, "delta": 0.325423}}
{"target": 99.99560975253799, "params": {"x1": 88.00253208365214, "x2": 0.13169027247993018, "x3": -0.4232591788845523, "x4": 0.7993187622376446, "x5": -0.6344789924051184}, "datetime": {"datetime": "2020-10-20 11:41:01", "elapsed": 58.176664, "delta": 0.483235}}
{"target": 99.9695414465857, "params": {"x1": 88.00648471082565, "x2": 0.13418285664896387, "x3": -0.4180585726388006, "x4": 0.7997804983307372, "x5": -0.6340023470068861}, "datetime": {"datetime": "2020-10-20 11:41:01", "elapsed": 58.43042, "delta": 0.253756}}
