{"target": 98.72278245930536, "params": {"x1": 88.00117187499636, "x2": 0.11482187500005625, "x3": -0.4666593749999448, "x4": 0.8269093750000578, "x5": -0.6164500000002304}, "datetime": {"datetime": "2020-10-20 11:29:58", "elapsed": 39.843882, "delta": 0.417577}}
{"target": 99.47023664644492, "params": {"x1": 88.00234374999636, "x2": 0.11013437500005607, "x3": -0.44087812499994383, "x4": 0.8140187500000573, "x5": -0.6164500000002304}, "datetime": {"datetime": "2020-10-20 11:29:58", "elapsed": 40.13962, "delta": 0.295738}}
{"target": 99.61088582595741, "params": {"x1": 88.00937499999634, "x2": 0.1241968750000566, "x3": -0.41509687499994286, "x4": 0.8105031250000572, "x5": -0.6094187500002315}, "datetime": {"datetime": "2020-10-20 11:29:59", "elapsed": 40.707333, "delta": 0.567713}}
{"target": 99.41369234718603, "params": {"x1": 88.01874999999632, "x2": 0.11482187500005625, "x3": -0.4268156249999433, "x4": 0.7929250000000565, "x5": -0.6082468750002317}, "datetime": {"datetime": "2020-10-20 11:30:00", "elapsed": 41.404857, "delta": 0.697524}}
{"target": 99.99395553923785, "params": {"x1": 87.99648437499637, "x2": 0.13357187500005696, "x3": -0.42329999999994317, "x4": 0.8011281250000568, "x5": -0.6340281250002278}, "datetime": {"datetime": "2020-10-20 11:30:00", "elapsed": 41.874712, "delta": 0.469855}}
{"target": 99.96148199808914, "params": {"x1": 87.99296874999638, "x2": 0.1370875000000571, "x3": -0.4244718749999432, "x4": 0.7999562500000568, "x5": -0.6305125000002283}, "datetime": {"datetime": "2020-10-20 11:30:01", "elapsed": 42.470058, "delta": 0.595346}}
{"target": 99.98701689879259, "params": {"x1": 88.00117187499636, "x2": 0.134743750000057, "x3": -0.4244718749999432, "x4": 0.804643750000057, "x5": -0.638715625000227}, "datetime": {"datetime": "2020-10-20 11:30:01", "elapsed": 42.883468, "delta": 0.41341}}
{"target": 99.97438909504417, "params": {"x1": 87.99373951150797, "x2": 0.13349217991123352, "x3": -0.42155289619289915, "x4": 0.8045989400274064, "x5": -0.6382065723423134}, "datetime": {"datetime": "2020-10-20 11:30:01", "elapsed": 43.184944, "delta": 0.301476}}
{"target": 99.98574569382386, "params": {"x1": 88.00277128583753, "x2": 0.13532567344645283, "x3": -0.42422160744550047, "x4": 0.8001187228773415, "x5": -0.639368799375913}, "datetime": {"datetime": "2020-10-20 11:30:02", "elapsed": 43.602751, "delta": 0.417807}}
{"target": 99.96480792456207, "params": {"x1": 88.00616332498527, "x2": 0.1304244289856133, "x3": -0.4196169131486358, "x4": 0.8068277523163935, "x5": -0.6342718141815673}, "datetime": {"datetime": "2020-10-20 11:30:02", "elapsed": 43.980735, "delta": 0.377984}}
{"target": 99.98919706178162, "params": {"x1": 88.00167200320469, "x2": 0.13274264991841284, "x3": -0.4228686448215761, "x4": 0.7992854156546171, "x5": -0.639699259367468}, "datetime": {"datetime": "2020-10-20 11:30:03", "elapsed": 44.519714, "delta": 0.538979}}
{"target": 99.95599708303959, "params": {"x1": 88.0023675146558, "x2": 0.13345592338336404, "x3": -0.42544044754508187, "x4": 0.7939373569689587, "x5": -0.628419779943175}, "datetime": {"datetime": "2020-10-20 11:30:03", "elapsed": 44.823344, "delta": 0.30363}}
{"target": 99.98625543877569, "params": {"x1": 88.00433513034163, "x2": 0.12887717249026293, "x3": -0.4234062122738093, "x4": 0.8027736142217072, "x5": -0.6343806530059183}, "datetime": {"datetime": "2020-10-20 11:30:04", "elapsed": 45.48741, "delta": 0.664066}}
{"target": 99.97138380930318, "params": {"x1": 88.00072520338907, "x2": 0.13655022060816432, "x3": -0.4166199754125677, "x4": 0.7982378605011621, "x5": -0.6345690101352179}, "datetime": {"datetime": "2020-10-20 11:30:04", "elapsed": 45.956366, "delta": 0.468956}}
{"target": 99.88414657225503, "params": {"x1": 87.99486381043154, "x2": 0.1268078338455657, "x3": -0.42826015041331444, "x4": 0.7997091976580382, "x5": -0.6495260406036935}, "datetime": {"datetime": "2020-10-20 11:30:04", "elapsed": 46.219573, "delta": 0.263207}}
{"target": 99.86810521671876, "params": {"x1": 87.98927184831962, "x2": 0.14089113614537022, "x3": -0.4189667657331892, "x4": 0.8122729789358711, "x5": -0.6340763898358835}, "datetime": {"datetime": "2020-10-20 11:30:05", "elapsed": 46.58163, "delta": 0.362057}}
{"target": 99.91385122239407, "params": {"x1": 88.00020996526034, "x2": 0.1418475007678261, "x3": -0.4338553187194571, "x4": 0.803968042025585, "x5": -0.6378533881996389}, "datetime": {"datetime": "2020-10-20 11:30:05", "elapsed": 46.953217, "delta": 0.371587}}
{"target": 99.97221489344695, "params": {"x1": 88.00426388178663, "x2": 0.13370133196869843, "x3": -0.4280866215917059, "x4": 0.7991340134382976, "x5": -0.6399342663080848}, "datetime": {"datetime": "2020-10-20 11:30:06", "elapsed": 47.728817, "delta": 0.7756}}
