{"target": 99.96798349432427, "params": {"x1": 88.00589854023454, "x2": 0.12646465679163726, "x3": -0.4234811170714202, "x4": 0.8041790538211029, "x5": -0.6362577426660753}, "datetime": {"datetime": "2020-10-20 11:41:01", "elapsed": 58.833064, "delta": 0.402644}}
{"target": 99.98069100978506, "params": {"x1": 88.00012763177229, "x2": 0.13592030602581803, "x3": -0.42110411237068945, "x4": 0.7986644115359092, "x5": -0.6401613265890855}, "datetime": {"datetime": "2020-10-20 11:41:02", "elapsed": 59.265434, "delta": 0.43237}}
{"target": 99.9620385301893, "params": {"x1": 87.99430084071273, "x2": 0.13894591414104096, "x3": -0.41933028929077987, "x4": 0.8031103749361762, "x5": -0.6347818186860633}, "datetime": {"datetime": "2020-10-20 11:41:02", "elapsed": 59.773814, "delta": 0.50838}}
{"target": 99.87302577992303, "params": {"x1": 88.00239589661182, "x2": 0.1336709847602988, "x3": -0.4187940929284981, "x4": 0.7965111203564187, "x5": -0.6515672168143882}, "datetime": {"datetime": "2020-10-20 11:41:03", "elapsed": 60.175891, "delta": 0.402077}}
{"target": 99.98648679725083, "params": {"x1": 88.00050055081464, "x2": 0.13447523204020997, "x3": -0.4190325940367488, "x4": 0.8016473016992389, "x5": -0.6319112103027951}, "datetime": {"datetime": "2020-10-20 11:41:03", "elapsed": 60.614713, "delta": 0.438822}}
{"target": 99.95580435939628, "params": {"x1": 87.9937412658548, "x2": 0.1348665496647415, "x3": -0.42897374447483794, "x4": 0.8068272884574392, "x5": -0.6363779804814138}, "datetime": {"datetime": "2020-10-20 11:41:04", "elapsed": 60.978062, "delta": 0.363349}}
{"target": 99.97397044760712, "params": {"x1": 87.99873605554359, "x2": 0.1316619622047856, "x3": -0.4213780029303015, "x4": 0.8062840661656704, "x5": -0.6409787463251219}, "datetime": {"datetime": "2020-10-20 11:41:04", "elapsed": 61.544966, "delta": 0.566904}}
{"target": 99.95934318856261, "params": {"x1": 88.00186605777226, "x2": 0.12620294401091295, "x3": -0.42531509071254764, "x4": 0.7937504512283488, "x5": -0.6347418110330822}, "datetime": {"datetime": "2020-10-20 11:41:05", "elapsed": 61.938317, "delta": 0.393351}}
{"target": 99.94852348828805, "params": {"x1": 88.00715968025865, "x2": 0.12488980488524112, "x3": -0.42509445048048716, "x4": 0.8013270733873318, "x5": -0.6309801564070875}, "datetime": {"datetime": "2020-10-20 11:41:05", "elapsed": 62.450934, "delta": 0.512617}}
{"target": 99.88836463949747, "params": {"x1": 87.99960894508867, "x2": 0.14394032761577663, "x3": -0.42719816358722057, "x4": 0.8126292342715878, "x5": -0.6351092232724881}, "datetime": {"datetime": "2020-10-20 11:41:05", "elapsed": 62.776416, "delta": 0.325482}}
{"target": 99.92211052135502, "params": {"x1": 88.00463407594808, "x2": 0.132104028704748, "x3": -0.4301803045794929, "x4": 0.8069882099954718, "x5": -0.6448102221241112}, "datetime": {"datetime": "2020-10-20 11:41:06", "elapsed": 63.376452, "delta": 0.600036}}
{"target": 99.88925971033598, "params": {"x1": 88.01242834247763, "x2": 0.1303258092820014, "x3": -0.4184734579541704, "x4": 0.8065941427157411, "x5": -0.6270903338504892}, "datetime": {"datetime": "2020-10-20 11:41:06", "elapsed": 63.727929, "delta": 0.351477}}
{"target": 99.9564962333995, "params": {"x1": 87.99721305649472, "x2": 0.13343589817776083, "x3": -0.42657495276459073, "x4": 0.8105113666859602, "x5": -0.633617722892633}, "datetime": {"datetime": "2020-10-20 11:41:07", "elapsed": 64.259451, "delta": 0.531522}}
{"target": 99.90681324815867, "params": {"x1": 88.01167573939269, "x2": 0.1269817854406413, "x3": -0.4180321582204092, "x4": 0.8045187577001102, "x5": -0.640545573692825}, "datetime": {"datetime": "2020-10-20 11:41:07", "elapsed": 64.498254, "delta": 0.238803}}
{"target": 95.63336187430664, "params": {"x1": 88.01786362240524, "x2": 0.18978251420559933, "x3": -0.4392460870443766, "x4": 0.8711638493960325, "x5": -0.68287706659545}, "datetime": {"datetime": "2020-10-20 11:41:07", "elapsed": 64.776422, "delta": 0.278168}}
{"target": 99.78084319832054, "params": {"x1": 88.01760796546586, "x2": 0.1239694277148021, "x3": -0.4206696401032039, "x4": 0.8004208162625867, "x5": -0.6225690485451488}, "datetime": {"datetime": "2020-10-20 11:41:08", "elapsed": 65.155452, "delta": 0.37903}}
{"target": 99.7545651442143, "params": {"x1": 87.99339829975077, "x2": 0.11573979956548343, "x3": -0.42069160158448143, "x4": 0.7957062826002836, "x5": -0.6511944498607628}, "datetime": {"datetime": "2020-10-20 11:41:08", "elapsed": 65.569299, "delta": 0.413847}}
