{"target": 90.43704000115385, "params": {"x1": 87.93646774850382, "x2": 0.826490049655434, "x3": -1.1384234641734448, "x4": 1.0888349420938879, "x5": 0.33044220205517205}, "datetime": {"datetime": "2020-10-19 22:09:05", "elapsed": 165.968853, "delta": 0.618735}}
{"target": 95.99037659978205, "params": {"x1": 87.99476812473935, "x2": 0.8584549322188341, "x3": -1.2876943251523134, "x4": 1.1703377862463378, "x5": 0.1598455345650185}, "datetime": {"datetime": "2020-10-19 22:09:05", "elapsed": 166.595449, "delta": 0.626596}}
{"target": 90.54941260443917, "params": {"x1": 88.76096154702842, "x2": 0.5183922028306241, "x3": -1.3634422212752642, "x4": 1.1124167614469374, "x5": 0.11602381272325046}, "datetime": {"datetime": "2020-10-19 22:09:06", "elapsed": 167.198134, "delta": 0.602685}}
{"target": 86.96109975899947, "params": {"x1": 88.10122137050506, "x2": 0.8301840112344671, "x3": -1.3844212205974993, "x4": 0.7940267298311545, "x5": 0.737045404560378}, "datetime": {"datetime": "2020-10-19 22:09:07", "elapsed": 167.920484, "delta": 0.72235}}
{"target": 78.97988264820307, "params": {"x1": 87.1464496820915, "x2": -0.09715600987410256, "x3": 0.5759630702575966, "x4": 2.5011218182420265, "x5": 1.540819282893051}, "datetime": {"datetime": "2020-10-19 22:09:07", "elapsed": 168.237344, "delta": 0.31686}}
{"target": 88.01201490853623, "params": {"x1": 88.51183788812472, "x2": 0.6652694324205094, "x3": -1.152959326085466, "x4": 1.0377560931087315, "x5": 0.3318100197584284}, "datetime": {"datetime": "2020-10-19 22:09:08", "elapsed": 168.820277, "delta": 0.582933}}
{"target": 94.29736010816153, "params": {"x1": 88.17437555872276, "x2": 0.8456247599174022, "x3": -1.3931566648189226, "x4": 1.4644310324708172, "x5": -0.11184649865357277}, "datetime": {"datetime": "2020-10-19 22:09:08", "elapsed": 169.408876, "delta": 0.588599}}
{"target": 88.9602148806208, "params": {"x1": 87.64357544239984, "x2": 1.015707672142129, "x3": -1.0288484852117217, "x4": 0.697232916434732, "x5": 0.09052384175098349}, "datetime": {"datetime": "2020-10-19 22:09:09", "elapsed": 170.018766, "delta": 0.60989}}
{"target": 92.59194163022255, "params": {"x1": 88.06628563435108, "x2": 0.7315543625599402, "x3": -1.2654691358968362, "x4": 1.0459589444155675, "x5": 0.017525165454184366}, "datetime": {"datetime": "2020-10-19 22:09:10", "elapsed": 170.744756, "delta": 0.72599}}
{"target": 82.66449721727517, "params": {"x1": 88.8125924425546, "x2": 1.4061059116099797, "x3": -0.09869676334160249, "x4": 0.8811672477364507, "x5": 0.45400950182619115}, "datetime": {"datetime": "2020-10-19 22:09:10", "elapsed": 171.089868, "delta": 0.345112}}
{"target": 94.5778253672795, "params": {"x1": 87.81421993338328, "x2": 0.7343540655119016, "x3": -0.8727563530242981, "x4": 0.6799293378993841, "x5": 0.1493866925771507}, "datetime": {"datetime": "2020-10-19 22:09:11", "elapsed": 171.73608, "delta": 0.646212}}
{"target": 65.72420096679126, "params": {"x1": 90.971552578755, "x2": 0.881244044627599, "x3": 1.0559794805551663, "x4": -0.09544444823859721, "x5": 1.9558673314051058}, "datetime": {"datetime": "2020-10-19 22:09:11", "elapsed": 172.062518, "delta": 0.326438}}
{"target": 88.1920230790581, "params": {"x1": 87.87180639520811, "x2": 1.0964264581103675, "x3": -1.3367101175712885, "x4": 1.0107748852935787, "x5": 0.4922635283047476}, "datetime": {"datetime": "2020-10-19 22:09:11", "elapsed": 172.545849, "delta": 0.483331}}
{"target": 93.54895925313804, "params": {"x1": 88.62256597516819, "x2": 0.30399989106305364, "x3": -1.4207139356691942, "x4": 1.3567606883703032, "x5": 0.2809226669977629}, "datetime": {"datetime": "2020-10-19 22:09:12", "elapsed": 173.306145, "delta": 0.760296}}
{"target": 89.83536471473283, "params": {"x1": 88.12458990540316, "x2": 0.6783878297225984, "x3": -1.3808094621436997, "x4": 1.1323535938996765, "x5": -0.18342872233011565}, "datetime": {"datetime": "2020-10-19 22:09:13", "elapsed": 173.809931, "delta": 0.503786}}
{"target": 90.40239838454204, "params": {"x1": 89.05100567491989, "x2": 0.7238921400906299, "x3": -1.4169939184465932, "x4": 1.0064203978693762, "x5": 0.7545591465819232}, "datetime": {"datetime": "2020-10-19 22:09:13", "elapsed": 174.422993, "delta": 0.613062}}
{"target": 90.6962594821688, "params": {"x1": 89.00361067611712, "x2": 0.2692614290966123, "x3": -1.4233, "x4": 1.4163547941413241, "x5": 0.7715944117065121}, "datetime": {"datetime": "2020-10-19 22:09:14", "elapsed": 175.135504, "delta": 0.712511}}
{"target": 82.35360059686744, "params": {"x1": 87.09731202266089, "x2": -0.40694801693910965, "x3": -0.49344818085754905, "x4": 1.3196899890962965, "x5": -1.4930227886232303}, "datetime": {"datetime": "2020-10-19 22:09:14", "elapsed": 175.489333, "delta": 0.353829}}
{"target": 71.8394144303585, "params": {"x1": 90.64489948559708, "x2": 2.1574354516438436, "x3": -0.5392330263725096, "x4": 2.540989527655218, "x5": -1.317566954989413}, "datetime": {"datetime": "2020-10-19 22:09:15", "elapsed": 175.823628, "delta": 0.334295}}
{"target": 67.69422361584431, "params": {"x1": 89.88494539840147, "x2": 2.2031909655069, "x3": 0.2570356114091046, "x4": 3.2989530456312517, "x5": 1.9031834634859985}, "datetime": {"datetime": "2020-10-19 22:09:15", "elapsed": 176.153436, "delta": 0.329808}}
{"target": 75.76768550210862, "params": {"x1": 87.83104873625159, "x2": -0.0656419554782196, "x3": -0.7498725202117804, "x4": 3.640745754985349, "x5": 0.9537168609152336}, "datetime": {"datetime": "2020-10-19 22:09:15", "elapsed": 176.50047, "delta": 0.347034}}
{"target": 88.46421973267319, "params": {"x1": 87.77394875691462, "x2": -0.34194367384339774, "x3": 1.342940126705767, "x4": 1.9408550842953265, "x5": -0.3478140352899397}, "datetime": {"datetime": "2020-10-19 22:09:16", "elapsed": 176.84319, "delta": 0.34272}}
{"target": 93.70359655358025, "params": {"x1": 88.31447192092347, "x2": 0.7455222300582273, "x3": -1.3292153900550348, "x4": 0.9366644641039407, "x5": 0.1767073590288595}, "datetime": {"datetime": "2020-10-19 22:09:16", "elapsed": 177.363013, "delta": 0.519823}}
{"target": 80.18547546419751, "params": {"x1": 88.43043430576826, "x2": -0.18279180577724052, "x3": 0.5059661008820651, "x4": 1.312075040150123, "x5": 2.2794978730589}, "datetime": {"datetime": "2020-10-19 22:09:17", "elapsed": 177.738008, "delta": 0.374995}}
{"target": 88.99902518630944, "params": {"x1": 88.01996127871266, "x2": 0.655281744049608, "x3": -1.3512975435792225, "x4": 1.0328763348832715, "x5": -0.24853464586543494}, "datetime": {"datetime": "2020-10-19 22:09:17", "elapsed": 178.376289, "delta": 0.638281}}
{"target": 91.55659993401302, "params": {"x1": 87.6301569727628, "x2": 0.8787792916669325, "x3": -0.8353137048774644, "x4": 0.6774129641993467, "x5": 0.22676291638636248}, "datetime": {"datetime": "2020-10-19 22:09:18", "elapsed": 178.967842, "delta": 0.591553}}
{"target": 94.7617449537008, "params": {"x1": 87.9540472541172, "x2": 0.858602380331535, "x3": -1.2718538930452215, "x4": 1.1785067425342743, "x5": 0.17374966320399837}, "datetime": {"datetime": "2020-10-19 22:09:18", "elapsed": 179.589845, "delta": 0.622003}}
{"target": 89.05676308139758, "params": {"x1": 87.83365989014582, "x2": -0.5571158206375648, "x3": 0.4151836210343007, "x4": 2.6842842056758074, "x5": 0.0753047601524169}, "datetime": {"datetime": "2020-10-19 22:09:19", "elapsed": 180.336795, "delta": 0.74695}}
{"target": 91.97901939728924, "params": {"x1": 88.27570388045245, "x2": 0.5696468928614621, "x3": -1.3818758729869673, "x4": 1.4550356901101018, "x5": 0.07868274365217753}, "datetime": {"datetime": "2020-10-19 22:09:20", "elapsed": 181.076108, "delta": 0.739313}}
{"target": 77.49075617370545, "params": {"x1": 90.21643123961583, "x2": -0.17756034883442606, "x3": 1.2414021002961302, "x4": 0.9197037403793591, "x5": 1.5883291822491763}, "datetime": {"datetime": "2020-10-19 22:09:20", "elapsed": 181.426473, "delta": 0.350365}}
{"target": 90.92590963462963, "params": {"x1": 88.99563502302058, "x2": 0.31326941167469197, "x3": -1.40703905142434, "x4": 1.3523585067221742, "x5": 0.731010455351121}, "datetime": {"datetime": "2020-10-19 22:09:21", "elapsed": 182.094261, "delta": 0.667788}}
{"target": 89.94274145863324, "params": {"x1": 88.50167833448482, "x2": 0.2057889270117771, "x3": -1.214339903831737, "x4": 1.4811822640062557, "x5": 0.02683818457403686}, "datetime": {"datetime": "2020-10-19 22:09:22", "elapsed": 182.729566, "delta": 0.635305}}
{"target": 82.5979640611143, "params": {"x1": 90.10648487199175, "x2": 0.08241531813192438, "x3": 1.4155582256384525, "x4": 0.584884989391474, "x5": 0.46477936861235203}, "datetime": {"datetime": "2020-10-19 22:09:22", "elapsed": 183.10656, "delta": 0.376994}}
{"target": 72.68171502446593, "params": {"x1": 87.64524761965737, "x2": 2.199143820039512, "x3": -0.5087372425950625, "x4": 2.0515864780220943, "x5": 2.262510218284728}, "datetime": {"datetime": "2020-10-19 22:09:22", "elapsed": 183.473751, "delta": 0.367191}}
{"target": 69.70378728485036, "params": {"x1": 90.22306427526148, "x2": 2.1045651500081193, "x3": -0.6882363107152536, "x4": 1.0548627983332401, "x5": 2.2173138938860326}, "datetime": {"datetime": "2020-10-19 22:09:23", "elapsed": 183.839301, "delta": 0.36555}}
{"target": 88.54827157783669, "params": {"x1": 87.75628907170677, "x2": -0.32062990783886913, "x3": 1.3244646147641808, "x4": 1.8583451755409064, "x5": -0.3745055832203631}, "datetime": {"datetime": "2020-10-19 22:09:23", "elapsed": 184.416285, "delta": 0.576984}}
{"target": 88.84867876507444, "params": {"x1": 88.41934669952826, "x2": 0.8497219419420173, "x3": -1.3326391782487963, "x4": 1.2526545821301227, "x5": 0.1654886818328143}, "datetime": {"datetime": "2020-10-19 22:09:24", "elapsed": 185.095291, "delta": 0.679006}}
{"target": 75.57676440241764, "params": {"x1": 89.01667830943641, "x2": 2.9872681827357463, "x3": 0.2804894053789202, "x4": 0.26734631287922395, "x5": -1.3425753142073662}, "datetime": {"datetime": "2020-10-19 22:09:24", "elapsed": 185.475992, "delta": 0.380701}}
{"target": 89.86142936301495, "params": {"x1": 87.92572703046375, "x2": 0.7148709743771055, "x3": -1.263092712643277, "x4": 1.1813099725800413, "x5": -0.3566755905199137}, "datetime": {"datetime": "2020-10-19 22:09:25", "elapsed": 186.071979, "delta": 0.595987}}
{"target": 95.70668189622528, "params": {"x1": 87.75894367247672, "x2": 0.7732941785380147, "x3": -0.8439709857073742, "x4": 0.7323765532302099, "x5": -0.06204670050061138}, "datetime": {"datetime": "2020-10-19 22:09:26", "elapsed": 186.831966, "delta": 0.759987}}
{"target": 85.68021187582374, "params": {"x1": 89.09700685230368, "x2": 0.17693436518394756, "x3": 0.903458695502046, "x4": 0.7576218836951172, "x5": -0.7432923822193371}, "datetime": {"datetime": "2020-10-19 22:09:26", "elapsed": 187.186035, "delta": 0.354069}}
{"target": 89.66163636826808, "params": {"x1": 88.42881328921275, "x2": 0.38348817440555416, "x3": -1.3543603175060006, "x4": 1.6318920003336566, "x5": 0.2859094204645045}, "datetime": {"datetime": "2020-10-19 22:09:26", "elapsed": 187.680503, "delta": 0.494468}}
{"target": 66.3825392465615, "params": {"x1": 89.52608668574489, "x2": 3.103150274062138, "x3": -0.187045173135038, "x4": 3.656806923563291, "x5": -0.6039120611076074}, "datetime": {"datetime": "2020-10-19 22:09:27", "elapsed": 188.045262, "delta": 0.364759}}
{"target": 92.79180667618637, "params": {"x1": 88.01390812457191, "x2": 0.8748917026346857, "x3": -1.2743647028464968, "x4": 1.1521363508186953, "x5": 0.1603622616803519}, "datetime": {"datetime": "2020-10-19 22:09:28", "elapsed": 188.756064, "delta": 0.710802}}
{"target": 89.7475482476849, "params": {"x1": 88.97546858285324, "x2": 0.7166553096659544, "x3": -1.3857041870099762, "x4": 0.8234221528296042, "x5": 0.7604862684246518}, "datetime": {"datetime": "2020-10-19 22:09:28", "elapsed": 189.474837, "delta": 0.718773}}
{"target": 92.23810603854061, "params": {"x1": 88.54579636860498, "x2": 0.7485012552772579, "x3": -1.4174881160953887, "x4": 1.0419213864985517, "x5": 0.23943354075600942}, "datetime": {"datetime": "2020-10-19 22:09:29", "elapsed": 190.383031, "delta": 0.908194}}
