{"target": -99.99856944224096, "params": {"x1": 87.75106601410772, "x2": 0.7933734803264745, "x3": -1.9229568755479653, "x4": 0.20929771789551932, "x5": -1.6949323275486612}, "datetime": {"datetime": "2020-10-20 14:22:26", "elapsed": 0.0, "delta": 0.0}}
{"target": -99.99999994512329, "params": {"x1": 88.99468332395931, "x2": -1.3618551255430689, "x3": 1.0313577605894373, "x4": 1.748996325456264, "x5": 0.6807038910901047}, "datetime": {"datetime": "2020-10-20 14:22:27", "elapsed": 0.149269, "delta": 0.149269}}
{"target": -99.9999999678009, "params": {"x1": 88.99662322754335, "x2": 1.5342844342751483, "x3": -1.9119935323693982, "x4": -0.6938148928201076, "x5": -2.1012525900088974}, "datetime": {"datetime": "2020-10-20 14:22:27", "elapsed": 0.381988, "delta": 0.232719}}
{"target": -99.99999996843263, "params": {"x1": 86.5, "x2": -1.0675999999999999, "x3": 1.0767000000000004, "x4": 2.3023, "x5": -1.2352}, "datetime": {"datetime": "2020-10-20 14:22:27", "elapsed": 0.716011, "delta": 0.334023}}
{"target": -99.99999996877655, "params": {"x1": 87.1, "x2": 1.6324000000000005, "x3": -1.6233, "x4": -0.6977, "x5": 0.8648000000000002}, "datetime": {"datetime": "2020-10-20 14:22:27", "elapsed": 1.100095, "delta": 0.384084}}
{"target": -99.99999995885221, "params": {"x1": 86.5, "x2": -1.3676, "x3": 0.7767000000000002, "x4": 2.3023, "x5": -2.1352}, "datetime": {"datetime": "2020-10-20 14:22:28", "elapsed": 1.559601, "delta": 0.459506}}
{"target": -99.99999997509981, "params": {"x1": 89.19999999999997, "x2": 1.6324000000000005, "x3": -1.6233, "x4": -0.3977, "x5": 0.8648000000000002}, "datetime": {"datetime": "2020-10-20 14:22:28", "elapsed": 1.999597, "delta": 0.439996}}
{"target": -99.99999995893558, "params": {"x1": 89.49999999999997, "x2": 1.6324000000000005, "x3": -1.9233, "x4": -0.3977, "x5": -2.1352}, "datetime": {"datetime": "2020-10-20 14:22:29", "elapsed": 2.467354, "delta": 0.467757}}
{"target": -99.99999997409057, "params": {"x1": 87.04000000000002, "x2": -1.2775999999999998, "x3": 1.0467000000000024, "x4": 2.1823000000000023, "x5": -2.0752000000000006}, "datetime": {"datetime": "2020-10-20 14:22:29", "elapsed": 2.844157, "delta": 0.376803}}
{"target": -99.99999994217958, "params": {"x1": 89.44000000000011, "x2": -1.1575999999999997, "x3": -1.7732999999999999, "x4": -0.6376999999999999, "x5": 0.05479999999998553}, "datetime": {"datetime": "2020-10-20 14:22:30", "elapsed": 3.374316, "delta": 0.530159}}
{"target": -99.99999996700673, "params": {"x1": 86.53, "x2": 1.6024000000000025, "x3": 0.8967000000000025, "x4": 2.0923000000000025, "x5": -1.415200000000005}, "datetime": {"datetime": "2020-10-20 14:22:30", "elapsed": 3.986366, "delta": 0.61205}}
{"target": -99.99999975379887, "params": {"x1": 86.53, "x2": -0.4375999999999991, "x3": -1.5032999999999996, "x4": -0.6076999999999999, "x5": 0.7147999999999812}, "datetime": {"datetime": "2020-10-20 14:22:31", "elapsed": 4.558544, "delta": 0.572178}}
{"target": -99.99999997280784, "params": {"x1": 89.44000000000011, "x2": 1.0324000000000022, "x3": -1.9233, "x4": 2.1823000000000023, "x5": 0.7747999999999808}, "datetime": {"datetime": "2020-10-20 14:22:31", "elapsed": 5.004267, "delta": 0.445723}}
{"target": -99.99999996214734, "params": {"x1": 86.53095615746194, "x2": 1.0654776407394322, "x3": 0.4547503379485407, "x4": -0.6788556881774451, "x5": -2.0697257107568072}, "datetime": {"datetime": "2020-10-20 14:22:32", "elapsed": 5.690231, "delta": 0.685964}}
{"target": -99.99999996538484, "params": {"x1": 89.4856153134054, "x2": -1.3246506817672523, "x3": -1.7353647886210206, "x4": 2.2397688105236684, "x5": -2.116899371272058}, "datetime": {"datetime": "2020-10-20 14:22:33", "elapsed": 6.329618, "delta": 0.639387}}
{"target": -99.99999943636357, "params": {"x1": 86.51557312677623, "x2": -1.1474996828377397, "x3": -1.8406712538458425, "x4": 0.10473997515197286, "x5": -1.5199869086777875}, "datetime": {"datetime": "2020-10-20 14:22:33", "elapsed": 7.000628, "delta": 0.67101}}
{"target": -99.99999749754511, "params": {"x1": 89.14803988358676, "x2": 1.5360583811622104, "x3": -0.4366139394043227, "x4": 2.2476630663644803, "x5": 0.5384746623230185}, "datetime": {"datetime": "2020-10-20 14:22:34", "elapsed": 7.551261, "delta": 0.550633}}
{"target": -99.99999996790983, "params": {"x1": 86.54108547600326, "x2": -1.2685582866807197, "x3": 1.0715796874460095, "x4": 1.499111536203922, "x5": 0.8591662022401989}, "datetime": {"datetime": "2020-10-20 14:22:35", "elapsed": 8.160762, "delta": 0.609501}}
{"target": -99.99999899057062, "params": {"x1": 89.42372167840648, "x2": -1.092468577489436, "x3": 0.9063484998292795, "x4": 1.0096695999931729, "x5": -1.9858715615298173}, "datetime": {"datetime": "2020-10-20 14:22:35", "elapsed": 8.872857, "delta": 0.712095}}
{"target": -99.99999992545631, "params": {"x1": 86.5007245937767, "x2": -0.9964395116543642, "x3": 0.2968825446617023, "x4": 2.084878623908774, "x5": -2.081089364888954}, "datetime": {"datetime": "2020-10-20 14:22:36", "elapsed": 9.500104, "delta": 0.627247}}
{"target": -99.9999999583093, "params": {"x1": 86.95955184335862, "x2": 1.4247802745438025, "x3": -1.8826873029229534, "x4": -0.48266570253054586, "x5": 0.7589672908675142}, "datetime": {"datetime": "2020-10-20 14:22:37", "elapsed": 10.155959, "delta": 0.655855}}
{"target": -99.9999999608303, "params": {"x1": 88.88229102317867, "x2": 1.0154879199479527, "x3": 1.0111157694456903, "x4": 2.2984394294610793, "x5": -2.087975791298716}, "datetime": {"datetime": "2020-10-20 14:22:37", "elapsed": 10.896103, "delta": 0.740144}}
{"target": -99.9999986279767, "params": {"x1": 86.90998213656958, "x2": 1.6297735140994747, "x3": -0.46773669488029546, "x4": -0.25106597504164774, "x5": -2.072403292541625}, "datetime": {"datetime": "2020-10-20 14:22:38", "elapsed": 11.403705, "delta": 0.507602}}
{"target": -99.99995539814263, "params": {"x1": 86.79750350141404, "x2": 1.0879897904315894, "x3": 0.9016881873018703, "x4": -0.47075261269647883, "x5": -1.3797159869163476}, "datetime": {"datetime": "2020-10-20 14:22:38", "elapsed": 12.053407, "delta": 0.649702}}
{"target": -99.99998192007929, "params": {"x1": 89.47957612066983, "x2": 1.2421035252623382, "x3": -1.1362335495396194, "x4": 1.4290522814372826, "x5": 0.6823130592188722}, "datetime": {"datetime": "2020-10-20 14:22:39", "elapsed": 12.817892, "delta": 0.764485}}
{"target": -99.99999635759863, "params": {"x1": 89.30402091324191, "x2": 0.18299887030625417, "x3": -1.8607967727452095, "x4": 0.7469720633353119, "x5": 0.8580550842116832}, "datetime": {"datetime": "2020-10-20 14:22:40", "elapsed": 13.449563, "delta": 0.631671}}
{"target": -99.99999365025941, "params": {"x1": 89.35284094335279, "x2": 1.2794526961925072, "x3": -0.602019752821219, "x4": -0.291504272306502, "x5": 0.8216315162372014}, "datetime": {"datetime": "2020-10-20 14:22:40", "elapsed": 14.067172, "delta": 0.617609}}
{"target": -99.99999994539938, "params": {"x1": 86.58035573476172, "x2": -0.8156230324842769, "x3": 1.001571931230065, "x4": -0.6272582066664395, "x5": 0.46984012574600476}, "datetime": {"datetime": "2020-10-20 14:22:41", "elapsed": 14.776309, "delta": 0.709137}}
{"target": -99.99999727449044, "params": {"x1": 88.44170585856646, "x2": -1.3208101112135382, "x3": 0.18277033687577693, "x4": 2.2658473166848827, "x5": 0.62151102110208}, "datetime": {"datetime": "2020-10-20 14:22:42", "elapsed": 15.51021, "delta": 0.733901}}
{"target": -99.99999762180045, "params": {"x1": 86.7902999531832, "x2": 0.14875330933409736, "x3": -1.7439129772822795, "x4": -0.5417673324944865, "x5": 0.7568832784854811}, "datetime": {"datetime": "2020-10-20 14:22:43", "elapsed": 16.218353, "delta": 0.708143}}
{"target": -99.99998959168215, "params": {"x1": 89.38716436075664, "x2": -0.9281150285093267, "x3": -1.613164330318547, "x4": 1.0102556444185724, "x5": 0.757920103719671}, "datetime": {"datetime": "2020-10-20 14:22:43", "elapsed": 16.87022, "delta": 0.651867}}
{"target": -99.99998507636361, "params": {"x1": 89.25735659027131, "x2": 1.523666694978711, "x3": 0.6605413932396378, "x4": 0.1983196246940191, "x5": -1.8585421097043509}, "datetime": {"datetime": "2020-10-20 14:22:44", "elapsed": 17.49067, "delta": 0.62045}}
{"target": -99.99998587055157, "params": {"x1": 89.40377508530204, "x2": -1.265503634461984, "x3": -1.3928556134728463, "x4": -0.10075830678378994, "x5": 0.22239117778284356}, "datetime": {"datetime": "2020-10-20 14:22:45", "elapsed": 18.189516, "delta": 0.698846}}
{"target": -99.99999858086315, "params": {"x1": 88.29529326906103, "x2": 1.3532836990486206, "x3": -1.8969332214878056, "x4": 1.4287473622542264, "x5": -2.1274129541047744}, "datetime": {"datetime": "2020-10-20 14:22:45", "elapsed": 18.696717, "delta": 0.507201}}
{"target": -99.99999937738929, "params": {"x1": 89.4686645390445, "x2": 0.02119552782322698, "x3": 0.12019424436072845, "x4": -0.6833136258591352, "x5": -2.0099188626665376}, "datetime": {"datetime": "2020-10-20 14:22:46", "elapsed": 19.429347, "delta": 0.73263}}
{"target": -99.99999970270738, "params": {"x1": 89.49859747123969, "x2": 0.5781216044902011, "x3": -1.871872492178495, "x4": 2.2301380372955846, "x5": -0.2921442927002378}, "datetime": {"datetime": "2020-10-20 14:22:46", "elapsed": 20.06965, "delta": 0.640303}}
{"target": -99.99999990620128, "params": {"x1": 88.19335451047763, "x2": 1.4622586869510141, "x3": -1.8958860287221557, "x4": -0.6165669403392929, "x5": 0.6741205468347462}, "datetime": {"datetime": "2020-10-20 14:22:47", "elapsed": 20.726869, "delta": 0.657219}}
{"target": -99.99999847013001, "params": {"x1": 86.5679394106676, "x2": 1.5994207802256062, "x3": 0.09399068398125743, "x4": 1.7361603675488653, "x5": -1.8443532168868297}, "datetime": {"datetime": "2020-10-20 14:22:48", "elapsed": 21.384789, "delta": 0.65792}}
{"target": -99.9946466066651, "params": {"x1": 86.90639406443259, "x2": -0.06566253610704909, "x3": -1.535461156353678, "x4": -0.16583739473212478, "x5": 0.46029906059885306}, "datetime": {"datetime": "2020-10-20 14:22:49", "elapsed": 22.199962, "delta": 0.815173}}
{"target": -99.99993856665316, "params": {"x1": 86.58209167822689, "x2": -0.04735440763821108, "x3": -1.7060269179194407, "x4": 0.8586916170985894, "x5": 0.7256188957826755}, "datetime": {"datetime": "2020-10-20 14:22:49", "elapsed": 22.88463, "delta": 0.684668}}
{"target": -99.99999994577293, "params": {"x1": 86.52965148106293, "x2": -1.3148830259468869, "x3": -1.0018700989163498, "x4": -0.19487173385184997, "x5": -2.100225007579356}, "datetime": {"datetime": "2020-10-20 14:22:50", "elapsed": 23.609455, "delta": 0.724825}}
{"target": -99.99997851039552, "params": {"x1": 89.28596490693702, "x2": -0.9970451278470877, "x3": -1.9198475160171893, "x4": 0.147557191060827, "x5": -0.11866459304038113}, "datetime": {"datetime": "2020-10-20 14:22:51", "elapsed": 24.207183, "delta": 0.597728}}
{"target": -99.9999264038061, "params": {"x1": 86.68509695759761, "x2": 1.331992728897542, "x3": -1.8058921240138366, "x4": 0.13630653485154098, "x5": -0.05813525627589655}, "datetime": {"datetime": "2020-10-20 14:22:51", "elapsed": 24.856175, "delta": 0.648992}}
{"target": -99.99998197411605, "params": {"x1": 88.46867301317214, "x2": 0.8840624519886271, "x3": -1.8062969067245558, "x4": 2.2630248462533356, "x5": 0.4561519865531998}, "datetime": {"datetime": "2020-10-20 14:22:52", "elapsed": 25.535983, "delta": 0.679808}}
{"target": -99.99997776250753, "params": {"x1": 86.7590040675719, "x2": -0.5610178776184648, "x3": -1.565899190862643, "x4": -0.5981399987693496, "x5": -1.7122131968501229}, "datetime": {"datetime": "2020-10-20 14:22:53", "elapsed": 26.213105, "delta": 0.677122}}
{"target": -99.99980182861776, "params": {"x1": 87.47356114291821, "x2": -0.6446073533723746, "x3": 0.4577084662117923, "x4": -0.68541694943067, "x5": -1.7883193565851085}, "datetime": {"datetime": "2020-10-20 14:22:53", "elapsed": 26.928602, "delta": 0.715497}}
{"target": -99.99965589551483, "params": {"x1": 89.11835510768577, "x2": 0.8042618432154645, "x3": -0.9869349578609352, "x4": -0.4501386157304855, "x5": 0.7173680754478164}, "datetime": {"datetime": "2020-10-20 14:22:54", "elapsed": 27.715108, "delta": 0.786506}}
{"target": -99.99999997193993, "params": {"x1": 86.52865803496329, "x2": 1.4568742231257779, "x3": -1.7395987342613068, "x4": -0.6545072241946169, "x5": 0.2766887036022778}, "datetime": {"datetime": "2020-10-20 14:22:55", "elapsed": 28.418758, "delta": 0.70365}}
{"target": -99.9999812868285, "params": {"x1": 86.59893740704796, "x2": -1.1490910110124686, "x3": 0.6887174521918074, "x4": 1.8512587686075699, "x5": 0.10365354313101083}, "datetime": {"datetime": "2020-10-20 14:22:56", "elapsed": 29.352299, "delta": 0.933541}}
{"target": -99.99938931657152, "params": {"x1": 88.80651730476896, "x2": 1.5204205599397174, "x3": 0.8298763865134273, "x4": 0.43536801930723046, "x5": -1.5457816534879496}, "datetime": {"datetime": "2020-10-20 14:22:56", "elapsed": 30.072515, "delta": 0.720216}}
{"target": -99.99594515974178, "params": {"x1": 86.82658870317161, "x2": -0.8124719834867657, "x3": -0.3036619175656343, "x4": 0.40422386846588343, "x5": 0.7440870352299762}, "datetime": {"datetime": "2020-10-20 14:22:57", "elapsed": 30.790169, "delta": 0.717654}}
{"target": -99.99845428678928, "params": {"x1": 86.63910627895692, "x2": 0.7871017334120252, "x3": -0.46715821588209017, "x4": -0.6212615012665199, "x5": -0.7739411257210889}, "datetime": {"datetime": "2020-10-20 14:22:58", "elapsed": 31.535615, "delta": 0.745446}}
{"target": -99.99999779415364, "params": {"x1": 87.90570711291913, "x2": 1.4522967815674996, "x3": 0.27977509539163026, "x4": 2.2803441012424965, "x5": 0.7829587496113395}, "datetime": {"datetime": "2020-10-20 14:22:58", "elapsed": 32.132986, "delta": 0.597371}}
{"target": -99.99997894492871, "params": {"x1": 86.55095334538355, "x2": -0.11710923694123121, "x3": -1.4548288042209703, "x4": 0.2542246070948475, "x5": 0.8285029108474959}, "datetime": {"datetime": "2020-10-20 14:22:59", "elapsed": 32.65312, "delta": 0.520134}}
{"target": -99.98381033556674, "params": {"x1": 88.2836432179876, "x2": 1.165172724418067, "x3": 0.4416242610205823, "x4": 1.394947341070359, "x5": 0.6833270037478512}, "datetime": {"datetime": "2020-10-20 14:23:00", "elapsed": 33.464289, "delta": 0.811169}}
{"target": -99.99829524038883, "params": {"x1": 87.56313186018653, "x2": 0.6306200190056752, "x3": 0.8075708308048817, "x4": 0.8370164646052018, "x5": 0.8476221028034732}, "datetime": {"datetime": "2020-10-20 14:23:00", "elapsed": 33.874838, "delta": 0.410549}}
{"target": -99.9999962325276, "params": {"x1": 87.82121695649535, "x2": 1.554824494731169, "x3": 1.0697576801028845, "x4": 1.1172309888271923, "x5": 0.6660814550945791}, "datetime": {"datetime": "2020-10-20 14:23:01", "elapsed": 34.467, "delta": 0.592162}}
{"target": -99.99999997616455, "params": {"x1": 89.39227945273045, "x2": 1.2662439119252884, "x3": 1.0392772076886134, "x4": -0.499111193676002, "x5": 0.7653646683037216}, "datetime": {"datetime": "2020-10-20 14:23:02", "elapsed": 35.212928, "delta": 0.745928}}
{"target": -99.99999996315519, "params": {"x1": 87.53041705286027, "x2": 1.5436166062232597, "x3": 1.0572187292051007, "x4": 2.171675837160822, "x5": 0.7358718755518714}, "datetime": {"datetime": "2020-10-20 14:23:02", "elapsed": 36.015683, "delta": 0.802755}}
{"target": -99.99999995939748, "params": {"x1": 86.7726736229752, "x2": 1.5891270602568457, "x3": 1.0375784379334239, "x4": 0.4490945893870406, "x5": 0.8084708957994446}, "datetime": {"datetime": "2020-10-20 14:23:03", "elapsed": 36.903559, "delta": 0.887876}}
{"target": -99.99999996137308, "params": {"x1": 86.71351549677281, "x2": 1.3201855177344393, "x3": 0.9176392364510402, "x4": -0.4176118277001428, "x5": 0.8438772775013756}, "datetime": {"datetime": "2020-10-20 14:23:04", "elapsed": 37.688561, "delta": 0.785002}}
{"target": -99.9999996691594, "params": {"x1": 86.88641166876795, "x2": 1.26477120273073, "x3": 1.031752982790011, "x4": 2.10097931204312, "x5": 0.5850221853464839}, "datetime": {"datetime": "2020-10-20 14:23:05", "elapsed": 38.458617, "delta": 0.770056}}
{"target": -99.9999999675835, "params": {"x1": 86.89375506756214, "x2": 1.4236605921457142, "x3": 0.7403263641390947, "x4": 2.2404505268715376, "x5": 0.8452918340355442}, "datetime": {"datetime": "2020-10-20 14:23:06", "elapsed": 39.308056, "delta": 0.849439}}
{"target": -99.99999997645304, "params": {"x1": 89.41872475130756, "x2": 1.2784905659666332, "x3": 1.0305355620541674, "x4": 2.12456914539647, "x5": 0.7335200188555282}, "datetime": {"datetime": "2020-10-20 14:23:07", "elapsed": 40.167083, "delta": 0.859027}}
{"target": -99.99999997070516, "params": {"x1": 89.42621009559724, "x2": 1.5764210057034749, "x3": 0.9726207222157666, "x4": -0.6536801208881189, "x5": 0.7380586374889893}, "datetime": {"datetime": "2020-10-20 14:23:07", "elapsed": 41.055298, "delta": 0.888215}}
{"target": -99.99999992829103, "params": {"x1": 87.27553222048061, "x2": 1.5788644636180935, "x3": 0.9053717510461936, "x4": 2.272669968615424, "x5": 0.5386517270743636}, "datetime": {"datetime": "2020-10-20 14:23:08", "elapsed": 41.94716, "delta": 0.891862}}
{"target": -99.9999999601254, "params": {"x1": 86.51015081947035, "x2": 1.3787961091819372, "x3": 0.6517449162072835, "x4": -0.4740195191974197, "x5": 0.7328308454453087}, "datetime": {"datetime": "2020-10-20 14:23:09", "elapsed": 42.838175, "delta": 0.891015}}
{"target": -99.99999965624473, "params": {"x1": 88.61630611165822, "x2": -1.2302639334883445, "x3": 0.9765537508715891, "x4": 2.156214497954058, "x5": 0.6303877467306243}, "datetime": {"datetime": "2020-10-20 14:23:10", "elapsed": 43.780257, "delta": 0.942082}}
{"target": -99.99999997378544, "params": {"x1": 86.68926480359234, "x2": -1.2580634440132594, "x3": 1.0756312165959134, "x4": 2.190371417884455, "x5": 0.29538526320415315}, "datetime": {"datetime": "2020-10-20 14:23:11", "elapsed": 44.804755, "delta": 1.024498}}
{"target": -99.99999996928688, "params": {"x1": 89.49511880094516, "x2": 1.4388199887974724, "x3": 1.0570861874832296, "x4": 2.2247759965837197, "x5": 0.7265158029772261}, "datetime": {"datetime": "2020-10-20 14:23:12", "elapsed": 45.809127, "delta": 1.004372}}
{"target": -99.99999973536625, "params": {"x1": 88.94284483530564, "x2": -1.2490923486206102, "x3": 1.0210911709730512, "x4": -0.14278371195927198, "x5": 0.7359233089186947}, "datetime": {"datetime": "2020-10-20 14:23:13", "elapsed": 46.641502, "delta": 0.832375}}
{"target": -99.99861653804626, "params": {"x1": 89.1960394332825, "x2": -1.0346392098645059, "x3": -1.6356418552194376, "x4": 0.10669328440496562, "x5": -0.07884798455691122}, "datetime": {"datetime": "2020-10-20 14:23:14", "elapsed": 47.385884, "delta": 0.744382}}
{"target": -99.99998465764767, "params": {"x1": 86.79469976949922, "x2": 1.3491161779525593, "x3": -0.8680613362668945, "x4": -0.5556595365520047, "x5": 0.6218456689550611}, "datetime": {"datetime": "2020-10-20 14:23:15", "elapsed": 48.149642, "delta": 0.763758}}
{"target": -96.68459110729292, "params": {"x1": 87.987045834498, "x2": 0.6912239788599792, "x3": -1.0743296749319307, "x4": 1.2115768156389852, "x5": 0.3652987199571509}, "datetime": {"datetime": "2020-10-20 14:23:15", "elapsed": 49.115598, "delta": 0.965956}}
{"target": -64.2238988024793, "params": {"x1": 87.88400824298058, "x2": 0.5595789215591758, "x3": -0.9000979683676951, "x4": 1.1948740068813355, "x5": -0.11916483199270565}, "datetime": {"datetime": "2020-10-20 14:23:16", "elapsed": 49.45253, "delta": 0.336932}}
{"target": -99.94757775181978, "params": {"x1": 87.73730653138226, "x2": -0.11085294345308494, "x3": 0.9316409598605453, "x4": 1.7411484429863393, "x5": 0.09809742549468092}, "datetime": {"datetime": "2020-10-20 14:23:16", "elapsed": 49.527769, "delta": 0.075239}}
{"target": -99.99999770835348, "params": {"x1": 88.94081107841633, "x2": -0.8540057953606562, "x3": 0.8953893544523199, "x4": 2.0354453164202306, "x5": -2.0625658277594052}, "datetime": {"datetime": "2020-10-20 14:23:16", "elapsed": 49.673038, "delta": 0.145269}}
{"target": -62.82844880455292, "params": {"x1": 87.88151946091558, "x2": 0.5564131726279133, "x3": -0.895896586898234, "x4": 1.1944872633137202, "x5": -0.13081897961853034}, "datetime": {"datetime": "2020-10-20 14:23:17", "elapsed": 50.267571, "delta": 0.594533}}
{"target": -37.60289147710871, "params": {"x1": 87.79249522271948, "x2": 0.55094609283264, "x3": -0.8643839690772543, "x4": 1.1751257127124874, "x5": -0.48726834484456094}, "datetime": {"datetime": "2020-10-20 14:23:17", "elapsed": 50.379971, "delta": 0.1124}}
{"target": -37.099294920737805, "params": {"x1": 87.80061202242386, "x2": 0.543602988751951, "x3": -0.8586264655479868, "x4": 1.1773027342322946, "x5": -0.45919409276439094}, "datetime": {"datetime": "2020-10-20 14:23:17", "elapsed": 50.920629, "delta": 0.540658}}
{"target": -36.591933715579295, "params": {"x1": 87.8102700722994, "x2": 0.5345917462645642, "x3": -0.8605027757537206, "x4": 1.1824007532044047, "x5": -0.4545658138454754}, "datetime": {"datetime": "2020-10-20 14:23:18", "elapsed": 51.636607, "delta": 0.715978}}
{"target": -99.99225205518317, "params": {"x1": 87.72110274676575, "x2": 1.331858128439091, "x3": 0.6882618821611175, "x4": -0.14402305754340827, "x5": 0.25274376459761605}, "datetime": {"datetime": "2020-10-20 14:23:18", "elapsed": 51.71723, "delta": 0.080623}}
{"target": -99.99931802839052, "params": {"x1": 86.6419695705736, "x2": -0.6738700047766709, "x3": 0.9419550370091156, "x4": 0.046793687035449505, "x5": -0.680502103704653}, "datetime": {"datetime": "2020-10-20 14:23:18", "elapsed": 51.8136, "delta": 0.09637}}
{"target": -35.54102430953834, "params": {"x1": 87.84137278222873, "x2": 0.5063298840094854, "x3": -0.8764876716081685, "x4": 1.201279335441295, "x5": -0.4680089117123967}, "datetime": {"datetime": "2020-10-20 14:23:19", "elapsed": 52.385778, "delta": 0.572178}}
