{"target": -99.99856944224096, "params": {"x1": 87.75106601410772, "x2": 0.7933734803264745, "x3": -1.9229568755479653, "x4": 0.20929771789551932, "x5": -1.6949323275486612}, "datetime": {"datetime": "2020-10-20 14:24:00", "elapsed": 0.0, "delta": 0.0}}
{"target": -99.99999994512329, "params": {"x1": 88.99468332395931, "x2": -1.3618551255430689, "x3": 1.0313577605894373, "x4": 1.748996325456264, "x5": 0.6807038910901047}, "datetime": {"datetime": "2020-10-20 14:24:00", "elapsed": 0.147771, "delta": 0.147771}}
{"target": -99.9999999678009, "params": {"x1": 88.99662322754335, "x2": 1.5342844342751483, "x3": -1.9119935323693982, "x4": -0.6938148928201076, "x5": -2.1012525900088974}, "datetime": {"datetime": "2020-10-20 14:24:00", "elapsed": 0.382657, "delta": 0.234886}}
{"target": -99.99999996843263, "params": {"x1": 86.5, "x2": -1.0675999999999999, "x3": 1.0767000000000004, "x4": 2.3023, "x5": -1.2352}, "datetime": {"datetime": "2020-10-20 14:24:00", "elapsed": 0.695793, "delta": 0.313136}}
{"target": -99.99999996877655, "params": {"x1": 87.1, "x2": 1.6324000000000005, "x3": -1.6233, "x4": -0.6977, "x5": 0.8648000000000002}, "datetime": {"datetime": "2020-10-20 14:24:01", "elapsed": 1.083852, "delta": 0.388059}}
{"target": -99.99999995885221, "params": {"x1": 86.5, "x2": -1.3676, "x3": 0.7767000000000002, "x4": 2.3023, "x5": -2.1352}, "datetime": {"datetime": "2020-10-20 14:24:01", "elapsed": 1.543473, "delta": 0.459621}}
{"target": -99.99999997509981, "params": {"x1": 89.19999999999997, "x2": 1.6324000000000005, "x3": -1.6233, "x4": -0.3977, "x5": 0.8648000000000002}, "datetime": {"datetime": "2020-10-20 14:24:02", "elapsed": 1.976711, "delta": 0.433238}}
{"target": -99.99999995893558, "params": {"x1": 89.49999999999997, "x2": 1.6324000000000005, "x3": -1.9233, "x4": -0.3977, "x5": -2.1352}, "datetime": {"datetime": "2020-10-20 14:24:02", "elapsed": 2.417994, "delta": 0.441283}}
{"target": -99.9999999598634, "params": {"x1": 87.1, "x2": -1.3676, "x3": 1.0767000000000004, "x4": 2.3023, "x5": -2.1352}, "datetime": {"datetime": "2020-10-20 14:24:02", "elapsed": 2.769611, "delta": 0.351617}}
{"target": -99.99999735980587, "params": {"x1": 89.19999999999997, "x2": -0.16759999999999975, "x3": -1.9233, "x4": 2.0023, "x5": 0.5648}, "datetime": {"datetime": "2020-10-20 14:24:03", "elapsed": 3.219317, "delta": 0.449706}}
{"target": -99.99999942199015, "params": {"x1": 86.8, "x2": 1.3324000000000003, "x3": -1.3233, "x4": -0.6977, "x5": 0.5648}, "datetime": {"datetime": "2020-10-20 14:24:03", "elapsed": 3.697634, "delta": 0.478317}}
{"target": -99.99999996783369, "params": {"x1": 86.5, "x2": -1.0675999999999999, "x3": 1.0767000000000004, "x4": -0.3977, "x5": -2.1352}, "datetime": {"datetime": "2020-10-20 14:24:04", "elapsed": 4.212488, "delta": 0.514854}}
{"target": -99.9999999677515, "params": {"x1": 89.19999999999997, "x2": 1.6324000000000005, "x3": -1.6233, "x4": 2.3023, "x5": 0.8648000000000002}, "datetime": {"datetime": "2020-10-20 14:24:05", "elapsed": 4.93402, "delta": 0.721532}}
{"target": -99.99999996746112, "params": {"x1": 88.81000000000009, "x2": 1.6324000000000027, "x3": 1.0467000000000024, "x4": -0.09769999999999945, "x5": -2.1052000000000004}, "datetime": {"datetime": "2020-10-20 14:24:05", "elapsed": 5.35634, "delta": 0.42232}}
{"target": -99.9999999751385, "params": {"x1": 89.41000000000011, "x2": -1.3376, "x3": -1.7132999999999998, "x4": 2.2123000000000026, "x5": 0.4147999999999832}, "datetime": {"datetime": "2020-10-20 14:24:06", "elapsed": 5.89035, "delta": 0.53401}}
{"target": -99.99999604281005, "params": {"x1": 86.56, "x2": -1.1275999999999997, "x3": -0.6932999999999989, "x4": 1.9723000000000026, "x5": -1.9252000000000016}, "datetime": {"datetime": "2020-10-20 14:24:06", "elapsed": 6.644281, "delta": 0.753931}}
{"target": -99.99765245151663, "params": {"x1": 87.25000000000003, "x2": -0.7375999999999994, "x3": -1.5932999999999997, "x4": -0.1576999999999995, "x5": -1.8052000000000024}, "datetime": {"datetime": "2020-10-20 14:24:07", "elapsed": 7.114688, "delta": 0.470407}}
{"target": -99.99994691443068, "params": {"x1": 88.75000000000009, "x2": 1.3324000000000025, "x3": -1.7132999999999998, "x4": -0.4876999999999998, "x5": -1.5952000000000037}, "datetime": {"datetime": "2020-10-20 14:24:07", "elapsed": 7.812178, "delta": 0.69749}}
{"target": -99.99999996610644, "params": {"x1": 86.62, "x2": -1.3376, "x3": -1.8633, "x4": -0.6076999999999999, "x5": -0.7252000000000094}, "datetime": {"datetime": "2020-10-20 14:24:08", "elapsed": 8.392115, "delta": 0.579937}}
{"target": -99.99984152904094, "params": {"x1": 87.58000000000004, "x2": 0.9124000000000021, "x3": 0.4467000000000019, "x4": -0.6977, "x5": 0.5347999999999824}, "datetime": {"datetime": "2020-10-20 14:24:09", "elapsed": 8.950723, "delta": 0.558608}}
{"target": -99.99999372097972, "params": {"x1": 86.65, "x2": -1.1275999999999997, "x3": -1.0832999999999993, "x4": 0.8623000000000014, "x5": -2.1352}, "datetime": {"datetime": "2020-10-20 14:24:09", "elapsed": 9.4367, "delta": 0.485977}}
{"target": -99.99999996915506, "params": {"x1": 86.59, "x2": 1.0324000000000022, "x3": 0.7767000000000024, "x4": -0.6376999999999999, "x5": 0.8347999999999804}, "datetime": {"datetime": "2020-10-20 14:24:10", "elapsed": 10.014453, "delta": 0.577753}}
{"target": -99.99998746587283, "params": {"x1": 86.80000000000001, "x2": 1.4524000000000026, "x3": -1.5932999999999997, "x4": -0.06769999999999943, "x5": -1.865200000000002}, "datetime": {"datetime": "2020-10-20 14:24:10", "elapsed": 10.445003, "delta": 0.43055}}
{"target": -99.99999781262552, "params": {"x1": 89.30782644016566, "x2": -1.1332173529249197, "x3": -1.7613875574353812, "x4": 2.0235328295289134, "x5": 0.21538964543462447}, "datetime": {"datetime": "2020-10-20 14:24:11", "elapsed": 11.145795, "delta": 0.700792}}
{"target": -99.99999545273552, "params": {"x1": 89.15202404477687, "x2": 1.5483136186654565, "x3": -1.433016089904156, "x4": 0.15953332447240076, "x5": -2.0414326142900463}, "datetime": {"datetime": "2020-10-20 14:24:11", "elapsed": 11.68705, "delta": 0.541255}}
{"target": -99.99999838740456, "params": {"x1": 89.20856194321108, "x2": 0.9639490687840158, "x3": 0.8670414302313791, "x4": 2.2242995733079605, "x5": 0.5731771203274709}, "datetime": {"datetime": "2020-10-20 14:24:12", "elapsed": 12.239236, "delta": 0.552186}}
{"target": -99.99999981152544, "params": {"x1": 89.44538832361017, "x2": -1.103947221876775, "x3": 0.19488764037819606, "x4": -0.6916965633494312, "x5": -1.7292218393868883}, "datetime": {"datetime": "2020-10-20 14:24:12", "elapsed": 12.810866, "delta": 0.57163}}
{"target": -99.99999970810478, "params": {"x1": 89.06794169425184, "x2": -1.3316256795200698, "x3": 0.1708976311077477, "x4": 2.242748995201808, "x5": -1.9302790984578657}, "datetime": {"datetime": "2020-10-20 14:24:13", "elapsed": 13.408288, "delta": 0.597422}}
{"target": -99.99911308963051, "params": {"x1": 87.15636087194406, "x2": -0.5135659010854994, "x3": -0.8302865291632495, "x4": 2.296573676930773, "x5": -1.6264855453999858}, "datetime": {"datetime": "2020-10-20 14:24:14", "elapsed": 13.966495, "delta": 0.558207}}
{"target": -99.47599244919509, "params": {"x1": 87.34742915269493, "x2": -1.0097251692775622, "x3": -0.38175073183057173, "x4": 1.3135304948163082, "x5": 0.19019581890862636}, "datetime": {"datetime": "2020-10-20 14:24:14", "elapsed": 14.483429, "delta": 0.516934}}
{"target": -99.99999995983582, "params": {"x1": 86.5, "x2": -1.3676, "x3": -1.3581535169641625, "x4": 2.3023, "x5": 0.8648}, "datetime": {"datetime": "2020-10-20 14:24:14", "elapsed": 14.830617, "delta": 0.347188}}
{"target": -99.99999894957519, "params": {"x1": 86.9176529495319, "x2": -1.3676, "x3": 0.05297128381696748, "x4": 0.16447628020987168, "x5": 0.8648}, "datetime": {"datetime": "2020-10-20 14:24:15", "elapsed": 15.193425, "delta": 0.362808}}
{"target": -99.99999996774883, "params": {"x1": 86.5, "x2": 1.6324, "x3": 0.1855549803297419, "x4": 2.0801211895316833, "x5": 0.8648}, "datetime": {"datetime": "2020-10-20 14:24:15", "elapsed": 15.47702, "delta": 0.283595}}
{"target": -54.62939475361771, "params": {"x1": 87.65051012743903, "x2": -0.1455505158219925, "x3": -0.1925435980600211, "x4": 1.1895952940649108, "x5": -0.0654681674171611}, "datetime": {"datetime": "2020-10-20 14:24:15", "elapsed": 15.800125, "delta": 0.323105}}
{"target": -99.99961474060746, "params": {"x1": 89.01391348267646, "x2": 0.7934676214536887, "x3": -1.8892291823782636, "x4": -0.31989617178962226, "x5": -0.21378394930373057}, "datetime": {"datetime": "2020-10-20 14:24:15", "elapsed": 15.852028, "delta": 0.051903}}
{"target": -53.47800625104124, "params": {"x1": 87.65425619897354, "x2": -0.13481606133546584, "x3": -0.1901908864525957, "x4": 1.1880730349650805, "x5": -0.06864580868210306}, "datetime": {"datetime": "2020-10-20 14:24:16", "elapsed": 16.536315, "delta": 0.684287}}
{"target": -86.76081560511048, "params": {"x1": 87.67864074791694, "x2": -0.023421011766920463, "x3": -0.024972219356712566, "x4": 1.058529626667552, "x5": 0.31841976746100187}, "datetime": {"datetime": "2020-10-20 14:24:16", "elapsed": 16.596833, "delta": 0.060518}}
{"target": -99.87911834396787, "params": {"x1": 88.83736924611861, "x2": 0.22039634599407454, "x3": 0.5332084155057644, "x4": 1.9804297968900986, "x5": -1.1569785781988888}, "datetime": {"datetime": "2020-10-20 14:24:16", "elapsed": 16.659452, "delta": 0.062619}}
{"target": -91.0546020012257, "params": {"x1": 87.5738436367663, "x2": 0.008031740363295459, "x3": 0.10754585899739522, "x4": 0.9963866533385772, "x5": 0.328831467457658}, "datetime": {"datetime": "2020-10-20 14:24:16", "elapsed": 16.730882, "delta": 0.07143}}
{"target": -93.24547057520572, "params": {"x1": 87.90311041596131, "x2": 0.2995083021355658, "x3": 0.15990544024122033, "x4": -0.26803237626256193, "x5": -0.6797285350160442}, "datetime": {"datetime": "2020-10-20 14:24:16", "elapsed": 16.793073, "delta": 0.062191}}
{"target": -80.9129007615589, "params": {"x1": 87.87515367049077, "x2": -0.020773202833682003, "x3": -0.17906074713705755, "x4": 1.2228720365538424, "x5": 0.27150581143051955}, "datetime": {"datetime": "2020-10-20 14:24:17", "elapsed": 16.881474, "delta": 0.088401}}
{"target": -99.9883949403787, "params": {"x1": 89.36611036362832, "x2": 0.936776356408795, "x3": -0.39322732418636686, "x4": 1.7404719009731469, "x5": 0.17082651971581875}, "datetime": {"datetime": "2020-10-20 14:24:17", "elapsed": 16.945666, "delta": 0.064192}}
{"target": -97.79726509793164, "params": {"x1": 88.98617542826996, "x2": -0.2587555087203106, "x3": 0.4842494060938438, "x4": 0.6463731110249296, "x5": -0.9464975419942028}, "datetime": {"datetime": "2020-10-20 14:24:17", "elapsed": 17.012601, "delta": 0.066935}}
{"target": -49.84229778269474, "params": {"x1": 87.6735305644376, "x2": -0.09107841458267156, "x3": -0.18023257525357875, "x4": 1.1825582977031435, "x5": -0.07128639757960399}, "datetime": {"datetime": "2020-10-20 14:24:17", "elapsed": 17.352508, "delta": 0.339907}}
{"target": -48.34937042952835, "params": {"x1": 87.69356861495947, "x2": -0.06041895298056183, "x3": -0.1749098686808748, "x4": 1.181580343811005, "x5": -0.06364100905959087}, "datetime": {"datetime": "2020-10-20 14:24:18", "elapsed": 18.174378, "delta": 0.82187}}
{"target": -47.6315262976562, "params": {"x1": 87.71111725609254, "x2": -0.05115699715122365, "x3": -0.18129142832090356, "x4": 1.1902378490801775, "x5": -0.06073645595946546}, "datetime": {"datetime": "2020-10-20 14:24:18", "elapsed": 18.662283, "delta": 0.487905}}
{"target": -46.10642301611314, "params": {"x1": 87.72153407232685, "x2": -0.05371504435114403, "x3": -0.19405177591329056, "x4": 1.2014618460728623, "x5": -0.07094499029775282}, "datetime": {"datetime": "2020-10-20 14:24:19", "elapsed": 19.350993, "delta": 0.68871}}
{"target": -42.520905323798985, "params": {"x1": 87.72053525587991, "x2": -0.05975752500564252, "x3": -0.2091724227797915, "x4": 1.2066784310291478, "x5": -0.0989878170157002}, "datetime": {"datetime": "2020-10-20 14:24:19", "elapsed": 19.580934, "delta": 0.229941}}
{"target": -38.0679104763334, "params": {"x1": 87.71331635848352, "x2": -0.05800971222588926, "x3": -0.2192844501944623, "x4": 1.1990372840649106, "x5": -0.12648806274196267}, "datetime": {"datetime": "2020-10-20 14:24:19", "elapsed": 19.801548, "delta": 0.220614}}
{"target": -33.15024959476032, "params": {"x1": 87.70554694793684, "x2": -0.04854638157477958, "x3": -0.22742624887816193, "x4": 1.1803263590200779, "x5": -0.14666283155771445}, "datetime": {"datetime": "2020-10-20 14:24:20", "elapsed": 20.015469, "delta": 0.213921}}
{"target": -28.56457440016881, "params": {"x1": 87.70226372984918, "x2": -0.034976217902105956, "x3": -0.23702794359311935, "x4": 1.1559656488602603, "x5": -0.15497613754130918}, "datetime": {"datetime": "2020-10-20 14:24:20", "elapsed": 20.226761, "delta": 0.211292}}
{"target": -24.69068267028376, "params": {"x1": 87.70646205798859, "x2": -0.02215739953788668, "x3": -0.25208273839071543, "x4": 1.1323103832601973, "x5": -0.15275476638004282}, "datetime": {"datetime": "2020-10-20 14:24:20", "elapsed": 20.516233, "delta": 0.289472}}
{"target": -21.732157943704046, "params": {"x1": 87.71696353126758, "x2": -0.016029169699964325, "x3": -0.2733714745432578, "x4": 1.1170620458071845, "x5": -0.147173964837654}, "datetime": {"datetime": "2020-10-20 14:24:20", "elapsed": 20.780379, "delta": 0.264146}}
{"target": -19.13791139482034, "params": {"x1": 87.7287131482028, "x2": -0.019369686516048694, "x3": -0.29888088998887014, "x4": 1.1132147232234944, "x5": -0.14838663094870252}, "datetime": {"datetime": "2020-10-20 14:24:21", "elapsed": 21.067149, "delta": 0.28677}}
{"target": -16.349845665345352, "params": {"x1": 87.73361077305314, "x2": -0.028774961798591826, "x3": -0.32004491022162507, "x4": 1.1176477652079089, "x5": -0.163648687718664}, "datetime": {"datetime": "2020-10-20 14:24:21", "elapsed": 21.783551, "delta": 0.716402}}
{"target": -12.848537412847739, "params": {"x1": 87.72837181399383, "x2": -0.03522648305379932, "x3": -0.3306851667536116, "x4": 1.120624258914579, "x5": -0.19026352525862827}, "datetime": {"datetime": "2020-10-20 14:24:22", "elapsed": 22.087135, "delta": 0.303584}}
{"target": -8.28348963507427, "params": {"x1": 87.71694358097972, "x2": -0.03104460850350441, "x3": -0.33207556418017475, "x4": 1.1137775115692221, "x5": -0.21938272407824605}, "datetime": {"datetime": "2020-10-20 14:24:22", "elapsed": 22.443749, "delta": 0.356614}}
{"target": -2.765947358905818, "params": {"x1": 87.7074590451136, "x2": -0.014308024776871257, "x3": -0.3304517103153889, "x4": 1.0960989555356417, "x5": -0.24211231549208945}, "datetime": {"datetime": "2020-10-20 14:24:22", "elapsed": 22.841097, "delta": 0.397348}}
{"target": 3.29259383580921, "params": {"x1": 87.70681864135261, "x2": 0.011046860523618788, "x3": -0.33234622817356596, "x4": 1.0739752859098366, "x5": -0.2556074128370914}, "datetime": {"datetime": "2020-10-20 14:24:23", "elapsed": 23.131218, "delta": 0.290121}}
{"target": 9.831477262760579, "params": {"x1": 87.71819531564414, "x2": 0.04082574891680601, "x3": -0.341340991929176, "x4": 1.0549995181426295, "x5": -0.26344391382242643}, "datetime": {"datetime": "2020-10-20 14:24:23", "elapsed": 23.422367, "delta": 0.291149}}
{"target": 16.848448608273912, "params": {"x1": 87.74149086854332, "x2": 0.07108181033396647, "x3": -0.35788251061519827, "x4": 1.0466824961853785, "x5": -0.27269346461898214}, "datetime": {"datetime": "2020-10-20 14:24:24", "elapsed": 23.881188, "delta": 0.458821}}
{"target": 24.558327968389747, "params": {"x1": 87.77158644868987, "x2": 0.0993301354222833, "x3": -0.37902063405497133, "x4": 1.0527630524210279, "x5": -0.29384566924574423}, "datetime": {"datetime": "2020-10-20 14:24:24", "elapsed": 24.397439, "delta": 0.516251}}
{"target": 33.71178379107511, "params": {"x1": 87.7983635158211, "x2": 0.1269881555444104, "x3": -0.400691983754583, "x4": 1.067017628450102, "x5": -0.33816310373378927}, "datetime": {"datetime": "2020-10-20 14:24:25", "elapsed": 24.875811, "delta": 0.478372}}
{"target": 45.48579859397155, "params": {"x1": 87.81039962200698, "x2": 0.16063954177734563, "x3": -0.42385397764183014, "x4": 1.0690883418293287, "x5": -0.4119222900496188}, "datetime": {"datetime": "2020-10-20 14:24:25", "elapsed": 25.36779, "delta": 0.491979}}
{"target": 58.010936953504945, "params": {"x1": 87.80421193939453, "x2": 0.2082261887045447, "x3": -0.46059482666986107, "x4": 1.0329465855862927, "x5": -0.5001140681730453}, "datetime": {"datetime": "2020-10-20 14:24:26", "elapsed": 25.868594, "delta": 0.500804}}
{"target": 61.765682491575035, "params": {"x1": 87.79551483343091, "x2": 0.26006249529281245, "x3": -0.515472536297007, "x4": 0.9814912048547901, "x5": -0.553325259696205}, "datetime": {"datetime": "2020-10-20 14:24:26", "elapsed": 26.342157, "delta": 0.473563}}
{"target": 63.51056602319778, "params": {"x1": 87.80015618809904, "x2": 0.25434036716688924, "x3": -0.5025316711715901, "x4": 0.9852419520074188, "x5": -0.5609798711841734}, "datetime": {"datetime": "2020-10-20 14:24:26", "elapsed": 26.696915, "delta": 0.354758}}
{"target": 76.82458335789309, "params": {"x1": 87.84681012406641, "x2": 0.24309914651078648, "x3": -0.4353468731162032, "x4": 0.960538058925635, "x5": -0.6497458927311647}, "datetime": {"datetime": "2020-10-20 14:24:27", "elapsed": 27.093562, "delta": 0.396647}}
{"target": 85.1739459778708, "params": {"x1": 87.90526865704005, "x2": 0.23177880823339425, "x3": -0.39200582990246785, "x4": 0.9191159394314635, "x5": -0.7040781050274789}, "datetime": {"datetime": "2020-10-20 14:24:27", "elapsed": 27.494337, "delta": 0.400775}}
{"target": 91.24599025277674, "params": {"x1": 87.97175736476092, "x2": 0.21282996789497213, "x3": -0.38069150933354867, "x4": 0.8780717893492548, "x5": -0.7210823044739271}, "datetime": {"datetime": "2020-10-20 14:24:27", "elapsed": 27.73788, "delta": 0.243543}}
{"target": 95.9818577987538, "params": {"x1": 88.03633831643037, "x2": 0.17962447307407797, "x3": -0.41430627485737265, "x4": 0.8507971441303672, "x5": -0.6988695602803101}, "datetime": {"datetime": "2020-10-20 14:24:28", "elapsed": 28.074107, "delta": 0.336227}}
{"target": 96.27690647443312, "params": {"x1": 88.05482741822824, "x2": 0.15462643462183395, "x3": -0.44468543397870314, "x4": 0.8506523467062982, "x5": -0.6898853781725448}, "datetime": {"datetime": "2020-10-20 14:24:28", "elapsed": 28.495097, "delta": 0.42099}}
{"target": 96.36207650975281, "params": {"x1": 88.06324180490768, "x2": 0.17339132135810154, "x3": -0.4319025986047572, "x4": 0.842674434468501, "x5": -0.6764617842510775}, "datetime": {"datetime": "2020-10-20 14:24:29", "elapsed": 28.882931, "delta": 0.387834}}
{"target": 96.7464645165387, "params": {"x1": 88.05760425711621, "x2": 0.16291014951191032, "x3": -0.42970081335892474, "x4": 0.8376605688070948, "x5": -0.6859894506964034}, "datetime": {"datetime": "2020-10-20 14:24:29", "elapsed": 29.328624, "delta": 0.445693}}
{"target": 98.19071501251075, "params": {"x1": 88.04867516232788, "x2": 0.14030614226700514, "x3": -0.42020009520343027, "x4": 0.8025622986965525, "x5": -0.6810226619601063}, "datetime": {"datetime": "2020-10-20 14:24:29", "elapsed": 29.72251, "delta": 0.393886}}
{"target": 99.74643497313625, "params": {"x1": 88.01232278816174, "x2": 0.12863056836468656, "x3": -0.42356063846055636, "x4": 0.7861394798489056, "x5": -0.6507356605589206}, "datetime": {"datetime": "2020-10-20 14:24:30", "elapsed": 30.217002, "delta": 0.494492}}
{"target": 99.93275410661735, "params": {"x1": 88.00008746816579, "x2": 0.12661648973469958, "x3": -0.4247139208758464, "x4": 0.7898761093866734, "x5": -0.6373107402247298}, "datetime": {"datetime": "2020-10-20 14:24:30", "elapsed": 30.644924, "delta": 0.427922}}
{"target": 99.91108597137126, "params": {"x1": 88.00139892884069, "x2": 0.12076173148564591, "x3": -0.41752897401193995, "x4": 0.7944416770377455, "x5": -0.6327614077299458}, "datetime": {"datetime": "2020-10-20 14:24:31", "elapsed": 30.967302, "delta": 0.322378}}
{"target": 99.94084480979606, "params": {"x1": 87.99648893296099, "x2": 0.12808176587547115, "x3": -0.4210055873712671, "x4": 0.7907005211547451, "x5": -0.6340038934972836}, "datetime": {"datetime": "2020-10-20 14:24:31", "elapsed": 31.276543, "delta": 0.309241}}
{"target": 99.91986293224153, "params": {"x1": 87.99767888057636, "x2": 0.12575465966230703, "x3": -0.4215842337650866, "x4": 0.7891612434142898, "x5": -0.6334803363885886}, "datetime": {"datetime": "2020-10-20 14:24:31", "elapsed": 31.540029, "delta": 0.263486}}
{"target": 99.90196564647738, "params": {"x1": 87.99641535203762, "x2": 0.12118310677716396, "x3": -0.42197250260372837, "x4": 0.793551232202261, "x5": -0.6419977850327659}, "datetime": {"datetime": "2020-10-20 14:24:31", "elapsed": 31.751684, "delta": 0.211655}}
{"target": 99.94882141967287, "params": {"x1": 87.99764270943656, "x2": 0.12549830801420261, "x3": -0.42467064575072927, "x4": 0.7926623617672576, "x5": -0.6352456262325719}, "datetime": {"datetime": "2020-10-20 14:24:32", "elapsed": 32.034405, "delta": 0.282721}}
{"target": 99.96651898349704, "params": {"x1": 87.99954089860277, "x2": 0.1269372780313313, "x3": -0.4242610143350783, "x4": 0.7944934711559756, "x5": -0.6324150193562285}, "datetime": {"datetime": "2020-10-20 14:24:32", "elapsed": 32.363708, "delta": 0.329303}}
{"target": 99.91726494618362, "params": {"x1": 88.00137262479085, "x2": 0.12437505809435892, "x3": -0.42567211737776, "x4": 0.7896978894243761, "x5": -0.6335661883749705}, "datetime": {"datetime": "2020-10-20 14:24:32", "elapsed": 32.591381, "delta": 0.227673}}
{"target": 99.98074007473117, "params": {"x1": 88.00154410746454, "x2": 0.12965178610865205, "x3": -0.4232037900070368, "x4": 0.7950569465219111, "x5": -0.6345153848144147}, "datetime": {"datetime": "2020-10-20 14:24:33", "elapsed": 32.945315, "delta": 0.353934}}
