{"target": -32.96630390904242, "params": {"x1": 87.84488834488837, "x2": 0.4931995373721053, "x3": -0.8667094443701671, "x4": 1.2037288821431262, "x5": -0.4726423227420302}, "datetime": {"datetime": "2020-10-20 14:23:19", "elapsed": 52.979711, "delta": 0.593933}}
{"target": -22.745132352389486, "params": {"x1": 87.8296235809384, "x2": 0.46554078601668447, "x3": -0.8148586498599375, "x4": 1.1969746413386062, "x5": -0.4927333763107402}, "datetime": {"datetime": "2020-10-20 14:23:20", "elapsed": 53.829225, "delta": 0.849514}}
{"target": -99.9997728697903, "params": {"x1": 89.3878723193961, "x2": -0.9809811081949489, "x3": -0.08663427204106333, "x4": 1.6823890148874263, "x5": -1.848180976382884}, "datetime": {"datetime": "2020-10-20 14:23:20", "elapsed": 53.91381, "delta": 0.084585}}
{"target": -98.45553507355785, "params": {"x1": 87.94720166266804, "x2": -0.0557923293448368, "x3": -1.1570770809442639, "x4": 1.2424113034130102, "x5": 0.5356762247611417}, "datetime": {"datetime": "2020-10-20 14:23:20", "elapsed": 54.013598, "delta": 0.099788}}
{"target": -16.093570057511975, "params": {"x1": 87.8179964212611, "x2": 0.448766311864167, "x3": -0.7811386461568514, "x4": 1.191861051016327, "x5": -0.5086305809266161}, "datetime": {"datetime": "2020-10-20 14:23:21", "elapsed": 54.506402, "delta": 0.492804}}
{"target": -7.139831373014427, "params": {"x1": 87.8031890504503, "x2": 0.4245934807151704, "x3": -0.7350882081276796, "x4": 1.1853899619026855, "x5": -0.5292354772967683}, "datetime": {"datetime": "2020-10-20 14:23:21", "elapsed": 55.091387, "delta": 0.584985}}
{"target": 1.9007176803297887, "params": {"x1": 87.79094435276758, "x2": 0.396260440575119, "x3": -0.6872836729524311, "x4": 1.1801341715622056, "x5": -0.5470125358357412}, "datetime": {"datetime": "2020-10-20 14:23:22", "elapsed": 55.543849, "delta": 0.452462}}
{"target": 12.178634256656718, "params": {"x1": 87.78243962035474, "x2": 0.3563321461239353, "x3": -0.630493437728452, "x4": 1.1767856839517725, "x5": -0.562002496300019}, "datetime": {"datetime": "2020-10-20 14:23:22", "elapsed": 55.932165, "delta": 0.388316}}
{"target": 22.872803723758427, "params": {"x1": 87.78249466355885, "x2": 0.30023098180780705, "x3": -0.5651909160086162, "x4": 1.1777566200379535, "x5": -0.5707989268854082}, "datetime": {"datetime": "2020-10-20 14:23:23", "elapsed": 56.545974, "delta": 0.613809}}
{"target": 31.456084270911212, "params": {"x1": 87.79355222203982, "x2": 0.2294965811882989, "x3": -0.4955623000494688, "x4": 1.1843005223861724, "x5": -0.5739347865142284}, "datetime": {"datetime": "2020-10-20 14:23:23", "elapsed": 56.986741, "delta": 0.440767}}
{"target": 34.93736423058104, "params": {"x1": 87.80607927462363, "x2": 0.17217069948577995, "x3": -0.44141235148457764, "x4": 1.191383028994334, "x5": -0.5817036088564482}, "datetime": {"datetime": "2020-10-20 14:23:24", "elapsed": 57.610561, "delta": 0.62382}}
{"target": 35.828013846372855, "params": {"x1": 87.8080971197064, "x2": 0.15074134954375468, "x3": -0.41282513414288824, "x4": 1.1925147322176153, "x5": -0.6050011231319425}, "datetime": {"datetime": "2020-10-20 14:23:24", "elapsed": 58.085517, "delta": 0.474956}}
{"target": 36.18505305245326, "params": {"x1": 87.80240173690574, "x2": 0.1585562404429047, "x3": -0.4009134020641817, "x4": 1.1882598120314865, "x5": -0.6298560549568888}, "datetime": {"datetime": "2020-10-20 14:23:25", "elapsed": 58.613316, "delta": 0.527799}}
{"target": 36.60629425090679, "params": {"x1": 87.80206237114852, "x2": 0.17229030832769054, "x3": -0.3872649811680828, "x4": 1.1839551422652195, "x5": -0.6284700945975499}, "datetime": {"datetime": "2020-10-20 14:23:25", "elapsed": 59.110509, "delta": 0.497193}}
{"target": 37.54556055567596, "params": {"x1": 87.81742100848756, "x2": 0.1909339304961119, "x3": -0.3596060131529741, "x4": 1.1807155158012375, "x5": -0.6143002016157029}, "datetime": {"datetime": "2020-10-20 14:23:26", "elapsed": 59.770785, "delta": 0.660276}}
{"target": 40.57111287644205, "params": {"x1": 87.8917214134116, "x2": 0.2083356936201012, "x3": -0.3563501717929324, "x4": 1.1914070842475684, "x5": -0.6290814808932087}, "datetime": {"datetime": "2020-10-20 14:23:27", "elapsed": 60.247131, "delta": 0.476346}}
{"target": 43.65334105199749, "params": {"x1": 87.93363007591637, "x2": 0.21238040644299347, "x3": -0.36864655981448446, "x4": 1.1879837754274671, "x5": -0.6460559050827748}, "datetime": {"datetime": "2020-10-20 14:23:27", "elapsed": 60.849063, "delta": 0.601932}}
{"target": 73.36334944616345, "params": {"x1": 88.01881847031153, "x2": 0.18837740171963163, "x3": -0.40102056506482225, "x4": 1.0570470602196969, "x5": -0.675914261301383}, "datetime": {"datetime": "2020-10-20 14:23:28", "elapsed": 61.154811, "delta": 0.305748}}
{"target": 92.41982371470314, "params": {"x1": 88.02959902150874, "x2": 0.15906944644916116, "x3": -0.41008341501421475, "x4": 0.9291848353521017, "x5": -0.6691715373542537}, "datetime": {"datetime": "2020-10-20 14:23:28", "elapsed": 61.539512, "delta": 0.384701}}
