{"target": 83.94520956956477, "params": {"x1": 88.17200000000143, "x2": 0.5444000000000012, "x3": 1.8007000000000029, "x4": 0.6183000000000007, "x5": 0.22880000000000167}, "datetime": {"datetime": "2020-10-19 22:07:23", "elapsed": 64.471146, "delta": 0.206157}}
{"target": 90.07892087401254, "params": {"x1": 88.43200000000175, "x2": 0.7284000000000014, "x3": -1.4113, "x4": 1.6383000000000016, "x5": -0.11519999999999864}, "datetime": {"datetime": "2020-10-19 22:07:24", "elapsed": 64.954674, "delta": 0.483528}}
{"target": 89.86451603912678, "params": {"x1": 87.85600000000105, "x2": -0.5915999999999998, "x3": 0.45270000000000166, "x4": 2.6383000000000028, "x5": 0.12080000000000157}, "datetime": {"datetime": "2020-10-19 22:07:24", "elapsed": 65.52058, "delta": 0.565906}}
{"target": 73.76940253602484, "params": {"x1": 90.21200000000393, "x2": -0.29559999999999953, "x3": -0.47529999999999917, "x4": 3.418300000000003, "x5": 0.7408000000000021}, "datetime": {"datetime": "2020-10-19 22:07:24", "elapsed": 65.724463, "delta": 0.203883}}
{"target": 76.45085791936634, "params": {"x1": 87.56000000000068, "x2": 2.400400000000003, "x3": 1.952700000000003, "x4": 1.1743000000000012, "x5": -0.8151999999999993}, "datetime": {"datetime": "2020-10-19 22:07:25", "elapsed": 65.928122, "delta": 0.203659}}
{"target": 87.13193295986183, "params": {"x1": 88.0600000000013, "x2": 1.1764000000000019, "x3": -1.1552999999999998, "x4": 1.6503000000000017, "x5": 0.07280000000000153}, "datetime": {"datetime": "2020-10-19 22:07:25", "elapsed": 66.434867, "delta": 0.506745}}
{"target": 93.16518673738327, "params": {"x1": 88.04400000000128, "x2": 0.9204000000000016, "x3": -1.3433, "x4": 1.2103000000000013, "x5": 0.1408000000000016}, "datetime": {"datetime": "2020-10-19 22:07:26", "elapsed": 66.959719, "delta": 0.524852}}
{"target": 88.20038724676161, "params": {"x1": 89.06400000000252, "x2": 1.7044000000000024, "x3": -0.7232999999999994, "x4": 1.8023000000000018, "x5": -1.3031999999999997}, "datetime": {"datetime": "2020-10-19 22:07:26", "elapsed": 67.181729, "delta": 0.22201}}
{"target": 67.6881254278567, "params": {"x1": 90.54400000000433, "x2": 0.5524000000000012, "x3": 2.5527000000000033, "x4": 2.6143000000000027, "x5": 0.4648000000000019}, "datetime": {"datetime": "2020-10-19 22:07:26", "elapsed": 67.401111, "delta": 0.219382}}
{"target": 90.3992195038937, "params": {"x1": 88.52400000000186, "x2": 0.280400000000001, "x3": -1.3113, "x4": 1.3303000000000014, "x5": 0.616800000000002}, "datetime": {"datetime": "2020-10-19 22:07:26", "elapsed": 67.677452, "delta": 0.276341}}
{"target": 91.71685612994708, "params": {"x1": 88.25200000000153, "x2": 0.8444000000000015, "x3": -1.4193, "x4": 1.5983000000000016, "x5": -0.10319999999999863}, "datetime": {"datetime": "2020-10-19 22:07:27", "elapsed": 68.212879, "delta": 0.535427}}
{"target": 87.49570816773061, "params": {"x1": 87.78400000000096, "x2": -0.6035999999999998, "x3": 0.5567000000000017, "x4": 2.6023000000000023, "x5": -0.031199999999998562}, "datetime": {"datetime": "2020-10-19 22:07:28", "elapsed": 68.860364, "delta": 0.647485}}
{"target": 69.04362139414988, "params": {"x1": 90.80000000000464, "x2": 0.9884000000000016, "x3": -1.0232999999999997, "x4": 2.066300000000002, "x5": 1.9688000000000032}, "datetime": {"datetime": "2020-10-19 22:07:28", "elapsed": 69.129943, "delta": 0.269579}}
{"target": 92.8289008180249, "params": {"x1": 88.0640000000013, "x2": 0.7604000000000014, "x3": -1.2792999999999999, "x4": 1.0463000000000011, "x5": 0.12880000000000158}, "datetime": {"datetime": "2020-10-19 22:07:28", "elapsed": 69.648115, "delta": 0.518172}}
{"target": 89.87307790661984, "params": {"x1": 88.30000000000159, "x2": 0.8404000000000015, "x3": -1.2672999999999999, "x4": 1.2583000000000013, "x5": -0.12719999999999865}, "datetime": {"datetime": "2020-10-19 22:07:29", "elapsed": 70.287743, "delta": 0.639628}}
{"target": 80.85473033682757, "params": {"x1": 88.33600000000163, "x2": 0.8804000000000015, "x3": 1.0127000000000022, "x4": 1.9103000000000019, "x5": 0.2568000000000017}, "datetime": {"datetime": "2020-10-19 22:07:29", "elapsed": 70.545486, "delta": 0.257743}}
{"target": 76.36792270330876, "params": {"x1": 90.15600000000386, "x2": 2.1684000000000028, "x3": 1.5407000000000026, "x4": 0.20630000000000037, "x5": -0.1791999999999987}, "datetime": {"datetime": "2020-10-19 22:07:30", "elapsed": 70.991861, "delta": 0.446375}}
{"target": 89.45871571865027, "params": {"x1": 87.85200000000104, "x2": 1.0364000000000018, "x3": -1.2472999999999999, "x4": 0.930300000000001, "x5": 0.3608000000000018}, "datetime": {"datetime": "2020-10-19 22:07:30", "elapsed": 71.491467, "delta": 0.499606}}
{"target": 91.67195290286449, "params": {"x1": 88.35200000000165, "x2": 0.7804000000000014, "x3": -1.2072999999999998, "x4": 0.7383000000000008, "x5": 0.3688000000000018}, "datetime": {"datetime": "2020-10-19 22:07:31", "elapsed": 72.029834, "delta": 0.538367}}
{"target": 91.49073505763897, "params": {"x1": 88.66000000000203, "x2": 0.12440000000000084, "x3": -1.3513, "x4": 1.2903000000000013, "x5": 0.43680000000000185}, "datetime": {"datetime": "2020-10-19 22:07:31", "elapsed": 72.29295, "delta": 0.263116}}
{"target": 64.78973157211661, "params": {"x1": 90.92000000000479, "x2": 2.676400000000003, "x3": 1.6487000000000027, "x4": 2.3103000000000025, "x5": -0.6271999999999991}, "datetime": {"datetime": "2020-10-19 22:07:31", "elapsed": 72.531051, "delta": 0.238101}}
{"target": 89.63369547153951, "params": {"x1": 88.44000000000176, "x2": 0.8084000000000015, "x3": -1.2032999999999998, "x4": 0.8143000000000009, "x5": 0.3488000000000018}, "datetime": {"datetime": "2020-10-19 22:07:32", "elapsed": 73.081062, "delta": 0.550011}}
{"target": 88.36107090707237, "params": {"x1": 88.16800000000143, "x2": 0.7324000000000014, "x3": -1.3433, "x4": 0.6903000000000008, "x5": 0.3728000000000018}, "datetime": {"datetime": "2020-10-19 22:07:32", "elapsed": 73.626521, "delta": 0.545459}}
{"target": 81.33503879881275, "params": {"x1": 87.17200000000021, "x2": -0.5755999999999998, "x3": 1.0367000000000022, "x4": 1.1743000000000012, "x5": -1.3231999999999997}, "datetime": {"datetime": "2020-10-19 22:07:33", "elapsed": 73.861555, "delta": 0.235034}}
{"target": 75.56727621729192, "params": {"x1": 88.64800000000201, "x2": 1.416400000000002, "x3": -1.0352999999999997, "x4": 2.1823000000000023, "x5": 2.3048000000000037}, "datetime": {"datetime": "2020-10-19 22:07:33", "elapsed": 74.093791, "delta": 0.232236}}
{"target": 93.32845636856479, "params": {"x1": 87.81200000000099, "x2": 0.7004000000000014, "x3": -0.8672999999999995, "x4": 0.7423000000000008, "x5": 0.056800000000001516}, "datetime": {"datetime": "2020-10-19 22:07:33", "elapsed": 74.648505, "delta": 0.554714}}
{"target": 88.54044419307215, "params": {"x1": 87.75600000000092, "x2": 0.6884000000000013, "x3": -0.6672999999999993, "x4": 0.954300000000001, "x5": 0.3808000000000018}, "datetime": {"datetime": "2020-10-19 22:07:34", "elapsed": 75.322808, "delta": 0.674303}}
{"target": 87.83266003758803, "params": {"x1": 88.65600000000202, "x2": 1.1004000000000018, "x3": -1.3753, "x4": 1.3223000000000014, "x5": 0.012800000000001477}, "datetime": {"datetime": "2020-10-19 22:07:35", "elapsed": 75.963727, "delta": 0.640919}}
{"target": 90.22291218609826, "params": {"x1": 88.02800000000126, "x2": 0.7604000000000014, "x3": -0.9392999999999996, "x4": 0.7703000000000009, "x5": 0.1648000000000016}, "datetime": {"datetime": "2020-10-19 22:07:35", "elapsed": 76.711617, "delta": 0.74789}}
{"target": 92.48568631933817, "params": {"x1": 87.67600000000083, "x2": 0.7004000000000014, "x3": -0.8552999999999995, "x4": 0.7863000000000009, "x5": -0.03919999999999857}, "datetime": {"datetime": "2020-10-19 22:07:36", "elapsed": 77.413432, "delta": 0.701815}}
{"target": 93.81774190397093, "params": {"x1": 88.46400000000179, "x2": 0.7244000000000014, "x3": -1.4233, "x4": 1.0663000000000011, "x5": 0.19680000000000164}, "datetime": {"datetime": "2020-10-19 22:07:37", "elapsed": 78.542541, "delta": 1.129109}}
{"target": 92.87497686241566, "params": {"x1": 87.76800000000094, "x2": 0.6324000000000013, "x3": -0.8232999999999995, "x4": 0.6543000000000008, "x5": 0.044800000000001505}, "datetime": {"datetime": "2020-10-19 22:07:38", "elapsed": 79.376595, "delta": 0.834054}}
{"target": 79.90968627948868, "params": {"x1": 87.20800000000025, "x2": -0.7916, "x3": 1.3167000000000024, "x4": 0.31830000000000047, "x5": 0.1528000000000016}, "datetime": {"datetime": "2020-10-19 22:07:38", "elapsed": 79.625876, "delta": 0.249281}}
{"target": 91.222980883573, "params": {"x1": 87.85200000000104, "x2": 0.7484000000000014, "x3": -1.2312999999999998, "x4": 1.1183000000000012, "x5": 0.32080000000000175}, "datetime": {"datetime": "2020-10-19 22:07:39", "elapsed": 80.475892, "delta": 0.850016}}
{"target": 88.8330377305826, "params": {"x1": 87.86400000000106, "x2": 0.7404000000000014, "x3": -1.3313, "x4": 1.018300000000001, "x5": 0.1648000000000016}, "datetime": {"datetime": "2020-10-19 22:07:40", "elapsed": 81.133336, "delta": 0.657444}}
{"target": 89.92562825935669, "params": {"x1": 88.75600000000215, "x2": 0.25640000000000096, "x3": -1.3913, "x4": 1.5583000000000016, "x5": 0.648800000000002}, "datetime": {"datetime": "2020-10-19 22:07:41", "elapsed": 81.950259, "delta": 0.816923}}
{"target": 70.03000285587126, "params": {"x1": 90.89200000000476, "x2": 1.5524000000000022, "x3": 1.6367000000000027, "x4": -0.13369999999999993, "x5": -0.495199999999999}, "datetime": {"datetime": "2020-10-19 22:07:41", "elapsed": 82.226549, "delta": 0.27629}}
{"target": 92.14153838416989, "params": {"x1": 87.81200000000099, "x2": 0.6404000000000013, "x3": -0.8272999999999995, "x4": 0.7943000000000009, "x5": 0.012800000000001477}, "datetime": {"datetime": "2020-10-19 22:07:42", "elapsed": 83.092375, "delta": 0.865826}}
{"target": 89.80147253987785, "params": {"x1": 88.10000000000134, "x2": 1.1124000000000018, "x3": -1.2712999999999999, "x4": 1.2583000000000013, "x5": 0.044800000000001505}, "datetime": {"datetime": "2020-10-19 22:07:43", "elapsed": 83.781457, "delta": 0.689082}}
{"target": 65.86353710256813, "params": {"x1": 90.80800000000465, "x2": 1.9884000000000026, "x3": -0.5032999999999992, "x4": 2.5863000000000023, "x5": 1.8848000000000031}, "datetime": {"datetime": "2020-10-19 22:07:43", "elapsed": 84.035647, "delta": 0.25419}}
{"target": 91.3322314018884, "params": {"x1": 88.13200000000138, "x2": 0.7964000000000014, "x3": -1.3033, "x4": 1.1743000000000012, "x5": 0.22080000000000166}, "datetime": {"datetime": "2020-10-19 22:07:44", "elapsed": 85.014586, "delta": 0.978939}}
{"target": 58.87543524551846, "params": {"x1": 90.16800000000387, "x2": 2.7924000000000033, "x3": -0.8912999999999995, "x4": 3.6223000000000036, "x5": 1.672800000000003}, "datetime": {"datetime": "2020-10-19 22:07:44", "elapsed": 85.286131, "delta": 0.271545}}
{"target": 93.06888944247409, "params": {"x1": 88.58400000000194, "x2": 0.33640000000000103, "x3": -1.4233, "x4": 1.3423000000000014, "x5": 0.20480000000000165}, "datetime": {"datetime": "2020-10-19 22:07:45", "elapsed": 86.141959, "delta": 0.855828}}
{"target": 93.05815471435828, "params": {"x1": 87.72800000000089, "x2": 0.7924000000000014, "x3": -0.8512999999999995, "x4": 0.6823000000000008, "x5": 0.07680000000000153}, "datetime": {"datetime": "2020-10-19 22:07:46", "elapsed": 86.89414, "delta": 0.752181}}
{"target": 91.48936431074918, "params": {"x1": 87.7360000000009, "x2": 0.6964000000000014, "x3": -0.9272999999999996, "x4": 0.7223000000000008, "x5": 0.08880000000000154}, "datetime": {"datetime": "2020-10-19 22:07:47", "elapsed": 87.786338, "delta": 0.892198}}
{"target": 92.94975395701643, "params": {"x1": 87.816000000001, "x2": 0.7804000000000014, "x3": -0.8032999999999995, "x4": 0.6743000000000008, "x5": -0.03919999999999857}, "datetime": {"datetime": "2020-10-19 22:07:48", "elapsed": 88.997175, "delta": 1.210837}}
{"target": 95.82910302713746, "params": {"x1": 88.18400000000145, "x2": 0.9564000000000016, "x3": -1.4233, "x4": 1.3703000000000014, "x5": 0.020800000000001484}, "datetime": {"datetime": "2020-10-19 22:07:49", "elapsed": 89.956104, "delta": 0.958929}}
{"target": 80.42554347828147, "params": {"x1": 88.11600000000136, "x2": 0.292400000000001, "x3": 1.2247000000000023, "x4": 3.354300000000003, "x5": 0.4928000000000019}, "datetime": {"datetime": "2020-10-19 22:07:49", "elapsed": 90.229888, "delta": 0.273784}}
{"target": 69.86297614948845, "params": {"x1": 90.80800000000465, "x2": 0.11640000000000084, "x3": -0.35529999999999906, "x4": 0.04630000000000023, "x5": 1.8808000000000031}, "datetime": {"datetime": "2020-10-19 22:07:49", "elapsed": 90.501456, "delta": 0.271568}}
{"target": 91.59744837512821, "params": {"x1": 87.78000000000095, "x2": 0.7484000000000014, "x3": -0.7712999999999994, "x4": 0.7223000000000008, "x5": 0.06480000000000152}, "datetime": {"datetime": "2020-10-19 22:07:50", "elapsed": 91.592587, "delta": 1.091131}}
{"target": 92.3259427514695, "params": {"x1": 87.81200000000099, "x2": 0.7324000000000014, "x3": -0.9032999999999995, "x4": 0.6703000000000008, "x5": -0.031199999999998562}, "datetime": {"datetime": "2020-10-19 22:07:51", "elapsed": 92.366964, "delta": 0.774377}}
{"target": 92.35440559120188, "params": {"x1": 88.48800000000182, "x2": 0.8324000000000015, "x3": -1.4233, "x4": 1.0663000000000011, "x5": 0.17680000000000162}, "datetime": {"datetime": "2020-10-19 22:07:52", "elapsed": 93.592645, "delta": 1.225681}}
{"target": 92.77405040241467, "params": {"x1": 88.18400000000145, "x2": 0.9484000000000016, "x3": -1.4233, "x4": 1.3983000000000014, "x5": 0.06480000000000152}, "datetime": {"datetime": "2020-10-19 22:07:54", "elapsed": 94.759317, "delta": 1.166672}}
{"target": 89.75371278728511, "params": {"x1": 87.70400000000086, "x2": 0.9124000000000015, "x3": -0.7272999999999994, "x4": 0.906300000000001, "x5": 0.02880000000000149}, "datetime": {"datetime": "2020-10-19 22:07:55", "elapsed": 95.77269, "delta": 1.013373}}
{"target": 91.58383824791748, "params": {"x1": 88.44400000000176, "x2": 0.7404000000000014, "x3": -1.4233, "x4": 0.9903000000000011, "x5": 0.2808000000000017}, "datetime": {"datetime": "2020-10-19 22:07:55", "elapsed": 96.532092, "delta": 0.759402}}
{"target": 95.2372188155609, "params": {"x1": 88.58400000000194, "x2": 0.060400000000000786, "x3": -1.2752999999999999, "x4": 1.3183000000000014, "x5": 0.2648000000000017}, "datetime": {"datetime": "2020-10-19 22:07:56", "elapsed": 96.981435, "delta": 0.449343}}
{"target": 89.25303316599651, "params": {"x1": 87.52800000000065, "x2": 0.6724000000000013, "x3": -0.7952999999999995, "x4": 0.5823000000000007, "x5": 0.10880000000000156}, "datetime": {"datetime": "2020-10-19 22:07:56", "elapsed": 97.422961, "delta": 0.441526}}
{"target": 81.16640650523692, "params": {"x1": 87.64400000000079, "x2": 2.284400000000003, "x3": -1.0592999999999997, "x4": 1.3103000000000014, "x5": 0.9448000000000023}, "datetime": {"datetime": "2020-10-19 22:07:57", "elapsed": 97.754849, "delta": 0.331888}}
{"target": 91.62927969215092, "params": {"x1": 88.58400000000194, "x2": 0.14840000000000086, "x3": -1.2832999999999999, "x4": 1.3223000000000014, "x5": 0.23680000000000168}, "datetime": {"datetime": "2020-10-19 22:07:57", "elapsed": 98.715001, "delta": 0.960152}}
{"target": 87.30055140111112, "params": {"x1": 88.94000000000237, "x2": 0.5884000000000013, "x3": -1.2832999999999999, "x4": 1.1103000000000012, "x5": 0.7728000000000022}, "datetime": {"datetime": "2020-10-19 22:07:58", "elapsed": 99.093651, "delta": 0.37865}}
{"target": 66.26295753154065, "params": {"x1": 90.81600000000466, "x2": 0.04040000000000077, "x3": 2.4527000000000037, "x4": 2.4143000000000026, "x5": -0.8631999999999993}, "datetime": {"datetime": "2020-10-19 22:07:58", "elapsed": 99.367493, "delta": 0.273842}}
{"target": 81.96266000159204, "params": {"x1": 90.14400000000384, "x2": 0.6804000000000013, "x3": -0.1872999999999989, "x4": 0.6503000000000008, "x5": 0.9568000000000023}, "datetime": {"datetime": "2020-10-19 22:07:58", "elapsed": 99.645948, "delta": 0.278455}}
{"target": 74.6748534871206, "params": {"x1": 87.7423599999719, "x2": 2.4074400000032754, "x3": 2.040260000003464, "x4": 2.590380000000854, "x5": 0.2984400000019338}, "datetime": {"datetime": "2020-10-19 22:07:59", "elapsed": 100.419425, "delta": 0.773477}}
{"target": 80.11918625022783, "params": {"x1": 88.25359999995254, "x2": -0.30967999999944207, "x3": -0.8415799999994182, "x4": 3.025660000000987, "x5": 1.1148000000027503}, "datetime": {"datetime": "2020-10-19 22:08:00", "elapsed": 101.186849, "delta": 0.767424}}
{"target": 60.17957624594691, "params": {"x1": 90.04251999988482, "x2": 2.430840000003299, "x3": -0.5780599999991547, "x4": 3.6608600000011817, "x5": 2.0119200000036477}, "datetime": {"datetime": "2020-10-19 22:08:01", "elapsed": 101.968604, "delta": 0.781755}}
{"target": 94.02311567579127, "params": {"x1": 87.74127999997194, "x2": 0.7876000000016553, "x3": -0.8521799999994288, "x4": 0.7193000000002808, "x5": -0.012399999998377043}, "datetime": {"datetime": "2020-10-19 22:08:02", "elapsed": 103.253557, "delta": 1.284953}}
{"target": 91.7476833548713, "params": {"x1": 88.17191999995563, "x2": 0.955240000001823, "x3": -1.4233, "x4": 1.3211400000004652, "x5": -0.055799999998420446}, "datetime": {"datetime": "2020-10-19 22:08:03", "elapsed": 104.5423, "delta": 1.288743}}
{"target": 88.99274490803228, "params": {"x1": 88.19523999995475, "x2": 1.0694400000019373, "x3": -1.2969399999998736, "x4": 1.5855000000005461, "x5": -0.15775999999852242}, "datetime": {"datetime": "2020-10-19 22:08:04", "elapsed": 105.496133, "delta": 0.953833}}
{"target": 91.78834444834416, "params": {"x1": 87.86739999996716, "x2": 0.9567200000018244, "x3": -0.9250999999995018, "x4": 0.8008200000003057, "x5": -0.07847999999844313}, "datetime": {"datetime": "2020-10-19 22:08:05", "elapsed": 106.547502, "delta": 1.051369}}
{"target": 73.12571726178356, "params": {"x1": 90.6955999998601, "x2": -0.58763999999972, "x3": -0.9030999999994798, "x4": 2.820420000000924, "x5": -0.4537999999988185}, "datetime": {"datetime": "2020-10-19 22:08:06", "elapsed": 107.357702, "delta": 0.8102}}
{"target": 89.49041848773439, "params": {"x1": 88.81563999993126, "x2": 0.34000000000120767, "x3": -1.352219999999929, "x4": 1.2710200000004497, "x5": 0.6743600000023096}, "datetime": {"datetime": "2020-10-19 22:08:07", "elapsed": 108.428705, "delta": 1.071003}}
{"target": 92.01584229668032, "params": {"x1": 88.22335999995369, "x2": 0.9839600000018517, "x3": -1.4144199999999911, "x4": 1.3617400000004776, "x5": 0.0100400000016454}, "datetime": {"datetime": "2020-10-19 22:08:08", "elapsed": 109.401513, "delta": 0.972808}}
{"target": 89.57476747959956, "params": {"x1": 89.00075999992426, "x2": 0.17656000000104421, "x3": -1.3498599999999266, "x4": 1.5222600000005266, "x5": 0.7647600000024}, "datetime": {"datetime": "2020-10-19 22:08:09", "elapsed": 110.402068, "delta": 1.000555}}
{"target": 66.32626574250997, "params": {"x1": 90.19947999987887, "x2": 2.6749200000035427, "x3": -0.9290199999995057, "x4": 3.5263400000011407, "x5": -0.32179999999868647}, "datetime": {"datetime": "2020-10-19 22:08:10", "elapsed": 111.020324, "delta": 0.618256}}
{"target": 88.3363901177872, "params": {"x1": 88.58323999994006, "x2": 0.7176000000015853, "x3": -1.3559399999999326, "x4": 1.4054600000004909, "x5": 0.12656000000176193}, "datetime": {"datetime": "2020-10-19 22:08:10", "elapsed": 111.683399, "delta": 0.663075}}
{"target": 75.77391574257601, "params": {"x1": 88.53171999994201, "x2": -0.22383999999935622, "x3": -1.4095799999999863, "x4": 0.2551800000001387, "x5": 1.9872800000036228}, "datetime": {"datetime": "2020-10-19 22:08:11", "elapsed": 112.229597, "delta": 0.546198}}
{"target": 83.73370653445231, "params": {"x1": 89.51927999990463, "x2": 0.906280000001774, "x3": -0.13797999999871458, "x4": 0.29942000000015223, "x5": 1.5812800000032168}, "datetime": {"datetime": "2020-10-19 22:08:12", "elapsed": 112.759559, "delta": 0.529962}}
{"target": 74.41330389495579, "params": {"x1": 90.63071999986255, "x2": 1.5883200000024562, "x3": 1.4327000000028562, "x4": 2.402020000000796, "x5": -1.1086799999994734}, "datetime": {"datetime": "2020-10-19 22:08:12", "elapsed": 113.281399, "delta": 0.52184}}
{"target": 78.81509585746922, "params": {"x1": 88.16083999995605, "x2": 0.34296000000121063, "x3": 0.08050000000150392, "x4": 3.4521400000011173, "x5": -1.529159999999894}, "datetime": {"datetime": "2020-10-19 22:08:13", "elapsed": 113.836355, "delta": 0.554956}}
{"target": 74.74850762736557, "params": {"x1": 90.37927999987207, "x2": 2.590280000003458, "x3": 0.40750000000183095, "x4": 0.43226000000019293, "x5": -0.9110399999992758}, "datetime": {"datetime": "2020-10-19 22:08:13", "elapsed": 114.372885, "delta": 0.53653}}
{"target": 89.85501722909135, "params": {"x1": 87.81831999996902, "x2": -0.4829999999996154, "x3": 0.24558000000166902, "x4": 2.6119800000008606, "x5": 0.005600000001640959}, "datetime": {"datetime": "2020-10-19 22:08:14", "elapsed": 115.040599, "delta": 0.667714}}
{"target": 89.26903942509654, "params": {"x1": 88.7221999999348, "x2": 0.5938800000014616, "x3": -1.418339999999995, "x4": 1.4569800000005066, "x5": 0.04660000000168196}, "datetime": {"datetime": "2020-10-19 22:08:15", "elapsed": 115.731213, "delta": 0.690614}}
{"target": 80.5166837255386, "params": {"x1": 87.05407999999795, "x2": -0.25415999999938654, "x3": 0.08750000000151092, "x4": 3.0483400000009944, "x5": -0.10011999999846477}, "datetime": {"datetime": "2020-10-19 22:08:15", "elapsed": 116.260094, "delta": 0.528881}}
{"target": 93.46980484532003, "params": {"x1": 88.58959999993982, "x2": 0.0315600000008992, "x3": -1.267339999999844, "x4": 1.3010600000004588, "x5": 0.29676000000193214}, "datetime": {"datetime": "2020-10-19 22:08:16", "elapsed": 117.007317, "delta": 0.747223}}
