{"target": -171.09054843035628, "params": {"x1": -99.5735943569112, "x2": 264.3893921305897, "x3": -599.8627502191862, "x4": -237.20091284179227, "x5": -423.89293101946436}, "datetime": {"datetime": "2020-10-18 19:54:28", "elapsed": 0.0, "delta": 0.0}}
{"target": -214.1196368984251, "params": {"x1": 336.5077303877637, "x2": 538.4241388965111, "x3": -319.1203018802242, "x4": 519.4292397290772, "x5": -293.60276222805834}, "datetime": {"datetime": "2020-10-18 19:54:28", "elapsed": 0.032899, "delta": 0.032899}}
{"target": -38.47355168013104, "params": {"x1": -240.1216405655419, "x2": -49.844736030935564, "x3": 103.36530562359565, "x4": 291.705215282998, "x5": -30.962897596089647}, "datetime": {"datetime": "2020-10-18 19:54:28", "elapsed": 0.066352, "delta": 0.033453}}
{"target": -113.82500626358859, "params": {"x1": 283.4145639328449, "x2": 228.55240379701547, "x3": -484.962658817331, "x4": 209.54962834626247, "x5": 182.2518785687471}, "datetime": {"datetime": "2020-10-18 19:54:28", "elapsed": 0.106198, "delta": 0.039846}}
{"target": -144.30164386955926, "params": {"x1": -133.82695170872006, "x2": 510.9026471718819, "x3": 418.52061624761325, "x4": 103.84073803430954, "x5": -336.7361841569252}, "datetime": {"datetime": "2020-10-18 19:54:28", "elapsed": 0.151033, "delta": 0.044835}}
{"target": -179.42512180457007, "params": {"x1": -502.92057896506765, "x2": 419.9613158749313, "x3": 361.53758969723367, "x4": 225.48448613434698, "x5": 307.2169456443388}, "datetime": {"datetime": "2020-10-18 19:54:28", "elapsed": 0.195376, "delta": 0.044343}}
{"target": -239.86984658799912, "params": {"x1": -319.3857685870025, "x2": -435.14526307189624, "x3": 460.7538153146886, "x4": -592.9393359319838, "x5": 298.68833229887196}, "datetime": {"datetime": "2020-10-18 19:54:28", "elapsed": 0.240757, "delta": 0.045381}}
{"target": -155.51974719881574, "params": {"x1": 60.532749219829725, "x2": -343.138231075944, "x3": 579.2001317037011, "x4": -88.37386822908047, "x5": 390.0586975052063}, "datetime": {"datetime": "2020-10-18 19:54:28", "elapsed": 0.285033, "delta": 0.044276}}
{"target": -38.471788470948105, "params": {"x1": 193.60849497838274, "x2": 5.096861291063533, "x3": -286.71302704272216, "x4": 146.7626535382003, "x5": -111.82791540895647}, "datetime": {"datetime": "2020-10-18 19:54:29", "elapsed": 0.330691, "delta": 0.045658}}
{"target": -128.67764938073276, "params": {"x1": -430.98872869077684, "x2": -279.79322866462263, "x3": 420.78133218093296, "x4": -61.20216275135965, "x5": 252.59217525004988}, "datetime": {"datetime": "2020-10-18 19:54:29", "elapsed": 0.376085, "delta": 0.045394}}
{"target": -35.351602149082666, "params": {"x1": 180.25573760890364, "x2": -0.3368441736325059, "x3": -275.1383280083507, "x4": 150.10110170329543, "x5": -101.99917111284384}, "datetime": {"datetime": "2020-10-18 19:54:29", "elapsed": 0.815118, "delta": 0.439033}}
{"target": -30.35081252122211, "params": {"x1": 156.53565372902113, "x2": -9.56994821692, "x3": -254.01838823511224, "x4": 156.34954559724372, "x5": -87.34089334736285}, "datetime": {"datetime": "2020-10-18 19:54:30", "elapsed": 1.528312, "delta": 0.713194}}
{"target": -23.042952902008828, "params": {"x1": 114.73348558079243, "x2": -25.36361167980834, "x3": -213.52519457355538, "x4": 168.4827889523158, "x5": -77.5768237777028}, "datetime": {"datetime": "2020-10-18 19:54:30", "elapsed": 2.20105, "delta": 0.672738}}
{"target": -19.38038492055504, "params": {"x1": 79.83801468480512, "x2": -39.4480270406915, "x3": -177.5329225454813, "x4": 179.77476332924425, "x5": -83.1174240311749}, "datetime": {"datetime": "2020-10-18 19:54:31", "elapsed": 3.112673, "delta": 0.911623}}
{"target": -24.833528567340498, "params": {"x1": 198.9211523550897, "x2": 30.322076156332628, "x3": -94.39183590531917, "x4": 86.54311506723218, "x5": -211.68217275969937}, "datetime": {"datetime": "2020-10-18 19:54:31", "elapsed": 3.160837, "delta": 0.048164}}
{"target": -16.056904526806143, "params": {"x1": 114.08392414834786, "x2": -28.20313254356017, "x3": -119.43204519213928, "x4": 143.19519593246656, "x5": -132.8670783739675}, "datetime": {"datetime": "2020-10-18 19:54:32", "elapsed": 3.982881, "delta": 0.822044}}
{"target": -16.67201273651682, "params": {"x1": 110.85432932171477, "x2": -38.1366517963405, "x3": -126.54721921344888, "x4": 148.71235924823108, "x5": -129.50243708014202}, "datetime": {"datetime": "2020-10-18 19:54:33", "elapsed": 4.961282, "delta": 0.978401}}
{"target": -13.099812926960665, "params": {"x1": 93.48165397615992, "x2": 0.5821910408136188, "x3": -108.0120477588088, "x4": 142.8626059736918, "x5": -114.99458712382072}, "datetime": {"datetime": "2020-10-18 19:54:34", "elapsed": 5.763781, "delta": 0.802499}}
{"target": -10.329997540193549, "params": {"x1": 68.64787771578155, "x2": 10.442518624700721, "x3": -91.24490968588248, "x4": 140.53912883719707, "x5": -91.4206026822351}, "datetime": {"datetime": "2020-10-18 19:54:35", "elapsed": 6.708666, "delta": 0.944885}}
{"target": -10.72602419693059, "params": {"x1": 0.0, "x2": 0.0, "x3": -120.0, "x4": 120.0, "x5": -120.0}, "datetime": {"datetime": "2020-10-18 19:54:36", "elapsed": 7.664756, "delta": 0.95609}}
{"target": -161.7335282958124, "params": {"x1": 240.0, "x2": 240.0, "x3": 120.0, "x4": -600.0, "x5": 360.0}, "datetime": {"datetime": "2020-10-18 19:54:38", "elapsed": 9.361539, "delta": 1.696783}}
{"target": -7.987349310965409, "params": {"x1": 0.0, "x2": 0.0, "x3": -120.0, "x4": 120.0, "x5": 0.0}, "datetime": {"datetime": "2020-10-18 19:54:39", "elapsed": 10.51127, "delta": 1.149731}}
{"target": -159.70567865858067, "params": {"x1": 0.0, "x2": -480.0, "x3": 240.0, "x4": -360.0, "x5": -480.0}, "datetime": {"datetime": "2020-10-18 19:54:42", "elapsed": 13.54485, "delta": 3.03358}}
{"target": -10.993337907006435, "params": {"x1": 0.0, "x2": -120.0, "x3": -120.0, "x4": 120.0, "x5": 0.0}, "datetime": {"datetime": "2020-10-18 19:54:47", "elapsed": 18.78884, "delta": 5.24399}}
{"target": -4.115293516041551, "params": {"x1": 0.0, "x2": 0.0, "x3": 0.0, "x4": 120.0, "x5": 0.0}, "datetime": {"datetime": "2020-10-18 19:54:48", "elapsed": 19.9074, "delta": 1.11856}}
{"target": -254.14176867248742, "params": {"x1": -600.0, "x2": 480.0, "x3": 240.0, "x4": -360.0, "x5": -480.0}, "datetime": {"datetime": "2020-10-18 19:54:49", "elapsed": 21.283026, "delta": 1.375626}}
{"target": -0.954155426002806, "params": {"x1": 0.0, "x2": 0.0, "x3": 0.0, "x4": 0.0, "x5": 0.0}, "datetime": {"datetime": "2020-10-18 19:54:51", "elapsed": 22.475829, "delta": 1.192803}}
{"target": -10.34959097929882, "params": {"x1": 120.0, "x2": 0.0, "x3": 0.0, "x4": 120.0, "x5": -120.0}, "datetime": {"datetime": "2020-10-18 19:54:55", "elapsed": 26.645747, "delta": 4.169918}}
{"target": -4.493810504180819, "params": {"x1": 120.0, "x2": 0.0, "x3": 0.0, "x4": 0.0, "x5": 0.0}, "datetime": {"datetime": "2020-10-18 19:54:56", "elapsed": 27.516901, "delta": 0.871154}}
{"target": -13.982570944035187, "params": {"x1": 0.0, "x2": -120.0, "x3": -120.0, "x4": 120.0, "x5": -120.0}, "datetime": {"datetime": "2020-10-18 19:54:59", "elapsed": 30.86531, "delta": 3.348409}}
{"target": -7.882659554693918, "params": {"x1": -120.0, "x2": 0.0, "x3": 0.0, "x4": 120.0, "x5": 0.0}, "datetime": {"datetime": "2020-10-18 19:55:00", "elapsed": 31.635136, "delta": 0.769826}}
{"target": -14.719881726674828, "params": {"x1": -120.0, "x2": -120.0, "x3": -120.0, "x4": 120.0, "x5": 0.0}, "datetime": {"datetime": "2020-10-18 19:55:02", "elapsed": 33.837667, "delta": 2.202531}}
{"target": -216.81915220243215, "params": {"x1": 600.0, "x2": 360.0, "x3": -120.0, "x4": -360.0, "x5": -480.0}, "datetime": {"datetime": "2020-10-18 19:55:02", "elapsed": 33.915779, "delta": 0.078112}}
{"target": -7.918506420635658, "params": {"x1": 0.0, "x2": 0.0, "x3": -120.0, "x4": 0.0, "x5": -120.0}, "datetime": {"datetime": "2020-10-18 19:55:03", "elapsed": 34.818242, "delta": 0.902463}}
{"target": -102.04403204136203, "params": {"x1": 480.0, "x2": -360.0, "x3": 0.0, "x4": 0.0, "x5": -240.0}, "datetime": {"datetime": "2020-10-18 19:55:03", "elapsed": 34.910484, "delta": 0.092242}}
{"target": -4.6634748840867655, "params": {"x1": -120.0, "x2": 0.0, "x3": 0.0, "x4": 0.0, "x5": 0.0}, "datetime": {"datetime": "2020-10-18 19:55:04", "elapsed": 35.709236, "delta": 0.798752}}
{"target": -8.35481504545444, "params": {"x1": 120.0, "x2": 0.0, "x3": -120.0, "x4": 0.0, "x5": 0.0}, "datetime": {"datetime": "2020-10-18 19:55:05", "elapsed": 36.697348, "delta": 0.988112}}
{"target": -121.76451464691935, "params": {"x1": 360.0, "x2": -360.0, "x3": 360.0, "x4": 240.0, "x5": -240.0}, "datetime": {"datetime": "2020-10-18 19:55:05", "elapsed": 36.782054, "delta": 0.084706}}
{"target": -8.926946511649835, "params": {"x1": 120.0, "x2": 0.0, "x3": 0.0, "x4": 0.0, "x5": 120.0}, "datetime": {"datetime": "2020-10-18 19:55:06", "elapsed": 37.508916, "delta": 0.726862}}
{"target": -11.40646239094428, "params": {"x1": -48.0, "x2": -12.0, "x3": -96.0, "x4": 24.0, "x5": 156.0}, "datetime": {"datetime": "2020-10-18 19:55:07", "elapsed": 38.359683, "delta": 0.850767}}
{"target": -4.430455496474405, "params": {"x1": -108.0, "x2": -36.0, "x3": -24.0, "x4": 12.0, "x5": -24.0}, "datetime": {"datetime": "2020-10-18 19:55:07", "elapsed": 39.133577, "delta": 0.773894}}
{"target": -3.5851656408464456, "params": {"x1": -24.0, "x2": 60.0, "x3": -24.0, "x4": 48.0, "x5": 36.0}, "datetime": {"datetime": "2020-10-18 19:55:08", "elapsed": 39.714424, "delta": 0.580847}}
{"target": -9.137611109349274, "params": {"x1": -48.0, "x2": -72.0, "x3": -84.0, "x4": 72.0, "x5": 108.0}, "datetime": {"datetime": "2020-10-18 19:55:09", "elapsed": 40.635183, "delta": 0.920759}}
{"target": -4.611203007185797, "params": {"x1": -48.0, "x2": 0.0, "x3": -84.0, "x4": 48.0, "x5": -48.0}, "datetime": {"datetime": "2020-10-18 19:55:10", "elapsed": 41.431421, "delta": 0.796238}}
{"target": -142.47520415419018, "params": {"x1": 72.0, "x2": -432.0, "x3": -504.0, "x4": 276.0, "x5": -240.0}, "datetime": {"datetime": "2020-10-18 19:55:10", "elapsed": 41.558806, "delta": 0.127385}}
{"target": -8.366051425114957, "params": {"x1": 48.0, "x2": 12.0, "x3": 12.0, "x4": 108.0, "x5": 120.0}, "datetime": {"datetime": "2020-10-18 19:55:10", "elapsed": 42.268827, "delta": 0.710021}}
{"target": -5.477081428218268, "params": {"x1": 120.0, "x2": 12.0, "x3": 48.0, "x4": 48.0, "x5": 0.0}, "datetime": {"datetime": "2020-10-18 19:55:11", "elapsed": 42.915396, "delta": 0.646569}}
{"target": -5.966689234153829, "params": {"x1": 48.0, "x2": -48.0, "x3": -12.0, "x4": 48.0, "x5": 108.0}, "datetime": {"datetime": "2020-10-18 19:55:12", "elapsed": 43.887731, "delta": 0.972335}}
{"target": -3.9360454955810154, "params": {"x1": 84.0, "x2": 48.0, "x3": 12.0, "x4": 48.0, "x5": 12.0}, "datetime": {"datetime": "2020-10-18 19:55:13", "elapsed": 44.67659, "delta": 0.788859}}
{"target": -135.0624791972619, "params": {"x1": 420.0, "x2": -420.0, "x3": 324.0, "x4": 228.0, "x5": 192.0}, "datetime": {"datetime": "2020-10-18 19:55:13", "elapsed": 44.779132, "delta": 0.102542}}
{"target": -4.401352755263005, "params": {"x1": 12.0, "x2": -24.0, "x3": -48.0, "x4": -24.0, "x5": 84.0}, "datetime": {"datetime": "2020-10-18 19:55:14", "elapsed": 45.324886, "delta": 0.545754}}
{"target": -4.609066158029226, "params": {"x1": -96.0, "x2": 48.0, "x3": 36.0, "x4": -12.0, "x5": -24.0}, "datetime": {"datetime": "2020-10-18 19:55:14", "elapsed": 46.15979, "delta": 0.834904}}
{"target": -2.206883288420358, "params": {"x1": -48.0, "x2": -12.0, "x3": 12.0, "x4": -12.0, "x5": -48.0}, "datetime": {"datetime": "2020-10-18 19:55:15", "elapsed": 46.873743, "delta": 0.713953}}
{"target": -101.75913295563043, "params": {"x1": 240.0, "x2": 468.0, "x3": -240.0, "x4": 252.0, "x5": -60.0}, "datetime": {"datetime": "2020-10-18 19:55:15", "elapsed": 46.979941, "delta": 0.106198}}
{"target": -4.152557970433318, "params": {"x1": 108.0, "x2": -24.0, "x3": -24.0, "x4": 12.0, "x5": -24.0}, "datetime": {"datetime": "2020-10-18 19:55:16", "elapsed": 47.950803, "delta": 0.970862}}
{"target": -4.107406483060355, "params": {"x1": 84.0, "x2": -36.0, "x3": 0.0, "x4": 48.0, "x5": -72.0}, "datetime": {"datetime": "2020-10-18 19:55:17", "elapsed": 48.766178, "delta": 0.815375}}
{"target": -2.04133515273648, "params": {"x1": 24.0, "x2": 12.0, "x3": -12.0, "x4": 0.0, "x5": -60.0}, "datetime": {"datetime": "2020-10-18 19:55:18", "elapsed": 49.501076, "delta": 0.734898}}
{"target": -6.002567280581359, "params": {"x1": -72.0, "x2": -24.0, "x3": -36.0, "x4": 120.0, "x5": 12.0}, "datetime": {"datetime": "2020-10-18 19:55:19", "elapsed": 50.596846, "delta": 1.09577}}
{"target": -2.641183438235056, "params": {"x1": -60.0, "x2": -12.0, "x3": 48.0, "x4": -12.0, "x5": 24.0}, "datetime": {"datetime": "2020-10-18 19:55:20", "elapsed": 51.31918, "delta": 0.722334}}
{"target": -134.7843367122806, "params": {"x1": -105.59999999998126, "x2": -97.19999999998095, "x3": 542.4000000000433, "x4": 375.60000000003697, "x5": 292.80000000003383}, "datetime": {"datetime": "2020-10-18 19:55:20", "elapsed": 51.429453, "delta": 0.110273}}
{"target": -278.50939993359026, "params": {"x1": 376.800000000037, "x2": -394.7999999999922, "x3": 528.0000000000427, "x4": 493.2000000000414, "x5": -571.1999999999989}, "datetime": {"datetime": "2020-10-18 19:55:20", "elapsed": 51.541164, "delta": 0.111711}}
{"target": -147.97845479053117, "params": {"x1": 366.0000000000366, "x2": 307.2000000000344, "x3": 121.20000000002733, "x4": 596.4000000000453, "x5": -2.3999999999773536}, "datetime": {"datetime": "2020-10-18 19:55:20", "elapsed": 51.649553, "delta": 0.108389}}
{"target": -6.697504748663888, "params": {"x1": 39.60000000002424, "x2": 33.60000000002401, "x3": -94.79999999998086, "x4": 69.60000000002537, "x5": 72.00000000002547}, "datetime": {"datetime": "2020-10-18 19:55:20", "elapsed": 52.268498, "delta": 0.618945}}
{"target": -4.930862137283962, "params": {"x1": -103.19999999998117, "x2": -1.199999999977308, "x3": 15.600000000023329, "x4": 58.800000000024966, "x5": 31.20000000002392}, "datetime": {"datetime": "2020-10-18 19:55:21", "elapsed": 52.992311, "delta": 0.723813}}
{"target": -8.409735044882273, "params": {"x1": -81.59999999998035, "x2": -123.59999999998195, "x3": -59.999999999979536, "x4": 80.40000000002578, "x5": -22.799999999978127}, "datetime": {"datetime": "2020-10-18 19:55:22", "elapsed": 53.588201, "delta": 0.59589}}
{"target": -4.670606105428441, "params": {"x1": -86.39999999998054, "x2": 3.600000000022874, "x3": -4.7999999999774445, "x4": 34.800000000024056, "x5": 64.8000000000252}, "datetime": {"datetime": "2020-10-18 19:55:22", "elapsed": 54.206933, "delta": 0.618732}}
{"target": -198.19039359826445, "params": {"x1": -543.5999999999979, "x2": -322.7999999999895, "x3": 546.0000000000434, "x4": -302.3999999999887, "x5": -17.999999999977945}, "datetime": {"datetime": "2020-10-18 19:55:23", "elapsed": 54.333353, "delta": 0.12642}}
{"target": -226.23928769760658, "params": {"x1": -236.39999999998622, "x2": 350.400000000036, "x3": -502.7999999999963, "x4": -597.5999999999999, "x5": -309.599999999989}, "datetime": {"datetime": "2020-10-18 19:55:23", "elapsed": 54.448392, "delta": 0.115039}}
{"target": -4.772081711123597, "params": {"x1": 32.400000000023965, "x2": -3.599999999977399, "x3": -95.9999999999809, "x4": -52.79999999997926, "x5": -21.59999999997808}, "datetime": {"datetime": "2020-10-18 19:55:24", "elapsed": 55.49212, "delta": 1.043728}}
{"target": -5.984098513331332, "params": {"x1": -98.39999999998099, "x2": 64.8000000000252, "x3": -58.79999999997949, "x4": 4.800000000022919, "x5": 4.800000000022919}, "datetime": {"datetime": "2020-10-18 19:55:24", "elapsed": 56.192558, "delta": 0.700438}}
{"target": -3.6507708671811145, "params": {"x1": -20.399999999978036, "x2": 27.600000000023783, "x3": 68.40000000002533, "x4": -1.199999999977308, "x5": 43.200000000024374}, "datetime": {"datetime": "2020-10-18 19:55:25", "elapsed": 56.664983, "delta": 0.472425}}
{"target": -5.509833255447948, "params": {"x1": 1.2000000000227828, "x2": -115.19999999998163, "x3": -26.399999999978263, "x4": 55.20000000002483, "x5": 49.2000000000246}, "datetime": {"datetime": "2020-10-18 19:55:26", "elapsed": 57.448058, "delta": 0.783075}}
{"target": -6.233727843038536, "params": {"x1": -63.59999999997967, "x2": -74.39999999998008, "x3": 36.0000000000241, "x4": 72.00000000002547, "x5": -110.39999999998145}, "datetime": {"datetime": "2020-10-18 19:55:26", "elapsed": 58.284318, "delta": 0.83626}}
{"target": -136.62972617450694, "params": {"x1": 433.20000000003915, "x2": -99.59999999998104, "x3": 265.2000000000328, "x4": 273.6000000000331, "x5": 445.2000000000396}, "datetime": {"datetime": "2020-10-18 19:55:27", "elapsed": 58.409824, "delta": 0.125506}}
{"target": -4.573828947209339, "params": {"x1": 63.60000000002515, "x2": 15.600000000023329, "x3": -80.39999999998031, "x4": -37.19999999997867, "x5": -34.79999999997858}, "datetime": {"datetime": "2020-10-18 19:55:28", "elapsed": 59.417715, "delta": 1.007891}}
{"target": -316.51534550979187, "params": {"x1": 292.80000000003383, "x2": -578.3999999999992, "x3": 558.0000000000439, "x4": -491.9999999999959, "x5": -553.1999999999982}, "datetime": {"datetime": "2020-10-18 19:55:28", "elapsed": 59.549075, "delta": 0.13136}}
{"target": -4.504181785098432, "params": {"x1": 25.200000000023692, "x2": -8.399999999977581, "x3": 93.60000000002628, "x4": 40.80000000002428, "x5": -75.59999999998013}, "datetime": {"datetime": "2020-10-18 19:55:29", "elapsed": 60.522266, "delta": 0.973191}}
{"target": -6.5332647966231825, "params": {"x1": -31.199999999978445, "x2": 8.400000000023056, "x3": -51.59999999997922, "x4": 114.00000000002706, "x5": 70.80000000002542}, "datetime": {"datetime": "2020-10-18 19:55:30", "elapsed": 61.364168, "delta": 0.841902}}
{"target": -100.97770950647914, "params": {"x1": 469.2000000000405, "x2": -383.9999999999918, "x3": -111.59999999998149, "x4": 78.0000000000257, "x5": -160.79999999998336}, "datetime": {"datetime": "2020-10-18 19:55:30", "elapsed": 61.498828, "delta": 0.13466}}
{"target": -4.715379758733043, "params": {"x1": -3.839999999977408, "x2": 53.88000000002478, "x3": 1.2000000000227828, "x4": 93.72000000002629, "x5": -81.23999999998034}, "datetime": {"datetime": "2020-10-18 19:55:31", "elapsed": 62.471557, "delta": 0.972729}}
{"target": -3.166867994564836, "params": {"x1": 2.6400000000228374, "x2": -46.43999999997902, "x3": -2.279999999977349, "x4": 13.560000000023251, "x5": -97.79999999998097}, "datetime": {"datetime": "2020-10-18 19:55:32", "elapsed": 63.50061, "delta": 1.029053}}
{"target": -7.290400368468114, "params": {"x1": 0.6000000000227601, "x2": -64.91999999997972, "x3": -102.71999999998116, "x4": 48.480000000024575, "x5": -107.63999999998134}, "datetime": {"datetime": "2020-10-18 19:55:33", "elapsed": 64.486463, "delta": 0.985853}}
{"target": -2.2560941449768688, "params": {"x1": -33.11999999997852, "x2": -19.439999999978, "x3": -44.639999999978954, "x4": 45.24000000002445, "x5": -15.47999999997785}, "datetime": {"datetime": "2020-10-18 19:55:34", "elapsed": 65.503471, "delta": 1.017008}}
{"target": -3.570725052226107, "params": {"x1": 51.24000000002468, "x2": -62.75999999997964, "x3": 6.840000000022997, "x4": 59.760000000025, "x5": 36.96000000002414}, "datetime": {"datetime": "2020-10-18 19:55:35", "elapsed": 66.612136, "delta": 1.108665}}
{"target": -1.364006612912379, "params": {"x1": 7.20000000002301, "x2": 22.920000000023606, "x3": -6.359999999977504, "x4": 27.600000000023783, "x5": -19.079999999977986}, "datetime": {"datetime": "2020-10-18 19:55:35", "elapsed": 67.290756, "delta": 0.67862}}
{"target": -6.438301223737796, "params": {"x1": -0.3599999999772763, "x2": 2.2800000000228238, "x3": -89.87999999998067, "x4": 82.08000000002585, "x5": -95.9999999999809}, "datetime": {"datetime": "2020-10-18 19:55:36", "elapsed": 68.092357, "delta": 0.801601}}
{"target": -8.218357414650072, "params": {"x1": 65.0400000000252, "x2": -0.5999999999772854, "x3": 53.16000000002475, "x4": 128.1600000000276, "x5": -104.27999999998121}, "datetime": {"datetime": "2020-10-18 19:55:38", "elapsed": 69.351312, "delta": 1.258955}}
{"target": -7.5357137584480505, "params": {"x1": -134.03999999998234, "x2": 44.280000000024415, "x3": 53.40000000002476, "x4": -23.63999999997816, "x5": 23.760000000023638}, "datetime": {"datetime": "2020-10-18 19:55:39", "elapsed": 70.381497, "delta": 1.030185}}
{"target": -205.0292250354594, "params": {"x1": 185.64000000002977, "x2": -466.79999999999495, "x3": 567.0000000000441, "x4": -179.87999999998408, "x5": -479.87999999999545}, "datetime": {"datetime": "2020-10-18 19:55:39", "elapsed": 70.570318, "delta": 0.188821}}
{"target": -1.9701438083456175, "params": {"x1": -24.599999999978195, "x2": 36.600000000024124, "x3": 29.520000000023856, "x4": -14.1599999999778, "x5": -0.8399999999772945}, "datetime": {"datetime": "2020-10-18 19:55:41", "elapsed": 72.578927, "delta": 2.008609}}
{"target": -162.49254104136045, "params": {"x1": -428.7599999999935, "x2": -391.5599999999921, "x3": -92.03999999998075, "x4": 1.440000000022792, "x5": 538.3200000000431}, "datetime": {"datetime": "2020-10-18 19:55:41", "elapsed": 72.750806, "delta": 0.171879}}
{"target": -196.66530746611048, "params": {"x1": 198.84000000003027, "x2": 548.4000000000435, "x3": -385.19999999999186, "x4": 537.4800000000432, "x5": -88.1999999999806}, "datetime": {"datetime": "2020-10-18 19:55:41", "elapsed": 72.931087, "delta": 0.180281}}
{"target": -3.7673528021634377, "params": {"x1": -5.519999999977472, "x2": -64.3199999999797, "x3": -71.75999999997998, "x4": 10.920000000023151, "x5": 33.00000000002399}, "datetime": {"datetime": "2020-10-18 19:55:42", "elapsed": 73.884321, "delta": 0.953234}}
{"target": -189.60726688056155, "params": {"x1": 322.56000000003496, "x2": 21.48000000002355, "x3": 285.60000000003356, "x4": 466.3200000000404, "x5": 591.480000000045}, "datetime": {"datetime": "2020-10-18 19:55:42", "elapsed": 74.067534, "delta": 0.183213}}
