{"target": -2.0717982298268014, "params": {"x1": -17.999999999977945, "x2": -7.1999999999775355, "x3": 46.80000000002451, "x4": 9.600000000023101, "x5": -57.599999999979445}, "datetime": {"datetime": "2020-10-18 20:03:17", "elapsed": 86.633684, "delta": 1.329205}}
{"target": -3.842989561892368, "params": {"x1": 24.000000000023647, "x2": 8.400000000023056, "x3": 12.000000000023192, "x4": 7.20000000002301, "x5": -115.19999999998163}, "datetime": {"datetime": "2020-10-18 20:03:18", "elapsed": 88.064361, "delta": 1.430677}}
{"target": -1.0903666689307505, "params": {"x1": -19.19999999997799, "x2": -10.799999999977672, "x3": -16.7999999999779, "x4": -3.599999999977399, "x5": -23.999999999978172}, "datetime": {"datetime": "2020-10-18 20:03:19", "elapsed": 89.005733, "delta": 0.941372}}
{"target": -2.5920357876290603, "params": {"x1": 13.200000000023238, "x2": -34.79999999997858, "x3": 9.600000000023101, "x4": -52.79999999997926, "x5": -56.3999999999794}, "datetime": {"datetime": "2020-10-18 20:03:20", "elapsed": 89.897916, "delta": 0.892183}}
{"target": -4.141962518453202, "params": {"x1": -37.19999999997867, "x2": -74.39999999998008, "x3": -75.59999999998013, "x4": 1.2000000000227828, "x5": -11.999999999977717}, "datetime": {"datetime": "2020-10-18 20:03:22", "elapsed": 91.534224, "delta": 1.636308}}
{"target": -2.9360730707942713, "params": {"x1": -4.7999999999774445, "x2": -11.999999999977717, "x3": -25.199999999978218, "x4": 22.8000000000236, "x5": -95.9999999999809}, "datetime": {"datetime": "2020-10-18 20:03:23", "elapsed": 92.707432, "delta": 1.173208}}
{"target": -3.555533514488804, "params": {"x1": -70.79999999997995, "x2": -11.999999999977717, "x3": 32.400000000023965, "x4": -10.799999999977672, "x5": -71.99999999997999}, "datetime": {"datetime": "2020-10-18 20:03:24", "elapsed": 93.669338, "delta": 0.961906}}
{"target": -112.86550552037812, "params": {"x1": 436.8000000000393, "x2": 409.20000000003824, "x3": 229.20000000003142, "x4": 38.40000000002419, "x5": -195.59999999998468}, "datetime": {"datetime": "2020-10-18 20:03:24", "elapsed": 93.852865, "delta": 0.183527}}
{"target": -5.233669689272125, "params": {"x1": -23.999999999978172, "x2": -8.399999999977581, "x3": -117.59999999998172, "x4": -23.999999999978172, "x5": 2.2737367544323206e-11}, "datetime": {"datetime": "2020-10-18 20:03:25", "elapsed": 95.192689, "delta": 1.339824}}
{"target": -5.026562369790214, "params": {"x1": 81.60000000002583, "x2": -94.79999999998086, "x3": -8.399999999977581, "x4": 42.00000000002433, "x5": -34.79999999997858}, "datetime": {"datetime": "2020-10-18 20:03:27", "elapsed": 96.883669, "delta": 1.69098}}
{"target": -4.961820353475864, "params": {"x1": 35.52000000002408, "x2": 49.320000000024606, "x3": 20.520000000023515, "x4": -60.479999999979555, "x5": 65.88000000002523}, "datetime": {"datetime": "2020-10-18 20:03:28", "elapsed": 97.9433, "delta": 1.059631}}
{"target": -3.360521697472835, "params": {"x1": -42.11999999997886, "x2": 66.84000000002527, "x3": 10.440000000023133, "x4": -16.919999999977904, "x5": 28.32000000002381}, "datetime": {"datetime": "2020-10-18 20:03:30", "elapsed": 99.34135, "delta": 1.39805}}
{"target": -6.361368906238171, "params": {"x1": -57.71999999997945, "x2": -5.159999999977458, "x3": 86.76000000002603, "x4": 109.44000000002688, "x5": -48.83999999997911}, "datetime": {"datetime": "2020-10-18 20:03:31", "elapsed": 100.639287, "delta": 1.297937}}
{"target": -3.6107831341728582, "params": {"x1": -38.15999999997871, "x2": 12.48000000002321, "x3": -84.59999999998047, "x4": -11.159999999977686, "x5": -10.799999999977672}, "datetime": {"datetime": "2020-10-18 20:03:32", "elapsed": 102.00455, "delta": 1.365263}}
{"target": -4.582823557958899, "params": {"x1": -18.35999999997796, "x2": 7.20000000002301, "x3": -3.7199999999774036, "x4": -21.239999999978068, "x5": 100.08000000002653}, "datetime": {"datetime": "2020-10-18 20:03:33", "elapsed": 103.002131, "delta": 0.997581}}
{"target": -3.4054177908782948, "params": {"x1": 56.76000000002489, "x2": -44.159999999978936, "x3": 21.360000000023547, "x4": 79.68000000002576, "x5": 5.400000000022942}, "datetime": {"datetime": "2020-10-18 20:03:35", "elapsed": 104.385243, "delta": 1.383112}}
{"target": -121.7673957631561, "params": {"x1": 277.08000000003324, "x2": 342.2400000000357, "x3": 528.8400000000429, "x4": 19.920000000023492, "x5": 89.16000000002612}, "datetime": {"datetime": "2020-10-18 20:03:35", "elapsed": 104.620814, "delta": 0.235571}}
{"target": -5.6043202696357, "params": {"x1": -50.15999999997916, "x2": -12.59999999997774, "x3": 65.88000000002523, "x4": 81.72000000002583, "x5": -91.55999999998073}, "datetime": {"datetime": "2020-10-18 20:03:36", "elapsed": 105.709734, "delta": 1.08892}}
{"target": -4.787846463353098, "params": {"x1": -101.63999999998111, "x2": 6.840000000022997, "x3": 2.6400000000228374, "x4": 45.12000000002445, "x5": 41.52000000002431}, "datetime": {"datetime": "2020-10-18 20:03:37", "elapsed": 107.218591, "delta": 1.508857}}
{"target": -4.38193619321418, "params": {"x1": -17.519999999977927, "x2": 47.64000000002454, "x3": -79.55999999998028, "x4": 3.4800000000228692, "x5": -67.79999999997983}, "datetime": {"datetime": "2020-10-18 20:03:39", "elapsed": 108.35943, "delta": 1.140839}}
{"target": -5.205144871175993, "params": {"x1": 107.76000000002682, "x2": -54.59999999997933, "x3": 6.360000000022978, "x4": -44.75999999997896, "x5": -32.279999999978486}, "datetime": {"datetime": "2020-10-18 20:03:40", "elapsed": 109.563596, "delta": 1.204166}}
{"target": -6.38995870359921, "params": {"x1": -40.91999999997881, "x2": 95.52000000002636, "x3": -64.55999999997971, "x4": 21.000000000023533, "x5": 56.52000000002488}, "datetime": {"datetime": "2020-10-18 20:03:41", "elapsed": 110.781621, "delta": 1.218025}}
{"target": -6.686908709347299, "params": {"x1": 27.120000000023765, "x2": -53.7599999999793, "x3": 103.56000000002666, "x4": -75.71999999998013, "x5": -65.75999999997975}, "datetime": {"datetime": "2020-10-18 20:03:42", "elapsed": 111.857965, "delta": 1.076344}}
{"target": -5.123074141969542, "params": {"x1": 59.280000000024984, "x2": -115.67999999998165, "x3": 19.800000000023488, "x4": 5.760000000022956, "x5": 31.920000000023947}, "datetime": {"datetime": "2020-10-18 20:03:43", "elapsed": 112.750795, "delta": 0.89283}}
{"target": -3.243490134749651, "params": {"x1": -61.19999999997958, "x2": 37.32000000002415, "x3": 33.60000000002401, "x4": -29.399999999978377, "x5": -24.599999999978195}, "datetime": {"datetime": "2020-10-18 20:03:44", "elapsed": 113.986715, "delta": 1.23592}}
{"target": -5.387261863273317, "params": {"x1": -54.959999999979345, "x2": -98.39999999998099, "x3": -51.47999999997921, "x4": 40.560000000024274, "x5": 31.080000000023915}, "datetime": {"datetime": "2020-10-18 20:03:46", "elapsed": 115.406888, "delta": 1.420173}}
{"target": -134.60228619269657, "params": {"x1": -92.03999999998075, "x2": 295.92000000003395, "x3": 412.8000000000384, "x4": 527.8800000000429, "x5": -17.279999999977917}, "datetime": {"datetime": "2020-10-18 20:03:46", "elapsed": 115.644291, "delta": 0.237403}}
{"target": -4.684900525292742, "params": {"x1": 26.880000000023756, "x2": 90.72000000002618, "x3": -48.71999999997911, "x4": -10.919999999977676, "x5": -40.199999999978786}, "datetime": {"datetime": "2020-10-18 20:03:47", "elapsed": 116.849701, "delta": 1.20541}}
{"target": -2.9466782735596624, "params": {"x1": 13.560000000023251, "x2": -10.679999999977667, "x3": -32.6399999999785, "x4": -56.039999999979386, "x5": -53.99999999997931}, "datetime": {"datetime": "2020-10-18 20:03:48", "elapsed": 118.075097, "delta": 1.225396}}
{"target": -4.994391492043368, "params": {"x1": -38.879999999978736, "x2": 19.08000000002346, "x3": 12.72000000002322, "x4": -81.83999999998036, "x5": 59.16000000002498}, "datetime": {"datetime": "2020-10-18 20:03:49", "elapsed": 119.243744, "delta": 1.168647}}
{"target": -157.21073708139562, "params": {"x1": -299.5199999999886, "x2": -223.55999999998573, "x3": -171.83999999998377, "x4": 337.68000000003553, "x5": 578.0400000000445}, "datetime": {"datetime": "2020-10-18 20:03:50", "elapsed": 119.47051, "delta": 0.226766}}
{"target": -5.1586078763483805, "params": {"x1": 61.08000000002505, "x2": -51.95999999997923, "x3": -12.239999999977726, "x4": -40.31999999997879, "x5": -100.67999999998108}, "datetime": {"datetime": "2020-10-18 20:03:51", "elapsed": 121.025444, "delta": 1.554934}}
{"target": -3.1609691822584645, "params": {"x1": -76.07999999998015, "x2": 20.280000000023506, "x3": 36.600000000024124, "x4": 8.400000000023056, "x5": 12.48000000002321}, "datetime": {"datetime": "2020-10-18 20:03:52", "elapsed": 122.056092, "delta": 1.030648}}
{"target": -6.915896803967056, "params": {"x1": -22.0799999999781, "x2": -23.39999999997815, "x3": 45.24000000002445, "x4": -29.399999999978377, "x5": 127.56000000002757}, "datetime": {"datetime": "2020-10-18 20:03:53", "elapsed": 123.163985, "delta": 1.107893}}
{"target": -173.49131147844403, "params": {"x1": 274.92000000003316, "x2": -278.0399999999878, "x3": 432.2400000000391, "x4": 229.56000000003144, "x5": -570.2399999999989}, "datetime": {"datetime": "2020-10-18 20:03:54", "elapsed": 123.404693, "delta": 0.240708}}
{"target": -5.127799651169372, "params": {"x1": -48.23999999997909, "x2": -49.07999999997912, "x3": -98.639999999981, "x4": 34.32000000002404, "x5": 31.20000000002392}, "datetime": {"datetime": "2020-10-18 20:03:55", "elapsed": 124.70457, "delta": 1.299877}}
{"target": -180.72863074864094, "params": {"x1": 34.08000000002403, "x2": -378.9599999999916, "x3": -99.23999999998102, "x4": 455.6400000000399, "x5": 596.5200000000455}, "datetime": {"datetime": "2020-10-18 20:03:55", "elapsed": 124.949571, "delta": 0.245001}}
{"target": -6.791724694471665, "params": {"x1": -46.19999999997901, "x2": -19.439999999978, "x3": -29.51999999997838, "x4": 57.60000000002492, "x5": -143.7599999999827}, "datetime": {"datetime": "2020-10-18 20:03:56", "elapsed": 126.210338, "delta": 1.260767}}
{"target": -3.0576872239821897, "params": {"x1": 51.360000000024684, "x2": -30.359999999978413, "x3": -15.719999999977858, "x4": -35.2799999999786, "x5": -66.71999999997979}, "datetime": {"datetime": "2020-10-18 20:03:58", "elapsed": 127.368124, "delta": 1.157786}}
{"target": -8.96573706304672, "params": {"x1": -25.79999999997824, "x2": 2.2800000000228238, "x3": 12.960000000023228, "x4": -91.07999999998071, "x5": 129.24000000002763}, "datetime": {"datetime": "2020-10-18 20:03:58", "elapsed": 128.260736, "delta": 0.892612}}
{"target": -2.8618902394854775, "params": {"x1": 85.9679999967766, "x2": -6.288000002789886, "x3": -0.18000000281858775, "x4": 10.055999997133313, "x5": 17.567999997098013}, "datetime": {"datetime": "2020-10-18 20:04:01", "elapsed": 130.593372, "delta": 2.332636}}
{"target": -4.554057392056351, "params": {"x1": 65.55599999687252, "x2": -6.804000002787461, "x3": 30.095999997039144, "x4": 36.86399999700734, "x5": 73.46399999683535}, "datetime": {"datetime": "2020-10-18 20:04:03", "elapsed": 132.663927, "delta": 2.070555}}
{"target": -6.018775296316986, "params": {"x1": -8.016000002781766, "x2": 11.267999997127617, "x3": -12.528000002760564, "x4": 32.9999999970255, "x5": 125.17199999659238}, "datetime": {"datetime": "2020-10-18 20:04:05", "elapsed": 134.429867, "delta": 1.76594}}
{"target": -6.629173497104811, "params": {"x1": 73.12799999683693, "x2": 68.9639999968565, "x3": -82.1520000024334, "x4": 14.327999997113238, "x5": 52.3439999969346}, "datetime": {"datetime": "2020-10-18 20:04:06", "elapsed": 136.116101, "delta": 1.686234}}
{"target": -2.402021946992508, "params": {"x1": 26.783999997054707, "x2": -23.556000002708743, "x3": -56.35200000255463, "x4": 15.179999997109235, "x5": -33.28800000266301}, "datetime": {"datetime": "2020-10-18 20:04:08", "elapsed": 137.846954, "delta": 1.730853}}
{"target": -12.49072417504449, "params": {"x1": -173.74800000200298, "x2": -48.420000002591905, "x3": -83.67600000242624, "x4": 37.811999997002886, "x5": -87.9600000024061}, "datetime": {"datetime": "2020-10-18 20:04:10", "elapsed": 139.77962, "delta": 1.932666}}
{"target": -4.729975558792973, "params": {"x1": 21.923999997077544, "x2": -8.89200000277765, "x3": -58.69200000254364, "x4": 4.871999997157673, "x5": -117.13200000226902}, "datetime": {"datetime": "2020-10-18 20:04:12", "elapsed": 141.398311, "delta": 1.618691}}
{"target": -91.03874168890148, "params": {"x1": -248.5920000016513, "x2": -177.0000000019877, "x3": 367.7639999954524, "x4": -354.70800000115264, "x5": -41.340000002625175}, "datetime": {"datetime": "2020-10-18 20:04:12", "elapsed": 142.047933, "delta": 0.649622}}
{"target": -7.168505999816348, "params": {"x1": 65.03999999687494, "x2": 47.35199999695806, "x3": -24.336000002705077, "x4": 107.83199999667386, "x5": 74.63999999682983}, "datetime": {"datetime": "2020-10-18 20:04:14", "elapsed": 143.36282, "delta": 1.314887}}
{"target": -2.2325482418034373, "params": {"x1": -31.368000002672034, "x2": -16.092000002743816, "x3": -47.71200000259523, "x4": -0.31200000281796747, "x5": -48.5280000025914}, "datetime": {"datetime": "2020-10-18 20:04:15", "elapsed": 145.155315, "delta": 1.792495}}
{"target": -2.240750309039909, "params": {"x1": -33.72000000266098, "x2": -14.148000002752951, "x3": 50.171999996944805, "x4": 42.11999999698264, "x5": 10.763999997129986}, "datetime": {"datetime": "2020-10-18 20:04:17", "elapsed": 146.728867, "delta": 1.573552}}
{"target": -6.0115170962171955, "params": {"x1": -77.8320000024537, "x2": -68.88000000249576, "x3": 81.89999999679571, "x4": -48.86400000258982, "x5": 3.7079999971631423}, "datetime": {"datetime": "2020-10-18 20:04:18", "elapsed": 148.032083, "delta": 1.303216}}
{"target": -3.8954497739668716, "params": {"x1": -42.66000000261897, "x2": 87.61199999676887, "x3": -3.132000002804716, "x4": 7.151999997146959, "x5": 9.623999997135343}, "datetime": {"datetime": "2020-10-18 20:04:20", "elapsed": 149.741632, "delta": 1.709549}}
{"target": -5.8636103393285435, "params": {"x1": -4.644000002797611, "x2": -78.22800000245184, "x3": -8.184000002780977, "x4": 127.73999999658031, "x5": -11.136000002767105}, "datetime": {"datetime": "2020-10-18 20:04:21", "elapsed": 151.287584, "delta": 1.545952}}
{"target": -3.1036891822278143, "params": {"x1": 44.86799999696973, "x2": -65.54400000251144, "x3": -33.828000002660474, "x4": 8.411999997141038, "x5": -54.300000002564275}, "datetime": {"datetime": "2020-10-18 20:04:24", "elapsed": 153.410031, "delta": 2.122447}}
{"target": -161.50759354398448, "params": {"x1": 462.9599999950051, "x2": -173.54400000200394, "x3": 592.7039999943954, "x4": 243.3839999960369, "x5": 30.41999999703762}, "datetime": {"datetime": "2020-10-18 20:04:24", "elapsed": 154.042394, "delta": 0.632363}}
{"target": -121.81584085912866, "params": {"x1": -51.73200000257634, "x2": 372.2759999954312, "x3": 433.83599999514195, "x4": -377.6760000010447, "x5": -45.16800000260719}, "datetime": {"datetime": "2020-10-18 20:04:25", "elapsed": 154.648552, "delta": 0.606158}}
{"target": -3.2311273590001433, "params": {"x1": -17.30400000273812, "x2": -27.00000000269256, "x3": -65.78400000251031, "x4": -40.380000002629686, "x5": -11.592000002764962}, "datetime": {"datetime": "2020-10-18 20:04:26", "elapsed": 155.934724, "delta": 1.286172}}
{"target": -5.803038061663473, "params": {"x1": -20.25600000272425, "x2": 0.9119999971762809, "x3": -108.99600000230726, "x4": 12.575999997121471, "x5": -96.84000000236438}, "datetime": {"datetime": "2020-10-18 20:04:27", "elapsed": 157.280308, "delta": 1.345584}}
{"target": -6.673053032520021, "params": {"x1": 11.171999997128069, "x2": 65.42399999687314, "x3": 15.251999997108896, "x4": 128.85599999657506, "x5": 37.13999999700604}, "datetime": {"datetime": "2020-10-18 20:04:29", "elapsed": 158.896944, "delta": 1.616636}}
{"target": -1.1837299693670853, "params": {"x1": 20.44799999708448, "x2": 6.62399999714944, "x3": -18.03600000273468, "x4": 21.995999997077206, "x5": -47.74800000259506}, "datetime": {"datetime": "2020-10-18 20:04:31", "elapsed": 160.432524, "delta": 1.53558}}
{"target": -4.195196760951161, "params": {"x1": -11.040000002767556, "x2": -79.06800000244789, "x3": -13.176000002757519, "x4": -0.8400000028154864, "x5": 77.33999999681714}, "datetime": {"datetime": "2020-10-18 20:04:32", "elapsed": 162.040909, "delta": 1.608385}}
{"target": -16.582434715887707, "params": {"x1": -199.46400000188214, "x2": -75.36000000246531, "x3": 130.9559999965652, "x4": 32.723999997026795, "x5": -32.472000002666846}, "datetime": {"datetime": "2020-10-18 20:04:33", "elapsed": 162.628252, "delta": 0.587343}}
{"target": -6.174165691774527, "params": {"x1": -103.50000000233308, "x2": -3.7680000028017275, "x3": -62.53200000252559, "x4": -21.732000002717314, "x5": -83.05200000242917}, "datetime": {"datetime": "2020-10-18 20:04:34", "elapsed": 163.760344, "delta": 1.132092}}
{"target": -117.06546461178922, "params": {"x1": 126.43199999658646, "x2": 35.7239999970127, "x3": -449.4840000007073, "x4": 458.43599999502635, "x5": -213.5160000018161}, "datetime": {"datetime": "2020-10-18 20:04:35", "elapsed": 164.340734, "delta": 0.58039}}
{"target": -71.06724273800756, "params": {"x1": -20.904000002721205, "x2": -332.7360000012559, "x3": 181.79999999632628, "x4": 286.3919999958348, "x5": -270.13200000155007}, "datetime": {"datetime": "2020-10-18 20:04:35", "elapsed": 164.921456, "delta": 0.580722}}
{"target": -6.12768456781485, "params": {"x1": 45.69599999696584, "x2": 15.359999997108389, "x3": -58.42800000254488, "x4": 16.343999997103765, "x5": 105.46799999668497}, "datetime": {"datetime": "2020-10-18 20:04:37", "elapsed": 166.796243, "delta": 1.874787}}
{"target": -6.746769674164113, "params": {"x1": -12.156000002762312, "x2": -42.8880000026179, "x3": 65.84399999687116, "x4": -104.08800000233032, "x5": -84.03600000242454}, "datetime": {"datetime": "2020-10-18 20:04:39", "elapsed": 168.580247, "delta": 1.784004}}
{"target": -7.197659887496121, "params": {"x1": 49.39199999694847, "x2": -143.55600000214486, "x3": 19.775999997087638, "x4": 4.739999997158293, "x5": 56.051999996917175}, "datetime": {"datetime": "2020-10-18 20:04:40", "elapsed": 170.146197, "delta": 1.56595}}
{"target": -1.9401228208154864, "params": {"x1": -3.348000002803701, "x2": 30.731999997036155, "x3": 29.05199999704405, "x4": 33.03599999702533, "x5": 21.695999997078616}, "datetime": {"datetime": "2020-10-18 20:04:42", "elapsed": 171.645564, "delta": 1.499367}}
{"target": -3.5530284060108785, "params": {"x1": -45.03364985488008, "x2": 2.237200318429359, "x3": 69.06858218361481, "x4": 63.03633902180002, "x5": 36.71423044869334}, "datetime": {"datetime": "2020-10-18 20:04:43", "elapsed": 172.542061, "delta": 0.896497}}
{"target": -3.3876374138011927, "params": {"x1": 66.49791842474315, "x2": -5.78690818729001, "x3": -36.98575091422299, "x4": -18.819408292901812, "x5": 41.03710870267423}, "datetime": {"datetime": "2020-10-18 20:04:44", "elapsed": 174.05533, "delta": 1.513269}}
{"target": -7.371147296849486, "params": {"x1": 139.3321027311482, "x2": -13.766979487319418, "x3": 52.5761079985424, "x4": -0.04498120474613643, "x5": -76.97693383305568}, "datetime": {"datetime": "2020-10-18 20:04:45", "elapsed": 175.082189, "delta": 1.026859}}
{"target": -10.173610253761204, "params": {"x1": -160.96758631022695, "x2": -72.58633655566261, "x3": 13.345999963829842, "x4": 84.00291729752986, "x5": -23.56930831834368}, "datetime": {"datetime": "2020-10-18 20:04:46", "elapsed": 176.101154, "delta": 1.018965}}
{"target": -228.51941541883943, "params": {"x1": 464.61813783370303, "x2": -135.3954853886571, "x3": -69.9539571453787, "x4": -556.2711202337965, "x5": 581.8559659498433}, "datetime": {"datetime": "2020-10-18 20:04:47", "elapsed": 176.336421, "delta": 0.235267}}
{"target": -2.0945532574221963, "params": {"x1": -31.301753238915694, "x2": 19.998059722158587, "x3": -15.062961492387103, "x4": 6.5392715937611, "x5": -57.896157705362725}, "datetime": {"datetime": "2020-10-18 20:04:48", "elapsed": 177.616317, "delta": 1.279896}}
{"target": -4.185537507035986, "params": {"x1": 56.32619728980387, "x2": -24.485793565357312, "x3": 91.16038392265352, "x4": 50.54868119109722, "x5": 5.135504014152389}, "datetime": {"datetime": "2020-10-18 20:04:49", "elapsed": 178.946788, "delta": 1.330471}}
{"target": -4.800693663568882, "params": {"x1": 74.17230557574067, "x2": -29.419609279340648, "x3": 84.25577026945587, "x4": -11.467232903933905, "x5": -64.50533419047395}, "datetime": {"datetime": "2020-10-18 20:04:50", "elapsed": 180.256905, "delta": 1.310117}}
{"target": -4.916467341590096, "params": {"x1": -51.908908948301814, "x2": 33.25051430087433, "x3": 74.05335791843845, "x4": 48.90057723808059, "x5": -68.88413695848578}, "datetime": {"datetime": "2020-10-18 20:04:52", "elapsed": 181.571756, "delta": 1.314851}}
{"target": -5.6027464288109545, "params": {"x1": -27.276509560507744, "x2": -71.6810161750564, "x3": 27.15461798549833, "x4": 109.36879172489132, "x5": -67.99760502796384}, "datetime": {"datetime": "2020-10-18 20:04:53", "elapsed": 182.73757, "delta": 1.165814}}
{"target": -4.388495593344102, "params": {"x1": -15.100621758169988, "x2": 76.1695290802715, "x3": -66.32207057573038, "x4": 55.34475240144115, "x5": -18.23826538481561}, "datetime": {"datetime": "2020-10-18 20:04:54", "elapsed": 183.865535, "delta": 1.127965}}
{"target": -2.8575875020219215, "params": {"x1": 40.111876859170614, "x2": -0.7822133405488167, "x3": 43.97554205074856, "x4": -31.282117347402956, "x5": 39.27649770898693}, "datetime": {"datetime": "2020-10-18 20:04:56", "elapsed": 185.407854, "delta": 1.542319}}
{"target": -5.757866517762392, "params": {"x1": 42.553582227568995, "x2": -54.469286345590376, "x3": 68.7590608105312, "x4": 95.5242064622588, "x5": -74.34105197838824}, "datetime": {"datetime": "2020-10-18 20:04:57", "elapsed": 186.56711, "delta": 1.159256}}
