{"target": -99.99856944224096, "params": {"x1": 87.75106601410772, "x2": 0.7933734803264745, "x3": -1.9229568755479653, "x4": 0.20929771789551932, "x5": -1.6949323275486612}, "datetime": {"datetime": "2020-10-20 14:26:14", "elapsed": 0.0, "delta": 0.0}}
{"target": -99.99999994512329, "params": {"x1": 88.99468332395931, "x2": -1.3618551255430689, "x3": 1.0313577605894373, "x4": 1.748996325456264, "x5": 0.6807038910901047}, "datetime": {"datetime": "2020-10-20 14:26:15", "elapsed": 0.151728, "delta": 0.151728}}
{"target": -99.9999999678009, "params": {"x1": 88.99662322754335, "x2": 1.5342844342751483, "x3": -1.9119935323693982, "x4": -0.6938148928201076, "x5": -2.1012525900088974}, "datetime": {"datetime": "2020-10-20 14:26:15", "elapsed": 0.388893, "delta": 0.237165}}
{"target": -99.99999996843263, "params": {"x1": 86.5, "x2": -1.0675999999999999, "x3": 1.0767000000000004, "x4": 2.3023, "x5": -1.2352}, "datetime": {"datetime": "2020-10-20 14:26:15", "elapsed": 0.706243, "delta": 0.31735}}
{"target": -99.99999996877655, "params": {"x1": 87.1, "x2": 1.6324000000000005, "x3": -1.6233, "x4": -0.6977, "x5": 0.8648000000000002}, "datetime": {"datetime": "2020-10-20 14:26:16", "elapsed": 1.171518, "delta": 0.465275}}
{"target": -99.99999995885221, "params": {"x1": 86.5, "x2": -1.3676, "x3": 0.7767000000000002, "x4": 2.3023, "x5": -2.1352}, "datetime": {"datetime": "2020-10-20 14:26:16", "elapsed": 1.653201, "delta": 0.481683}}
{"target": -99.99999997509981, "params": {"x1": 89.19999999999997, "x2": 1.6324000000000005, "x3": -1.6233, "x4": -0.3977, "x5": 0.8648000000000002}, "datetime": {"datetime": "2020-10-20 14:26:17", "elapsed": 2.094211, "delta": 0.44101}}
{"target": -99.99999995893558, "params": {"x1": 89.49999999999997, "x2": 1.6324000000000005, "x3": -1.9233, "x4": -0.3977, "x5": -2.1352}, "datetime": {"datetime": "2020-10-20 14:26:17", "elapsed": 2.545266, "delta": 0.451055}}
{"target": -99.9999999598634, "params": {"x1": 87.1, "x2": -1.3676, "x3": 1.0767000000000004, "x4": 2.3023, "x5": -2.1352}, "datetime": {"datetime": "2020-10-20 14:26:17", "elapsed": 2.899928, "delta": 0.354662}}
{"target": -99.99999735980587, "params": {"x1": 89.19999999999997, "x2": -0.16759999999999975, "x3": -1.9233, "x4": 2.0023, "x5": 0.5648}, "datetime": {"datetime": "2020-10-20 14:26:18", "elapsed": 3.356104, "delta": 0.456176}}
{"target": -99.99999942199015, "params": {"x1": 86.8, "x2": 1.3324000000000003, "x3": -1.3233, "x4": -0.6977, "x5": 0.5648}, "datetime": {"datetime": "2020-10-20 14:26:18", "elapsed": 3.842492, "delta": 0.486388}}
{"target": -99.99999996783369, "params": {"x1": 86.5, "x2": -1.0675999999999999, "x3": 1.0767000000000004, "x4": -0.3977, "x5": -2.1352}, "datetime": {"datetime": "2020-10-20 14:26:19", "elapsed": 4.364069, "delta": 0.521577}}
{"target": -99.9999999677515, "params": {"x1": 89.19999999999997, "x2": 1.6324000000000005, "x3": -1.6233, "x4": 2.3023, "x5": 0.8648000000000002}, "datetime": {"datetime": "2020-10-20 14:26:20", "elapsed": 5.100015, "delta": 0.735946}}
{"target": -99.99999996900883, "params": {"x1": 88.89999999999998, "x2": 1.6324000000000005, "x3": 1.0767000000000004, "x4": -0.09770000000000001, "x5": -2.1352}, "datetime": {"datetime": "2020-10-20 14:26:20", "elapsed": 5.527782, "delta": 0.427767}}
{"target": -99.99999996797101, "params": {"x1": 86.5, "x2": -1.0675999999999999, "x3": -1.9233, "x4": 2.3023, "x5": -0.6352}, "datetime": {"datetime": "2020-10-20 14:26:21", "elapsed": 6.06028, "delta": 0.532498}}
{"target": -99.99999988771935, "params": {"x1": 86.5, "x2": 1.3324000000000003, "x3": 0.7767000000000002, "x4": 2.0023, "x5": 0.5648}, "datetime": {"datetime": "2020-10-20 14:26:21", "elapsed": 6.650244, "delta": 0.589964}}
{"target": -99.99999996789623, "params": {"x1": 89.49999999999997, "x2": 1.3324000000000003, "x3": -1.9233, "x4": -0.6977, "x5": -1.8352000000000002}, "datetime": {"datetime": "2020-10-20 14:26:22", "elapsed": 7.321132, "delta": 0.670888}}
{"target": -99.99999157932196, "params": {"x1": 89.49999999999997, "x2": -1.0675999999999999, "x3": 0.17670000000000052, "x4": -0.3977, "x5": -1.5352000000000001}, "datetime": {"datetime": "2020-10-20 14:26:22", "elapsed": 7.957524, "delta": 0.636392}}
{"target": -99.99999848596765, "params": {"x1": 88.9600000000001, "x2": -1.3075999999999999, "x3": 0.8367000000000024, "x4": 1.7623000000000022, "x5": 0.6847999999999814}, "datetime": {"datetime": "2020-10-20 14:26:23", "elapsed": 8.531892, "delta": 0.574368}}
{"target": -99.99999997514098, "params": {"x1": 89.2300000000001, "x2": 1.6324000000000027, "x3": -1.5932999999999997, "x4": -0.6977, "x5": -1.865200000000002}, "datetime": {"datetime": "2020-10-20 14:26:24", "elapsed": 9.230697, "delta": 0.698805}}
{"target": -99.99999975293537, "params": {"x1": 89.35000000000011, "x2": -0.37759999999999905, "x3": 1.0767000000000027, "x4": -0.0376999999999994, "x5": 0.8047999999999806}, "datetime": {"datetime": "2020-10-20 14:26:24", "elapsed": 9.828841, "delta": 0.598144}}
{"target": -99.99999997328922, "params": {"x1": 86.65, "x2": 1.002400000000002, "x3": 1.0167000000000026, "x4": 2.1823000000000023, "x5": -2.1052000000000004}, "datetime": {"datetime": "2020-10-20 14:26:25", "elapsed": 10.420612, "delta": 0.591771}}
{"target": -99.99999993995668, "params": {"x1": 86.56, "x2": 1.3624000000000023, "x3": -1.7732999999999999, "x4": 2.0923000000000025, "x5": 0.5347999999999824}, "datetime": {"datetime": "2020-10-20 14:26:26", "elapsed": 11.080623, "delta": 0.660011}}
{"target": -99.99999997255884, "params": {"x1": 89.1100000000001, "x2": -1.3376, "x3": -1.9233, "x4": -0.1576999999999995, "x5": -2.045200000000001}, "datetime": {"datetime": "2020-10-20 14:26:26", "elapsed": 11.646069, "delta": 0.565446}}
{"target": -99.99999784265216, "params": {"x1": 89.2600000000001, "x2": 0.6124000000000018, "x3": -1.4432999999999996, "x4": -0.6677, "x5": 0.7147999999999812}, "datetime": {"datetime": "2020-10-20 14:26:27", "elapsed": 12.45439, "delta": 0.808321}}
{"target": -99.99984748418765, "params": {"x1": 89.0800000000001, "x2": -0.6175999999999993, "x3": -1.6232999999999997, "x4": 2.1823000000000023, "x5": 0.20479999999998455}, "datetime": {"datetime": "2020-10-20 14:26:28", "elapsed": 13.129985, "delta": 0.675595}}
{"target": -99.99976173391154, "params": {"x1": 87.52000000000004, "x2": 0.7024000000000021, "x3": -1.8933, "x4": -0.5776999999999999, "x5": -0.1252000000000133}, "datetime": {"datetime": "2020-10-20 14:26:28", "elapsed": 13.688174, "delta": 0.558189}}
{"target": -99.99999987974034, "params": {"x1": 86.74000000000001, "x2": -1.3376, "x3": 0.6867000000000021, "x4": 2.1223000000000027, "x5": 0.5347999999999824}, "datetime": {"datetime": "2020-10-20 14:26:29", "elapsed": 14.450225, "delta": 0.762051}}
{"target": -99.99580038720093, "params": {"x1": 86.65, "x2": -0.7375999999999994, "x3": 0.026700000000001722, "x4": 1.8823000000000023, "x5": 0.11479999999998514}, "datetime": {"datetime": "2020-10-20 14:26:30", "elapsed": 15.174139, "delta": 0.723914}}
{"target": -99.9999998564569, "params": {"x1": 86.59, "x2": -1.2175999999999998, "x3": 0.566700000000002, "x4": -0.5776999999999999, "x5": -1.8052000000000024}, "datetime": {"datetime": "2020-10-20 14:26:30", "elapsed": 15.96178, "delta": 0.787641}}
{"target": -99.99962112644211, "params": {"x1": 87.10000000000002, "x2": -0.6775999999999993, "x3": 0.26670000000000216, "x4": 2.242300000000003, "x5": 0.4747999999999828}, "datetime": {"datetime": "2020-10-20 14:26:31", "elapsed": 16.592698, "delta": 0.630918}}
{"target": -99.997678843749, "params": {"x1": 86.89000000000001, "x2": -0.9775999999999996, "x3": -1.7432999999999998, "x4": 0.26230000000000087, "x5": -0.1252000000000133}, "datetime": {"datetime": "2020-10-20 14:26:32", "elapsed": 17.403761, "delta": 0.811063}}
{"target": -99.99309839512647, "params": {"x1": 88.12000000000006, "x2": -1.0375999999999996, "x3": -1.4432999999999996, "x4": 1.9723000000000026, "x5": -1.4452000000000047}, "datetime": {"datetime": "2020-10-20 14:26:32", "elapsed": 17.903298, "delta": 0.499537}}
{"target": -99.99999997199636, "params": {"x1": 86.90893723011078, "x2": -1.1522382476032182, "x3": -1.888522672434748, "x4": 2.115436668858653, "x5": -2.0526146150883573}, "datetime": {"datetime": "2020-10-20 14:26:33", "elapsed": 18.644766, "delta": 0.741468}}
{"target": -99.99999997681897, "params": {"x1": 86.71836435702896, "x2": -1.1748547731005607, "x3": -1.7952762216217804, "x4": 2.2867163994238116, "x5": 0.7490083860310843}, "datetime": {"datetime": "2020-10-20 14:26:34", "elapsed": 19.447802, "delta": 0.803036}}
{"target": -99.999999973882, "params": {"x1": 86.8399491154863, "x2": -1.2792324294598865, "x3": -1.5797407111379624, "x4": 2.2534441983333693, "x5": -2.0556355657603063}, "datetime": {"datetime": "2020-10-20 14:26:35", "elapsed": 20.114569, "delta": 0.666767}}
{"target": -99.9999993509906, "params": {"x1": 87.14767681996406, "x2": -1.2927659108329301, "x3": -1.7493368525508162, "x4": -0.6753786455919536, "x5": -0.08666886091577597}, "datetime": {"datetime": "2020-10-20 14:26:35", "elapsed": 20.688035, "delta": 0.573466}}
{"target": -99.99993677002227, "params": {"x1": 87.16327959268621, "x2": 1.186135445218793, "x3": 0.947218391416073, "x4": -0.2621183991593904, "x5": -1.8070832715109248}, "datetime": {"datetime": "2020-10-20 14:26:36", "elapsed": 21.512912, "delta": 0.824877}}
{"target": -99.99999000294125, "params": {"x1": 87.73671452880359, "x2": -0.9720919417534318, "x3": -1.3987068784992482, "x4": 2.156111110650171, "x5": 0.8380777459623925}, "datetime": {"datetime": "2020-10-20 14:26:37", "elapsed": 22.108268, "delta": 0.595356}}
{"target": -99.9991468668739, "params": {"x1": 88.30304085528961, "x2": 0.44923977850385244, "x3": -1.8273424734454977, "x4": 2.125463677220938, "x5": -1.553178432810506}, "datetime": {"datetime": "2020-10-20 14:26:37", "elapsed": 23.010491, "delta": 0.902223}}
{"target": -99.99998494267423, "params": {"x1": 86.6926549492911, "x2": -1.0708585294347868, "x3": -1.553792381588675, "x4": 2.161642531732869, "x5": -0.12147871789772058}, "datetime": {"datetime": "2020-10-20 14:26:38", "elapsed": 23.822741, "delta": 0.81225}}
{"target": -99.99999847907723, "params": {"x1": 86.50895205107528, "x2": -0.9813046068692126, "x3": 0.6857482532513128, "x4": 2.211055471021748, "x5": -0.47912191253228853}, "datetime": {"datetime": "2020-10-20 14:26:39", "elapsed": 24.570899, "delta": 0.748158}}
{"target": -99.99999990856598, "params": {"x1": 89.40506489490146, "x2": -1.1796976065523856, "x3": -1.748763557058485, "x4": 2.100396425865087, "x5": 0.4552294952928868}, "datetime": {"datetime": "2020-10-20 14:26:40", "elapsed": 25.186564, "delta": 0.615665}}
{"target": -99.9999998063776, "params": {"x1": 86.51443381187421, "x2": -1.1906616633405256, "x3": 0.6206905296760785, "x4": 2.2565156448589416, "x5": -0.9948362586252781}, "datetime": {"datetime": "2020-10-20 14:26:40", "elapsed": 25.751587, "delta": 0.565023}}
{"target": -99.99999915215642, "params": {"x1": 88.62112050487224, "x2": -0.6758385752997627, "x3": 0.9186115879750079, "x4": -0.6690535358888482, "x5": 0.7699703766646016}, "datetime": {"datetime": "2020-10-20 14:26:41", "elapsed": 26.378302, "delta": 0.626715}}
{"target": -99.82030635882973, "params": {"x1": 87.99847627892571, "x2": -0.8442432797790402, "x3": -1.0199418093780315, "x4": 1.9223288048099543, "x5": -1.4012548190478764}, "datetime": {"datetime": "2020-10-20 14:26:42", "elapsed": 27.089016, "delta": 0.710714}}
{"target": -99.99999996760894, "params": {"x1": 89.5, "x2": 0.5240271954891128, "x3": 0.5858735800810556, "x4": 2.3023, "x5": -2.1352}, "datetime": {"datetime": "2020-10-20 14:26:42", "elapsed": 27.561181, "delta": 0.472165}}
{"target": -99.94087659884559, "params": {"x1": 87.82892331687499, "x2": -0.1500607978034408, "x3": -0.14864869311529852, "x4": 1.1220559389314329, "x5": -2.1352}, "datetime": {"datetime": "2020-10-20 14:26:42", "elapsed": 27.967424, "delta": 0.406243}}
{"target": -99.9999999499264, "params": {"x1": 89.5, "x2": 1.6324, "x3": 1.0767, "x4": 2.3023, "x5": 0.8648}, "datetime": {"datetime": "2020-10-20 14:26:43", "elapsed": 28.262209, "delta": 0.294785}}
{"target": -99.99999995007308, "params": {"x1": 86.5, "x2": 1.6324, "x3": 1.0767, "x4": -0.6977, "x5": 0.8648}, "datetime": {"datetime": "2020-10-20 14:26:43", "elapsed": 28.625641, "delta": 0.363432}}
{"target": -99.9999999499264, "params": {"x1": 86.5, "x2": 1.6324, "x3": -1.9233, "x4": 2.3023, "x5": -2.1352}, "datetime": {"datetime": "2020-10-20 14:26:44", "elapsed": 29.108408, "delta": 0.482767}}
{"target": -99.99999995007308, "params": {"x1": 86.5, "x2": 1.6324, "x3": -1.9233, "x4": -0.6977, "x5": -2.1352}, "datetime": {"datetime": "2020-10-20 14:26:44", "elapsed": 29.494797, "delta": 0.386389}}
{"target": -99.99999995007308, "params": {"x1": 86.5, "x2": -1.3676, "x3": -1.9233, "x4": -0.6977, "x5": -2.1352}, "datetime": {"datetime": "2020-10-20 14:26:44", "elapsed": 30.007387, "delta": 0.51259}}
{"target": -99.99997543097334, "params": {"x1": 88.30661060125342, "x2": 1.6324, "x3": 0.0633666930529816, "x4": 2.3023, "x5": -0.8694438999238449}, "datetime": {"datetime": "2020-10-20 14:26:45", "elapsed": 30.434286, "delta": 0.426899}}
{"target": -99.99999995007308, "params": {"x1": 89.5, "x2": 1.6324, "x3": 1.0767, "x4": -0.6977, "x5": 0.8648}, "datetime": {"datetime": "2020-10-20 14:26:45", "elapsed": 30.933154, "delta": 0.498868}}
{"target": -99.98853044920548, "params": {"x1": 87.45414339107855, "x2": -0.07057827434972251, "x3": -0.5825857088550236, "x4": 2.3023, "x5": -1.4555941828290944}, "datetime": {"datetime": "2020-10-20 14:26:46", "elapsed": 31.442457, "delta": 0.509303}}
{"target": -99.99999995007308, "params": {"x1": 89.5, "x2": -1.3676, "x3": -1.9233, "x4": -0.6977, "x5": 0.8648}, "datetime": {"datetime": "2020-10-20 14:26:46", "elapsed": 31.884387, "delta": 0.44193}}
{"target": -99.95446288592824, "params": {"x1": 88.34721669088034, "x2": -1.3676, "x3": -0.05848255287110403, "x4": 1.0670678128571234, "x5": -0.938063834426646}, "datetime": {"datetime": "2020-10-20 14:26:47", "elapsed": 32.277892, "delta": 0.393505}}
{"target": -99.99999995007308, "params": {"x1": 86.5, "x2": -1.3676, "x3": 1.0767, "x4": -0.6977, "x5": 0.8648}, "datetime": {"datetime": "2020-10-20 14:26:47", "elapsed": 32.681525, "delta": 0.403633}}
{"target": -99.9999999499264, "params": {"x1": 89.5, "x2": -1.3676, "x3": 1.0767, "x4": 2.3023, "x5": -2.1352}, "datetime": {"datetime": "2020-10-20 14:26:48", "elapsed": 33.15497, "delta": 0.473445}}
{"target": -99.96150249915439, "params": {"x1": 89.5, "x2": 0.13562607106955513, "x3": -0.6400483606992442, "x4": 1.3316862026203184, "x5": -1.0424154303397197}, "datetime": {"datetime": "2020-10-20 14:26:48", "elapsed": 33.603575, "delta": 0.448605}}
{"target": -99.99999996006444, "params": {"x1": 86.5, "x2": -0.47569865682865314, "x3": -1.9233, "x4": -0.6977, "x5": 0.8648}, "datetime": {"datetime": "2020-10-20 14:26:48", "elapsed": 33.964306, "delta": 0.360731}}
{"target": -99.9999999499264, "params": {"x1": 89.5, "x2": 1.6324, "x3": -1.9233, "x4": 2.3023, "x5": -2.1352}, "datetime": {"datetime": "2020-10-20 14:26:49", "elapsed": 34.424775, "delta": 0.460469}}
{"target": -99.99999995007308, "params": {"x1": 89.5, "x2": -1.3676, "x3": 1.0767, "x4": -0.6977, "x5": 0.8648}, "datetime": {"datetime": "2020-10-20 14:26:49", "elapsed": 34.87594, "delta": 0.451165}}
{"target": -99.99999830323452, "params": {"x1": 86.5, "x2": -0.8714229666681149, "x3": -1.1725809595218115, "x4": 0.982862016143799, "x5": -2.1352}, "datetime": {"datetime": "2020-10-20 14:26:50", "elapsed": 35.405483, "delta": 0.529543}}
{"target": -99.99997148141006, "params": {"x1": 88.06303383076042, "x2": 1.6324, "x3": 0.1416703965519177, "x4": 0.7569076133032784, "x5": 0.8648}, "datetime": {"datetime": "2020-10-20 14:26:50", "elapsed": 35.889244, "delta": 0.483761}}
{"target": -99.99999994492134, "params": {"x1": 86.5, "x2": 1.6324, "x3": 1.0767, "x4": 0.9006198509997584, "x5": -0.8962472215932565}, "datetime": {"datetime": "2020-10-20 14:26:51", "elapsed": 36.281714, "delta": 0.39247}}
{"target": -99.99999995610516, "params": {"x1": 89.5, "x2": -0.4571393048771387, "x3": -0.4437140954612704, "x4": 2.3023, "x5": 0.8648}, "datetime": {"datetime": "2020-10-20 14:26:51", "elapsed": 36.738706, "delta": 0.456992}}
{"target": -99.99770448783629, "params": {"x1": 88.53848719947912, "x2": -0.8534663895987972, "x3": -0.12115046522988611, "x4": 2.3023, "x5": -1.2764056274251963}, "datetime": {"datetime": "2020-10-20 14:26:52", "elapsed": 37.188369, "delta": 0.449663}}
{"target": -99.9999999499264, "params": {"x1": 89.5, "x2": 1.6324, "x3": 1.0767, "x4": 2.3023, "x5": -2.1352}, "datetime": {"datetime": "2020-10-20 14:26:52", "elapsed": 37.59059, "delta": 0.402221}}
{"target": -99.99999995007308, "params": {"x1": 89.5, "x2": -1.3676, "x3": 1.0767, "x4": -0.6977, "x5": -2.1352}, "datetime": {"datetime": "2020-10-20 14:26:53", "elapsed": 38.055501, "delta": 0.464911}}
{"target": -99.99999312091833, "params": {"x1": 88.3149512241558, "x2": -0.6619946975458034, "x3": -0.95719414931327, "x4": -0.6977, "x5": -2.1352}, "datetime": {"datetime": "2020-10-20 14:26:53", "elapsed": 38.534202, "delta": 0.478701}}
{"target": -62.36146622921419, "params": {"x1": 87.94728915965979, "x2": -0.40572558070963616, "x3": -0.9015834566398543, "x4": 1.2615445746375005, "x5": -0.927258897539949}, "datetime": {"datetime": "2020-10-20 14:26:54", "elapsed": 39.04343, "delta": 0.509228}}
{"target": -60.61382811612115, "params": {"x1": 87.94638602539322, "x2": -0.3990083285631492, "x3": -0.9001964619450591, "x4": 1.25148444743895, "x5": -0.9198540892369771}, "datetime": {"datetime": "2020-10-20 14:26:55", "elapsed": 40.102526, "delta": 1.059096}}
{"target": -81.20311933096833, "params": {"x1": 87.77493327336416, "x2": -0.49377563458691975, "x3": -1.1650499405376498, "x4": 1.0693163549534102, "x5": -0.9042113722067555}, "datetime": {"datetime": "2020-10-20 14:26:55", "elapsed": 40.197338, "delta": 0.094812}}
{"target": -70.13240186244403, "params": {"x1": 87.89972553038044, "x2": -0.44870905468141487, "x3": -0.9793516513869103, "x4": 1.3189061527770154, "x5": -0.6495507182228697}, "datetime": {"datetime": "2020-10-20 14:26:55", "elapsed": 40.324823, "delta": 0.127485}}
{"target": -52.91460873191098, "params": {"x1": 87.93177993831095, "x2": -0.37505647891421434, "x3": -0.9101560729673904, "x4": 1.205998536465866, "x5": -0.851199531330903}, "datetime": {"datetime": "2020-10-20 14:26:55", "elapsed": 40.782933, "delta": 0.45811}}
{"target": -50.94921765183109, "params": {"x1": 87.92589126923806, "x2": -0.36937080391891, "x3": -0.9156882078256456, "x4": 1.1932886927339719, "x5": -0.8254913071819092}, "datetime": {"datetime": "2020-10-20 14:26:56", "elapsed": 41.323879, "delta": 0.540946}}
{"target": -48.575341330354526, "params": {"x1": 87.91651097794237, "x2": -0.36208498624746926, "x3": -0.925204074711242, "x4": 1.1746479936535648, "x5": -0.7885048207044133}, "datetime": {"datetime": "2020-10-20 14:26:56", "elapsed": 42.017666, "delta": 0.693787}}
{"target": -46.57925018951185, "params": {"x1": 87.90893516318, "x2": -0.35484929639056495, "x3": -0.9324712493989338, "x4": 1.1545683156149604, "x5": -0.7686689031826772}, "datetime": {"datetime": "2020-10-20 14:26:57", "elapsed": 42.551691, "delta": 0.534025}}
{"target": -42.68504155372883, "params": {"x1": 87.89929024614783, "x2": -0.339220153725054, "x3": -0.9395518777251172, "x4": 1.1120651576226488, "x5": -0.7677183079269987}, "datetime": {"datetime": "2020-10-20 14:26:58", "elapsed": 43.045248, "delta": 0.493557}}
{"target": -99.99225205518317, "params": {"x1": 87.72110274676575, "x2": 1.331858128439091, "x3": 0.6882618821611175, "x4": -0.14402305754340827, "x5": 0.25274376459761605}, "datetime": {"datetime": "2020-10-20 14:26:58", "elapsed": 43.126681, "delta": 0.081433}}
{"target": -99.99931802839052, "params": {"x1": 86.6419695705736, "x2": -0.6738700047766709, "x3": 0.9419550370091156, "x4": 0.046793687035449505, "x5": -0.680502103704653}, "datetime": {"datetime": "2020-10-20 14:26:58", "elapsed": 43.223696, "delta": 0.097015}}
{"target": -38.93542860514153, "params": {"x1": 87.89800999509148, "x2": -0.32391569417402727, "x3": -0.9357860114660448, "x4": 1.0800969808961445, "x5": -0.7886843070729677}, "datetime": {"datetime": "2020-10-20 14:26:58", "elapsed": 43.903937, "delta": 0.680241}}
{"target": -34.313672408047445, "params": {"x1": 87.90541763750043, "x2": -0.3060347187823057, "x3": -0.9195866577031608, "x4": 1.0586225618259213, "x5": -0.8191535388300453}, "datetime": {"datetime": "2020-10-20 14:26:59", "elapsed": 44.485476, "delta": 0.581539}}
{"target": -28.860368220331377, "params": {"x1": 87.9196742968102, "x2": -0.28676175423077255, "x3": -0.893755265449164, "x4": 1.0503191530187537, "x5": -0.8444065427241385}, "datetime": {"datetime": "2020-10-20 14:27:00", "elapsed": 45.098919, "delta": 0.613443}}
{"target": -99.9997728697903, "params": {"x1": 89.3878723193961, "x2": -0.9809811081949489, "x3": -0.08663427204106333, "x4": 1.6823890148874263, "x5": -1.848180976382884}, "datetime": {"datetime": "2020-10-20 14:27:00", "elapsed": 45.181731, "delta": 0.082812}}
{"target": -98.45553507355785, "params": {"x1": 87.94720166266804, "x2": -0.0557923293448368, "x3": -1.1570770809442639, "x4": 1.2424113034130102, "x5": 0.5356762247611417}, "datetime": {"datetime": "2020-10-20 14:27:00", "elapsed": 45.279382, "delta": 0.097651}}
{"target": -22.218891210861724, "params": {"x1": 87.93823728257738, "x2": -0.2659007181136835, "x3": -0.8615768493204116, "x4": 1.0528290350253813, "x5": -0.855146100893183}, "datetime": {"datetime": "2020-10-20 14:27:00", "elapsed": 45.77513, "delta": 0.495748}}
{"target": -15.080011541053928, "params": {"x1": 87.95633117092467, "x2": -0.246218839260651, "x3": -0.8303943136136103, "x4": 1.06274520952804, "x5": -0.8453779498234076}, "datetime": {"datetime": "2020-10-20 14:27:01", "elapsed": 46.324768, "delta": 0.549638}}
