{"target": 66.71762351997936, "params": {"x1": 90.15519999988055, "x2": 3.1305600000039986, "x3": -1.3880199999999647, "x4": 2.3894200000007926, "x5": -1.0634799999994282}, "datetime": {"datetime": "2020-10-19 22:08:16", "elapsed": 117.604065, "delta": 0.596748}}
{"target": 81.03708937912579, "params": {"x1": 90.0589199998842, "x2": 1.7178400000025857, "x3": 0.9750600000023983, "x4": 1.069020000000388, "x5": -1.5358799999999007}, "datetime": {"datetime": "2020-10-19 22:08:17", "elapsed": 118.169912, "delta": 0.565847}}
{"target": 91.84631943658175, "params": {"x1": 88.12695999995734, "x2": 0.9424400000018102, "x3": -1.4233, "x4": 1.3716200000004806, "x5": 0.01028000000164564}, "datetime": {"datetime": "2020-10-19 22:08:18", "elapsed": 118.880167, "delta": 0.710255}}
{"target": 50.377728180039824, "params": {"x1": 90.91563999985176, "x2": 3.132080000004, "x3": 1.8135400000032373, "x4": 3.2263400000010485, "x5": 1.5217600000031573}, "datetime": {"datetime": "2020-10-19 22:08:18", "elapsed": 119.413613, "delta": 0.533446}}
{"target": 90.11712675887938, "params": {"x1": 88.50267999994311, "x2": 0.6889200000015566, "x3": -1.2828599999998596, "x4": 0.9932600000003646, "x5": 0.14460000000177997}, "datetime": {"datetime": "2020-10-19 22:08:19", "elapsed": 120.032511, "delta": 0.618898}}
{"target": 89.60085895471552, "params": {"x1": 87.84367999996806, "x2": -0.4608799999995933, "x3": 0.16354000000158697, "x4": 2.6021800000008577, "x5": -0.052439999998417086}, "datetime": {"datetime": "2020-10-19 22:08:20", "elapsed": 120.73044, "delta": 0.697929}}
{"target": 90.08817886714567, "params": {"x1": 87.96731999996338, "x2": 0.8021200000016698, "x3": -1.3426199999999193, "x4": 1.1174200000004026, "x5": 0.3408000000019762}, "datetime": {"datetime": "2020-10-19 22:08:20", "elapsed": 121.464254, "delta": 0.733814}}
{"target": 87.38813299521941, "params": {"x1": 89.02699999992326, "x2": 0.2527200000011204, "x3": -1.2776199999998543, "x4": 1.5251000000005275, "x5": 0.95456000000259}, "datetime": {"datetime": "2020-10-19 22:08:21", "elapsed": 122.094697, "delta": 0.630443}}
{"target": 86.64625842670272, "params": {"x1": 87.98919999996255, "x2": 1.9194400000027874, "x3": 0.1982600000016217, "x4": 1.2710600000004497, "x5": -1.5137999999998786}, "datetime": {"datetime": "2020-10-19 22:08:21", "elapsed": 122.623416, "delta": 0.528719}}
{"target": 90.21996211042062, "params": {"x1": 88.15107999995642, "x2": 0.7018800000015696, "x3": -1.195339999999772, "x4": 1.2841800000004537, "x5": -0.09315999999845781}, "datetime": {"datetime": "2020-10-19 22:08:22", "elapsed": 123.330938, "delta": 0.707522}}
{"target": 93.72919676550157, "params": {"x1": 87.75091999997157, "x2": 0.7139200000015816, "x3": -0.8431799999994198, "x4": 0.7077800000002773, "x5": 0.003360000001638719}, "datetime": {"datetime": "2020-10-19 22:08:23", "elapsed": 124.080786, "delta": 0.749848}}
{"target": 84.32003849876597, "params": {"x1": 88.15523999995627, "x2": 1.1083200000019762, "x3": 0.22550000000164894, "x4": 1.4012600000004896, "x5": -0.26227999999862694}, "datetime": {"datetime": "2020-10-19 22:08:23", "elapsed": 124.617098, "delta": 0.536312}}
{"target": 88.44984271760296, "params": {"x1": 87.62931999997618, "x2": 0.8419200000017096, "x3": -0.7947799999993714, "x4": 0.35270000000016855, "x5": 0.058680000001694044}, "datetime": {"datetime": "2020-10-19 22:08:24", "elapsed": 125.267034, "delta": 0.649936}}
{"target": 90.8817405472616, "params": {"x1": 87.81855999996901, "x2": 0.9373600000018051, "x3": -1.1594599999997361, "x4": 1.200380000000428, "x5": 0.491400000002127}, "datetime": {"datetime": "2020-10-19 22:08:25", "elapsed": 125.90714, "delta": 0.640106}}
{"target": 82.56656350839607, "params": {"x1": 88.44287999994538, "x2": -0.8057199999999382, "x3": -0.4846999999990613, "x4": 2.1394600000007156, "x5": -1.4740399999998388}, "datetime": {"datetime": "2020-10-19 22:08:25", "elapsed": 126.431688, "delta": 0.524548}}
{"target": 80.50111712980761, "params": {"x1": 88.15063999995644, "x2": 2.736360000003604, "x3": -0.7664599999993431, "x4": 1.0098600000003697, "x5": 0.9260000000025614}, "datetime": {"datetime": "2020-10-19 22:08:26", "elapsed": 126.97935, "delta": 0.547662}}
{"target": 89.72467527791136, "params": {"x1": 88.2070799999543, "x2": 0.6329600000015007, "x3": -1.137339999999714, "x4": 1.1459000000004114, "x5": 0.01868000000165404}, "datetime": {"datetime": "2020-10-19 22:08:26", "elapsed": 127.646935, "delta": 0.667585}}
{"target": 91.40191473494941, "params": {"x1": 88.03883999996067, "x2": 1.2585200000021266, "x3": -1.281219999999858, "x4": 1.308060000000461, "x5": -0.11471999999847937}, "datetime": {"datetime": "2020-10-19 22:08:27", "elapsed": 128.291628, "delta": 0.644693}}
{"target": 89.0754866117192, "params": {"x1": 88.86271999992948, "x2": -0.020439999999152803, "x3": -1.3630599999999398, "x4": 1.3347400000004692, "x5": 0.5074800000021427}, "datetime": {"datetime": "2020-10-19 22:08:28", "elapsed": 128.960502, "delta": 0.668874}}
{"target": 93.84817148436323, "params": {"x1": 88.07327999995937, "x2": 0.8567600000017245, "x3": -1.3215799999998983, "x4": 1.1425400000004104, "x5": 0.12676000000176213}, "datetime": {"datetime": "2020-10-19 22:08:29", "elapsed": 129.891809, "delta": 0.931307}}
{"target": 69.7140191251938, "params": {"x1": 87.04079999999846, "x2": 3.0980400000039663, "x3": 1.688380000003112, "x4": 1.5941800000005486, "x5": 0.5207200000021561}, "datetime": {"datetime": "2020-10-19 22:08:29", "elapsed": 130.426932, "delta": 0.535123}}
{"target": 88.26684407596092, "params": {"x1": 88.10247999995826, "x2": 0.8525200000017202, "x3": -0.9840599999995607, "x4": 1.0552600000003836, "x5": 0.15776000000179313}, "datetime": {"datetime": "2020-10-19 22:08:30", "elapsed": 131.166079, "delta": 0.739147}}
{"target": 89.83385259338753, "params": {"x1": 88.14831999995653, "x2": 1.308240000002176, "x3": -1.3536199999999303, "x4": 1.5092600000005227, "x5": -0.06287999999842753}, "datetime": {"datetime": "2020-10-19 22:08:31", "elapsed": 131.796984, "delta": 0.630905}}
{"target": 79.76011256843734, "params": {"x1": 89.0390399999228, "x2": -0.030679999999163043, "x3": 1.402540000002826, "x4": 0.7256600000002827, "x5": 1.9464400000035822}, "datetime": {"datetime": "2020-10-19 22:08:31", "elapsed": 132.329201, "delta": 0.532217}}
{"target": 91.00797551929236, "params": {"x1": 88.54715999994143, "x2": -0.054359999999186726, "x3": -1.2688999999998456, "x4": 1.379300000000483, "x5": 0.32896000000196435}, "datetime": {"datetime": "2020-10-19 22:08:32", "elapsed": 133.033588, "delta": 0.704387}}
{"target": 75.04073292314953, "params": {"x1": 90.32947999987395, "x2": 2.024960000002893, "x3": 1.4161800000028395, "x4": 1.3215400000004651, "x5": 1.3890800000030243}, "datetime": {"datetime": "2020-10-19 22:08:32", "elapsed": 133.575789, "delta": 0.542201}}
{"target": 68.00834061149146, "params": {"x1": 89.88575999989075, "x2": 0.7014800000015692, "x3": 2.3241000000037477, "x4": 3.1662600000010297, "x5": -1.4514799999998163}, "datetime": {"datetime": "2020-10-19 22:08:33", "elapsed": 134.110888, "delta": 0.535099}}
{"target": 82.5273757372635, "params": {"x1": 87.09283999999649, "x2": 0.7784000000016461, "x3": -1.3695399999999462, "x4": 2.1225400000007104, "x5": 0.26848000000190386}, "datetime": {"datetime": "2020-10-19 22:08:33", "elapsed": 134.643141, "delta": 0.532253}}
{"target": 71.03795825752583, "params": {"x1": 90.46767999986872, "x2": 1.4820400000023501, "x3": 2.1001000000035237, "x4": 1.6921800000005787, "x5": -1.480319999999845}, "datetime": {"datetime": "2020-10-19 22:08:34", "elapsed": 135.202218, "delta": 0.559077}}
{"target": 90.17293632096303, "params": {"x1": 88.53563999994186, "x2": -0.015039999999147402, "x3": -1.1465799999997233, "x4": 1.441660000000502, "x5": 0.2774400000019128}, "datetime": {"datetime": "2020-10-19 22:08:35", "elapsed": 135.910207, "delta": 0.707989}}
{"target": 92.66597967185345, "params": {"x1": 87.9879999999626, "x2": 0.6968800000015646, "x3": -1.2514999999998282, "x4": 1.2955800000004574, "x5": 0.06448000000169984}, "datetime": {"datetime": "2020-10-19 22:08:35", "elapsed": 136.586147, "delta": 0.67594}}
{"target": 64.93414621500867, "params": {"x1": 90.95995999985008, "x2": 0.30420000000117187, "x3": 0.9557800000023795, "x4": 3.532780000001142, "x5": 1.1995600000028352}, "datetime": {"datetime": "2020-10-19 22:08:36", "elapsed": 137.125683, "delta": 0.539536}}
{"target": 63.83735533571891, "params": {"x1": 88.86859999992926, "x2": 1.130080000001998, "x3": 2.541940000003965, "x4": 2.6315800000008664, "x5": 2.316520000003952}, "datetime": {"datetime": "2020-10-19 22:08:36", "elapsed": 137.687212, "delta": 0.561529}}
{"target": 87.24518951770355, "params": {"x1": 89.03723999992287, "x2": 0.17072000000103837, "x3": -1.1241799999997009, "x4": 1.294580000000457, "x5": 0.43836000000207354}, "datetime": {"datetime": "2020-10-19 22:08:37", "elapsed": 138.336763, "delta": 0.649551}}
{"target": 90.25824666739231, "params": {"x1": 87.79123999997005, "x2": 0.760320000001628, "x3": -0.8979399999994746, "x4": 0.5086600000002163, "x5": 0.13240000000176777}, "datetime": {"datetime": "2020-10-19 22:08:38", "elapsed": 139.009598, "delta": 0.672835}}
{"target": 88.05554180235174, "params": {"x1": 88.40231999994691, "x2": -0.42415999999955656, "x3": 1.068540000002492, "x4": 0.6104200000002474, "x5": 0.18988000000182526}, "datetime": {"datetime": "2020-10-19 22:08:38", "elapsed": 139.565018, "delta": 0.55542}}
{"target": 76.23883697111268, "params": {"x1": 88.77591999993277, "x2": 0.32856000000119623, "x3": -0.29533999999887195, "x4": 3.6776200000011867, "x5": -1.582319999999947}, "datetime": {"datetime": "2020-10-19 22:08:39", "elapsed": 140.163077, "delta": 0.598059}}
{"target": 74.12407830801921, "params": {"x1": 90.99451999984878, "x2": 1.28244000000215, "x3": -1.3470999999999238, "x4": 1.079100000000391, "x5": -0.7997599999991645}, "datetime": {"datetime": "2020-10-19 22:08:40", "elapsed": 140.750703, "delta": 0.587626}}
{"target": 88.34819464954596, "params": {"x1": 88.52363999994232, "x2": 0.42708000000129476, "x3": -1.2116199999997883, "x4": 1.4172600000004945, "x5": 0.141640000001777}, "datetime": {"datetime": "2020-10-19 22:08:40", "elapsed": 141.494789, "delta": 0.744086}}
{"target": 83.66212854970524, "params": {"x1": 88.14043999995683, "x2": 1.1543200000020222, "x3": 0.8360600000022596, "x4": 0.961820000000355, "x5": -0.1367599999985014}, "datetime": {"datetime": "2020-10-19 22:08:41", "elapsed": 142.046999, "delta": 0.55221}}
{"target": 93.21855045787512, "params": {"x1": 88.57811999994026, "x2": 0.047280000000914923, "x3": -1.2881399999998648, "x4": 1.3555000000004755, "x5": 0.250640000001886}, "datetime": {"datetime": "2020-10-19 22:08:42", "elapsed": 142.865547, "delta": 0.818548}}
{"target": 81.84112165162787, "params": {"x1": 90.21343999987835, "x2": 2.0727200000029407, "x3": -0.3176999999988943, "x4": 1.4207800000004955, "x5": -1.1539999999995187}, "datetime": {"datetime": "2020-10-19 22:08:42", "elapsed": 143.438443, "delta": 0.572896}}
{"target": 93.39889541992645, "params": {"x1": 88.0432799999605, "x2": 0.7913600000016591, "x3": -1.286219999999863, "x4": 1.1843400000004232, "x5": 0.10496000000174033}, "datetime": {"datetime": "2020-10-19 22:08:43", "elapsed": 144.20065, "delta": 0.762207}}
{"target": 89.16977886787772, "params": {"x1": 88.42411999994609, "x2": 0.758240000001626, "x3": -1.3230199999998997, "x4": 1.3468200000004729, "x5": 0.005400000001640759}, "datetime": {"datetime": "2020-10-19 22:08:44", "elapsed": 144.965865, "delta": 0.765215}}
{"target": 91.2854701539606, "params": {"x1": 87.75303999997149, "x2": 0.8169600000016847, "x3": -0.7854999999993622, "x4": 0.7451000000002888, "x5": 0.11780000000175317}, "datetime": {"datetime": "2020-10-19 22:08:44", "elapsed": 145.712579, "delta": 0.746714}}
{"target": 88.53208026720343, "params": {"x1": 88.02695999996112, "x2": 0.8319200000016996, "x3": -1.1087799999996855, "x4": 1.2804200000004526, "x5": 0.22096000000185634}, "datetime": {"datetime": "2020-10-19 22:08:45", "elapsed": 146.438166, "delta": 0.725587}}
{"target": 94.20139093308634, "params": {"x1": 88.27175999995185, "x2": 0.7526000000016203, "x3": -1.3098999999998866, "x4": 0.9277000000003446, "x5": 0.2079200000018433}, "datetime": {"datetime": "2020-10-19 22:08:46", "elapsed": 147.188934, "delta": 0.750768}}
{"target": 94.1223498525412, "params": {"x1": 88.19519999995475, "x2": 0.9150800000017828, "x3": -1.4233, "x4": 1.3550200000004755, "x5": 0.01708000000165244}, "datetime": {"datetime": "2020-10-19 22:08:47", "elapsed": 148.089708, "delta": 0.900774}}
{"target": 60.3985995009749, "params": {"x1": 90.9726399998496, "x2": 0.3755200000012432, "x3": 2.5501400000039736, "x4": 2.102740000000704, "x5": 1.637520000003273}, "datetime": {"datetime": "2020-10-19 22:08:47", "elapsed": 148.671334, "delta": 0.581626}}
{"target": 89.8929823457756, "params": {"x1": 87.73987999997199, "x2": -0.4706799999996031, "x3": 0.17794000000160137, "x4": 2.599740000000857, "x5": -0.024559999998389204}, "datetime": {"datetime": "2020-10-19 22:08:48", "elapsed": 149.425088, "delta": 0.753754}}
{"target": 88.66506103312032, "params": {"x1": 87.66091999997498, "x2": 1.0552400000019229, "x3": -1.2680599999998448, "x4": 1.2088200000004308, "x5": 0.2792000000019146}, "datetime": {"datetime": "2020-10-19 22:08:49", "elapsed": 150.09681, "delta": 0.671722}}
{"target": 88.51883265811463, "params": {"x1": 88.30247999995069, "x2": 0.9797600000018475, "x3": -1.202299999999779, "x4": 1.069260000000388, "x5": 0.18200000000181737}, "datetime": {"datetime": "2020-10-19 22:08:50", "elapsed": 150.753381, "delta": 0.656571}}
{"target": 90.46749563514378, "params": {"x1": 88.37115999994809, "x2": 0.6672000000015349, "x3": -1.2686999999998454, "x4": 1.0878600000003937, "x5": 0.05400000000168936}, "datetime": {"datetime": "2020-10-19 22:08:50", "elapsed": 151.425546, "delta": 0.672165}}
{"target": 71.7874400339816, "params": {"x1": 87.97838049036, "x2": -0.19310567031477277, "x3": -1.0465805070628436, "x4": 3.256613825284104, "x5": 1.9502873156004552}, "datetime": {"datetime": "2020-10-19 22:08:50", "elapsed": 151.70318, "delta": 0.277634}}
{"target": 91.12446502093276, "params": {"x1": 88.2260008229041, "x2": 0.7458855287188676, "x3": -1.2119500437388677, "x4": 0.8781458193046621, "x5": 0.49726619118097726}, "datetime": {"datetime": "2020-10-19 22:08:51", "elapsed": 152.225125, "delta": 0.521945}}
{"target": 90.89343269249756, "params": {"x1": 88.55443611850056, "x2": 0.38814669477772445, "x3": -1.389541199677179, "x4": 1.0401919597528997, "x5": 0.3973651812947685}, "datetime": {"datetime": "2020-10-19 22:08:51", "elapsed": 152.662527, "delta": 0.437402}}
{"target": 91.57974088838151, "params": {"x1": 87.71919977658571, "x2": 0.915713566984678, "x3": -0.9660668143348132, "x4": 0.7470283602863657, "x5": 0.2040298128045117}, "datetime": {"datetime": "2020-10-19 22:08:52", "elapsed": 153.106852, "delta": 0.444325}}
{"target": 90.41974766467317, "params": {"x1": 87.83253719012579, "x2": -0.5661580913968884, "x3": 0.4116299049657081, "x4": 2.627231171907535, "x5": 0.07420308770548024}, "datetime": {"datetime": "2020-10-19 22:08:52", "elapsed": 153.607186, "delta": 0.500334}}
{"target": 73.58541743236579, "params": {"x1": 90.0939750092165, "x2": -0.34607203750942184, "x3": 0.4028479826872384, "x4": 3.4747004633855134, "x5": 1.0037109152694528}, "datetime": {"datetime": "2020-10-19 22:08:53", "elapsed": 153.916988, "delta": 0.309802}}
{"target": 93.34896483549676, "params": {"x1": 88.27402286674996, "x2": 0.7826735441381772, "x3": -1.3275876597572627, "x4": 0.994160990426343, "x5": 0.1973079205962518}, "datetime": {"datetime": "2020-10-19 22:08:53", "elapsed": 154.486808, "delta": 0.56982}}
{"target": 91.90514040517282, "params": {"x1": 88.14796534856124, "x2": 0.802252246369881, "x3": -1.180049099181837, "x4": 0.829087710994006, "x5": 0.5391004646612114}, "datetime": {"datetime": "2020-10-19 22:08:54", "elapsed": 154.962144, "delta": 0.475336}}
{"target": 74.82006255578239, "params": {"x1": 87.69649626156361, "x2": 2.24535584076424, "x3": -0.19794281836682237, "x4": 2.7453914098810595, "x5": 1.7819433698010976}, "datetime": {"datetime": "2020-10-19 22:08:54", "elapsed": 155.265161, "delta": 0.303017}}
{"target": 79.821163884057, "params": {"x1": 89.10077707489724, "x2": 0.5273800259555305, "x3": 2.5236554495433454, "x4": 1.4159330949653886, "x5": 0.21672485758109894}, "datetime": {"datetime": "2020-10-19 22:08:54", "elapsed": 155.576003, "delta": 0.310842}}
{"target": 89.22619457278782, "params": {"x1": 88.43073704610224, "x2": 0.6327943127297687, "x3": -1.1010290775546008, "x4": 0.8364264143581621, "x5": 0.2718906536656396}, "datetime": {"datetime": "2020-10-19 22:08:55", "elapsed": 156.005598, "delta": 0.429595}}
{"target": 89.81482363291892, "params": {"x1": 88.44518373043101, "x2": 0.3426696753279027, "x3": -1.1371534866342803, "x4": 1.0283656671419819, "x5": 0.2899626485025759}, "datetime": {"datetime": "2020-10-19 22:08:55", "elapsed": 156.458318, "delta": 0.45272}}
{"target": 90.01543123167647, "params": {"x1": 88.32229205758212, "x2": 0.8304208674781884, "x3": -1.2102733637249423, "x4": 1.1145148526572164, "x5": -0.15955113284133815}, "datetime": {"datetime": "2020-10-19 22:08:56", "elapsed": 156.974022, "delta": 0.515704}}
{"target": 92.63110852925101, "params": {"x1": 88.66183801430526, "x2": 0.2646277847126298, "x3": -1.4150560382307253, "x4": 1.3597727793355119, "x5": 0.19181112685411983}, "datetime": {"datetime": "2020-10-19 22:08:56", "elapsed": 157.494957, "delta": 0.520935}}
{"target": 86.824513876165, "params": {"x1": 87.58703582945708, "x2": 0.01936210993357068, "x3": -1.0919151241233782, "x4": 1.4035401107163825, "x5": 0.6332669072585826}, "datetime": {"datetime": "2020-10-19 22:08:57", "elapsed": 157.782168, "delta": 0.287211}}
{"target": 73.28586699651606, "params": {"x1": 90.78023083112427, "x2": -0.3797801913201285, "x3": 0.3093427707639693, "x4": 1.2567261597919088, "x5": 1.6770202365135052}, "datetime": {"datetime": "2020-10-19 22:08:57", "elapsed": 158.085076, "delta": 0.302908}}
{"target": 86.69895007962516, "params": {"x1": 89.07165511337301, "x2": 0.3949082034713566, "x3": -1.3138031769584504, "x4": 1.4921961201553786, "x5": 0.8356004589136872}, "datetime": {"datetime": "2020-10-19 22:08:57", "elapsed": 158.623096, "delta": 0.53802}}
{"target": 90.31115179294396, "params": {"x1": 88.5706103866631, "x2": -0.04987388609661958, "x3": -1.3031823147014594, "x4": 1.4287404334399352, "x5": 0.39066087565344243}, "datetime": {"datetime": "2020-10-19 22:08:58", "elapsed": 159.144936, "delta": 0.52184}}
{"target": 91.06734086227685, "params": {"x1": 88.45462752028766, "x2": 0.2979847743758718, "x3": -1.4063423983408925, "x4": 1.3929136622172973, "x5": 0.550907952484357}, "datetime": {"datetime": "2020-10-19 22:08:58", "elapsed": 159.637847, "delta": 0.492911}}
{"target": 82.55210252459906, "params": {"x1": 90.65388785416032, "x2": 0.8023087863440893, "x3": 0.41946024793772163, "x4": 1.4094593765905181, "x5": -0.8034332188545747}, "datetime": {"datetime": "2020-10-19 22:08:59", "elapsed": 159.944018, "delta": 0.306171}}
{"target": 90.79960504631164, "params": {"x1": 87.77584296646523, "x2": 0.8230921241327941, "x3": -0.822538503486675, "x4": 0.8596673718061154, "x5": 0.0035880923636428808}, "datetime": {"datetime": "2020-10-19 22:08:59", "elapsed": 160.542047, "delta": 0.598029}}
{"target": 92.5227976439246, "params": {"x1": 88.24910127869245, "x2": 0.7672934852793268, "x3": -1.2778393031666566, "x4": 0.9325893147888372, "x5": 0.2344530632760395}, "datetime": {"datetime": "2020-10-19 22:09:00", "elapsed": 161.15225, "delta": 0.610203}}
{"target": 92.7208613109904, "params": {"x1": 87.6640208554376, "x2": 1.011096777821105, "x3": -0.8219852426977028, "x4": 0.8176206045947481, "x5": -0.03248341861574766}, "datetime": {"datetime": "2020-10-19 22:09:01", "elapsed": 161.770049, "delta": 0.617799}}
{"target": 90.47720221504774, "params": {"x1": 88.93623172542006, "x2": 0.2833141571742324, "x3": -1.4015451083861352, "x4": 1.4139907778829734, "x5": 0.7141747698672167}, "datetime": {"datetime": "2020-10-19 22:09:01", "elapsed": 162.486332, "delta": 0.716283}}
{"target": 92.02758271883704, "params": {"x1": 88.12537168547581, "x2": 0.8231793680695513, "x3": -1.374638229070691, "x4": 1.3773258711036116, "x5": -0.16785018995354828}, "datetime": {"datetime": "2020-10-19 22:09:02", "elapsed": 163.072449, "delta": 0.586117}}
{"target": 93.37654745614341, "params": {"x1": 88.42357051688137, "x2": 0.3969814118140048, "x3": -1.403527893820023, "x4": 1.4417098622763207, "x5": 0.018092766180879183}, "datetime": {"datetime": "2020-10-19 22:09:02", "elapsed": 163.475865, "delta": 0.403416}}
{"target": 71.52746770062629, "params": {"x1": 88.27378863792507, "x2": 1.3917722218132016, "x3": 1.3857168370552364, "x4": 3.7893009931142103, "x5": -1.5024345270271195}, "datetime": {"datetime": "2020-10-19 22:09:03", "elapsed": 163.796171, "delta": 0.320306}}
{"target": 92.73099071852113, "params": {"x1": 87.85741581691374, "x2": 0.8881996427209303, "x3": -1.2271740159639448, "x4": 1.2720510009044432, "x5": 0.18734564570819434}, "datetime": {"datetime": "2020-10-19 22:09:03", "elapsed": 164.251768, "delta": 0.455597}}
{"target": 95.80612484591636, "params": {"x1": 88.18242262930958, "x2": 0.9573898259353373, "x3": -1.4233, "x4": 1.3857739286606596, "x5": 0.005284272681096128}, "datetime": {"datetime": "2020-10-19 22:09:04", "elapsed": 164.798606, "delta": 0.546838}}
{"target": 96.07716288494039, "params": {"x1": 87.78745582272133, "x2": 0.7213738047198345, "x3": -0.8725320136817867, "x4": 0.7004372278152389, "x5": 0.13155364793528546}, "datetime": {"datetime": "2020-10-19 22:09:04", "elapsed": 165.350118, "delta": 0.551512}}
