{"target": 99.98886474207819, "params": {"x1": 87.99874708672424, "x2": 0.129169611572326, "x3": -0.42186120141338146, "x4": 0.8044443722206084, "x5": -0.6369993350168627}, "datetime": {"datetime": "2020-10-20 14:24:33", "elapsed": 33.156265, "delta": 0.21095}}
{"target": 81.59061614061702, "params": {"x1": 87.95000425582421, "x2": 0.2023598302380334, "x3": -0.2529155244054937, "x4": 0.7996694423710904, "x5": -0.5267138591260898}, "datetime": {"datetime": "2020-10-20 14:24:33", "elapsed": 33.342427, "delta": 0.186162}}
{"target": 99.9904150368395, "params": {"x1": 88.00353058061364, "x2": 0.13548324941349557, "x3": -0.4241223569918686, "x4": 0.802014064881897, "x5": -0.6360078133807571}, "datetime": {"datetime": "2020-10-20 14:24:34", "elapsed": 33.946579, "delta": 0.604152}}
{"target": 99.95191861193182, "params": {"x1": 88.00090262130902, "x2": 0.13176335447777884, "x3": -0.4287748986505386, "x4": 0.7953390505796534, "x5": -0.6425940660603955}, "datetime": {"datetime": "2020-10-20 14:24:34", "elapsed": 34.234021, "delta": 0.287442}}
{"target": 99.90634409120236, "params": {"x1": 88.01109849616272, "x2": 0.14251391735718574, "x3": -0.420785616478933, "x4": 0.7997170148362113, "x5": -0.634749267769917}, "datetime": {"datetime": "2020-10-20 14:24:34", "elapsed": 34.563126, "delta": 0.329105}}
{"target": 99.93628211910872, "params": {"x1": 88.00661022702566, "x2": 0.13283142028605296, "x3": -0.42010614091062637, "x4": 0.7910568068109494, "x5": -0.6336661475599832}, "datetime": {"datetime": "2020-10-20 14:24:34", "elapsed": 34.754072, "delta": 0.190946}}
{"target": 99.68211640938569, "params": {"x1": 88.00119092776993, "x2": 0.14674142020563252, "x3": -0.4347992457210346, "x4": 0.7819918956754418, "x5": -0.6258701723768443}, "datetime": {"datetime": "2020-10-20 14:24:35", "elapsed": 35.000704, "delta": 0.246632}}
{"target": 99.9429356585099, "params": {"x1": 88.00335097723126, "x2": 0.13521691732298896, "x3": -0.4228360081760968, "x4": 0.8099987476796698, "x5": -0.6284262862259643}, "datetime": {"datetime": "2020-10-20 14:24:35", "elapsed": 35.323596, "delta": 0.322892}}
{"target": 53.47186689994374, "params": {"x1": 88.22810811090504, "x2": 0.05579548498978948, "x3": -0.6375957134046308, "x4": 0.6339277231994902, "x5": -0.6461765497626784}, "datetime": {"datetime": "2020-10-20 14:24:35", "elapsed": 35.555508, "delta": 0.231912}}
{"target": 99.78322743515093, "params": {"x1": 88.0139210098366, "x2": 0.14746439346530366, "x3": -0.43274020722094436, "x4": 0.7994090030628986, "x5": -0.6297998600878906}, "datetime": {"datetime": "2020-10-20 14:24:36", "elapsed": 35.922298, "delta": 0.36679}}
{"target": 99.92266685419354, "params": {"x1": 87.99280889314757, "x2": 0.13960127619653007, "x3": -0.4208039620462169, "x4": 0.7981278385989189, "x5": -0.6438099104767532}, "datetime": {"datetime": "2020-10-20 14:24:36", "elapsed": 36.197725, "delta": 0.275427}}
{"target": 72.18329938335796, "params": {"x1": 88.00660637335854, "x2": 0.016210138506946414, "x3": -0.4289645620814613, "x4": 0.8363196564173367, "x5": -0.879642126526877}, "datetime": {"datetime": "2020-10-20 14:24:36", "elapsed": 36.624096, "delta": 0.426371}}
{"target": 54.33489569433536, "params": {"x1": 88.05961230874081, "x2": 0.2159690882706875, "x3": -0.5607534183450209, "x4": 0.6678277053145785, "x5": -0.9211132206634907}, "datetime": {"datetime": "2020-10-20 14:24:36", "elapsed": 36.837074, "delta": 0.212978}}
{"target": 99.36104365491386, "params": {"x1": 88.0291899409703, "x2": 0.15805476168483656, "x3": -0.42160313607389127, "x4": 0.8101150909066551, "x5": -0.6325031176747428}, "datetime": {"datetime": "2020-10-20 14:24:37", "elapsed": 37.125313, "delta": 0.288239}}
{"target": 99.7669662334306, "params": {"x1": 88.01299177143518, "x2": 0.14466091762329297, "x3": -0.42050580623175965, "x4": 0.8093047879354132, "x5": -0.6489951118986538}, "datetime": {"datetime": "2020-10-20 14:24:37", "elapsed": 37.48607, "delta": 0.360757}}
{"target": 95.63336187430664, "params": {"x1": 88.01786362240524, "x2": 0.18978251420559933, "x3": -0.4392460870443766, "x4": 0.8711638493960325, "x5": -0.68287706659545}, "datetime": {"datetime": "2020-10-20 14:24:37", "elapsed": 37.724196, "delta": 0.238126}}
{"target": 55.3738713549538, "params": {"x1": 88.0365862272204, "x2": 0.22116627163296654, "x3": -0.2233652010007916, "x4": 0.5411802665657717, "x5": -0.540834453026142}, "datetime": {"datetime": "2020-10-20 14:24:38", "elapsed": 37.944068, "delta": 0.219872}}
{"target": 99.82437192839535, "params": {"x1": 87.99555251166582, "x2": 0.12527740307524632, "x3": -0.4090302707966914, "x4": 0.7935738056470658, "x5": -0.6455422717733724}, "datetime": {"datetime": "2020-10-20 14:24:38", "elapsed": 38.423666, "delta": 0.479598}}
