{"target": -2.9809497944245726, "params": {"x1": -20.472661540258244, "x2": -22.622595809857167, "x3": 12.98662213666499, "x4": -58.96159919644713, "x5": 36.535184214734194}, "datetime": {"datetime": "2020-10-18 20:04:58", "elapsed": 188.159747, "delta": 1.592637}}
{"target": -109.28835397962159, "params": {"x1": -168.15640311052772, "x2": 396.18741790893614, "x3": -228.34380250640913, "x4": 443.2669539645858, "x5": -30.662503398794797}, "datetime": {"datetime": "2020-10-18 20:04:59", "elapsed": 188.403823, "delta": 0.244076}}
{"target": -4.425295478131716, "params": {"x1": 11.387162948668788, "x2": -23.984616314487766, "x3": 45.04416348991117, "x4": 116.38375394285333, "x5": -36.21346848884593}, "datetime": {"datetime": "2020-10-18 20:05:00", "elapsed": 189.602706, "delta": 1.198883}}
{"target": -5.604639363869685, "params": {"x1": 103.19112472369936, "x2": 20.75062204177471, "x3": -88.80871411734104, "x4": 12.109920128894293, "x5": -19.12254991815586}, "datetime": {"datetime": "2020-10-18 20:05:01", "elapsed": 190.728776, "delta": 1.12607}}
{"target": -240.5720047734426, "params": {"x1": 309.9925798552673, "x2": 200.07751705561384, "x3": 489.1330081520871, "x4": 482.9268578028625, "x5": 589.3531111098555}, "datetime": {"datetime": "2020-10-18 20:05:01", "elapsed": 190.974093, "delta": 0.245317}}
{"target": -7.4398307635568, "params": {"x1": -81.57876116179085, "x2": 56.01857832796833, "x3": 100.05062968669421, "x4": 43.063604224633416, "x5": 53.62459758046944}, "datetime": {"datetime": "2020-10-18 20:05:02", "elapsed": 192.051369, "delta": 1.077276}}
{"target": -2.8044914865500425, "params": {"x1": -29.156473764899715, "x2": 1.5638903381459386, "x3": -19.510176475128787, "x4": 65.99057787578124, "x5": 28.61680983083272}, "datetime": {"datetime": "2020-10-18 20:05:03", "elapsed": 193.313023, "delta": 1.261654}}
{"target": -3.2754172026096784, "params": {"x1": -31.49859184465845, "x2": 30.154307750834505, "x3": -25.224369549906555, "x4": 14.951949545025741, "x5": -87.45271430884077}, "datetime": {"datetime": "2020-10-18 20:05:05", "elapsed": 195.205003, "delta": 1.89198}}
{"target": -6.200960281652548, "params": {"x1": -58.304316176961756, "x2": 34.818184115404954, "x3": 93.64785700216186, "x4": 53.927139208921375, "x5": -86.31771241791836}, "datetime": {"datetime": "2020-10-18 20:05:07", "elapsed": 196.543705, "delta": 1.338702}}
{"target": -4.4396452526895285, "params": {"x1": 8.58951726058308, "x2": 95.23039119620023, "x3": -42.83053565536159, "x4": 39.10283703355867, "x5": -1.3782235552131397}, "datetime": {"datetime": "2020-10-18 20:05:08", "elapsed": 198.273791, "delta": 1.730086}}
{"target": -4.908926571267242, "params": {"x1": -34.37093616525533, "x2": -8.638389342197911, "x3": 119.04847346989584, "x4": 47.53440150726294, "x5": 21.989433866959416}, "datetime": {"datetime": "2020-10-18 20:05:10", "elapsed": 199.397095, "delta": 1.123304}}
{"target": -1.595499072678522, "params": {"x1": -1.5113136540730205, "x2": 5.835502044997407, "x3": -7.394749975912757, "x4": 5.332752834905161, "x5": 0.8103432996655509}, "datetime": {"datetime": "2020-10-18 20:05:11", "elapsed": 200.868026, "delta": 1.470931}}
{"target": -242.71213703994695, "params": {"x1": 542.0698079654514, "x2": -305.29557016952816, "x3": -279.18232378109985, "x4": -526.2079597984335, "x5": 454.9805894314227}, "datetime": {"datetime": "2020-10-18 20:05:11", "elapsed": 201.138603, "delta": 0.270577}}
{"target": -1.7197479908896383, "params": {"x1": 27.9561881151551, "x2": -23.410000628497528, "x3": 49.66530204100877, "x4": -6.6717109295364025, "x5": -6.049206920657753}, "datetime": {"datetime": "2020-10-18 20:05:12", "elapsed": 202.144903, "delta": 1.0063}}
{"target": -5.799222027877903, "params": {"x1": 99.83750577478236, "x2": -20.825855914851445, "x3": 72.04261142238329, "x4": -54.86605580886908, "x5": 10.089329595631511}, "datetime": {"datetime": "2020-10-18 20:05:13", "elapsed": 203.292331, "delta": 1.147428}}
{"target": -5.666745666120136, "params": {"x1": 43.18284574051063, "x2": -17.209903210870493, "x3": -74.59998208803165, "x4": -77.49664546440181, "x5": 43.624814490968106}, "datetime": {"datetime": "2020-10-18 20:05:14", "elapsed": 204.273987, "delta": 0.981656}}
{"target": -4.841565268335526, "params": {"x1": 16.328428896376636, "x2": 14.610965575541968, "x3": -103.44283935917036, "x4": -24.111721007941583, "x5": 29.600007007014142}, "datetime": {"datetime": "2020-10-18 20:05:16", "elapsed": 205.406042, "delta": 1.132055}}
{"target": -162.67338369769206, "params": {"x1": 47.64054603416446, "x2": 535.8125161470739, "x3": 410.89094139932286, "x4": 273.0037785185664, "x5": -351.78212262912314}, "datetime": {"datetime": "2020-10-18 20:05:16", "elapsed": 205.669549, "delta": 0.263507}}
{"target": -3.7358774273413733, "params": {"x1": -65.6652561915179, "x2": -19.128789765488555, "x3": -18.30333037569316, "x4": 66.89780912765933, "x5": -68.89110290293367}, "datetime": {"datetime": "2020-10-18 20:05:17", "elapsed": 206.697915, "delta": 1.028366}}
{"target": -206.38075754609022, "params": {"x1": -325.371714362352, "x2": 487.6039100683388, "x3": -548.4697480556117, "x4": 398.0242673819896, "x5": 102.79575439560085}, "datetime": {"datetime": "2020-10-18 20:05:17", "elapsed": 206.966294, "delta": 0.268379}}
{"target": -4.850323359045257, "params": {"x1": -79.87627692226386, "x2": 90.59884802205283, "x3": -12.728594519471244, "x4": 15.528009565412617, "x5": -40.37709161445616}, "datetime": {"datetime": "2020-10-18 20:05:18", "elapsed": 208.019625, "delta": 1.053331}}
{"target": -150.13966735460164, "params": {"x1": -406.3698719875316, "x2": 345.4043522221002, "x3": -490.76827861285955, "x4": -147.61912694289737, "x5": 174.1188407444148}, "datetime": {"datetime": "2020-10-18 20:05:18", "elapsed": 208.30196, "delta": 0.282335}}
{"target": -4.88858042660333, "params": {"x1": -49.046540044614176, "x2": -88.76075641699259, "x3": -6.042720848027329, "x4": -28.21395949066141, "x5": -83.94297883211277}, "datetime": {"datetime": "2020-10-18 20:05:20", "elapsed": 209.90436, "delta": 1.6024}}
{"target": -4.7585310900526885, "params": {"x1": -16.838484534352233, "x2": 40.1132116487978, "x3": 96.85731192993217, "x4": -10.601170010517535, "x5": 41.96584417859856}, "datetime": {"datetime": "2020-10-18 20:05:21", "elapsed": 210.907529, "delta": 1.003169}}
{"target": -217.31974815598787, "params": {"x1": 544.6479967754376, "x2": -327.95974080757395, "x3": 562.551782096142, "x4": 183.37728198223738, "x5": -368.91735558806283}, "datetime": {"datetime": "2020-10-18 20:05:21", "elapsed": 211.195433, "delta": 0.287904}}
{"target": -6.201310498215544, "params": {"x1": 12.262573794174838, "x2": 3.7671256166664167, "x3": -37.14626269156605, "x4": 25.240522431144402, "x5": -148.71066594871803}, "datetime": {"datetime": "2020-10-18 20:05:23", "elapsed": 212.470087, "delta": 1.274654}}
{"target": -4.62778006183412, "params": {"x1": 43.81802879702889, "x2": -31.014800677177846, "x3": 16.35254175424302, "x4": -89.79895108056894, "x5": 9.589594316867533}, "datetime": {"datetime": "2020-10-18 20:05:24", "elapsed": 213.475386, "delta": 1.005299}}
{"target": -150.75450095274797, "params": {"x1": -223.91452109761076, "x2": -432.6236101654898, "x3": -425.4813875051355, "x4": 367.0139611668752, "x5": 225.00258549857472}, "datetime": {"datetime": "2020-10-18 20:05:24", "elapsed": 213.73907, "delta": 0.263684}}
{"target": -234.13930514391205, "params": {"x1": 312.7612571736523, "x2": 389.52656237945587, "x3": -346.4280647221235, "x4": 557.5730672591969, "x5": 494.13914781115295}, "datetime": {"datetime": "2020-10-18 20:05:24", "elapsed": 214.04538, "delta": 0.30631}}
{"target": -4.733450279014957, "params": {"x1": -21.20517254883532, "x2": 49.97511743304392, "x3": 32.26349076648523, "x4": -35.616821269325555, "x5": -103.36224468286616}, "datetime": {"datetime": "2020-10-18 20:05:25", "elapsed": 215.204108, "delta": 1.158728}}
{"target": -86.44291001083465, "params": {"x1": 165.65007706914832, "x2": -543.1764831607793, "x3": -126.83199418812887, "x4": -42.42791893444689, "x5": -102.85260699108215}, "datetime": {"datetime": "2020-10-18 20:05:26", "elapsed": 215.492445, "delta": 0.288337}}
{"target": -112.72658185916755, "params": {"x1": 247.47149085840192, "x2": 434.1599794424567, "x3": -410.93901441007637, "x4": -57.76263245320524, "x5": -130.87209616024063}, "datetime": {"datetime": "2020-10-18 20:05:26", "elapsed": 215.77701, "delta": 0.284565}}
{"target": -4.9484628934474655, "params": {"x1": 62.07770489233792, "x2": -82.1382196678469, "x3": 34.377852062230545, "x4": 84.52900218925538, "x5": 5.279660313096542}, "datetime": {"datetime": "2020-10-18 20:05:27", "elapsed": 217.185791, "delta": 1.408781}}
{"target": -6.892805628091598, "params": {"x1": -50.49648920024117, "x2": -91.4503284051616, "x3": 55.164998869220994, "x4": -44.16460018556552, "x5": -100.62305534523347}, "datetime": {"datetime": "2020-10-18 20:05:28", "elapsed": 218.204364, "delta": 1.018573}}
{"target": -3.453705754204224, "params": {"x1": -79.81844431489048, "x2": 30.804182930368142, "x3": 0.3956107334842045, "x4": -19.964604589694773, "x5": 21.14197896752512}, "datetime": {"datetime": "2020-10-18 20:05:30", "elapsed": 219.471334, "delta": 1.26697}}
{"target": -5.411620426439562, "params": {"x1": 24.43608182003254, "x2": -40.656639205403735, "x3": 114.285471033813, "x4": -39.467563409127024, "x5": -52.96735912800318}, "datetime": {"datetime": "2020-10-18 20:05:31", "elapsed": 220.634358, "delta": 1.163024}}
{"target": -2.554457546571588, "params": {"x1": 34.07386045334283, "x2": 0.5382782631604641, "x3": 38.29006853146973, "x4": 5.069945882533261, "x5": 29.64187812939474}, "datetime": {"datetime": "2020-10-18 20:05:33", "elapsed": 222.324468, "delta": 1.69011}}
{"target": -6.628273487668359, "params": {"x1": 79.06109293351597, "x2": -57.45269270299423, "x3": -41.01348225325205, "x4": 70.56873159008012, "x5": 80.15612679758874}, "datetime": {"datetime": "2020-10-18 20:05:34", "elapsed": 223.684134, "delta": 1.359666}}
