{"target": -5.955397743944602, "params": {"x1": -76.69603242149263, "x2": 70.15915543725512, "x3": -5.869147124469763, "x4": -64.64149039744052, "x5": 32.058353410837135}, "datetime": {"datetime": "2020-10-18 19:57:06", "elapsed": 157.584523, "delta": 1.33059}}
{"target": -228.51941541883943, "params": {"x1": 464.61813783370303, "x2": -135.3954853886571, "x3": -69.9539571453787, "x4": -556.2711202337965, "x5": 581.8559659498433}, "datetime": {"datetime": "2020-10-18 19:57:06", "elapsed": 157.797179, "delta": 0.212656}}
{"target": -2.0945532574221963, "params": {"x1": -31.301753238915694, "x2": 19.998059722158587, "x3": -15.062961492387103, "x4": 6.5392715937611, "x5": -57.896157705362725}, "datetime": {"datetime": "2020-10-18 19:57:07", "elapsed": 158.710911, "delta": 0.913732}}
{"target": -4.185537507035986, "params": {"x1": 56.32619728980387, "x2": -24.485793565357312, "x3": 91.16038392265352, "x4": 50.54868119109722, "x5": 5.135504014152389}, "datetime": {"datetime": "2020-10-18 19:57:08", "elapsed": 159.666696, "delta": 0.955785}}
{"target": -2.499670584519049, "params": {"x1": 68.57206753235855, "x2": 21.528356942312108, "x3": 0.11509146304932756, "x4": 27.5144442912858, "x5": -32.194263982955405}, "datetime": {"datetime": "2020-10-18 19:57:09", "elapsed": 161.284389, "delta": 1.617693}}
{"target": -4.916467341590096, "params": {"x1": -51.908908948301814, "x2": 33.25051430087433, "x3": 74.05335791843845, "x4": 48.90057723808059, "x5": -68.88413695848578}, "datetime": {"datetime": "2020-10-18 19:57:11", "elapsed": 162.549328, "delta": 1.264939}}
{"target": -6.741703380300396, "params": {"x1": 5.816244178630659, "x2": 56.405094873454416, "x3": -16.084378600406897, "x4": -49.090835389337784, "x5": 109.86478567623186}, "datetime": {"datetime": "2020-10-18 19:57:12", "elapsed": 163.652899, "delta": 1.103571}}
{"target": -7.552677056415286, "params": {"x1": 50.519708531530114, "x2": -121.6092623957253, "x3": -86.54288340520316, "x4": 9.433392652081352, "x5": 41.398493097113146}, "datetime": {"datetime": "2020-10-18 19:57:13", "elapsed": 164.55763, "delta": 0.904731}}
{"target": -5.883231365555264, "params": {"x1": -96.80822167087956, "x2": 38.18246119550963, "x3": 34.02860408152833, "x4": -66.83494908423324, "x5": -38.171929058781984}, "datetime": {"datetime": "2020-10-18 19:57:14", "elapsed": 165.812805, "delta": 1.255175}}
{"target": -5.757866517762392, "params": {"x1": 42.553582227568995, "x2": -54.469286345590376, "x3": 68.7590608105312, "x4": 95.5242064622588, "x5": -74.34105197838824}, "datetime": {"datetime": "2020-10-18 19:57:15", "elapsed": 167.051189, "delta": 1.238384}}
{"target": -2.7216949255597123, "params": {"x1": -60.00744800645912, "x2": 5.066586468607717, "x3": -29.80496022165993, "x4": 12.004944145929704, "x5": -58.639356602055074}, "datetime": {"datetime": "2020-10-18 19:57:17", "elapsed": 168.383529, "delta": 1.33234}}
{"target": -109.28835397962159, "params": {"x1": -168.15640311052772, "x2": 396.18741790893614, "x3": -228.34380250640913, "x4": 443.2669539645858, "x5": -30.662503398794797}, "datetime": {"datetime": "2020-10-18 19:57:17", "elapsed": 168.60146, "delta": 0.217931}}
{"target": -4.425295478131716, "params": {"x1": 11.387162948668788, "x2": -23.984616314487766, "x3": 45.04416348991117, "x4": 116.38375394285333, "x5": -36.21346848884593}, "datetime": {"datetime": "2020-10-18 19:57:18", "elapsed": 169.541532, "delta": 0.940072}}
{"target": -6.45332877149915, "params": {"x1": 9.434185132589505, "x2": -135.53204826835554, "x3": -0.36705811017691303, "x4": 62.88404151737939, "x5": 22.786110618020757}, "datetime": {"datetime": "2020-10-18 19:57:19", "elapsed": 170.378224, "delta": 0.836692}}
{"target": -240.5720047734426, "params": {"x1": 309.9925798552673, "x2": 200.07751705561384, "x3": 489.1330081520871, "x4": 482.9268578028625, "x5": 589.3531111098555}, "datetime": {"datetime": "2020-10-18 19:57:19", "elapsed": 170.597418, "delta": 0.219194}}
{"target": -6.2010660948800735, "params": {"x1": 131.4757276724464, "x2": 47.0583139719663, "x3": 31.2438081783082, "x4": -14.662045149428877, "x5": -55.76669528223954}, "datetime": {"datetime": "2020-10-18 19:57:20", "elapsed": 171.513905, "delta": 0.916487}}
{"target": -2.8044914865500425, "params": {"x1": -29.156473764899715, "x2": 1.5638903381459386, "x3": -19.510176475128787, "x4": 65.99057787578124, "x5": 28.61680983083272}, "datetime": {"datetime": "2020-10-18 19:57:21", "elapsed": 172.524604, "delta": 1.010699}}
{"target": -3.2754172026096784, "params": {"x1": -31.49859184465845, "x2": 30.154307750834505, "x3": -25.224369549906555, "x4": 14.951949545025741, "x5": -87.45271430884077}, "datetime": {"datetime": "2020-10-18 19:57:22", "elapsed": 173.645585, "delta": 1.120981}}
{"target": -1.9980613080401914, "params": {"x1": 28.475066576774296, "x2": 34.818042173376085, "x3": 21.453608582357813, "x4": 34.9036546733264, "x5": -37.416730918300345}, "datetime": {"datetime": "2020-10-18 19:57:23", "elapsed": 174.671106, "delta": 1.025521}}
{"target": -4.4396452526895285, "params": {"x1": 8.58951726058308, "x2": 95.23039119620023, "x3": -42.83053565536159, "x4": 39.10283703355867, "x5": -1.3782235552131397}, "datetime": {"datetime": "2020-10-18 19:57:24", "elapsed": 175.586039, "delta": 0.914933}}
{"target": -4.908926571267242, "params": {"x1": -34.37093616525533, "x2": -8.638389342197911, "x3": 119.04847346989584, "x4": 47.53440150726294, "x5": 21.989433866959416}, "datetime": {"datetime": "2020-10-18 19:57:25", "elapsed": 176.606153, "delta": 1.020114}}
{"target": -5.006329541735781, "params": {"x1": 40.32369755830291, "x2": -10.670250922442165, "x3": 0.8272206477786312, "x4": 100.78343053120932, "x5": 69.38718014124436}, "datetime": {"datetime": "2020-10-18 19:57:26", "elapsed": 177.749626, "delta": 1.143473}}
{"target": -242.71213703994695, "params": {"x1": 542.0698079654514, "x2": -305.29557016952816, "x3": -279.18232378109985, "x4": -526.2079597984335, "x5": 454.9805894314227}, "datetime": {"datetime": "2020-10-18 19:57:26", "elapsed": 177.977566, "delta": 0.22794}}
{"target": -1.7197479908896383, "params": {"x1": 27.9561881151551, "x2": -23.410000628497528, "x3": 49.66530204100877, "x4": -6.6717109295364025, "x5": -6.049206920657753}, "datetime": {"datetime": "2020-10-18 19:57:27", "elapsed": 179.170935, "delta": 1.193369}}
{"target": -5.799222027877903, "params": {"x1": 99.83750577478236, "x2": -20.825855914851445, "x3": 72.04261142238329, "x4": -54.86605580886908, "x5": 10.089329595631511}, "datetime": {"datetime": "2020-10-18 19:57:29", "elapsed": 180.595488, "delta": 1.424553}}
{"target": -119.54864225662499, "params": {"x1": -209.22939677733467, "x2": -530.0595449291774, "x3": -127.40341166019886, "x4": 15.557457289742047, "x5": 359.94437476028213}, "datetime": {"datetime": "2020-10-18 19:57:29", "elapsed": 180.860295, "delta": 0.264807}}
{"target": -4.841565268335526, "params": {"x1": 16.328428896376636, "x2": 14.610965575541968, "x3": -103.44283935917036, "x4": -24.111721007941583, "x5": 29.600007007014142}, "datetime": {"datetime": "2020-10-18 19:57:30", "elapsed": 182.243489, "delta": 1.383194}}
{"target": -162.67338369769206, "params": {"x1": 47.64054603416446, "x2": 535.8125161470739, "x3": 410.89094139932286, "x4": 273.0037785185664, "x5": -351.78212262912314}, "datetime": {"datetime": "2020-10-18 19:57:31", "elapsed": 182.489915, "delta": 0.246426}}
{"target": -5.9580145530505995, "params": {"x1": 100.36502203761688, "x2": 71.13359484053763, "x3": 14.730513707565365, "x4": 44.98213937744504, "x5": -65.88376729354616}, "datetime": {"datetime": "2020-10-18 19:57:32", "elapsed": 183.851636, "delta": 1.361721}}
{"target": -206.38075754609022, "params": {"x1": -325.371714362352, "x2": 487.6039100683388, "x3": -548.4697480556117, "x4": 398.0242673819896, "x5": 102.79575439560085}, "datetime": {"datetime": "2020-10-18 19:57:32", "elapsed": 184.08821, "delta": 0.236574}}
{"target": -4.850323359045257, "params": {"x1": -79.87627692226386, "x2": 90.59884802205283, "x3": -12.728594519471244, "x4": 15.528009565412617, "x5": -40.37709161445616}, "datetime": {"datetime": "2020-10-18 19:57:33", "elapsed": 184.754378, "delta": 0.666168}}
{"target": -150.13966735460164, "params": {"x1": -406.3698719875316, "x2": 345.4043522221002, "x3": -490.76827861285955, "x4": -147.61912694289737, "x5": 174.1188407444148}, "datetime": {"datetime": "2020-10-18 19:57:33", "elapsed": 185.003963, "delta": 0.249585}}
{"target": -4.88858042660333, "params": {"x1": -49.046540044614176, "x2": -88.76075641699259, "x3": -6.042720848027329, "x4": -28.21395949066141, "x5": -83.94297883211277}, "datetime": {"datetime": "2020-10-18 19:57:34", "elapsed": 186.237478, "delta": 1.233515}}
{"target": -3.2707578645300583, "params": {"x1": 61.34351177617608, "x2": 21.790029867681184, "x3": 9.793315095959747, "x4": 76.74703562128147, "x5": 6.449085094963369}, "datetime": {"datetime": "2020-10-18 19:57:36", "elapsed": 187.328499, "delta": 1.091021}}
{"target": -3.186084982698038, "params": {"x1": -25.153711198420183, "x2": -9.425006609789989, "x3": 83.91174254127907, "x4": -2.248063969317741, "x5": 26.42138221124287}, "datetime": {"datetime": "2020-10-18 19:57:36", "elapsed": 188.129902, "delta": 0.801403}}
{"target": -8.046138028528175, "params": {"x1": 77.35410642388592, "x2": -83.32370676008111, "x3": -42.225465831289284, "x4": -96.28250712519883, "x5": -74.01503050447832}, "datetime": {"datetime": "2020-10-18 19:57:38", "elapsed": 189.35977, "delta": 1.229868}}
{"target": -4.62778006183412, "params": {"x1": 43.81802879702889, "x2": -31.014800677177846, "x3": 16.35254175424302, "x4": -89.79895108056894, "x5": 9.589594316867533}, "datetime": {"datetime": "2020-10-18 19:57:39", "elapsed": 190.326765, "delta": 0.966995}}
{"target": -150.75450095274797, "params": {"x1": -223.91452109761076, "x2": -432.6236101654898, "x3": -425.4813875051355, "x4": 367.0139611668752, "x5": 225.00258549857472}, "datetime": {"datetime": "2020-10-18 19:57:39", "elapsed": 190.574837, "delta": 0.248072}}
{"target": -234.13930514391205, "params": {"x1": 312.7612571736523, "x2": 389.52656237945587, "x3": -346.4280647221235, "x4": 557.5730672591969, "x5": 494.13914781115295}, "datetime": {"datetime": "2020-10-18 19:57:39", "elapsed": 190.859742, "delta": 0.284905}}
{"target": -2.585238775743306, "params": {"x1": 17.223674390674354, "x2": -34.45521795205029, "x3": 44.96735420522362, "x4": -22.028407675719556, "x5": 40.05374210275905}, "datetime": {"datetime": "2020-10-18 19:57:40", "elapsed": 192.137882, "delta": 1.27814}}
{"target": -86.44291001083465, "params": {"x1": 165.65007706914832, "x2": -543.1764831607793, "x3": -126.83199418812887, "x4": -42.42791893444689, "x5": -102.85260699108215}, "datetime": {"datetime": "2020-10-18 19:57:41", "elapsed": 192.397258, "delta": 0.259376}}
{"target": -112.72658185916755, "params": {"x1": 247.47149085840192, "x2": 434.1599794424567, "x3": -410.93901441007637, "x4": -57.76263245320524, "x5": -130.87209616024063}, "datetime": {"datetime": "2020-10-18 19:57:41", "elapsed": 192.656251, "delta": 0.258993}}
{"target": -4.9484628934474655, "params": {"x1": 62.07770489233792, "x2": -82.1382196678469, "x3": 34.377852062230545, "x4": 84.52900218925538, "x5": 5.279660313096542}, "datetime": {"datetime": "2020-10-18 19:57:42", "elapsed": 193.913502, "delta": 1.257251}}
