{"target": -99.99856944224096, "params": {"x1": 87.75106601410772, "x2": 0.7933734803264745, "x3": -1.9229568755479653, "x4": 0.20929771789551932, "x5": -1.6949323275486612}, "datetime": {"datetime": "2020-10-20 14:17:39", "elapsed": 0.0, "delta": 0.0}}
{"target": -99.99999994512329, "params": {"x1": 88.99468332395931, "x2": -1.3618551255430689, "x3": 1.0313577605894373, "x4": 1.748996325456264, "x5": 0.6807038910901047}, "datetime": {"datetime": "2020-10-20 14:17:39", "elapsed": 0.172509, "delta": 0.172509}}
{"target": -99.9999999678009, "params": {"x1": 88.99662322754335, "x2": 1.5342844342751483, "x3": -1.9119935323693982, "x4": -0.6938148928201076, "x5": -2.1012525900088974}, "datetime": {"datetime": "2020-10-20 14:17:39", "elapsed": 0.430157, "delta": 0.257648}}
{"target": -99.9999999694597, "params": {"x1": 86.55168760109105, "x2": -1.0347243363148655, "x3": 1.0759395160054928, "x4": 2.2715553745684867, "x5": -1.2132961185503948}, "datetime": {"datetime": "2020-10-20 14:17:39", "elapsed": 0.758216, "delta": 0.328059}}
{"target": -99.99999993612283, "params": {"x1": 87.05953951463762, "x2": 1.536481760847023, "x3": -1.6537285754879916, "x4": -0.6301263199489894, "x5": 0.7230439471236307}, "datetime": {"datetime": "2020-10-20 14:17:40", "elapsed": 1.267671, "delta": 0.509455}}
{"target": -99.99999948728323, "params": {"x1": 89.0090969830062, "x2": -1.061184158664069, "x3": -1.8486585100263713, "x4": 2.028147519259635, "x5": -1.9551464090330546}, "datetime": {"datetime": "2020-10-20 14:17:40", "elapsed": 1.752945, "delta": 0.485274}}
{"target": -99.9999999428536, "params": {"x1": 86.85338291859924, "x2": 1.5740288077131654, "x3": 0.9701964110056684, "x4": -0.513465070573146, "x5": -1.789258913152634}, "datetime": {"datetime": "2020-10-20 14:17:41", "elapsed": 2.191658, "delta": 0.438713}}
{"target": -99.99999997542577, "params": {"x1": 86.57003624905414, "x2": -1.2341845207918571, "x3": -1.9165453649951405, "x4": 1.8570723783064282, "x5": 0.6842816726155472}, "datetime": {"datetime": "2020-10-20 14:17:41", "elapsed": 2.713351, "delta": 0.521693}}
{"target": -99.99999997456413, "params": {"x1": 89.4361370158904, "x2": 1.5836012737072367, "x3": 0.9630557517576845, "x4": 2.1844738857865416, "x5": -1.9430364484672125}, "datetime": {"datetime": "2020-10-20 14:17:42", "elapsed": 3.133889, "delta": 0.420538}}
{"target": -99.99999996885062, "params": {"x1": 89.24670208441036, "x2": -1.2890716893235035, "x3": -1.8292890716130752, "x4": -0.5722535312334778, "x5": 0.49605747366656816}, "datetime": {"datetime": "2020-10-20 14:17:42", "elapsed": 3.65003, "delta": 0.516141}}
{"target": -99.99999957395383, "params": {"x1": 86.53219298382002, "x2": 1.382562691067461, "x3": 0.9436397296758401, "x4": 0.32864464656398273, "x5": 0.6192081777632255}, "datetime": {"datetime": "2020-10-20 14:17:43", "elapsed": 4.14618, "delta": 0.49615}}
{"target": -99.99999988421851, "params": {"x1": 86.74638152405252, "x2": -0.04075622651299304, "x3": -1.6127223022348547, "x4": -0.6806487982636897, "x5": 0.8480137427040289}, "datetime": {"datetime": "2020-10-20 14:17:43", "elapsed": 4.659824, "delta": 0.513644}}
{"target": -99.99999996652602, "params": {"x1": 89.4453112062294, "x2": 1.4513938539791966, "x3": 1.0676600957131985, "x4": 1.6563096563938624, "x5": -1.8833745321378803}, "datetime": {"datetime": "2020-10-20 14:17:44", "elapsed": 5.341444, "delta": 0.68162}}
{"target": -99.99999985963439, "params": {"x1": 89.4135634559795, "x2": -0.9835030969061801, "x3": 0.3934600037276239, "x4": 2.0532978254651795, "x5": -2.1267591564504755}, "datetime": {"datetime": "2020-10-20 14:17:44", "elapsed": 5.804668, "delta": 0.463224}}
{"target": -99.99999988143816, "params": {"x1": 89.35583624094099, "x2": -1.0795614488450842, "x3": -1.8209420522130537, "x4": -0.5475536277608366, "x5": 0.4259229146849357}, "datetime": {"datetime": "2020-10-20 14:17:45", "elapsed": 6.503293, "delta": 0.698625}}
{"target": -99.99999103768398, "params": {"x1": 88.52663097440185, "x2": 1.2964974339577648, "x3": 0.9255288079046726, "x4": -0.45922940857603, "x5": -1.9361024412628727}, "datetime": {"datetime": "2020-10-20 14:17:46", "elapsed": 7.104593, "delta": 0.6013}}
{"target": -99.99999850843368, "params": {"x1": 89.14010879902503, "x2": 1.2551812434427219, "x3": -1.8367850978194311, "x4": 1.5855230703179226, "x5": 0.7798949578880761}, "datetime": {"datetime": "2020-10-20 14:17:46", "elapsed": 7.66776, "delta": 0.563167}}
{"target": -99.99999996790983, "params": {"x1": 86.54108547600326, "x2": -1.2685582866807197, "x3": 1.0715796874460095, "x4": 1.499111536203922, "x5": 0.8591662022401989}, "datetime": {"datetime": "2020-10-20 14:17:47", "elapsed": 8.3442, "delta": 0.67644}}
{"target": -99.99999875991725, "params": {"x1": 86.62188607819907, "x2": -0.5886888527697646, "x3": -1.8277932846277332, "x4": -0.3984271785311899, "x5": -1.8486827683367175}, "datetime": {"datetime": "2020-10-20 14:17:47", "elapsed": 8.862535, "delta": 0.518335}}
{"target": -99.99955802418785, "params": {"x1": 86.63412792402222, "x2": -0.9789815429377722, "x3": 0.9162240730045033, "x4": 1.1945793803916087, "x5": -0.8037361014536257}, "datetime": {"datetime": "2020-10-20 14:17:48", "elapsed": 9.510239, "delta": 0.647704}}
{"target": -99.9999998183485, "params": {"x1": 89.20991128691314, "x2": 1.5343110089639942, "x3": -0.8615697753833476, "x4": -0.6063050062202751, "x5": -2.057044313429009}, "datetime": {"datetime": "2020-10-20 14:17:49", "elapsed": 10.204298, "delta": 0.694059}}
{"target": -99.99995285889719, "params": {"x1": 86.52093558939748, "x2": 0.77369295255868, "x3": 0.45877793658959365, "x4": 2.128991028289434, "x5": -1.3715101690354714}, "datetime": {"datetime": "2020-10-20 14:17:49", "elapsed": 10.782721, "delta": 0.578423}}
{"target": -99.99998327428095, "params": {"x1": 88.13459327367266, "x2": -0.7071761516430328, "x3": -1.9116858281972267, "x4": -0.1963877049708348, "x5": 0.7516128928851451}, "datetime": {"datetime": "2020-10-20 14:17:50", "elapsed": 11.484141, "delta": 0.70142}}
{"target": -99.99999994963802, "params": {"x1": 88.93519742862793, "x2": -1.2145011465459403, "x3": -1.8063730383665009, "x4": 2.240506499313394, "x5": -1.9393325576896943}, "datetime": {"datetime": "2020-10-20 14:17:51", "elapsed": 12.168129, "delta": 0.683988}}
{"target": -99.99996355166492, "params": {"x1": 89.38076480348644, "x2": -0.9332110366626116, "x3": 0.07779511473979128, "x4": -0.6680634436188044, "x5": -0.1699450238132092}, "datetime": {"datetime": "2020-10-20 14:17:51", "elapsed": 12.865738, "delta": 0.697609}}
{"target": -99.99999952881684, "params": {"x1": 89.27749407733353, "x2": 0.31806197639900224, "x3": -1.7025677789668547, "x4": 2.238981864000503, "x5": 0.7630350944075932}, "datetime": {"datetime": "2020-10-20 14:17:52", "elapsed": 13.371664, "delta": 0.505926}}
{"target": -99.99999996961341, "params": {"x1": 89.49920764947151, "x2": 1.521210628177044, "x3": 0.8306633695647239, "x4": 2.2555313108914063, "x5": 0.8073730360632299}, "datetime": {"datetime": "2020-10-20 14:17:53", "elapsed": 13.970749, "delta": 0.599085}}
{"target": -99.99996926308788, "params": {"x1": 86.69810619457337, "x2": -0.47947651212758413, "x3": 1.0476383048324547, "x4": -0.4342864408024656, "x5": -0.7827670240711186}, "datetime": {"datetime": "2020-10-20 14:17:53", "elapsed": 14.557029, "delta": 0.58628}}
{"target": -99.9995985669963, "params": {"x1": 88.55247088294085, "x2": 0.10125313805729785, "x3": -1.7268216524501536, "x4": 2.2820078001039477, "x5": -1.3635667374234663}, "datetime": {"datetime": "2020-10-20 14:17:54", "elapsed": 15.193222, "delta": 0.636193}}
{"target": -99.99999707962515, "params": {"x1": 86.51194771611709, "x2": -0.42267390209307487, "x3": 1.0299304482986005, "x4": 0.6070455940232224, "x5": -1.869605944865322}, "datetime": {"datetime": "2020-10-20 14:17:54", "elapsed": 15.896877, "delta": 0.703655}}
{"target": -99.99999993747676, "params": {"x1": 89.09185319551457, "x2": 0.009160148975194016, "x3": -1.8954708702070269, "x4": -0.5814565864625488, "x5": -2.1338527026803815}, "datetime": {"datetime": "2020-10-20 14:17:55", "elapsed": 16.49087, "delta": 0.593993}}
{"target": -99.99824043903753, "params": {"x1": 89.31916895306867, "x2": 0.6547553465823892, "x3": -1.6310848875644466, "x4": 1.8703190936408174, "x5": -0.17882712738701834}, "datetime": {"datetime": "2020-10-20 14:17:56", "elapsed": 17.117556, "delta": 0.626686}}
{"target": -99.99999997310726, "params": {"x1": 88.86182912598998, "x2": 1.5752202306562384, "x3": -1.8734603691023097, "x4": 2.1104288934865005, "x5": -2.0754646985540197}, "datetime": {"datetime": "2020-10-20 14:17:56", "elapsed": 17.843036, "delta": 0.72548}}
{"target": -99.99999990721116, "params": {"x1": 89.37789010770919, "x2": -0.9656858984573603, "x3": -1.73376927666125, "x4": -0.6513799042511288, "x5": 0.4775535701211795}, "datetime": {"datetime": "2020-10-20 14:17:57", "elapsed": 18.536433, "delta": 0.693397}}
{"target": -99.99999997385177, "params": {"x1": 86.50239348407091, "x2": 1.1744663459446119, "x3": -1.6761652281763795, "x4": 2.0811916625208466, "x5": 0.8222197091397936}, "datetime": {"datetime": "2020-10-20 14:17:58", "elapsed": 19.254009, "delta": 0.717576}}
{"target": -99.77262742197388, "params": {"x1": 87.3702874584661, "x2": -1.0404895500104423, "x3": -1.4943075026685018, "x4": 0.9526988650500263, "x5": -0.7378355402991468}, "datetime": {"datetime": "2020-10-20 14:17:59", "elapsed": 19.990743, "delta": 0.736734}}
{"target": -99.99999996875104, "params": {"x1": 86.5, "x2": -1.3676, "x3": -1.2758412232481875, "x4": 1.9941581048801151, "x5": -2.1352}, "datetime": {"datetime": "2020-10-20 14:17:59", "elapsed": 20.776944, "delta": 0.786201}}
{"target": -99.97088576406352, "params": {"x1": 87.83794754603295, "x2": -1.3676, "x3": -0.8615630565288708, "x4": 0.45635583015036063, "x5": -1.1774578602987804}, "datetime": {"datetime": "2020-10-20 14:18:00", "elapsed": 21.26942, "delta": 0.492476}}
{"target": -99.99999997200266, "params": {"x1": 89.49390583281503, "x2": 1.510175629792955, "x3": 1.0690978706377325, "x4": -0.3467738320483621, "x5": 0.7259842074080973}, "datetime": {"datetime": "2020-10-20 14:18:00", "elapsed": 21.747345, "delta": 0.477925}}
{"target": -99.99997968659746, "params": {"x1": 86.5, "x2": -0.5218777555420336, "x3": -1.9233, "x4": 1.0405358085389762, "x5": -0.6710105689357956}, "datetime": {"datetime": "2020-10-20 14:18:01", "elapsed": 22.27804, "delta": 0.530695}}
{"target": -99.99997169535116, "params": {"x1": 87.56657226997628, "x2": -0.2009902401419329, "x3": -0.2902181073166598, "x4": 2.3023, "x5": 0.8648}, "datetime": {"datetime": "2020-10-20 14:18:01", "elapsed": 22.847447, "delta": 0.569407}}
{"target": -99.99999995007308, "params": {"x1": 89.5, "x2": -1.3676, "x3": 1.0767, "x4": -0.6977, "x5": 0.8648}, "datetime": {"datetime": "2020-10-20 14:18:02", "elapsed": 23.237077, "delta": 0.38963}}
{"target": -99.9999999499264, "params": {"x1": 86.5, "x2": 1.6324, "x3": 1.0767, "x4": 2.3023, "x5": 0.8648}, "datetime": {"datetime": "2020-10-20 14:18:02", "elapsed": 23.777714, "delta": 0.540637}}
{"target": -99.99999218100913, "params": {"x1": 87.96150456053996, "x2": -1.3676, "x3": -1.9233, "x4": 1.7087732555715676, "x5": -0.3464546305757705}, "datetime": {"datetime": "2020-10-20 14:18:03", "elapsed": 24.231582, "delta": 0.453868}}
{"target": -99.99999995862554, "params": {"x1": 86.5, "x2": -1.3676, "x3": -0.6273818176719235, "x4": 0.1563626550435804, "x5": 0.8648}, "datetime": {"datetime": "2020-10-20 14:18:03", "elapsed": 24.650988, "delta": 0.419406}}
{"target": -49.851138015109484, "params": {"x1": 87.37850191638663, "x2": -0.0911967093742477, "x3": -0.7645433927253216, "x4": 0.5565817769073652, "x5": -0.38377340449457076}, "datetime": {"datetime": "2020-10-20 14:18:04", "elapsed": 25.091173, "delta": 0.440185}}
{"target": -49.19164894617768, "params": {"x1": 87.37904622812222, "x2": -0.08116653172233017, "x3": -0.7570955031721913, "x4": 0.5532972447356821, "x5": -0.3796587820728249}, "datetime": {"datetime": "2020-10-20 14:18:04", "elapsed": 25.675793, "delta": 0.58462}}
{"target": 9.785308909791969, "params": {"x1": 87.72478759489792, "x2": -0.10141589827872055, "x3": -0.5683162910352253, "x4": 0.4787128077169529, "x5": -0.4288071077949911}, "datetime": {"datetime": "2020-10-20 14:18:04", "elapsed": 25.758854, "delta": 0.083061}}
{"target": 10.007973008274895, "params": {"x1": 87.72373136464857, "x2": -0.09569610256493401, "x3": -0.5650446766558671, "x4": 0.47729026375291106, "x5": -0.4262542438580915}, "datetime": {"datetime": "2020-10-20 14:18:05", "elapsed": 26.435081, "delta": 0.676227}}
{"target": 11.149155086275965, "params": {"x1": 87.72438923946862, "x2": -0.07991177442447246, "x3": -0.559894901515715, "x4": 0.4770305188366738, "x5": -0.4181401651158561}, "datetime": {"datetime": "2020-10-20 14:18:06", "elapsed": 27.392002, "delta": 0.956921}}
{"target": 17.670460918541497, "params": {"x1": 87.75584227594136, "x2": -0.054000351778943224, "x3": -0.5928737121762837, "x4": 0.5141418236270486, "x5": -0.39362162826308283}, "datetime": {"datetime": "2020-10-20 14:18:06", "elapsed": 27.901206, "delta": 0.509204}}
{"target": 18.835645262351797, "params": {"x1": 87.76317301572733, "x2": -0.04851672901466284, "x3": -0.6041368001064232, "x4": 0.5253558529248388, "x5": -0.3873695248414882}, "datetime": {"datetime": "2020-10-20 14:18:07", "elapsed": 28.383361, "delta": 0.482155}}
{"target": 22.413443706237814, "params": {"x1": 87.78836865968643, "x2": -0.029131471303061828, "x3": -0.6232896538161922, "x4": 0.549207436064609, "x5": -0.37069729883214253}, "datetime": {"datetime": "2020-10-20 14:18:08", "elapsed": 29.02257, "delta": 0.639209}}
{"target": 31.915955325797007, "params": {"x1": 87.8599245089559, "x2": -0.001439592566274836, "x3": -0.6046894498872323, "x4": 0.555649568240275, "x5": -0.35881193171654047}, "datetime": {"datetime": "2020-10-20 14:18:08", "elapsed": 29.590325, "delta": 0.567755}}
{"target": 38.663083545957754, "params": {"x1": 87.92928312046024, "x2": 0.004779582157463944, "x3": -0.5747850495908609, "x4": 0.5483471574987268, "x5": -0.3630173727519763}, "datetime": {"datetime": "2020-10-20 14:18:09", "elapsed": 30.101528, "delta": 0.511203}}
{"target": 42.56376378184024, "params": {"x1": 88.00440227226535, "x2": 0.004221272950126148, "x3": -0.5478023139631129, "x4": 0.5435416615601717, "x5": -0.3704504121845069}, "datetime": {"datetime": "2020-10-20 14:18:09", "elapsed": 30.658754, "delta": 0.557226}}
{"target": 43.56244320683271, "params": {"x1": 88.0464505336477, "x2": 0.012679370382951041, "x3": -0.5368328823466256, "x4": 0.5494965972697252, "x5": -0.36645536171182685}, "datetime": {"datetime": "2020-10-20 14:18:10", "elapsed": 31.081527, "delta": 0.422773}}
{"target": 44.4202495447797, "params": {"x1": 88.05802462067285, "x2": 0.03188103086007621, "x3": -0.5267047095284458, "x4": 0.5643807397531674, "x5": -0.34937763828014784}, "datetime": {"datetime": "2020-10-20 14:18:10", "elapsed": 31.496775, "delta": 0.415248}}
{"target": 46.412026917895275, "params": {"x1": 88.04420501292965, "x2": 0.03911935558838897, "x3": -0.48923632341386925, "x4": 0.5909340167786549, "x5": -0.32572623410015583}, "datetime": {"datetime": "2020-10-20 14:18:11", "elapsed": 31.981715, "delta": 0.48494}}
{"target": 48.07036843915673, "params": {"x1": 88.03692230723836, "x2": 0.0011727029192789699, "x3": -0.44143606456147566, "x4": 0.6260067184723335, "x5": -0.3193625558019851}, "datetime": {"datetime": "2020-10-20 14:18:11", "elapsed": 32.52414, "delta": 0.542425}}
{"target": 49.9254218280887, "params": {"x1": 88.03919308484659, "x2": -0.007702827997710006, "x3": -0.4361632261956637, "x4": 0.6459072698825324, "x5": -0.32255853421636943}, "datetime": {"datetime": "2020-10-20 14:18:12", "elapsed": 33.026586, "delta": 0.502446}}
{"target": 71.03869781491092, "params": {"x1": 88.04101367919255, "x2": 0.011332885213888774, "x3": -0.48108776501456185, "x4": 0.7420075308750874, "x5": -0.40119682631412473}, "datetime": {"datetime": "2020-10-20 14:18:12", "elapsed": 33.448662, "delta": 0.422076}}
{"target": 83.17893065805619, "params": {"x1": 88.03027032145317, "x2": 0.0358082482549467, "x3": -0.49683523185355116, "x4": 0.7744364632228603, "x5": -0.46941775923689355}, "datetime": {"datetime": "2020-10-20 14:18:12", "elapsed": 33.906324, "delta": 0.457662}}
{"target": 96.22269110719985, "params": {"x1": 88.01981171829749, "x2": 0.08647976556229979, "x3": -0.4770854170698292, "x4": 0.8133504470864158, "x5": -0.5720375196410469}, "datetime": {"datetime": "2020-10-20 14:18:13", "elapsed": 34.191912, "delta": 0.285588}}
{"target": 98.66185518460865, "params": {"x1": 88.02619628168085, "x2": 0.1276570804753752, "x3": -0.43939002670004734, "x4": 0.8495545691855169, "x5": -0.62810712202695}, "datetime": {"datetime": "2020-10-20 14:18:13", "elapsed": 34.577333, "delta": 0.385421}}
{"target": 98.84997700600786, "params": {"x1": 88.02047025135383, "x2": 0.12195488771424208, "x3": -0.4491481845268857, "x4": 0.8421032224531774, "x5": -0.6314938920026407}, "datetime": {"datetime": "2020-10-20 14:18:14", "elapsed": 35.174805, "delta": 0.597472}}
{"target": 98.52207189828405, "params": {"x1": 88.01721028551519, "x2": 0.11745803576588461, "x3": -0.45873571214141146, "x4": 0.8444454218301124, "x5": -0.6431241600760257}, "datetime": {"datetime": "2020-10-20 14:18:14", "elapsed": 35.554175, "delta": 0.37937}}
{"target": 99.89959293531231, "params": {"x1": 88.00004179222404, "x2": 0.14719435226780542, "x3": -0.426510182901663, "x4": 0.7967628800372039, "x5": -0.6366861848270873}, "datetime": {"datetime": "2020-10-20 14:18:15", "elapsed": 36.145313, "delta": 0.591138}}
{"target": 99.9383353093944, "params": {"x1": 87.99753037406181, "x2": 0.1435613477947557, "x3": -0.42748959170827927, "x4": 0.8030213069569523, "x5": -0.6335753156981223}, "datetime": {"datetime": "2020-10-20 14:18:15", "elapsed": 36.871343, "delta": 0.72603}}
{"target": 99.85456300526856, "params": {"x1": 87.99153760873008, "x2": 0.1473602842608534, "x3": -0.4290410502582121, "x4": 0.8055487523959222, "x5": -0.6311470345265446}, "datetime": {"datetime": "2020-10-20 14:18:16", "elapsed": 37.227221, "delta": 0.355878}}
{"target": 99.96233333870619, "params": {"x1": 87.99760569963561, "x2": 0.12913374509942555, "x3": -0.4149179598990418, "x4": 0.8007786021216144, "x5": -0.6379088421684694}, "datetime": {"datetime": "2020-10-20 14:18:16", "elapsed": 37.65549, "delta": 0.428269}}
{"target": 99.99119586554299, "params": {"x1": 87.99997971579963, "x2": 0.13498460486346725, "x3": -0.41948569786388606, "x4": 0.8006809133853552, "x5": -0.6359154395694298}, "datetime": {"datetime": "2020-10-20 14:18:17", "elapsed": 38.230588, "delta": 0.575098}}
{"target": 99.98855886351323, "params": {"x1": 88.0004810407986, "x2": 0.1361488479266404, "x3": -0.41964778016705223, "x4": 0.8002159110964774, "x5": -0.6350940457802782}, "datetime": {"datetime": "2020-10-20 14:18:17", "elapsed": 38.690353, "delta": 0.459765}}
{"target": 99.99052672932334, "params": {"x1": 87.99717399550639, "x2": 0.13615729484739023, "x3": -0.42412880831797745, "x4": 0.8014472929406445, "x5": -0.6361121801285753}, "datetime": {"datetime": "2020-10-20 14:18:18", "elapsed": 39.178658, "delta": 0.488305}}
{"target": 99.98133273138423, "params": {"x1": 87.99662884336463, "x2": 0.1318077048384549, "x3": -0.4185590735642227, "x4": 0.8002577858382446, "x5": -0.6386045005279931}, "datetime": {"datetime": "2020-10-20 14:18:18", "elapsed": 39.862914, "delta": 0.684256}}
{"target": 99.98409702507256, "params": {"x1": 88.00146176524463, "x2": 0.13450218455265447, "x3": -0.4184112804915686, "x4": 0.7999964371261679, "x5": -0.6323973434771414}, "datetime": {"datetime": "2020-10-20 14:18:19", "elapsed": 40.290354, "delta": 0.42744}}
{"target": 99.9400977665847, "params": {"x1": 87.99535134354575, "x2": 0.13493843489789367, "x3": -0.413717373441089, "x4": 0.7959976797057458, "x5": -0.6368830570992631}, "datetime": {"datetime": "2020-10-20 14:18:19", "elapsed": 40.731361, "delta": 0.441007}}
{"target": 99.94832687645152, "params": {"x1": 87.991866212827, "x2": 0.1292208184559564, "x3": -0.426397915217932, "x4": 0.797359185831366, "x5": -0.640546439145677}, "datetime": {"datetime": "2020-10-20 14:18:20", "elapsed": 41.101793, "delta": 0.370432}}
{"target": 99.98377404051895, "params": {"x1": 88.00017592031287, "x2": 0.13120989268870112, "x3": -0.42413913121694924, "x4": 0.7952735587893239, "x5": -0.6333855330266022}, "datetime": {"datetime": "2020-10-20 14:18:20", "elapsed": 41.62484, "delta": 0.523047}}
{"target": 99.97542754524751, "params": {"x1": 88.00691328059797, "x2": 0.1295801255662288, "x3": -0.4251560912090582, "x4": 0.7998756138092488, "x5": -0.6359003572514181}, "datetime": {"datetime": "2020-10-20 14:18:21", "elapsed": 42.238712, "delta": 0.613872}}
{"target": 99.92917364636573, "params": {"x1": 88.00688159092313, "x2": 0.1322783153449964, "x3": -0.43081687056868345, "x4": 0.7977100636312507, "x5": -0.6273870384488902}, "datetime": {"datetime": "2020-10-20 14:18:21", "elapsed": 42.67314, "delta": 0.434428}}
{"target": 99.93108436597402, "params": {"x1": 88.00836862186718, "x2": 0.1311695445067401, "x3": -0.4154622682097061, "x4": 0.8071588358484276, "x5": -0.633242366541357}, "datetime": {"datetime": "2020-10-20 14:18:22", "elapsed": 43.118672, "delta": 0.445532}}
{"target": 99.92811126836492, "params": {"x1": 87.9970372622757, "x2": 0.12832048100706792, "x3": -0.4170642516823727, "x4": 0.8085792279651677, "x5": -0.6273900338258562}, "datetime": {"datetime": "2020-10-20 14:18:22", "elapsed": 43.51324, "delta": 0.394568}}
{"target": 99.89858489421898, "params": {"x1": 88.0099315014649, "x2": 0.13833654192389172, "x3": -0.4330898307063862, "x4": 0.8002015775017333, "x5": -0.6304161249994613}, "datetime": {"datetime": "2020-10-20 14:18:22", "elapsed": 43.813958, "delta": 0.300718}}
