{"target": -99.99856944224096, "params": {"x1": 87.75106601410772, "x2": 0.7933734803264745, "x3": -1.9229568755479653, "x4": 0.20929771789551932, "x5": -1.6949323275486612}, "datetime": {"datetime": "2020-10-20 14:25:01", "elapsed": 0.0, "delta": 0.0}}
{"target": -99.99999994512329, "params": {"x1": 88.99468332395931, "x2": -1.3618551255430689, "x3": 1.0313577605894373, "x4": 1.748996325456264, "x5": 0.6807038910901047}, "datetime": {"datetime": "2020-10-20 14:25:01", "elapsed": 0.151637, "delta": 0.151637}}
{"target": -99.9999999678009, "params": {"x1": 88.99662322754335, "x2": 1.5342844342751483, "x3": -1.9119935323693982, "x4": -0.6938148928201076, "x5": -2.1012525900088974}, "datetime": {"datetime": "2020-10-20 14:25:01", "elapsed": 0.386924, "delta": 0.235287}}
{"target": -99.99999996843263, "params": {"x1": 86.5, "x2": -1.0675999999999999, "x3": 1.0767000000000004, "x4": 2.3023, "x5": -1.2352}, "datetime": {"datetime": "2020-10-20 14:25:01", "elapsed": 0.710036, "delta": 0.323112}}
{"target": -99.99999996877655, "params": {"x1": 87.1, "x2": 1.6324000000000005, "x3": -1.6233, "x4": -0.6977, "x5": 0.8648000000000002}, "datetime": {"datetime": "2020-10-20 14:25:02", "elapsed": 1.106999, "delta": 0.396963}}
{"target": -99.99999995885221, "params": {"x1": 86.5, "x2": -1.3676, "x3": 0.7767000000000002, "x4": 2.3023, "x5": -2.1352}, "datetime": {"datetime": "2020-10-20 14:25:02", "elapsed": 1.585021, "delta": 0.478022}}
{"target": -99.99999997509981, "params": {"x1": 89.19999999999997, "x2": 1.6324000000000005, "x3": -1.6233, "x4": -0.3977, "x5": 0.8648000000000002}, "datetime": {"datetime": "2020-10-20 14:25:03", "elapsed": 2.023724, "delta": 0.438703}}
{"target": -99.99999995893558, "params": {"x1": 89.49999999999997, "x2": 1.6324000000000005, "x3": -1.9233, "x4": -0.3977, "x5": -2.1352}, "datetime": {"datetime": "2020-10-20 14:25:03", "elapsed": 2.475479, "delta": 0.451755}}
{"target": -99.9999999598634, "params": {"x1": 87.1, "x2": -1.3676, "x3": 1.0767000000000004, "x4": 2.3023, "x5": -2.1352}, "datetime": {"datetime": "2020-10-20 14:25:04", "elapsed": 2.832321, "delta": 0.356842}}
{"target": -99.99999735980587, "params": {"x1": 89.19999999999997, "x2": -0.16759999999999975, "x3": -1.9233, "x4": 2.0023, "x5": 0.5648}, "datetime": {"datetime": "2020-10-20 14:25:04", "elapsed": 3.284288, "delta": 0.451967}}
{"target": -99.99999942199015, "params": {"x1": 86.8, "x2": 1.3324000000000003, "x3": -1.3233, "x4": -0.6977, "x5": 0.5648}, "datetime": {"datetime": "2020-10-20 14:25:05", "elapsed": 3.778455, "delta": 0.494167}}
{"target": -99.99999996783369, "params": {"x1": 86.5, "x2": -1.0675999999999999, "x3": 1.0767000000000004, "x4": -0.3977, "x5": -2.1352}, "datetime": {"datetime": "2020-10-20 14:25:05", "elapsed": 4.301948, "delta": 0.523493}}
{"target": -99.9999999677515, "params": {"x1": 89.19999999999997, "x2": 1.6324000000000005, "x3": -1.6233, "x4": 2.3023, "x5": 0.8648000000000002}, "datetime": {"datetime": "2020-10-20 14:25:06", "elapsed": 5.036605, "delta": 0.734657}}
{"target": -99.99999996900883, "params": {"x1": 88.89999999999998, "x2": 1.6324000000000005, "x3": 1.0767000000000004, "x4": -0.09770000000000001, "x5": -2.1352}, "datetime": {"datetime": "2020-10-20 14:25:06", "elapsed": 5.462734, "delta": 0.426129}}
{"target": -99.99999996797101, "params": {"x1": 86.5, "x2": -1.0675999999999999, "x3": -1.9233, "x4": 2.3023, "x5": -0.6352}, "datetime": {"datetime": "2020-10-20 14:25:07", "elapsed": 5.99254, "delta": 0.529806}}
{"target": -99.99999988771935, "params": {"x1": 86.5, "x2": 1.3324000000000003, "x3": 0.7767000000000002, "x4": 2.0023, "x5": 0.5648}, "datetime": {"datetime": "2020-10-20 14:25:07", "elapsed": 6.572849, "delta": 0.580309}}
{"target": -99.99999996789623, "params": {"x1": 89.49999999999997, "x2": 1.3324000000000003, "x3": -1.9233, "x4": -0.6977, "x5": -1.8352000000000002}, "datetime": {"datetime": "2020-10-20 14:25:08", "elapsed": 7.240219, "delta": 0.66737}}
{"target": -99.99999157932196, "params": {"x1": 89.49999999999997, "x2": -1.0675999999999999, "x3": 0.17670000000000052, "x4": -0.3977, "x5": -1.5352000000000001}, "datetime": {"datetime": "2020-10-20 14:25:09", "elapsed": 7.872793, "delta": 0.632574}}
{"target": -99.99999698584405, "params": {"x1": 88.89999999999998, "x2": -1.3676, "x3": 0.7767000000000002, "x4": 1.7023, "x5": 0.5648}, "datetime": {"datetime": "2020-10-20 14:25:09", "elapsed": 8.492171, "delta": 0.619378}}
{"target": -99.99870097943328, "params": {"x1": 86.8, "x2": 0.7324000000000006, "x3": -0.4232999999999998, "x4": 1.1022999999999998, "x5": 0.8648000000000002}, "datetime": {"datetime": "2020-10-20 14:25:10", "elapsed": 9.166798, "delta": 0.674627}}
{"target": -99.9999994453497, "params": {"x1": 86.8, "x2": 1.3324000000000003, "x3": -1.3233, "x4": 2.0023, "x5": 0.8648000000000002}, "datetime": {"datetime": "2020-10-20 14:25:10", "elapsed": 9.638811, "delta": 0.472013}}
{"target": -99.999999968166, "params": {"x1": 86.8, "x2": 1.6324000000000005, "x3": 1.0767000000000004, "x4": 1.1022999999999998, "x5": -2.1352}, "datetime": {"datetime": "2020-10-20 14:25:11", "elapsed": 10.370435, "delta": 0.731624}}
{"target": -99.99999967115443, "params": {"x1": 86.8, "x2": 0.1324000000000003, "x3": -1.9233, "x4": -0.6977, "x5": 0.26480000000000015}, "datetime": {"datetime": "2020-10-20 14:25:12", "elapsed": 11.005957, "delta": 0.635522}}
{"target": -99.99999827683874, "params": {"x1": 88.42000000000007, "x2": -1.1575999999999997, "x3": 1.0167000000000026, "x4": 2.3023000000000025, "x5": -0.9952000000000076}, "datetime": {"datetime": "2020-10-20 14:25:12", "elapsed": 11.672924, "delta": 0.666967}}
{"target": -99.99999997400508, "params": {"x1": 89.2000000000001, "x2": 1.5424000000000029, "x3": 1.0767000000000027, "x4": -0.6076999999999999, "x5": -1.6552000000000033}, "datetime": {"datetime": "2020-10-20 14:25:13", "elapsed": 12.178209, "delta": 0.505285}}
{"target": -99.99969197158646, "params": {"x1": 86.86000000000001, "x2": -0.7375999999999994, "x3": -1.2632999999999994, "x4": -0.5176999999999998, "x5": -1.715200000000003}, "datetime": {"datetime": "2020-10-20 14:25:14", "elapsed": 12.926176, "delta": 0.747967}}
{"target": -99.999959048344, "params": {"x1": 87.04000000000002, "x2": 1.3924000000000025, "x3": -1.5932999999999997, "x4": -0.06769999999999943, "x5": 0.6847999999999814}, "datetime": {"datetime": "2020-10-20 14:25:14", "elapsed": 13.500174, "delta": 0.573998}}
{"target": -99.99972717764113, "params": {"x1": 88.90000000000009, "x2": 0.9424000000000023, "x3": -0.09329999999999838, "x4": 2.242300000000003, "x5": 0.6247999999999818}, "datetime": {"datetime": "2020-10-20 14:25:15", "elapsed": 14.198179, "delta": 0.698005}}
{"target": -99.92936314329233, "params": {"x1": 87.10000000000002, "x2": -0.4675999999999991, "x3": -1.5332999999999997, "x4": 0.35230000000000095, "x5": -1.6252000000000035}, "datetime": {"datetime": "2020-10-20 14:25:16", "elapsed": 14.832896, "delta": 0.634717}}
{"target": -99.99999995978483, "params": {"x1": 89.50000000000011, "x2": -1.3676, "x3": -1.9233, "x4": 1.8223000000000023, "x5": -2.1352}, "datetime": {"datetime": "2020-10-20 14:25:16", "elapsed": 15.384097, "delta": 0.551201}}
{"target": -99.99999995007308, "params": {"x1": 86.5, "x2": 1.6324000000000027, "x3": 1.0767000000000027, "x4": -0.6977, "x5": 0.8647999999999803}, "datetime": {"datetime": "2020-10-20 14:25:17", "elapsed": 15.794144, "delta": 0.410047}}
{"target": -99.99999995007308, "params": {"x1": 89.50000000000011, "x2": -1.3676, "x3": -1.9233, "x4": -0.6977, "x5": 0.8647999999999803}, "datetime": {"datetime": "2020-10-20 14:25:17", "elapsed": 16.281664, "delta": 0.48752}}
{"target": -99.99999996227706, "params": {"x1": 87.22000000000003, "x2": -1.3676, "x3": -1.9233, "x4": 0.9523000000000015, "x5": -2.1352}, "datetime": {"datetime": "2020-10-20 14:25:18", "elapsed": 16.774245, "delta": 0.492581}}
{"target": -99.99999796483152, "params": {"x1": 86.5, "x2": 0.28240000000000154, "x3": -0.753299999999999, "x4": 1.9423000000000024, "x5": -2.1352}, "datetime": {"datetime": "2020-10-20 14:25:18", "elapsed": 17.252406, "delta": 0.478161}}
{"target": -83.53822575816346, "params": {"x1": 87.61000000000004, "x2": -0.6775999999999993, "x3": -0.5432999999999988, "x4": 0.8923000000000014, "x5": -1.235200000000006}, "datetime": {"datetime": "2020-10-20 14:25:19", "elapsed": 17.77697, "delta": 0.524564}}
{"target": -81.42396224752802, "params": {"x1": 87.64000000000004, "x2": -0.6775999999999993, "x3": -0.5132999999999988, "x4": 0.9223000000000015, "x5": -1.2052000000000063}, "datetime": {"datetime": "2020-10-20 14:25:19", "elapsed": 18.374608, "delta": 0.597638}}
{"target": -78.50848857868002, "params": {"x1": 87.67000000000004, "x2": -0.6175999999999993, "x3": -0.6032999999999988, "x4": 1.0123000000000015, "x5": -1.2052000000000063}, "datetime": {"datetime": "2020-10-20 14:25:19", "elapsed": 18.457264, "delta": 0.082656}}
{"target": -99.87216323239309, "params": {"x1": 88.84000000000009, "x2": 0.22240000000000149, "x3": 0.5367000000000022, "x4": 1.9723000000000026, "x5": -1.1452000000000067}, "datetime": {"datetime": "2020-10-20 14:25:19", "elapsed": 18.520347, "delta": 0.063083}}
{"target": -76.4752311549949, "params": {"x1": 87.67000000000004, "x2": -0.6175999999999993, "x3": -0.5732999999999988, "x4": 1.0123000000000015, "x5": -1.1752000000000065}, "datetime": {"datetime": "2020-10-20 14:25:20", "elapsed": 18.982554, "delta": 0.462207}}
{"target": -93.43383774402689, "params": {"x1": 87.91000000000005, "x2": 0.31240000000000157, "x3": 0.14670000000000205, "x4": -0.2776999999999996, "x5": -0.6652000000000098}, "datetime": {"datetime": "2020-10-20 14:25:20", "elapsed": 19.042465, "delta": 0.059911}}
{"target": -74.45195652749238, "params": {"x1": 87.67000000000004, "x2": -0.6175999999999993, "x3": -0.5432999999999988, "x4": 1.0123000000000015, "x5": -1.1452000000000067}, "datetime": {"datetime": "2020-10-20 14:25:20", "elapsed": 19.291461, "delta": 0.248996}}
{"target": -99.99025769302767, "params": {"x1": 89.38000000000011, "x2": 0.9424000000000023, "x3": -0.39329999999999865, "x4": 1.7323000000000024, "x5": 0.17479999999998475}, "datetime": {"datetime": "2020-10-20 14:25:20", "elapsed": 19.351656, "delta": 0.060195}}
{"target": -97.72299545123786, "params": {"x1": 88.9900000000001, "x2": -0.25759999999999894, "x3": 0.4767000000000021, "x4": 0.6523000000000012, "x5": -0.935200000000008}, "datetime": {"datetime": "2020-10-20 14:25:20", "elapsed": 19.418088, "delta": 0.066432}}
{"target": -72.28211823575134, "params": {"x1": 87.66261563549658, "x2": -0.6110975946330752, "x3": -0.5238609012642026, "x4": 1.0114161473494458, "x5": -1.116008156522653}, "datetime": {"datetime": "2020-10-20 14:25:20", "elapsed": 19.576546, "delta": 0.158458}}
{"target": -99.99567191755888, "params": {"x1": 86.62915899207138, "x2": -1.1999597689757522, "x3": 0.18217476443434566, "x4": 0.728134281048239, "x5": -0.3211997650012899}, "datetime": {"datetime": "2020-10-20 14:25:20", "elapsed": 19.638822, "delta": 0.062276}}
{"target": -68.95479376958811, "params": {"x1": 87.48186080086458, "x2": -0.522201965828669, "x3": -0.6928087779386154, "x4": 0.8213068023047632, "x5": -1.0034364006608216}, "datetime": {"datetime": "2020-10-20 14:25:21", "elapsed": 19.766464, "delta": 0.127642}}
{"target": -63.17304727383826, "params": {"x1": 87.56229360766318, "x2": -0.5379293044205298, "x3": -0.5995214558553142, "x4": 0.9301915167971045, "x5": -1.0004284796051564}, "datetime": {"datetime": "2020-10-20 14:25:21", "elapsed": 20.319315, "delta": 0.552851}}
{"target": -60.57808876705387, "params": {"x1": 87.56928045015538, "x2": -0.5298095184855292, "x3": -0.5959947638661822, "x4": 0.9397687016615369, "x5": -0.9764499044254675}, "datetime": {"datetime": "2020-10-20 14:25:22", "elapsed": 20.794977, "delta": 0.475662}}
{"target": -53.944527081633886, "params": {"x1": 87.58886698504664, "x2": -0.5105873273613258, "x3": -0.595386967643545, "x4": 0.9575136695358071, "x5": -0.9154489433300076}, "datetime": {"datetime": "2020-10-20 14:25:22", "elapsed": 21.417575, "delta": 0.622598}}
{"target": -48.74461503748188, "params": {"x1": 87.60993445343614, "x2": -0.49847344044655056, "x3": -0.6022280942427611, "x4": 0.9664330179190856, "x5": -0.8677414639100545}, "datetime": {"datetime": "2020-10-20 14:25:23", "elapsed": 21.945046, "delta": 0.527471}}
{"target": -43.71290024402268, "params": {"x1": 87.63918710279148, "x2": -0.490360785749679, "x3": -0.6164938818594367, "x4": 0.9705626529292241, "x5": -0.8199922519249432}, "datetime": {"datetime": "2020-10-20 14:25:23", "elapsed": 22.30899, "delta": 0.363944}}
{"target": -39.44753473062133, "params": {"x1": 87.67745983738205, "x2": -0.48785881166097245, "x3": -0.6368184623421891, "x4": 0.9702235158637986, "x5": -0.7749113920571628}, "datetime": {"datetime": "2020-10-20 14:25:24", "elapsed": 22.781459, "delta": 0.472469}}
{"target": -36.16936682319015, "params": {"x1": 87.72172323372884, "x2": -0.4894483821329866, "x3": -0.6562025928378498, "x4": 0.9699516400538253, "x5": -0.7323321446655883}, "datetime": {"datetime": "2020-10-20 14:25:24", "elapsed": 23.313671, "delta": 0.532212}}
{"target": -32.89260068267469, "params": {"x1": 87.76571430791007, "x2": -0.488731123729614, "x3": -0.6605829857484864, "x4": 0.9804718850476214, "x5": -0.6843440085334958}, "datetime": {"datetime": "2020-10-20 14:25:24", "elapsed": 23.715163, "delta": 0.401492}}
{"target": -28.314333513981605, "params": {"x1": 87.79040690466339, "x2": -0.47392204855170245, "x3": -0.6270389442713057, "x4": 1.0175965405407976, "x5": -0.6241970160095147}, "datetime": {"datetime": "2020-10-20 14:25:25", "elapsed": 24.18461, "delta": 0.469447}}
{"target": -25.21818250839304, "params": {"x1": 87.77730734790894, "x2": -0.44798118281972316, "x3": -0.586252330728117, "x4": 1.0557458666697042, "x5": -0.5798454038726919}, "datetime": {"datetime": "2020-10-20 14:25:25", "elapsed": 24.679008, "delta": 0.494398}}
{"target": -23.420963288967446, "params": {"x1": 87.7491457064003, "x2": -0.4119533473298463, "x3": -0.575646092252843, "x4": 1.0811332377622571, "x5": -0.5336553275867966}, "datetime": {"datetime": "2020-10-20 14:25:26", "elapsed": 25.048089, "delta": 0.369081}}
{"target": -23.585956931593223, "params": {"x1": 87.74128269235132, "x2": -0.3899276705938466, "x3": -0.6023907215881895, "x4": 1.090079108912277, "x5": -0.501008114449727}, "datetime": {"datetime": "2020-10-20 14:25:26", "elapsed": 25.361939, "delta": 0.31385}}
{"target": -20.588059902425726, "params": {"x1": 87.72409954057562, "x2": -0.3904321286924791, "x3": -0.5577217812957953, "x4": 1.0679227414868688, "x5": -0.510872499526119}, "datetime": {"datetime": "2020-10-20 14:25:27", "elapsed": 25.86923, "delta": 0.507291}}
{"target": -11.860539047117136, "params": {"x1": 87.6957694627405, "x2": -0.36452175838830225, "x3": -0.531340701321797, "x4": 0.9695160596211732, "x5": -0.48058396364339956}, "datetime": {"datetime": "2020-10-20 14:25:27", "elapsed": 26.24168, "delta": 0.37245}}
{"target": -6.706379519538319, "params": {"x1": 87.69962779719899, "x2": -0.3523107119872951, "x3": -0.522759071893202, "x4": 0.8950060079667453, "x5": -0.45710306918884896}, "datetime": {"datetime": "2020-10-20 14:25:27", "elapsed": 26.698933, "delta": 0.457253}}
{"target": -1.1742184861320393, "params": {"x1": 87.72872616052607, "x2": -0.33584548772837763, "x3": -0.49958118456419803, "x4": 0.8195121406020658, "x5": -0.4148307199139789}, "datetime": {"datetime": "2020-10-20 14:25:28", "elapsed": 27.106126, "delta": 0.407193}}
{"target": 2.8692785574541246, "params": {"x1": 87.77575878469553, "x2": -0.3160699186278708, "x3": -0.4564445024184053, "x4": 0.7818830295118367, "x5": -0.3608120396390899}, "datetime": {"datetime": "2020-10-20 14:25:28", "elapsed": 27.588519, "delta": 0.482393}}
{"target": 3.4575231321120947, "params": {"x1": 87.8028577872302, "x2": -0.30114593380121185, "x3": -0.4162063118717759, "x4": 0.7841672078903632, "x5": -0.32158441114357916}, "datetime": {"datetime": "2020-10-20 14:25:29", "elapsed": 27.954827, "delta": 0.366308}}
{"target": 4.905938917412422, "params": {"x1": 87.81090641354577, "x2": -0.30172465051738073, "x3": -0.43224113556015337, "x4": 0.7678877594085876, "x5": -0.3298349063620547}, "datetime": {"datetime": "2020-10-20 14:25:29", "elapsed": 28.274449, "delta": 0.319622}}
{"target": 15.144584133682537, "params": {"x1": 87.90313096311098, "x2": -0.27042486698220364, "x3": -0.47126901158961176, "x4": 0.7179013431726236, "x5": -0.3316511996637272}, "datetime": {"datetime": "2020-10-20 14:25:29", "elapsed": 28.642584, "delta": 0.368135}}
{"target": 28.913503107300887, "params": {"x1": 87.98721400509184, "x2": -0.2200323752592107, "x3": -0.510703027023545, "x4": 0.7253001810215218, "x5": -0.35247383636002616}, "datetime": {"datetime": "2020-10-20 14:25:30", "elapsed": 29.024469, "delta": 0.381885}}
{"target": 42.46021605499759, "params": {"x1": 88.03793352189486, "x2": -0.16698340793623412, "x3": -0.5354195597637608, "x4": 0.7655018414761099, "x5": -0.38287152693391147}, "datetime": {"datetime": "2020-10-20 14:25:30", "elapsed": 29.432266, "delta": 0.407797}}
{"target": 55.73083406506589, "params": {"x1": 88.06190714643301, "x2": -0.11074958659762883, "x3": -0.5440229909678446, "x4": 0.8186425335781283, "x5": -0.41895442827081086}, "datetime": {"datetime": "2020-10-20 14:25:31", "elapsed": 29.935686, "delta": 0.50342}}
{"target": 67.98336260478573, "params": {"x1": 88.06087109967348, "x2": -0.05391986738077269, "x3": -0.5342816182375297, "x4": 0.8664556800125522, "x5": -0.45623721885763147}, "datetime": {"datetime": "2020-10-20 14:25:31", "elapsed": 30.285929, "delta": 0.350243}}
{"target": 79.57766207109727, "params": {"x1": 88.03980292843622, "x2": 0.005278562255091806, "x3": -0.5068894355370361, "x4": 0.8955134300405688, "x5": -0.4932083122037798}, "datetime": {"datetime": "2020-10-20 14:25:31", "elapsed": 30.716498, "delta": 0.430569}}
{"target": 89.25933961027279, "params": {"x1": 88.00970766979707, "x2": 0.063098104109943, "x3": -0.47045713827217345, "x4": 0.8920391123456054, "x5": -0.5247167479626405}, "datetime": {"datetime": "2020-10-20 14:25:32", "elapsed": 31.040298, "delta": 0.3238}}
{"target": 95.20809925909275, "params": {"x1": 87.99060556911118, "x2": 0.11446600517737186, "x3": -0.444556066801394, "x4": 0.8576178592441343, "x5": -0.545341190391157}, "datetime": {"datetime": "2020-10-20 14:25:32", "elapsed": 31.375139, "delta": 0.334841}}
{"target": 96.68017254202321, "params": {"x1": 87.99852194282064, "x2": 0.15222412403505373, "x3": -0.4480766621852333, "x4": 0.8249740721877704, "x5": -0.5527922803150126}, "datetime": {"datetime": "2020-10-20 14:25:32", "elapsed": 31.665519, "delta": 0.29038}}
{"target": 96.74054360943923, "params": {"x1": 87.99846629098123, "x2": 0.15813699861384095, "x3": -0.44471776479577757, "x4": 0.8306121274288969, "x5": -0.5563084128142177}, "datetime": {"datetime": "2020-10-20 14:25:33", "elapsed": 32.126965, "delta": 0.461446}}
{"target": 96.72578238059148, "params": {"x1": 87.99273298518814, "x2": 0.16086068283386099, "x3": -0.4471161486358517, "x4": 0.8314427066020948, "x5": -0.5583522610767596}, "datetime": {"datetime": "2020-10-20 14:25:33", "elapsed": 32.636961, "delta": 0.509996}}
{"target": 97.22460972191575, "params": {"x1": 87.99737371506873, "x2": 0.15778353855682528, "x3": -0.44168710099755437, "x4": 0.8288582432649941, "x5": -0.5628784468770386}, "datetime": {"datetime": "2020-10-20 14:25:34", "elapsed": 32.926371, "delta": 0.28941}}
{"target": 99.84886360695188, "params": {"x1": 88.00494173902072, "x2": 0.13469203429731808, "x3": -0.4359977033964368, "x4": 0.8122163250979691, "x5": -0.6270935385794747}, "datetime": {"datetime": "2020-10-20 14:25:34", "elapsed": 33.424909, "delta": 0.498538}}
{"target": 99.91444943946766, "params": {"x1": 88.00451949926982, "x2": 0.13389435279567974, "x3": -0.4332114891855821, "x4": 0.8100495087149755, "x5": -0.6313645857278583}, "datetime": {"datetime": "2020-10-20 14:25:35", "elapsed": 33.867938, "delta": 0.443029}}
{"target": 99.99682583390516, "params": {"x1": 87.9997880975484, "x2": 0.13421091963053117, "x3": -0.42269487434717884, "x4": 0.8032594025784364, "x5": -0.6351381355600001}, "datetime": {"datetime": "2020-10-20 14:25:35", "elapsed": 34.194298, "delta": 0.32636}}
{"target": 99.98168744312446, "params": {"x1": 88.00170939241535, "x2": 0.13764092816337026, "x3": -0.42257041793730665, "x4": 0.8042324925284494, "x5": -0.637580286444733}, "datetime": {"datetime": "2020-10-20 14:25:35", "elapsed": 34.521778, "delta": 0.32748}}
{"target": 99.97809132407676, "params": {"x1": 87.99905471676799, "x2": 0.13161142147430865, "x3": -0.4194312164927749, "x4": 0.8072254809191984, "x5": -0.6337910151141282}, "datetime": {"datetime": "2020-10-20 14:25:36", "elapsed": 34.748175, "delta": 0.226397}}
{"target": 99.99234055157203, "params": {"x1": 88.00174690542603, "x2": 0.1311030222031501, "x3": -0.42131491304123764, "x4": 0.7981390495323616, "x5": -0.6362512659290691}, "datetime": {"datetime": "2020-10-20 14:25:36", "elapsed": 35.146626, "delta": 0.398451}}
{"target": 99.99756565185913, "params": {"x1": 87.99994353983105, "x2": 0.13072425469303664, "x3": -0.42281885287665655, "x4": 0.7997634996392982, "x5": -0.6361897274215151}, "datetime": {"datetime": "2020-10-20 14:25:36", "elapsed": 35.480969, "delta": 0.334343}}
{"target": 99.94872551336445, "params": {"x1": 87.9933667588934, "x2": 0.12652690201593972, "x3": -0.42611572195268893, "x4": 0.7955866714245464, "x5": -0.6384048991454351}, "datetime": {"datetime": "2020-10-20 14:25:37", "elapsed": 35.839118, "delta": 0.358149}}
{"target": 99.97691206492097, "params": {"x1": 88.00660267289557, "x2": 0.12894054796255486, "x3": -0.4226908396450661, "x4": 0.8019783275678382, "x5": -0.6341123276447957}, "datetime": {"datetime": "2020-10-20 14:25:37", "elapsed": 36.119638, "delta": 0.28052}}
