{"target": -8.582192370563213, "params": {"x1": 87.96919841543385, "x2": -0.23012851409428817, "x3": -0.8074213145605504, "x4": 1.0731052969811459, "x5": -0.8186130205939087}, "datetime": {"datetime": "2020-10-20 14:27:01", "elapsed": 46.704799, "delta": 0.380031}}
{"target": -2.9619125471844643, "params": {"x1": 87.9752742836926, "x2": -0.21672766230178975, "x3": -0.7944435319932653, "x4": 1.0767272069779357, "x5": -0.783490800684146}, "datetime": {"datetime": "2020-10-20 14:27:02", "elapsed": 47.304783, "delta": 0.599984}}
{"target": 2.5719672851225783, "params": {"x1": 87.97489350595646, "x2": -0.20283565896958203, "x3": -0.7899077888383584, "x4": 1.0673986311761006, "x5": -0.747064705784277}, "datetime": {"datetime": "2020-10-20 14:27:02", "elapsed": 47.822351, "delta": 0.517568}}
{"target": 8.692188610554041, "params": {"x1": 87.96931709725139, "x2": -0.18589629644723718, "x3": -0.7912754990661319, "x4": 1.0405093948898139, "x5": -0.7201892102670531}, "datetime": {"datetime": "2020-10-20 14:27:03", "elapsed": 48.477705, "delta": 0.655354}}
{"target": 15.191864732046978, "params": {"x1": 87.96365504722759, "x2": -0.16629195802001367, "x3": -0.7919190552566668, "x4": 1.0031361588346757, "x5": -0.7142143300940214}, "datetime": {"datetime": "2020-10-20 14:27:03", "elapsed": 49.011682, "delta": 0.533977}}
{"target": 22.059140464879924, "params": {"x1": 87.963607582614, "x2": -0.14467573186268293, "x3": -0.7844668525960767, "x4": 0.9680537811721798, "x5": -0.7273240291590654}, "datetime": {"datetime": "2020-10-20 14:27:04", "elapsed": 49.682294, "delta": 0.670612}}
{"target": 29.87181797517242, "params": {"x1": 87.97278325540033, "x2": -0.12038219228356228, "x3": -0.7638493346544558, "x4": 0.9444682326872977, "x5": -0.7500592846325083}, "datetime": {"datetime": "2020-10-20 14:27:05", "elapsed": 50.484256, "delta": 0.801962}}
{"target": 38.883220895118086, "params": {"x1": 87.99140574227887, "x2": -0.09362176065798733, "x3": -0.7297990644210972, "x4": 0.9378769325733374, "x5": -0.7676015624519955}, "datetime": {"datetime": "2020-10-20 14:27:06", "elapsed": 51.044034, "delta": 0.559778}}
{"target": 48.93603259333543, "params": {"x1": 88.0149841100231, "x2": -0.06458242345360664, "x3": -0.6883150030839056, "x4": 0.9441445649106439, "x5": -0.7659759785199068}, "datetime": {"datetime": "2020-10-20 14:27:06", "elapsed": 51.579231, "delta": 0.535197}}
{"target": 60.07940305486707, "params": {"x1": 88.03776669407586, "x2": -0.030993603974033522, "x3": -0.6462051777759246, "x4": 0.9504536130423713, "x5": -0.7396820485856522}, "datetime": {"datetime": "2020-10-20 14:27:07", "elapsed": 52.238863, "delta": 0.659632}}
{"target": 72.64690158010066, "params": {"x1": 88.0555388815687, "x2": 0.012904451473035582, "x3": -0.6068369169464906, "x4": 0.9393341899315594, "x5": -0.692289279987006}, "datetime": {"datetime": "2020-10-20 14:27:07", "elapsed": 52.911472, "delta": 0.672609}}
{"target": 85.62749682413506, "params": {"x1": 88.06718714934976, "x2": 0.07459417865896653, "x3": -0.5677476027198656, "x4": 0.8932728606805009, "x5": -0.6418662469613993}, "datetime": {"datetime": "2020-10-20 14:27:08", "elapsed": 53.487422, "delta": 0.57595}}
{"target": 93.25235051395649, "params": {"x1": 88.07602511510156, "x2": 0.1411724280902652, "x3": -0.5253005140206717, "x4": 0.828684955802069, "x5": -0.6237076747540181}, "datetime": {"datetime": "2020-10-20 14:27:08", "elapsed": 53.906339, "delta": 0.418917}}
