{"target": -171.09054843035628, "params": {"x1": -99.5735943569112, "x2": 264.3893921305897, "x3": -599.8627502191862, "x4": -237.20091284179227, "x5": -423.89293101946436}, "datetime": {"datetime": "2020-10-18 20:01:50", "elapsed": 0.0, "delta": 0.0}}
{"target": -214.1196368984251, "params": {"x1": 336.5077303877637, "x2": 538.4241388965111, "x3": -319.1203018802242, "x4": 519.4292397290772, "x5": -293.60276222805834}, "datetime": {"datetime": "2020-10-18 20:01:50", "elapsed": 0.043448, "delta": 0.043448}}
{"target": -38.47355168013104, "params": {"x1": -240.1216405655419, "x2": -49.844736030935564, "x3": 103.36530562359565, "x4": 291.705215282998, "x5": -30.962897596089647}, "datetime": {"datetime": "2020-10-18 20:01:50", "elapsed": 0.086248, "delta": 0.0428}}
{"target": -113.82500626358859, "params": {"x1": 283.4145639328449, "x2": 228.55240379701547, "x3": -484.962658817331, "x4": 209.54962834626247, "x5": 182.2518785687471}, "datetime": {"datetime": "2020-10-18 20:01:50", "elapsed": 0.130439, "delta": 0.044191}}
{"target": -144.30164386955926, "params": {"x1": -133.82695170872006, "x2": 510.9026471718819, "x3": 418.52061624761325, "x4": 103.84073803430954, "x5": -336.7361841569252}, "datetime": {"datetime": "2020-10-18 20:01:50", "elapsed": 0.179725, "delta": 0.049286}}
{"target": -179.42512180457007, "params": {"x1": -502.92057896506765, "x2": 419.9613158749313, "x3": 361.53758969723367, "x4": 225.48448613434698, "x5": 307.2169456443388}, "datetime": {"datetime": "2020-10-18 20:01:50", "elapsed": 0.226014, "delta": 0.046289}}
{"target": -239.86984658799912, "params": {"x1": -319.3857685870025, "x2": -435.14526307189624, "x3": 460.7538153146886, "x4": -592.9393359319838, "x5": 298.68833229887196}, "datetime": {"datetime": "2020-10-18 20:01:50", "elapsed": 0.275912, "delta": 0.049898}}
{"target": -155.51974719881574, "params": {"x1": 60.532749219829725, "x2": -343.138231075944, "x3": 579.2001317037011, "x4": -88.37386822908047, "x5": 390.0586975052063}, "datetime": {"datetime": "2020-10-18 20:01:51", "elapsed": 0.328813, "delta": 0.052901}}
{"target": -38.471788470948105, "params": {"x1": 193.60849497838274, "x2": 5.096861291063533, "x3": -286.71302704272216, "x4": 146.7626535382003, "x5": -111.82791540895647}, "datetime": {"datetime": "2020-10-18 20:01:51", "elapsed": 0.375836, "delta": 0.047023}}
{"target": -128.67764938073276, "params": {"x1": -430.98872869077684, "x2": -279.79322866462263, "x3": 420.78133218093296, "x4": -61.20216275135965, "x5": 252.59217525004988}, "datetime": {"datetime": "2020-10-18 20:01:51", "elapsed": 0.432581, "delta": 0.056745}}
{"target": -35.351602149082666, "params": {"x1": 180.25573760890364, "x2": -0.3368441736325059, "x3": -275.1383280083507, "x4": 150.10110170329543, "x5": -101.99917111284384}, "datetime": {"datetime": "2020-10-18 20:01:51", "elapsed": 1.035064, "delta": 0.602483}}
{"target": -30.35081252122211, "params": {"x1": 156.53565372902113, "x2": -9.56994821692, "x3": -254.01838823511224, "x4": 156.34954559724372, "x5": -87.34089334736285}, "datetime": {"datetime": "2020-10-18 20:01:52", "elapsed": 1.818991, "delta": 0.783927}}
{"target": -23.042952902008828, "params": {"x1": 114.73348558079243, "x2": -25.36361167980834, "x3": -213.52519457355538, "x4": 168.4827889523158, "x5": -77.5768237777028}, "datetime": {"datetime": "2020-10-18 20:01:53", "elapsed": 2.547611, "delta": 0.72862}}
{"target": -19.38038492055504, "params": {"x1": 79.83801468480512, "x2": -39.4480270406915, "x3": -177.5329225454813, "x4": 179.77476332924425, "x5": -83.1174240311749}, "datetime": {"datetime": "2020-10-18 20:01:54", "elapsed": 3.406588, "delta": 0.858977}}
{"target": -24.833528567340498, "params": {"x1": 198.9211523550897, "x2": 30.322076156332628, "x3": -94.39183590531917, "x4": 86.54311506723218, "x5": -211.68217275969937}, "datetime": {"datetime": "2020-10-18 20:01:54", "elapsed": 3.465418, "delta": 0.05883}}
{"target": -16.056904526806143, "params": {"x1": 114.08392414834786, "x2": -28.20313254356017, "x3": -119.43204519213928, "x4": 143.19519593246656, "x5": -132.8670783739675}, "datetime": {"datetime": "2020-10-18 20:01:55", "elapsed": 4.432863, "delta": 0.967445}}
{"target": -16.67201273651682, "params": {"x1": 110.85432932171477, "x2": -38.1366517963405, "x3": -126.54721921344888, "x4": 148.71235924823108, "x5": -129.50243708014202}, "datetime": {"datetime": "2020-10-18 20:01:56", "elapsed": 5.44845, "delta": 1.015587}}
{"target": -13.099812926960665, "params": {"x1": 93.48165397615992, "x2": 0.5821910408136188, "x3": -108.0120477588088, "x4": 142.8626059736918, "x5": -114.99458712382072}, "datetime": {"datetime": "2020-10-18 20:01:56", "elapsed": 6.260472, "delta": 0.812022}}
{"target": -10.329997540193549, "params": {"x1": 68.64787771578155, "x2": 10.442518624700721, "x3": -91.24490968588248, "x4": 140.53912883719707, "x5": -91.4206026822351}, "datetime": {"datetime": "2020-10-18 20:01:57", "elapsed": 7.218948, "delta": 0.958476}}
{"target": -10.72602419693059, "params": {"x1": 0.0, "x2": 0.0, "x3": -120.0, "x4": 120.0, "x5": -120.0}, "datetime": {"datetime": "2020-10-18 20:01:58", "elapsed": 8.249849, "delta": 1.030901}}
{"target": -161.7335282958124, "params": {"x1": 240.0, "x2": 240.0, "x3": 120.0, "x4": -600.0, "x5": 360.0}, "datetime": {"datetime": "2020-10-18 20:02:00", "elapsed": 10.209079, "delta": 1.95923}}
{"target": -7.987349310965409, "params": {"x1": 0.0, "x2": 0.0, "x3": -120.0, "x4": 120.0, "x5": 0.0}, "datetime": {"datetime": "2020-10-18 20:02:02", "elapsed": 11.449261, "delta": 1.240182}}
{"target": -159.70567865858067, "params": {"x1": 0.0, "x2": -480.0, "x3": 240.0, "x4": -360.0, "x5": -480.0}, "datetime": {"datetime": "2020-10-18 20:02:05", "elapsed": 14.881968, "delta": 3.432707}}
{"target": -10.993337907006435, "params": {"x1": 0.0, "x2": -120.0, "x3": -120.0, "x4": 120.0, "x5": 0.0}, "datetime": {"datetime": "2020-10-18 20:02:10", "elapsed": 19.969665, "delta": 5.087697}}
{"target": -4.115293516041551, "params": {"x1": 0.0, "x2": 0.0, "x3": 0.0, "x4": 120.0, "x5": 0.0}, "datetime": {"datetime": "2020-10-18 20:02:11", "elapsed": 21.095026, "delta": 1.125361}}
{"target": -254.14176867248742, "params": {"x1": -600.0, "x2": 480.0, "x3": 240.0, "x4": -360.0, "x5": -480.0}, "datetime": {"datetime": "2020-10-18 20:02:13", "elapsed": 22.602758, "delta": 1.507732}}
{"target": -0.954155426002806, "params": {"x1": 0.0, "x2": 0.0, "x3": 0.0, "x4": 0.0, "x5": 0.0}, "datetime": {"datetime": "2020-10-18 20:02:14", "elapsed": 23.696552, "delta": 1.093794}}
{"target": -10.34959097929882, "params": {"x1": 120.0, "x2": 0.0, "x3": 0.0, "x4": 120.0, "x5": -120.0}, "datetime": {"datetime": "2020-10-18 20:02:18", "elapsed": 27.898205, "delta": 4.201653}}
{"target": -4.493810504180819, "params": {"x1": 120.0, "x2": 0.0, "x3": 0.0, "x4": 0.0, "x5": 0.0}, "datetime": {"datetime": "2020-10-18 20:02:19", "elapsed": 28.762607, "delta": 0.864402}}
{"target": -13.982570944035187, "params": {"x1": 0.0, "x2": -120.0, "x3": -120.0, "x4": 120.0, "x5": -120.0}, "datetime": {"datetime": "2020-10-18 20:02:22", "elapsed": 32.28442, "delta": 3.521813}}
{"target": -7.882659554693918, "params": {"x1": -120.0, "x2": 0.0, "x3": 0.0, "x4": 120.0, "x5": 0.0}, "datetime": {"datetime": "2020-10-18 20:02:23", "elapsed": 33.010487, "delta": 0.726067}}
{"target": -14.719881726674828, "params": {"x1": -120.0, "x2": -120.0, "x3": -120.0, "x4": 120.0, "x5": 0.0}, "datetime": {"datetime": "2020-10-18 20:02:25", "elapsed": 34.914292, "delta": 1.903805}}
{"target": -216.81915220243215, "params": {"x1": 600.0, "x2": 360.0, "x3": -120.0, "x4": -360.0, "x5": -480.0}, "datetime": {"datetime": "2020-10-18 20:02:25", "elapsed": 34.995977, "delta": 0.081685}}
{"target": -7.918506420635658, "params": {"x1": 0.0, "x2": 0.0, "x3": -120.0, "x4": 0.0, "x5": -120.0}, "datetime": {"datetime": "2020-10-18 20:02:26", "elapsed": 35.984596, "delta": 0.988619}}
{"target": -102.04403204136203, "params": {"x1": 480.0, "x2": -360.0, "x3": 0.0, "x4": 0.0, "x5": -240.0}, "datetime": {"datetime": "2020-10-18 20:02:26", "elapsed": 36.074207, "delta": 0.089611}}
{"target": -4.6634748840867655, "params": {"x1": -120.0, "x2": 0.0, "x3": 0.0, "x4": 0.0, "x5": 0.0}, "datetime": {"datetime": "2020-10-18 20:02:27", "elapsed": 37.008805, "delta": 0.934598}}
{"target": -8.35481504545444, "params": {"x1": 120.0, "x2": 0.0, "x3": -120.0, "x4": 0.0, "x5": 0.0}, "datetime": {"datetime": "2020-10-18 20:02:28", "elapsed": 37.941497, "delta": 0.932692}}
{"target": -121.76451464691935, "params": {"x1": 360.0, "x2": -360.0, "x3": 360.0, "x4": 240.0, "x5": -240.0}, "datetime": {"datetime": "2020-10-18 20:02:28", "elapsed": 38.026843, "delta": 0.085346}}
{"target": -8.926946511649835, "params": {"x1": 120.0, "x2": 0.0, "x3": 0.0, "x4": 0.0, "x5": 120.0}, "datetime": {"datetime": "2020-10-18 20:02:29", "elapsed": 38.774903, "delta": 0.74806}}
{"target": -9.463562303259918, "params": {"x1": 0.0, "x2": 0.0, "x3": -120.0, "x4": 0.0, "x5": 120.0}, "datetime": {"datetime": "2020-10-18 20:02:30", "elapsed": 39.553827, "delta": 0.778924}}
{"target": -4.044315566579432, "params": {"x1": 0.0, "x2": 0.0, "x3": 0.0, "x4": 0.0, "x5": -120.0}, "datetime": {"datetime": "2020-10-18 20:02:31", "elapsed": 40.575626, "delta": 1.021799}}
{"target": -7.5222064467216, "params": {"x1": 120.0, "x2": 0.0, "x3": 0.0, "x4": 120.0, "x5": 0.0}, "datetime": {"datetime": "2020-10-18 20:02:32", "elapsed": 42.064718, "delta": 1.489092}}
{"target": -4.806719726459286, "params": {"x1": 0.0, "x2": 0.0, "x3": -120.0, "x4": 0.0, "x5": 0.0}, "datetime": {"datetime": "2020-10-18 20:02:33", "elapsed": 42.742105, "delta": 0.677387}}
{"target": -145.0707318555949, "params": {"x1": 120.0, "x2": -480.0, "x3": -480.0, "x4": 240.0, "x5": -240.0}, "datetime": {"datetime": "2020-10-18 20:02:33", "elapsed": 42.843742, "delta": 0.101637}}
{"target": -10.862757007986378, "params": {"x1": -120.0, "x2": -120.0, "x3": 0.0, "x4": 120.0, "x5": 0.0}, "datetime": {"datetime": "2020-10-18 20:02:34", "elapsed": 43.659297, "delta": 0.815555}}
{"target": -5.582355349956467, "params": {"x1": 0.0, "x2": 0.0, "x3": 0.0, "x4": 0.0, "x5": 120.0}, "datetime": {"datetime": "2020-10-18 20:02:35", "elapsed": 44.80556, "delta": 1.146263}}
{"target": -124.69587050128814, "params": {"x1": 360.0, "x2": -360.0, "x3": 360.0, "x4": 240.0, "x5": 240.0}, "datetime": {"datetime": "2020-10-18 20:02:36", "elapsed": 45.876947, "delta": 1.071387}}
{"target": -7.818039911012442, "params": {"x1": -120.0, "x2": 0.0, "x3": 0.0, "x4": 0.0, "x5": -120.0}, "datetime": {"datetime": "2020-10-18 20:02:37", "elapsed": 46.576, "delta": 0.699053}}
{"target": -102.62599618241417, "params": {"x1": 240.0, "x2": 480.0, "x3": -240.0, "x4": 240.0, "x5": 0.0}, "datetime": {"datetime": "2020-10-18 20:02:38", "elapsed": 48.246216, "delta": 1.670216}}
{"target": -2.019477576576713, "params": {"x1": 60.0, "x2": 0.0, "x3": -12.0, "x4": 12.0, "x5": 12.0}, "datetime": {"datetime": "2020-10-18 20:02:40", "elapsed": 49.350461, "delta": 1.104245}}
{"target": -6.170779978499383, "params": {"x1": -132.0, "x2": 0.0, "x3": -12.0, "x4": 0.0, "x5": 24.0}, "datetime": {"datetime": "2020-10-18 20:02:40", "elapsed": 49.873056, "delta": 0.522595}}
{"target": -2.04133515273648, "params": {"x1": 24.0, "x2": 12.0, "x3": -12.0, "x4": 0.0, "x5": -60.0}, "datetime": {"datetime": "2020-10-18 20:02:41", "elapsed": 50.797033, "delta": 0.923977}}
{"target": -3.916389442390472, "params": {"x1": -12.0, "x2": -72.0, "x3": 0.0, "x4": 0.0, "x5": 72.0}, "datetime": {"datetime": "2020-10-18 20:02:42", "elapsed": 51.701802, "delta": 0.904769}}
{"target": -2.9655883062313, "params": {"x1": 48.0, "x2": -12.0, "x3": 24.0, "x4": 84.0, "x5": -12.0}, "datetime": {"datetime": "2020-10-18 20:02:43", "elapsed": 52.529785, "delta": 0.827983}}
{"target": -132.89155887709742, "params": {"x1": -108.0, "x2": -96.0, "x3": 540.0, "x4": 372.0, "x5": 288.0}, "datetime": {"datetime": "2020-10-18 20:02:43", "elapsed": 52.635859, "delta": 0.106074}}
{"target": -278.7958185130306, "params": {"x1": 372.0, "x2": -396.0, "x3": 528.0, "x4": 492.0, "x5": -576.0}, "datetime": {"datetime": "2020-10-18 20:02:43", "elapsed": 52.744372, "delta": 0.108513}}
{"target": -148.98634430661508, "params": {"x1": 360.0, "x2": 312.0, "x3": 120.0, "x4": 600.0, "x5": 0.0}, "datetime": {"datetime": "2020-10-18 20:02:43", "elapsed": 52.851682, "delta": 0.10731}}
{"target": -9.457662887545066, "params": {"x1": 36.0, "x2": -108.0, "x3": -96.0, "x4": 120.0, "x5": -36.0}, "datetime": {"datetime": "2020-10-18 20:02:44", "elapsed": 53.620591, "delta": 0.768909}}
{"target": -1.5735480625536789, "params": {"x1": 0.0, "x2": -36.0, "x3": 24.0, "x4": -12.0, "x5": 12.0}, "datetime": {"datetime": "2020-10-18 20:02:45", "elapsed": 54.403187, "delta": 0.782596}}
{"target": -8.460665718331395, "params": {"x1": -84.0, "x2": -120.0, "x3": -60.0, "x4": 84.0, "x5": -24.0}, "datetime": {"datetime": "2020-10-18 20:02:45", "elapsed": 55.128874, "delta": 0.725687}}
{"target": -4.303355897039408, "params": {"x1": -84.0, "x2": -24.0, "x3": -24.0, "x4": 60.0, "x5": 36.0}, "datetime": {"datetime": "2020-10-18 20:02:46", "elapsed": 56.003591, "delta": 0.874717}}
{"target": -198.7282331553317, "params": {"x1": -540.0, "x2": -324.0, "x3": 552.0, "x4": -300.0, "x5": -24.0}, "datetime": {"datetime": "2020-10-18 20:02:46", "elapsed": 56.119219, "delta": 0.115628}}
{"target": -227.52475818460567, "params": {"x1": -240.0, "x2": 348.0, "x3": -504.0, "x4": -600.0, "x5": -312.0}, "datetime": {"datetime": "2020-10-18 20:02:46", "elapsed": 56.231096, "delta": 0.111877}}
{"target": -10.214946626713376, "params": {"x1": -36.0, "x2": -36.0, "x3": -72.0, "x4": 132.0, "x5": -132.0}, "datetime": {"datetime": "2020-10-18 20:02:47", "elapsed": 57.239651, "delta": 1.008555}}
{"target": -5.52157982647943, "params": {"x1": -96.0, "x2": 60.0, "x3": -60.0, "x4": 0.0, "x5": 0.0}, "datetime": {"datetime": "2020-10-18 20:02:48", "elapsed": 57.983639, "delta": 0.743988}}
{"target": -2.2179922904788643, "params": {"x1": 24.0, "x2": -60.0, "x3": 48.0, "x4": 48.0, "x5": -48.0}, "datetime": {"datetime": "2020-10-18 20:02:49", "elapsed": 58.726892, "delta": 0.743253}}
{"target": -8.544537929588934, "params": {"x1": 156.0, "x2": -24.0, "x3": -24.0, "x4": 24.0, "x5": -96.0}, "datetime": {"datetime": "2020-10-18 20:02:50", "elapsed": 59.521963, "delta": 0.795071}}
{"target": -6.524556877070905, "params": {"x1": -60.0, "x2": -72.0, "x3": 36.0, "x4": 72.0, "x5": -108.0}, "datetime": {"datetime": "2020-10-18 20:02:51", "elapsed": 60.548066, "delta": 1.026103}}
{"target": -135.2823562907583, "params": {"x1": 432.0, "x2": -96.0, "x3": 264.0, "x4": 276.0, "x5": 444.0}, "datetime": {"datetime": "2020-10-18 20:02:51", "elapsed": 60.690285, "delta": 0.142219}}
{"target": -6.514264948881685, "params": {"x1": -84.0, "x2": -96.0, "x3": -48.0, "x4": -48.0, "x5": -36.0}, "datetime": {"datetime": "2020-10-18 20:02:52", "elapsed": 61.391352, "delta": 0.701067}}
{"target": -317.21002038103916, "params": {"x1": 288.0, "x2": -576.0, "x3": 564.0, "x4": -492.0, "x5": -552.0}, "datetime": {"datetime": "2020-10-18 20:02:52", "elapsed": 61.513528, "delta": 0.122176}}
{"target": -5.6000850055432885, "params": {"x1": -60.0, "x2": -12.0, "x3": -120.0, "x4": 36.0, "x5": -24.0}, "datetime": {"datetime": "2020-10-18 20:02:52", "elapsed": 62.297877, "delta": 0.784349}}
{"target": -5.726231416886124, "params": {"x1": -96.0, "x2": -60.0, "x3": -12.0, "x4": -60.0, "x5": -12.0}, "datetime": {"datetime": "2020-10-18 20:02:53", "elapsed": 63.289988, "delta": 0.992111}}
{"target": -99.88110361965104, "params": {"x1": 468.0, "x2": -384.0, "x3": -108.0, "x4": 72.0, "x5": -156.0}, "datetime": {"datetime": "2020-10-18 20:02:54", "elapsed": 63.407216, "delta": 0.117228}}
{"target": -5.21783568997145, "params": {"x1": -84.0, "x2": -84.0, "x3": 12.0, "x4": -36.0, "x5": 24.0}, "datetime": {"datetime": "2020-10-18 20:02:54", "elapsed": 64.264311, "delta": 0.857095}}
{"target": -3.624717076924342, "params": {"x1": 0.0, "x2": -48.0, "x3": 0.0, "x4": 12.0, "x5": -96.0}, "datetime": {"datetime": "2020-10-18 20:02:56", "elapsed": 65.385432, "delta": 1.121121}}
{"target": -8.165651311547673, "params": {"x1": -36.0, "x2": -24.0, "x3": -84.0, "x4": 72.0, "x5": -132.0}, "datetime": {"datetime": "2020-10-18 20:02:57", "elapsed": 66.351417, "delta": 0.965985}}
{"target": -2.2822770542339175, "params": {"x1": -36.0, "x2": -24.0, "x3": -48.0, "x4": 48.0, "x5": -12.0}, "datetime": {"datetime": "2020-10-18 20:02:57", "elapsed": 67.135754, "delta": 0.784337}}
{"target": -3.4112194817964983, "params": {"x1": 48.0, "x2": -60.0, "x3": 12.0, "x4": 60.0, "x5": 36.0}, "datetime": {"datetime": "2020-10-18 20:02:58", "elapsed": 68.08323, "delta": 0.947476}}
{"target": -1.3594145946371847, "params": {"x1": 7.20000000002301, "x2": 22.8000000000236, "x3": -5.99999999997749, "x4": 27.600000000023783, "x5": -19.19999999997799}, "datetime": {"datetime": "2020-10-18 20:02:59", "elapsed": 68.918085, "delta": 0.834855}}
{"target": -6.429595449592917, "params": {"x1": 2.2737367544323206e-11, "x2": 2.4000000000228283, "x3": -89.99999999998067, "x4": 81.60000000002583, "x5": -95.9999999999809}, "datetime": {"datetime": "2020-10-18 20:03:00", "elapsed": 69.544325, "delta": 0.62624}}
{"target": -7.9988830574662755, "params": {"x1": 64.8000000000252, "x2": -1.199999999977308, "x3": 52.80000000002474, "x4": 128.4000000000276, "x5": -104.39999999998122}, "datetime": {"datetime": "2020-10-18 20:03:01", "elapsed": 70.995832, "delta": 1.451507}}
{"target": -7.511155231405067, "params": {"x1": -9.599999999977626, "x2": 9.600000000023101, "x3": 133.20000000002779, "x4": 66.00000000002524, "x5": -81.59999999998035}, "datetime": {"datetime": "2020-10-18 20:03:02", "elapsed": 72.042278, "delta": 1.046446}}
{"target": -205.2631127891146, "params": {"x1": 186.0000000000298, "x2": -466.79999999999495, "x3": 567.6000000000442, "x4": -179.99999999998408, "x5": -479.99999999999545}, "datetime": {"datetime": "2020-10-18 20:03:02", "elapsed": 72.196345, "delta": 0.154067}}
{"target": -5.270000862027062, "params": {"x1": 110.40000000002692, "x2": 1.2000000000227828, "x3": 54.000000000024784, "x4": 74.40000000002556, "x5": -20.399999999978036}, "datetime": {"datetime": "2020-10-18 20:03:03", "elapsed": 73.28051, "delta": 1.084165}}
{"target": -162.49984876312786, "params": {"x1": -428.3999999999935, "x2": -391.1999999999921, "x3": -92.39999999998076, "x4": 1.2000000000227828, "x5": 538.8000000000432}, "datetime": {"datetime": "2020-10-18 20:03:04", "elapsed": 73.4163, "delta": 0.13579}}
{"target": -196.84803244637203, "params": {"x1": 199.2000000000303, "x2": 548.4000000000435, "x3": -385.19999999999186, "x4": 537.6000000000431, "x5": -88.79999999998063}, "datetime": {"datetime": "2020-10-18 20:03:04", "elapsed": 73.55968, "delta": 0.14338}}
{"target": -3.5552414337829124, "params": {"x1": -5.99999999997749, "x2": -64.79999999997972, "x3": -71.99999999997999, "x4": 10.800000000023147, "x5": 32.400000000023965}, "datetime": {"datetime": "2020-10-18 20:03:05", "elapsed": 74.412081, "delta": 0.852401}}
{"target": -189.77725905851395, "params": {"x1": 322.80000000003497, "x2": 21.600000000023556, "x3": 285.60000000003356, "x4": 466.8000000000404, "x5": 591.6000000000452}, "datetime": {"datetime": "2020-10-18 20:03:05", "elapsed": 74.55784, "delta": 0.145759}}
{"target": -8.033606570744409, "params": {"x1": 120.00000000002728, "x2": 91.2000000000262, "x3": -41.999999999978854, "x4": 58.800000000024966, "x5": -23.999999999978172}, "datetime": {"datetime": "2020-10-18 20:03:06", "elapsed": 76.089702, "delta": 1.531862}}
{"target": -4.936824708637426, "params": {"x1": -88.79999999998063, "x2": -83.99999999998045, "x3": -9.599999999977626, "x4": -23.999999999978172, "x5": -23.999999999978172}, "datetime": {"datetime": "2020-10-18 20:03:08", "elapsed": 77.642873, "delta": 1.553171}}
{"target": -54.08200729045484, "params": {"x1": 127.20000000002756, "x2": -291.5999999999883, "x3": -112.79999999998154, "x4": -296.3999999999885, "x5": -103.19999999998117}, "datetime": {"datetime": "2020-10-18 20:03:08", "elapsed": 77.791808, "delta": 0.148935}}
{"target": -4.487087468253284, "params": {"x1": 97.20000000002642, "x2": 16.800000000023374, "x3": 6.000000000022965, "x4": -37.19999999997867, "x5": 33.60000000002401}, "datetime": {"datetime": "2020-10-18 20:03:09", "elapsed": 78.475993, "delta": 0.684185}}
{"target": -3.351725708419615, "params": {"x1": 76.80000000002565, "x2": 18.00000000002342, "x3": 6.000000000022965, "x4": -7.1999999999775355, "x5": 40.80000000002428}, "datetime": {"datetime": "2020-10-18 20:03:10", "elapsed": 79.760949, "delta": 1.284956}}
{"target": -3.6297719690081487, "params": {"x1": 3.600000000022874, "x2": -32.39999999997849, "x3": 7.20000000002301, "x4": 7.20000000002301, "x5": -111.59999999998149}, "datetime": {"datetime": "2020-10-18 20:03:11", "elapsed": 80.848246, "delta": 1.087297}}
{"target": -4.94932025379326, "params": {"x1": 48.000000000024556, "x2": -29.9999999999784, "x3": 105.60000000002674, "x4": -10.799999999977672, "x5": -62.39999999997963}, "datetime": {"datetime": "2020-10-18 20:03:12", "elapsed": 82.216527, "delta": 1.368281}}
{"target": -273.8086640181261, "params": {"x1": 232.80000000003156, "x2": -567.5999999999988, "x3": -209.99999999998522, "x4": -541.1999999999978, "x5": 598.8000000000454}, "datetime": {"datetime": "2020-10-18 20:03:13", "elapsed": 82.370175, "delta": 0.153648}}
{"target": -6.249502753050648, "params": {"x1": 9.600000000023101, "x2": -68.39999999997985, "x3": -19.19999999997799, "x4": 114.00000000002706, "x5": -88.79999999998063}, "datetime": {"datetime": "2020-10-18 20:03:14", "elapsed": 83.615232, "delta": 1.245057}}
{"target": -5.476999573910271, "params": {"x1": -2.3999999999773536, "x2": 21.600000000023556, "x3": -64.79999999997972, "x4": -41.999999999978854, "x5": 85.20000000002597}, "datetime": {"datetime": "2020-10-18 20:03:15", "elapsed": 85.304479, "delta": 1.689247}}
