{"target": 82.21991344293102, "params": {"x1": 88.6680880188103, "x2": 2.0136979737686325, "x3": -1.4228425007306205, "x4": 1.011630290527359, "x5": -1.0481764367315478}, "datetime": {"datetime": "2020-10-19 22:06:19", "elapsed": 0.0, "delta": 0.0}}
{"target": 54.853448664929154, "params": {"x1": 90.32624443194574, "x2": -0.8599401673907586, "x3": 2.5162436807859168, "x4": 3.064561767275018, "x5": 2.1193385214534732}, "datetime": {"datetime": "2020-10-19 22:06:19", "elapsed": 0.163465, "delta": 0.163465}}
{"target": 79.02166785807754, "params": {"x1": 88.20000000000002, "x2": 1.1324, "x3": 0.9767000000000008, "x4": 2.6023000000000005, "x5": 0.3648000000000009}, "datetime": {"datetime": "2020-10-19 22:06:19", "elapsed": 0.237001, "delta": 0.073536}}
{"target": 83.61276843018928, "params": {"x1": 88.60000000000002, "x2": 1.9324000000000003, "x3": -1.4233, "x4": 1.0023000000000002, "x5": -0.8351999999999997}, "datetime": {"datetime": "2020-10-19 22:06:19", "elapsed": 0.600812, "delta": 0.363811}}
{"target": 71.6210623246098, "params": {"x1": 89.40000000000003, "x2": -0.0676, "x3": 2.5767000000000015, "x4": 1.4023, "x5": 1.564800000000001}, "datetime": {"datetime": "2020-10-19 22:06:21", "elapsed": 2.522704, "delta": 1.921892}}
{"target": 85.12944622184446, "params": {"x1": 88.60000000000002, "x2": 1.9324000000000003, "x3": -1.4233, "x4": 1.0023000000000002, "x5": -0.4351999999999996}, "datetime": {"datetime": "2020-10-19 22:06:22", "elapsed": 3.203469, "delta": 0.680765}}
{"target": 87.80489823952969, "params": {"x1": 88.20000000000002, "x2": 1.5324000000000004, "x3": -1.4233, "x4": 1.0023000000000002, "x5": -0.035199999999999454}, "datetime": {"datetime": "2020-10-19 22:06:23", "elapsed": 3.907549, "delta": 0.70408}}
{"target": 84.42525955274427, "params": {"x1": 87.80000000000001, "x2": 1.5324000000000004, "x3": -1.4233, "x4": 0.6023000000000001, "x5": -0.035199999999999454}, "datetime": {"datetime": "2020-10-19 22:06:24", "elapsed": 5.025837, "delta": 1.118288}}
{"target": 92.74217971837365, "params": {"x1": 88.20000000000002, "x2": 1.1324, "x3": -1.4233, "x4": 1.4023, "x5": -0.035199999999999454}, "datetime": {"datetime": "2020-10-19 22:06:24", "elapsed": 5.509718, "delta": 0.483881}}
{"target": 89.9104058549556, "params": {"x1": 88.20000000000002, "x2": 1.1324, "x3": -1.4233, "x4": 1.8023, "x5": -0.035199999999999454}, "datetime": {"datetime": "2020-10-19 22:06:25", "elapsed": 6.160243, "delta": 0.650525}}
{"target": 92.00382213968882, "params": {"x1": 88.20000000000002, "x2": 0.7324, "x3": -1.4233, "x4": 1.4023, "x5": -0.035199999999999454}, "datetime": {"datetime": "2020-10-19 22:06:29", "elapsed": 9.753032, "delta": 3.592789}}
{"target": 88.42327221289962, "params": {"x1": 88.60000000000002, "x2": 1.1324, "x3": -1.4233, "x4": 1.4023, "x5": -0.035199999999999454}, "datetime": {"datetime": "2020-10-19 22:06:35", "elapsed": 15.72851, "delta": 5.975478}}
{"target": 87.79816149868459, "params": {"x1": 88.20000000000002, "x2": 0.7324, "x3": -1.0232999999999999, "x4": 1.4023, "x5": -0.035199999999999454}, "datetime": {"datetime": "2020-10-19 22:06:35", "elapsed": 15.870368, "delta": 0.141858}}
{"target": 79.81827207962488, "params": {"x1": 90.20000000000005, "x2": -0.4676, "x3": 1.3767000000000007, "x4": 1.4023, "x5": 1.1648000000000007}, "datetime": {"datetime": "2020-10-19 22:06:35", "elapsed": 15.945296, "delta": 0.074928}}
{"target": 63.955936648419154, "params": {"x1": 91.00000000000006, "x2": -0.4676, "x3": -1.0232999999999999, "x4": 1.4023, "x5": 2.3648000000000016}, "datetime": {"datetime": "2020-10-19 22:06:35", "elapsed": 16.301017, "delta": 0.355721}}
{"target": 88.79488113821571, "params": {"x1": 87.80000000000001, "x2": 1.1324, "x3": -1.0232999999999999, "x4": 1.4023, "x5": -0.035199999999999454}, "datetime": {"datetime": "2020-10-19 22:06:36", "elapsed": 17.218633, "delta": 0.917616}}
{"target": 89.41827207962574, "params": {"x1": 88.20000000000002, "x2": 1.1324, "x3": -1.4233, "x4": 1.4023, "x5": -0.4351999999999996}, "datetime": {"datetime": "2020-10-19 22:06:39", "elapsed": 19.745548, "delta": 2.526915}}
{"target": 77.9206934949673, "params": {"x1": 90.20000000000005, "x2": 0.7324, "x3": 1.776700000000001, "x4": 1.4023, "x5": -0.035199999999999454}, "datetime": {"datetime": "2020-10-19 22:06:39", "elapsed": 19.836005, "delta": 0.090457}}
{"target": 85.72281311515798, "params": {"x1": 87.80000000000001, "x2": 0.33240000000000014, "x3": -1.4233, "x4": 1.4023, "x5": 0.7648000000000008}, "datetime": {"datetime": "2020-10-19 22:06:39", "elapsed": 20.180899, "delta": 0.344894}}
{"target": 86.81276843018934, "params": {"x1": 87.80000000000001, "x2": 0.33240000000000014, "x3": -1.4233, "x4": 1.0023000000000002, "x5": -0.035199999999999454}, "datetime": {"datetime": "2020-10-19 22:06:39", "elapsed": 20.430121, "delta": 0.249222}}
{"target": 92.71905355495035, "params": {"x1": 88.60000000000002, "x2": 0.7324, "x3": -1.4233, "x4": 1.0023000000000002, "x5": 0.3648000000000009}, "datetime": {"datetime": "2020-10-19 22:06:41", "elapsed": 21.921998, "delta": 1.491877}}
{"target": 78.18846992928351, "params": {"x1": 90.20000000000005, "x2": -0.0676, "x3": 1.776700000000001, "x4": 2.6023000000000005, "x5": -0.4351999999999996}, "datetime": {"datetime": "2020-10-19 22:06:42", "elapsed": 23.04681, "delta": 1.124812}}
{"target": 86.30446418837548, "params": {"x1": 87.80000000000001, "x2": 1.1324, "x3": -1.4233, "x4": 1.4023, "x5": 0.7648000000000008}, "datetime": {"datetime": "2020-10-19 22:06:42", "elapsed": 23.339363, "delta": 0.292553}}
{"target": 88.09376544047453, "params": {"x1": 88.60000000000002, "x2": 0.7324, "x3": -1.4233, "x4": 0.6023000000000001, "x5": -0.035199999999999454}, "datetime": {"datetime": "2020-10-19 22:06:44", "elapsed": 25.502989, "delta": 2.163626}}
{"target": 87.80489823952969, "params": {"x1": 88.20000000000002, "x2": 0.7324, "x3": -1.4233, "x4": 1.0023000000000002, "x5": 0.7648000000000008}, "datetime": {"datetime": "2020-10-19 22:06:45", "elapsed": 25.837595, "delta": 0.334606}}
{"target": 91.11905355495085, "params": {"x1": 89.00000000000003, "x2": 0.7324, "x3": -1.4233, "x4": 1.0023000000000002, "x5": 0.7648000000000008}, "datetime": {"datetime": "2020-10-19 22:06:45", "elapsed": 26.00699, "delta": 0.169395}}
{"target": 89.40489823952964, "params": {"x1": 88.60000000000002, "x2": 0.33240000000000014, "x3": -1.4233, "x4": 1.0023000000000002, "x5": -0.035199999999999454}, "datetime": {"datetime": "2020-10-19 22:06:45", "elapsed": 26.421126, "delta": 0.414136}}
{"target": 74.98846992928351, "params": {"x1": 90.20000000000005, "x2": -0.0676, "x3": 1.776700000000001, "x4": 2.6023000000000005, "x5": 1.1648000000000007}, "datetime": {"datetime": "2020-10-19 22:06:45", "elapsed": 26.643284, "delta": 0.222158}}
{"target": 87.19488113821572, "params": {"x1": 88.60000000000002, "x2": 1.1324, "x3": -1.4233, "x4": 1.4023, "x5": 0.3648000000000009}, "datetime": {"datetime": "2020-10-19 22:06:46", "elapsed": 26.955872, "delta": 0.312588}}
{"target": 83.2514703092578, "params": {"x1": 89.00000000000003, "x2": 0.33240000000000014, "x3": -1.4233, "x4": 0.20230000000000004, "x5": 0.7648000000000008}, "datetime": {"datetime": "2020-10-19 22:06:46", "elapsed": 27.282123, "delta": 0.326251}}
{"target": 89.90394178492755, "params": {"x1": 89.00000000000003, "x2": 0.33240000000000014, "x3": -1.4233, "x4": 1.4023, "x5": 0.3648000000000009}, "datetime": {"datetime": "2020-10-19 22:06:46", "elapsed": 27.613753, "delta": 0.33163}}
{"target": 43.312058646853075, "params": {"x1": 91.00000000000006, "x2": 3.1324, "x3": -1.4233, "x4": 3.8023, "x5": 2.3648000000000016}, "datetime": {"datetime": "2020-10-19 22:06:47", "elapsed": 28.38973, "delta": 0.775977}}
{"target": 92.74217971837388, "params": {"x1": 88.60000000000002, "x2": 0.33240000000000014, "x3": -1.4233, "x4": 1.4023, "x5": 0.3648000000000009}, "datetime": {"datetime": "2020-10-19 22:06:48", "elapsed": 28.729467, "delta": 0.339737}}
{"target": 89.4048982395297, "params": {"x1": 88.20000000000002, "x2": 0.7324, "x3": -1.4233, "x4": 1.0023000000000002, "x5": -0.035199999999999454}, "datetime": {"datetime": "2020-10-19 22:06:48", "elapsed": 29.067736, "delta": 0.338269}}
{"target": 88.42327221289962, "params": {"x1": 88.60000000000002, "x2": 0.7324, "x3": -1.4233, "x4": 1.4023, "x5": 0.3648000000000009}, "datetime": {"datetime": "2020-10-19 22:06:48", "elapsed": 29.485634, "delta": 0.417898}}
{"target": 89.42323349693385, "params": {"x1": 88.60000000000002, "x2": 0.33240000000000014, "x3": -1.4233, "x4": 1.0023000000000002, "x5": 0.3648000000000009}, "datetime": {"datetime": "2020-10-19 22:06:49", "elapsed": 29.955127, "delta": 0.469493}}
{"target": 71.31245900712977, "params": {"x1": 88.60000000000002, "x2": 0.7324, "x3": 2.5767000000000015, "x4": 3.0023, "x5": 1.1648000000000007}, "datetime": {"datetime": "2020-10-19 22:06:49", "elapsed": 30.066613, "delta": 0.111486}}
{"target": 92.01558235556902, "params": {"x1": 88.60000000000002, "x2": 0.7324, "x3": -1.4233, "x4": 1.0023000000000002, "x5": -0.035199999999999454}, "datetime": {"datetime": "2020-10-19 22:06:50", "elapsed": 31.015866, "delta": 0.949253}}
{"target": 67.91041061758499, "params": {"x1": 88.60000000000002, "x2": 2.7324, "x3": 2.176700000000001, "x4": 0.6023000000000001, "x5": 1.564800000000001}, "datetime": {"datetime": "2020-10-19 22:06:51", "elapsed": 31.939384, "delta": 0.923518}}
{"target": 73.35018843809561, "params": {"x1": 87.0, "x2": -0.0676, "x3": 2.5767000000000015, "x4": 0.6023000000000001, "x5": 0.3648000000000009}, "datetime": {"datetime": "2020-10-19 22:06:51", "elapsed": 32.058217, "delta": 0.118833}}
{"target": 78.71250359373403, "params": {"x1": 88.20000000000002, "x2": 2.3324000000000003, "x3": -1.0232999999999999, "x4": -0.1977, "x5": -0.8351999999999997}, "datetime": {"datetime": "2020-10-19 22:06:51", "elapsed": 32.172876, "delta": 0.114659}}
{"target": 89.41827207962574, "params": {"x1": 88.20000000000002, "x2": 0.33240000000000014, "x3": -1.4233, "x4": 1.4023, "x5": 0.3648000000000009}, "datetime": {"datetime": "2020-10-19 22:06:51", "elapsed": 32.341768, "delta": 0.168892}}
{"target": 63.776156699583204, "params": {"x1": 90.60000000000005, "x2": 1.5324000000000004, "x3": 2.176700000000001, "x4": 1.8023, "x5": 1.9648000000000014}, "datetime": {"datetime": "2020-10-19 22:06:51", "elapsed": 32.461472, "delta": 0.119704}}
{"target": 68.00840652074993, "params": {"x1": 91.00000000000006, "x2": -0.4676, "x3": 0.9767000000000008, "x4": 3.0023, "x5": -1.2351999999999999}, "datetime": {"datetime": "2020-10-19 22:06:51", "elapsed": 32.579309, "delta": 0.117837}}
{"target": 78.84881706280447, "params": {"x1": 89.00000000000003, "x2": 0.7324, "x3": -0.2232999999999996, "x4": 2.2023, "x5": 1.9648000000000014}, "datetime": {"datetime": "2020-10-19 22:06:51", "elapsed": 32.709608, "delta": 0.130299}}
{"target": 68.45702072462419, "params": {"x1": 90.60000000000005, "x2": 0.7324, "x3": 1.3767000000000007, "x4": 2.6023000000000005, "x5": 1.9648000000000014}, "datetime": {"datetime": "2020-10-19 22:06:52", "elapsed": 33.337374, "delta": 0.627766}}
{"target": 92.0038221396887, "params": {"x1": 88.60000000000002, "x2": 0.33240000000000014, "x3": -1.4233, "x4": 1.4023, "x5": -0.035199999999999454}, "datetime": {"datetime": "2020-10-19 22:06:53", "elapsed": 33.87362, "delta": 0.536246}}
{"target": 87.90446418837541, "params": {"x1": 88.60000000000002, "x2": -0.0676, "x3": -1.4233, "x4": 1.4023, "x5": 0.3648000000000009}, "datetime": {"datetime": "2020-10-19 22:06:53", "elapsed": 34.455416, "delta": 0.581796}}
{"target": 60.01135585898767, "params": {"x1": 91.00000000000006, "x2": 2.7324, "x3": 2.176700000000001, "x4": 2.2023, "x5": -0.8351999999999997}, "datetime": {"datetime": "2020-10-19 22:06:55", "elapsed": 36.37487, "delta": 1.919454}}
{"target": 62.72785905782884, "params": {"x1": 90.60000000000005, "x2": 3.1324, "x3": -0.6232999999999997, "x4": 3.0023, "x5": -1.2351999999999999}, "datetime": {"datetime": "2020-10-19 22:06:55", "elapsed": 36.518224, "delta": 0.143354}}
{"target": 85.01380853894972, "params": {"x1": 89.00000000000003, "x2": 1.1324, "x3": -1.0232999999999999, "x4": 1.0023000000000002, "x5": 0.3648000000000009}, "datetime": {"datetime": "2020-10-19 22:06:56", "elapsed": 36.930639, "delta": 0.412415}}
{"target": 89.65673741065164, "params": {"x1": 89.00000000000003, "x2": 0.33240000000000014, "x3": -1.4233, "x4": 1.0023000000000002, "x5": 0.3648000000000009}, "datetime": {"datetime": "2020-10-19 22:06:56", "elapsed": 37.084183, "delta": 0.153544}}
{"target": 71.80342452072007, "params": {"x1": 90.60000000000005, "x2": 2.3324000000000003, "x3": 0.9767000000000008, "x4": 2.6023000000000005, "x5": 1.1648000000000007}, "datetime": {"datetime": "2020-10-19 22:06:56", "elapsed": 37.222668, "delta": 0.138485}}
{"target": 91.14217971837438, "params": {"x1": 89.00000000000003, "x2": 0.33240000000000014, "x3": -1.4233, "x4": 1.4023, "x5": 0.7648000000000008}, "datetime": {"datetime": "2020-10-19 22:06:57", "elapsed": 38.276531, "delta": 1.053863}}
{"target": 88.08409195643374, "params": {"x1": 88.20000000000002, "x2": 0.33240000000000014, "x3": -1.4233, "x4": 1.8023, "x5": -0.4351999999999996}, "datetime": {"datetime": "2020-10-19 22:07:05", "elapsed": 45.875563, "delta": 7.599032}}
{"target": 88.31040585495579, "params": {"x1": 89.00000000000003, "x2": 0.33240000000000014, "x3": -1.4233, "x4": 1.8023, "x5": 0.7648000000000008}, "datetime": {"datetime": "2020-10-19 22:07:08", "elapsed": 49.014121, "delta": 3.138558}}
{"target": 88.81558235556837, "params": {"x1": 89.40000000000003, "x2": 0.7324, "x3": -1.4233, "x4": 1.0023000000000002, "x5": 0.7648000000000008}, "datetime": {"datetime": "2020-10-19 22:07:08", "elapsed": 49.495176, "delta": 0.481055}}
{"target": 86.21827207962555, "params": {"x1": 89.00000000000003, "x2": 0.33240000000000014, "x3": -1.4233, "x4": 1.4023, "x5": 1.1648000000000007}, "datetime": {"datetime": "2020-10-19 22:07:10", "elapsed": 51.227165, "delta": 1.731989}}
{"target": 84.12429876036357, "params": {"x1": 88.60000000000002, "x2": 0.7324, "x3": -0.2232999999999996, "x4": 0.6023000000000001, "x5": 1.1648000000000007}, "datetime": {"datetime": "2020-10-19 22:07:10", "elapsed": 51.393604, "delta": 0.166439}}
{"target": 79.89729861096453, "params": {"x1": 87.0, "x2": 1.5324000000000004, "x3": 1.776700000000001, "x4": 2.2023, "x5": 0.3648000000000009}, "datetime": {"datetime": "2020-10-19 22:07:11", "elapsed": 52.017481, "delta": 0.623877}}
{"target": 87.90446418837547, "params": {"x1": 87.80000000000001, "x2": 0.7324, "x3": -1.4233, "x4": 1.4023, "x5": 0.3648000000000009}, "datetime": {"datetime": "2020-10-19 22:07:11", "elapsed": 52.392462, "delta": 0.374981}}
{"target": 88.08731476724928, "params": {"x1": 87.80000000000001, "x2": 0.7324, "x3": -1.4233, "x4": 1.4023, "x5": -0.035199999999999454}, "datetime": {"datetime": "2020-10-19 22:07:12", "elapsed": 52.890882, "delta": 0.49842}}
{"target": 89.4232334969339, "params": {"x1": 88.20000000000002, "x2": 1.1324, "x3": -1.4233, "x4": 1.0023000000000002, "x5": -0.035199999999999454}, "datetime": {"datetime": "2020-10-19 22:07:12", "elapsed": 53.327258, "delta": 0.436376}}
{"target": 79.18305142595173, "params": {"x1": 89.80000000000004, "x2": 0.7324, "x3": 0.9767000000000008, "x4": 3.0023, "x5": -0.8351999999999997}, "datetime": {"datetime": "2020-10-19 22:07:12", "elapsed": 53.501751, "delta": 0.174493}}
{"target": 75.51040585495626, "params": {"x1": 89.80000000000004, "x2": 2.3324000000000003, "x3": 2.176700000000001, "x4": 1.8023, "x5": 0.7648000000000008}, "datetime": {"datetime": "2020-10-19 22:07:12", "elapsed": 53.674571, "delta": 0.17282}}
{"target": 87.90446418837547, "params": {"x1": 87.80000000000001, "x2": 1.1324, "x3": -1.4233, "x4": 1.4023, "x5": -0.035199999999999454}, "datetime": {"datetime": "2020-10-19 22:07:13", "elapsed": 54.674686, "delta": 1.000115}}
{"target": 87.00804746163185, "params": {"x1": 87.80000000000001, "x2": 1.1324, "x3": -1.4233, "x4": 1.4023, "x5": -0.4351999999999996}, "datetime": {"datetime": "2020-10-19 22:07:14", "elapsed": 54.874008, "delta": 0.199322}}
{"target": 91.2139644901835, "params": {"x1": 87.80000000000001, "x2": -0.4676, "x3": 0.17670000000000052, "x4": 2.6023000000000005, "x5": -0.035199999999999454}, "datetime": {"datetime": "2020-10-19 22:07:14", "elapsed": 55.054723, "delta": 0.180715}}
{"target": 82.98370104947261, "params": {"x1": 87.4, "x2": -0.0676, "x3": -0.2232999999999996, "x4": 0.20230000000000004, "x5": 1.1648000000000007}, "datetime": {"datetime": "2020-10-19 22:07:14", "elapsed": 55.224376, "delta": 0.169653}}
{"target": 77.41080117446086, "params": {"x1": 91.00000000000006, "x2": -0.0676, "x3": 0.5767000000000009, "x4": 1.0023000000000002, "x5": 0.7648000000000008}, "datetime": {"datetime": "2020-10-19 22:07:14", "elapsed": 55.392527, "delta": 0.168151}}
{"target": 79.93935399350596, "params": {"x1": 88.20000000000002, "x2": 0.7324, "x3": 1.776700000000001, "x4": 1.4023, "x5": 0.7648000000000008}, "datetime": {"datetime": "2020-10-19 22:07:14", "elapsed": 55.560331, "delta": 0.167804}}
{"target": 84.11504632716611, "params": {"x1": 87.80000000000001, "x2": -0.8676, "x3": 0.17670000000000052, "x4": 2.6023000000000005, "x5": -0.035199999999999454}, "datetime": {"datetime": "2020-10-19 22:07:15", "elapsed": 56.201276, "delta": 0.640945}}
{"target": 85.58196037488614, "params": {"x1": 87.80000000000001, "x2": -0.0676, "x3": 0.17670000000000052, "x4": 2.6023000000000005, "x5": -0.035199999999999454}, "datetime": {"datetime": "2020-10-19 22:07:15", "elapsed": 56.70012, "delta": 0.498844}}
{"target": 79.80270049346905, "params": {"x1": 88.60000000000002, "x2": 0.7324, "x3": 0.9767000000000008, "x4": 3.4023000000000003, "x5": -0.4351999999999996}, "datetime": {"datetime": "2020-10-19 22:07:16", "elapsed": 57.070938, "delta": 0.370818}}
{"target": 74.00151831309898, "params": {"x1": 88.20000000000002, "x2": 0.33240000000000014, "x3": 0.17670000000000052, "x4": 3.0023, "x5": 2.3648000000000016}, "datetime": {"datetime": "2020-10-19 22:07:17", "elapsed": 58.307644, "delta": 1.236706}}
{"target": 78.46653048197898, "params": {"x1": 88.20000000000002, "x2": 2.7324, "x3": 0.17670000000000052, "x4": 0.20230000000000004, "x5": -1.2351999999999999}, "datetime": {"datetime": "2020-10-19 22:07:17", "elapsed": 58.484537, "delta": 0.176893}}
{"target": 90.40382213968867, "params": {"x1": 88.60000000000002, "x2": 0.33240000000000014, "x3": -1.4233, "x4": 1.4023, "x5": 0.7648000000000008}, "datetime": {"datetime": "2020-10-19 22:07:18", "elapsed": 59.473126, "delta": 0.988589}}
{"target": 90.05709502062105, "params": {"x1": 88.94000000000237, "x2": 0.16840000000000088, "x3": -1.2832999999999999, "x4": 1.1983000000000013, "x5": 0.564800000000002}, "datetime": {"datetime": "2020-10-19 22:07:19", "elapsed": 59.91851, "delta": 0.445384}}
{"target": 89.68869785559018, "params": {"x1": 88.82400000000223, "x2": 0.6924000000000013, "x3": -1.3833, "x4": 1.0743000000000011, "x5": 0.1408000000000016}, "datetime": {"datetime": "2020-10-19 22:07:19", "elapsed": 60.363841, "delta": 0.445331}}
{"target": 69.81769908096211, "params": {"x1": 89.11200000000258, "x2": -0.13159999999999938, "x3": 0.24470000000000147, "x4": 3.322300000000003, "x5": 2.3528000000000038}, "datetime": {"datetime": "2020-10-19 22:07:19", "elapsed": 60.566232, "delta": 0.202391}}
{"target": 87.46724948651378, "params": {"x1": 88.76400000000216, "x2": 0.9284000000000016, "x3": -1.2352999999999998, "x4": 0.858300000000001, "x5": 0.7208000000000021}, "datetime": {"datetime": "2020-10-19 22:07:20", "elapsed": 61.019131, "delta": 0.452899}}
{"target": 78.81946609520858, "params": {"x1": 90.39600000000415, "x2": 0.5484000000000012, "x3": 0.6127000000000018, "x4": 3.4623000000000035, "x5": -0.031199999999998562}, "datetime": {"datetime": "2020-10-19 22:07:20", "elapsed": 61.217874, "delta": 0.198743}}
{"target": 78.26255351964843, "params": {"x1": 87.19200000000023, "x2": -0.3995999999999996, "x3": 1.2727000000000024, "x4": 1.8223000000000018, "x5": 1.4848000000000028}, "datetime": {"datetime": "2020-10-19 22:07:20", "elapsed": 61.421527, "delta": 0.203653}}
{"target": 82.05442033230321, "params": {"x1": 88.59600000000195, "x2": 0.7164000000000014, "x3": -0.6512999999999993, "x4": 2.734300000000003, "x5": 0.44880000000000186}, "datetime": {"datetime": "2020-10-19 22:07:20", "elapsed": 61.621963, "delta": 0.200436}}
{"target": 64.1972187496433, "params": {"x1": 90.63600000000444, "x2": 0.8284000000000015, "x3": 1.5447000000000026, "x4": 3.5983000000000036, "x5": 1.2968000000000026}, "datetime": {"datetime": "2020-10-19 22:07:21", "elapsed": 61.833914, "delta": 0.211951}}
{"target": 94.16152565974909, "params": {"x1": 88.52400000000186, "x2": 0.7884000000000014, "x3": -1.4233, "x4": 0.9943000000000011, "x5": 0.23680000000000168}, "datetime": {"datetime": "2020-10-19 22:07:21", "elapsed": 62.56051, "delta": 0.726596}}
{"target": 83.17250344076355, "params": {"x1": 88.11600000000136, "x2": -0.2835999999999995, "x3": 0.0527000000000013, "x4": -0.15769999999999995, "x5": -1.3871999999999998}, "datetime": {"datetime": "2020-10-19 22:07:22", "elapsed": 62.772036, "delta": 0.211526}}
{"target": 86.98422003639435, "params": {"x1": 88.16000000000142, "x2": -0.4635999999999997, "x3": 0.06070000000000131, "x4": 2.6183000000000023, "x5": -0.09519999999999862}, "datetime": {"datetime": "2020-10-19 22:07:22", "elapsed": 63.15723, "delta": 0.385194}}
{"target": 93.03984248833932, "params": {"x1": 88.36400000000167, "x2": 0.8964000000000015, "x3": -1.4233, "x4": 1.0943000000000012, "x5": 0.2888000000000017}, "datetime": {"datetime": "2020-10-19 22:07:22", "elapsed": 63.718855, "delta": 0.561625}}
{"target": 82.21273527508438, "params": {"x1": 87.22400000000027, "x2": -0.3795999999999996, "x3": -0.279299999999999, "x4": 2.7783000000000024, "x5": -0.47119999999999895}, "datetime": {"datetime": "2020-10-19 22:07:23", "elapsed": 64.264989, "delta": 0.546134}}
