{"target": -55.87594667249027, "params": {"x1": -1.6595599059485195, "x2": 4.4064898688431615}, "datetime": {"datetime": "2020-10-16 16:23:52", "elapsed": 0.0, "delta": 0.0}}
{"target": -90.52471252681143, "params": {"x1": 8.121930187981626, "x2": 1.5582875556267126}, "datetime": {"datetime": "2020-10-16 16:23:52", "elapsed": 0.0193, "delta": 0.0193}}
{"target": -78.98204039097116, "params": {"x1": 6.600038157746344, "x2": 3.202758343175036}, "datetime": {"datetime": "2020-10-16 16:23:52", "elapsed": 0.042648, "delta": 0.023348}}
{"target": -45.13673360226084, "params": {"x1": -1.783615015710617, "x2": 4.337708667755733}, "datetime": {"datetime": "2020-10-16 16:23:53", "elapsed": 0.173857, "delta": 0.131209}}
{"target": -41.9051017712101, "params": {"x1": -1.813908308399526, "x2": 4.313984050557661}, "datetime": {"datetime": "2020-10-16 16:23:53", "elapsed": 0.208819, "delta": 0.034962}}
{"target": -40.93555579896831, "params": {"x1": -1.8171831768837539, "x2": 4.3022019626478745}, "datetime": {"datetime": "2020-10-16 16:23:53", "elapsed": 0.264368, "delta": 0.055549}}
{"target": -42.89130370483791, "params": {"x1": -1.7845727979603883, "x2": 4.304135909350229}, "datetime": {"datetime": "2020-10-16 16:23:53", "elapsed": 0.309505, "delta": 0.045137}}
{"target": -50.33981424066283, "params": {"x1": -1.6992052482439597, "x2": 4.341967140973557}, "datetime": {"datetime": "2020-10-16 16:23:53", "elapsed": 0.355263, "delta": 0.045758}}
{"target": -38.76781609015803, "params": {"x1": -1.8239532889030325, "x2": 4.276165453291092}, "datetime": {"datetime": "2020-10-16 16:23:53", "elapsed": 0.403496, "delta": 0.048233}}
{"target": -36.2853261424764, "params": {"x1": -1.8783925357154665, "x2": 4.27694439422682}, "datetime": {"datetime": "2020-10-16 16:23:53", "elapsed": 0.443447, "delta": 0.039951}}
{"target": -56.434535288013045, "params": {"x1": -7.031103104336793, "x2": -1.866326351115406}, "datetime": {"datetime": "2020-10-16 16:23:53", "elapsed": 0.476678, "delta": 0.033231}}
{"target": -30.286712907527658, "params": {"x1": -1.8769440992736293, "x2": 4.190685886677844}, "datetime": {"datetime": "2020-10-16 16:23:53", "elapsed": 0.528342, "delta": 0.051664}}
{"target": -36.16275197517678, "params": {"x1": -1.7925132065308969, "x2": 4.215062889967049}, "datetime": {"datetime": "2020-10-16 16:23:53", "elapsed": 0.576169, "delta": 0.047827}}
{"target": -33.65305253943636, "params": {"x1": -1.8909771535450126, "x2": 4.246619364709069}, "datetime": {"datetime": "2020-10-16 16:23:53", "elapsed": 0.627318, "delta": 0.051149}}
{"target": -30.477464959645793, "params": {"x1": -1.8653930946201955, "x2": 4.18631019014753}, "datetime": {"datetime": "2020-10-16 16:23:53", "elapsed": 0.700869, "delta": 0.073551}}
{"target": -29.632809982562407, "params": {"x1": -1.8288679890064667, "x2": 4.1448477910533015}, "datetime": {"datetime": "2020-10-16 16:23:53", "elapsed": 0.747259, "delta": 0.04639}}
{"target": -32.72770973399621, "params": {"x1": -1.9273545930364797, "x2": 4.248973321892658}, "datetime": {"datetime": "2020-10-16 16:23:53", "elapsed": 0.805886, "delta": 0.058627}}
{"target": -21.435946110619145, "params": {"x1": -1.9001109144304813, "x2": 3.9814477095583474}, "datetime": {"datetime": "2020-10-16 16:23:53", "elapsed": 0.858063, "delta": 0.052177}}
{"target": -21.334383146304994, "params": {"x1": -1.9540977176920666, "x2": 4.0573014156171165}, "datetime": {"datetime": "2020-10-16 16:23:53", "elapsed": 0.925182, "delta": 0.067119}}
{"target": -21.07682390705992, "params": {"x1": -1.9244794776773304, "x2": 4.021790075830011}, "datetime": {"datetime": "2020-10-16 16:23:53", "elapsed": 0.996772, "delta": 0.07159}}
{"target": -20.111984382350176, "params": {"x1": -2.012944373712882, "x2": 4.003129957229186}, "datetime": {"datetime": "2020-10-16 16:23:53", "elapsed": 1.053437, "delta": 0.056665}}
{"target": -20.8083818461691, "params": {"x1": -1.9836108192154924, "x2": 4.047363252328539}, "datetime": {"datetime": "2020-10-16 16:23:54", "elapsed": 1.114346, "delta": 0.060909}}
{"target": -22.659253218808665, "params": {"x1": -2.080342799848605, "x2": 4.0566790800816435}, "datetime": {"datetime": "2020-10-16 16:23:54", "elapsed": 1.174694, "delta": 0.060348}}
{"target": -24.16041942746226, "params": {"x1": -1.9846644879326973, "x2": 4.129327617730317}, "datetime": {"datetime": "2020-10-16 16:23:54", "elapsed": 1.233104, "delta": 0.05841}}
{"target": -18.724789117923507, "params": {"x1": -0.7711500348586497, "x2": -0.2404020997871612}, "datetime": {"datetime": "2020-10-16 16:23:54", "elapsed": 1.273726, "delta": 0.040622}}
{"target": -19.67808320228062, "params": {"x1": -0.7526803424857365, "x2": -0.23762902003480993}, "datetime": {"datetime": "2020-10-16 16:23:54", "elapsed": 1.347424, "delta": 0.073698}}
{"target": -20.94434710161145, "params": {"x1": -2.0523434757145136, "x2": 3.9419866714497154}, "datetime": {"datetime": "2020-10-16 16:23:54", "elapsed": 1.399509, "delta": 0.052085}}
{"target": -19.92466535452983, "params": {"x1": -1.9951136676482495, "x2": 3.9696295913254183}, "datetime": {"datetime": "2020-10-16 16:23:54", "elapsed": 1.460523, "delta": 0.061014}}
{"target": -21.36014878308649, "params": {"x1": -1.992778999764111, "x2": 3.891506831566689}, "datetime": {"datetime": "2020-10-16 16:23:54", "elapsed": 1.523637, "delta": 0.063114}}
{"target": -13.401687649868737, "params": {"x1": -0.8577650651981354, "x2": -0.23209670120056813}, "datetime": {"datetime": "2020-10-16 16:23:54", "elapsed": 1.57759, "delta": 0.053953}}
{"target": -16.379729378207546, "params": {"x1": -0.9514518293840997, "x2": -0.33155453689187375}, "datetime": {"datetime": "2020-10-16 16:23:54", "elapsed": 1.630268, "delta": 0.052678}}
{"target": -21.053029564992357, "params": {"x1": -0.8072233050567252, "x2": -0.312421773837972}, "datetime": {"datetime": "2020-10-16 16:23:54", "elapsed": 1.683475, "delta": 0.053207}}
{"target": -15.904314751742909, "params": {"x1": -0.7798320898947537, "x2": -0.20347531390228113}, "datetime": {"datetime": "2020-10-16 16:23:54", "elapsed": 1.738178, "delta": 0.054703}}
{"target": -16.356548225590274, "params": {"x1": -0.8442837796545977, "x2": -0.26842731265625375}, "datetime": {"datetime": "2020-10-16 16:23:54", "elapsed": 1.80282, "delta": 0.064642}}
{"target": -82.94512785185351, "params": {"x1": 7.90453982593823, "x2": -0.5922364583579522}, "datetime": {"datetime": "2020-10-16 16:23:54", "elapsed": 1.846714, "delta": 0.043894}}
{"target": -11.543550126812923, "params": {"x1": -0.9456315171117033, "x2": -0.2501421976628766}, "datetime": {"datetime": "2020-10-16 16:23:54", "elapsed": 1.908345, "delta": 0.061631}}
{"target": -169.96633593343097, "params": {"x1": -9.441959389111258, "x2": -7.235898455980263}, "datetime": {"datetime": "2020-10-16 16:23:54", "elapsed": 1.954222, "delta": 0.045877}}
{"target": -18.196806915821547, "params": {"x1": -0.7909951646334719, "x2": -0.250884965969826}, "datetime": {"datetime": "2020-10-16 16:23:54", "elapsed": 2.036978, "delta": 0.082756}}
{"target": -127.42357321834061, "params": {"x1": 7.646556606643898, "x2": 6.805404541317596}, "datetime": {"datetime": "2020-10-16 16:23:54", "elapsed": 2.086038, "delta": 0.04906}}
{"target": -18.201341876068657, "params": {"x1": -0.7048998213412858, "x2": -0.16447924582021223}, "datetime": {"datetime": "2020-10-16 16:23:55", "elapsed": 2.150088, "delta": 0.06405}}
{"target": -106.5295520931387, "params": {"x1": -8.747344936078802, "x2": 0.5481282213957748}, "datetime": {"datetime": "2020-10-16 16:23:55", "elapsed": 2.199109, "delta": 0.049021}}
{"target": -7.8528087467617205, "params": {"x1": -0.9246734049216284, "x2": -0.18215896225262765}, "datetime": {"datetime": "2020-10-16 16:23:55", "elapsed": 2.306342, "delta": 0.107233}}
{"target": -72.21805499099136, "params": {"x1": 4.544351987582187, "x2": -5.170631528267997}, "datetime": {"datetime": "2020-10-16 16:23:55", "elapsed": 2.359132, "delta": 0.05279}}
{"target": -82.43456102631578, "params": {"x1": 5.029763669440877, "x2": 7.175297930729556}, "datetime": {"datetime": "2020-10-16 16:23:55", "elapsed": 2.410529, "delta": 0.051397}}
{"target": -3.9115648542418207, "params": {"x1": -1.0419696064931117, "x2": -0.11423354824609788}, "datetime": {"datetime": "2020-10-16 16:23:55", "elapsed": 2.499821, "delta": 0.089292}}
{"target": -18.08173002731911, "params": {"x1": -0.6352608240564841, "x2": -0.07436269196919021}, "datetime": {"datetime": "2020-10-16 16:23:55", "elapsed": 2.608331, "delta": 0.10851}}
{"target": -6.6368719519342925, "params": {"x1": -0.9310879228127291, "x2": -0.16334633652685682}, "datetime": {"datetime": "2020-10-16 16:23:55", "elapsed": 2.714113, "delta": 0.105782}}
{"target": -4.026976750296473, "params": {"x1": -0.9400782954969671, "x2": -0.11333116205108418}, "datetime": {"datetime": "2020-10-16 16:23:55", "elapsed": 2.80524, "delta": 0.091127}}
{"target": -7.836017388910275, "params": {"x1": -1.1061189386780885, "x2": -0.15628940906966804}, "datetime": {"datetime": "2020-10-16 16:23:55", "elapsed": 2.908932, "delta": 0.103692}}
{"target": -1.8124945446277252, "params": {"x1": -0.9864376182933645, "x2": -0.06405547623916329}, "datetime": {"datetime": "2020-10-16 16:23:55", "elapsed": 3.002672, "delta": 0.09374}}
{"target": -35.03352213990815, "params": {"x1": -1.8859751030464054, "x2": 4.263408077981929}, "datetime": {"datetime": "2020-10-16 16:23:55", "elapsed": 3.055082, "delta": 0.05241}}
{"target": -42.37533779912515, "params": {"x1": 1.244586178447948, "x2": -3.441177149852237}, "datetime": {"datetime": "2020-10-16 16:23:56", "elapsed": 3.111764, "delta": 0.056682}}
{"target": -88.40181415153631, "params": {"x1": 5.5304200925706155, "x2": -6.075069202536342}, "datetime": {"datetime": "2020-10-16 16:23:56", "elapsed": 3.172561, "delta": 0.060797}}
{"target": -2.2816560016943264, "params": {"x1": -1.0004087264426467, "x2": -0.08122290606861249}, "datetime": {"datetime": "2020-10-16 16:23:56", "elapsed": 3.282333, "delta": 0.109772}}
{"target": -1.3790460046335546, "params": {"x1": -1.0388499299738747, "x2": -0.004131358143714792}, "datetime": {"datetime": "2020-10-16 16:23:56", "elapsed": 3.395272, "delta": 0.112939}}
{"target": -1.0142169530199752, "params": {"x1": -1.000453173263457, "x2": -0.008179346525378951}, "datetime": {"datetime": "2020-10-16 16:23:56", "elapsed": 3.528726, "delta": 0.133454}}
{"target": -107.20064267371694, "params": {"x1": -4.2233401448365875, "x2": 9.001707112185496}, "datetime": {"datetime": "2020-10-16 16:23:56", "elapsed": 3.591977, "delta": 0.063251}}
{"target": -4.401647126941931, "params": {"x1": -0.9599536542762692, "x2": -0.12986565475742573}, "datetime": {"datetime": "2020-10-16 16:23:56", "elapsed": 3.725137, "delta": 0.13316}}
{"target": -1.0490363076032523, "params": {"x1": -1.0045918638294187, "x2": -0.01341268141601925}, "datetime": {"datetime": "2020-10-16 16:23:56", "elapsed": 3.849775, "delta": 0.124638}}
{"target": -50.21411838860472, "params": {"x1": -4.856351521321729, "x2": 3.2828413242562338}, "datetime": {"datetime": "2020-10-16 16:23:56", "elapsed": 3.909158, "delta": 0.059383}}
