{"target": -2.415287286176339, "params": {"x1": -12.0, "x2": 0.0, "x3": 0.0, "x4": -60.0, "x5": -12.0}, "datetime": {"datetime": "2020-10-18 19:56:07", "elapsed": 140.729462, "delta": 1.129698}}
{"target": -1.7885898751028737, "params": {"x1": 12.0, "x2": -36.0, "x3": -36.0, "x4": 12.0, "x5": 12.0}, "datetime": {"datetime": "2020-10-18 19:56:08", "elapsed": 141.707893, "delta": 0.978431}}
{"target": -2.90568458306909, "params": {"x1": 72.0, "x2": 36.0, "x3": 0.0, "x4": 36.0, "x5": 36.0}, "datetime": {"datetime": "2020-10-18 19:56:09", "elapsed": 142.811262, "delta": 1.103369}}
{"target": -162.95051933518786, "params": {"x1": 48.0, "x2": 540.0, "x3": 408.0, "x4": 276.0, "x5": -348.0}, "datetime": {"datetime": "2020-10-18 19:56:09", "elapsed": 143.071667, "delta": 0.260405}}
