{"target": -4.734145100021033, "params": {"x1": 21.96000000002357, "x2": -8.8799999999776, "x3": -58.679999999979486, "x4": 4.920000000022924, "x5": -117.1199999999817}, "datetime": {"datetime": "2020-10-18 19:49:09", "elapsed": 80.43448, "delta": 1.812363}}
{"target": -91.06108961741211, "params": {"x1": -248.63999999998668, "x2": -176.99999999998397, "x3": 367.8000000000367, "x4": -354.7199999999907, "x5": -41.39999999997883}, "datetime": {"datetime": "2020-10-18 19:49:09", "elapsed": 80.660343, "delta": 0.225863}}
{"target": -7.176363770138763, "params": {"x1": 65.0400000000252, "x2": 47.400000000024534, "x3": -24.359999999978186, "x4": 107.88000000002683, "x5": 74.64000000002557}, "datetime": {"datetime": "2020-10-18 19:49:09", "elapsed": 81.124294, "delta": 0.463951}}
{"target": -2.2218003434223608, "params": {"x1": -31.31999999997845, "x2": -16.079999999977872, "x3": -47.75999999997907, "x4": -0.3599999999772763, "x5": -48.4799999999791}, "datetime": {"datetime": "2020-10-18 19:49:10", "elapsed": 81.553896, "delta": 0.429602}}
{"target": -163.41912489579565, "params": {"x1": 363.6000000000365, "x2": -428.7599999999935, "x3": -315.1199999999892, "x4": 484.440000000041, "x5": 113.40000000002703}, "datetime": {"datetime": "2020-10-18 19:49:10", "elapsed": 81.76935, "delta": 0.215454}}
{"target": -4.278770537996259, "params": {"x1": -50.87999999997919, "x2": -52.559999999979254, "x3": -51.47999999997921, "x4": 24.12000000002365, "x5": -67.43999999997982}, "datetime": {"datetime": "2020-10-18 19:49:11", "elapsed": 82.462236, "delta": 0.692886}}
{"target": -3.8975644996569994, "params": {"x1": -42.71999999997888, "x2": 87.60000000002606, "x3": -3.119999999977381, "x4": 7.20000000002301, "x5": 9.600000000023101}, "datetime": {"datetime": "2020-10-18 19:49:11", "elapsed": 83.153623, "delta": 0.691387}}
{"target": -4.817264886734598, "params": {"x1": -12.239999999977726, "x2": -47.15999999997905, "x3": -69.95999999997991, "x4": -57.359999999979436, "x5": -72.83999999998002}, "datetime": {"datetime": "2020-10-18 19:49:12", "elapsed": 83.847637, "delta": 0.694014}}
{"target": -3.0973019840732805, "params": {"x1": 44.88000000002444, "x2": -65.51999999997975, "x3": -33.839999999978545, "x4": 8.400000000023056, "x5": -54.23999999997932}, "datetime": {"datetime": "2020-10-18 19:49:13", "elapsed": 84.413775, "delta": 0.566138}}
{"target": -3.1747960061306326, "params": {"x1": -51.95999999997923, "x2": -46.19999999997901, "x3": 26.16000000002373, "x4": -36.83999999997866, "x5": -50.51999999997918}, "datetime": {"datetime": "2020-10-18 19:49:13", "elapsed": 85.003289, "delta": 0.589514}}
{"target": -3.1566531908475866, "params": {"x1": 21.360000000023547, "x2": -69.7199999999799, "x3": 3.9600000000228874, "x4": -17.759999999977936, "x5": 49.44000000002461}, "datetime": {"datetime": "2020-10-18 19:49:14", "elapsed": 85.564724, "delta": 0.561435}}
{"target": -3.2344765368102943, "params": {"x1": -17.279999999977917, "x2": -26.999999999978286, "x3": -65.75999999997975, "x4": -40.439999999978795, "x5": -11.639999999977704}, "datetime": {"datetime": "2020-10-18 19:49:14", "elapsed": 86.08558, "delta": 0.520856}}
{"target": -5.814304070630906, "params": {"x1": -20.27999999997803, "x2": 0.9600000000227737, "x3": -108.95999999998139, "x4": 12.600000000023215, "x5": -96.83999999998093}, "datetime": {"datetime": "2020-10-18 19:49:15", "elapsed": 86.605745, "delta": 0.520165}}
{"target": -6.6689415159048915, "params": {"x1": 57.1200000000249, "x2": 77.28000000002567, "x3": -52.079999999979236, "x4": -49.919999999979154, "x5": -86.87999999998056}, "datetime": {"datetime": "2020-10-18 19:49:15", "elapsed": 87.23966, "delta": 0.633915}}
{"target": -1.2049980561082858, "params": {"x1": 20.40000000002351, "x2": 6.6000000000229875, "x3": -17.999999999977945, "x4": 21.96000000002357, "x5": -47.75999999997907}, "datetime": {"datetime": "2020-10-18 19:49:16", "elapsed": 87.804785, "delta": 0.565125}}
{"target": -4.2038846703063175, "params": {"x1": -11.039999999977681, "x2": -79.07999999998026, "x3": -13.199999999977763, "x4": -0.8399999999772945, "x5": 77.28000000002567}, "datetime": {"datetime": "2020-10-18 19:49:17", "elapsed": 88.408182, "delta": 0.603397}}
{"target": -2.396392731486907, "params": {"x1": -27.239999999978295, "x2": -59.75999999997953, "x3": 16.20000000002335, "x4": 52.92000000002474, "x5": -23.519999999978154}, "datetime": {"datetime": "2020-10-18 19:49:17", "elapsed": 88.995397, "delta": 0.587215}}
{"target": -3.336218162916851, "params": {"x1": -17.03999999997791, "x2": 46.680000000024506, "x3": 64.44000000002518, "x4": 0.7200000000227647, "x5": -56.63999999997941}, "datetime": {"datetime": "2020-10-18 19:49:18", "elapsed": 89.53557, "delta": 0.540173}}
{"target": -117.0683320562274, "params": {"x1": 126.48000000002753, "x2": 35.76000000002409, "x3": -449.5199999999943, "x4": 458.4000000000401, "x5": -213.47999999998535}, "datetime": {"datetime": "2020-10-18 19:49:18", "elapsed": 89.784767, "delta": 0.249197}}
{"target": -71.07310050895191, "params": {"x1": -20.879999999978054, "x2": -332.7599999999899, "x3": 181.80000000002963, "x4": 286.4400000000336, "x5": -270.1199999999875}, "datetime": {"datetime": "2020-10-18 19:49:18", "elapsed": 90.023006, "delta": 0.238239}}
{"target": -1.7571998716895507, "params": {"x1": -12.83999999997775, "x2": -36.11999999997863, "x3": -7.919999999977563, "x4": 38.40000000002419, "x5": 21.120000000023538}, "datetime": {"datetime": "2020-10-18 19:49:19", "elapsed": 90.690854, "delta": 0.667848}}
{"target": -6.584402754164825, "params": {"x1": 17.280000000023392, "x2": -66.23999999997977, "x3": 116.04000000002713, "x4": -64.3199999999797, "x5": -36.479999999978645}, "datetime": {"datetime": "2020-10-18 19:49:20", "elapsed": 91.380886, "delta": 0.690032}}
{"target": -1.3465341426067985, "params": {"x1": -17.03999999997791, "x2": -20.27999999997803, "x3": -14.519999999977813, "x4": -10.439999999977658, "x5": -3.119999999977381}, "datetime": {"datetime": "2020-10-18 19:49:21", "elapsed": 92.360533, "delta": 0.979647}}
{"target": -1.9391774480092647, "params": {"x1": -3.35999999997739, "x2": 30.7200000000239, "x3": 29.040000000023838, "x4": 33.00000000002399, "x5": 21.72000000002356}, "datetime": {"datetime": "2020-10-18 19:49:21", "elapsed": 92.956302, "delta": 0.595769}}
{"target": -3.5401205091741477, "params": {"x1": -44.99999999997897, "x2": 2.2800000000228238, "x3": 69.12000000002536, "x4": 63.000000000025125, "x5": 36.72000000002413}, "datetime": {"datetime": "2020-10-18 19:49:22", "elapsed": 93.453724, "delta": 0.497422}}
{"target": -3.3684501214198788, "params": {"x1": 9.240000000023088, "x2": 16.20000000002335, "x3": 70.56000000002541, "x4": -9.479999999977622, "x5": 48.240000000024565}, "datetime": {"datetime": "2020-10-18 19:49:22", "elapsed": 94.097052, "delta": 0.643328}}
{"target": -7.364660018005308, "params": {"x1": 139.32000000002802, "x2": -13.799999999977786, "x3": 52.56000000002473, "x4": 2.2737367544323206e-11, "x5": -76.91999999998018}, "datetime": {"datetime": "2020-10-18 19:49:23", "elapsed": 94.58838, "delta": 0.491328}}
{"target": -9.832922231946169, "params": {"x1": 123.0000000000274, "x2": -41.999999999978854, "x3": 122.28000000002737, "x4": 56.28000000002487, "x5": 45.00000000002444}, "datetime": {"datetime": "2020-10-18 19:49:23", "elapsed": 95.091179, "delta": 0.502799}}
{"target": -8.616986339856997, "params": {"x1": 46.920000000024515, "x2": 54.840000000024816, "x3": -140.03999999998257, "x4": -46.799999999979036, "x5": -3.599999999977399}, "datetime": {"datetime": "2020-10-18 19:49:24", "elapsed": 95.630053, "delta": 0.538874}}
{"target": -2.0928486005739058, "params": {"x1": -31.31999999997845, "x2": 20.040000000023497, "x3": -15.119999999977836, "x4": 6.480000000022983, "x5": -57.839999999979455}, "datetime": {"datetime": "2020-10-18 19:49:24", "elapsed": 96.2552, "delta": 0.625147}}
{"target": -4.183290628538858, "params": {"x1": 56.28000000002487, "x2": -24.47999999997819, "x3": 91.2000000000262, "x4": 50.52000000002465, "x5": 5.160000000022933}, "datetime": {"datetime": "2020-10-18 19:49:25", "elapsed": 96.855394, "delta": 0.600194}}
{"target": -2.562482567002541, "params": {"x1": 26.040000000023724, "x2": -25.919999999978245, "x3": 0.7200000000227647, "x4": 52.92000000002474, "x5": 47.400000000024534}, "datetime": {"datetime": "2020-10-18 19:49:26", "elapsed": 97.452154, "delta": 0.59676}}
{"target": -3.2323272210120897, "params": {"x1": -65.99999999997976, "x2": -43.079999999978895, "x3": -20.99999999997806, "x4": 46.680000000024506, "x5": -24.839999999978204}, "datetime": {"datetime": "2020-10-18 19:49:26", "elapsed": 97.963097, "delta": 0.510943}}
{"target": -3.77633703735447, "params": {"x1": 43.440000000024384, "x2": 37.440000000024156, "x3": 73.68000000002553, "x4": -16.439999999977886, "x5": 25.68000000002371}, "datetime": {"datetime": "2020-10-18 19:49:27", "elapsed": 98.589127, "delta": 0.62603}}
{"target": -2.108049060362494, "params": {"x1": 30.7200000000239, "x2": 17.640000000023406, "x3": -20.039999999978022, "x4": 2.8800000000228465, "x5": -60.479999999979555}, "datetime": {"datetime": "2020-10-18 19:49:27", "elapsed": 99.164402, "delta": 0.575275}}
{"target": -7.08462185860035, "params": {"x1": -50.03999999997916, "x2": 19.440000000023474, "x3": -116.39999999998167, "x4": -39.83999999997877, "x5": -54.47999999997933}, "datetime": {"datetime": "2020-10-18 19:49:28", "elapsed": 99.794801, "delta": 0.630399}}
{"target": -5.76062710174123, "params": {"x1": 42.60000000002435, "x2": -54.47999999997933, "x3": 68.76000000002534, "x4": 95.52000000002636, "x5": -74.39999999998008}, "datetime": {"datetime": "2020-10-18 19:49:29", "elapsed": 100.463907, "delta": 0.669106}}
{"target": -1.3126676358088107, "params": {"x1": 15.000000000023306, "x2": 18.84000000002345, "x3": 23.28000000002362, "x4": 18.120000000023424, "x5": -15.599999999977854}, "datetime": {"datetime": "2020-10-18 19:49:30", "elapsed": 101.272395, "delta": 0.808488}}
{"target": -109.28122787556009, "params": {"x1": -168.11999999998363, "x2": 396.24000000003775, "x3": -228.35999999998592, "x4": 443.28000000003954, "x5": -30.719999999978427}, "datetime": {"datetime": "2020-10-18 19:49:30", "elapsed": 101.532475, "delta": 0.26008}}
{"target": -2.432996351268816, "params": {"x1": -52.67999999997926, "x2": -10.079999999977645, "x3": -22.679999999978122, "x4": 35.280000000024074, "x5": 22.080000000023574}, "datetime": {"datetime": "2020-10-18 19:49:30", "elapsed": 102.119932, "delta": 0.587457}}
{"target": -7.277675138647953, "params": {"x1": 126.84000000002754, "x2": 31.20000000002392, "x3": 20.64000000002352, "x4": 13.680000000023256, "x5": 76.44000000002563}, "datetime": {"datetime": "2020-10-18 19:49:31", "elapsed": 102.602718, "delta": 0.482786}}
{"target": -240.52612036927977, "params": {"x1": 309.9600000000345, "x2": 200.04000000003032, "x3": 489.1200000000413, "x4": 482.88000000004104, "x5": 589.3200000000452}, "datetime": {"datetime": "2020-10-18 19:49:31", "elapsed": 102.861297, "delta": 0.258579}}
{"target": -2.779099517299927, "params": {"x1": 5.640000000022951, "x2": -26.639999999978272, "x3": 85.44000000002598, "x4": 14.520000000023288, "x5": -15.23999999997784}, "datetime": {"datetime": "2020-10-18 19:49:32", "elapsed": 103.390826, "delta": 0.529529}}
{"target": -2.7831862111205226, "params": {"x1": -29.159999999978368, "x2": 1.5600000000227965, "x3": -19.559999999978004, "x4": 66.00000000002524, "x5": 28.56000000002382}, "datetime": {"datetime": "2020-10-18 19:49:32", "elapsed": 104.100714, "delta": 0.709888}}
{"target": -3.2728520182531238, "params": {"x1": -31.439999999978454, "x2": 30.12000000002388, "x3": -25.199999999978218, "x4": 15.000000000023306, "x5": -87.47999999998058}, "datetime": {"datetime": "2020-10-18 19:49:33", "elapsed": 104.642351, "delta": 0.541637}}
{"target": -3.4031118175664945, "params": {"x1": 66.60000000002526, "x2": -28.43999999997834, "x3": -17.279999999977917, "x4": -52.43999999997925, "x5": 2.2737367544323206e-11}, "datetime": {"datetime": "2020-10-18 19:49:34", "elapsed": 105.401386, "delta": 0.759035}}
{"target": -3.49375090541717, "params": {"x1": 23.640000000023633, "x2": -59.27999999997951, "x3": -9.95999999997764, "x4": -66.8399999999798, "x5": 17.280000000023392}, "datetime": {"datetime": "2020-10-18 19:49:34", "elapsed": 106.011063, "delta": 0.609677}}
{"target": -2.003203954088698, "params": {"x1": -42.95999999997889, "x2": -21.359999999978072, "x3": -3.4799999999773945, "x4": 21.600000000023556, "x5": 27.840000000023792}, "datetime": {"datetime": "2020-10-18 19:49:36", "elapsed": 107.790805, "delta": 1.779742}}
{"target": -2.019227400954371, "params": {"x1": 25.200000000023692, "x2": -59.999999999979536, "x3": -13.91999999997779, "x4": 27.840000000023792, "x5": -22.91999999997813}, "datetime": {"datetime": "2020-10-18 19:49:37", "elapsed": 108.68855, "delta": 0.897745}}
{"target": -242.72466263331157, "params": {"x1": 542.0400000000432, "x2": -305.27999999998883, "x3": -279.23999999998784, "x4": -526.1999999999972, "x5": 455.04000000004}, "datetime": {"datetime": "2020-10-18 19:49:37", "elapsed": 108.950399, "delta": 0.261849}}
{"target": -1.7212939238802611, "params": {"x1": 27.960000000023797, "x2": -23.39999999997815, "x3": 49.68000000002462, "x4": -6.719999999977517, "x5": -5.99999999997749}, "datetime": {"datetime": "2020-10-18 19:49:38", "elapsed": 109.588295, "delta": 0.637896}}
{"target": -5.804500275152564, "params": {"x1": 99.84000000002652, "x2": -20.879999999978054, "x3": 72.00000000002547, "x4": -54.83999999997934, "x5": 10.08000000002312}, "datetime": {"datetime": "2020-10-18 19:49:38", "elapsed": 110.252364, "delta": 0.664069}}
{"target": -5.65067624077952, "params": {"x1": 43.200000000024374, "x2": -17.159999999977913, "x3": -74.63999999998009, "x4": -77.5199999999802, "x5": 43.68000000002439}, "datetime": {"datetime": "2020-10-18 19:49:39", "elapsed": 110.846651, "delta": 0.594287}}
{"target": -4.844416047973386, "params": {"x1": 16.320000000023356, "x2": 14.640000000023292, "x3": -103.43999999998118, "x4": -24.119999999978177, "x5": 29.64000000002386}, "datetime": {"datetime": "2020-10-18 19:49:40", "elapsed": 111.652337, "delta": 0.805686}}
