{"target": -164.71677621693587, "params": {"x1": -432.0, "x2": -396.0, "x3": -96.0, "x4": 0.0, "x5": 540.0}, "datetime": {"datetime": "2020-10-18 19:54:36", "elapsed": 50.214825, "delta": 0.122628}}
{"target": -198.62170488011884, "params": {"x1": 204.0, "x2": 552.0, "x3": -384.0, "x4": 540.0, "x5": -84.0}, "datetime": {"datetime": "2020-10-18 19:54:36", "elapsed": 50.340581, "delta": 0.125756}}
{"target": -1.8935896749891854, "params": {"x1": 24.0, "x2": -36.0, "x3": 12.0, "x4": -36.0, "x5": -12.0}, "datetime": {"datetime": "2020-10-18 19:54:37", "elapsed": 50.835635, "delta": 0.495054}}
{"target": -189.61047221121788, "params": {"x1": 324.0, "x2": 24.0, "x3": 288.0, "x4": 468.0, "x5": 588.0}, "datetime": {"datetime": "2020-10-18 19:54:37", "elapsed": 50.966045, "delta": 0.13041}}
{"target": -1.654576631994154, "params": {"x1": -24.0, "x2": -24.0, "x3": -12.0, "x4": -24.0, "x5": 0.0}, "datetime": {"datetime": "2020-10-18 19:54:38", "elapsed": 51.747074, "delta": 0.781029}}
{"target": -2.3402988214459617, "params": {"x1": 24.0, "x2": -48.0, "x3": 48.0, "x4": 0.0, "x5": -36.0}, "datetime": {"datetime": "2020-10-18 19:54:38", "elapsed": 52.306557, "delta": 0.559483}}
{"target": -54.43331231113629, "params": {"x1": 132.0, "x2": -288.0, "x3": -108.0, "x4": -300.0, "x5": -108.0}, "datetime": {"datetime": "2020-10-18 19:54:39", "elapsed": 52.437238, "delta": 0.130681}}
{"target": -4.459975427751725, "params": {"x1": -24.0, "x2": -48.0, "x3": -84.0, "x4": 0.0, "x5": -72.0}, "datetime": {"datetime": "2020-10-18 19:54:39", "elapsed": 52.935805, "delta": 0.498567}}
{"target": -4.507609178791244, "params": {"x1": 24.0, "x2": 60.0, "x3": -36.0, "x4": 84.0, "x5": 36.0}, "datetime": {"datetime": "2020-10-18 19:54:40", "elapsed": 53.590957, "delta": 0.655152}}
{"target": -3.8277829463803146, "params": {"x1": 36.0, "x2": -12.0, "x3": -84.0, "x4": 12.0, "x5": 24.0}, "datetime": {"datetime": "2020-10-18 19:54:40", "elapsed": 54.24477, "delta": 0.653813}}
{"target": -2.5245723238549616, "params": {"x1": -36.0, "x2": -60.0, "x3": 24.0, "x4": 36.0, "x5": -36.0}, "datetime": {"datetime": "2020-10-18 19:54:41", "elapsed": 54.974677, "delta": 0.729907}}
{"target": -272.82040839270365, "params": {"x1": 228.0, "x2": -564.0, "x3": -216.0, "x4": -540.0, "x5": 600.0}, "datetime": {"datetime": "2020-10-18 19:54:41", "elapsed": 55.109724, "delta": 0.135047}}
{"target": -3.4198200312727653, "params": {"x1": -60.0, "x2": 0.0, "x3": 12.0, "x4": 72.0, "x5": -60.0}, "datetime": {"datetime": "2020-10-18 19:54:42", "elapsed": 55.854489, "delta": 0.744765}}
{"target": -4.86916599362888, "params": {"x1": -60.0, "x2": 72.0, "x3": 0.0, "x4": 84.0, "x5": -48.0}, "datetime": {"datetime": "2020-10-18 19:54:43", "elapsed": 56.44158, "delta": 0.587091}}
{"target": -2.0706256426915717, "params": {"x1": -24.0, "x2": -12.0, "x3": 48.0, "x4": 12.0, "x5": -60.0}, "datetime": {"datetime": "2020-10-18 19:54:43", "elapsed": 57.028396, "delta": 0.586816}}
{"target": -2.8031711079296446, "params": {"x1": -12.0, "x2": 60.0, "x3": 12.0, "x4": 48.0, "x5": 24.0}, "datetime": {"datetime": "2020-10-18 19:54:44", "elapsed": 57.694165, "delta": 0.665769}}
{"target": -1.2358825786019012, "params": {"x1": -24.0, "x2": -12.0, "x3": -12.0, "x4": 0.0, "x5": -24.0}, "datetime": {"datetime": "2020-10-18 19:54:45", "elapsed": 58.733036, "delta": 1.038871}}
{"target": -2.8917126021689175, "params": {"x1": -36.0, "x2": 12.0, "x3": -60.0, "x4": 60.0, "x5": -12.0}, "datetime": {"datetime": "2020-10-18 19:54:46", "elapsed": 59.508292, "delta": 0.775256}}
{"target": -3.281834467573994, "params": {"x1": 36.0, "x2": -24.0, "x3": 24.0, "x4": 12.0, "x5": -96.0}, "datetime": {"datetime": "2020-10-18 19:54:47", "elapsed": 60.582947, "delta": 1.074655}}
{"target": -3.539880920413288, "params": {"x1": 0.0, "x2": -12.0, "x3": -24.0, "x4": 24.0, "x5": -96.0}, "datetime": {"datetime": "2020-10-18 19:54:47", "elapsed": 61.279037, "delta": 0.69609}}
{"target": -2.61523095289982, "params": {"x1": -72.0, "x2": -12.0, "x3": 24.0, "x4": 24.0, "x5": -36.0}, "datetime": {"datetime": "2020-10-18 19:54:48", "elapsed": 61.902691, "delta": 0.623654}}
{"target": -111.00800693063442, "params": {"x1": 432.0, "x2": 408.0, "x3": 228.0, "x4": 36.0, "x5": -192.0}, "datetime": {"datetime": "2020-10-18 19:54:48", "elapsed": 62.057537, "delta": 0.154846}}
{"target": -3.9739545888735774, "params": {"x1": -108.0, "x2": 24.0, "x3": -12.0, "x4": 24.0, "x5": -48.0}, "datetime": {"datetime": "2020-10-18 19:54:49", "elapsed": 62.798123, "delta": 0.740586}}
{"target": -1.5105040774937981, "params": {"x1": 0.0, "x2": 0.0, "x3": 12.0, "x4": 24.0, "x5": 24.0}, "datetime": {"datetime": "2020-10-18 19:54:50", "elapsed": 63.758974, "delta": 0.960851}}
{"target": -1.579122703396399, "params": {"x1": -12.0, "x2": 12.0, "x3": -36.0, "x4": 12.0, "x5": -24.0}, "datetime": {"datetime": "2020-10-18 19:54:51", "elapsed": 64.765568, "delta": 1.006594}}
{"target": -2.5613646090130473, "params": {"x1": 48.0, "x2": 0.0, "x3": -36.0, "x4": -24.0, "x5": -48.0}, "datetime": {"datetime": "2020-10-18 19:54:52", "elapsed": 65.590058, "delta": 0.82449}}
{"target": -5.447444699202161, "params": {"x1": 60.0, "x2": 96.0, "x3": 12.0, "x4": 72.0, "x5": -24.0}, "datetime": {"datetime": "2020-10-18 19:54:52", "elapsed": 66.223607, "delta": 0.633549}}
{"target": -2.243435325803225, "params": {"x1": 24.0, "x2": -24.0, "x3": 60.0, "x4": 12.0, "x5": 0.0}, "datetime": {"datetime": "2020-10-18 19:54:53", "elapsed": 67.098423, "delta": 0.874816}}
{"target": -1.140339804187402, "params": {"x1": 12.0, "x2": 24.0, "x3": 24.0, "x4": 24.0, "x5": -12.0}, "datetime": {"datetime": "2020-10-18 19:54:54", "elapsed": 67.781373, "delta": 0.68295}}
{"target": -3.04300057369036, "params": {"x1": -48.0, "x2": 24.0, "x3": 48.0, "x4": 24.0, "x5": 0.0}, "datetime": {"datetime": "2020-10-18 19:54:54", "elapsed": 68.34861, "delta": 0.567237}}
{"target": -2.1523952725335977, "params": {"x1": -48.0, "x2": 0.0, "x3": -36.0, "x4": 0.0, "x5": -12.0}, "datetime": {"datetime": "2020-10-18 19:54:55", "elapsed": 68.975917, "delta": 0.627307}}
{"target": -2.299252848667798, "params": {"x1": 36.0, "x2": -36.0, "x3": 0.0, "x4": 36.0, "x5": -60.0}, "datetime": {"datetime": "2020-10-18 19:54:56", "elapsed": 69.790422, "delta": 0.814505}}
{"target": -4.126095107354905, "params": {"x1": 60.0, "x2": -60.0, "x3": 24.0, "x4": 84.0, "x5": -36.0}, "datetime": {"datetime": "2020-10-18 19:54:57", "elapsed": 70.670492, "delta": 0.88007}}
{"target": -1.6494277914351827, "params": {"x1": -24.0, "x2": 0.0, "x3": -24.0, "x4": -12.0, "x5": -36.0}, "datetime": {"datetime": "2020-10-18 19:54:58", "elapsed": 71.586778, "delta": 0.916286}}
{"target": -2.5415308751140078, "params": {"x1": -36.0, "x2": 12.0, "x3": -12.0, "x4": 72.0, "x5": -36.0}, "datetime": {"datetime": "2020-10-18 19:54:58", "elapsed": 72.388375, "delta": 0.801597}}
{"target": -2.8350609274550784, "params": {"x1": 12.0, "x2": 48.0, "x3": 60.0, "x4": -12.0, "x5": 12.0}, "datetime": {"datetime": "2020-10-18 19:54:59", "elapsed": 73.236788, "delta": 0.848413}}
{"target": -4.407903188409573, "params": {"x1": 36.0, "x2": -48.0, "x3": 12.0, "x4": 84.0, "x5": 60.0}, "datetime": {"datetime": "2020-10-18 19:55:00", "elapsed": 73.969074, "delta": 0.732286}}
{"target": -2.6651475233841233, "params": {"x1": 24.0, "x2": 48.0, "x3": 48.0, "x4": 24.0, "x5": -48.0}, "datetime": {"datetime": "2020-10-18 19:55:01", "elapsed": 75.148624, "delta": 1.17955}}
{"target": -1.933933104960332, "params": {"x1": 36.0, "x2": 12.0, "x3": -24.0, "x4": 36.0, "x5": -36.0}, "datetime": {"datetime": "2020-10-18 19:55:02", "elapsed": 76.018543, "delta": 0.869919}}
{"target": -2.3707460074431275, "params": {"x1": 48.0, "x2": 12.0, "x3": -36.0, "x4": 48.0, "x5": -12.0}, "datetime": {"datetime": "2020-10-18 19:55:03", "elapsed": 77.172976, "delta": 1.154433}}
{"target": -134.5136406540345, "params": {"x1": -96.0, "x2": 300.0, "x3": 408.0, "x4": 528.0, "x5": -12.0}, "datetime": {"datetime": "2020-10-18 19:55:03", "elapsed": 77.352924, "delta": 0.179948}}
{"target": -4.329102856982159, "params": {"x1": -84.0, "x2": -48.0, "x3": 24.0, "x4": 72.0, "x5": -12.0}, "datetime": {"datetime": "2020-10-18 19:55:04", "elapsed": 78.35255, "delta": 0.999626}}
{"target": -3.383485997317493, "params": {"x1": 12.0, "x2": -12.0, "x3": -36.0, "x4": -60.0, "x5": -60.0}, "datetime": {"datetime": "2020-10-18 19:55:05", "elapsed": 79.023209, "delta": 0.670659}}
{"target": -4.152609674742952, "params": {"x1": -36.0, "x2": 96.0, "x3": 12.0, "x4": 36.0, "x5": 0.0}, "datetime": {"datetime": "2020-10-18 19:55:06", "elapsed": 79.831395, "delta": 0.808186}}
{"target": -156.3429440435991, "params": {"x1": -300.0, "x2": -228.0, "x3": -168.0, "x4": 336.0, "x5": 576.0}, "datetime": {"datetime": "2020-10-18 19:55:06", "elapsed": 80.010884, "delta": 0.179489}}
{"target": -3.3449603858161345, "params": {"x1": -36.0, "x2": -24.0, "x3": 24.0, "x4": -72.0, "x5": -24.0}, "datetime": {"datetime": "2020-10-18 19:55:07", "elapsed": 80.776823, "delta": 0.765939}}
{"target": -1.8534268940436065, "params": {"x1": 36.0, "x2": -36.0, "x3": -24.0, "x4": 12.0, "x5": -36.0}, "datetime": {"datetime": "2020-10-18 19:55:08", "elapsed": 81.616742, "delta": 0.839919}}
{"target": -1.3382243215814944, "params": {"x1": -24.0, "x2": 12.0, "x3": 12.0, "x4": 12.0, "x5": 0.0}, "datetime": {"datetime": "2020-10-18 19:55:09", "elapsed": 82.5186, "delta": 0.901858}}
{"target": -174.72402971602335, "params": {"x1": 276.0, "x2": -276.0, "x3": 432.0, "x4": 228.0, "x5": -576.0}, "datetime": {"datetime": "2020-10-18 19:55:09", "elapsed": 82.694657, "delta": 0.176057}}
{"target": -1.1391437881612476, "params": {"x1": 24.0, "x2": -12.0, "x3": 24.0, "x4": 12.0, "x5": -24.0}, "datetime": {"datetime": "2020-10-18 19:55:10", "elapsed": 84.12387, "delta": 1.429213}}
{"target": -182.49152023045954, "params": {"x1": 36.0, "x2": -384.0, "x3": -96.0, "x4": 456.0, "x5": 600.0}, "datetime": {"datetime": "2020-10-18 19:55:10", "elapsed": 84.308176, "delta": 0.184306}}
{"target": -202.76343658553557, "params": {"x1": -348.0, "x2": 108.0, "x3": 588.0, "x4": -564.0, "x5": -24.0}, "datetime": {"datetime": "2020-10-18 19:55:11", "elapsed": 84.566201, "delta": 0.258025}}
{"target": -3.2279974586358366, "params": {"x1": 48.0, "x2": -36.0, "x3": -12.0, "x4": -36.0, "x5": -72.0}, "datetime": {"datetime": "2020-10-18 19:55:11", "elapsed": 85.330869, "delta": 0.764668}}
{"target": -12.102257722220187, "params": {"x1": 36.0, "x2": 168.0, "x3": -96.0, "x4": 60.0, "x5": -12.0}, "datetime": {"datetime": "2020-10-18 19:55:12", "elapsed": 86.186061, "delta": 0.855192}}
{"target": -2.9264050733005735, "params": {"x1": 84.0, "x2": -12.0, "x3": 0.0, "x4": 12.0, "x5": 12.0}, "datetime": {"datetime": "2020-10-18 19:55:13", "elapsed": 86.810396, "delta": 0.624335}}
{"target": -2.546045828378765, "params": {"x1": -36.0, "x2": -48.0, "x3": 0.0, "x4": 72.0, "x5": -24.0}, "datetime": {"datetime": "2020-10-18 19:55:14", "elapsed": 87.980526, "delta": 1.17013}}
{"target": -2.186037099267817, "params": {"x1": 36.0, "x2": -24.0, "x3": -48.0, "x4": 24.0, "x5": -24.0}, "datetime": {"datetime": "2020-10-18 19:55:15", "elapsed": 89.160234, "delta": 1.179708}}
{"target": -3.5949198083765093, "params": {"x1": 60.0, "x2": 0.0, "x3": -36.0, "x4": 0.0, "x5": -84.0}, "datetime": {"datetime": "2020-10-18 19:55:16", "elapsed": 89.912205, "delta": 0.751971}}
{"target": -2.220979264301307, "params": {"x1": 24.0, "x2": -24.0, "x3": -60.0, "x4": 12.0, "x5": -36.0}, "datetime": {"datetime": "2020-10-18 19:55:17", "elapsed": 90.510603, "delta": 0.598398}}
{"target": -2.9191822419710105, "params": {"x1": -24.0, "x2": 12.0, "x3": 36.0, "x4": -48.0, "x5": -60.0}, "datetime": {"datetime": "2020-10-18 19:55:18", "elapsed": 91.708445, "delta": 1.197842}}
{"target": -2.6868128793025168, "params": {"x1": 24.0, "x2": -36.0, "x3": -36.0, "x4": 72.0, "x5": -24.0}, "datetime": {"datetime": "2020-10-18 19:55:19", "elapsed": 92.665097, "delta": 0.956652}}
{"target": -92.84952766654374, "params": {"x1": -252.0, "x2": -180.0, "x3": 372.0, "x4": -360.0, "x5": -36.0}, "datetime": {"datetime": "2020-10-18 19:55:19", "elapsed": 92.913749, "delta": 0.248652}}
{"target": -3.5861835052021145, "params": {"x1": 24.0, "x2": 60.0, "x3": 48.0, "x4": 12.0, "x5": 24.0}, "datetime": {"datetime": "2020-10-18 19:55:20", "elapsed": 93.917893, "delta": 1.004144}}
{"target": -2.2462059541193984, "params": {"x1": -36.0, "x2": -12.0, "x3": -48.0, "x4": 0.0, "x5": -48.0}, "datetime": {"datetime": "2020-10-18 19:55:21", "elapsed": 94.753905, "delta": 0.836012}}
{"target": -2.7318714705682563, "params": {"x1": -12.0, "x2": 24.0, "x3": -60.0, "x4": 36.0, "x5": -36.0}, "datetime": {"datetime": "2020-10-18 19:55:22", "elapsed": 95.541665, "delta": 0.78776}}
{"target": -2.5626116625111317, "params": {"x1": 0.0, "x2": 48.0, "x3": -12.0, "x4": 48.0, "x5": 24.0}, "datetime": {"datetime": "2020-10-18 19:55:22", "elapsed": 96.387328, "delta": 0.845663}}
{"target": -2.0265557963001553, "params": {"x1": -24.0, "x2": -12.0, "x3": 48.0, "x4": -12.0, "x5": -48.0}, "datetime": {"datetime": "2020-10-18 19:55:23", "elapsed": 97.254664, "delta": 0.867336}}
{"target": -2.5380516636353643, "params": {"x1": 12.0, "x2": -12.0, "x3": -48.0, "x4": 0.0, "x5": 36.0}, "datetime": {"datetime": "2020-10-18 19:55:24", "elapsed": 98.179908, "delta": 0.925244}}
{"target": -3.1880531010827564, "params": {"x1": 48.0, "x2": -60.0, "x3": -36.0, "x4": 12.0, "x5": -60.0}, "datetime": {"datetime": "2020-10-18 19:55:25", "elapsed": 99.040834, "delta": 0.860926}}
{"target": -160.4986826512772, "params": {"x1": 468.0, "x2": -168.0, "x3": 588.0, "x4": 240.0, "x5": 36.0}, "datetime": {"datetime": "2020-10-18 19:55:25", "elapsed": 99.235938, "delta": 0.195104}}
{"target": -120.19632910460953, "params": {"x1": -48.0, "x2": 372.0, "x3": 432.0, "x4": -372.0, "x5": -48.0}, "datetime": {"datetime": "2020-10-18 19:55:26", "elapsed": 99.431346, "delta": 0.195408}}
{"target": -2.661789691592991, "params": {"x1": -12.0, "x2": -24.0, "x3": -60.0, "x4": -36.0, "x5": -12.0}, "datetime": {"datetime": "2020-10-18 19:55:26", "elapsed": 100.254056, "delta": 0.82271}}
{"target": -5.631474418945393, "params": {"x1": 60.0, "x2": -84.0, "x3": -60.0, "x4": 72.0, "x5": -60.0}, "datetime": {"datetime": "2020-10-18 19:55:27", "elapsed": 100.933681, "delta": 0.679625}}
{"target": -4.533723237008969, "params": {"x1": 0.0, "x2": 24.0, "x3": 72.0, "x4": -72.0, "x5": -60.0}, "datetime": {"datetime": "2020-10-18 19:55:28", "elapsed": 102.097968, "delta": 1.164287}}
{"target": -2.0126684329963123, "params": {"x1": 24.0, "x2": 12.0, "x3": -24.0, "x4": 24.0, "x5": -48.0}, "datetime": {"datetime": "2020-10-18 19:55:29", "elapsed": 102.863904, "delta": 0.765936}}
{"target": -5.158390673795065, "params": {"x1": 72.0, "x2": 12.0, "x3": -96.0, "x4": -24.0, "x5": -24.0}, "datetime": {"datetime": "2020-10-18 19:55:30", "elapsed": 103.517028, "delta": 0.653124}}
{"target": -17.073055916006666, "params": {"x1": -204.0, "x2": -72.0, "x3": 132.0, "x4": 36.0, "x5": -36.0}, "datetime": {"datetime": "2020-10-18 19:55:30", "elapsed": 103.777898, "delta": 0.26087}}
{"target": -5.476579115396245, "params": {"x1": -24.0, "x2": 48.0, "x3": -36.0, "x4": 96.0, "x5": 60.0}, "datetime": {"datetime": "2020-10-18 19:55:30", "elapsed": 104.339851, "delta": 0.561953}}
{"target": -116.04737173796474, "params": {"x1": 132.0, "x2": 36.0, "x3": -444.0, "x4": 456.0, "x5": -216.0}, "datetime": {"datetime": "2020-10-18 19:55:31", "elapsed": 104.545139, "delta": 0.205288}}
{"target": -72.47235041313782, "params": {"x1": -24.0, "x2": -336.0, "x3": 180.0, "x4": 288.0, "x5": -276.0}, "datetime": {"datetime": "2020-10-18 19:55:31", "elapsed": 104.772148, "delta": 0.227009}}
{"target": -2.3102395776662323, "params": {"x1": -36.0, "x2": 12.0, "x3": -60.0, "x4": 12.0, "x5": -12.0}, "datetime": {"datetime": "2020-10-18 19:55:32", "elapsed": 105.82515, "delta": 1.053002}}
{"target": -7.207389522777601, "params": {"x1": -12.0, "x2": -48.0, "x3": 60.0, "x4": -108.0, "x5": -84.0}, "datetime": {"datetime": "2020-10-18 19:55:33", "elapsed": 106.975451, "delta": 1.150301}}
{"target": -3.3589250846636243, "params": {"x1": 24.0, "x2": 36.0, "x3": -48.0, "x4": 72.0, "x5": -24.0}, "datetime": {"datetime": "2020-10-18 19:55:34", "elapsed": 108.347359, "delta": 1.371908}}
{"target": -1.9002947189609327, "params": {"x1": 0.0, "x2": 36.0, "x3": 24.0, "x4": 36.0, "x5": 24.0}, "datetime": {"datetime": "2020-10-18 19:55:35", "elapsed": 109.191362, "delta": 0.844003}}
{"target": -4.085245015384688, "params": {"x1": -48.0, "x2": 0.0, "x3": 72.0, "x4": 60.0, "x5": 36.0}, "datetime": {"datetime": "2020-10-18 19:55:36", "elapsed": 110.070785, "delta": 0.879423}}
{"target": -1.396670853111533, "params": {"x1": 0.0, "x2": -24.0, "x3": -24.0, "x4": 48.0, "x5": 0.0}, "datetime": {"datetime": "2020-10-18 19:55:37", "elapsed": 111.248446, "delta": 1.177661}}
{"target": -4.473230350068803, "params": {"x1": 96.0, "x2": -12.0, "x3": 72.0, "x4": 0.0, "x5": -12.0}, "datetime": {"datetime": "2020-10-18 19:55:38", "elapsed": 112.333376, "delta": 1.08493}}
{"target": -4.730373204358157, "params": {"x1": 0.0, "x2": -96.0, "x3": 84.0, "x4": 12.0, "x5": 12.0}, "datetime": {"datetime": "2020-10-18 19:55:39", "elapsed": 113.137676, "delta": 0.8043}}
{"target": -226.08169372434983, "params": {"x1": 468.0, "x2": -132.0, "x3": -72.0, "x4": -552.0, "x5": 576.0}, "datetime": {"datetime": "2020-10-18 19:55:40", "elapsed": 113.5504, "delta": 0.412724}}
{"target": -2.7061720287723823, "params": {"x1": -36.0, "x2": 24.0, "x3": -12.0, "x4": 12.0, "x5": -60.0}, "datetime": {"datetime": "2020-10-18 19:55:41", "elapsed": 115.043291, "delta": 1.492891}}
{"target": -3.9412568189750496, "params": {"x1": -24.0, "x2": 12.0, "x3": -84.0, "x4": -12.0, "x5": -60.0}, "datetime": {"datetime": "2020-10-18 19:55:42", "elapsed": 115.964856, "delta": 0.921565}}
{"target": -1.3753441258434547, "params": {"x1": 12.0, "x2": -36.0, "x3": -12.0, "x4": 36.0, "x5": -24.0}, "datetime": {"datetime": "2020-10-18 19:55:44", "elapsed": 117.446146, "delta": 1.48129}}
{"target": -3.174288370322465, "params": {"x1": -24.0, "x2": 36.0, "x3": -12.0, "x4": -36.0, "x5": 48.0}, "datetime": {"datetime": "2020-10-18 19:55:46", "elapsed": 119.460479, "delta": 2.014333}}
{"target": -3.262210470639744, "params": {"x1": 48.0, "x2": 24.0, "x3": 0.0, "x4": 84.0, "x5": 12.0}, "datetime": {"datetime": "2020-10-18 19:55:47", "elapsed": 120.495343, "delta": 1.034864}}
{"target": -4.262605975739914, "params": {"x1": -96.0, "x2": -12.0, "x3": -24.0, "x4": 48.0, "x5": 0.0}, "datetime": {"datetime": "2020-10-18 19:55:47", "elapsed": 121.402491, "delta": 0.907148}}
{"target": -6.086740949746505, "params": {"x1": -96.0, "x2": 36.0, "x3": 36.0, "x4": -72.0, "x5": -36.0}, "datetime": {"datetime": "2020-10-18 19:55:48", "elapsed": 122.093714, "delta": 0.691223}}
{"target": -6.065231150470836, "params": {"x1": 48.0, "x2": -60.0, "x3": 72.0, "x4": 96.0, "x5": -72.0}, "datetime": {"datetime": "2020-10-18 19:55:49", "elapsed": 123.368189, "delta": 1.274475}}
{"target": -4.228322040549363, "params": {"x1": -36.0, "x2": -36.0, "x3": -84.0, "x4": 24.0, "x5": -60.0}, "datetime": {"datetime": "2020-10-18 19:55:51", "elapsed": 125.272238, "delta": 1.904049}}
{"target": -109.42260046599239, "params": {"x1": -168.0, "x2": 396.0, "x3": -228.0, "x4": 444.0, "x5": -36.0}, "datetime": {"datetime": "2020-10-18 19:55:52", "elapsed": 125.521643, "delta": 0.249405}}
{"target": -3.6087744572527543, "params": {"x1": -12.0, "x2": 60.0, "x3": 12.0, "x4": -60.0, "x5": 12.0}, "datetime": {"datetime": "2020-10-18 19:55:53", "elapsed": 127.184818, "delta": 1.663175}}
{"target": -3.6837340851999834, "params": {"x1": 12.0, "x2": -72.0, "x3": 48.0, "x4": -48.0, "x5": 24.0}, "datetime": {"datetime": "2020-10-18 19:55:54", "elapsed": 128.236696, "delta": 1.051878}}
{"target": -240.69740603986486, "params": {"x1": 312.0, "x2": 204.0, "x3": 492.0, "x4": 480.0, "x5": 588.0}, "datetime": {"datetime": "2020-10-18 19:55:55", "elapsed": 128.478283, "delta": 0.241587}}
{"target": -3.638528582567089, "params": {"x1": 0.0, "x2": -24.0, "x3": 72.0, "x4": 84.0, "x5": 0.0}, "datetime": {"datetime": "2020-10-18 19:55:56", "elapsed": 129.801616, "delta": 1.323333}}
{"target": -1.8589437735330057, "params": {"x1": 36.0, "x2": -48.0, "x3": 0.0, "x4": 36.0, "x5": -36.0}, "datetime": {"datetime": "2020-10-18 19:55:58", "elapsed": 131.812471, "delta": 2.010855}}
{"target": -3.2141615653630495, "params": {"x1": 0.0, "x2": 36.0, "x3": -12.0, "x4": 72.0, "x5": -48.0}, "datetime": {"datetime": "2020-10-18 19:55:59", "elapsed": 132.947242, "delta": 1.134771}}
{"target": -3.2956246547216357, "params": {"x1": 12.0, "x2": 48.0, "x3": 12.0, "x4": 84.0, "x5": -36.0}, "datetime": {"datetime": "2020-10-18 19:56:00", "elapsed": 134.083715, "delta": 1.136473}}
{"target": -2.8873735720332654, "params": {"x1": 72.0, "x2": -24.0, "x3": 0.0, "x4": -24.0, "x5": 24.0}, "datetime": {"datetime": "2020-10-18 19:56:02", "elapsed": 135.623544, "delta": 1.539829}}
{"target": -5.84885867863002, "params": {"x1": -36.0, "x2": -12.0, "x3": 120.0, "x4": 48.0, "x5": 24.0}, "datetime": {"datetime": "2020-10-18 19:56:03", "elapsed": 137.074421, "delta": 1.450877}}
{"target": -3.872659920732874, "params": {"x1": 72.0, "x2": 60.0, "x3": 12.0, "x4": 12.0, "x5": -48.0}, "datetime": {"datetime": "2020-10-18 19:56:04", "elapsed": 138.202554, "delta": 1.128133}}
{"target": -241.61417233646432, "params": {"x1": 540.0, "x2": -300.0, "x3": -276.0, "x4": -528.0, "x5": 456.0}, "datetime": {"datetime": "2020-10-18 19:56:05", "elapsed": 138.46457, "delta": 0.262016}}
{"target": -1.9830339674519968, "params": {"x1": 24.0, "x2": -24.0, "x3": 48.0, "x4": -12.0, "x5": -12.0}, "datetime": {"datetime": "2020-10-18 19:56:06", "elapsed": 139.599764, "delta": 1.135194}}
