{"target": -171.09054843035628, "params": {"x1": -99.5735943569112, "x2": 264.3893921305897, "x3": -599.8627502191862, "x4": -237.20091284179227, "x5": -423.89293101946436}, "datetime": {"datetime": "2020-10-18 19:53:46", "elapsed": 0.0, "delta": 0.0}}
{"target": -214.1196368984251, "params": {"x1": 336.5077303877637, "x2": 538.4241388965111, "x3": -319.1203018802242, "x4": 519.4292397290772, "x5": -293.60276222805834}, "datetime": {"datetime": "2020-10-18 19:53:46", "elapsed": 0.026364, "delta": 0.026364}}
{"target": -38.47355168013104, "params": {"x1": -240.1216405655419, "x2": -49.844736030935564, "x3": 103.36530562359565, "x4": 291.705215282998, "x5": -30.962897596089647}, "datetime": {"datetime": "2020-10-18 19:53:46", "elapsed": 0.058906, "delta": 0.032542}}
{"target": -113.82500626358859, "params": {"x1": 283.4145639328449, "x2": 228.55240379701547, "x3": -484.962658817331, "x4": 209.54962834626247, "x5": 182.2518785687471}, "datetime": {"datetime": "2020-10-18 19:53:46", "elapsed": 0.091316, "delta": 0.03241}}
{"target": -144.30164386955926, "params": {"x1": -133.82695170872006, "x2": 510.9026471718819, "x3": 418.52061624761325, "x4": 103.84073803430954, "x5": -336.7361841569252}, "datetime": {"datetime": "2020-10-18 19:53:46", "elapsed": 0.129794, "delta": 0.038478}}
{"target": -179.42512180457007, "params": {"x1": -502.92057896506765, "x2": 419.9613158749313, "x3": 361.53758969723367, "x4": 225.48448613434698, "x5": 307.2169456443388}, "datetime": {"datetime": "2020-10-18 19:53:46", "elapsed": 0.16859, "delta": 0.038796}}
{"target": -239.86984658799912, "params": {"x1": -319.3857685870025, "x2": -435.14526307189624, "x3": 460.7538153146886, "x4": -592.9393359319838, "x5": 298.68833229887196}, "datetime": {"datetime": "2020-10-18 19:53:46", "elapsed": 0.206986, "delta": 0.038396}}
{"target": -155.51974719881574, "params": {"x1": 60.532749219829725, "x2": -343.138231075944, "x3": 579.2001317037011, "x4": -88.37386822908047, "x5": 390.0586975052063}, "datetime": {"datetime": "2020-10-18 19:53:46", "elapsed": 0.244222, "delta": 0.037236}}
{"target": -38.471788470948105, "params": {"x1": 193.60849497838274, "x2": 5.096861291063533, "x3": -286.71302704272216, "x4": 146.7626535382003, "x5": -111.82791540895647}, "datetime": {"datetime": "2020-10-18 19:53:46", "elapsed": 0.284466, "delta": 0.040244}}
{"target": -128.67764938073276, "params": {"x1": -430.98872869077684, "x2": -279.79322866462263, "x3": 420.78133218093296, "x4": -61.20216275135965, "x5": 252.59217525004988}, "datetime": {"datetime": "2020-10-18 19:53:46", "elapsed": 0.323221, "delta": 0.038755}}
{"target": -35.351602149082666, "params": {"x1": 180.25573760890364, "x2": -0.3368441736325059, "x3": -275.1383280083507, "x4": 150.10110170329543, "x5": -101.99917111284384}, "datetime": {"datetime": "2020-10-18 19:53:47", "elapsed": 0.779664, "delta": 0.456443}}
{"target": -30.35081252122211, "params": {"x1": 156.53565372902113, "x2": -9.56994821692, "x3": -254.01838823511224, "x4": 156.34954559724372, "x5": -87.34089334736285}, "datetime": {"datetime": "2020-10-18 19:53:47", "elapsed": 1.353896, "delta": 0.574232}}
{"target": -23.042952902008828, "params": {"x1": 114.73348558079243, "x2": -25.36361167980834, "x3": -213.52519457355538, "x4": 168.4827889523158, "x5": -77.5768237777028}, "datetime": {"datetime": "2020-10-18 19:53:48", "elapsed": 1.908602, "delta": 0.554706}}
{"target": -19.38038492055504, "params": {"x1": 79.83801468480512, "x2": -39.4480270406915, "x3": -177.5329225454813, "x4": 179.77476332924425, "x5": -83.1174240311749}, "datetime": {"datetime": "2020-10-18 19:53:49", "elapsed": 2.603711, "delta": 0.695109}}
{"target": -24.833528567340498, "params": {"x1": 198.9211523550897, "x2": 30.322076156332628, "x3": -94.39183590531917, "x4": 86.54311506723218, "x5": -211.68217275969937}, "datetime": {"datetime": "2020-10-18 19:53:49", "elapsed": 2.646091, "delta": 0.04238}}
{"target": -16.056904526806143, "params": {"x1": 114.08392414834786, "x2": -28.20313254356017, "x3": -119.43204519213928, "x4": 143.19519593246656, "x5": -132.8670783739675}, "datetime": {"datetime": "2020-10-18 19:53:49", "elapsed": 3.318611, "delta": 0.67252}}
{"target": -16.67201273651682, "params": {"x1": 110.85432932171477, "x2": -38.1366517963405, "x3": -126.54721921344888, "x4": 148.71235924823108, "x5": -129.50243708014202}, "datetime": {"datetime": "2020-10-18 19:53:50", "elapsed": 4.027082, "delta": 0.708471}}
{"target": -13.099812926960665, "params": {"x1": 93.48165397615992, "x2": 0.5821910408136188, "x3": -108.0120477588088, "x4": 142.8626059736918, "x5": -114.99458712382072}, "datetime": {"datetime": "2020-10-18 19:53:51", "elapsed": 4.627717, "delta": 0.600635}}
{"target": -10.329997540193549, "params": {"x1": 68.64787771578155, "x2": 10.442518624700721, "x3": -91.24490968588248, "x4": 140.53912883719707, "x5": -91.4206026822351}, "datetime": {"datetime": "2020-10-18 19:53:51", "elapsed": 5.395863, "delta": 0.768146}}
{"target": -6.819463855351646, "params": {"x1": 48.0, "x2": 0.0, "x3": -60.0, "x4": 132.0, "x5": -60.0}, "datetime": {"datetime": "2020-10-18 19:53:52", "elapsed": 6.160817, "delta": 0.764954}}
{"target": -5.35866189209285, "params": {"x1": 60.0, "x2": -12.0, "x3": -36.0, "x4": 120.0, "x5": -36.0}, "datetime": {"datetime": "2020-10-18 19:53:53", "elapsed": 6.904665, "delta": 0.743848}}
{"target": -5.687978467157436, "params": {"x1": 72.0, "x2": -24.0, "x3": -36.0, "x4": 120.0, "x5": -24.0}, "datetime": {"datetime": "2020-10-18 19:53:54", "elapsed": 7.523078, "delta": 0.618413}}
{"target": -148.54882232195513, "params": {"x1": 264.0, "x2": 204.0, "x3": 96.0, "x4": -564.0, "x5": 360.0}, "datetime": {"datetime": "2020-10-18 19:53:54", "elapsed": 7.566227, "delta": 0.043149}}
{"target": -5.120717878389389, "params": {"x1": 60.0, "x2": -12.0, "x3": -24.0, "x4": 120.0, "x5": -36.0}, "datetime": {"datetime": "2020-10-18 19:53:54", "elapsed": 8.421497, "delta": 0.85527}}
{"target": -5.611688090125545, "params": {"x1": 60.0, "x2": -12.0, "x3": -12.0, "x4": 132.0, "x5": -48.0}, "datetime": {"datetime": "2020-10-18 19:53:55", "elapsed": 9.268115, "delta": 0.846618}}
{"target": -4.164666248211004, "params": {"x1": 48.0, "x2": -24.0, "x3": -12.0, "x4": 108.0, "x5": -36.0}, "datetime": {"datetime": "2020-10-18 19:53:56", "elapsed": 9.834031, "delta": 0.565916}}
{"target": -3.5249799217065725, "params": {"x1": 36.0, "x2": -36.0, "x3": -12.0, "x4": 96.0, "x5": -36.0}, "datetime": {"datetime": "2020-10-18 19:53:56", "elapsed": 10.367417, "delta": 0.533386}}
{"target": -168.5723143639771, "params": {"x1": 60.0, "x2": -492.0, "x3": 228.0, "x4": -420.0, "x5": -456.0}, "datetime": {"datetime": "2020-10-18 19:53:56", "elapsed": 10.414991, "delta": 0.047574}}
{"target": -2.8191788266887903, "params": {"x1": 12.0, "x2": -36.0, "x3": -12.0, "x4": 84.0, "x5": -36.0}, "datetime": {"datetime": "2020-10-18 19:53:57", "elapsed": 11.319649, "delta": 0.904658}}
{"target": -2.789330536889379, "params": {"x1": 0.0, "x2": -36.0, "x3": -12.0, "x4": 84.0, "x5": -36.0}, "datetime": {"datetime": "2020-10-18 19:53:58", "elapsed": 12.182941, "delta": 0.863292}}
{"target": -3.792764507808804, "params": {"x1": 0.0, "x2": -24.0, "x3": 0.0, "x4": 96.0, "x5": -72.0}, "datetime": {"datetime": "2020-10-18 19:54:00", "elapsed": 13.51894, "delta": 1.335999}}
{"target": -2.284350671045577, "params": {"x1": 24.0, "x2": -36.0, "x3": 12.0, "x4": 72.0, "x5": -24.0}, "datetime": {"datetime": "2020-10-18 19:54:01", "elapsed": 14.452963, "delta": 0.934023}}
{"target": -2.2695023190798613, "params": {"x1": 12.0, "x2": -48.0, "x3": 24.0, "x4": 72.0, "x5": -12.0}, "datetime": {"datetime": "2020-10-18 19:54:02", "elapsed": 15.476421, "delta": 1.023458}}
{"target": -2.102717684912013, "params": {"x1": 0.0, "x2": -12.0, "x3": 12.0, "x4": 72.0, "x5": -48.0}, "datetime": {"datetime": "2020-10-18 19:54:02", "elapsed": 16.399956, "delta": 0.923535}}
{"target": -268.157511516509, "params": {"x1": -552.0, "x2": 528.0, "x3": 288.0, "x4": -408.0, "x5": -480.0}, "datetime": {"datetime": "2020-10-18 19:54:03", "elapsed": 16.455699, "delta": 0.055743}}
{"target": -3.1525815880784487, "params": {"x1": 36.0, "x2": 0.0, "x3": 12.0, "x4": 96.0, "x5": -24.0}, "datetime": {"datetime": "2020-10-18 19:54:03", "elapsed": 17.353452, "delta": 0.897753}}
{"target": -3.726818597302159, "params": {"x1": -12.0, "x2": -24.0, "x3": 36.0, "x4": 96.0, "x5": -60.0}, "datetime": {"datetime": "2020-10-18 19:54:04", "elapsed": 18.400528, "delta": 1.047076}}
{"target": -2.187842080927324, "params": {"x1": 12.0, "x2": 0.0, "x3": 24.0, "x4": 72.0, "x5": 0.0}, "datetime": {"datetime": "2020-10-18 19:54:05", "elapsed": 19.213391, "delta": 0.812863}}
{"target": -2.4655939332851906, "params": {"x1": -24.0, "x2": -36.0, "x3": 0.0, "x4": 72.0, "x5": 12.0}, "datetime": {"datetime": "2020-10-18 19:54:06", "elapsed": 20.006984, "delta": 0.793593}}
{"target": -2.4632143173329553, "params": {"x1": -36.0, "x2": -60.0, "x3": 36.0, "x4": 60.0, "x5": -12.0}, "datetime": {"datetime": "2020-10-18 19:54:07", "elapsed": 20.644374, "delta": 0.63739}}
{"target": -2.6918871568644382, "params": {"x1": -48.0, "x2": -36.0, "x3": 48.0, "x4": 36.0, "x5": -36.0}, "datetime": {"datetime": "2020-10-18 19:54:07", "elapsed": 21.403109, "delta": 0.758735}}
{"target": -3.115536577889634, "params": {"x1": 0.0, "x2": -12.0, "x3": 24.0, "x4": 84.0, "x5": -60.0}, "datetime": {"datetime": "2020-10-18 19:54:08", "elapsed": 22.198123, "delta": 0.795014}}
{"target": -1.3309856639422075, "params": {"x1": 12.0, "x2": -12.0, "x3": 12.0, "x4": 24.0, "x5": 0.0}, "datetime": {"datetime": "2020-10-18 19:54:09", "elapsed": 23.046726, "delta": 0.848603}}
{"target": -1.417805670429023, "params": {"x1": -12.0, "x2": -36.0, "x3": -24.0, "x4": 12.0, "x5": -12.0}, "datetime": {"datetime": "2020-10-18 19:54:10", "elapsed": 23.772158, "delta": 0.725432}}
{"target": -2.422507907028046, "params": {"x1": 36.0, "x2": 36.0, "x3": 36.0, "x4": 36.0, "x5": 0.0}, "datetime": {"datetime": "2020-10-18 19:54:10", "elapsed": 24.253103, "delta": 0.480945}}
{"target": -2.299861237209612, "params": {"x1": -24.0, "x2": -60.0, "x3": 12.0, "x4": 48.0, "x5": -24.0}, "datetime": {"datetime": "2020-10-18 19:54:11", "elapsed": 24.822801, "delta": 0.569698}}
{"target": -2.5489232795831374, "params": {"x1": 36.0, "x2": 60.0, "x3": 12.0, "x4": 12.0, "x5": -12.0}, "datetime": {"datetime": "2020-10-18 19:54:12", "elapsed": 25.440393, "delta": 0.617592}}
{"target": -173.2479540514886, "params": {"x1": 552.0, "x2": 300.0, "x3": -108.0, "x4": -312.0, "x5": -432.0}, "datetime": {"datetime": "2020-10-18 19:54:12", "elapsed": 25.503345, "delta": 0.062952}}
{"target": -2.4072245159760746, "params": {"x1": 60.0, "x2": 12.0, "x3": -12.0, "x4": 48.0, "x5": -36.0}, "datetime": {"datetime": "2020-10-18 19:54:12", "elapsed": 26.257804, "delta": 0.754459}}
{"target": -117.76584854418523, "params": {"x1": 516.0, "x2": -360.0, "x3": -48.0, "x4": 24.0, "x5": -288.0}, "datetime": {"datetime": "2020-10-18 19:54:12", "elapsed": 26.325355, "delta": 0.067551}}
{"target": -2.5753286211450717, "params": {"x1": -72.0, "x2": -24.0, "x3": 12.0, "x4": 12.0, "x5": 0.0}, "datetime": {"datetime": "2020-10-18 19:54:13", "elapsed": 26.989209, "delta": 0.663854}}
{"target": -2.589072467807206, "params": {"x1": -48.0, "x2": 0.0, "x3": -36.0, "x4": 24.0, "x5": -60.0}, "datetime": {"datetime": "2020-10-18 19:54:14", "elapsed": 27.59232, "delta": 0.603111}}
{"target": -124.94987286239791, "params": {"x1": 384.0, "x2": -348.0, "x3": 372.0, "x4": 228.0, "x5": -240.0}, "datetime": {"datetime": "2020-10-18 19:54:14", "elapsed": 27.656416, "delta": 0.064096}}
{"target": -1.2905292948869773, "params": {"x1": 24.0, "x2": -24.0, "x3": 12.0, "x4": 36.0, "x5": -24.0}, "datetime": {"datetime": "2020-10-18 19:54:14", "elapsed": 28.365706, "delta": 0.70929}}
{"target": -1.4282018670692194, "params": {"x1": 36.0, "x2": 12.0, "x3": -12.0, "x4": 0.0, "x5": 0.0}, "datetime": {"datetime": "2020-10-18 19:54:15", "elapsed": 29.03413, "delta": 0.668424}}
{"target": -2.613954112480674, "params": {"x1": 36.0, "x2": 24.0, "x3": -24.0, "x4": 12.0, "x5": -72.0}, "datetime": {"datetime": "2020-10-18 19:54:16", "elapsed": 29.485608, "delta": 0.451478}}
{"target": -2.6248806835918863, "params": {"x1": -24.0, "x2": -60.0, "x3": 12.0, "x4": 60.0, "x5": 12.0}, "datetime": {"datetime": "2020-10-18 19:54:16", "elapsed": 29.927146, "delta": 0.441538}}
{"target": -2.8376353294853183, "params": {"x1": 24.0, "x2": -72.0, "x3": 24.0, "x4": 60.0, "x5": -12.0}, "datetime": {"datetime": "2020-10-18 19:54:17", "elapsed": 30.471683, "delta": 0.544537}}
{"target": -1.3709797164106394, "params": {"x1": -12.0, "x2": 0.0, "x3": 24.0, "x4": 36.0, "x5": -12.0}, "datetime": {"datetime": "2020-10-18 19:54:17", "elapsed": 31.068044, "delta": 0.596361}}
{"target": -142.47520415419018, "params": {"x1": 72.0, "x2": -432.0, "x3": -504.0, "x4": 276.0, "x5": -240.0}, "datetime": {"datetime": "2020-10-18 19:54:17", "elapsed": 31.136294, "delta": 0.06825}}
{"target": -1.857323501367755, "params": {"x1": 12.0, "x2": 48.0, "x3": -12.0, "x4": 12.0, "x5": 0.0}, "datetime": {"datetime": "2020-10-18 19:54:18", "elapsed": 31.616369, "delta": 0.480075}}
{"target": -5.129772922110722, "params": {"x1": 72.0, "x2": 12.0, "x3": 60.0, "x4": 84.0, "x5": 36.0}, "datetime": {"datetime": "2020-10-18 19:54:18", "elapsed": 31.925804, "delta": 0.309435}}
{"target": -3.9961551843496355, "params": {"x1": -12.0, "x2": 36.0, "x3": 24.0, "x4": 96.0, "x5": -60.0}, "datetime": {"datetime": "2020-10-18 19:54:18", "elapsed": 32.348638, "delta": 0.422834}}
{"target": -3.536840458282718, "params": {"x1": -60.0, "x2": 36.0, "x3": 36.0, "x4": 60.0, "x5": 12.0}, "datetime": {"datetime": "2020-10-18 19:54:19", "elapsed": 32.865307, "delta": 0.516669}}
{"target": -135.0624791972619, "params": {"x1": 420.0, "x2": -420.0, "x3": 324.0, "x4": 228.0, "x5": 192.0}, "datetime": {"datetime": "2020-10-18 19:54:19", "elapsed": 32.932905, "delta": 0.067598}}
{"target": -3.7002704510528157, "params": {"x1": -36.0, "x2": 0.0, "x3": 12.0, "x4": 72.0, "x5": 60.0}, "datetime": {"datetime": "2020-10-18 19:54:19", "elapsed": 33.405425, "delta": 0.47252}}
{"target": -1.760303838743744, "params": {"x1": -36.0, "x2": 12.0, "x3": -12.0, "x4": -12.0, "x5": 0.0}, "datetime": {"datetime": "2020-10-18 19:54:20", "elapsed": 33.99018, "delta": 0.584755}}
{"target": -1.1353553794259013, "params": {"x1": -24.0, "x2": -12.0, "x3": -12.0, "x4": 0.0, "x5": -12.0}, "datetime": {"datetime": "2020-10-18 19:54:21", "elapsed": 34.750903, "delta": 0.760723}}
{"target": -101.75913295563043, "params": {"x1": 240.0, "x2": 468.0, "x3": -240.0, "x4": 252.0, "x5": -60.0}, "datetime": {"datetime": "2020-10-18 19:54:21", "elapsed": 34.825661, "delta": 0.074758}}
{"target": -1.5673455670369658, "params": {"x1": 24.0, "x2": 12.0, "x3": 36.0, "x4": 12.0, "x5": -48.0}, "datetime": {"datetime": "2020-10-18 19:54:22", "elapsed": 35.575626, "delta": 0.749965}}
{"target": -2.0464966374509634, "params": {"x1": 24.0, "x2": 12.0, "x3": -48.0, "x4": 24.0, "x5": -24.0}, "datetime": {"datetime": "2020-10-18 19:54:22", "elapsed": 36.105317, "delta": 0.529691}}
{"target": -2.04133515273648, "params": {"x1": 24.0, "x2": 12.0, "x3": -12.0, "x4": 0.0, "x5": -60.0}, "datetime": {"datetime": "2020-10-18 19:54:23", "elapsed": 36.708491, "delta": 0.603174}}
{"target": -2.4722723970496583, "params": {"x1": 72.0, "x2": 12.0, "x3": -12.0, "x4": 12.0, "x5": 12.0}, "datetime": {"datetime": "2020-10-18 19:54:23", "elapsed": 37.183464, "delta": 0.474973}}
{"target": -2.1947685026401214, "params": {"x1": -24.0, "x2": 12.0, "x3": 0.0, "x4": 0.0, "x5": -72.0}, "datetime": {"datetime": "2020-10-18 19:54:24", "elapsed": 37.529737, "delta": 0.346273}}
{"target": -132.89155887709742, "params": {"x1": -108.0, "x2": -96.0, "x3": 540.0, "x4": 372.0, "x5": 288.0}, "datetime": {"datetime": "2020-10-18 19:54:24", "elapsed": 37.607898, "delta": 0.078161}}
{"target": -278.7958185130306, "params": {"x1": 372.0, "x2": -396.0, "x3": 528.0, "x4": 492.0, "x5": -576.0}, "datetime": {"datetime": "2020-10-18 19:54:24", "elapsed": 37.696957, "delta": 0.089059}}
{"target": -148.98634430661508, "params": {"x1": 360.0, "x2": 312.0, "x3": 120.0, "x4": 600.0, "x5": 0.0}, "datetime": {"datetime": "2020-10-18 19:54:24", "elapsed": 37.784536, "delta": 0.087579}}
{"target": -1.5600449442310693, "params": {"x1": -24.0, "x2": -24.0, "x3": -24.0, "x4": 0.0, "x5": 0.0}, "datetime": {"datetime": "2020-10-18 19:54:24", "elapsed": 38.249326, "delta": 0.46479}}
{"target": -2.987065792431747, "params": {"x1": 60.0, "x2": 12.0, "x3": 36.0, "x4": 72.0, "x5": -12.0}, "datetime": {"datetime": "2020-10-18 19:54:25", "elapsed": 38.718876, "delta": 0.46955}}
{"target": -3.187152419627057, "params": {"x1": 0.0, "x2": 48.0, "x3": 0.0, "x4": 36.0, "x5": -84.0}, "datetime": {"datetime": "2020-10-18 19:54:25", "elapsed": 39.091227, "delta": 0.372351}}
{"target": -2.85577930756324, "params": {"x1": 36.0, "x2": 0.0, "x3": 72.0, "x4": 48.0, "x5": -24.0}, "datetime": {"datetime": "2020-10-18 19:54:26", "elapsed": 39.550358, "delta": 0.459131}}
{"target": -198.7282331553317, "params": {"x1": -540.0, "x2": -324.0, "x3": 552.0, "x4": -300.0, "x5": -24.0}, "datetime": {"datetime": "2020-10-18 19:54:26", "elapsed": 39.630552, "delta": 0.080194}}
{"target": -227.52475818460567, "params": {"x1": -240.0, "x2": 348.0, "x3": -504.0, "x4": -600.0, "x5": -312.0}, "datetime": {"datetime": "2020-10-18 19:54:26", "elapsed": 39.723693, "delta": 0.093141}}
{"target": -5.285804771595065, "params": {"x1": 24.0, "x2": -72.0, "x3": 24.0, "x4": 120.0, "x5": 0.0}, "datetime": {"datetime": "2020-10-18 19:54:26", "elapsed": 40.288852, "delta": 0.565159}}
{"target": -5.52157982647943, "params": {"x1": -96.0, "x2": 60.0, "x3": -60.0, "x4": 0.0, "x5": 0.0}, "datetime": {"datetime": "2020-10-18 19:54:27", "elapsed": 40.697631, "delta": 0.408779}}
{"target": -2.2179922904788643, "params": {"x1": 24.0, "x2": -60.0, "x3": 48.0, "x4": 48.0, "x5": -48.0}, "datetime": {"datetime": "2020-10-18 19:54:27", "elapsed": 40.994882, "delta": 0.297251}}
{"target": -2.3559171424116307, "params": {"x1": 60.0, "x2": -24.0, "x3": 12.0, "x4": 48.0, "x5": -24.0}, "datetime": {"datetime": "2020-10-18 19:54:28", "elapsed": 41.787158, "delta": 0.792276}}
{"target": -3.800964324197147, "params": {"x1": -96.0, "x2": -12.0, "x3": 36.0, "x4": 48.0, "x5": 0.0}, "datetime": {"datetime": "2020-10-18 19:54:28", "elapsed": 42.270924, "delta": 0.483766}}
{"target": -135.2823562907583, "params": {"x1": 432.0, "x2": -96.0, "x3": 264.0, "x4": 276.0, "x5": 444.0}, "datetime": {"datetime": "2020-10-18 19:54:28", "elapsed": 42.381534, "delta": 0.11061}}
{"target": -1.3719378455634441, "params": {"x1": -24.0, "x2": 0.0, "x3": -12.0, "x4": 0.0, "x5": 0.0}, "datetime": {"datetime": "2020-10-18 19:54:29", "elapsed": 43.052795, "delta": 0.671261}}
{"target": -317.21002038103916, "params": {"x1": 288.0, "x2": -576.0, "x3": 564.0, "x4": -492.0, "x5": -552.0}, "datetime": {"datetime": "2020-10-18 19:54:29", "elapsed": 43.163348, "delta": 0.110553}}
{"target": -1.3153435744257078, "params": {"x1": -24.0, "x2": -24.0, "x3": 12.0, "x4": 12.0, "x5": -24.0}, "datetime": {"datetime": "2020-10-18 19:54:30", "elapsed": 43.848482, "delta": 0.685134}}
{"target": -2.9362825551984857, "params": {"x1": 48.0, "x2": 60.0, "x3": 24.0, "x4": 24.0, "x5": -36.0}, "datetime": {"datetime": "2020-10-18 19:54:31", "elapsed": 44.494124, "delta": 0.645642}}
{"target": -99.88110361965104, "params": {"x1": 468.0, "x2": -384.0, "x3": -108.0, "x4": 72.0, "x5": -156.0}, "datetime": {"datetime": "2020-10-18 19:54:31", "elapsed": 44.609061, "delta": 0.114937}}
{"target": -2.001740055725301, "params": {"x1": 36.0, "x2": 24.0, "x3": -12.0, "x4": 24.0, "x5": 0.0}, "datetime": {"datetime": "2020-10-18 19:54:31", "elapsed": 45.401027, "delta": 0.791966}}
{"target": -3.6958854622711406, "params": {"x1": -48.0, "x2": -48.0, "x3": -60.0, "x4": 36.0, "x5": -24.0}, "datetime": {"datetime": "2020-10-18 19:54:32", "elapsed": 46.205244, "delta": 0.804217}}
{"target": -2.9218619026400834, "params": {"x1": 36.0, "x2": -24.0, "x3": -12.0, "x4": 72.0, "x5": -48.0}, "datetime": {"datetime": "2020-10-18 19:54:33", "elapsed": 46.741296, "delta": 0.536052}}
{"target": -207.979369059313, "params": {"x1": 552.0, "x2": 444.0, "x3": 468.0, "x4": 144.0, "x5": -312.0}, "datetime": {"datetime": "2020-10-18 19:54:33", "elapsed": 46.854517, "delta": 0.113221}}
{"target": -3.500180803461731, "params": {"x1": 12.0, "x2": -36.0, "x3": -60.0, "x4": 48.0, "x5": -72.0}, "datetime": {"datetime": "2020-10-18 19:54:33", "elapsed": 47.420012, "delta": 0.565495}}
{"target": -1.8898724626817838, "params": {"x1": 12.0, "x2": 24.0, "x3": -12.0, "x4": 24.0, "x5": -24.0}, "datetime": {"datetime": "2020-10-18 19:54:34", "elapsed": 47.766243, "delta": 0.346231}}
{"target": -1.7826695482645243, "params": {"x1": 24.0, "x2": 24.0, "x3": -12.0, "x4": 48.0, "x5": 12.0}, "datetime": {"datetime": "2020-10-18 19:54:34", "elapsed": 48.243372, "delta": 0.477129}}
{"target": -3.228805676402337, "params": {"x1": 72.0, "x2": 24.0, "x3": 12.0, "x4": 12.0, "x5": -60.0}, "datetime": {"datetime": "2020-10-18 19:54:35", "elapsed": 48.712556, "delta": 0.469184}}
{"target": -2.412965292231335, "params": {"x1": -48.0, "x2": -24.0, "x3": -12.0, "x4": 24.0, "x5": -12.0}, "datetime": {"datetime": "2020-10-18 19:54:35", "elapsed": 49.209847, "delta": 0.497291}}
{"target": -203.98940418158674, "params": {"x1": 180.0, "x2": -468.0, "x3": 564.0, "x4": -180.0, "x5": -480.0}, "datetime": {"datetime": "2020-10-18 19:54:35", "elapsed": 49.342858, "delta": 0.133011}}
{"target": -2.3849883119866693, "params": {"x1": 0.0, "x2": -48.0, "x3": -48.0, "x4": -24.0, "x5": -12.0}, "datetime": {"datetime": "2020-10-18 19:54:36", "elapsed": 50.092197, "delta": 0.749339}}
