{"target": -2.9147285644323264, "params": {"x1": -50.999999999979195, "x2": -7.079999999977531, "x3": 16.44000000002336, "x4": -48.359999999979095, "x5": -31.799999999978468}, "datetime": {"datetime": "2020-10-18 19:48:28", "elapsed": 39.316182, "delta": 0.360654}}
{"target": -9.714872276294615, "params": {"x1": -37.31999999997868, "x2": -34.43999999997857, "x3": -67.79999999997983, "x4": 128.1600000000276, "x5": -126.95999999998207}, "datetime": {"datetime": "2020-10-18 19:48:28", "elapsed": 39.716317, "delta": 0.400135}}
{"target": -2.6075280033458705, "params": {"x1": -43.79999999997892, "x2": -12.239999999977726, "x3": -13.799999999977786, "x4": -18.95999999997798, "x5": -60.83999999997957}, "datetime": {"datetime": "2020-10-18 19:48:28", "elapsed": 40.103373, "delta": 0.387056}}
{"target": -2.8752322023107766, "params": {"x1": 21.360000000023547, "x2": -65.63999999997975, "x3": 49.0800000000246, "x4": 45.72000000002447, "x5": -47.75999999997907}, "datetime": {"datetime": "2020-10-18 19:48:29", "elapsed": 40.429172, "delta": 0.325799}}
{"target": -2.106009602314961, "params": {"x1": -58.079999999979464, "x2": -8.399999999977581, "x3": 6.000000000022965, "x4": -3.839999999977408, "x5": -28.91999999997836}, "datetime": {"datetime": "2020-10-18 19:48:29", "elapsed": 40.850042, "delta": 0.42087}}
{"target": -2.0781758918355244, "params": {"x1": 33.720000000024015, "x2": -5.399999999977467, "x3": 0.8400000000227692, "x4": -15.47999999997785, "x5": -64.1999999999797}, "datetime": {"datetime": "2020-10-18 19:48:30", "elapsed": 41.358602, "delta": 0.50856}}
{"target": -2.307241411238942, "params": {"x1": 7.320000000023015, "x2": -18.35999999997796, "x3": 34.08000000002403, "x4": 57.0000000000249, "x5": -57.599999999979445}, "datetime": {"datetime": "2020-10-18 19:48:30", "elapsed": 41.805109, "delta": 0.446507}}
{"target": -1.2169799233045564, "params": {"x1": -8.999999999977604, "x2": -1.9199999999773354, "x3": -1.0799999999773036, "x4": 3.7200000000228783, "x5": -36.83999999997866}, "datetime": {"datetime": "2020-10-18 19:48:31", "elapsed": 42.409332, "delta": 0.604223}}
{"target": -2.8739265403152148, "params": {"x1": -3.9599999999774127, "x2": -32.519999999978495, "x3": -6.599999999977513, "x4": 11.040000000023156, "x5": 68.28000000002532}, "datetime": {"datetime": "2020-10-18 19:48:31", "elapsed": 42.768454, "delta": 0.359122}}
{"target": -4.4601494154207995, "params": {"x1": 25.200000000023692, "x2": -8.63999999997759, "x3": 93.8400000000263, "x4": 40.92000000002429, "x5": -76.19999999998015}, "datetime": {"datetime": "2020-10-18 19:48:31", "elapsed": 43.146521, "delta": 0.378067}}
{"target": -9.738144957225613, "params": {"x1": -45.59999999997899, "x2": -52.319999999979245, "x3": 21.96000000002357, "x4": -18.11999999997795, "x5": -183.47999999998422}, "datetime": {"datetime": "2020-10-18 19:48:32", "elapsed": 43.517907, "delta": 0.371386}}
{"target": -6.363406581804777, "params": {"x1": -28.799999999978354, "x2": 13.200000000023238, "x3": -18.839999999977977, "x4": -39.359999999978754, "x5": 117.24000000002718}, "datetime": {"datetime": "2020-10-18 19:48:32", "elapsed": 43.888974, "delta": 0.371067}}
{"target": -1.4164636168087523, "params": {"x1": -34.43999999997857, "x2": -7.31999999997754, "x3": -8.759999999977595, "x4": 1.680000000022801, "x5": -2.3999999999773536}, "datetime": {"datetime": "2020-10-18 19:48:33", "elapsed": 44.351002, "delta": 0.462028}}
{"target": -1.8529598227662234, "params": {"x1": 34.68000000002405, "x2": 2.2800000000228238, "x3": 2.8800000000228465, "x4": -15.719999999977858, "x5": -34.079999999978554}, "datetime": {"datetime": "2020-10-18 19:48:33", "elapsed": 44.789213, "delta": 0.438211}}
{"target": -1.766341283096474, "params": {"x1": -24.23999999997818, "x2": 32.88000000002398, "x3": 20.64000000002352, "x4": -10.559999999977663, "x5": -16.31999999997788}, "datetime": {"datetime": "2020-10-18 19:48:33", "elapsed": 45.229969, "delta": 0.440756}}
{"target": -1.716025737545332, "params": {"x1": -7.31999999997754, "x2": 2.0400000000228147, "x3": 15.600000000023329, "x4": -3.35999999997739, "x5": -64.55999999997971}, "datetime": {"datetime": "2020-10-18 19:48:34", "elapsed": 45.656028, "delta": 0.426059}}
{"target": -1.290664225019159, "params": {"x1": -26.87999999997828, "x2": -8.399999999977581, "x3": 14.640000000023292, "x4": 0.48000000002275556, "x5": -22.679999999978122}, "datetime": {"datetime": "2020-10-18 19:48:34", "elapsed": 46.087222, "delta": 0.431194}}
{"target": -1.364006612912379, "params": {"x1": 7.20000000002301, "x2": 22.920000000023606, "x3": -6.359999999977504, "x4": 27.600000000023783, "x5": -19.079999999977986}, "datetime": {"datetime": "2020-10-18 19:48:35", "elapsed": 46.439215, "delta": 0.351993}}
{"target": -6.9012720086597135, "params": {"x1": 114.72000000002708, "x2": -95.03999999998086, "x3": -40.07999999997878, "x4": 47.76000000002455, "x5": -1.4399999999773172}, "datetime": {"datetime": "2020-10-18 19:48:35", "elapsed": 46.758351, "delta": 0.319136}}
{"target": -1.3711822913217433, "params": {"x1": -9.239999999977613, "x2": 26.280000000023733, "x3": 12.600000000023215, "x4": -0.5999999999772854, "x5": -8.159999999977572}, "datetime": {"datetime": "2020-10-18 19:48:35", "elapsed": 47.244787, "delta": 0.486436}}
{"target": -8.956724829438997, "params": {"x1": 16.800000000023374, "x2": -98.27999999998099, "x3": 2.2800000000228238, "x4": 111.72000000002697, "x5": 102.36000000002662}, "datetime": {"datetime": "2020-10-18 19:48:36", "elapsed": 47.707129, "delta": 0.462342}}
{"target": -1.9592957238662905, "params": {"x1": 33.60000000002401, "x2": -54.11999999997931, "x3": 3.7200000000228783, "x4": -10.919999999977676, "x5": -27.59999999997831}, "datetime": {"datetime": "2020-10-18 19:48:36", "elapsed": 48.195967, "delta": 0.488838}}
{"target": -5.913684205252969, "params": {"x1": -47.51999999997906, "x2": -113.75999999998157, "x3": -19.19999999997799, "x4": -52.19999999997924, "x5": -20.99999999997806}, "datetime": {"datetime": "2020-10-18 19:48:37", "elapsed": 48.643999, "delta": 0.448032}}
{"target": -2.4202180870615226, "params": {"x1": -7.079999999977531, "x2": 42.36000000002434, "x3": 33.240000000024, "x4": -7.679999999977554, "x5": -57.71999999997945}, "datetime": {"datetime": "2020-10-18 19:48:37", "elapsed": 49.074974, "delta": 0.430975}}
{"target": -3.5057008769846036, "params": {"x1": 66.24000000002525, "x2": 47.76000000002455, "x3": 48.720000000024584, "x4": -25.79999999997824, "x5": -11.399999999977695}, "datetime": {"datetime": "2020-10-18 19:48:38", "elapsed": 49.44091, "delta": 0.365936}}
{"target": -4.615776330524861, "params": {"x1": 56.88000000002489, "x2": -62.879999999979646, "x3": 76.32000000002563, "x4": 44.040000000024406, "x5": 34.32000000002404}, "datetime": {"datetime": "2020-10-18 19:48:38", "elapsed": 49.863918, "delta": 0.423008}}
{"target": -2.2411164860714496, "params": {"x1": 11.640000000023178, "x2": 9.120000000023083, "x3": 16.320000000023356, "x4": 10.680000000023142, "x5": -78.95999999998025}, "datetime": {"datetime": "2020-10-18 19:48:38", "elapsed": 50.245556, "delta": 0.381638}}
{"target": -8.271853972969664, "params": {"x1": 156.24000000002866, "x2": -34.43999999997857, "x3": -45.35999999997898, "x4": 9.480000000023097, "x5": -81.47999999998035}, "datetime": {"datetime": "2020-10-18 19:48:39", "elapsed": 50.68665, "delta": 0.441094}}
{"target": -2.555051422002605, "params": {"x1": 24.84000000002368, "x2": -28.67999999997835, "x3": 56.04000000002486, "x4": 52.80000000002474, "x5": 17.5200000000234}, "datetime": {"datetime": "2020-10-18 19:48:39", "elapsed": 51.164737, "delta": 0.478087}}
{"target": -2.729086987330449, "params": {"x1": -55.55999999997937, "x2": -24.599999999978195, "x3": 15.480000000023324, "x4": -38.39999999997872, "x5": 8.400000000023056}, "datetime": {"datetime": "2020-10-18 19:48:40", "elapsed": 51.586892, "delta": 0.422155}}
{"target": -4.502966778533863, "params": {"x1": 97.32000000002643, "x2": 17.040000000023383, "x3": 5.5200000000229466, "x4": -37.67999999997869, "x5": 33.360000000024}, "datetime": {"datetime": "2020-10-18 19:48:40", "elapsed": 52.011688, "delta": 0.424796}}
{"target": -1.7169999880891647, "params": {"x1": -13.799999999977786, "x2": -38.99999999997874, "x3": 42.24000000002434, "x4": 26.040000000023724, "x5": 9.240000000023088}, "datetime": {"datetime": "2020-10-18 19:48:41", "elapsed": 52.490906, "delta": 0.479218}}
{"target": -1.4703457983468808, "params": {"x1": -13.319999999977767, "x2": -15.359999999977845, "x3": -11.879999999977713, "x4": 46.5600000000245, "x5": -42.71999999997888}, "datetime": {"datetime": "2020-10-18 19:48:41", "elapsed": 53.079208, "delta": 0.588302}}
{"target": -1.7296787284316701, "params": {"x1": -36.95999999997866, "x2": -44.27999999997894, "x3": 12.120000000023197, "x4": 10.560000000023138, "x5": -14.279999999977804}, "datetime": {"datetime": "2020-10-18 19:48:42", "elapsed": 53.653722, "delta": 0.574514}}
{"target": -1.8683394663965354, "params": {"x1": 7.9200000000230375, "x2": -42.23999999997886, "x3": 7.9200000000230375, "x4": -19.67999999997801, "x5": 31.680000000023938}, "datetime": {"datetime": "2020-10-18 19:48:42", "elapsed": 54.089717, "delta": 0.435995}}
{"target": -1.6279185615739427, "params": {"x1": -35.03999999997859, "x2": -2.6399999999773627, "x3": 15.000000000023306, "x4": -16.919999999977904, "x5": -22.91999999997813}, "datetime": {"datetime": "2020-10-18 19:48:43", "elapsed": 54.638053, "delta": 0.548336}}
{"target": -5.551261115635396, "params": {"x1": -71.75999999997998, "x2": -74.15999999998007, "x3": -22.91999999997813, "x4": 22.8000000000236, "x5": 66.60000000002526}, "datetime": {"datetime": "2020-10-18 19:48:43", "elapsed": 55.082198, "delta": 0.444145}}
{"target": -2.0633431165819944, "params": {"x1": -18.35999999997796, "x2": -7.1999999999775355, "x3": 46.920000000024515, "x4": 9.360000000023092, "x5": -58.079999999979464}, "datetime": {"datetime": "2020-10-18 19:48:44", "elapsed": 55.489374, "delta": 0.407176}}
{"target": -4.57066453876374, "params": {"x1": -16.079999999977872, "x2": 91.4400000000262, "x3": 11.040000000023156, "x4": -6.479999999977508, "x5": -83.39999999998042}, "datetime": {"datetime": "2020-10-18 19:48:44", "elapsed": 55.97419, "delta": 0.484816}}
{"target": -1.1763993560870691, "params": {"x1": -19.439999999978, "x2": -10.19999999997765, "x3": -17.279999999977917, "x4": -3.7199999999774036, "x5": -24.359999999978186}, "datetime": {"datetime": "2020-10-18 19:48:45", "elapsed": 56.436148, "delta": 0.461958}}
{"target": -6.34027489753245, "params": {"x1": -95.03999999998086, "x2": 75.24000000002559, "x3": -34.43999999997857, "x4": 57.960000000024934, "x5": -48.95999999997912}, "datetime": {"datetime": "2020-10-18 19:48:45", "elapsed": 56.915288, "delta": 0.47914}}
{"target": -5.784650316473851, "params": {"x1": 47.400000000024534, "x2": -37.43999999997868, "x3": 124.20000000002744, "x4": 38.5200000000242, "x5": -48.95999999997912}, "datetime": {"datetime": "2020-10-18 19:48:46", "elapsed": 57.502526, "delta": 0.587238}}
{"target": -2.8792865968130372, "params": {"x1": -4.67999999997744, "x2": -11.759999999977708, "x3": -25.079999999978213, "x4": 23.400000000023624, "x5": -96.1199999999809}, "datetime": {"datetime": "2020-10-18 19:48:46", "elapsed": 58.037434, "delta": 0.534908}}
{"target": -2.3971744831681305, "params": {"x1": 33.84000000002402, "x2": 6.6000000000229875, "x3": 24.720000000023674, "x4": 12.960000000023228, "x5": 45.96000000002448}, "datetime": {"datetime": "2020-10-18 19:48:47", "elapsed": 58.595695, "delta": 0.558261}}
{"target": -5.66324115839385, "params": {"x1": -85.07999999998049, "x2": 26.640000000023747, "x3": 60.360000000025025, "x4": 88.9200000000261, "x5": 14.160000000023274}, "datetime": {"datetime": "2020-10-18 19:48:47", "elapsed": 59.001088, "delta": 0.405393}}
{"target": -4.95292097371027, "params": {"x1": -69.23999999997989, "x2": 48.720000000024584, "x3": 16.92000000002338, "x4": -13.079999999977758, "x5": 73.44000000002552}, "datetime": {"datetime": "2020-10-18 19:48:48", "elapsed": 59.455325, "delta": 0.454237}}
{"target": -3.281426778335154, "params": {"x1": 1.2000000000227828, "x2": 78.3600000000257, "x3": 33.84000000002402, "x4": 4.440000000022906, "x5": -38.75999999997873}, "datetime": {"datetime": "2020-10-18 19:48:48", "elapsed": 59.946904, "delta": 0.491579}}
{"target": -4.961820353475864, "params": {"x1": 35.52000000002408, "x2": 49.320000000024606, "x3": 20.520000000023515, "x4": -60.479999999979555, "x5": 65.88000000002523}, "datetime": {"datetime": "2020-10-18 19:48:49", "elapsed": 60.443179, "delta": 0.496275}}
{"target": -3.360521697472835, "params": {"x1": -42.11999999997886, "x2": 66.84000000002527, "x3": 10.440000000023133, "x4": -16.919999999977904, "x5": 28.32000000002381}, "datetime": {"datetime": "2020-10-18 19:48:49", "elapsed": 60.986365, "delta": 0.543186}}
{"target": -178.9947944956906, "params": {"x1": -533.0399999999975, "x2": -352.5599999999906, "x3": -212.1599999999853, "x4": 11.640000000023178, "x5": 496.92000000004145}, "datetime": {"datetime": "2020-10-18 19:48:49", "elapsed": 61.179139, "delta": 0.192774}}
{"target": -3.6107831341728582, "params": {"x1": -38.15999999997871, "x2": 12.48000000002321, "x3": -84.59999999998047, "x4": -11.159999999977686, "x5": -10.799999999977672}, "datetime": {"datetime": "2020-10-18 19:48:50", "elapsed": 61.571519, "delta": 0.39238}}
{"target": -2.384846868062656, "params": {"x1": 8.52000000002306, "x2": 19.200000000023465, "x3": 27.600000000023783, "x4": 42.960000000024365, "x5": 16.080000000023347}, "datetime": {"datetime": "2020-10-18 19:48:50", "elapsed": 62.1228, "delta": 0.551281}}
{"target": -1.5886567206433635, "params": {"x1": 11.880000000023188, "x2": 25.68000000002371, "x3": 27.48000000002378, "x4": 9.240000000023088, "x5": -36.479999999978645}, "datetime": {"datetime": "2020-10-18 19:48:51", "elapsed": 62.632163, "delta": 0.509363}}
{"target": -5.925366119342193, "params": {"x1": -16.31999999997788, "x2": 13.320000000023242, "x3": -112.43999999998152, "x4": -47.63999999997907, "x5": -54.23999999997932}, "datetime": {"datetime": "2020-10-18 19:48:51", "elapsed": 63.210789, "delta": 0.578626}}
{"target": -1.5011826905824952, "params": {"x1": -11.879999999977713, "x2": 18.120000000023424, "x3": -25.919999999978245, "x4": -2.9999999999773763, "x5": -15.119999999977836}, "datetime": {"datetime": "2020-10-18 19:48:52", "elapsed": 63.795197, "delta": 0.584408}}
{"target": -7.258232415799465, "params": {"x1": 33.00000000002399, "x2": -31.919999999978472, "x3": 0.48000000002275556, "x4": 21.840000000023565, "x5": 140.52000000002806}, "datetime": {"datetime": "2020-10-18 19:48:53", "elapsed": 64.317768, "delta": 0.522571}}
{"target": -5.593236427776643, "params": {"x1": -12.59999999997774, "x2": -87.11999999998056, "x3": -39.95999999997878, "x4": -12.719999999977745, "x5": -116.87999999998169}, "datetime": {"datetime": "2020-10-18 19:48:53", "elapsed": 64.773105, "delta": 0.455337}}
{"target": -1.0578169594456526, "params": {"x1": -2.279999999977349, "x2": 1.3200000000227874, "x3": 1.2000000000227828, "x4": 20.88000000002353, "x5": -17.03999999997791}, "datetime": {"datetime": "2020-10-18 19:48:54", "elapsed": 65.460066, "delta": 0.686961}}
{"target": -7.928241580408505, "params": {"x1": 84.60000000002594, "x2": 61.56000000002507, "x3": 27.720000000023788, "x4": -9.479999999977622, "x5": -135.5999999999824}, "datetime": {"datetime": "2020-10-18 19:48:54", "elapsed": 66.025907, "delta": 0.565841}}
{"target": -6.686908709347299, "params": {"x1": 27.120000000023765, "x2": -53.7599999999793, "x3": 103.56000000002666, "x4": -75.71999999998013, "x5": -65.75999999997975}, "datetime": {"datetime": "2020-10-18 19:48:55", "elapsed": 66.506744, "delta": 0.480837}}
{"target": -3.1317683737920463, "params": {"x1": 59.640000000025, "x2": 14.760000000023297, "x3": 37.80000000002417, "x4": 23.52000000002363, "x5": -41.27999999997883}, "datetime": {"datetime": "2020-10-18 19:48:55", "elapsed": 67.038927, "delta": 0.532183}}
{"target": -1.367632886438608, "params": {"x1": -13.559999999977776, "x2": -19.079999999977986, "x3": 11.16000000002316, "x4": 29.280000000023847, "x5": -21.359999999978072}, "datetime": {"datetime": "2020-10-18 19:48:56", "elapsed": 67.519194, "delta": 0.480267}}
{"target": -0.9372228229786709, "params": {"x1": 3.3600000000228647, "x2": -7.679999999977554, "x3": -10.079999999977645, "x4": 17.400000000023397, "x5": -28.19999999997833}, "datetime": {"datetime": "2020-10-18 19:48:56", "elapsed": 68.054205, "delta": 0.535011}}
{"target": -134.60228619269657, "params": {"x1": -92.03999999998075, "x2": 295.92000000003395, "x3": 412.8000000000384, "x4": 527.8800000000429, "x5": -17.279999999977917}, "datetime": {"datetime": "2020-10-18 19:48:56", "elapsed": 68.249902, "delta": 0.195697}}
{"target": -5.351355494415785, "params": {"x1": 19.920000000023492, "x2": -21.479999999978077, "x3": 93.48000000002628, "x4": 84.36000000002593, "x5": 46.920000000024515}, "datetime": {"datetime": "2020-10-18 19:48:57", "elapsed": 68.750848, "delta": 0.500946}}
{"target": -2.9466782735596624, "params": {"x1": 13.560000000023251, "x2": -10.679999999977667, "x3": -32.6399999999785, "x4": -56.039999999979386, "x5": -53.99999999997931}, "datetime": {"datetime": "2020-10-18 19:48:58", "elapsed": 69.275604, "delta": 0.524756}}
{"target": -3.4491890150781184, "params": {"x1": -10.079999999977645, "x2": -60.11999999997954, "x3": 41.640000000024315, "x4": -54.23999999997932, "x5": -37.67999999997869}, "datetime": {"datetime": "2020-10-18 19:48:58", "elapsed": 69.947756, "delta": 0.672152}}
{"target": -157.21073708139562, "params": {"x1": -299.5199999999886, "x2": -223.55999999998573, "x3": -171.83999999998377, "x4": 337.68000000003553, "x5": 578.0400000000445}, "datetime": {"datetime": "2020-10-18 19:48:58", "elapsed": 70.166425, "delta": 0.218669}}
{"target": -5.1586078763483805, "params": {"x1": 61.08000000002505, "x2": -51.95999999997923, "x3": -12.239999999977726, "x4": -40.31999999997879, "x5": -100.67999999998108}, "datetime": {"datetime": "2020-10-18 19:48:59", "elapsed": 70.815996, "delta": 0.649571}}
{"target": -3.1609691822584645, "params": {"x1": -76.07999999998015, "x2": 20.280000000023506, "x3": 36.600000000024124, "x4": 8.400000000023056, "x5": 12.48000000002321}, "datetime": {"datetime": "2020-10-18 19:49:00", "elapsed": 71.335164, "delta": 0.519168}}
{"target": -6.915896803967056, "params": {"x1": -22.0799999999781, "x2": -23.39999999997815, "x3": 45.24000000002445, "x4": -29.399999999978377, "x5": 127.56000000002757}, "datetime": {"datetime": "2020-10-18 19:49:00", "elapsed": 71.980141, "delta": 0.644977}}
{"target": -4.928383906868548, "params": {"x1": 54.24000000002479, "x2": -9.479999999977622, "x3": 113.64000000002704, "x4": -4.439999999977431, "x5": 17.400000000023397}, "datetime": {"datetime": "2020-10-18 19:49:01", "elapsed": 72.514872, "delta": 0.534731}}
{"target": -2.6077705466088807, "params": {"x1": 29.160000000023842, "x2": -75.11999999998011, "x3": 34.68000000002405, "x4": -1.3199999999773127, "x5": -20.99999999997806}, "datetime": {"datetime": "2020-10-18 19:49:01", "elapsed": 73.094056, "delta": 0.579184}}
{"target": -4.456120938550452, "params": {"x1": 1.3200000000227874, "x2": 4.800000000022919, "x3": 28.920000000023833, "x4": -28.91999999997836, "x5": 95.04000000002634}, "datetime": {"datetime": "2020-10-18 19:49:02", "elapsed": 73.525442, "delta": 0.431386}}
{"target": -2.2521615162185116, "params": {"x1": 30.840000000023906, "x2": 46.5600000000245, "x3": 13.200000000023238, "x4": 8.52000000002306, "x5": -38.99999999997874}, "datetime": {"datetime": "2020-10-18 19:49:02", "elapsed": 74.160846, "delta": 0.635404}}
{"target": -3.0576872239821897, "params": {"x1": 51.360000000024684, "x2": -30.359999999978413, "x3": -15.719999999977858, "x4": -35.2799999999786, "x5": -66.71999999997979}, "datetime": {"datetime": "2020-10-18 19:49:03", "elapsed": 74.790286, "delta": 0.62944}}
{"target": -8.8456659645387, "params": {"x1": -54.35999999997932, "x2": -104.75999999998123, "x3": -8.159999999977572, "x4": -51.35999999997921, "x5": 115.44000000002711}, "datetime": {"datetime": "2020-10-18 19:49:04", "elapsed": 75.295532, "delta": 0.505246}}
{"target": -1.8993127373684988, "params": {"x1": 14.520000000023288, "x2": -27.959999999978322, "x3": 12.000000000023192, "x4": 5.760000000022956, "x5": 41.1600000000243}, "datetime": {"datetime": "2020-10-18 19:49:04", "elapsed": 75.960514, "delta": 0.664982}}
{"target": -12.758012620065585, "params": {"x1": 166.20000000002904, "x2": -56.99999999997942, "x3": 83.6400000000259, "x4": 32.28000000002396, "x5": -117.71999999998172}, "datetime": {"datetime": "2020-10-18 19:49:05", "elapsed": 76.50859, "delta": 0.548076}}
{"target": -6.957966553331443, "params": {"x1": 32.28000000002396, "x2": 1.2000000000227828, "x3": 63.36000000002514, "x4": 127.44000000002757, "x5": -88.1999999999806}, "datetime": {"datetime": "2020-10-18 19:49:05", "elapsed": 76.973453, "delta": 0.464863}}
{"target": -6.183581423400218, "params": {"x1": 17.160000000023388, "x2": 58.32000000002495, "x3": -89.63999999998066, "x4": 23.28000000002362, "x5": -102.47999999998115}, "datetime": {"datetime": "2020-10-18 19:49:06", "elapsed": 77.640929, "delta": 0.667476}}
{"target": -2.392616032908517, "params": {"x1": 26.76000000002375, "x2": -23.519999999978154, "x3": -56.3999999999794, "x4": 15.240000000023315, "x5": -33.23999999997852}, "datetime": {"datetime": "2020-10-18 19:49:06", "elapsed": 78.087113, "delta": 0.446184}}
{"target": -12.193786487102587, "params": {"x1": 100.68000000002655, "x2": -14.1599999999778, "x3": 130.32000000002768, "x4": -75.23999999998011, "x5": -121.07999999998185}, "datetime": {"datetime": "2020-10-18 19:49:07", "elapsed": 78.622117, "delta": 0.535004}}
