{"target": -99.99856944224096, "params": {"x1": 87.75106601410772, "x2": 0.7933734803264745, "x3": -1.9229568755479653, "x4": 0.20929771789551932, "x5": -1.6949323275486612}, "datetime": {"datetime": "2020-10-20 14:28:57", "elapsed": 0.0, "delta": 0.0}}
{"target": -99.99999994512329, "params": {"x1": 88.99468332395931, "x2": -1.3618551255430689, "x3": 1.0313577605894373, "x4": 1.748996325456264, "x5": 0.6807038910901047}, "datetime": {"datetime": "2020-10-20 14:28:58", "elapsed": 0.151565, "delta": 0.151565}}
{"target": -99.9999999678009, "params": {"x1": 88.99662322754335, "x2": 1.5342844342751483, "x3": -1.9119935323693982, "x4": -0.6938148928201076, "x5": -2.1012525900088974}, "datetime": {"datetime": "2020-10-20 14:28:58", "elapsed": 0.390481, "delta": 0.238916}}
{"target": -99.99999996957885, "params": {"x1": 86.551, "x2": -1.034600000000012, "x3": 1.0766999999998916, "x4": 2.272300000000002, "x5": -1.2141999999999653}, "datetime": {"datetime": "2020-10-20 14:28:58", "elapsed": 0.70697, "delta": 0.316489}}
{"target": -99.99999996371028, "params": {"x1": 86.509, "x2": 1.3893999999999003, "x3": -1.8723000000000019, "x4": 0.06130000000000069, "x5": 0.693800000000107}, "datetime": {"datetime": "2020-10-20 14:28:58", "elapsed": 1.044806, "delta": 0.337836}}
{"target": -99.99999997445697, "params": {"x1": 89.1610000000001, "x2": -1.280600000000003, "x3": 0.6596999999999069, "x4": -0.6827, "x5": -2.0841999999999983}, "datetime": {"datetime": "2020-10-20 14:28:59", "elapsed": 1.435977, "delta": 0.391171}}
{"target": -99.99999997183248, "params": {"x1": 86.96200000000002, "x2": -1.307600000000002, "x3": -1.7103000000000077, "x4": 2.224300000000002, "x5": 0.7418000000001088}, "datetime": {"datetime": "2020-10-20 14:28:59", "elapsed": 1.775976, "delta": 0.339999}}
{"target": -99.99999997337093, "params": {"x1": 89.44900000000011, "x2": 1.6053999999998925, "x3": -1.3533000000000206, "x4": 2.2543000000000024, "x5": -1.9551999999999934}, "datetime": {"datetime": "2020-10-20 14:29:00", "elapsed": 2.21013, "delta": 0.434154}}
{"target": -99.99999997538467, "params": {"x1": 86.617, "x2": 1.6323999999998917, "x3": 0.7586999999999031, "x4": -0.4786999999999998, "x5": -2.072199999999998}, "datetime": {"datetime": "2020-10-20 14:29:00", "elapsed": 2.6896, "delta": 0.47947}}
{"target": -99.99999996941874, "params": {"x1": 89.49100000000011, "x2": -1.1396000000000082, "x3": -1.8093000000000041, "x4": -0.01369999999999938, "x5": 0.7808000000001103}, "datetime": {"datetime": "2020-10-20 14:29:01", "elapsed": 3.184705, "delta": 0.495105}}
{"target": -99.99999997129282, "params": {"x1": 87.25600000000003, "x2": 1.5273999999998957, "x3": -1.9233, "x4": 2.2843000000000027, "x5": 0.7418000000001088}, "datetime": {"datetime": "2020-10-20 14:29:01", "elapsed": 3.964147, "delta": 0.779442}}
{"target": -99.99999885728572, "params": {"x1": 89.34700000000011, "x2": 0.7233999999999248, "x3": 1.0166999999998938, "x4": -0.5836999999999999, "x5": -1.5891999999999795}, "datetime": {"datetime": "2020-10-20 14:29:02", "elapsed": 4.510112, "delta": 0.545965}}
{"target": -99.99999991023812, "params": {"x1": 88.36000000000007, "x2": -1.1096000000000092, "x3": 0.9746999999998953, "x4": 2.194300000000003, "x5": -2.108199999999999}, "datetime": {"datetime": "2020-10-20 14:29:03", "elapsed": 5.10751, "delta": 0.597398}}
{"target": -99.99999997638064, "params": {"x1": 86.674, "x2": 1.4853999999998968, "x3": -1.9053000000000007, "x4": -0.6256999999999999, "x5": 0.5828000000001028}, "datetime": {"datetime": "2020-10-20 14:29:03", "elapsed": 5.737577, "delta": 0.630067}}
{"target": -99.999743305087, "params": {"x1": 89.2000000000001, "x2": -0.8336000000000192, "x3": -0.22530000000006134, "x4": 1.8553000000000022, "x5": 0.7598000000001095}, "datetime": {"datetime": "2020-10-20 14:29:04", "elapsed": 6.310524, "delta": 0.572947}}
{"target": -99.99999997298752, "params": {"x1": 89.47000000000011, "x2": 1.1943999999999075, "x3": -1.8813000000000015, "x4": -0.45169999999999977, "x5": 0.8468000000001128}, "datetime": {"datetime": "2020-10-20 14:29:04", "elapsed": 6.768875, "delta": 0.458351}}
{"target": -99.99999992752926, "params": {"x1": 86.593, "x2": -0.8216000000000196, "x3": 1.0136999999998937, "x4": -0.4786999999999998, "x5": -1.916199999999992}, "datetime": {"datetime": "2020-10-20 14:29:05", "elapsed": 7.404152, "delta": 0.635277}}
{"target": -99.99999996953471, "params": {"x1": 86.503, "x2": -0.5996000000000277, "x3": 1.0706999999998918, "x4": -0.6767, "x5": 0.3848000000000953}, "datetime": {"datetime": "2020-10-20 14:29:06", "elapsed": 8.12473, "delta": 0.720578}}
{"target": -99.99999997368421, "params": {"x1": 87.11500000000002, "x2": -1.3346000000000011, "x3": -1.8603000000000023, "x4": 2.1373000000000024, "x5": -2.0691999999999977}, "datetime": {"datetime": "2020-10-20 14:29:06", "elapsed": 8.791934, "delta": 0.667204}}
{"target": -99.99999969615997, "params": {"x1": 86.75200000000001, "x2": 1.107399999999911, "x3": -1.731300000000007, "x4": -0.6857, "x5": -1.7391999999999852}, "datetime": {"datetime": "2020-10-20 14:29:07", "elapsed": 9.601648, "delta": 0.809714}}
{"target": -99.99999417393659, "params": {"x1": 89.45200000000011, "x2": 1.5213999999998955, "x3": -0.8523000000000387, "x4": 1.1293000000000017, "x5": -2.000199999999995}, "datetime": {"datetime": "2020-10-20 14:29:08", "elapsed": 10.245022, "delta": 0.643374}}
{"target": -99.99999997181139, "params": {"x1": 89.47900000000011, "x2": -0.7136000000000235, "x3": 0.9836999999998952, "x4": 2.2123000000000026, "x5": -2.105199999999999}, "datetime": {"datetime": "2020-10-20 14:29:08", "elapsed": 10.855286, "delta": 0.610264}}
{"target": -99.99999865190182, "params": {"x1": 86.668, "x2": -1.340600000000001, "x3": 0.9746999999998953, "x4": 0.5533000000000012, "x5": 0.2618000000000906}, "datetime": {"datetime": "2020-10-20 14:29:09", "elapsed": 11.487759, "delta": 0.632473}}
{"target": -99.9760373664808, "params": {"x1": 89.1280000000001, "x2": 0.6033999999999289, "x3": -1.2663000000000237, "x4": -0.4636999999999998, "x5": -0.8391999999999511}, "datetime": {"datetime": "2020-10-20 14:29:09", "elapsed": 11.939068, "delta": 0.451309}}
{"target": -99.99999995412769, "params": {"x1": 86.653, "x2": 1.5453999999998946, "x3": 0.9386999999998966, "x4": 2.080300000000002, "x5": 0.48980000000009927}, "datetime": {"datetime": "2020-10-20 14:29:10", "elapsed": 12.337884, "delta": 0.398816}}
{"target": -99.99999846785411, "params": {"x1": 89.47900000000011, "x2": -1.0196000000000125, "x3": -1.7343000000000068, "x4": 2.0173000000000023, "x5": -1.1631999999999634}, "datetime": {"datetime": "2020-10-20 14:29:10", "elapsed": 12.738677, "delta": 0.400793}}
{"target": -99.99999985117945, "params": {"x1": 86.79100000000001, "x2": -1.3496000000000006, "x3": -1.6953000000000082, "x4": -0.6527, "x5": -0.41019999999993484}, "datetime": {"datetime": "2020-10-20 14:29:10", "elapsed": 13.068397, "delta": 0.32972}}
{"target": -99.99970904125394, "params": {"x1": 89.35000000000011, "x2": -0.5216000000000305, "x3": -0.3513000000000568, "x4": -0.6947, "x5": -0.27819999999992984}, "datetime": {"datetime": "2020-10-20 14:29:11", "elapsed": 13.376999, "delta": 0.308602}}
{"target": -99.99999997575006, "params": {"x1": 89.2720000000001, "x2": 1.575399999999894, "x3": 1.043699999999893, "x4": 2.2153000000000027, "x5": 0.5738000000001025}, "datetime": {"datetime": "2020-10-20 14:29:11", "elapsed": 13.718227, "delta": 0.341228}}
{"target": -99.99999821296511, "params": {"x1": 89.1100000000001, "x2": -0.35360000000003655, "x3": -1.7883000000000049, "x4": -0.6587, "x5": -1.8561999999999896}, "datetime": {"datetime": "2020-10-20 14:29:12", "elapsed": 14.074872, "delta": 0.356645}}
{"target": -99.92532278448533, "params": {"x1": 88.05700000000006, "x2": 1.5543999999998945, "x3": -0.5193000000000507, "x4": -0.1546999999999995, "x5": -0.5511999999999402}, "datetime": {"datetime": "2020-10-20 14:29:12", "elapsed": 14.497361, "delta": 0.422489}}
{"target": -99.99999993492624, "params": {"x1": 87.38800000000003, "x2": 1.6023999999998928, "x3": 1.0466999999998927, "x4": -0.6767, "x5": 0.09080000000008415}, "datetime": {"datetime": "2020-10-20 14:29:12", "elapsed": 15.003595, "delta": 0.506234}}
{"target": -99.99979043507227, "params": {"x1": 87.05200000000002, "x2": 1.6203999999998921, "x3": -0.4173000000000544, "x4": 1.9723000000000026, "x5": -1.4271999999999734}, "datetime": {"datetime": "2020-10-20 14:29:13", "elapsed": 15.408039, "delta": 0.404444}}
{"target": -99.8849418789666, "params": {"x1": 88.24000000000007, "x2": 1.5153999999998962, "x3": -0.5643000000000491, "x4": 0.313300000000001, "x5": 0.2138000000000888}, "datetime": {"datetime": "2020-10-20 14:29:13", "elapsed": 15.796282, "delta": 0.388243}}
{"target": -99.99850622791254, "params": {"x1": 88.19200000000006, "x2": 1.3713999999999014, "x3": -0.318300000000058, "x4": 0.36730000000000085, "x5": 0.8648000000001135}, "datetime": {"datetime": "2020-10-20 14:29:14", "elapsed": 16.359131, "delta": 0.562849}}
{"target": -99.99999996616839, "params": {"x1": 89.50000000000011, "x2": 1.6323999999998917, "x3": -1.9233, "x4": 1.534300000000002, "x5": 0.024800000000081646}, "datetime": {"datetime": "2020-10-20 14:29:14", "elapsed": 16.861674, "delta": 0.502543}}
{"target": -99.9999999499264, "params": {"x1": 89.50000000000011, "x2": 1.6323999999998917, "x3": 1.0766999999998916, "x4": 2.3023000000000025, "x5": -2.1352}, "datetime": {"datetime": "2020-10-20 14:29:15", "elapsed": 17.292293, "delta": 0.430619}}
{"target": -99.98428998207345, "params": {"x1": 88.31200000000007, "x2": 0.7443999999999238, "x3": 1.0766999999998916, "x4": 1.4683000000000022, "x5": -0.5841999999999414}, "datetime": {"datetime": "2020-10-20 14:29:15", "elapsed": 17.80615, "delta": 0.513857}}
{"target": -99.99996776678597, "params": {"x1": 87.96700000000006, "x2": 1.6323999999998917, "x3": -1.9233, "x4": 0.5743000000000011, "x5": -0.17019999999992574}, "datetime": {"datetime": "2020-10-20 14:29:16", "elapsed": 18.3875, "delta": 0.58135}}
{"target": -99.99999531200403, "params": {"x1": 89.44600000000011, "x2": 1.6023999999998928, "x3": -0.0033000000000693586, "x4": -0.2776999999999996, "x5": 0.2108000000000887}, "datetime": {"datetime": "2020-10-20 14:29:16", "elapsed": 18.863424, "delta": 0.475924}}
{"target": -99.99999995007308, "params": {"x1": 86.5, "x2": -1.3676, "x3": -1.9233, "x4": -0.6977, "x5": -2.1352}, "datetime": {"datetime": "2020-10-20 14:29:17", "elapsed": 19.386935, "delta": 0.523511}}
{"target": -99.99998624569456, "params": {"x1": 88.70500000000008, "x2": 1.6323999999998917, "x3": -0.3543000000000567, "x4": 2.3023000000000025, "x5": -0.24219999999992847}, "datetime": {"datetime": "2020-10-20 14:29:17", "elapsed": 19.818696, "delta": 0.431761}}
{"target": -99.99999994271175, "params": {"x1": 86.5, "x2": 0.267399999999941, "x3": -1.9233, "x4": 2.3023000000000025, "x5": -0.6801999999999451}, "datetime": {"datetime": "2020-10-20 14:29:18", "elapsed": 20.238441, "delta": 0.419745}}
{"target": -99.9999999499264, "params": {"x1": 86.5, "x2": 1.6323999999998917, "x3": 1.0766999999998916, "x4": 2.3023000000000025, "x5": -2.1352}, "datetime": {"datetime": "2020-10-20 14:29:18", "elapsed": 20.701482, "delta": 0.463041}}
{"target": -99.99998057910183, "params": {"x1": 86.5, "x2": 1.6323999999998917, "x3": 0.02969999999992945, "x4": 0.424300000000001, "x5": -0.22119999999992768}, "datetime": {"datetime": "2020-10-20 14:29:19", "elapsed": 21.261523, "delta": 0.560041}}
{"target": -99.9999999736882, "params": {"x1": 89.49400000000011, "x2": -1.3436000000000008, "x3": -1.7613000000000059, "x4": 2.0443000000000024, "x5": 0.7058000000001075}, "datetime": {"datetime": "2020-10-20 14:29:19", "elapsed": 21.784534, "delta": 0.523011}}
{"target": -99.9999999499264, "params": {"x1": 86.5, "x2": -1.3676, "x3": 1.0766999999998916, "x4": 2.3023000000000025, "x5": 0.8648000000001135}, "datetime": {"datetime": "2020-10-20 14:29:20", "elapsed": 22.19142, "delta": 0.406886}}
{"target": -99.99999994467281, "params": {"x1": 89.50000000000011, "x2": -1.3676, "x3": 1.0766999999998916, "x4": 0.6763000000000012, "x5": -0.8751999999999525}, "datetime": {"datetime": "2020-10-20 14:29:20", "elapsed": 22.718952, "delta": 0.527532}}
{"target": -99.99999995007308, "params": {"x1": 86.5, "x2": -1.3676, "x3": -1.9233, "x4": -0.6977, "x5": 0.8648000000001135}, "datetime": {"datetime": "2020-10-20 14:29:21", "elapsed": 23.282021, "delta": 0.563069}}
{"target": -99.99997365324235, "params": {"x1": 86.5, "x2": -0.3266000000000375, "x3": -0.6903000000000445, "x4": 1.0963000000000016, "x5": -2.1352}, "datetime": {"datetime": "2020-10-20 14:29:21", "elapsed": 23.899495, "delta": 0.617474}}
{"target": -47.60324646567467, "params": {"x1": 88.20100000000006, "x2": 0.600399999999929, "x3": -0.7743000000000415, "x4": 0.6343000000000012, "x5": -0.1371999999999245}, "datetime": {"datetime": "2020-10-20 14:29:22", "elapsed": 24.449104, "delta": 0.549609}}
{"target": -47.29536204238005, "params": {"x1": 88.20100000000006, "x2": 0.600399999999929, "x3": -0.7773000000000414, "x4": 0.6403000000000012, "x5": -0.1401999999999246}, "datetime": {"datetime": "2020-10-20 14:29:22", "elapsed": 24.746985, "delta": 0.297881}}
{"target": -47.728075995033834, "params": {"x1": 88.07500000000006, "x2": 0.5043999999999325, "x3": -0.7473000000000425, "x4": 0.5173000000000012, "x5": -0.06219999999992165}, "datetime": {"datetime": "2020-10-20 14:29:22", "elapsed": 24.841312, "delta": 0.094327}}
{"target": -39.313575342973294, "params": {"x1": 88.10800000000006, "x2": 0.5283999999999316, "x3": -0.8103000000000402, "x4": 0.6583000000000012, "x5": -0.1371999999999245}, "datetime": {"datetime": "2020-10-20 14:29:23", "elapsed": 25.297894, "delta": 0.456582}}
{"target": -37.82534915769163, "params": {"x1": 88.08700000000006, "x2": 0.5133999999999321, "x3": -0.81630000000004, "x4": 0.6613000000000013, "x5": -0.1371999999999245}, "datetime": {"datetime": "2020-10-20 14:29:23", "elapsed": 25.961405, "delta": 0.663511}}
{"target": -33.32190916580537, "params": {"x1": 88.02400000000006, "x2": 0.47439999999993354, "x3": -0.8343000000000393, "x4": 0.6793000000000011, "x5": -0.14619999999992483}, "datetime": {"datetime": "2020-10-20 14:29:24", "elapsed": 26.607631, "delta": 0.646226}}
{"target": -28.00400913940766, "params": {"x1": 87.96400000000006, "x2": 0.4533999999999343, "x3": -0.843300000000039, "x4": 0.7063000000000013, "x5": -0.17319999999992586}, "datetime": {"datetime": "2020-10-20 14:29:25", "elapsed": 27.130106, "delta": 0.522475}}
{"target": -21.550948030463925, "params": {"x1": 87.91300000000005, "x2": 0.462399999999934, "x3": -0.8313000000000395, "x4": 0.7303000000000013, "x5": -0.21819999999992756}, "datetime": {"datetime": "2020-10-20 14:29:25", "elapsed": 27.613257, "delta": 0.483151}}
{"target": -15.898514180289936, "params": {"x1": 87.88300000000005, "x2": 0.4983999999999327, "x3": -0.7983000000000406, "x4": 0.7393000000000012, "x5": -0.2661999999999294}, "datetime": {"datetime": "2020-10-20 14:29:26", "elapsed": 28.105528, "delta": 0.492271}}
{"target": -13.118963905483572, "params": {"x1": 87.87100000000005, "x2": 0.5343999999999314, "x3": -0.7653000000000418, "x4": 0.7363000000000013, "x5": -0.29919999999993063}, "datetime": {"datetime": "2020-10-20 14:29:26", "elapsed": 28.6606, "delta": 0.555072}}
{"target": -10.526547708745525, "params": {"x1": 87.85900000000005, "x2": 0.5553999999999306, "x3": -0.7383000000000428, "x4": 0.7363000000000013, "x5": -0.32619999999993166}, "datetime": {"datetime": "2020-10-20 14:29:27", "elapsed": 29.144152, "delta": 0.483552}}
{"target": 0.5209767646854102, "params": {"x1": 87.83500000000005, "x2": 0.5463999999999309, "x3": -0.6903000000000445, "x4": 0.7513000000000012, "x5": -0.3741999999999335}, "datetime": {"datetime": "2020-10-20 14:29:27", "elapsed": 29.586235, "delta": 0.442083}}
{"target": 13.646529255688, "params": {"x1": 87.82900000000005, "x2": 0.5013999999999326, "x3": -0.6603000000000456, "x4": 0.7663000000000013, "x5": -0.39519999999993427}, "datetime": {"datetime": "2020-10-20 14:29:28", "elapsed": 30.32854, "delta": 0.742305}}
{"target": 25.690318645930255, "params": {"x1": 87.83800000000005, "x2": 0.4503999999999344, "x3": -0.6393000000000464, "x4": 0.7753000000000012, "x5": -0.3981999999999344}, "datetime": {"datetime": "2020-10-20 14:29:28", "elapsed": 30.888142, "delta": 0.559602}}
{"target": 34.92354436105276, "params": {"x1": 87.85900000000005, "x2": 0.40539999999993603, "x3": -0.6243000000000469, "x4": 0.7783000000000013, "x5": -0.38919999999993404}, "datetime": {"datetime": "2020-10-20 14:29:29", "elapsed": 31.474834, "delta": 0.586692}}
{"target": 41.44637066305439, "params": {"x1": 87.88600000000005, "x2": 0.3723999999999372, "x3": -0.6093000000000475, "x4": 0.7753000000000012, "x5": -0.3771999999999336}, "datetime": {"datetime": "2020-10-20 14:29:30", "elapsed": 32.124743, "delta": 0.649909}}
{"target": 46.31440646859015, "params": {"x1": 87.91900000000005, "x2": 0.3543999999999379, "x3": -0.5883000000000482, "x4": 0.7663000000000013, "x5": -0.36819999999993325}, "datetime": {"datetime": "2020-10-20 14:29:30", "elapsed": 32.74967, "delta": 0.624927}}
{"target": 50.06987943690324, "params": {"x1": 87.94300000000005, "x2": 0.35739999999993777, "x3": -0.5613000000000492, "x4": 0.7573000000000014, "x5": -0.3741999999999335}, "datetime": {"datetime": "2020-10-20 14:29:31", "elapsed": 33.206159, "delta": 0.456489}}
{"target": 53.31944446652464, "params": {"x1": 87.94900000000005, "x2": 0.3723999999999372, "x3": -0.5343000000000502, "x4": 0.7543000000000013, "x5": -0.39519999999993427}, "datetime": {"datetime": "2020-10-20 14:29:31", "elapsed": 33.739976, "delta": 0.533817}}
{"target": 56.698586129053005, "params": {"x1": 87.94000000000005, "x2": 0.3753999999999371, "x3": -0.5193000000000507, "x4": 0.7603000000000013, "x5": -0.41619999999993507}, "datetime": {"datetime": "2020-10-20 14:29:32", "elapsed": 34.302153, "delta": 0.562177}}
{"target": 64.61852483222607, "params": {"x1": 87.91900000000005, "x2": 0.3483999999999381, "x3": -0.5043000000000513, "x4": 0.7813000000000014, "x5": -0.4431999999999361}, "datetime": {"datetime": "2020-10-20 14:29:32", "elapsed": 34.807457, "delta": 0.505304}}
{"target": 72.59075793681271, "params": {"x1": 87.91300000000005, "x2": 0.3063999999999396, "x3": -0.4893000000000518, "x4": 0.8023000000000013, "x5": -0.45819999999993666}, "datetime": {"datetime": "2020-10-20 14:29:33", "elapsed": 35.360522, "delta": 0.553065}}
{"target": 81.95516860709834, "params": {"x1": 87.92800000000005, "x2": 0.24939999999994167, "x3": -0.4593000000000529, "x4": 0.8293000000000015, "x5": -0.4731999999999372}, "datetime": {"datetime": "2020-10-20 14:29:33", "elapsed": 35.849774, "delta": 0.489252}}
{"target": 91.31881542401241, "params": {"x1": 87.96100000000006, "x2": 0.17139999999994449, "x3": -0.3783000000000558, "x4": 0.8653000000000015, "x5": -0.521199999999939}, "datetime": {"datetime": "2020-10-20 14:29:34", "elapsed": 36.275997, "delta": 0.426223}}
{"target": 92.90736962277937, "params": {"x1": 87.95800000000006, "x2": 0.14739999999994535, "x3": -0.3483000000000569, "x4": 0.8593000000000013, "x5": -0.5511999999999402}, "datetime": {"datetime": "2020-10-20 14:29:34", "elapsed": 36.60574, "delta": 0.329743}}
{"target": 95.0334183806523, "params": {"x1": 87.94300000000005, "x2": 0.12339999999994622, "x3": -0.3483000000000569, "x4": 0.8203000000000014, "x5": -0.5781999999999412}, "datetime": {"datetime": "2020-10-20 14:29:34", "elapsed": 37.012994, "delta": 0.407254}}
{"target": 97.2183423874919, "params": {"x1": 87.95500000000006, "x2": 0.0963999999999472, "x3": -0.3813000000000557, "x4": 0.7813000000000014, "x5": -0.5961999999999419}, "datetime": {"datetime": "2020-10-20 14:29:35", "elapsed": 37.417206, "delta": 0.404212}}
{"target": 98.8189139642897, "params": {"x1": 87.99100000000006, "x2": 0.08439999999994763, "x3": -0.4113000000000546, "x4": 0.7813000000000014, "x5": -0.6291999999999431}, "datetime": {"datetime": "2020-10-20 14:29:35", "elapsed": 37.870178, "delta": 0.452972}}
{"target": 99.14613568366258, "params": {"x1": 87.99700000000006, "x2": 0.0933999999999473, "x3": -0.4263000000000541, "x4": 0.7963000000000013, "x5": -0.6591999999999443}, "datetime": {"datetime": "2020-10-20 14:29:36", "elapsed": 38.471102, "delta": 0.600924}}
{"target": 99.0116110492919, "params": {"x1": 88.00300000000006, "x2": 0.09039999999994741, "x3": -0.4203000000000543, "x4": 0.7903000000000013, "x5": -0.6591999999999443}, "datetime": {"datetime": "2020-10-20 14:29:36", "elapsed": 39.026549, "delta": 0.555447}}
{"target": 98.24926505514027, "params": {"x1": 87.98800000000006, "x2": 0.07239999999994806, "x3": -0.44130000000005354, "x4": 0.8113000000000012, "x5": -0.6501999999999439}, "datetime": {"datetime": "2020-10-20 14:29:37", "elapsed": 39.63574, "delta": 0.609191}}
{"target": 99.81383953098214, "params": {"x1": 87.99700000000006, "x2": 0.13539999999994579, "x3": -0.43230000000005386, "x4": 0.7843000000000013, "x5": -0.6441999999999437}, "datetime": {"datetime": "2020-10-20 14:29:37", "elapsed": 39.9642, "delta": 0.32846}}
{"target": 99.79226033225135, "params": {"x1": 87.99700000000006, "x2": 0.1323999999999459, "x3": -0.43230000000005386, "x4": 0.7843000000000013, "x5": -0.6471999999999438}, "datetime": {"datetime": "2020-10-20 14:29:38", "elapsed": 40.236493, "delta": 0.272293}}
{"target": 99.93088742497953, "params": {"x1": 87.99700000000006, "x2": 0.1323999999999459, "x3": -0.4263000000000541, "x4": 0.7903000000000013, "x5": -0.6411999999999436}, "datetime": {"datetime": "2020-10-20 14:29:38", "elapsed": 40.770649, "delta": 0.534156}}
{"target": 99.9527214566828, "params": {"x1": 88.00600000000006, "x2": 0.13839999999994568, "x3": -0.4203000000000543, "x4": 0.8023000000000013, "x5": -0.6411999999999436}, "datetime": {"datetime": "2020-10-20 14:29:39", "elapsed": 41.225478, "delta": 0.454829}}
