{"target": 99.94456341671831, "params": {"x1": 87.99700000000006, "x2": 0.13839999999994568, "x3": -0.4143000000000545, "x4": 0.7993000000000012, "x5": -0.6381999999999435}, "datetime": {"datetime": "2020-10-20 14:29:39", "elapsed": 41.466168, "delta": 0.24069}}
{"target": 99.92033139127554, "params": {"x1": 87.99400000000006, "x2": 0.14139999999994557, "x3": -0.4233000000000542, "x4": 0.8023000000000013, "x5": -0.6441999999999437}, "datetime": {"datetime": "2020-10-20 14:29:39", "elapsed": 41.861167, "delta": 0.394999}}
{"target": 99.97143790714141, "params": {"x1": 88.00000000000006, "x2": 0.1323999999999459, "x3": -0.4233000000000542, "x4": 0.7933000000000014, "x5": -0.6381999999999435}, "datetime": {"datetime": "2020-10-20 14:29:40", "elapsed": 42.342003, "delta": 0.480836}}
{"target": 99.9733577229502, "params": {"x1": 88.00300000000006, "x2": 0.13839999999994568, "x3": -0.4263000000000541, "x4": 0.7993000000000012, "x5": -0.6381999999999435}, "datetime": {"datetime": "2020-10-20 14:29:40", "elapsed": 42.959707, "delta": 0.617704}}
{"target": 99.98319668130218, "params": {"x1": 88.00300000000006, "x2": 0.1323999999999459, "x3": -0.4203000000000543, "x4": 0.7963000000000013, "x5": -0.6351999999999434}, "datetime": {"datetime": "2020-10-20 14:29:41", "elapsed": 43.481572, "delta": 0.521865}}
{"target": 99.95800030223694, "params": {"x1": 88.00600000000006, "x2": 0.129399999999946, "x3": -0.4173000000000544, "x4": 0.7963000000000013, "x5": -0.6351999999999434}, "datetime": {"datetime": "2020-10-20 14:29:42", "elapsed": 44.094196, "delta": 0.612624}}
{"target": 99.95344124170045, "params": {"x1": 87.99700000000006, "x2": 0.13539999999994579, "x3": -0.4173000000000544, "x4": 0.7933000000000014, "x5": -0.6351999999999434}, "datetime": {"datetime": "2020-10-20 14:29:42", "elapsed": 44.439409, "delta": 0.345213}}
{"target": 99.90497805583286, "params": {"x1": 88.00900000000006, "x2": 0.13839999999994568, "x3": -0.4143000000000545, "x4": 0.7993000000000012, "x5": -0.6411999999999436}, "datetime": {"datetime": "2020-10-20 14:29:42", "elapsed": 44.996245, "delta": 0.556836}}
{"target": 99.98511654297208, "params": {"x1": 87.99700000000006, "x2": 0.13539999999994579, "x3": -0.4263000000000541, "x4": 0.8023000000000013, "x5": -0.6381999999999435}, "datetime": {"datetime": "2020-10-20 14:29:43", "elapsed": 45.575732, "delta": 0.579487}}
{"target": 99.89346352279837, "params": {"x1": 88.01200000000006, "x2": 0.13839999999994568, "x3": -0.42930000000005397, "x4": 0.8083000000000014, "x5": -0.6351999999999434}, "datetime": {"datetime": "2020-10-20 14:29:43", "elapsed": 45.882983, "delta": 0.307251}}
{"target": 99.99495606046986, "params": {"x1": 88.00300000000006, "x2": 0.1323999999999459, "x3": -0.4233000000000542, "x4": 0.7993000000000012, "x5": -0.6351999999999434}, "datetime": {"datetime": "2020-10-20 14:29:44", "elapsed": 46.62965, "delta": 0.746667}}
{"target": 99.95632064076085, "params": {"x1": 88.00000000000006, "x2": 0.13839999999994568, "x3": -0.4173000000000544, "x4": 0.8023000000000013, "x5": -0.6291999999999431}, "datetime": {"datetime": "2020-10-20 14:29:45", "elapsed": 47.082927, "delta": 0.453277}}
{"target": 99.6973368512466, "params": {"x1": 88.00300000000006, "x2": 0.14139999999994557, "x3": -0.40830000000005473, "x4": 0.8023000000000013, "x5": -0.6561999999999442}, "datetime": {"datetime": "2020-10-20 14:29:45", "elapsed": 47.558696, "delta": 0.475769}}
{"target": 99.84741185551675, "params": {"x1": 87.98800000000006, "x2": 0.14739999999994535, "x3": -0.4233000000000542, "x4": 0.7993000000000012, "x5": -0.6381999999999435}, "datetime": {"datetime": "2020-10-20 14:29:45", "elapsed": 48.022482, "delta": 0.463786}}
{"target": 99.914093705766, "params": {"x1": 88.01200000000006, "x2": 0.1263999999999461, "x3": -0.4263000000000541, "x4": 0.8053000000000015, "x5": -0.6321999999999433}, "datetime": {"datetime": "2020-10-20 14:29:46", "elapsed": 48.550079, "delta": 0.527597}}
{"target": 99.77427901531499, "params": {"x1": 88.00600000000006, "x2": 0.14739999999994535, "x3": -0.4263000000000541, "x4": 0.7843000000000013, "x5": -0.6381999999999435}, "datetime": {"datetime": "2020-10-20 14:29:46", "elapsed": 48.982907, "delta": 0.432828}}
{"target": 99.25017114604047, "params": {"x1": 87.97600000000006, "x2": 0.11439999999994654, "x3": -0.43830000000005365, "x4": 0.7963000000000013, "x5": -0.6621999999999444}, "datetime": {"datetime": "2020-10-20 14:29:47", "elapsed": 49.351845, "delta": 0.368938}}
{"target": 99.62186320236803, "params": {"x1": 87.98200000000006, "x2": 0.12039999999994633, "x3": -0.42930000000005397, "x4": 0.8023000000000013, "x5": -0.6561999999999442}, "datetime": {"datetime": "2020-10-20 14:29:47", "elapsed": 49.819974, "delta": 0.468129}}
