{"target": -171.09054843035628, "params": {"x1": -99.5735943569112, "x2": 264.3893921305897, "x3": -599.8627502191862, "x4": -237.20091284179227, "x5": -423.89293101946436}, "datetime": {"datetime": "2020-10-18 19:47:48", "elapsed": 0.0, "delta": 0.0}}
{"target": -214.1196368984251, "params": {"x1": 336.5077303877637, "x2": 538.4241388965111, "x3": -319.1203018802242, "x4": 519.4292397290772, "x5": -293.60276222805834}, "datetime": {"datetime": "2020-10-18 19:47:48", "elapsed": 0.025877, "delta": 0.025877}}
{"target": -38.47355168013104, "params": {"x1": -240.1216405655419, "x2": -49.844736030935564, "x3": 103.36530562359565, "x4": 291.705215282998, "x5": -30.962897596089647}, "datetime": {"datetime": "2020-10-18 19:47:48", "elapsed": 0.057992, "delta": 0.032115}}
{"target": -113.82500626358859, "params": {"x1": 283.4145639328449, "x2": 228.55240379701547, "x3": -484.962658817331, "x4": 209.54962834626247, "x5": 182.2518785687471}, "datetime": {"datetime": "2020-10-18 19:47:48", "elapsed": 0.091732, "delta": 0.03374}}
{"target": -144.30164386955926, "params": {"x1": -133.82695170872006, "x2": 510.9026471718819, "x3": 418.52061624761325, "x4": 103.84073803430954, "x5": -336.7361841569252}, "datetime": {"datetime": "2020-10-18 19:47:48", "elapsed": 0.130444, "delta": 0.038712}}
{"target": -179.42512180457007, "params": {"x1": -502.92057896506765, "x2": 419.9613158749313, "x3": 361.53758969723367, "x4": 225.48448613434698, "x5": 307.2169456443388}, "datetime": {"datetime": "2020-10-18 19:47:48", "elapsed": 0.170025, "delta": 0.039581}}
{"target": -239.86984658799912, "params": {"x1": -319.3857685870025, "x2": -435.14526307189624, "x3": 460.7538153146886, "x4": -592.9393359319838, "x5": 298.68833229887196}, "datetime": {"datetime": "2020-10-18 19:47:48", "elapsed": 0.208972, "delta": 0.038947}}
{"target": -155.51974719881574, "params": {"x1": 60.532749219829725, "x2": -343.138231075944, "x3": 579.2001317037011, "x4": -88.37386822908047, "x5": 390.0586975052063}, "datetime": {"datetime": "2020-10-18 19:47:48", "elapsed": 0.247296, "delta": 0.038324}}
{"target": -38.471788470948105, "params": {"x1": 193.60849497838274, "x2": 5.096861291063533, "x3": -286.71302704272216, "x4": 146.7626535382003, "x5": -111.82791540895647}, "datetime": {"datetime": "2020-10-18 19:47:49", "elapsed": 0.286932, "delta": 0.039636}}
{"target": -128.67764938073276, "params": {"x1": -430.98872869077684, "x2": -279.79322866462263, "x3": 420.78133218093296, "x4": -61.20216275135965, "x5": 252.59217525004988}, "datetime": {"datetime": "2020-10-18 19:47:49", "elapsed": 0.328324, "delta": 0.041392}}
{"target": -35.351602149082666, "params": {"x1": 180.25573760890364, "x2": -0.3368441736325059, "x3": -275.1383280083507, "x4": 150.10110170329543, "x5": -101.99917111284384}, "datetime": {"datetime": "2020-10-18 19:47:49", "elapsed": 0.753798, "delta": 0.425474}}
{"target": -30.35081252122211, "params": {"x1": 156.53565372902113, "x2": -9.56994821692, "x3": -254.01838823511224, "x4": 156.34954559724372, "x5": -87.34089334736285}, "datetime": {"datetime": "2020-10-18 19:47:50", "elapsed": 1.329922, "delta": 0.576124}}
{"target": -23.042952902008828, "params": {"x1": 114.73348558079243, "x2": -25.36361167980834, "x3": -213.52519457355538, "x4": 168.4827889523158, "x5": -77.5768237777028}, "datetime": {"datetime": "2020-10-18 19:47:50", "elapsed": 1.833134, "delta": 0.503212}}
{"target": -19.38038492055504, "params": {"x1": 79.83801468480512, "x2": -39.4480270406915, "x3": -177.5329225454813, "x4": 179.77476332924425, "x5": -83.1174240311749}, "datetime": {"datetime": "2020-10-18 19:47:51", "elapsed": 2.567013, "delta": 0.733879}}
{"target": -24.833528567340498, "params": {"x1": 198.9211523550897, "x2": 30.322076156332628, "x3": -94.39183590531917, "x4": 86.54311506723218, "x5": -211.68217275969937}, "datetime": {"datetime": "2020-10-18 19:47:51", "elapsed": 2.60519, "delta": 0.038177}}
{"target": -16.056904526806143, "params": {"x1": 114.08392414834786, "x2": -28.20313254356017, "x3": -119.43204519213928, "x4": 143.19519593246656, "x5": -132.8670783739675}, "datetime": {"datetime": "2020-10-18 19:47:52", "elapsed": 3.295438, "delta": 0.690248}}
{"target": -16.67201273651682, "params": {"x1": 110.85432932171477, "x2": -38.1366517963405, "x3": -126.54721921344888, "x4": 148.71235924823108, "x5": -129.50243708014202}, "datetime": {"datetime": "2020-10-18 19:47:52", "elapsed": 4.088318, "delta": 0.79288}}
{"target": -13.099812926960665, "params": {"x1": 93.48165397615992, "x2": 0.5821910408136188, "x3": -108.0120477588088, "x4": 142.8626059736918, "x5": -114.99458712382072}, "datetime": {"datetime": "2020-10-18 19:47:53", "elapsed": 4.741049, "delta": 0.652731}}
{"target": -10.329997540193549, "params": {"x1": 68.64787771578155, "x2": 10.442518624700721, "x3": -91.24490968588248, "x4": 140.53912883719707, "x5": -91.4206026822351}, "datetime": {"datetime": "2020-10-18 19:47:54", "elapsed": 5.450411, "delta": 0.709362}}
{"target": -6.695950276181861, "params": {"x1": 50.76000000002466, "x2": 0.24000000002274646, "x3": -63.959999999979686, "x4": 126.00000000002751, "x5": -60.479999999979555}, "datetime": {"datetime": "2020-10-18 19:47:54", "elapsed": 6.228865, "delta": 0.778454}}
{"target": -5.065022086955603, "params": {"x1": 59.40000000002499, "x2": -17.999999999977945, "x3": -49.79999999997915, "x4": 107.1600000000268, "x5": -36.95999999997866}, "datetime": {"datetime": "2020-10-18 19:47:55", "elapsed": 7.132291, "delta": 0.903426}}
{"target": -5.298897261279893, "params": {"x1": 72.24000000002547, "x2": -17.999999999977945, "x3": -47.279999999979054, "x4": 106.56000000002678, "x5": -30.83999999997843}, "datetime": {"datetime": "2020-10-18 19:47:56", "elapsed": 7.80819, "delta": 0.675899}}
{"target": -149.24115248026135, "params": {"x1": 268.4400000000329, "x2": 199.9200000000303, "x3": 98.16000000002646, "x4": -562.5599999999986, "x5": 364.80000000003656}, "datetime": {"datetime": "2020-10-18 19:47:56", "elapsed": 7.886257, "delta": 0.078067}}
{"target": -4.733781242553882, "params": {"x1": 57.84000000002493, "x2": -28.559999999978345, "x3": -55.79999999997938, "x4": 96.00000000002638, "x5": -38.15999999997871}, "datetime": {"datetime": "2020-10-18 19:47:57", "elapsed": 8.655778, "delta": 0.769521}}
{"target": -4.916158761846168, "params": {"x1": 55.20000000002483, "x2": -24.839999999978204, "x3": -59.27999999997951, "x4": 91.5600000000262, "x5": -34.43999999997857}, "datetime": {"datetime": "2020-10-18 19:47:58", "elapsed": 9.488245, "delta": 0.832467}}
{"target": -4.592636370760928, "params": {"x1": 56.400000000024875, "x2": -37.07999999997867, "x3": -47.15999999997905, "x4": 93.00000000002626, "x5": -45.11999999997897}, "datetime": {"datetime": "2020-10-18 19:47:58", "elapsed": 10.021772, "delta": 0.533527}}
{"target": -4.734495838833471, "params": {"x1": 54.72000000002481, "x2": -40.439999999978795, "x3": -46.43999999997902, "x4": 97.68000000002644, "x5": -40.679999999978804}, "datetime": {"datetime": "2020-10-18 19:47:59", "elapsed": 10.687889, "delta": 0.666117}}
{"target": -5.046520539174181, "params": {"x1": 64.68000000002519, "x2": -27.11999999997829, "x3": -47.039999999979045, "x4": 96.24000000002638, "x5": -56.15999999997939}, "datetime": {"datetime": "2020-10-18 19:48:00", "elapsed": 11.500577, "delta": 0.812688}}
{"target": -4.3112535350018995, "params": {"x1": 55.92000000002486, "x2": -54.47999999997933, "x3": -42.59999999997888, "x4": 77.52000000002568, "x5": -50.87999999997919}, "datetime": {"datetime": "2020-10-18 19:48:01", "elapsed": 12.271931, "delta": 0.771354}}
{"target": -4.0411942649137735, "params": {"x1": 61.80000000002508, "x2": -61.07999999997958, "x3": -36.239999999978636, "x4": 58.08000000002494, "x5": -55.79999999997938}, "datetime": {"datetime": "2020-10-18 19:48:01", "elapsed": 12.926537, "delta": 0.654606}}
{"target": -5.110707565605227, "params": {"x1": 66.12000000002524, "x2": -79.67999999998028, "x3": -52.91999999997927, "x4": 42.960000000024365, "x5": -66.9599999999798}, "datetime": {"datetime": "2020-10-18 19:48:02", "elapsed": 13.636243, "delta": 0.709706}}
{"target": -3.5193874796318823, "params": {"x1": 63.240000000025134, "x2": -53.99999999997931, "x3": -34.19999999997856, "x4": 48.720000000024584, "x5": -46.55999999997903}, "datetime": {"datetime": "2020-10-18 19:48:03", "elapsed": 14.394028, "delta": 0.757785}}
{"target": -2.752763735579351, "params": {"x1": 49.92000000002463, "x2": -58.43999999997948, "x3": -14.879999999977827, "x4": 32.400000000023965, "x5": -48.4799999999791}, "datetime": {"datetime": "2020-10-18 19:48:03", "elapsed": 14.873458, "delta": 0.47943}}
{"target": -2.6253806050587705, "params": {"x1": 34.92000000002406, "x2": -71.03999999997995, "x3": -11.399999999977695, "x4": 20.760000000023524, "x5": -39.359999999978754}, "datetime": {"datetime": "2020-10-18 19:48:04", "elapsed": 15.793511, "delta": 0.920053}}
{"target": -2.3457187925046705, "params": {"x1": 28.920000000023833, "x2": -70.55999999997994, "x3": -10.319999999977654, "x4": 3.840000000022883, "x5": -38.039999999978704}, "datetime": {"datetime": "2020-10-18 19:48:05", "elapsed": 16.421011, "delta": 0.6275}}
{"target": -2.6291106824192028, "params": {"x1": 38.760000000024206, "x2": -59.159999999979505, "x3": -19.19999999997799, "x4": -15.719999999977858, "x5": -46.31999999997902}, "datetime": {"datetime": "2020-10-18 19:48:05", "elapsed": 17.13235, "delta": 0.711339}}
{"target": -2.058817780351383, "params": {"x1": 31.920000000023947, "x2": -45.35999999997898, "x3": 4.680000000022915, "x4": -11.399999999977695, "x5": -50.15999999997916}, "datetime": {"datetime": "2020-10-18 19:48:06", "elapsed": 17.896061, "delta": 0.763711}}
{"target": -1.5962757862396673, "params": {"x1": 28.32000000002381, "x2": -53.51999999997929, "x3": 10.920000000023151, "x4": 10.08000000002312, "x5": -33.47999999997853}, "datetime": {"datetime": "2020-10-18 19:48:07", "elapsed": 18.734903, "delta": 0.838842}}
{"target": -1.6169550585543695, "params": {"x1": 30.600000000023897, "x2": -37.31999999997868, "x3": 8.040000000023042, "x4": -4.439999999977431, "x5": -25.55999999997823}, "datetime": {"datetime": "2020-10-18 19:48:07", "elapsed": 19.24753, "delta": 0.512627}}
{"target": -1.6969410211522253, "params": {"x1": 25.800000000023715, "x2": -25.679999999978236, "x3": 24.12000000002365, "x4": -16.679999999977895, "x5": -38.39999999997872}, "datetime": {"datetime": "2020-10-18 19:48:08", "elapsed": 19.713523, "delta": 0.465993}}
{"target": -2.170800510827829, "params": {"x1": 19.680000000023483, "x2": -55.07999999997935, "x3": 31.080000000023915, "x4": 17.040000000023383, "x5": -47.279999999979054}, "datetime": {"datetime": "2020-10-18 19:48:08", "elapsed": 20.140075, "delta": 0.426552}}
{"target": -2.1895816872409926, "params": {"x1": 23.880000000023642, "x2": -54.959999999979345, "x3": 33.480000000024006, "x4": -4.67999999997744, "x5": -40.31999999997879}, "datetime": {"datetime": "2020-10-18 19:48:09", "elapsed": 20.639449, "delta": 0.499374}}
{"target": -1.6426845547235442, "params": {"x1": 33.720000000024015, "x2": -33.71999999997854, "x3": 17.640000000023406, "x4": 10.800000000023147, "x5": -43.1999999999789}, "datetime": {"datetime": "2020-10-18 19:48:10", "elapsed": 21.314382, "delta": 0.674933}}
{"target": -1.4803937805368625, "params": {"x1": 17.5200000000234, "x2": -15.119999999977836, "x3": 24.720000000023674, "x4": 30.12000000002388, "x5": -36.35999999997864}, "datetime": {"datetime": "2020-10-18 19:48:10", "elapsed": 21.916774, "delta": 0.602392}}
{"target": -1.5647427187459984, "params": {"x1": 8.160000000023047, "x2": -44.87999999997896, "x3": -0.8399999999772945, "x4": -18.35999999997796, "x5": -24.599999999978195}, "datetime": {"datetime": "2020-10-18 19:48:11", "elapsed": 22.403604, "delta": 0.48683}}
{"target": -1.0906540805475498, "params": {"x1": -3.599999999977399, "x2": -30.23999999997841, "x3": 6.360000000022978, "x4": 12.840000000023224, "x5": -31.919999999978472}, "datetime": {"datetime": "2020-10-18 19:48:11", "elapsed": 22.803812, "delta": 0.400208}}
{"target": -2.1799389864884717, "params": {"x1": -2.279999999977349, "x2": -72.71999999998002, "x3": 9.960000000023115, "x4": 2.520000000022833, "x5": -31.07999999997844}, "datetime": {"datetime": "2020-10-18 19:48:12", "elapsed": 23.332558, "delta": 0.528746}}
{"target": -6.2176159480402395, "params": {"x1": 99.72000000002652, "x2": -36.11999999997863, "x3": -22.679999999978122, "x4": 103.56000000002666, "x5": -41.27999999997883}, "datetime": {"datetime": "2020-10-18 19:48:12", "elapsed": 23.701954, "delta": 0.369396}}
{"target": -1.7366085210065776, "params": {"x1": 25.200000000023692, "x2": -5.519999999977472, "x3": 24.480000000023665, "x4": 33.60000000002401, "x5": -50.87999999997919}, "datetime": {"datetime": "2020-10-18 19:48:12", "elapsed": 24.222815, "delta": 0.520861}}
{"target": -1.702511620834514, "params": {"x1": 17.280000000023392, "x2": -25.79999999997824, "x3": 19.08000000002346, "x4": 5.88000000002296, "x5": -58.079999999979464}, "datetime": {"datetime": "2020-10-18 19:48:13", "elapsed": 24.729714, "delta": 0.506899}}
{"target": -1.7688910014764367, "params": {"x1": -10.439999999977658, "x2": 21.600000000023556, "x3": 6.120000000022969, "x4": 38.04000000002418, "x5": -49.31999999997913}, "datetime": {"datetime": "2020-10-18 19:48:13", "elapsed": 25.167876, "delta": 0.438162}}
{"target": -2.5799941555123174, "params": {"x1": -75.83999999998014, "x2": -20.159999999978027, "x3": 8.52000000002306, "x4": 7.20000000002301, "x5": -0.959999999977299}, "datetime": {"datetime": "2020-10-18 19:48:14", "elapsed": 25.558264, "delta": 0.390388}}
{"target": -1.578977251961387, "params": {"x1": -27.959999999978322, "x2": 2.2737367544323206e-11, "x3": 29.520000000023856, "x4": -6.719999999977517, "x5": -30.359999999978413}, "datetime": {"datetime": "2020-10-18 19:48:14", "elapsed": 26.038493, "delta": 0.480229}}
{"target": -1.6189718817568162, "params": {"x1": -36.83999999997866, "x2": -20.639999999978045, "x3": -1.9199999999773354, "x4": -14.759999999977822, "x5": -22.0799999999781}, "datetime": {"datetime": "2020-10-18 19:48:15", "elapsed": 26.552733, "delta": 0.51424}}
{"target": -1.3530524732812204, "params": {"x1": -8.159999999977572, "x2": -19.19999999997799, "x3": 11.880000000023188, "x4": 0.24000000002274646, "x5": -43.43999999997891}, "datetime": {"datetime": "2020-10-18 19:48:15", "elapsed": 27.215272, "delta": 0.662539}}
{"target": -2.3592983627127304, "params": {"x1": -5.279999999977463, "x2": 7.800000000023033, "x3": 1.680000000022801, "x4": 51.960000000024706, "x5": -70.79999999997995}, "datetime": {"datetime": "2020-10-18 19:48:16", "elapsed": 27.713998, "delta": 0.498726}}
{"target": -2.321412274208769, "params": {"x1": -59.399999999979514, "x2": 10.200000000023124, "x3": 17.400000000023397, "x4": 33.84000000002402, "x5": -30.359999999978413}, "datetime": {"datetime": "2020-10-18 19:48:16", "elapsed": 28.122798, "delta": 0.4088}}
{"target": -2.816524565427952, "params": {"x1": 21.48000000002355, "x2": -62.879999999979646, "x3": 57.24000000002491, "x4": 4.2000000000228965, "x5": -44.27999999997894}, "datetime": {"datetime": "2020-10-18 19:48:17", "elapsed": 28.478612, "delta": 0.355814}}
{"target": -1.4933080383794468, "params": {"x1": -0.11999999997726718, "x2": -41.87999999997885, "x3": -6.1199999999774946, "x4": 7.9200000000230375, "x5": -26.159999999978254}, "datetime": {"datetime": "2020-10-18 19:48:17", "elapsed": 28.861237, "delta": 0.382625}}
{"target": -1.1512805966892912, "params": {"x1": 3.4800000000228692, "x2": -33.599999999978536, "x3": 6.000000000022965, "x4": 14.760000000023297, "x5": -16.199999999977877}, "datetime": {"datetime": "2020-10-18 19:48:18", "elapsed": 29.353907, "delta": 0.49267}}
{"target": -1.5710374599195287, "params": {"x1": -15.47999999997785, "x2": -38.63999999997873, "x3": 6.360000000022978, "x4": -23.039999999978136, "x5": 2.2737367544323206e-11}, "datetime": {"datetime": "2020-10-18 19:48:18", "elapsed": 29.912846, "delta": 0.558939}}
{"target": -1.5733012187396775, "params": {"x1": -15.47999999997785, "x2": -51.95999999997923, "x3": 9.960000000023115, "x4": -31.919999999978472, "x5": -11.999999999977717}, "datetime": {"datetime": "2020-10-18 19:48:19", "elapsed": 30.412081, "delta": 0.499235}}
{"target": -8.502107218687005, "params": {"x1": 19.440000000023474, "x2": -99.59999999998104, "x3": -83.51999999998043, "x4": -102.23999999998114, "x5": -18.95999999997798}, "datetime": {"datetime": "2020-10-18 19:48:19", "elapsed": 30.751552, "delta": 0.339471}}
{"target": -3.167576208675477, "params": {"x1": 36.84000000002413, "x2": -26.03999999997825, "x3": -10.319999999977654, "x4": -54.719999999979336, "x5": -65.75999999997975}, "datetime": {"datetime": "2020-10-18 19:48:19", "elapsed": 31.241783, "delta": 0.490231}}
{"target": -4.496682673923376, "params": {"x1": 99.60000000002651, "x2": 10.320000000023128, "x3": 27.360000000023774, "x4": -31.919999999978472, "x5": -35.399999999978604}, "datetime": {"datetime": "2020-10-18 19:48:20", "elapsed": 31.657873, "delta": 0.41609}}
{"target": -1.6773591278103772, "params": {"x1": -45.719999999978995, "x2": -8.8799999999776, "x3": 9.000000000023078, "x4": -20.879999999978054, "x5": -20.75999999997805}, "datetime": {"datetime": "2020-10-18 19:48:20", "elapsed": 32.090918, "delta": 0.433045}}
{"target": -3.27736871335586, "params": {"x1": 14.160000000023274, "x2": 61.80000000002508, "x3": 19.200000000023465, "x4": 24.720000000023674, "x5": -75.95999999998014}, "datetime": {"datetime": "2020-10-18 19:48:21", "elapsed": 32.528937, "delta": 0.438019}}
{"target": -4.699059555543437, "params": {"x1": 37.80000000002417, "x2": -33.95999999997855, "x3": -56.759999999979414, "x4": 111.84000000002698, "x5": -40.07999999997878}, "datetime": {"datetime": "2020-10-18 19:48:21", "elapsed": 32.956832, "delta": 0.427895}}
{"target": -1.997784475713578, "params": {"x1": -47.63999999997907, "x2": -8.519999999977586, "x3": 15.36000000002332, "x4": -16.31999999997788, "x5": -52.19999999997924}, "datetime": {"datetime": "2020-10-18 19:48:22", "elapsed": 33.415644, "delta": 0.458812}}
{"target": -2.780379315533098, "params": {"x1": 37.32000000002415, "x2": -11.999999999977717, "x3": 63.000000000025125, "x4": 8.040000000023042, "x5": -56.039999999979386}, "datetime": {"datetime": "2020-10-18 19:48:22", "elapsed": 33.968448, "delta": 0.552804}}
{"target": -3.9301731372129614, "params": {"x1": 105.24000000002673, "x2": -25.439999999978227, "x3": -27.959999999978322, "x4": 14.880000000023301, "x5": -23.39999999997815}, "datetime": {"datetime": "2020-10-18 19:48:23", "elapsed": 34.280218, "delta": 0.31177}}
{"target": -2.430973088503107, "params": {"x1": -41.63999999997884, "x2": -34.19999999997856, "x3": 4.800000000022919, "x4": 64.8000000000252, "x5": -45.59999999997899}, "datetime": {"datetime": "2020-10-18 19:48:23", "elapsed": 34.749293, "delta": 0.469075}}
{"target": -1.9001962854545773, "params": {"x1": 24.960000000023683, "x2": 9.600000000023101, "x3": -16.079999999977872, "x4": 0.7200000000227647, "x5": -63.47999999997967}, "datetime": {"datetime": "2020-10-18 19:48:23", "elapsed": 35.142448, "delta": 0.393155}}
{"target": -8.572236443707464, "params": {"x1": -23.519999999978154, "x2": -151.319999999983, "x3": -78.71999999998025, "x4": -9.839999999977636, "x5": -55.79999999997938}, "datetime": {"datetime": "2020-10-18 19:48:24", "elapsed": 35.579152, "delta": 0.436704}}
{"target": -3.3497607151695292, "params": {"x1": 35.280000000024074, "x2": -45.23999999997898, "x3": -22.91999999997813, "x4": -67.67999999997983, "x5": -9.479999999977622}, "datetime": {"datetime": "2020-10-18 19:48:24", "elapsed": 35.976988, "delta": 0.397836}}
{"target": -12.066389071545439, "params": {"x1": 102.96000000002664, "x2": -153.7199999999831, "x3": -0.4799999999772808, "x4": -99.59999999998104, "x5": -5.8799999999774855}, "datetime": {"datetime": "2020-10-18 19:48:25", "elapsed": 36.349623, "delta": 0.372635}}
{"target": -6.464716363671503, "params": {"x1": -75.83999999998014, "x2": 80.04000000002577, "x3": -2.3999999999773536, "x4": 54.000000000024784, "x5": -84.35999999998046}, "datetime": {"datetime": "2020-10-18 19:48:25", "elapsed": 36.663407, "delta": 0.313784}}
{"target": -4.0403296007929175, "params": {"x1": -68.51999999997986, "x2": 24.000000000023647, "x3": 39.12000000002422, "x4": -30.359999999978413, "x5": -68.87999999997987}, "datetime": {"datetime": "2020-10-18 19:48:25", "elapsed": 36.960889, "delta": 0.297482}}
{"target": -2.6983403015359926, "params": {"x1": 61.920000000025084, "x2": 5.88000000002296, "x3": 43.8000000000244, "x4": 17.640000000023406, "x5": -70.19999999997992}, "datetime": {"datetime": "2020-10-18 19:48:26", "elapsed": 37.335817, "delta": 0.374928}}
{"target": -2.1727524003781973, "params": {"x1": 15.240000000023315, "x2": -78.35999999998023, "x3": 13.320000000023242, "x4": 9.240000000023088, "x5": -9.839999999977636}, "datetime": {"datetime": "2020-10-18 19:48:26", "elapsed": 37.81551, "delta": 0.479693}}
{"target": -3.574472685667856, "params": {"x1": 72.24000000002547, "x2": 0.48000000002275556, "x3": -21.83999999997809, "x4": 31.920000000023947, "x5": -82.6799999999804}, "datetime": {"datetime": "2020-10-18 19:48:26", "elapsed": 38.207299, "delta": 0.391789}}
{"target": -5.543880053219671, "params": {"x1": -9.119999999977608, "x2": -33.839999999978545, "x3": -59.51999999997952, "x4": -96.47999999998092, "x5": 39.12000000002422}, "datetime": {"datetime": "2020-10-18 19:48:27", "elapsed": 38.621844, "delta": 0.414545}}
{"target": -5.65850089098822, "params": {"x1": -42.839999999978886, "x2": -86.87999999998056, "x3": -73.43999999998005, "x4": -26.999999999978286, "x5": -64.79999999997972}, "datetime": {"datetime": "2020-10-18 19:48:27", "elapsed": 38.955528, "delta": 0.333684}}
