{"target": 82.21991344293102, "params": {"x1": 88.6680880188103, "x2": 2.0136979737686325, "x3": -1.4228425007306205, "x4": 1.011630290527359, "x5": -1.0481764367315478}, "datetime": {"datetime": "2020-10-19 22:12:02", "elapsed": 0.0, "delta": 0.0}}
{"target": 54.853448664929154, "params": {"x1": 90.32624443194574, "x2": -0.8599401673907586, "x3": 2.5162436807859168, "x4": 3.064561767275018, "x5": 2.1193385214534732}, "datetime": {"datetime": "2020-10-19 22:12:02", "elapsed": 0.107919, "delta": 0.107919}}
{"target": 79.02166785807754, "params": {"x1": 88.20000000000002, "x2": 1.1324, "x3": 0.9767000000000008, "x4": 2.6023000000000005, "x5": 0.3648000000000009}, "datetime": {"datetime": "2020-10-19 22:12:02", "elapsed": 0.145947, "delta": 0.038028}}
{"target": 83.61276843018928, "params": {"x1": 88.60000000000002, "x2": 1.9324000000000003, "x3": -1.4233, "x4": 1.0023000000000002, "x5": -0.8351999999999997}, "datetime": {"datetime": "2020-10-19 22:12:02", "elapsed": 0.421029, "delta": 0.275082}}
{"target": 71.6210623246098, "params": {"x1": 89.40000000000003, "x2": -0.0676, "x3": 2.5767000000000015, "x4": 1.4023, "x5": 1.564800000000001}, "datetime": {"datetime": "2020-10-19 22:12:04", "elapsed": 1.815609, "delta": 1.39458}}
{"target": 85.12944622184446, "params": {"x1": 88.60000000000002, "x2": 1.9324000000000003, "x3": -1.4233, "x4": 1.0023000000000002, "x5": -0.4351999999999996}, "datetime": {"datetime": "2020-10-19 22:12:04", "elapsed": 2.311271, "delta": 0.495662}}
{"target": 87.80489823952969, "params": {"x1": 88.20000000000002, "x2": 1.5324000000000004, "x3": -1.4233, "x4": 1.0023000000000002, "x5": -0.035199999999999454}, "datetime": {"datetime": "2020-10-19 22:12:05", "elapsed": 2.850867, "delta": 0.539596}}
{"target": 84.42525955274427, "params": {"x1": 87.80000000000001, "x2": 1.5324000000000004, "x3": -1.4233, "x4": 0.6023000000000001, "x5": -0.035199999999999454}, "datetime": {"datetime": "2020-10-19 22:12:05", "elapsed": 3.568943, "delta": 0.718076}}
{"target": 92.74217971837365, "params": {"x1": 88.20000000000002, "x2": 1.1324, "x3": -1.4233, "x4": 1.4023, "x5": -0.035199999999999454}, "datetime": {"datetime": "2020-10-19 22:12:06", "elapsed": 3.929268, "delta": 0.360325}}
{"target": 89.9104058549556, "params": {"x1": 88.20000000000002, "x2": 1.1324, "x3": -1.4233, "x4": 1.8023, "x5": -0.035199999999999454}, "datetime": {"datetime": "2020-10-19 22:12:06", "elapsed": 4.399233, "delta": 0.469965}}
{"target": 92.00382213968882, "params": {"x1": 88.20000000000002, "x2": 0.7324, "x3": -1.4233, "x4": 1.4023, "x5": -0.035199999999999454}, "datetime": {"datetime": "2020-10-19 22:12:09", "elapsed": 6.920339, "delta": 2.521106}}
{"target": 88.42327221289962, "params": {"x1": 88.60000000000002, "x2": 1.1324, "x3": -1.4233, "x4": 1.4023, "x5": -0.035199999999999454}, "datetime": {"datetime": "2020-10-19 22:12:13", "elapsed": 11.435123, "delta": 4.514784}}
{"target": 87.79816149868459, "params": {"x1": 88.20000000000002, "x2": 0.7324, "x3": -1.0232999999999999, "x4": 1.4023, "x5": -0.035199999999999454}, "datetime": {"datetime": "2020-10-19 22:12:13", "elapsed": 11.54147, "delta": 0.106347}}
{"target": 79.81827207962488, "params": {"x1": 90.20000000000005, "x2": -0.4676, "x3": 1.3767000000000007, "x4": 1.4023, "x5": 1.1648000000000007}, "datetime": {"datetime": "2020-10-19 22:12:13", "elapsed": 11.598099, "delta": 0.056629}}
{"target": 63.955936648419154, "params": {"x1": 91.00000000000006, "x2": -0.4676, "x3": -1.0232999999999999, "x4": 1.4023, "x5": 2.3648000000000016}, "datetime": {"datetime": "2020-10-19 22:12:14", "elapsed": 11.873013, "delta": 0.274914}}
{"target": 88.79488113821571, "params": {"x1": 87.80000000000001, "x2": 1.1324, "x3": -1.0232999999999999, "x4": 1.4023, "x5": -0.035199999999999454}, "datetime": {"datetime": "2020-10-19 22:12:14", "elapsed": 12.585141, "delta": 0.712128}}
{"target": 89.41827207962574, "params": {"x1": 88.20000000000002, "x2": 1.1324, "x3": -1.4233, "x4": 1.4023, "x5": -0.4351999999999996}, "datetime": {"datetime": "2020-10-19 22:12:16", "elapsed": 14.419271, "delta": 1.83413}}
{"target": 77.9206934949673, "params": {"x1": 90.20000000000005, "x2": 0.7324, "x3": 1.776700000000001, "x4": 1.4023, "x5": -0.035199999999999454}, "datetime": {"datetime": "2020-10-19 22:12:16", "elapsed": 14.487235, "delta": 0.067964}}
{"target": 85.72281311515798, "params": {"x1": 87.80000000000001, "x2": 0.33240000000000014, "x3": -1.4233, "x4": 1.4023, "x5": 0.7648000000000008}, "datetime": {"datetime": "2020-10-19 22:12:17", "elapsed": 14.692228, "delta": 0.204993}}
{"target": 86.81276843018934, "params": {"x1": 87.80000000000001, "x2": 0.33240000000000014, "x3": -1.4233, "x4": 1.0023000000000002, "x5": -0.035199999999999454}, "datetime": {"datetime": "2020-10-19 22:12:17", "elapsed": 14.885125, "delta": 0.192897}}
{"target": 92.71905355495035, "params": {"x1": 88.60000000000002, "x2": 0.7324, "x3": -1.4233, "x4": 1.0023000000000002, "x5": 0.3648000000000009}, "datetime": {"datetime": "2020-10-19 22:12:18", "elapsed": 16.018998, "delta": 1.133873}}
{"target": 78.18846992928351, "params": {"x1": 90.20000000000005, "x2": -0.0676, "x3": 1.776700000000001, "x4": 2.6023000000000005, "x5": -0.4351999999999996}, "datetime": {"datetime": "2020-10-19 22:12:19", "elapsed": 16.864323, "delta": 0.845325}}
{"target": 86.30446418837548, "params": {"x1": 87.80000000000001, "x2": 1.1324, "x3": -1.4233, "x4": 1.4023, "x5": 0.7648000000000008}, "datetime": {"datetime": "2020-10-19 22:12:19", "elapsed": 17.091655, "delta": 0.227332}}
{"target": 88.09376544047453, "params": {"x1": 88.60000000000002, "x2": 0.7324, "x3": -1.4233, "x4": 0.6023000000000001, "x5": -0.035199999999999454}, "datetime": {"datetime": "2020-10-19 22:12:20", "elapsed": 18.626284, "delta": 1.534629}}
{"target": 87.80489823952969, "params": {"x1": 88.20000000000002, "x2": 0.7324, "x3": -1.4233, "x4": 1.0023000000000002, "x5": 0.7648000000000008}, "datetime": {"datetime": "2020-10-19 22:12:21", "elapsed": 18.884337, "delta": 0.258053}}
{"target": 91.11905355495085, "params": {"x1": 89.00000000000003, "x2": 0.7324, "x3": -1.4233, "x4": 1.0023000000000002, "x5": 0.7648000000000008}, "datetime": {"datetime": "2020-10-19 22:12:21", "elapsed": 19.00236, "delta": 0.118023}}
{"target": 89.40489823952964, "params": {"x1": 88.60000000000002, "x2": 0.33240000000000014, "x3": -1.4233, "x4": 1.0023000000000002, "x5": -0.035199999999999454}, "datetime": {"datetime": "2020-10-19 22:12:21", "elapsed": 19.25157, "delta": 0.24921}}
{"target": 74.98846992928351, "params": {"x1": 90.20000000000005, "x2": -0.0676, "x3": 1.776700000000001, "x4": 2.6023000000000005, "x5": 1.1648000000000007}, "datetime": {"datetime": "2020-10-19 22:12:21", "elapsed": 19.400498, "delta": 0.148928}}
{"target": 87.19488113821572, "params": {"x1": 88.60000000000002, "x2": 1.1324, "x3": -1.4233, "x4": 1.4023, "x5": 0.3648000000000009}, "datetime": {"datetime": "2020-10-19 22:12:22", "elapsed": 19.636027, "delta": 0.235529}}
{"target": 83.2514703092578, "params": {"x1": 89.00000000000003, "x2": 0.33240000000000014, "x3": -1.4233, "x4": 0.20230000000000004, "x5": 0.7648000000000008}, "datetime": {"datetime": "2020-10-19 22:12:22", "elapsed": 19.867929, "delta": 0.231902}}
{"target": 89.90394178492755, "params": {"x1": 89.00000000000003, "x2": 0.33240000000000014, "x3": -1.4233, "x4": 1.4023, "x5": 0.3648000000000009}, "datetime": {"datetime": "2020-10-19 22:12:22", "elapsed": 20.122173, "delta": 0.254244}}
{"target": 43.312058646853075, "params": {"x1": 91.00000000000006, "x2": 3.1324, "x3": -1.4233, "x4": 3.8023, "x5": 2.3648000000000016}, "datetime": {"datetime": "2020-10-19 22:12:23", "elapsed": 20.670673, "delta": 0.5485}}
{"target": 92.74217971837388, "params": {"x1": 88.60000000000002, "x2": 0.33240000000000014, "x3": -1.4233, "x4": 1.4023, "x5": 0.3648000000000009}, "datetime": {"datetime": "2020-10-19 22:12:23", "elapsed": 20.910637, "delta": 0.239964}}
{"target": 89.4048982395297, "params": {"x1": 88.20000000000002, "x2": 0.7324, "x3": -1.4233, "x4": 1.0023000000000002, "x5": -0.035199999999999454}, "datetime": {"datetime": "2020-10-19 22:12:23", "elapsed": 21.128202, "delta": 0.217565}}
{"target": 88.42327221289962, "params": {"x1": 88.60000000000002, "x2": 0.7324, "x3": -1.4233, "x4": 1.4023, "x5": 0.3648000000000009}, "datetime": {"datetime": "2020-10-19 22:12:23", "elapsed": 21.371801, "delta": 0.243599}}
{"target": 89.42323349693385, "params": {"x1": 88.60000000000002, "x2": 0.33240000000000014, "x3": -1.4233, "x4": 1.0023000000000002, "x5": 0.3648000000000009}, "datetime": {"datetime": "2020-10-19 22:12:24", "elapsed": 21.664111, "delta": 0.29231}}
{"target": 71.31245900712977, "params": {"x1": 88.60000000000002, "x2": 0.7324, "x3": 2.5767000000000015, "x4": 3.0023, "x5": 1.1648000000000007}, "datetime": {"datetime": "2020-10-19 22:12:24", "elapsed": 21.735123, "delta": 0.071012}}
{"target": 92.01558235556902, "params": {"x1": 88.60000000000002, "x2": 0.7324, "x3": -1.4233, "x4": 1.0023000000000002, "x5": -0.035199999999999454}, "datetime": {"datetime": "2020-10-19 22:12:24", "elapsed": 22.440906, "delta": 0.705783}}
{"target": 67.91041061758499, "params": {"x1": 88.60000000000002, "x2": 2.7324, "x3": 2.176700000000001, "x4": 0.6023000000000001, "x5": 1.564800000000001}, "datetime": {"datetime": "2020-10-19 22:12:25", "elapsed": 23.128139, "delta": 0.687233}}
{"target": 73.35018843809561, "params": {"x1": 87.0, "x2": -0.0676, "x3": 2.5767000000000015, "x4": 0.6023000000000001, "x5": 0.3648000000000009}, "datetime": {"datetime": "2020-10-19 22:12:25", "elapsed": 23.226177, "delta": 0.098038}}
{"target": 78.71250359373403, "params": {"x1": 88.20000000000002, "x2": 2.3324000000000003, "x3": -1.0232999999999999, "x4": -0.1977, "x5": -0.8351999999999997}, "datetime": {"datetime": "2020-10-19 22:12:25", "elapsed": 23.317488, "delta": 0.091311}}
{"target": 89.41827207962574, "params": {"x1": 88.20000000000002, "x2": 0.33240000000000014, "x3": -1.4233, "x4": 1.4023, "x5": 0.3648000000000009}, "datetime": {"datetime": "2020-10-19 22:12:25", "elapsed": 23.460319, "delta": 0.142831}}
{"target": 63.776156699583204, "params": {"x1": 90.60000000000005, "x2": 1.5324000000000004, "x3": 2.176700000000001, "x4": 1.8023, "x5": 1.9648000000000014}, "datetime": {"datetime": "2020-10-19 22:12:25", "elapsed": 23.555502, "delta": 0.095183}}
{"target": 68.00840652074993, "params": {"x1": 91.00000000000006, "x2": -0.4676, "x3": 0.9767000000000008, "x4": 3.0023, "x5": -1.2351999999999999}, "datetime": {"datetime": "2020-10-19 22:12:26", "elapsed": 23.655701, "delta": 0.100199}}
{"target": 78.84881706280447, "params": {"x1": 89.00000000000003, "x2": 0.7324, "x3": -0.2232999999999996, "x4": 2.2023, "x5": 1.9648000000000014}, "datetime": {"datetime": "2020-10-19 22:12:26", "elapsed": 23.757922, "delta": 0.102221}}
{"target": 68.45702072462419, "params": {"x1": 90.60000000000005, "x2": 0.7324, "x3": 1.3767000000000007, "x4": 2.6023000000000005, "x5": 1.9648000000000014}, "datetime": {"datetime": "2020-10-19 22:12:26", "elapsed": 24.344465, "delta": 0.586543}}
{"target": 92.0038221396887, "params": {"x1": 88.60000000000002, "x2": 0.33240000000000014, "x3": -1.4233, "x4": 1.4023, "x5": -0.035199999999999454}, "datetime": {"datetime": "2020-10-19 22:12:27", "elapsed": 24.889049, "delta": 0.544584}}
{"target": 87.90446418837541, "params": {"x1": 88.60000000000002, "x2": -0.0676, "x3": -1.4233, "x4": 1.4023, "x5": 0.3648000000000009}, "datetime": {"datetime": "2020-10-19 22:12:27", "elapsed": 25.481433, "delta": 0.592384}}
{"target": 60.01135585898767, "params": {"x1": 91.00000000000006, "x2": 2.7324, "x3": 2.176700000000001, "x4": 2.2023, "x5": -0.8351999999999997}, "datetime": {"datetime": "2020-10-19 22:12:29", "elapsed": 27.461449, "delta": 1.980016}}
{"target": 62.72785905782884, "params": {"x1": 90.60000000000005, "x2": 3.1324, "x3": -0.6232999999999997, "x4": 3.0023, "x5": -1.2351999999999999}, "datetime": {"datetime": "2020-10-19 22:12:29", "elapsed": 27.584069, "delta": 0.12262}}
{"target": 85.01380853894972, "params": {"x1": 89.00000000000003, "x2": 1.1324, "x3": -1.0232999999999999, "x4": 1.0023000000000002, "x5": 0.3648000000000009}, "datetime": {"datetime": "2020-10-19 22:12:30", "elapsed": 28.001592, "delta": 0.417523}}
{"target": 89.65673741065164, "params": {"x1": 89.00000000000003, "x2": 0.33240000000000014, "x3": -1.4233, "x4": 1.0023000000000002, "x5": 0.3648000000000009}, "datetime": {"datetime": "2020-10-19 22:12:30", "elapsed": 28.143447, "delta": 0.141855}}
{"target": 69.1330379872681, "params": {"x1": 90.60000000000005, "x2": 2.5324000000000013, "x3": 0.9766999999999995, "x4": 2.6023000000000005, "x5": 1.1647999999999994}, "datetime": {"datetime": "2020-10-19 22:12:30", "elapsed": 28.280559, "delta": 0.137112}}
{"target": 89.76264164948871, "params": {"x1": 88.00000000000001, "x2": 1.132400000000001, "x3": -1.4233, "x4": 1.4023, "x5": -0.03520000000000034}, "datetime": {"datetime": "2020-10-19 22:12:31", "elapsed": 29.10446, "delta": 0.823901}}
{"target": 74.50794532642259, "params": {"x1": 89.60000000000004, "x2": -0.4675999999999999, "x3": 2.3766999999999987, "x4": 1.2023000000000001, "x5": -1.2352}, "datetime": {"datetime": "2020-10-19 22:12:31", "elapsed": 29.23695, "delta": 0.13249}}
{"target": 83.4284705704471, "params": {"x1": 87.2, "x2": 0.33240000000000036, "x3": -1.2233, "x4": 0.6023000000000001, "x5": 0.5647999999999993}, "datetime": {"datetime": "2020-10-19 22:12:31", "elapsed": 29.369432, "delta": 0.132482}}
{"target": 78.1361821277686, "params": {"x1": 87.60000000000001, "x2": -0.26759999999999984, "x3": 0.17669999999999964, "x4": 1.8023, "x5": 2.1647999999999987}, "datetime": {"datetime": "2020-10-19 22:12:31", "elapsed": 29.497218, "delta": 0.127786}}
{"target": 95.87692409239042, "params": {"x1": 88.60000000000002, "x2": 0.33240000000000036, "x3": -1.4233, "x4": 1.4023, "x5": 0.1647999999999996}, "datetime": {"datetime": "2020-10-19 22:12:32", "elapsed": 30.138667, "delta": 0.641449}}
{"target": 88.68854648078462, "params": {"x1": 88.80000000000003, "x2": 0.7324000000000005, "x3": -1.4233, "x4": 1.2023000000000001, "x5": 0.36479999999999957}, "datetime": {"datetime": "2020-10-19 22:12:32", "elapsed": 30.428719, "delta": 0.290052}}
{"target": 61.494813317968976, "params": {"x1": 90.00000000000004, "x2": 1.132400000000001, "x3": 1.576699999999999, "x4": 3.4023000000000003, "x5": 2.364799999999999}, "datetime": {"datetime": "2020-10-19 22:12:33", "elapsed": 30.713386, "delta": 0.284667}}
{"target": 76.89015718361605, "params": {"x1": 90.60000000000005, "x2": -0.6676, "x3": -0.22330000000000028, "x4": 0.6023000000000001, "x5": -1.2352}, "datetime": {"datetime": "2020-10-19 22:12:34", "elapsed": 31.68251, "delta": 0.969124}}
{"target": 87.62928798070551, "params": {"x1": 88.60000000000002, "x2": 0.7324000000000005, "x3": -1.2233, "x4": 1.4023, "x5": -0.03520000000000034}, "datetime": {"datetime": "2020-10-19 22:12:36", "elapsed": 33.697736, "delta": 2.015226}}
{"target": 87.19488113821572, "params": {"x1": 88.60000000000002, "x2": 1.132400000000001, "x3": -1.4233, "x4": 1.4023, "x5": 0.36479999999999957}, "datetime": {"datetime": "2020-10-19 22:12:36", "elapsed": 34.463755, "delta": 0.766019}}
{"target": 86.59714199545687, "params": {"x1": 88.80000000000003, "x2": 0.33240000000000036, "x3": -1.2233, "x4": 1.6023, "x5": 0.5647999999999993}, "datetime": {"datetime": "2020-10-19 22:12:38", "elapsed": 35.661847, "delta": 1.198092}}
{"target": 72.96949787515005, "params": {"x1": 89.40000000000003, "x2": 2.332400000000001, "x3": 0.9766999999999995, "x4": 2.8023, "x5": 0.9647999999999997}, "datetime": {"datetime": "2020-10-19 22:12:38", "elapsed": 35.801619, "delta": 0.139772}}
{"target": 83.5368480776237, "params": {"x1": 87.60000000000001, "x2": 0.7324000000000005, "x3": 1.1766999999999996, "x4": 0.0023000000000000242, "x5": 0.9647999999999997}, "datetime": {"datetime": "2020-10-19 22:12:38", "elapsed": 35.931544, "delta": 0.129925}}
{"target": 85.60173821025673, "params": {"x1": 87.60000000000001, "x2": 1.9324000000000008, "x3": -0.42330000000000023, "x4": 2.4023000000000003, "x5": 1.3647999999999991}, "datetime": {"datetime": "2020-10-19 22:12:38", "elapsed": 36.073208, "delta": 0.141664}}
{"target": 90.29013879478487, "params": {"x1": 88.20000000000002, "x2": 0.5324000000000003, "x3": -1.2233, "x4": 1.4023, "x5": -0.03520000000000034}, "datetime": {"datetime": "2020-10-19 22:12:39", "elapsed": 37.431223, "delta": 1.358015}}
{"target": 95.8769240923861, "params": {"x1": 88.20000000000002, "x2": 0.9324000000000007, "x3": -1.4233, "x4": 1.4023, "x5": -0.03520000000000034}, "datetime": {"datetime": "2020-10-19 22:12:40", "elapsed": 37.965395, "delta": 0.534172}}
{"target": 95.5516835417027, "params": {"x1": 88.60000000000002, "x2": 0.7324000000000005, "x3": -1.4233, "x4": 1.0023000000000002, "x5": 0.1647999999999996}, "datetime": {"datetime": "2020-10-19 22:12:40", "elapsed": 38.454702, "delta": 0.489307}}
{"target": 91.11905355495078, "params": {"x1": 89.00000000000003, "x2": 0.7324000000000005, "x3": -1.4233, "x4": 1.0023000000000002, "x5": 0.7647999999999995}, "datetime": {"datetime": "2020-10-19 22:12:41", "elapsed": 38.799564, "delta": 0.344862}}
{"target": 86.38694914437957, "params": {"x1": 88.60000000000002, "x2": 0.5324000000000003, "x3": -0.42330000000000023, "x4": 0.4023000000000001, "x5": 1.1647999999999994}, "datetime": {"datetime": "2020-10-19 22:12:41", "elapsed": 38.944826, "delta": 0.145262}}
{"target": 79.33689940954524, "params": {"x1": 87.0, "x2": 1.5324000000000009, "x3": 1.7766999999999993, "x4": 2.2023, "x5": 0.5647999999999993}, "datetime": {"datetime": "2020-10-19 22:12:42", "elapsed": 39.75107, "delta": 0.806244}}
{"target": 94.33056870327795, "params": {"x1": 88.20000000000002, "x2": 0.5324000000000003, "x3": -1.2233, "x4": 1.2023000000000001, "x5": -0.2352000000000003}, "datetime": {"datetime": "2020-10-19 22:12:42", "elapsed": 39.940254, "delta": 0.189184}}
{"target": 78.66724418007493, "params": {"x1": 89.80000000000004, "x2": 0.9324000000000007, "x3": 0.9766999999999995, "x4": 2.8023, "x5": -0.8352000000000002}, "datetime": {"datetime": "2020-10-19 22:12:43", "elapsed": 40.954304, "delta": 1.01405}}
{"target": 71.66623621667415, "params": {"x1": 90.00000000000004, "x2": 2.332400000000001, "x3": 2.3766999999999987, "x4": 1.8023, "x5": 0.5647999999999993}, "datetime": {"datetime": "2020-10-19 22:12:43", "elapsed": 41.098248, "delta": 0.143944}}
{"target": 89.1914591180383, "params": {"x1": 88.40000000000002, "x2": 0.1324000000000004, "x3": -1.4233, "x4": 1.4023, "x5": 0.1647999999999996}, "datetime": {"datetime": "2020-10-19 22:12:43", "elapsed": 41.456917, "delta": 0.358669}}
{"target": 90.30467154799334, "params": {"x1": 88.00000000000001, "x2": 0.5324000000000003, "x3": -1.0233, "x4": 1.4023, "x5": -0.2352000000000003}, "datetime": {"datetime": "2020-10-19 22:12:44", "elapsed": 41.787434, "delta": 0.330517}}
{"target": 86.89792665478917, "params": {"x1": 87.80000000000001, "x2": -0.26759999999999984, "x3": 0.17669999999999964, "x4": 2.6023000000000005, "x5": -0.03520000000000034}, "datetime": {"datetime": "2020-10-19 22:12:44", "elapsed": 42.321371, "delta": 0.533937}}
{"target": 83.12949671018103, "params": {"x1": 87.4, "x2": -0.06759999999999977, "x3": -0.02330000000000032, "x4": 0.0023000000000000242, "x5": 0.9647999999999997}, "datetime": {"datetime": "2020-10-19 22:12:44", "elapsed": 42.487033, "delta": 0.165662}}
{"target": 79.44457112286476, "params": {"x1": 91.00000000000006, "x2": 0.1324000000000004, "x3": 0.5766999999999995, "x4": 1.0023000000000002, "x5": 0.5647999999999993}, "datetime": {"datetime": "2020-10-19 22:12:45", "elapsed": 42.65379, "delta": 0.166757}}
{"target": 79.42735327827147, "params": {"x1": 88.20000000000002, "x2": 0.9324000000000007, "x3": 1.576699999999999, "x4": 1.6023, "x5": 0.7647999999999995}, "datetime": {"datetime": "2020-10-19 22:12:45", "elapsed": 42.820596, "delta": 0.166806}}
{"target": 79.46783066265701, "params": {"x1": 88.60000000000002, "x2": 0.7324000000000005, "x3": 1.1766999999999996, "x4": 3.2023, "x5": -0.43520000000000025}, "datetime": {"datetime": "2020-10-19 22:12:47", "elapsed": 44.801395, "delta": 1.980799}}
{"target": 73.45357834096362, "params": {"x1": 88.00000000000001, "x2": 0.33240000000000036, "x3": -0.02330000000000032, "x4": 3.0023, "x5": 2.364799999999999}, "datetime": {"datetime": "2020-10-19 22:12:48", "elapsed": 45.98086, "delta": 1.179465}}
{"target": 78.24903622740186, "params": {"x1": 88.20000000000002, "x2": 2.5324000000000013, "x3": -0.02330000000000032, "x4": 0.0023000000000000242, "x5": -1.4352}, "datetime": {"datetime": "2020-10-19 22:12:48", "elapsed": 46.135687, "delta": 0.154827}}
{"target": 89.27363066298751, "params": {"x1": 88.40000000000002, "x2": 0.5324000000000003, "x3": -1.4233, "x4": 1.0023000000000002, "x5": -0.2352000000000003}, "datetime": {"datetime": "2020-10-19 22:12:48", "elapsed": 46.44144, "delta": 0.305753}}
{"target": 69.01579487173099, "params": {"x1": 89.20000000000003, "x2": -0.06759999999999977, "x3": 0.17669999999999964, "x4": 3.4023000000000003, "x5": 2.364799999999999}, "datetime": {"datetime": "2020-10-19 22:12:50", "elapsed": 48.262182, "delta": 1.820742}}
{"target": 91.3656737426428, "params": {"x1": 88.00000000000001, "x2": 0.5324000000000003, "x3": -1.2233, "x4": 1.2023000000000001, "x5": -0.2352000000000003}, "datetime": {"datetime": "2020-10-19 22:12:51", "elapsed": 48.72605, "delta": 0.463868}}
{"target": 81.3868136611453, "params": {"x1": 90.40000000000005, "x2": 0.5324000000000003, "x3": 0.5766999999999995, "x4": 3.4023000000000003, "x5": -0.03520000000000034}, "datetime": {"datetime": "2020-10-19 22:12:51", "elapsed": 48.885422, "delta": 0.159372}}
{"target": 77.8995629878709, "params": {"x1": 87.2, "x2": -0.4675999999999999, "x3": 1.1766999999999996, "x4": 1.8023, "x5": 1.5647999999999993}, "datetime": {"datetime": "2020-10-19 22:12:51", "elapsed": 49.050039, "delta": 0.164617}}
