{"target": 82.21991344293102, "params": {"x1": 88.6680880188103, "x2": 2.0136979737686325, "x3": -1.4228425007306205, "x4": 1.011630290527359, "x5": -1.0481764367315478}, "datetime": {"datetime": "2020-10-19 21:58:04", "elapsed": 0.0, "delta": 0.0}}
{"target": 54.853448664929154, "params": {"x1": 90.32624443194574, "x2": -0.8599401673907586, "x3": 2.5162436807859168, "x4": 3.064561767275018, "x5": 2.1193385214534732}, "datetime": {"datetime": "2020-10-19 21:58:04", "elapsed": 0.150123, "delta": 0.150123}}
{"target": 79.02166785807754, "params": {"x1": 88.20000000000002, "x2": 1.1324, "x3": 0.9767000000000008, "x4": 2.6023000000000005, "x5": 0.3648000000000009}, "datetime": {"datetime": "2020-10-19 21:58:04", "elapsed": 0.199839, "delta": 0.049716}}
{"target": 83.61276843018928, "params": {"x1": 88.60000000000002, "x2": 1.9324000000000003, "x3": -1.4233, "x4": 1.0023000000000002, "x5": -0.8351999999999997}, "datetime": {"datetime": "2020-10-19 21:58:04", "elapsed": 0.690631, "delta": 0.490792}}
{"target": 71.6210623246098, "params": {"x1": 89.40000000000003, "x2": -0.0676, "x3": 2.5767000000000015, "x4": 1.4023, "x5": 1.564800000000001}, "datetime": {"datetime": "2020-10-19 21:58:06", "elapsed": 2.600627, "delta": 1.909996}}
{"target": 85.12944622184446, "params": {"x1": 88.60000000000002, "x2": 1.9324000000000003, "x3": -1.4233, "x4": 1.0023000000000002, "x5": -0.4351999999999996}, "datetime": {"datetime": "2020-10-19 21:58:07", "elapsed": 3.214911, "delta": 0.614284}}
{"target": 87.80489823952969, "params": {"x1": 88.20000000000002, "x2": 1.5324000000000004, "x3": -1.4233, "x4": 1.0023000000000002, "x5": -0.035199999999999454}, "datetime": {"datetime": "2020-10-19 21:58:08", "elapsed": 3.974452, "delta": 0.759541}}
{"target": 84.42525955274427, "params": {"x1": 87.80000000000001, "x2": 1.5324000000000004, "x3": -1.4233, "x4": 0.6023000000000001, "x5": -0.035199999999999454}, "datetime": {"datetime": "2020-10-19 21:58:09", "elapsed": 4.910342, "delta": 0.93589}}
{"target": 92.74217971837365, "params": {"x1": 88.20000000000002, "x2": 1.1324, "x3": -1.4233, "x4": 1.4023, "x5": -0.035199999999999454}, "datetime": {"datetime": "2020-10-19 21:58:09", "elapsed": 5.355655, "delta": 0.445313}}
{"target": 89.9104058549556, "params": {"x1": 88.20000000000002, "x2": 1.1324, "x3": -1.4233, "x4": 1.8023, "x5": -0.035199999999999454}, "datetime": {"datetime": "2020-10-19 21:58:10", "elapsed": 5.980864, "delta": 0.625209}}
{"target": 92.00382213968882, "params": {"x1": 88.20000000000002, "x2": 0.7324, "x3": -1.4233, "x4": 1.4023, "x5": -0.035199999999999454}, "datetime": {"datetime": "2020-10-19 21:58:13", "elapsed": 9.422057, "delta": 3.441193}}
{"target": 88.42327221289962, "params": {"x1": 88.60000000000002, "x2": 1.1324, "x3": -1.4233, "x4": 1.4023, "x5": -0.035199999999999454}, "datetime": {"datetime": "2020-10-19 21:58:19", "elapsed": 15.396527, "delta": 5.97447}}
{"target": 87.79816149868459, "params": {"x1": 88.20000000000002, "x2": 0.7324, "x3": -1.0232999999999999, "x4": 1.4023, "x5": -0.035199999999999454}, "datetime": {"datetime": "2020-10-19 21:58:19", "elapsed": 15.541322, "delta": 0.144795}}
{"target": 79.81827207962488, "params": {"x1": 90.20000000000005, "x2": -0.4676, "x3": 1.3767000000000007, "x4": 1.4023, "x5": 1.1648000000000007}, "datetime": {"datetime": "2020-10-19 21:58:19", "elapsed": 15.618708, "delta": 0.077386}}
{"target": 63.955936648419154, "params": {"x1": 91.00000000000006, "x2": -0.4676, "x3": -1.0232999999999999, "x4": 1.4023, "x5": 2.3648000000000016}, "datetime": {"datetime": "2020-10-19 21:58:20", "elapsed": 15.947983, "delta": 0.329275}}
{"target": 88.79488113821571, "params": {"x1": 87.80000000000001, "x2": 1.1324, "x3": -1.0232999999999999, "x4": 1.4023, "x5": -0.035199999999999454}, "datetime": {"datetime": "2020-10-19 21:58:21", "elapsed": 16.948879, "delta": 1.000896}}
{"target": 89.41827207962574, "params": {"x1": 88.20000000000002, "x2": 1.1324, "x3": -1.4233, "x4": 1.4023, "x5": -0.4351999999999996}, "datetime": {"datetime": "2020-10-19 21:58:23", "elapsed": 19.482303, "delta": 2.533424}}
{"target": 77.9206934949673, "params": {"x1": 90.20000000000005, "x2": 0.7324, "x3": 1.776700000000001, "x4": 1.4023, "x5": -0.035199999999999454}, "datetime": {"datetime": "2020-10-19 21:58:23", "elapsed": 19.575446, "delta": 0.093143}}
{"target": 85.72281311515798, "params": {"x1": 87.80000000000001, "x2": 0.33240000000000014, "x3": -1.4233, "x4": 1.4023, "x5": 0.7648000000000008}, "datetime": {"datetime": "2020-10-19 21:58:23", "elapsed": 19.840719, "delta": 0.265273}}
{"target": 86.81276843018934, "params": {"x1": 87.80000000000001, "x2": 0.33240000000000014, "x3": -1.4233, "x4": 1.0023000000000002, "x5": -0.035199999999999454}, "datetime": {"datetime": "2020-10-19 21:58:24", "elapsed": 20.096206, "delta": 0.255487}}
{"target": 92.71905355495035, "params": {"x1": 88.60000000000002, "x2": 0.7324, "x3": -1.4233, "x4": 1.0023000000000002, "x5": 0.3648000000000009}, "datetime": {"datetime": "2020-10-19 21:58:25", "elapsed": 21.566879, "delta": 1.470673}}
{"target": 78.18846992928351, "params": {"x1": 90.20000000000005, "x2": -0.0676, "x3": 1.776700000000001, "x4": 2.6023000000000005, "x5": -0.4351999999999996}, "datetime": {"datetime": "2020-10-19 21:58:26", "elapsed": 22.669101, "delta": 1.102222}}
{"target": 86.30446418837548, "params": {"x1": 87.80000000000001, "x2": 1.1324, "x3": -1.4233, "x4": 1.4023, "x5": 0.7648000000000008}, "datetime": {"datetime": "2020-10-19 21:58:27", "elapsed": 22.997674, "delta": 0.328573}}
{"target": 88.09376544047453, "params": {"x1": 88.60000000000002, "x2": 0.7324, "x3": -1.4233, "x4": 0.6023000000000001, "x5": -0.035199999999999454}, "datetime": {"datetime": "2020-10-19 21:58:29", "elapsed": 25.139179, "delta": 2.141505}}
{"target": 87.80489823952969, "params": {"x1": 88.20000000000002, "x2": 0.7324, "x3": -1.4233, "x4": 1.0023000000000002, "x5": 0.7648000000000008}, "datetime": {"datetime": "2020-10-19 21:58:29", "elapsed": 25.456363, "delta": 0.317184}}
{"target": 91.11905355495085, "params": {"x1": 89.00000000000003, "x2": 0.7324, "x3": -1.4233, "x4": 1.0023000000000002, "x5": 0.7648000000000008}, "datetime": {"datetime": "2020-10-19 21:58:29", "elapsed": 25.624018, "delta": 0.167655}}
{"target": 89.40489823952964, "params": {"x1": 88.60000000000002, "x2": 0.33240000000000014, "x3": -1.4233, "x4": 1.0023000000000002, "x5": -0.035199999999999454}, "datetime": {"datetime": "2020-10-19 21:58:30", "elapsed": 25.942688, "delta": 0.31867}}
{"target": 74.98846992928351, "params": {"x1": 90.20000000000005, "x2": -0.0676, "x3": 1.776700000000001, "x4": 2.6023000000000005, "x5": 1.1648000000000007}, "datetime": {"datetime": "2020-10-19 21:58:30", "elapsed": 26.148188, "delta": 0.2055}}
{"target": 87.19488113821572, "params": {"x1": 88.60000000000002, "x2": 1.1324, "x3": -1.4233, "x4": 1.4023, "x5": 0.3648000000000009}, "datetime": {"datetime": "2020-10-19 21:58:30", "elapsed": 26.448583, "delta": 0.300395}}
{"target": 83.2514703092578, "params": {"x1": 89.00000000000003, "x2": 0.33240000000000014, "x3": -1.4233, "x4": 0.20230000000000004, "x5": 0.7648000000000008}, "datetime": {"datetime": "2020-10-19 21:58:30", "elapsed": 26.749354, "delta": 0.300771}}
{"target": 89.90394178492755, "params": {"x1": 89.00000000000003, "x2": 0.33240000000000014, "x3": -1.4233, "x4": 1.4023, "x5": 0.3648000000000009}, "datetime": {"datetime": "2020-10-19 21:58:31", "elapsed": 27.138964, "delta": 0.38961}}
{"target": 43.312058646853075, "params": {"x1": 91.00000000000006, "x2": 3.1324, "x3": -1.4233, "x4": 3.8023, "x5": 2.3648000000000016}, "datetime": {"datetime": "2020-10-19 21:58:32", "elapsed": 27.901411, "delta": 0.762447}}
{"target": 92.74217971837388, "params": {"x1": 88.60000000000002, "x2": 0.33240000000000014, "x3": -1.4233, "x4": 1.4023, "x5": 0.3648000000000009}, "datetime": {"datetime": "2020-10-19 21:58:32", "elapsed": 28.234511, "delta": 0.3331}}
{"target": 89.4048982395297, "params": {"x1": 88.20000000000002, "x2": 0.7324, "x3": -1.4233, "x4": 1.0023000000000002, "x5": -0.035199999999999454}, "datetime": {"datetime": "2020-10-19 21:58:32", "elapsed": 28.545438, "delta": 0.310927}}
{"target": 88.42327221289962, "params": {"x1": 88.60000000000002, "x2": 0.7324, "x3": -1.4233, "x4": 1.4023, "x5": 0.3648000000000009}, "datetime": {"datetime": "2020-10-19 21:58:33", "elapsed": 28.924536, "delta": 0.379098}}
{"target": 89.42323349693385, "params": {"x1": 88.60000000000002, "x2": 0.33240000000000014, "x3": -1.4233, "x4": 1.0023000000000002, "x5": 0.3648000000000009}, "datetime": {"datetime": "2020-10-19 21:58:33", "elapsed": 29.34411, "delta": 0.419574}}
{"target": 71.31245900712977, "params": {"x1": 88.60000000000002, "x2": 0.7324, "x3": 2.5767000000000015, "x4": 3.0023, "x5": 1.1648000000000007}, "datetime": {"datetime": "2020-10-19 21:58:33", "elapsed": 29.45511, "delta": 0.111}}
{"target": 92.01558235556902, "params": {"x1": 88.60000000000002, "x2": 0.7324, "x3": -1.4233, "x4": 1.0023000000000002, "x5": -0.035199999999999454}, "datetime": {"datetime": "2020-10-19 21:58:34", "elapsed": 30.443636, "delta": 0.988526}}
{"target": 67.91041061758499, "params": {"x1": 88.60000000000002, "x2": 2.7324, "x3": 2.176700000000001, "x4": 0.6023000000000001, "x5": 1.564800000000001}, "datetime": {"datetime": "2020-10-19 21:58:35", "elapsed": 31.347178, "delta": 0.903542}}
{"target": 73.35018843809561, "params": {"x1": 87.0, "x2": -0.0676, "x3": 2.5767000000000015, "x4": 0.6023000000000001, "x5": 0.3648000000000009}, "datetime": {"datetime": "2020-10-19 21:58:35", "elapsed": 31.465024, "delta": 0.117846}}
{"target": 78.71250359373403, "params": {"x1": 88.20000000000002, "x2": 2.3324000000000003, "x3": -1.0232999999999999, "x4": -0.1977, "x5": -0.8351999999999997}, "datetime": {"datetime": "2020-10-19 21:58:35", "elapsed": 31.583459, "delta": 0.118435}}
{"target": 89.41827207962574, "params": {"x1": 88.20000000000002, "x2": 0.33240000000000014, "x3": -1.4233, "x4": 1.4023, "x5": 0.3648000000000009}, "datetime": {"datetime": "2020-10-19 21:58:35", "elapsed": 31.746687, "delta": 0.163228}}
{"target": 63.776156699583204, "params": {"x1": 90.60000000000005, "x2": 1.5324000000000004, "x3": 2.176700000000001, "x4": 1.8023, "x5": 1.9648000000000014}, "datetime": {"datetime": "2020-10-19 21:58:35", "elapsed": 31.865413, "delta": 0.118726}}
{"target": 68.00840652074993, "params": {"x1": 91.00000000000006, "x2": -0.4676, "x3": 0.9767000000000008, "x4": 3.0023, "x5": -1.2351999999999999}, "datetime": {"datetime": "2020-10-19 21:58:36", "elapsed": 31.985723, "delta": 0.12031}}
{"target": 78.84881706280447, "params": {"x1": 89.00000000000003, "x2": 0.7324, "x3": -0.2232999999999996, "x4": 2.2023, "x5": 1.9648000000000014}, "datetime": {"datetime": "2020-10-19 21:58:36", "elapsed": 32.109886, "delta": 0.124163}}
{"target": 68.45702072462419, "params": {"x1": 90.60000000000005, "x2": 0.7324, "x3": 1.3767000000000007, "x4": 2.6023000000000005, "x5": 1.9648000000000014}, "datetime": {"datetime": "2020-10-19 21:58:36", "elapsed": 32.695221, "delta": 0.585335}}
{"target": 92.0038221396887, "params": {"x1": 88.60000000000002, "x2": 0.33240000000000014, "x3": -1.4233, "x4": 1.4023, "x5": -0.035199999999999454}, "datetime": {"datetime": "2020-10-19 21:58:37", "elapsed": 33.202546, "delta": 0.507325}}
{"target": 87.90446418837541, "params": {"x1": 88.60000000000002, "x2": -0.0676, "x3": -1.4233, "x4": 1.4023, "x5": 0.3648000000000009}, "datetime": {"datetime": "2020-10-19 21:58:38", "elapsed": 33.928365, "delta": 0.725819}}
{"target": 60.01135585898767, "params": {"x1": 91.00000000000006, "x2": 2.7324, "x3": 2.176700000000001, "x4": 2.2023, "x5": -0.8351999999999997}, "datetime": {"datetime": "2020-10-19 21:58:39", "elapsed": 35.785087, "delta": 1.856722}}
{"target": 62.72785905782884, "params": {"x1": 90.60000000000005, "x2": 3.1324, "x3": -0.6232999999999997, "x4": 3.0023, "x5": -1.2351999999999999}, "datetime": {"datetime": "2020-10-19 21:58:40", "elapsed": 35.905756, "delta": 0.120669}}
{"target": 85.01380853894972, "params": {"x1": 89.00000000000003, "x2": 1.1324, "x3": -1.0232999999999999, "x4": 1.0023000000000002, "x5": 0.3648000000000009}, "datetime": {"datetime": "2020-10-19 21:58:40", "elapsed": 36.357095, "delta": 0.451339}}
{"target": 89.65673741065164, "params": {"x1": 89.00000000000003, "x2": 0.33240000000000014, "x3": -1.4233, "x4": 1.0023000000000002, "x5": 0.3648000000000009}, "datetime": {"datetime": "2020-10-19 21:58:40", "elapsed": 36.502157, "delta": 0.145062}}
{"target": 70.26541674955001, "params": {"x1": 90.60000000000056, "x2": 2.492400000000003, "x3": 0.9767000000000021, "x4": 2.6023000000000005, "x5": 1.0848000000000024}, "datetime": {"datetime": "2020-10-19 21:58:40", "elapsed": 36.643456, "delta": 0.141299}}
{"target": 89.96643520694921, "params": {"x1": 88.00000000000016, "x2": 1.0924000000000018, "x3": -1.4233, "x4": 1.4423000000000004, "x5": -0.035199999999998566}, "datetime": {"datetime": "2020-10-19 21:58:41", "elapsed": 37.44103, "delta": 0.797574}}
{"target": 73.955814088249, "params": {"x1": 89.6000000000004, "x2": -0.42759999999999965, "x3": 2.456700000000003, "x4": 1.2023000000000004, "x5": -1.2351999999999996}, "datetime": {"datetime": "2020-10-19 21:58:41", "elapsed": 37.590502, "delta": 0.149472}}
{"target": 83.29996811044543, "params": {"x1": 87.16000000000003, "x2": 0.4124000000000011, "x3": -1.2232999999999998, "x4": 0.5623000000000001, "x5": 0.5248000000000019}, "datetime": {"datetime": "2020-10-19 21:58:41", "elapsed": 37.736418, "delta": 0.145916}}
{"target": 78.27854970431582, "params": {"x1": 87.56000000000009, "x2": -0.18759999999999943, "x3": 0.2567000000000015, "x4": 1.8023000000000005, "x5": 2.164800000000003}, "datetime": {"datetime": "2020-10-19 21:58:42", "elapsed": 37.888478, "delta": 0.15206}}
{"target": 94.40104566116864, "params": {"x1": 88.68000000000026, "x2": 0.7724000000000014, "x3": -1.4233, "x4": 0.9223000000000001, "x5": 0.32480000000000175}, "datetime": {"datetime": "2020-10-19 21:58:42", "elapsed": 38.555864, "delta": 0.667386}}
{"target": 93.326086861473, "params": {"x1": 88.80000000000028, "x2": 0.7324000000000014, "x3": -1.4233, "x4": 0.9223000000000001, "x5": 0.2848000000000017}, "datetime": {"datetime": "2020-10-19 21:58:43", "elapsed": 39.456672, "delta": 0.900808}}
{"target": 61.792711829061695, "params": {"x1": 90.08000000000048, "x2": 1.212400000000002, "x3": 1.5367000000000026, "x4": 3.3623000000000003, "x5": 2.3248000000000033}, "datetime": {"datetime": "2020-10-19 21:58:43", "elapsed": 39.776969, "delta": 0.320297}}
{"target": 90.67950944912457, "params": {"x1": 88.68000000000026, "x2": 0.9324000000000016, "x3": -1.4233, "x4": 0.8023000000000002, "x5": 0.4048000000000018}, "datetime": {"datetime": "2020-10-19 21:58:45", "elapsed": 41.301235, "delta": 1.524266}}
{"target": 76.93215330368112, "params": {"x1": 90.64000000000057, "x2": -0.6275999999999998, "x3": -0.22329999999999894, "x4": 0.5623000000000001, "x5": -1.1551999999999996}, "datetime": {"datetime": "2020-10-19 21:58:45", "elapsed": 41.448511, "delta": 0.147276}}
{"target": 92.75893786316841, "params": {"x1": 88.64000000000026, "x2": 0.7724000000000014, "x3": -1.4233, "x4": 0.9223000000000001, "x5": 0.24480000000000168}, "datetime": {"datetime": "2020-10-19 21:58:46", "elapsed": 42.454596, "delta": 1.006085}}
{"target": 92.97765698759027, "params": {"x1": 88.60000000000025, "x2": 0.37240000000000106, "x3": -1.4233, "x4": 1.3623000000000003, "x5": 0.20480000000000165}, "datetime": {"datetime": "2020-10-19 21:58:47", "elapsed": 43.007423, "delta": 0.552827}}
{"target": 93.68396224481617, "params": {"x1": 88.72000000000027, "x2": 0.7324000000000014, "x3": -1.4233, "x4": 0.9223000000000001, "x5": 0.4048000000000018}, "datetime": {"datetime": "2020-10-19 21:58:47", "elapsed": 43.578108, "delta": 0.570685}}
{"target": 91.87212671782815, "params": {"x1": 88.2800000000002, "x2": 0.9724000000000016, "x3": -1.4233, "x4": 1.4023000000000003, "x5": -0.0751999999999986}, "datetime": {"datetime": "2020-10-19 21:58:48", "elapsed": 44.09098, "delta": 0.512872}}
{"target": 91.26293006758532, "params": {"x1": 88.72000000000027, "x2": 0.8124000000000015, "x3": -1.4233, "x4": 0.9623000000000002, "x5": 0.32480000000000175}, "datetime": {"datetime": "2020-10-19 21:58:48", "elapsed": 44.725634, "delta": 0.634654}}
{"target": 90.47481647937234, "params": {"x1": 88.68000000000026, "x2": 0.6924000000000013, "x3": -1.4233, "x4": 0.8423000000000003, "x5": 0.32480000000000175}, "datetime": {"datetime": "2020-10-19 21:58:49", "elapsed": 45.176552, "delta": 0.450918}}
{"target": 68.21817388194857, "params": {"x1": 89.48000000000039, "x2": 2.6924000000000032, "x3": 2.376700000000003, "x4": 0.04230000000000006, "x5": -0.0751999999999986}, "datetime": {"datetime": "2020-10-19 21:58:49", "elapsed": 45.348026, "delta": 0.171474}}
{"target": 94.72855125821309, "params": {"x1": 88.64000000000026, "x2": 0.33240000000000103, "x3": -1.4233, "x4": 1.3223000000000003, "x5": 0.2848000000000017}, "datetime": {"datetime": "2020-10-19 21:58:49", "elapsed": 45.704771, "delta": 0.356745}}
{"target": 73.08337399070862, "params": {"x1": 89.44000000000038, "x2": 2.292400000000003, "x3": 0.9767000000000021, "x4": 2.7223000000000006, "x5": 0.9248000000000023}, "datetime": {"datetime": "2020-10-19 21:58:50", "elapsed": 45.975847, "delta": 0.271076}}
{"target": 83.7077685663823, "params": {"x1": 87.6800000000001, "x2": 0.6924000000000013, "x3": 1.1767000000000023, "x4": -0.07769999999999996, "x5": 0.8848000000000023}, "datetime": {"datetime": "2020-10-19 21:58:50", "elapsed": 46.14751, "delta": 0.171663}}
{"target": 83.08468911974666, "params": {"x1": 87.56000000000009, "x2": 1.8924000000000025, "x3": -0.34329999999999905, "x4": 2.4023000000000003, "x5": 1.2848000000000026}, "datetime": {"datetime": "2020-10-19 21:58:50", "elapsed": 46.356434, "delta": 0.208924}}
{"target": 91.97441377910681, "params": {"x1": 88.68000000000026, "x2": 0.37240000000000106, "x3": -1.4233, "x4": 1.3223000000000003, "x5": 0.2848000000000017}, "datetime": {"datetime": "2020-10-19 21:58:50", "elapsed": 46.813752, "delta": 0.457318}}
{"target": 90.98948218207144, "params": {"x1": 87.92000000000014, "x2": 0.9724000000000016, "x3": -1.1032999999999997, "x4": 1.2023000000000004, "x5": -0.1951999999999987}, "datetime": {"datetime": "2020-10-19 21:58:51", "elapsed": 47.082647, "delta": 0.268895}}
{"target": 89.07396782381099, "params": {"x1": 88.20000000000019, "x2": 0.4124000000000011, "x3": -1.2232999999999998, "x4": 1.5223000000000004, "x5": 0.44480000000000186}, "datetime": {"datetime": "2020-10-19 21:58:51", "elapsed": 47.34527, "delta": 0.262623}}
{"target": 94.27090862124611, "params": {"x1": 88.16000000000018, "x2": 0.6524000000000013, "x3": -1.3033, "x4": 1.3223000000000003, "x5": -0.15519999999999867}, "datetime": {"datetime": "2020-10-19 21:58:51", "elapsed": 47.695909, "delta": 0.350639}}
{"target": 88.28452853760164, "params": {"x1": 88.56000000000024, "x2": 0.33240000000000103, "x3": -1.2632999999999999, "x4": 1.6423000000000003, "x5": 0.20480000000000165}, "datetime": {"datetime": "2020-10-19 21:58:52", "elapsed": 48.019037, "delta": 0.323128}}
{"target": 90.34392199067631, "params": {"x1": 88.9600000000003, "x2": 0.7324000000000014, "x3": -1.4233, "x4": 1.0023000000000002, "x5": 0.6848000000000021}, "datetime": {"datetime": "2020-10-19 21:58:52", "elapsed": 48.354448, "delta": 0.335411}}
{"target": 88.04935181632466, "params": {"x1": 87.92000000000014, "x2": 1.252400000000002, "x3": -1.1032999999999997, "x4": 1.4423000000000004, "x5": 0.044800000000001505}, "datetime": {"datetime": "2020-10-19 21:58:52", "elapsed": 48.603887, "delta": 0.249439}}
{"target": 90.46454503665086, "params": {"x1": 88.48000000000023, "x2": 0.8524000000000015, "x3": -1.3833, "x4": 1.2023000000000004, "x5": -0.035199999999998566}, "datetime": {"datetime": "2020-10-19 21:58:53", "elapsed": 48.891903, "delta": 0.288016}}
{"target": 79.60376022343893, "params": {"x1": 87.04, "x2": 1.4924000000000022, "x3": 1.856700000000003, "x4": 2.1623, "x5": 0.4848000000000019}, "datetime": {"datetime": "2020-10-19 21:58:53", "elapsed": 49.094234, "delta": 0.202331}}
{"target": 91.1197222018339, "params": {"x1": 88.16000000000018, "x2": 0.5324000000000012, "x3": -1.3033, "x4": 1.1223000000000003, "x5": -0.15519999999999867}, "datetime": {"datetime": "2020-10-19 21:58:53", "elapsed": 49.393875, "delta": 0.299641}}
{"target": 92.99243056906006, "params": {"x1": 88.68000000000026, "x2": 0.7324000000000014, "x3": -1.4233, "x4": 0.9623000000000002, "x5": 0.32480000000000175}, "datetime": {"datetime": "2020-10-19 21:58:53", "elapsed": 49.771747, "delta": 0.377872}}
{"target": 91.96934982426431, "params": {"x1": 88.2800000000002, "x2": 1.0924000000000018, "x3": -1.3433, "x4": 1.1623000000000003, "x5": -0.15519999999999867}, "datetime": {"datetime": "2020-10-19 21:58:54", "elapsed": 50.087683, "delta": 0.315936}}
{"target": 78.53342841618635, "params": {"x1": 89.80000000000044, "x2": 0.8924000000000015, "x3": 1.0167000000000022, "x4": 2.8423000000000007, "x5": -0.7951999999999992}, "datetime": {"datetime": "2020-10-19 21:58:54", "elapsed": 50.268201, "delta": 0.180518}}
{"target": 91.85422451766287, "params": {"x1": 88.60000000000025, "x2": 0.292400000000001, "x3": -1.4233, "x4": 1.3223000000000003, "x5": 0.2848000000000017}, "datetime": {"datetime": "2020-10-19 21:58:54", "elapsed": 50.603407, "delta": 0.335206}}
{"target": 77.79241499335654, "params": {"x1": 90.2400000000005, "x2": 0.6524000000000013, "x3": 1.856700000000003, "x4": 1.1223000000000003, "x5": 1.1648000000000025}, "datetime": {"datetime": "2020-10-19 21:58:54", "elapsed": 50.786017, "delta": 0.18261}}
{"target": 91.40827974523702, "params": {"x1": 88.08000000000017, "x2": 0.5724000000000012, "x3": -1.1032999999999997, "x4": 1.3223000000000003, "x5": -0.3151999999999988}, "datetime": {"datetime": "2020-10-19 21:58:55", "elapsed": 51.040845, "delta": 0.254828}}
