{"target": 93.76450602501839, "params": {"x1": 88.17079999999727, "x2": 1.0627999999997875, "x3": -1.2845000000000153, "x4": 1.2111000000000403, "x5": -0.31360000000014554}, "datetime": {"datetime": "2020-10-19 21:59:25", "elapsed": 81.783052, "delta": 0.627787}}
{"target": 89.68302002112885, "params": {"x1": 88.66039999999613, "x2": 0.5503999999998438, "x3": -1.4217000000000002, "x4": 1.3335000000000439, "x5": 0.2907999999997879}, "datetime": {"datetime": "2020-10-19 21:59:26", "elapsed": 82.246981, "delta": 0.463929}}
{"target": 71.37334636461235, "params": {"x1": 90.51279999999181, "x2": 2.49319999999963, "x3": 1.8158999999996432, "x4": 1.1295000000000381, "x5": -0.4564000000001298}, "datetime": {"datetime": "2020-10-19 21:59:26", "elapsed": 82.644335, "delta": 0.397354}}
{"target": 66.27058574237275, "params": {"x1": 90.81559999999111, "x2": 0.03919999999990009, "x3": 2.451899999999573, "x4": 2.4135000000000746, "x5": -0.8648000000000848}, "datetime": {"datetime": "2020-10-19 21:59:27", "elapsed": 82.995656, "delta": 0.351321}}
{"target": 81.96819942691387, "params": {"x1": 90.14479999999267, "x2": 0.6787999999998297, "x3": -0.18890000000013596, "x4": 0.6515000000000244, "x5": 0.9571999999997145}, "datetime": {"datetime": "2020-10-19 21:59:27", "elapsed": 83.340728, "delta": 0.345072}}
{"target": 74.67353750987698, "params": {"x1": 87.74239999999827, "x2": 2.4075999999996394, "x3": 2.0402999999996183, "x4": 2.59030000000008, "x5": 0.29839999999978706}, "datetime": {"datetime": "2020-10-19 21:59:27", "elapsed": 83.69033, "delta": 0.349602}}
{"target": 80.12034006835961, "params": {"x1": 88.25359999999708, "x2": -0.3096000000000615, "x3": -0.8417000000000641, "x4": 3.0255000000000924, "x5": 1.1147999999996971}, "datetime": {"datetime": "2020-10-19 21:59:28", "elapsed": 84.056901, "delta": 0.366571}}
{"target": 60.18115537186437, "params": {"x1": 90.04239999999291, "x2": 2.430799999999637, "x3": -0.5781000000000931, "x4": 3.6607000000001104, "x5": 2.011999999999598}, "datetime": {"datetime": "2020-10-19 21:59:28", "elapsed": 84.412163, "delta": 0.355262}}
{"target": 91.43175876284242, "params": {"x1": 88.34159999999687, "x2": 1.267199999999765, "x3": -1.4005000000000025, "x4": 1.133900000000038, "x5": -0.1968000000001584}, "datetime": {"datetime": "2020-10-19 21:59:29", "elapsed": 85.040481, "delta": 0.628318}}
{"target": 85.18556102347831, "params": {"x1": 89.55199999999405, "x2": -0.6780000000000209, "x3": 0.1538999999998263, "x4": 1.6607000000000534, "x5": 0.0219999999998175}, "datetime": {"datetime": "2020-10-19 21:59:29", "elapsed": 85.408619, "delta": 0.368138}}
{"target": 89.54123555609615, "params": {"x1": 88.29599999999698, "x2": 0.4311999999998569, "x3": -1.2857000000000152, "x4": 1.4151000000000462, "x5": 0.5755999999997565}, "datetime": {"datetime": "2020-10-19 21:59:30", "elapsed": 86.014799, "delta": 0.60618}}
{"target": 92.35345346388041, "params": {"x1": 88.21879999999716, "x2": 0.503199999999849, "x3": -1.2309000000000212, "x4": 0.9259000000000321, "x5": 0.010399999999818776}, "datetime": {"datetime": "2020-10-19 21:59:30", "elapsed": 86.661653, "delta": 0.646854}}
{"target": 73.12739292459786, "params": {"x1": 90.69559999999139, "x2": -0.5876000000000309, "x3": -0.9029000000000573, "x4": 2.8203000000000866, "x5": -0.4536000000001301}, "datetime": {"datetime": "2020-10-19 21:59:31", "elapsed": 87.033545, "delta": 0.371892}}
{"target": 95.51978088753306, "params": {"x1": 87.80959999999811, "x2": 0.6923999999998282, "x3": -1.0177000000000447, "x4": 1.161500000000039, "x5": -0.30880000000014607}, "datetime": {"datetime": "2020-10-19 21:59:31", "elapsed": 87.578397, "delta": 0.544852}}
{"target": 95.82260556740083, "params": {"x1": 88.16639999999728, "x2": 1.0475999999997891, "x3": -1.305300000000013, "x4": 1.264700000000042, "x5": -0.3212000000001447}, "datetime": {"datetime": "2020-10-19 21:59:32", "elapsed": 88.236463, "delta": 0.658066}}
{"target": 87.80351973702031, "params": {"x1": 88.28399999999701, "x2": 0.37359999999986326, "x3": -1.4213000000000002, "x4": 0.9055000000000317, "x5": 0.5063999999997641}, "datetime": {"datetime": "2020-10-19 21:59:33", "elapsed": 88.889522, "delta": 0.653059}}
{"target": 89.02371142154549, "params": {"x1": 88.39919999999674, "x2": 1.0083999999997935, "x3": -1.2629000000000177, "x4": 0.9099000000000317, "x5": 0.46559999999976864}, "datetime": {"datetime": "2020-10-19 21:59:33", "elapsed": 89.436127, "delta": 0.546605}}
{"target": 88.7298942971976, "params": {"x1": 87.90639999999789, "x2": 0.8383999999998121, "x3": -1.3037000000000132, "x4": 1.1527000000000387, "x5": -0.47040000000012827}, "datetime": {"datetime": "2020-10-19 21:59:34", "elapsed": 89.949169, "delta": 0.513042}}
{"target": 75.77336779982286, "params": {"x1": 88.53159999999643, "x2": -0.22400000000007092, "x3": -1.4097000000000015, "x4": 0.255100000000013, "x5": 1.987199999999601}, "datetime": {"datetime": "2020-10-19 21:59:34", "elapsed": 90.322224, "delta": 0.373055}}
{"target": 83.73239209811028, "params": {"x1": 89.51919999999413, "x2": 0.9063999999998046, "x3": -0.13810000000014155, "x4": 0.29950000000001425, "x5": 1.5811999999996458}, "datetime": {"datetime": "2020-10-19 21:59:34", "elapsed": 90.704997, "delta": 0.382773}}
{"target": 74.41168301480624, "params": {"x1": 90.63079999999154, "x2": 1.5883999999997296, "x3": 1.4326999999996854, "x4": 2.401900000000074, "x5": -1.108800000000058}, "datetime": {"datetime": "2020-10-19 21:59:35", "elapsed": 91.086583, "delta": 0.381586}}
{"target": 78.81315025004173, "params": {"x1": 88.1607999999973, "x2": 0.34279999999986666, "x3": 0.08069999999983435, "x4": 3.452300000000105, "x5": -1.5292000000000117}, "datetime": {"datetime": "2020-10-19 21:59:35", "elapsed": 91.465848, "delta": 0.379265}}
{"target": 74.74771067261948, "params": {"x1": 90.37919999999212, "x2": 2.5903999999996192, "x3": 0.40749999999979836, "x4": 0.4323000000000181, "x5": -0.9112000000000797}, "datetime": {"datetime": "2020-10-19 21:59:35", "elapsed": 91.854399, "delta": 0.388551}}
{"target": 88.46226173403682, "params": {"x1": 88.22279999999715, "x2": 1.075999999999786, "x3": -1.3253000000000108, "x4": 1.4431000000000471, "x5": 0.13479999999980508}, "datetime": {"datetime": "2020-10-19 21:59:36", "elapsed": 92.414028, "delta": 0.559629}}
{"target": 92.4729915860922, "params": {"x1": 87.76599999999821, "x2": 0.7159999999998256, "x3": -0.9813000000000487, "x4": 1.3451000000000441, "x5": -0.34000000000014263}, "datetime": {"datetime": "2020-10-19 21:59:37", "elapsed": 92.948427, "delta": 0.534399}}
{"target": 80.517113039876, "params": {"x1": 87.05399999999987, "x2": -0.2540000000000676, "x3": 0.0874999999998336, "x4": 3.0483000000000926, "x5": -0.10000000000016906}, "datetime": {"datetime": "2020-10-19 21:59:37", "elapsed": 93.284612, "delta": 0.336185}}
{"target": 89.69200200531192, "params": {"x1": 88.69479999999605, "x2": 0.7679999999998198, "x3": -1.3885000000000038, "x4": 1.0095000000000345, "x5": 0.45719999999976957}, "datetime": {"datetime": "2020-10-19 21:59:37", "elapsed": 93.840819, "delta": 0.556207}}
{"target": 95.67753011370044, "params": {"x1": 87.84799999999802, "x2": 0.9355999999998014, "x3": -0.987700000000048, "x4": 0.9599000000000333, "x5": -0.3196000000001449}, "datetime": {"datetime": "2020-10-19 21:59:38", "elapsed": 94.417403, "delta": 0.576584}}
{"target": 81.03708937912579, "params": {"x1": 90.0589199998842, "x2": 1.7178400000025857, "x3": 0.9750600000023983, "x4": 1.069020000000388, "x5": -1.5358799999999007}, "datetime": {"datetime": "2020-10-19 21:59:39", "elapsed": 95.265894, "delta": 0.848491}}
{"target": 91.06166763205539, "params": {"x1": 88.22447999995364, "x2": 0.8898800000017576, "x3": -1.3704999999999472, "x4": 1.6795000000005749, "x5": -0.48715999999885184}, "datetime": {"datetime": "2020-10-19 21:59:40", "elapsed": 96.269503, "delta": 1.003609}}
{"target": 50.377728180039824, "params": {"x1": 90.91563999985176, "x2": 3.132080000004, "x3": 1.8135400000032373, "x4": 3.2263400000010485, "x5": 1.5217600000031573}, "datetime": {"datetime": "2020-10-19 21:59:41", "elapsed": 97.047252, "delta": 0.777749}}
{"target": 90.11712675887938, "params": {"x1": 88.50267999994311, "x2": 0.6889200000015566, "x3": -1.2828599999998596, "x4": 0.9932600000003646, "x5": 0.14460000000177997}, "datetime": {"datetime": "2020-10-19 21:59:42", "elapsed": 98.114565, "delta": 1.067313}}
{"target": 91.69037669032426, "params": {"x1": 88.35739999994861, "x2": 0.38608000000125375, "x3": -1.0527799999996295, "x4": 1.196380000000427, "x5": -0.4637999999988285}, "datetime": {"datetime": "2020-10-19 21:59:43", "elapsed": 99.071654, "delta": 0.957089}}
{"target": 91.0428810332844, "params": {"x1": 88.01531999996156, "x2": 0.4784000000013461, "x3": -1.2817399999998584, "x4": 1.5345000000005304, "x5": -0.2517599999986164}, "datetime": {"datetime": "2020-10-19 21:59:44", "elapsed": 100.081306, "delta": 1.009652}}
{"target": 91.74807266298673, "params": {"x1": 87.77967999997048, "x2": 0.49016000000135784, "x3": -0.9518599999995285, "x4": 1.053340000000383, "x5": -0.37527999999873995}, "datetime": {"datetime": "2020-10-19 21:59:45", "elapsed": 101.130909, "delta": 1.049603}}
{"target": 86.64625842670272, "params": {"x1": 87.98919999996255, "x2": 1.9194400000027874, "x3": 0.1982600000016217, "x4": 1.2710600000004497, "x5": -1.5137999999998786}, "datetime": {"datetime": "2020-10-19 21:59:46", "elapsed": 101.985035, "delta": 0.854126}}
{"target": 90.21996211042062, "params": {"x1": 88.15107999995642, "x2": 0.7018800000015696, "x3": -1.195339999999772, "x4": 1.2841800000004537, "x5": -0.09315999999845781}, "datetime": {"datetime": "2020-10-19 21:59:47", "elapsed": 103.007894, "delta": 1.022859}}
{"target": 92.80592329137957, "params": {"x1": 87.82175999996889, "x2": 0.9416800000018094, "x3": -1.0104599999995871, "x4": 0.9596200000003543, "x5": -0.32907999999869375}, "datetime": {"datetime": "2020-10-19 21:59:48", "elapsed": 104.165166, "delta": 1.157272}}
{"target": 84.32003849876597, "params": {"x1": 88.15523999995627, "x2": 1.1083200000019762, "x3": 0.22550000000164894, "x4": 1.4012600000004896, "x5": -0.26227999999862694}, "datetime": {"datetime": "2020-10-19 21:59:49", "elapsed": 104.956863, "delta": 0.791697}}
{"target": 90.10073233117504, "params": {"x1": 88.40751999994671, "x2": 0.5630400000014307, "x3": -1.0578999999996346, "x4": 1.0842200000003925, "x5": -0.33519999999869987}, "datetime": {"datetime": "2020-10-19 21:59:50", "elapsed": 105.96899, "delta": 1.012127}}
{"target": 88.44662219802805, "params": {"x1": 87.85283999996771, "x2": 1.2435200000021114, "x3": -1.1769799999997537, "x4": 1.5838200000005456, "x5": 0.17408000000180945}, "datetime": {"datetime": "2020-10-19 21:59:51", "elapsed": 106.999808, "delta": 1.030818}}
{"target": 82.56656350839607, "params": {"x1": 88.44287999994538, "x2": -0.8057199999999382, "x3": -0.4846999999990613, "x4": 2.1394600000007156, "x5": -1.4740399999998388}, "datetime": {"datetime": "2020-10-19 21:59:51", "elapsed": 107.859088, "delta": 0.85928}}
{"target": 93.89291831444794, "params": {"x1": 88.32139999994997, "x2": 0.6260000000014937, "x3": -1.3166999999998934, "x4": 1.0634200000003862, "x5": 0.02660000000166196}, "datetime": {"datetime": "2020-10-19 21:59:53", "elapsed": 108.919094, "delta": 1.060006}}
{"target": 89.72467527791136, "params": {"x1": 88.2070799999543, "x2": 0.6329600000015007, "x3": -1.137339999999714, "x4": 1.1459000000004114, "x5": 0.01868000000165404}, "datetime": {"datetime": "2020-10-19 21:59:54", "elapsed": 110.071595, "delta": 1.152501}}
{"target": 91.40191473494941, "params": {"x1": 88.03883999996067, "x2": 1.2585200000021266, "x3": -1.281219999999858, "x4": 1.308060000000461, "x5": -0.11471999999847937}, "datetime": {"datetime": "2020-10-19 21:59:55", "elapsed": 111.160226, "delta": 1.088631}}
{"target": 92.10598744000751, "params": {"x1": 88.43807999994556, "x2": 0.42676000000129444, "x3": -1.1699399999997466, "x4": 1.1164600000004024, "x5": -0.30355999999866823}, "datetime": {"datetime": "2020-10-19 21:59:56", "elapsed": 112.174, "delta": 1.013774}}
{"target": 92.67919535362859, "params": {"x1": 88.15567999995625, "x2": 1.0666400000019345, "x3": -1.3196999999998964, "x4": 1.249220000000443, "x5": -0.31467999999867935}, "datetime": {"datetime": "2020-10-19 21:59:57", "elapsed": 113.623115, "delta": 1.449115}}
{"target": 69.7140191251938, "params": {"x1": 87.04079999999846, "x2": 3.0980400000039663, "x3": 1.688380000003112, "x4": 1.5941800000005486, "x5": 0.5207200000021561}, "datetime": {"datetime": "2020-10-19 21:59:58", "elapsed": 114.500296, "delta": 0.877181}}
{"target": 90.05583933826549, "params": {"x1": 88.06311999995975, "x2": 0.2126400000010803, "x3": -1.0818999999996586, "x4": 0.9019000000003368, "x5": -0.3412399999987059}, "datetime": {"datetime": "2020-10-19 21:59:59", "elapsed": 115.58678, "delta": 1.086484}}
{"target": 90.10269825204355, "params": {"x1": 88.34687999994901, "x2": 0.8016800000016694, "x3": -1.3955799999999723, "x4": 0.8799000000003299, "x5": 0.007320000001642679}, "datetime": {"datetime": "2020-10-19 22:00:00", "elapsed": 116.590231, "delta": 1.003451}}
{"target": 79.76011256843734, "params": {"x1": 89.0390399999228, "x2": -0.030679999999163043, "x3": 1.402540000002826, "x4": 0.7256600000002827, "x5": 1.9464400000035822}, "datetime": {"datetime": "2020-10-19 22:00:01", "elapsed": 117.367563, "delta": 0.777332}}
{"target": 90.87333849766098, "params": {"x1": 88.40355999994686, "x2": 0.38188000000124955, "x3": -1.2316199999998083, "x4": 1.1358600000004084, "x5": 0.14656000000178193}, "datetime": {"datetime": "2020-10-19 22:00:02", "elapsed": 118.40898, "delta": 1.041417}}
{"target": 75.04073292314953, "params": {"x1": 90.32947999987395, "x2": 2.024960000002893, "x3": 1.4161800000028395, "x4": 1.3215400000004651, "x5": 1.3890800000030243}, "datetime": {"datetime": "2020-10-19 22:00:03", "elapsed": 119.298536, "delta": 0.889556}}
{"target": 68.00834061149146, "params": {"x1": 89.88575999989075, "x2": 0.7014800000015692, "x3": 2.3241000000037477, "x4": 3.1662600000010297, "x5": -1.4514799999998163}, "datetime": {"datetime": "2020-10-19 22:00:04", "elapsed": 120.196037, "delta": 0.897501}}
{"target": 82.5273757372635, "params": {"x1": 87.09283999999649, "x2": 0.7784000000016461, "x3": -1.3695399999999462, "x4": 2.1225400000007104, "x5": 0.26848000000190386}, "datetime": {"datetime": "2020-10-19 22:00:05", "elapsed": 121.021919, "delta": 0.825882}}
{"target": 94.78252139342568, "params": {"x1": 87.2587199999902, "x2": 0.36660000000123427, "x3": 0.21034000000163378, "x4": 1.6545800000005673, "x5": -0.7488799999991136}, "datetime": {"datetime": "2020-10-19 22:00:06", "elapsed": 122.12279, "delta": 1.100871}}
{"target": 87.86661950008937, "params": {"x1": 88.31155999995035, "x2": 1.1155600000019832, "x3": -1.3968599999999736, "x4": 1.787820000000608, "x5": 0.0874400000017228}, "datetime": {"datetime": "2020-10-19 22:00:07", "elapsed": 123.234809, "delta": 1.112019}}
{"target": 96.10902021340132, "params": {"x1": 88.27487999995174, "x2": 0.5296800000013974, "x3": -1.3290999999999058, "x4": 1.526580000000528, "x5": -0.26859999999863327}, "datetime": {"datetime": "2020-10-19 22:00:08", "elapsed": 124.390255, "delta": 1.155446}}
{"target": 64.93414621500867, "params": {"x1": 90.95995999985008, "x2": 0.30420000000117187, "x3": 0.9557800000023795, "x4": 3.532780000001142, "x5": 1.1995600000028352}, "datetime": {"datetime": "2020-10-19 22:00:09", "elapsed": 125.23025, "delta": 0.839995}}
{"target": 63.83735533571891, "params": {"x1": 88.86859999992926, "x2": 1.130080000001998, "x3": 2.541940000003965, "x4": 2.6315800000008664, "x5": 2.316520000003952}, "datetime": {"datetime": "2020-10-19 22:00:10", "elapsed": 126.078953, "delta": 0.848703}}
{"target": 88.26273479712899, "params": {"x1": 88.43127999994582, "x2": 0.45808000000132576, "x3": -0.8934599999994701, "x4": 1.1340600000004077, "x5": -0.11703999999848169}, "datetime": {"datetime": "2020-10-19 22:00:11", "elapsed": 127.068516, "delta": 0.989563}}
{"target": 89.69480093567765, "params": {"x1": 88.24915999995271, "x2": 0.2460400000011137, "x3": -1.1490199999997257, "x4": 1.3540200000004752, "x5": 0.42428000000205945}, "datetime": {"datetime": "2020-10-19 22:00:12", "elapsed": 128.086972, "delta": 1.018456}}
{"target": 88.05554180235174, "params": {"x1": 88.40231999994691, "x2": -0.42415999999955656, "x3": 1.068540000002492, "x4": 0.6104200000002474, "x5": 0.18988000000182526}, "datetime": {"datetime": "2020-10-19 22:00:13", "elapsed": 128.914378, "delta": 0.827406}}
{"target": 76.23883697111268, "params": {"x1": 88.77591999993277, "x2": 0.32856000000119623, "x3": -0.29533999999887195, "x4": 3.6776200000011867, "x5": -1.582319999999947}, "datetime": {"datetime": "2020-10-19 22:00:13", "elapsed": 129.743804, "delta": 0.829426}}
{"target": 74.12407830801921, "params": {"x1": 90.99451999984878, "x2": 1.28244000000215, "x3": -1.3470999999999238, "x4": 1.079100000000391, "x5": -0.7997599999991645}, "datetime": {"datetime": "2020-10-19 22:00:15", "elapsed": 131.172825, "delta": 1.429021}}
{"target": 89.84149799328361, "params": {"x1": 88.32911999994968, "x2": 0.5556400000014233, "x3": -1.2048199999997815, "x4": 1.667140000000571, "x5": -0.3561999999987209}, "datetime": {"datetime": "2020-10-19 22:00:17", "elapsed": 133.022211, "delta": 1.849386}}
{"target": 83.66212854970524, "params": {"x1": 88.14043999995683, "x2": 1.1543200000020222, "x3": 0.8360600000022596, "x4": 0.961820000000355, "x5": -0.1367599999985014}, "datetime": {"datetime": "2020-10-19 22:00:18", "elapsed": 134.472135, "delta": 1.449924}}
{"target": 95.18722635038604, "params": {"x1": 87.8109999999693, "x2": 0.6896400000015573, "x3": -1.0180599999995947, "x4": 1.20666000000043, "x5": -0.32187999999868655}, "datetime": {"datetime": "2020-10-19 22:00:20", "elapsed": 135.907915, "delta": 1.43578}}
{"target": 81.84112165162787, "params": {"x1": 90.21343999987835, "x2": 2.0727200000029407, "x3": -0.3176999999988943, "x4": 1.4207800000004955, "x5": -1.1539999999995187}, "datetime": {"datetime": "2020-10-19 22:00:20", "elapsed": 136.735097, "delta": 0.827182}}
{"target": 90.67763534675412, "params": {"x1": 88.84475999993016, "x2": 0.40348000000127116, "x3": -1.3864999999999632, "x4": 0.9652600000003562, "x5": -0.040719999998405365}, "datetime": {"datetime": "2020-10-19 22:00:21", "elapsed": 137.732466, "delta": 0.997369}}
{"target": 89.16977886787772, "params": {"x1": 88.42411999994609, "x2": 0.758240000001626, "x3": -1.3230199999998997, "x4": 1.3468200000004729, "x5": 0.005400000001640759}, "datetime": {"datetime": "2020-10-19 22:00:22", "elapsed": 138.707736, "delta": 0.97527}}
{"target": 91.80836689941964, "params": {"x1": 88.30507999995059, "x2": 0.5957600000014635, "x3": -1.401299999999978, "x4": 1.4505400000005046, "x5": -0.2314399999985961}, "datetime": {"datetime": "2020-10-19 22:00:23", "elapsed": 139.841782, "delta": 1.134046}}
{"target": 88.40992051467693, "params": {"x1": 88.41951999994626, "x2": 0.9539200000018216, "x3": -1.316339999999893, "x4": 1.0896200000003942, "x5": 0.5709600000022064}, "datetime": {"datetime": "2020-10-19 22:00:24", "elapsed": 140.883439, "delta": 1.041657}}
{"target": 94.20139093308634, "params": {"x1": 88.27175999995185, "x2": 0.7526000000016203, "x3": -1.3098999999998866, "x4": 0.9277000000003446, "x5": 0.2079200000018433}, "datetime": {"datetime": "2020-10-19 22:00:26", "elapsed": 141.97639, "delta": 1.092951}}
{"target": 92.13921966011736, "params": {"x1": 88.31463999995023, "x2": 0.4169200000012846, "x3": -1.1316999999997084, "x4": 1.092500000000395, "x5": -0.23999999999860466}, "datetime": {"datetime": "2020-10-19 22:00:27", "elapsed": 143.218083, "delta": 1.241693}}
{"target": 60.3985995009749, "params": {"x1": 90.9726399998496, "x2": 0.3755200000012432, "x3": 2.5501400000039736, "x4": 2.102740000000704, "x5": 1.637520000003273}, "datetime": {"datetime": "2020-10-19 22:00:28", "elapsed": 144.107342, "delta": 0.889259}}
{"target": 95.45857715762898, "params": {"x1": 88.26335999995217, "x2": 0.6805600000015483, "x3": -1.2029399999997796, "x4": 1.3214600000004653, "x5": -0.5540399999989187}, "datetime": {"datetime": "2020-10-19 22:00:29", "elapsed": 145.151867, "delta": 1.044525}}
{"target": 93.01781176710334, "params": {"x1": 88.58395999994003, "x2": 0.8094400000016772, "x3": -1.2698599999998466, "x4": 0.8219400000003123, "x5": -0.29535999999866}, "datetime": {"datetime": "2020-10-19 22:00:30", "elapsed": 146.280367, "delta": 1.1285}}
{"target": 91.44747744634792, "params": {"x1": 88.1361375544026, "x2": 0.2639537980240537, "x3": -1.0256455141009677, "x4": 0.9151902840531452, "x5": -0.3926143620742504}, "datetime": {"datetime": "2020-10-19 22:00:30", "elapsed": 146.789625, "delta": 0.509258}}
{"target": 90.46782370565835, "params": {"x1": 88.37114909113735, "x2": 0.6672055455478837, "x3": -1.2687134700549831, "x4": 1.0878539012541621, "x5": 0.054000591817177535}, "datetime": {"datetime": "2020-10-19 22:00:31", "elapsed": 147.297066, "delta": 0.507441}}
{"target": 71.7874400339816, "params": {"x1": 87.97838049036, "x2": -0.19310567031477277, "x3": -1.0465805070628436, "x4": 3.256613825284104, "x5": 1.9502873156004552}, "datetime": {"datetime": "2020-10-19 22:00:31", "elapsed": 147.701574, "delta": 0.404508}}
{"target": 91.30981047760986, "params": {"x1": 87.81757005635262, "x2": 0.9558769935184136, "x3": -1.0806721790178082, "x4": 1.0943183291456682, "x5": -0.42692223533992}, "datetime": {"datetime": "2020-10-19 22:00:32", "elapsed": 148.271668, "delta": 0.570094}}
{"target": 90.21771299198227, "params": {"x1": 88.40966707070878, "x2": 1.2619663908746932, "x3": -1.313147400347743, "x4": 1.1361952272604647, "x5": -0.2206502018659695}, "datetime": {"datetime": "2020-10-19 22:00:32", "elapsed": 148.845896, "delta": 0.574228}}
