{"target": 82.21991344293102, "params": {"x1": 88.6680880188103, "x2": 2.0136979737686325, "x3": -1.4228425007306205, "x4": 1.011630290527359, "x5": -1.0481764367315478}, "datetime": {"datetime": "2020-10-19 21:55:27", "elapsed": 0.0, "delta": 0.0}}
{"target": 54.853448664929154, "params": {"x1": 90.32624443194574, "x2": -0.8599401673907586, "x3": 2.5162436807859168, "x4": 3.064561767275018, "x5": 2.1193385214534732}, "datetime": {"datetime": "2020-10-19 21:55:27", "elapsed": 0.168008, "delta": 0.168008}}
{"target": 79.02166785807754, "params": {"x1": 88.20000000000002, "x2": 1.1324, "x3": 0.9767000000000008, "x4": 2.6023000000000005, "x5": 0.3648000000000009}, "datetime": {"datetime": "2020-10-19 21:55:27", "elapsed": 0.225797, "delta": 0.057789}}
{"target": 83.61276843018928, "params": {"x1": 88.60000000000002, "x2": 1.9324000000000003, "x3": -1.4233, "x4": 1.0023000000000002, "x5": -0.8351999999999997}, "datetime": {"datetime": "2020-10-19 21:55:28", "elapsed": 0.537955, "delta": 0.312158}}
{"target": 71.6210623246098, "params": {"x1": 89.40000000000003, "x2": -0.0676, "x3": 2.5767000000000015, "x4": 1.4023, "x5": 1.564800000000001}, "datetime": {"datetime": "2020-10-19 21:55:29", "elapsed": 2.351868, "delta": 1.813913}}
{"target": 85.12944622184446, "params": {"x1": 88.60000000000002, "x2": 1.9324000000000003, "x3": -1.4233, "x4": 1.0023000000000002, "x5": -0.4351999999999996}, "datetime": {"datetime": "2020-10-19 21:55:30", "elapsed": 2.924605, "delta": 0.572737}}
{"target": 87.80489823952969, "params": {"x1": 88.20000000000002, "x2": 1.5324000000000004, "x3": -1.4233, "x4": 1.0023000000000002, "x5": -0.035199999999999454}, "datetime": {"datetime": "2020-10-19 21:55:31", "elapsed": 3.57735, "delta": 0.652745}}
{"target": 84.42525955274427, "params": {"x1": 87.80000000000001, "x2": 1.5324000000000004, "x3": -1.4233, "x4": 0.6023000000000001, "x5": -0.035199999999999454}, "datetime": {"datetime": "2020-10-19 21:55:31", "elapsed": 4.439662, "delta": 0.862312}}
{"target": 92.74217971837365, "params": {"x1": 88.20000000000002, "x2": 1.1324, "x3": -1.4233, "x4": 1.4023, "x5": -0.035199999999999454}, "datetime": {"datetime": "2020-10-19 21:55:32", "elapsed": 4.877869, "delta": 0.438207}}
{"target": 89.9104058549556, "params": {"x1": 88.20000000000002, "x2": 1.1324, "x3": -1.4233, "x4": 1.8023, "x5": -0.035199999999999454}, "datetime": {"datetime": "2020-10-19 21:55:33", "elapsed": 5.484784, "delta": 0.606915}}
{"target": 92.00382213968882, "params": {"x1": 88.20000000000002, "x2": 0.7324, "x3": -1.4233, "x4": 1.4023, "x5": -0.035199999999999454}, "datetime": {"datetime": "2020-10-19 21:55:36", "elapsed": 8.514483, "delta": 3.029699}}
{"target": 90.5892310608189, "params": {"x1": 88.36000000000021, "x2": 1.0124000000000017, "x3": -1.4233, "x4": 1.3223000000000003, "x5": 0.00480000000000147}, "datetime": {"datetime": "2020-10-19 21:55:36", "elapsed": 9.188414, "delta": 0.673931}}
{"target": 90.92322062705222, "params": {"x1": 88.08000000000017, "x2": 0.9724000000000016, "x3": -1.4233, "x4": 1.4423000000000004, "x5": -0.0751999999999986}, "datetime": {"datetime": "2020-10-19 21:55:37", "elapsed": 9.811858, "delta": 0.623444}}
{"target": 90.45714772041414, "params": {"x1": 88.2400000000002, "x2": 1.1324000000000018, "x3": -1.4233, "x4": 1.4823000000000004, "x5": 0.00480000000000147}, "datetime": {"datetime": "2020-10-19 21:55:37", "elapsed": 10.089506, "delta": 0.277648}}
{"target": 76.01588239043355, "params": {"x1": 87.20000000000003, "x2": 0.09240000000000081, "x3": 0.4167000000000016, "x4": 1.3623000000000003, "x5": 2.3248000000000033}, "datetime": {"datetime": "2020-10-19 21:55:37", "elapsed": 10.151334, "delta": 0.061828}}
{"target": 92.41284316501813, "params": {"x1": 88.20000000000019, "x2": 1.0924000000000018, "x3": -1.4233, "x4": 1.3223000000000003, "x5": -0.0751999999999986}, "datetime": {"datetime": "2020-10-19 21:55:37", "elapsed": 10.322439, "delta": 0.171105}}
{"target": 87.8748324721203, "params": {"x1": 88.08000000000017, "x2": 1.0924000000000018, "x3": -1.2632999999999999, "x4": 1.8023000000000005, "x5": 0.044800000000001505}, "datetime": {"datetime": "2020-10-19 21:55:37", "elapsed": 10.403432, "delta": 0.080993}}
{"target": 69.24551975037758, "params": {"x1": 87.6800000000001, "x2": -0.42759999999999965, "x3": 1.5767000000000027, "x4": 2.6023000000000005, "x5": 2.2848000000000033}, "datetime": {"datetime": "2020-10-19 21:55:37", "elapsed": 10.467142, "delta": 0.06371}}
{"target": 92.97335445306138, "params": {"x1": 88.20000000000019, "x2": 0.8924000000000015, "x3": -1.4233, "x4": 1.3623000000000003, "x5": -0.035199999999998566}, "datetime": {"datetime": "2020-10-19 21:55:38", "elapsed": 10.644567, "delta": 0.177425}}
{"target": 77.49490452161201, "params": {"x1": 90.06000000000374, "x2": 0.4324000000000011, "x3": 1.2807000000000024, "x4": 1.2863000000000013, "x5": 1.700800000000003}, "datetime": {"datetime": "2020-10-19 21:55:38", "elapsed": 10.716349, "delta": 0.071782}}
{"target": 90.58242687261023, "params": {"x1": 88.3120000000016, "x2": 1.4924000000000022, "x3": -1.2832999999999999, "x4": 0.946300000000001, "x5": 0.11280000000000157}, "datetime": {"datetime": "2020-10-19 21:55:38", "elapsed": 10.867104, "delta": 0.150755}}
{"target": 88.70219488502369, "params": {"x1": 88.17600000000144, "x2": 0.6724000000000013, "x3": -1.1192999999999997, "x4": 1.5743000000000016, "x5": -0.1831999999999987}, "datetime": {"datetime": "2020-10-19 21:55:38", "elapsed": 10.988212, "delta": 0.121108}}
{"target": 79.79875731369258, "params": {"x1": 90.14800000000385, "x2": -0.4995999999999997, "x3": 1.5087000000000026, "x4": 1.2503000000000013, "x5": 0.9928000000000023}, "datetime": {"datetime": "2020-10-19 21:55:38", "elapsed": 11.066308, "delta": 0.078096}}
{"target": 89.27817659454485, "params": {"x1": 88.40000000000171, "x2": 1.256400000000002, "x3": -1.3913, "x4": 1.6303000000000016, "x5": -0.26719999999999877}, "datetime": {"datetime": "2020-10-19 21:55:38", "elapsed": 11.208488, "delta": 0.14218}}
{"target": 65.2052007389457, "params": {"x1": 90.9320000000048, "x2": -0.5155999999999997, "x3": -1.1992999999999998, "x4": 1.2503000000000013, "x5": 2.196800000000003}, "datetime": {"datetime": "2020-10-19 21:55:38", "elapsed": 11.289908, "delta": 0.08142}}
{"target": 70.13226708396894, "params": {"x1": 87.47200000000058, "x2": 2.572400000000003, "x3": -0.4872999999999992, "x4": 3.3823000000000034, "x5": 1.1408000000000025}, "datetime": {"datetime": "2020-10-19 21:55:38", "elapsed": 11.373173, "delta": 0.083265}}
{"target": 90.98252191533861, "params": {"x1": 88.23600000000151, "x2": 0.8764000000000015, "x3": -1.3673, "x4": 1.3983000000000014, "x5": -0.0711999999999986}, "datetime": {"datetime": "2020-10-19 21:55:39", "elapsed": 11.876079, "delta": 0.502906}}
{"target": 88.0523477611217, "params": {"x1": 87.97999999999772, "x2": 1.248799999999767, "x3": -1.115300000000034, "x4": 1.2875000000000425, "x5": 0.1471999999998037}, "datetime": {"datetime": "2020-10-19 21:55:39", "elapsed": 12.09065, "delta": 0.214571}}
{"target": 92.69947436580543, "params": {"x1": 88.16759999999728, "x2": 0.9583999999997989, "x3": -1.4233, "x4": 1.3267000000000437, "x5": 0.03679999999981587}, "datetime": {"datetime": "2020-10-19 21:55:40", "elapsed": 12.490897, "delta": 0.400247}}
{"target": 91.69481302562983, "params": {"x1": 88.16879999999728, "x2": 0.839199999999812, "x3": -1.4233, "x4": 1.3219000000000436, "x5": 0.0015999999998197456}, "datetime": {"datetime": "2020-10-19 21:55:40", "elapsed": 12.802371, "delta": 0.311474}}
{"target": 72.81266922022544, "params": {"x1": 90.11639999999274, "x2": 1.249599999999767, "x3": 1.8518999999996393, "x4": 3.373100000000102, "x5": -0.33080000000014365}, "datetime": {"datetime": "2020-10-19 21:55:40", "elapsed": 12.974736, "delta": 0.172365}}
{"target": 94.11534010803045, "params": {"x1": 88.19639999999721, "x2": 1.011999999999793, "x3": -1.4233, "x4": 1.373900000000045, "x5": -0.015200000000178404}, "datetime": {"datetime": "2020-10-19 21:55:40", "elapsed": 13.303026, "delta": 0.32829}}
{"target": 81.21608129438795, "params": {"x1": 88.87079999999564, "x2": 1.3551999999997553, "x3": 1.354299999999694, "x4": 0.3751000000000164, "x5": 0.30559999999978626}, "datetime": {"datetime": "2020-10-19 21:55:40", "elapsed": 13.45174, "delta": 0.148714}}
{"target": 88.78517095509198, "params": {"x1": 88.39039999999676, "x2": 0.9183999999998033, "x3": -1.2553000000000185, "x4": 1.1327000000000382, "x5": 0.07679999999981146}, "datetime": {"datetime": "2020-10-19 21:55:41", "elapsed": 13.700129, "delta": 0.248389}}
{"target": 65.11809712025014, "params": {"x1": 90.8215999999911, "x2": 2.2047999999996617, "x3": 0.6166999999997753, "x4": 3.053100000000093, "x5": 1.4395999999996614}, "datetime": {"datetime": "2020-10-19 21:55:41", "elapsed": 13.854375, "delta": 0.154246}}
{"target": 77.83913244665453, "params": {"x1": 90.31479999999227, "x2": 0.6107999999998371, "x3": 1.7866999999996465, "x4": 1.5943000000000513, "x5": -0.05040000000017453}, "datetime": {"datetime": "2020-10-19 21:55:41", "elapsed": 14.007204, "delta": 0.152829}}
{"target": 92.98302812555332, "params": {"x1": 88.2017599999545, "x2": 0.9911600000018589, "x3": -1.4233, "x4": 1.3947400000004877, "x5": -0.005359999998370002}, "datetime": {"datetime": "2020-10-19 21:55:42", "elapsed": 14.694758, "delta": 0.687554}}
{"target": 80.25966077019758, "params": {"x1": 87.17219999999348, "x2": -0.6440799999997765, "x3": 1.3839800000028075, "x4": 1.7034200000005821, "x5": 0.7834800000024187}, "datetime": {"datetime": "2020-10-19 21:55:42", "elapsed": 15.312984, "delta": 0.618226}}
{"target": 93.60264821039273, "params": {"x1": 88.02895999996105, "x2": 0.4560400000013237, "x3": -1.2656999999998424, "x4": 1.5026600000005206, "x5": 0.09476000000173013}, "datetime": {"datetime": "2020-10-19 21:55:43", "elapsed": 15.905446, "delta": 0.592462}}
{"target": 92.76744844613906, "params": {"x1": 88.06019999995986, "x2": 0.5059200000013736, "x3": -1.281219999999858, "x4": 1.4924600000005175, "x5": 0.060480000001695844}, "datetime": {"datetime": "2020-10-19 21:55:44", "elapsed": 16.655705, "delta": 0.750259}}
{"target": 88.9737334827052, "params": {"x1": 88.02639999996114, "x2": 0.5688000000014365, "x3": -1.096219999999673, "x4": 1.5565800000005372, "x5": 0.03608000000167144}, "datetime": {"datetime": "2020-10-19 21:55:44", "elapsed": 17.307127, "delta": 0.651422}}
{"target": 89.89532397428052, "params": {"x1": 88.25935999995232, "x2": 1.1289200000019965, "x3": -1.3014999999998782, "x4": 1.1334200000004075, "x5": 0.01860000000165396}, "datetime": {"datetime": "2020-10-19 21:55:45", "elapsed": 17.942296, "delta": 0.635169}}
{"target": 88.45411809329558, "params": {"x1": 87.85739999996754, "x2": 0.544280000001412, "x3": -1.001219999999578, "x4": 1.585860000000546, "x5": 0.3227200000019581}, "datetime": {"datetime": "2020-10-19 21:55:46", "elapsed": 18.559057, "delta": 0.616761}}
{"target": 92.89987537630205, "params": {"x1": 88.01331999996164, "x2": 1.058280000001926, "x3": -1.288259999999865, "x4": 1.1503400000004127, "x5": -0.06431999999842897}, "datetime": {"datetime": "2020-10-19 21:55:46", "elapsed": 19.174136, "delta": 0.615079}}
{"target": 87.21453513551641, "params": {"x1": 88.35194000449378, "x2": 1.2055349853555564, "x3": -1.1486400521222901, "x4": 1.5055128218674996, "x5": -0.2433717897053682}, "datetime": {"datetime": "2020-10-19 21:55:46", "elapsed": 19.310406, "delta": 0.13627}}
{"target": 89.62046744064835, "params": {"x1": 88.50601126401006, "x2": 0.6770527178520246, "x3": -1.3505287299426907, "x4": 1.4039816485250387, "x5": -0.08456948576329304}, "datetime": {"datetime": "2020-10-19 21:55:46", "elapsed": 19.446378, "delta": 0.135972}}
{"target": 77.08993523729809, "params": {"x1": 90.28317117772744, "x2": -0.03833866055913859, "x3": 1.8240895150770389, "x4": 2.569069382287796, "x5": -0.43203773973393056}, "datetime": {"datetime": "2020-10-19 21:55:47", "elapsed": 19.533339, "delta": 0.086961}}
{"target": 89.58215139395327, "params": {"x1": 88.42444347518996, "x2": 1.0823426077405016, "x3": -1.367935877233479, "x4": 1.4988879987186492, "x5": -0.2811046347613335}, "datetime": {"datetime": "2020-10-19 21:55:47", "elapsed": 19.721295, "delta": 0.187956}}
{"target": 93.0271805509451, "params": {"x1": 88.02433608160771, "x2": 0.47451023471092907, "x3": -1.2681543096014514, "x4": 1.4943077544842136, "x5": 0.1371892916926444}, "datetime": {"datetime": "2020-10-19 21:55:47", "elapsed": 19.887851, "delta": 0.166556}}
{"target": 76.05034184886752, "params": {"x1": 87.94436140601957, "x2": 2.387701894335702, "x3": 0.8746891744322747, "x4": 2.9590130767766443, "x5": -1.3543651790749214}, "datetime": {"datetime": "2020-10-19 21:55:47", "elapsed": 19.98112, "delta": 0.093269}}
{"target": 87.46635184120197, "params": {"x1": 88.47593324000891, "x2": 1.2348534369943969, "x3": -1.2703954255121659, "x4": 1.589649142024791, "x5": -0.2694972858649034}, "datetime": {"datetime": "2020-10-19 21:55:47", "elapsed": 20.097061, "delta": 0.115941}}
{"target": 64.66819333888114, "params": {"x1": 90.68034523097681, "x2": 1.6580574513692237, "x3": 1.8587039143152728, "x4": 3.4979003065944916, "x5": -0.29641565818933313}, "datetime": {"datetime": "2020-10-19 21:55:47", "elapsed": 20.199049, "delta": 0.101988}}
{"target": 92.65548585944926, "params": {"x1": 88.06435226777123, "x2": 0.42717533322060086, "x3": -1.2605730906577917, "x4": 1.5061289435256557, "x5": 0.0969049144064447}, "datetime": {"datetime": "2020-10-19 21:55:47", "elapsed": 20.473106, "delta": 0.274057}}
