{"target": 82.00478769133068, "params": {"x1": 88.60000000000002, "x2": 0.7324000000000005, "x3": -0.6233000000000002, "x4": 2.8023, "x5": 0.36479999999999957}, "datetime": {"datetime": "2020-10-19 22:12:51", "elapsed": 49.219213, "delta": 0.169174}}
{"target": 63.91280273414551, "params": {"x1": 90.60000000000005, "x2": 0.7324000000000005, "x3": 1.576699999999999, "x4": 3.6023000000000005, "x5": 1.3647999999999991}, "datetime": {"datetime": "2020-10-19 22:12:51", "elapsed": 49.394198, "delta": 0.174985}}
{"target": 77.8937008176951, "params": {"x1": 89.60000000000004, "x2": 1.132400000000001, "x3": -1.0233, "x4": 3.0023, "x5": -1.4352}, "datetime": {"datetime": "2020-10-19 22:12:51", "elapsed": 49.566944, "delta": 0.172746}}
{"target": 82.90456272461432, "params": {"x1": 88.20000000000002, "x2": -0.26759999999999984, "x3": -0.02330000000000032, "x4": -0.1977, "x5": -1.4352}, "datetime": {"datetime": "2020-10-19 22:12:52", "elapsed": 49.7363, "delta": 0.169356}}
{"target": 84.07995204468239, "params": {"x1": 88.20000000000002, "x2": 0.5324000000000003, "x3": 1.7766999999999993, "x4": 0.6023000000000001, "x5": 0.1647999999999996}, "datetime": {"datetime": "2020-10-19 22:12:54", "elapsed": 51.961155, "delta": 2.224855}}
{"target": 74.20269784692812, "params": {"x1": 90.20000000000005, "x2": -0.26759999999999984, "x3": -0.42330000000000023, "x4": 3.4023000000000003, "x5": 0.7647999999999995}, "datetime": {"datetime": "2020-10-19 22:12:55", "elapsed": 53.47514, "delta": 1.513985}}
{"target": 76.91787662718036, "params": {"x1": 87.60000000000001, "x2": 2.332400000000001, "x3": 1.9766999999999995, "x4": 1.2023000000000001, "x5": -0.8352000000000002}, "datetime": {"datetime": "2020-10-19 22:12:56", "elapsed": 53.653555, "delta": 0.178415}}
{"target": 86.0935311075698, "params": {"x1": 89.00000000000003, "x2": 1.732400000000001, "x3": -0.6233000000000002, "x4": 1.8023, "x5": -1.2352}, "datetime": {"datetime": "2020-10-19 22:12:57", "elapsed": 55.099784, "delta": 1.446229}}
{"target": 66.6956546019402, "params": {"x1": 90.60000000000005, "x2": 0.5324000000000003, "x3": 2.576699999999999, "x4": 2.6023000000000005, "x5": 0.5647999999999993}, "datetime": {"datetime": "2020-10-19 22:12:57", "elapsed": 55.338906, "delta": 0.239122}}
{"target": 87.73801210911013, "params": {"x1": 88.60000000000002, "x2": 0.5324000000000003, "x3": -1.2233, "x4": 1.4023, "x5": 0.1647999999999996}, "datetime": {"datetime": "2020-10-19 22:12:58", "elapsed": 55.664162, "delta": 0.325256}}
{"target": 78.28854648078502, "params": {"x1": 90.20000000000005, "x2": 0.7324000000000005, "x3": 2.1766999999999994, "x4": 1.2023000000000001, "x5": 0.5647999999999993}, "datetime": {"datetime": "2020-10-19 22:12:59", "elapsed": 56.637114, "delta": 0.972952}}
{"target": 69.33809802617608, "params": {"x1": 90.80000000000005, "x2": 0.9324000000000007, "x3": -1.0233, "x4": 2.0023, "x5": 1.9647999999999992}, "datetime": {"datetime": "2020-10-19 22:12:59", "elapsed": 56.829308, "delta": 0.192194}}
{"target": 92.24846785997633, "params": {"x1": 88.59999999999991, "x2": 0.3323999999999997, "x3": -1.4233, "x4": 1.3023, "x5": 0.1648000000000016}, "datetime": {"datetime": "2020-10-19 22:12:59", "elapsed": 57.411327, "delta": 0.582019}}
{"target": 89.19436745646033, "params": {"x1": 88.29999999999993, "x2": 0.8323999999999997, "x3": -1.2232999999999998, "x4": 1.3023, "x5": -0.13519999999999865}, "datetime": {"datetime": "2020-10-19 22:13:00", "elapsed": 57.813329, "delta": 0.402002}}
{"target": 81.08811081045337, "params": {"x1": 88.29999999999993, "x2": 0.8323999999999997, "x3": 0.9767000000000021, "x4": 1.9023, "x5": 0.2648000000000017}, "datetime": {"datetime": "2020-10-19 22:13:00", "elapsed": 58.002571, "delta": 0.189242}}
{"target": 75.98505535872494, "params": {"x1": 90.19999999999982, "x2": 2.132399999999999, "x3": 1.5767000000000027, "x4": 0.20230000000000004, "x5": -0.13519999999999865}, "datetime": {"datetime": "2020-10-19 22:13:00", "elapsed": 58.37203, "delta": 0.369459}}
{"target": 83.87756993905225, "params": {"x1": 89.39999999999986, "x2": 1.2323999999999997, "x3": -0.9232999999999996, "x4": 3.3023, "x5": -0.33519999999999883}, "datetime": {"datetime": "2020-10-19 22:13:00", "elapsed": 58.562875, "delta": 0.190845}}
{"target": 95.5516835417292, "params": {"x1": 88.59999999999991, "x2": 0.7323999999999996, "x3": -1.4233, "x4": 1.0023000000000002, "x5": 0.1648000000000016}, "datetime": {"datetime": "2020-10-19 22:13:02", "elapsed": 59.639501, "delta": 1.076626}}
{"target": 95.8769240924527, "params": {"x1": 88.19999999999993, "x2": 0.9323999999999996, "x3": -1.4233, "x4": 1.4023, "x5": -0.035199999999998566}, "datetime": {"datetime": "2020-10-19 22:13:02", "elapsed": 60.099732, "delta": 0.460231}}
{"target": 65.17711037210191, "params": {"x1": 90.89999999999978, "x2": 2.632399999999999, "x3": 1.6767000000000027, "x4": 2.3023, "x5": -0.6351999999999991}, "datetime": {"datetime": "2020-10-19 22:13:02", "elapsed": 60.285961, "delta": 0.186229}}
{"target": 81.30134114488501, "params": {"x1": 87.19999999999999, "x2": -0.5676000000000001, "x3": 1.0767000000000022, "x4": 1.2023000000000001, "x5": -1.3351999999999997}, "datetime": {"datetime": "2020-10-19 22:13:04", "elapsed": 62.075668, "delta": 1.789707}}
{"target": 76.0038416625836, "params": {"x1": 88.59999999999991, "x2": 1.4323999999999995, "x3": -1.0232999999999997, "x4": 2.2023, "x5": 2.2648000000000037}, "datetime": {"datetime": "2020-10-19 22:13:04", "elapsed": 62.276636, "delta": 0.200968}}
{"target": 92.31271236846017, "params": {"x1": 88.59999999999991, "x2": 0.3323999999999997, "x3": -1.4233, "x4": 1.5023000000000002, "x5": 0.1648000000000016}, "datetime": {"datetime": "2020-10-19 22:13:05", "elapsed": 62.926651, "delta": 0.650015}}
{"target": 93.45206917282248, "params": {"x1": 88.29999999999993, "x2": 0.5323999999999997, "x3": -1.2232999999999998, "x4": 1.2023000000000001, "x5": -0.4351999999999989}, "datetime": {"datetime": "2020-10-19 22:13:05", "elapsed": 63.471039, "delta": 0.544388}}
{"target": 93.45206917282238, "params": {"x1": 88.19999999999993, "x2": 0.5323999999999997, "x3": -1.2232999999999998, "x4": 1.2023000000000001, "x5": -0.33519999999999883}, "datetime": {"datetime": "2020-10-19 22:13:06", "elapsed": 64.543459, "delta": 1.07242}}
{"target": 92.17549622522183, "params": {"x1": 88.29999999999993, "x2": 0.5323999999999997, "x3": -1.2232999999999998, "x4": 1.2023000000000001, "x5": -0.23519999999999874}, "datetime": {"datetime": "2020-10-19 22:13:07", "elapsed": 65.163101, "delta": 0.619642}}
{"target": 78.46680659517739, "params": {"x1": 90.5999999999998, "x2": 1.7323999999999997, "x3": 0.9767000000000021, "x4": 0.8023, "x5": -1.0351999999999995}, "datetime": {"datetime": "2020-10-19 22:13:07", "elapsed": 65.375682, "delta": 0.212581}}
{"target": 80.10488999669856, "params": {"x1": 87.19999999999999, "x2": -0.7676000000000001, "x3": 1.2767000000000024, "x4": 0.3023, "x5": 0.1648000000000016}, "datetime": {"datetime": "2020-10-19 22:13:08", "elapsed": 66.175774, "delta": 0.800092}}
{"target": 88.88672613423775, "params": {"x1": 88.19999999999993, "x2": 1.1323999999999996, "x3": -1.3233, "x4": 1.5023000000000002, "x5": -0.035199999999998566}, "datetime": {"datetime": "2020-10-19 22:13:08", "elapsed": 66.603358, "delta": 0.427584}}
{"target": 94.33056870328167, "params": {"x1": 88.19999999999993, "x2": 0.5323999999999997, "x3": -1.2232999999999998, "x4": 1.2023000000000001, "x5": -0.23519999999999874}, "datetime": {"datetime": "2020-10-19 22:13:09", "elapsed": 67.100525, "delta": 0.497167}}
{"target": 89.61989057726564, "params": {"x1": 88.6999999999999, "x2": 0.6323999999999995, "x3": -1.2232999999999998, "x4": 0.9023000000000001, "x5": 0.06480000000000152}, "datetime": {"datetime": "2020-10-19 22:13:09", "elapsed": 67.547313, "delta": 0.446788}}
{"target": 69.9222640837514, "params": {"x1": 90.89999999999978, "x2": 1.5323999999999995, "x3": 1.6767000000000027, "x4": -0.09769999999999998, "x5": -0.535199999999999}, "datetime": {"datetime": "2020-10-19 22:13:10", "elapsed": 67.778754, "delta": 0.231441}}
{"target": 92.2484678599757, "params": {"x1": 88.19999999999993, "x2": 0.9323999999999996, "x3": -1.4233, "x4": 1.3023, "x5": -0.035199999999998566}, "datetime": {"datetime": "2020-10-19 22:13:10", "elapsed": 68.311623, "delta": 0.532869}}
{"target": 65.72192519732953, "params": {"x1": 90.79999999999978, "x2": 2.0323999999999995, "x3": -0.5232999999999992, "x4": 2.6023000000000005, "x5": 1.8648000000000031}, "datetime": {"datetime": "2020-10-19 22:13:11", "elapsed": 69.021266, "delta": 0.709643}}
{"target": 92.31271236846074, "params": {"x1": 88.19999999999993, "x2": 0.9323999999999996, "x3": -1.4233, "x4": 1.5023000000000002, "x5": -0.035199999999998566}, "datetime": {"datetime": "2020-10-19 22:13:12", "elapsed": 69.752254, "delta": 0.730988}}
{"target": 58.508087456534746, "params": {"x1": 90.19999999999982, "x2": 2.8323999999999994, "x3": -0.9232999999999996, "x4": 3.6023000000000005, "x5": 1.664800000000003}, "datetime": {"datetime": "2020-10-19 22:13:12", "elapsed": 69.989831, "delta": 0.237577}}
{"target": 83.95112348784613, "params": {"x1": 88.19999999999993, "x2": -0.06760000000000022, "x3": 1.3767000000000025, "x4": 1.2023000000000001, "x5": 0.2648000000000017}, "datetime": {"datetime": "2020-10-19 22:13:12", "elapsed": 70.239382, "delta": 0.249551}}
{"target": 91.3329952530237, "params": {"x1": 87.19999999999999, "x2": 0.3323999999999997, "x3": 0.2767000000000015, "x4": 1.6023, "x5": -0.7351999999999992}, "datetime": {"datetime": "2020-10-19 22:13:13", "elapsed": 71.027321, "delta": 0.787939}}
{"target": 75.92431889393234, "params": {"x1": 87.29999999999998, "x2": 2.7323999999999993, "x3": -1.2232999999999998, "x4": 0.8023, "x5": 0.564800000000002}, "datetime": {"datetime": "2020-10-19 22:13:14", "elapsed": 72.053812, "delta": 1.026491}}
{"target": 80.5533441155925, "params": {"x1": 88.09999999999994, "x2": 0.3323999999999997, "x3": 1.1767000000000023, "x4": 3.4023000000000003, "x5": 0.4648000000000019}, "datetime": {"datetime": "2020-10-19 22:13:14", "elapsed": 72.320098, "delta": 0.266286}}
{"target": 69.92266056178809, "params": {"x1": 90.79999999999978, "x2": 0.13239999999999974, "x3": -0.32329999999999903, "x4": 0.0023000000000000242, "x5": 1.8648000000000031}, "datetime": {"datetime": "2020-10-19 22:13:14", "elapsed": 72.575251, "delta": 0.255153}}
{"target": 92.51420330343936, "params": {"x1": 88.19999999999993, "x2": 0.5323999999999997, "x3": -1.2232999999999998, "x4": 1.3023, "x5": -0.23519999999999874}, "datetime": {"datetime": "2020-10-19 22:13:15", "elapsed": 73.614261, "delta": 1.03901}}
{"target": 87.59808074007235, "params": {"x1": 88.89999999999989, "x2": 0.5323999999999997, "x3": -1.3233, "x4": 1.3023, "x5": 0.3648000000000018}, "datetime": {"datetime": "2020-10-19 22:13:16", "elapsed": 74.243453, "delta": 0.629192}}
{"target": 91.50071879515868, "params": {"x1": 88.29999999999993, "x2": 0.6323999999999995, "x3": -1.3233, "x4": 1.2023000000000001, "x5": 0.06480000000000152}, "datetime": {"datetime": "2020-10-19 22:13:17", "elapsed": 74.795807, "delta": 0.552354}}
{"target": 90.82444244079679, "params": {"x1": 88.89999999999989, "x2": 0.6323999999999995, "x3": -1.3233, "x4": 0.7023, "x5": 0.564800000000002}, "datetime": {"datetime": "2020-10-19 22:13:17", "elapsed": 75.217465, "delta": 0.421658}}
{"target": 86.891101409859, "params": {"x1": 89.09999999999988, "x2": 0.5323999999999997, "x3": -1.4233, "x4": 0.7023, "x5": 0.6648000000000021}, "datetime": {"datetime": "2020-10-19 22:13:18", "elapsed": 75.790316, "delta": 0.572851}}
{"target": 95.87692409243537, "params": {"x1": 88.59999999999991, "x2": 0.3323999999999997, "x3": -1.4233, "x4": 1.4023, "x5": 0.1648000000000016}, "datetime": {"datetime": "2020-10-19 22:13:19", "elapsed": 76.668109, "delta": 0.877793}}
{"target": 90.76765273379922, "params": {"x1": 88.59999999999991, "x2": 0.03239999999999976, "x3": -1.3233, "x4": 1.3023, "x5": 0.2648000000000017}, "datetime": {"datetime": "2020-10-19 22:13:19", "elapsed": 77.127384, "delta": 0.459275}}
{"target": 92.43058865007316, "params": {"x1": 88.09999999999994, "x2": 0.5323999999999997, "x3": -1.0232999999999997, "x4": 1.3023, "x5": -0.535199999999999}, "datetime": {"datetime": "2020-10-19 22:13:19", "elapsed": 77.601771, "delta": 0.474387}}
{"target": 80.63712561982379, "params": {"x1": 87.59999999999997, "x2": 2.3323999999999994, "x3": -1.0232999999999997, "x4": 1.3023, "x5": 0.9648000000000023}, "datetime": {"datetime": "2020-10-19 22:13:20", "elapsed": 77.875446, "delta": 0.273675}}
{"target": 87.74909293262792, "params": {"x1": 88.89999999999989, "x2": 0.6323999999999995, "x3": -1.3233, "x4": 1.1023, "x5": 0.7648000000000021}, "datetime": {"datetime": "2020-10-19 22:13:21", "elapsed": 79.426644, "delta": 1.551198}}
{"target": 66.28777378028737, "params": {"x1": 90.79999999999978, "x2": 0.03239999999999976, "x3": 2.4767000000000037, "x4": 2.4023000000000003, "x5": -0.8351999999999993}, "datetime": {"datetime": "2020-10-19 22:13:22", "elapsed": 79.758619, "delta": 0.331975}}
{"target": 82.4531655507603, "params": {"x1": 90.09999999999982, "x2": 0.6323999999999995, "x3": -0.22329999999999894, "x4": 0.6023000000000001, "x5": 0.9648000000000023}, "datetime": {"datetime": "2020-10-19 22:13:22", "elapsed": 80.061392, "delta": 0.302773}}
{"target": 73.67579004032847, "params": {"x1": 87.69999999999996, "x2": 2.4323999999999995, "x3": 2.0767000000000033, "x4": 2.6023000000000005, "x5": 0.2648000000000017}, "datetime": {"datetime": "2020-10-19 22:13:22", "elapsed": 80.359699, "delta": 0.298307}}
{"target": 80.45193770144022, "params": {"x1": 88.29999999999993, "x2": -0.26760000000000017, "x3": -0.8232999999999995, "x4": 3.0023, "x5": 1.1648000000000025}, "datetime": {"datetime": "2020-10-19 22:13:23", "elapsed": 80.630303, "delta": 0.270604}}
{"target": 60.317714176451275, "params": {"x1": 89.99999999999983, "x2": 2.4323999999999995, "x3": -0.6232999999999993, "x4": 3.7023, "x5": 1.9648000000000032}, "datetime": {"datetime": "2020-10-19 22:13:23", "elapsed": 80.896613, "delta": 0.26631}}
{"target": 89.64339629459597, "params": {"x1": 87.99999999999994, "x2": 0.4323999999999998, "x3": -1.0232999999999997, "x4": 1.6023, "x5": -0.13519999999999865}, "datetime": {"datetime": "2020-10-19 22:13:24", "elapsed": 81.683881, "delta": 0.787268}}
{"target": 87.6984815245085, "params": {"x1": 88.7999999999999, "x2": 0.6323999999999995, "x3": -1.2232999999999998, "x4": 1.0023000000000002, "x5": 0.4648000000000019}, "datetime": {"datetime": "2020-10-19 22:13:24", "elapsed": 82.454002, "delta": 0.770121}}
{"target": 88.79539499778949, "params": {"x1": 88.6999999999999, "x2": 0.2323999999999996, "x3": -1.2232999999999998, "x4": 1.5023000000000002, "x5": 0.06480000000000152}, "datetime": {"datetime": "2020-10-19 22:13:25", "elapsed": 83.142084, "delta": 0.688082}}
{"target": 90.363524177871, "params": {"x1": 88.09999999999994, "x2": 0.5323999999999997, "x3": -1.0232999999999997, "x4": 1.5023000000000002, "x5": -0.4351999999999989}, "datetime": {"datetime": "2020-10-19 22:13:26", "elapsed": 83.725234, "delta": 0.58315}}
{"target": 91.37749161533316, "params": {"x1": 87.99999999999994, "x2": 0.3323999999999997, "x3": -1.2232999999999998, "x4": 1.3023, "x5": -0.035199999999998566}, "datetime": {"datetime": "2020-10-19 22:13:27", "elapsed": 84.981419, "delta": 1.256185}}
{"target": 88.50598090007911, "params": {"x1": 88.09999999999994, "x2": 0.4323999999999998, "x3": -1.3233, "x4": 0.9023000000000001, "x5": -0.33519999999999883}, "datetime": {"datetime": "2020-10-19 22:13:28", "elapsed": 86.390779, "delta": 1.40936}}
{"target": 66.47606831408169, "params": {"x1": 90.19999999999982, "x2": 2.6824000000000034, "x3": -0.9232999999999996, "x4": 3.502299999999999, "x5": -0.33519999999999883}, "datetime": {"datetime": "2020-10-19 22:13:29", "elapsed": 86.754307, "delta": 0.363528}}
{"target": 92.5687466956933, "params": {"x1": 88.6999999999999, "x2": 0.7324000000000014, "x3": -1.2732999999999999, "x4": 0.7022999999999998, "x5": 0.6648000000000021}, "datetime": {"datetime": "2020-10-19 22:13:29", "elapsed": 87.490115, "delta": 0.735808}}
{"target": 75.87324773799287, "params": {"x1": 88.54999999999991, "x2": -0.21759999999999946, "x3": -1.4233, "x4": 0.2522999999999999, "x5": 1.9648000000000032}, "datetime": {"datetime": "2020-10-19 22:13:30", "elapsed": 87.797355, "delta": 0.30724}}
{"target": 83.55459447901242, "params": {"x1": 89.49999999999986, "x2": 0.8824000000000015, "x3": -0.12329999999999885, "x4": 0.3022999999999999, "x5": 1.5648000000000029}, "datetime": {"datetime": "2020-10-19 22:13:30", "elapsed": 88.096948, "delta": 0.299593}}
{"target": 74.41909252410113, "params": {"x1": 90.64999999999979, "x2": 1.582400000000002, "x3": 1.4267000000000023, "x4": 2.4022999999999994, "x5": -1.0851999999999995}, "datetime": {"datetime": "2020-10-19 22:13:30", "elapsed": 88.394523, "delta": 0.297575}}
{"target": 94.21590807144412, "params": {"x1": 88.14999999999993, "x2": 0.48240000000000116, "x3": -1.2232999999999998, "x4": 1.2022999999999997, "x5": -0.1851999999999987}, "datetime": {"datetime": "2020-10-19 22:13:31", "elapsed": 89.104997, "delta": 0.710474}}
{"target": 74.61171704404848, "params": {"x1": 90.3999999999998, "x2": 2.582400000000003, "x3": 0.42670000000000163, "x4": 0.4522999999999999, "x5": -0.9351999999999994}, "datetime": {"datetime": "2020-10-19 22:13:31", "elapsed": 89.41823, "delta": 0.313233}}
{"target": 88.59785719346276, "params": {"x1": 88.19999999999993, "x2": 1.0824000000000016, "x3": -1.3233, "x4": 1.4522999999999997, "x5": 0.11480000000000157}, "datetime": {"datetime": "2020-10-19 22:13:32", "elapsed": 90.230758, "delta": 0.812528}}
{"target": 93.13940151844382, "params": {"x1": 88.19999999999993, "x2": 0.9324000000000016, "x3": -1.4233, "x4": 1.4022999999999997, "x5": -0.08519999999999861}, "datetime": {"datetime": "2020-10-19 22:13:33", "elapsed": 91.049884, "delta": 0.819126}}
{"target": 80.40473139322548, "params": {"x1": 87.05, "x2": -0.2675999999999995, "x3": 0.07670000000000132, "x4": 3.052299999999999, "x5": -0.08519999999999861}, "datetime": {"datetime": "2020-10-19 22:13:33", "elapsed": 91.370884, "delta": 0.321}}
{"target": 92.85782266751609, "params": {"x1": 88.14999999999993, "x2": 0.5324000000000012, "x3": -1.1732999999999998, "x4": 1.2022999999999997, "x5": -0.23519999999999874}, "datetime": {"datetime": "2020-10-19 22:13:34", "elapsed": 92.234889, "delta": 0.864005}}
{"target": 66.68752465925543, "params": {"x1": 90.14999999999982, "x2": 3.1324000000000036, "x3": -1.3733, "x4": 2.4022999999999994, "x5": -1.0851999999999995}, "datetime": {"datetime": "2020-10-19 22:13:34", "elapsed": 92.599876, "delta": 0.364987}}
{"target": 91.59416293864079, "params": {"x1": 88.19999999999993, "x2": 0.4324000000000011, "x3": -1.1732999999999998, "x4": 1.1522999999999997, "x5": 0.014800000000001479}, "datetime": {"datetime": "2020-10-19 22:13:35", "elapsed": 93.226393, "delta": 0.626517}}
{"target": 94.06925656046772, "params": {"x1": 88.7499999999999, "x2": 0.7324000000000014, "x3": -1.3233, "x4": 0.7522999999999997, "x5": 0.6148000000000018}, "datetime": {"datetime": "2020-10-19 22:13:36", "elapsed": 94.043078, "delta": 0.816685}}
{"target": 50.61413627472099, "params": {"x1": 90.89999999999978, "x2": 3.1324000000000036, "x3": 1.8267000000000027, "x4": 3.2022999999999993, "x5": 1.514800000000003}, "datetime": {"datetime": "2020-10-19 22:13:36", "elapsed": 94.357264, "delta": 0.314186}}
{"target": 89.86898436337673, "params": {"x1": 88.49999999999991, "x2": 0.6824000000000013, "x3": -1.2732999999999999, "x4": 1.0022999999999997, "x5": 0.1648000000000016}, "datetime": {"datetime": "2020-10-19 22:13:37", "elapsed": 94.965749, "delta": 0.608485}}
{"target": 92.27114128166173, "params": {"x1": 88.59999999999991, "x2": 0.282400000000001, "x3": -1.4233, "x4": 1.4022999999999997, "x5": 0.1648000000000016}, "datetime": {"datetime": "2020-10-19 22:13:38", "elapsed": 95.721503, "delta": 0.755754}}
{"target": 91.24285036250214, "params": {"x1": 87.99999999999994, "x2": 0.48240000000000116, "x3": -1.2732999999999999, "x4": 1.5522999999999996, "x5": -0.23519999999999874}, "datetime": {"datetime": "2020-10-19 22:13:38", "elapsed": 96.358144, "delta": 0.636641}}
{"target": 91.51528440631917, "params": {"x1": 87.79999999999995, "x2": 0.48240000000000116, "x3": -0.9732999999999996, "x4": 1.0522999999999998, "x5": -0.3851999999999989}, "datetime": {"datetime": "2020-10-19 22:13:39", "elapsed": 96.936076, "delta": 0.577932}}
{"target": 86.20293202788716, "params": {"x1": 87.99999999999994, "x2": 1.9324000000000026, "x3": 0.1767000000000014, "x4": 1.2522999999999997, "x5": -1.5352}, "datetime": {"datetime": "2020-10-19 22:13:39", "elapsed": 97.256048, "delta": 0.319972}}
{"target": 89.90404305735377, "params": {"x1": 88.14999999999993, "x2": 0.6824000000000013, "x3": -1.1732999999999998, "x4": 1.3022999999999996, "x5": -0.08519999999999861}, "datetime": {"datetime": "2020-10-19 22:13:40", "elapsed": 97.856867, "delta": 0.600819}}
{"target": 95.32168913250965, "params": {"x1": 88.7999999999999, "x2": 0.7324000000000014, "x3": -1.3233, "x4": 0.7522999999999997, "x5": 0.6648000000000021}, "datetime": {"datetime": "2020-10-19 22:13:41", "elapsed": 98.755772, "delta": 0.898905}}
{"target": 84.32222146967757, "params": {"x1": 88.14999999999993, "x2": 1.1324000000000018, "x3": 0.22670000000000146, "x4": 1.4022999999999997, "x5": -0.2851999999999988}, "datetime": {"datetime": "2020-10-19 22:13:41", "elapsed": 99.083524, "delta": 0.327752}}
{"target": 88.76382522195459, "params": {"x1": 88.89999999999989, "x2": 0.7324000000000014, "x3": -1.2232999999999998, "x4": 0.7522999999999997, "x5": 0.814800000000002}, "datetime": {"datetime": "2020-10-19 22:13:42", "elapsed": 99.829249, "delta": 0.745725}}
