{"target": 90.00291411834917, "params": {"x1": 88.16000000000018, "x2": 0.6124000000000013, "x3": -1.3833, "x4": 1.6023000000000003, "x5": -0.3951999999999989}, "datetime": {"datetime": "2020-10-19 21:58:55", "elapsed": 51.266101, "delta": 0.225256}}
{"target": 87.29966726794297, "params": {"x1": 87.80000000000013, "x2": -0.30759999999999954, "x3": 0.09670000000000134, "x4": 2.5223000000000004, "x5": 0.00480000000000147}, "datetime": {"datetime": "2020-10-19 21:58:55", "elapsed": 51.451983, "delta": 0.185882}}
{"target": 83.63725437544426, "params": {"x1": 87.40000000000006, "x2": -0.027599999999999292, "x3": -0.10329999999999884, "x4": 0.08230000000000004, "x5": 0.9648000000000023}, "datetime": {"datetime": "2020-10-19 21:58:55", "elapsed": 51.640573, "delta": 0.18859}}
{"target": 80.67675588715564, "params": {"x1": 90.92000000000061, "x2": 0.05240000000000078, "x3": 0.6167000000000018, "x4": 1.0823000000000003, "x5": 0.604800000000002}, "datetime": {"datetime": "2020-10-19 21:58:55", "elapsed": 51.837797, "delta": 0.197224}}
{"target": 79.52797630824665, "params": {"x1": 88.16000000000018, "x2": 0.8524000000000015, "x3": 1.6167000000000027, "x4": 1.6023000000000003, "x5": 0.8048000000000022}, "datetime": {"datetime": "2020-10-19 21:58:56", "elapsed": 52.032063, "delta": 0.194266}}
{"target": 90.70336244200743, "params": {"x1": 87.96000000000015, "x2": 1.212400000000002, "x3": -1.3033, "x4": 1.4423000000000004, "x5": 0.08480000000000154}, "datetime": {"datetime": "2020-10-19 21:58:56", "elapsed": 52.285045, "delta": 0.252982}}
{"target": 86.95800186037494, "params": {"x1": 88.64000000000026, "x2": 1.0124000000000017, "x3": -1.3033, "x4": 1.4023000000000003, "x5": 0.08480000000000154}, "datetime": {"datetime": "2020-10-19 21:58:56", "elapsed": 52.576202, "delta": 0.291157}}
{"target": 91.27797547530244, "params": {"x1": 88.64000000000026, "x2": 0.7724000000000014, "x3": -1.3833, "x4": 0.9223000000000001, "x5": 0.3648000000000018}, "datetime": {"datetime": "2020-10-19 21:58:57", "elapsed": 52.930062, "delta": 0.35386}}
{"target": 79.73504127862776, "params": {"x1": 88.64000000000026, "x2": 0.7324000000000014, "x3": 1.0967000000000022, "x4": 3.282300000000001, "x5": -0.515199999999999}, "datetime": {"datetime": "2020-10-19 21:58:57", "elapsed": 53.128374, "delta": 0.198312}}
{"target": 93.18076187553798, "params": {"x1": 88.64000000000026, "x2": 0.33240000000000103, "x3": -1.4233, "x4": 1.3623000000000003, "x5": 0.2848000000000017}, "datetime": {"datetime": "2020-10-19 21:58:57", "elapsed": 53.566776, "delta": 0.438402}}
{"target": 89.94653641339949, "params": {"x1": 88.72000000000027, "x2": 0.9324000000000016, "x3": -1.4233, "x4": 0.8423000000000003, "x5": -0.1951999999999987}, "datetime": {"datetime": "2020-10-19 21:58:57", "elapsed": 53.859343, "delta": 0.292567}}
{"target": 90.19380824995419, "params": {"x1": 88.60000000000025, "x2": 0.05240000000000078, "x3": -1.3433, "x4": 1.3623000000000003, "x5": 0.5248000000000019}, "datetime": {"datetime": "2020-10-19 21:58:58", "elapsed": 54.142171, "delta": 0.282828}}
{"target": 77.88566660281181, "params": {"x1": 88.2400000000002, "x2": 2.612400000000003, "x3": 0.056700000000001305, "x4": 0.002300000000000052, "x5": -1.3951999999999998}, "datetime": {"datetime": "2020-10-19 21:58:58", "elapsed": 54.343359, "delta": 0.201188}}
{"target": 90.84656788920672, "params": {"x1": 88.32800000000162, "x2": 0.5924000000000013, "x3": -1.3513, "x4": 1.0863000000000012, "x5": -0.25919999999999876}, "datetime": {"datetime": "2020-10-19 21:58:58", "elapsed": 54.597067, "delta": 0.253708}}
{"target": 90.89918944032773, "params": {"x1": 88.636000000002, "x2": 0.17240000000000089, "x3": -1.2872999999999999, "x4": 1.2903000000000013, "x5": 0.632800000000002}, "datetime": {"datetime": "2020-10-19 21:58:58", "elapsed": 54.867506, "delta": 0.270439}}
{"target": 93.03311514064924, "params": {"x1": 87.9000000000011, "x2": 1.368400000000002, "x3": -1.3033, "x4": 1.4023000000000014, "x5": 0.20880000000000165}, "datetime": {"datetime": "2020-10-19 21:58:59", "elapsed": 55.18412, "delta": 0.316614}}
{"target": 89.68869785559018, "params": {"x1": 88.82400000000223, "x2": 0.6924000000000013, "x3": -1.3833, "x4": 1.0743000000000011, "x5": 0.1408000000000016}, "datetime": {"datetime": "2020-10-19 21:58:59", "elapsed": 55.562388, "delta": 0.378268}}
{"target": 88.5615895446522, "params": {"x1": 88.28000000000156, "x2": 1.188400000000002, "x3": -1.2032999999999998, "x4": 1.1863000000000012, "x5": -0.09919999999999862}, "datetime": {"datetime": "2020-10-19 21:59:00", "elapsed": 55.903375, "delta": 0.340987}}
{"target": 90.38808594797032, "params": {"x1": 87.90800000000111, "x2": 0.6204000000000013, "x3": -1.2552999999999999, "x4": 1.2383000000000013, "x5": -0.22719999999999874}, "datetime": {"datetime": "2020-10-19 21:59:00", "elapsed": 56.155895, "delta": 0.25252}}
{"target": 78.81946609520858, "params": {"x1": 90.39600000000415, "x2": 0.5484000000000012, "x3": 0.6127000000000018, "x4": 3.4623000000000035, "x5": -0.031199999999998562}, "datetime": {"datetime": "2020-10-19 21:59:00", "elapsed": 56.364466, "delta": 0.208571}}
{"target": 78.26255351964843, "params": {"x1": 87.19200000000023, "x2": -0.3995999999999996, "x3": 1.2727000000000024, "x4": 1.8223000000000018, "x5": 1.4848000000000028}, "datetime": {"datetime": "2020-10-19 21:59:00", "elapsed": 56.592264, "delta": 0.227798}}
{"target": 82.05442033230321, "params": {"x1": 88.59600000000195, "x2": 0.7164000000000014, "x3": -0.6512999999999993, "x4": 2.734300000000003, "x5": 0.44880000000000186}, "datetime": {"datetime": "2020-10-19 21:59:00", "elapsed": 56.801054, "delta": 0.20879}}
{"target": 93.04658280319055, "params": {"x1": 88.44400000000176, "x2": 0.7644000000000014, "x3": -1.3873, "x4": 0.950300000000001, "x5": 0.44480000000000186}, "datetime": {"datetime": "2020-10-19 21:59:01", "elapsed": 57.134751, "delta": 0.333697}}
{"target": 77.46202608996842, "params": {"x1": 89.68400000000328, "x2": 1.1244000000000018, "x3": -1.0072999999999996, "x4": 3.086300000000003, "x5": -1.3471999999999997}, "datetime": {"datetime": "2020-10-19 21:59:01", "elapsed": 57.35207, "delta": 0.217319}}
{"target": 83.17250344076355, "params": {"x1": 88.11600000000136, "x2": -0.2835999999999995, "x3": 0.0527000000000013, "x4": -0.15769999999999995, "x5": -1.3871999999999998}, "datetime": {"datetime": "2020-10-19 21:59:01", "elapsed": 57.562354, "delta": 0.210284}}
{"target": 91.20813372091507, "params": {"x1": 88.3080000000016, "x2": 0.44840000000000113, "x3": -1.2272999999999998, "x4": 1.2783000000000013, "x5": -0.10319999999999863}, "datetime": {"datetime": "2020-10-19 21:59:02", "elapsed": 57.909156, "delta": 0.346802}}
{"target": 69.74794500084587, "params": {"x1": 90.86800000000473, "x2": 0.8084000000000015, "x3": 2.2767000000000035, "x4": 0.4383000000000006, "x5": 0.11680000000000157}, "datetime": {"datetime": "2020-10-19 21:59:02", "elapsed": 58.136122, "delta": 0.226966}}
{"target": 92.47688491112812, "params": {"x1": 88.37600000000168, "x2": 0.35240000000000105, "x3": -1.1752999999999998, "x4": 1.0863000000000012, "x5": -0.13519999999999865}, "datetime": {"datetime": "2020-10-19 21:59:02", "elapsed": 58.426114, "delta": 0.289992}}
{"target": 92.06237309936245, "params": {"x1": 88.56800000000192, "x2": 0.7004000000000014, "x3": -1.3593, "x4": 0.8463000000000009, "x5": 0.06480000000000152}, "datetime": {"datetime": "2020-10-19 21:59:02", "elapsed": 58.846685, "delta": 0.420571}}
{"target": 91.9743351342459, "params": {"x1": 87.8960000000011, "x2": 0.8964000000000015, "x3": -0.9912999999999996, "x4": 1.034300000000001, "x5": -0.3031999999999988}, "datetime": {"datetime": "2020-10-19 21:59:03", "elapsed": 59.163479, "delta": 0.316794}}
{"target": 88.53000585245192, "params": {"x1": 88.34000000000164, "x2": 0.47640000000000116, "x3": -1.1312999999999998, "x4": 1.3223000000000014, "x5": 0.1488000000000016}, "datetime": {"datetime": "2020-10-19 21:59:03", "elapsed": 59.546852, "delta": 0.383373}}
{"target": 94.1612540076157, "params": {"x1": 88.61200000000197, "x2": 0.36040000000000105, "x3": -1.4193, "x4": 1.2983000000000013, "x5": 0.29680000000000173}, "datetime": {"datetime": "2020-10-19 21:59:04", "elapsed": 59.991486, "delta": 0.444634}}
{"target": 92.1390006831766, "params": {"x1": 88.22000000000149, "x2": 1.0724000000000018, "x3": -1.3993, "x4": 1.3463000000000014, "x5": -0.0751999999999986}, "datetime": {"datetime": "2020-10-19 21:59:04", "elapsed": 60.385662, "delta": 0.394176}}
{"target": 78.43857626513147, "params": {"x1": 90.4400000000042, "x2": 2.0244000000000026, "x3": 0.4967000000000017, "x4": 1.3223000000000014, "x5": -0.35519999999999885}, "datetime": {"datetime": "2020-10-19 21:59:04", "elapsed": 60.617507, "delta": 0.231845}}
{"target": 87.0075307311443, "params": {"x1": 87.52800000000065, "x2": 0.48040000000000116, "x3": -1.1112999999999997, "x4": 1.1383000000000012, "x5": -0.7431999999999992}, "datetime": {"datetime": "2020-10-19 21:59:04", "elapsed": 60.84837, "delta": 0.230863}}
{"target": 88.20038724676161, "params": {"x1": 89.06400000000252, "x2": 1.7044000000000024, "x3": -0.7232999999999994, "x4": 1.8023000000000018, "x5": -1.3031999999999997}, "datetime": {"datetime": "2020-10-19 21:59:05", "elapsed": 61.07812, "delta": 0.22975}}
{"target": 96.06707682428522, "params": {"x1": 88.16400000000142, "x2": 1.0684000000000018, "x3": -1.3113, "x4": 1.2503000000000013, "x5": -0.2911999999999988}, "datetime": {"datetime": "2020-10-19 21:59:05", "elapsed": 61.383994, "delta": 0.305874}}
{"target": 90.3992195038937, "params": {"x1": 88.52400000000186, "x2": 0.280400000000001, "x3": -1.3113, "x4": 1.3303000000000014, "x5": 0.616800000000002}, "datetime": {"datetime": "2020-10-19 21:59:05", "elapsed": 61.704051, "delta": 0.320057}}
{"target": 91.9234969780737, "params": {"x1": 88.49200000000182, "x2": 0.7444000000000014, "x3": -1.4233, "x4": 0.9823000000000011, "x5": 0.40880000000000183}, "datetime": {"datetime": "2020-10-19 21:59:06", "elapsed": 62.161595, "delta": 0.457544}}
{"target": 89.98715828066194, "params": {"x1": 87.85600000000105, "x2": 1.1004000000000018, "x3": -1.1872999999999998, "x4": 1.0743000000000011, "x5": -0.36319999999999886}, "datetime": {"datetime": "2020-10-19 21:59:06", "elapsed": 62.576465, "delta": 0.41487}}
{"target": 69.04362139414988, "params": {"x1": 90.80000000000464, "x2": 0.9884000000000016, "x3": -1.0232999999999997, "x4": 2.066300000000002, "x5": 1.9688000000000032}, "datetime": {"datetime": "2020-10-19 21:59:06", "elapsed": 62.831359, "delta": 0.254894}}
{"target": 94.1739928595933, "params": {"x1": 88.10800000000135, "x2": 0.9964000000000016, "x3": -1.2472999999999999, "x4": 1.1863000000000012, "x5": -0.3071999999999988}, "datetime": {"datetime": "2020-10-19 21:59:07", "elapsed": 63.203263, "delta": 0.371904}}
{"target": 89.87307790661984, "params": {"x1": 88.30000000000159, "x2": 0.8404000000000015, "x3": -1.2672999999999999, "x4": 1.2583000000000013, "x5": -0.12719999999999865}, "datetime": {"datetime": "2020-10-19 21:59:07", "elapsed": 63.574388, "delta": 0.371125}}
{"target": 80.85473033682757, "params": {"x1": 88.33600000000163, "x2": 0.8804000000000015, "x3": 1.0127000000000022, "x4": 1.9103000000000019, "x5": 0.2568000000000017}, "datetime": {"datetime": "2020-10-19 21:59:07", "elapsed": 63.820368, "delta": 0.24598}}
{"target": 90.75990962638812, "params": {"x1": 88.68400000000206, "x2": 0.9124000000000015, "x3": -1.3993, "x4": 0.906300000000001, "x5": 0.3728000000000018}, "datetime": {"datetime": "2020-10-19 21:59:08", "elapsed": 64.238666, "delta": 0.418298}}
{"target": 82.68767573037266, "params": {"x1": 89.42000000000296, "x2": 1.252400000000002, "x3": -0.9232999999999996, "x4": 3.330300000000003, "x5": -0.34719999999999884}, "datetime": {"datetime": "2020-10-19 21:59:08", "elapsed": 64.480001, "delta": 0.241335}}
{"target": 91.67195290286449, "params": {"x1": 88.35200000000165, "x2": 0.7804000000000014, "x3": -1.2072999999999998, "x4": 0.7383000000000008, "x5": 0.3688000000000018}, "datetime": {"datetime": "2020-10-19 21:59:09", "elapsed": 64.930555, "delta": 0.450554}}
{"target": 91.49073505763897, "params": {"x1": 88.66000000000203, "x2": 0.12440000000000084, "x3": -1.3513, "x4": 1.2903000000000013, "x5": 0.43680000000000185}, "datetime": {"datetime": "2020-10-19 21:59:09", "elapsed": 65.213583, "delta": 0.283028}}
{"target": 64.78973157211661, "params": {"x1": 90.92000000000479, "x2": 2.676400000000003, "x3": 1.6487000000000027, "x4": 2.3103000000000025, "x5": -0.6271999999999991}, "datetime": {"datetime": "2020-10-19 21:59:09", "elapsed": 65.437, "delta": 0.223417}}
{"target": 94.32847666536583, "params": {"x1": 88.15600000000141, "x2": 1.0404000000000018, "x3": -1.3073, "x4": 1.2343000000000013, "x5": -0.25919999999999876}, "datetime": {"datetime": "2020-10-19 21:59:09", "elapsed": 65.854599, "delta": 0.417599}}
{"target": 88.62664200176476, "params": {"x1": 88.42400000000174, "x2": 0.9884000000000016, "x3": -1.2032999999999998, "x4": 1.3183000000000014, "x5": -0.2991999999999988}, "datetime": {"datetime": "2020-10-19 21:59:10", "elapsed": 66.255047, "delta": 0.400448}}
{"target": 81.33503879881275, "params": {"x1": 87.17200000000021, "x2": -0.5755999999999998, "x3": 1.0367000000000022, "x4": 1.1743000000000012, "x5": -1.3231999999999997}, "datetime": {"datetime": "2020-10-19 21:59:10", "elapsed": 66.500541, "delta": 0.245494}}
{"target": 75.56727621729192, "params": {"x1": 88.64800000000201, "x2": 1.416400000000002, "x3": -1.0352999999999997, "x4": 2.1823000000000023, "x5": 2.3048000000000037}, "datetime": {"datetime": "2020-10-19 21:59:10", "elapsed": 66.737383, "delta": 0.236842}}
{"target": 70.20476311552555, "params": {"x1": 87.5680000000007, "x2": -0.6395999999999998, "x3": 2.352700000000003, "x4": 2.6823000000000023, "x5": -1.6072}, "datetime": {"datetime": "2020-10-19 21:59:11", "elapsed": 66.975011, "delta": 0.237628}}
{"target": 92.43055264494097, "params": {"x1": 88.60000000000196, "x2": 0.7284000000000014, "x3": -1.3993, "x4": 0.930300000000001, "x5": 0.04880000000000151}, "datetime": {"datetime": "2020-10-19 21:59:11", "elapsed": 67.641742, "delta": 0.666731}}
{"target": 91.22066740836242, "params": {"x1": 88.37200000000168, "x2": 0.21240000000000092, "x3": -1.2472999999999999, "x4": 1.3063000000000013, "x5": 0.5008000000000019}, "datetime": {"datetime": "2020-10-19 21:59:12", "elapsed": 68.006243, "delta": 0.364501}}
{"target": 91.36217334956433, "params": {"x1": 87.91200000000111, "x2": 0.8964000000000015, "x3": -1.1672999999999998, "x4": 1.2623000000000013, "x5": -0.47519999999999896}, "datetime": {"datetime": "2020-10-19 21:59:12", "elapsed": 68.397107, "delta": 0.390864}}
{"target": 95.82714565155274, "params": {"x1": 88.15600000000141, "x2": 1.0804000000000018, "x3": -1.2913, "x4": 1.2463000000000013, "x5": -0.33519999999999883}, "datetime": {"datetime": "2020-10-19 21:59:13", "elapsed": 68.938232, "delta": 0.541125}}
{"target": 78.60210388659898, "params": {"x1": 90.56800000000436, "x2": 1.7644000000000024, "x3": 1.0247000000000022, "x4": 0.8343000000000009, "x5": -1.0351999999999995}, "datetime": {"datetime": "2020-10-19 21:59:13", "elapsed": 69.26265, "delta": 0.324418}}
{"target": 92.93233452425045, "params": {"x1": 88.2320000000015, "x2": 0.37240000000000106, "x3": -1.0432999999999997, "x4": 1.010300000000001, "x5": -0.2791999999999988}, "datetime": {"datetime": "2020-10-19 21:59:13", "elapsed": 69.603547, "delta": 0.340897}}
{"target": 79.90968627948868, "params": {"x1": 87.20800000000025, "x2": -0.7916, "x3": 1.3167000000000024, "x4": 0.31830000000000047, "x5": 0.1528000000000016}, "datetime": {"datetime": "2020-10-19 21:59:13", "elapsed": 69.849133, "delta": 0.245586}}
{"target": 88.54028476484523, "params": {"x1": 88.2240000000015, "x2": 1.1164000000000018, "x3": -1.3033, "x4": 1.5303000000000015, "x5": -0.0671999999999986}, "datetime": {"datetime": "2020-10-19 21:59:14", "elapsed": 70.174238, "delta": 0.325105}}
{"target": 89.8219165067236, "params": {"x1": 88.3120000000016, "x2": 0.7444000000000014, "x3": -1.1952999999999998, "x4": 1.4503000000000015, "x5": -0.3831999999999989}, "datetime": {"datetime": "2020-10-19 21:59:14", "elapsed": 70.568109, "delta": 0.393871}}
{"target": 89.62501908416716, "params": {"x1": 88.74879999999592, "x2": 0.6127999999998369, "x3": -1.213700000000023, "x4": 0.8891000000000311, "x5": 0.03679999999981587}, "datetime": {"datetime": "2020-10-19 21:59:15", "elapsed": 71.070561, "delta": 0.502452}}
{"target": 69.99768182675047, "params": {"x1": 90.89279999999093, "x2": 1.5543999999997333, "x3": 1.6378999999996628, "x4": -0.1356999999999982, "x5": -0.49600000000012545}, "datetime": {"datetime": "2020-10-19 21:59:15", "elapsed": 71.389749, "delta": 0.319188}}
{"target": 88.87954943622375, "params": {"x1": 88.70839999999602, "x2": 0.6803999999998295, "x3": -1.2449000000000197, "x4": 1.0167000000000348, "x5": 0.0655999999998127}, "datetime": {"datetime": "2020-10-19 21:59:15", "elapsed": 71.829688, "delta": 0.439939}}
{"target": 93.09602210267514, "params": {"x1": 88.1587999999973, "x2": 0.5195999999998472, "x3": -1.196900000000025, "x4": 1.2227000000000408, "x5": -0.2060000000001574}, "datetime": {"datetime": "2020-10-19 21:59:16", "elapsed": 72.320665, "delta": 0.490977}}
{"target": 65.87115415442628, "params": {"x1": 90.80799999999113, "x2": 1.9891999999996854, "x3": -0.5033000000001013, "x4": 2.5859000000000796, "x5": 1.8835999999996125}, "datetime": {"datetime": "2020-10-19 21:59:16", "elapsed": 72.642949, "delta": 0.322284}}
{"target": 93.16014385687483, "params": {"x1": 88.16479999999729, "x2": 0.6195999999998362, "x3": -1.2577000000000182, "x4": 1.2855000000000425, "x5": -0.20080000000015796}, "datetime": {"datetime": "2020-10-19 21:59:17", "elapsed": 73.228357, "delta": 0.585408}}
{"target": 58.89777096937059, "params": {"x1": 90.16679999999262, "x2": 2.791999999999597, "x3": -0.8905000000000587, "x4": 3.6207000000001095, "x5": 1.6731999999996356}, "datetime": {"datetime": "2020-10-19 21:59:17", "elapsed": 73.554734, "delta": 0.326377}}
{"target": 84.11679936780848, "params": {"x1": 88.16319999999729, "x2": -0.0444000000000907, "x3": 1.3510999999996944, "x4": 1.1735000000000393, "x5": 0.2507999999997923}, "datetime": {"datetime": "2020-10-19 21:59:18", "elapsed": 73.893364, "delta": 0.33863}}
{"target": 93.60836184880552, "params": {"x1": 88.40439999999673, "x2": 0.7771999999998188, "x3": -1.3545000000000076, "x4": 0.9031000000000315, "x5": 0.42759999999977283}, "datetime": {"datetime": "2020-10-19 21:59:18", "elapsed": 74.438634, "delta": 0.54527}}
{"target": 92.87948409749761, "params": {"x1": 87.23599999999945, "x2": 0.37919999999986265, "x3": 0.22789999999981814, "x4": 1.644700000000053, "x5": -0.7556000000000969}, "datetime": {"datetime": "2020-10-19 21:59:18", "elapsed": 74.78264, "delta": 0.344006}}
{"target": 94.3544495696051, "params": {"x1": 88.19319999999722, "x2": 1.0915999999997843, "x3": -1.3257000000000108, "x4": 1.260700000000042, "x5": -0.3076000000001462}, "datetime": {"datetime": "2020-10-19 21:59:19", "elapsed": 75.493916, "delta": 0.711276}}
{"target": 75.31025539553136, "params": {"x1": 87.3027999999993, "x2": 2.7763999999995987, "x3": -1.2477000000000193, "x4": 0.7759000000000279, "x5": 0.6139999999997523}, "datetime": {"datetime": "2020-10-19 21:59:19", "elapsed": 75.836154, "delta": 0.342238}}
{"target": 80.45094617405985, "params": {"x1": 88.1147999999974, "x2": 0.2907999999998724, "x3": 1.2250999999997083, "x4": 3.3559000000001014, "x5": 0.49359999999976556}, "datetime": {"datetime": "2020-10-19 21:59:20", "elapsed": 76.169696, "delta": 0.333542}}
{"target": 69.8739574898419, "params": {"x1": 90.80679999999113, "x2": 0.11479999999989177, "x3": -0.35410000000011776, "x4": 0.04830000000000706, "x5": 1.8815999999996127}, "datetime": {"datetime": "2020-10-19 21:59:20", "elapsed": 76.518077, "delta": 0.348381}}
{"target": 93.9032526018925, "params": {"x1": 88.1175999999974, "x2": 1.0687999999997868, "x3": -1.296900000000014, "x4": 1.268700000000042, "x5": -0.3076000000001462}, "datetime": {"datetime": "2020-10-19 21:59:21", "elapsed": 77.094184, "delta": 0.576107}}
{"target": 90.31739436282791, "params": {"x1": 88.05959999999753, "x2": 1.0007999999997943, "x3": -1.078100000000038, "x4": 1.1551000000000389, "x5": -0.32360000000014444}, "datetime": {"datetime": "2020-10-19 21:59:21", "elapsed": 77.618876, "delta": 0.524692}}
{"target": 91.6804690126512, "params": {"x1": 88.24999999999709, "x2": 0.6539999999998324, "x3": -1.295300000000014, "x4": 1.1575000000000388, "x5": 0.05279999999981411}, "datetime": {"datetime": "2020-10-19 21:59:22", "elapsed": 78.253113, "delta": 0.634237}}
{"target": 88.06636503012321, "params": {"x1": 88.61879999999623, "x2": 0.957599999999799, "x3": -1.2493000000000192, "x4": 0.8675000000000306, "x5": 0.5943999999997545}, "datetime": {"datetime": "2020-10-19 21:59:22", "elapsed": 78.77621, "delta": 0.523097}}
{"target": 87.76568997331454, "params": {"x1": 88.31039999999695, "x2": 0.557199999999843, "x3": -1.1085000000000347, "x4": 1.334300000000044, "x5": 0.3071999999997861}, "datetime": {"datetime": "2020-10-19 21:59:23", "elapsed": 79.528553, "delta": 0.752343}}
{"target": 93.83470608877974, "params": {"x1": 88.64239999999617, "x2": 0.3323999999998678, "x3": -1.4101000000000015, "x4": 1.2943000000000426, "x5": 0.26759999999979045}, "datetime": {"datetime": "2020-10-19 21:59:24", "elapsed": 80.078736, "delta": 0.550183}}
{"target": 90.7137889742868, "params": {"x1": 88.35279999999685, "x2": 0.394399999999861, "x3": -1.3833000000000044, "x4": 1.1943000000000399, "x5": 0.5231999999997623}, "datetime": {"datetime": "2020-10-19 21:59:24", "elapsed": 80.617787, "delta": 0.539051}}
{"target": 90.16750584699393, "params": {"x1": 88.74039999999594, "x2": 0.8315999999998128, "x3": -1.4129000000000012, "x4": 0.8315000000000294, "x5": -0.1596000000001625}, "datetime": {"datetime": "2020-10-19 21:59:25", "elapsed": 81.155265, "delta": 0.537478}}
