{"target": 88.05318847971729, "params": {"x1": 87.74999999999996, "x2": 0.48240000000000116, "x3": -1.2732999999999999, "x4": 1.4022999999999997, "x5": -0.48519999999999897}, "datetime": {"datetime": "2020-10-19 22:13:42", "elapsed": 100.514089, "delta": 0.68484}}
{"target": 82.4257065992461, "params": {"x1": 88.44999999999992, "x2": -0.8176, "x3": -0.47329999999999917, "x4": 2.1522999999999994, "x5": -1.4851999999999999}, "datetime": {"datetime": "2020-10-19 22:13:43", "elapsed": 100.852753, "delta": 0.338664}}
{"target": 80.53961651124686, "params": {"x1": 88.14999999999993, "x2": 2.7324000000000033, "x3": -0.7732999999999994, "x4": 1.0022999999999997, "x5": 0.9148000000000025}, "datetime": {"datetime": "2020-10-19 22:13:43", "elapsed": 101.19607, "delta": 0.343317}}
{"target": 93.33567062034496, "params": {"x1": 88.19999999999993, "x2": 0.5324000000000012, "x3": -1.2732999999999999, "x4": 1.2022999999999997, "x5": -0.1851999999999987}, "datetime": {"datetime": "2020-10-19 22:13:44", "elapsed": 102.167064, "delta": 0.970994}}
{"target": 91.19107279886124, "params": {"x1": 88.04999999999994, "x2": 1.2824000000000022, "x3": -1.2732999999999999, "x4": 1.3022999999999996, "x5": -0.13519999999999865}, "datetime": {"datetime": "2020-10-19 22:13:45", "elapsed": 102.776767, "delta": 0.609703}}
{"target": 92.28503408929599, "params": {"x1": 88.59999999999991, "x2": 0.3824000000000011, "x3": -1.4233, "x4": 1.4022999999999997, "x5": 0.1648000000000016}, "datetime": {"datetime": "2020-10-19 22:13:45", "elapsed": 103.58961, "delta": 0.812843}}
{"target": 93.79179312698002, "params": {"x1": 88.59999999999991, "x2": 0.7324000000000014, "x3": -1.4233, "x4": 1.0022999999999997, "x5": 0.21480000000000166}, "datetime": {"datetime": "2020-10-19 22:13:47", "elapsed": 104.677354, "delta": 1.087744}}
{"target": 69.98854207400802, "params": {"x1": 87.05, "x2": 3.082400000000004, "x3": 1.6767000000000027, "x4": 1.6022999999999996, "x5": 0.5148000000000021}, "datetime": {"datetime": "2020-10-19 22:13:47", "elapsed": 105.018097, "delta": 0.340743}}
{"target": 91.7056470752076, "params": {"x1": 88.04999999999994, "x2": 0.1824000000000009, "x3": -1.1232999999999997, "x4": 1.2522999999999997, "x5": -0.1851999999999987}, "datetime": {"datetime": "2020-10-19 22:13:48", "elapsed": 105.719383, "delta": 0.701286}}
{"target": 90.6898344680088, "params": {"x1": 88.14999999999993, "x2": 1.332400000000002, "x3": -1.3733, "x4": 1.5022999999999997, "x5": -0.08519999999999861}, "datetime": {"datetime": "2020-10-19 22:13:48", "elapsed": 106.316194, "delta": 0.596811}}
{"target": 79.18104272100027, "params": {"x1": 89.04999999999988, "x2": -0.017599999999999283, "x3": 1.4267000000000023, "x4": 0.7022999999999998, "x5": 1.9648000000000032}, "datetime": {"datetime": "2020-10-19 22:13:49", "elapsed": 106.641052, "delta": 0.324858}}
{"target": 90.77155932855764, "params": {"x1": 88.54999999999991, "x2": -0.06759999999999933, "x3": -1.2732999999999999, "x4": 1.4022999999999997, "x5": 0.31480000000000175}, "datetime": {"datetime": "2020-10-19 22:13:49", "elapsed": 107.368203, "delta": 0.727151}}
{"target": 75.26065356616402, "params": {"x1": 90.34999999999981, "x2": 2.0324000000000026, "x3": 1.4267000000000023, "x4": 1.3022999999999996, "x5": 1.3648000000000027}, "datetime": {"datetime": "2020-10-19 22:13:50", "elapsed": 107.70084, "delta": 0.332637}}
{"target": 68.09263536468265, "params": {"x1": 89.89999999999984, "x2": 0.6824000000000013, "x3": 2.3267000000000033, "x4": 3.1522999999999994, "x5": -1.4351999999999998}, "datetime": {"datetime": "2020-10-19 22:13:50", "elapsed": 108.042985, "delta": 0.342145}}
{"target": 82.62058487546982, "params": {"x1": 87.1, "x2": 0.7824000000000014, "x3": -1.3733, "x4": 2.1022999999999996, "x5": 0.2648000000000017}, "datetime": {"datetime": "2020-10-19 22:13:50", "elapsed": 108.394112, "delta": 0.351127}}
{"target": 71.33266623591774, "params": {"x1": 90.4499999999998, "x2": 1.4824000000000024, "x3": 2.0767000000000033, "x4": 1.7022999999999995, "x5": -1.4851999999999999}, "datetime": {"datetime": "2020-10-19 22:13:51", "elapsed": 108.759039, "delta": 0.364927}}
{"target": 89.74587289379662, "params": {"x1": 88.54999999999991, "x2": -0.017599999999999283, "x3": -1.1232999999999997, "x4": 1.4522999999999997, "x5": 0.2648000000000017}, "datetime": {"datetime": "2020-10-19 22:13:51", "elapsed": 109.326112, "delta": 0.567073}}
{"target": 89.20582731094672, "params": {"x1": 88.54999999999991, "x2": 0.4324000000000011, "x3": -1.2232999999999998, "x4": 1.2522999999999997, "x5": 0.06480000000000152}, "datetime": {"datetime": "2020-10-19 22:13:52", "elapsed": 109.942984, "delta": 0.616872}}
{"target": 64.67174371798565, "params": {"x1": 90.94999999999978, "x2": 0.282400000000001, "x3": 0.9767000000000021, "x4": 3.552299999999999, "x5": 1.2148000000000023}, "datetime": {"datetime": "2020-10-19 22:13:52", "elapsed": 110.281828, "delta": 0.338844}}
{"target": 63.91518000795481, "params": {"x1": 88.8499999999999, "x2": 1.1324000000000018, "x3": 2.5267000000000035, "x4": 2.6522999999999994, "x5": 2.3148000000000035}, "datetime": {"datetime": "2020-10-19 22:13:53", "elapsed": 110.64087, "delta": 0.359042}}
{"target": 87.82265496957493, "params": {"x1": 88.49999999999991, "x2": 0.48240000000000116, "x3": -1.4233, "x4": 0.7022999999999998, "x5": 0.4148000000000016}, "datetime": {"datetime": "2020-10-19 22:13:53", "elapsed": 111.132196, "delta": 0.491326}}
{"target": 89.21883446418191, "params": {"x1": 88.29999999999993, "x2": 0.5824000000000013, "x3": -0.9232999999999996, "x4": 1.3022999999999996, "x5": -0.48519999999999897}, "datetime": {"datetime": "2020-10-19 22:13:54", "elapsed": 111.744388, "delta": 0.612192}}
{"target": 88.00260186202236, "params": {"x1": 88.39999999999992, "x2": -0.41759999999999964, "x3": 1.0767000000000022, "x4": 0.6022999999999998, "x5": 0.21480000000000166}, "datetime": {"datetime": "2020-10-19 22:13:54", "elapsed": 112.090158, "delta": 0.34577}}
{"target": 75.9990889243735, "params": {"x1": 88.7999999999999, "x2": 0.33240000000000103, "x3": -0.273299999999999, "x4": 3.7022999999999993, "x5": -1.5852}, "datetime": {"datetime": "2020-10-19 22:13:54", "elapsed": 112.461705, "delta": 0.371547}}
{"target": 74.23555130841005, "params": {"x1": 90.99999999999977, "x2": 1.2824000000000022, "x3": -1.3233, "x4": 1.1022999999999998, "x5": -0.7851999999999992}, "datetime": {"datetime": "2020-10-19 22:13:55", "elapsed": 112.831042, "delta": 0.369337}}
{"target": 88.50015151692632, "params": {"x1": 88.49999999999991, "x2": 0.4324000000000011, "x3": -1.2232999999999998, "x4": 1.4022999999999997, "x5": 0.1648000000000016}, "datetime": {"datetime": "2020-10-19 22:13:55", "elapsed": 113.42212, "delta": 0.591078}}
{"target": 83.67126196945131, "params": {"x1": 88.15000000000026, "x2": 1.1574000000000018, "x3": 0.826699999999992, "x4": 0.9522999999999997, "x5": -0.13520000000000532}, "datetime": {"datetime": "2020-10-19 22:13:56", "elapsed": 113.786081, "delta": 0.363961}}
{"target": 92.11921653846574, "params": {"x1": 87.8500000000002, "x2": 0.48240000000000116, "x3": -0.9983000000000015, "x4": 1.1022999999999998, "x5": -0.3852000000000044}, "datetime": {"datetime": "2020-10-19 22:13:56", "elapsed": 114.357885, "delta": 0.571804}}
{"target": 81.49322433680027, "params": {"x1": 90.22500000000073, "x2": 2.082400000000003, "x3": -0.3233000000000039, "x4": 1.4272999999999996, "x5": -1.1602000000000017}, "datetime": {"datetime": "2020-10-19 22:13:57", "elapsed": 114.710937, "delta": 0.353052}}
{"target": 89.12892900227787, "params": {"x1": 88.20000000000027, "x2": 0.5324000000000012, "x3": -1.2733000000000005, "x4": 0.8522999999999998, "x5": -0.43520000000000425}, "datetime": {"datetime": "2020-10-19 22:13:57", "elapsed": 115.464856, "delta": 0.753919}}
{"target": 89.1107787434847, "params": {"x1": 88.42500000000032, "x2": 0.7574000000000013, "x3": -1.3233000000000004, "x4": 1.3522999999999996, "x5": 0.014799999999994151}, "datetime": {"datetime": "2020-10-19 22:13:58", "elapsed": 116.308381, "delta": 0.843525}}
{"target": 91.59327512793682, "params": {"x1": 87.95000000000022, "x2": 0.4074000000000012, "x3": -1.1983000000000008, "x4": 1.4522999999999997, "x5": -0.23520000000000496}, "datetime": {"datetime": "2020-10-19 22:13:59", "elapsed": 116.980017, "delta": 0.671636}}
{"target": 89.58734480106784, "params": {"x1": 88.82500000000041, "x2": 0.5324000000000012, "x3": -1.3233000000000004, "x4": 0.6772999999999998, "x5": 0.5397999999999923}, "datetime": {"datetime": "2020-10-19 22:13:59", "elapsed": 117.557025, "delta": 0.577008}}
{"target": 91.90998032107183, "params": {"x1": 88.05000000000024, "x2": 0.48240000000000116, "x3": -1.173300000000001, "x4": 1.3272999999999997, "x5": -0.43520000000000425}, "datetime": {"datetime": "2020-10-19 22:14:00", "elapsed": 118.224241, "delta": 0.667216}}
{"target": 96.3783212066252, "params": {"x1": 88.25000000000028, "x2": 0.5074000000000013, "x3": -1.1983000000000008, "x4": 1.2272999999999996, "x5": -0.3852000000000044}, "datetime": {"datetime": "2020-10-19 22:14:01", "elapsed": 118.99326, "delta": 0.769019}}
{"target": 60.35479084424484, "params": {"x1": 90.9750000000009, "x2": 0.3824000000000011, "x3": 2.551699999999986, "x4": 2.1022999999999996, "x5": 1.6397999999999884}, "datetime": {"datetime": "2020-10-19 22:14:01", "elapsed": 119.382715, "delta": 0.389455}}
{"target": 94.2378142393892, "params": {"x1": 88.27500000000029, "x2": 0.6824000000000013, "x3": -1.1983000000000008, "x4": 1.3272999999999997, "x5": -0.5602000000000038}, "datetime": {"datetime": "2020-10-19 22:14:02", "elapsed": 119.99938, "delta": 0.616665}}
{"target": 87.81494133090854, "params": {"x1": 87.82500000000019, "x2": 0.5574000000000011, "x3": -1.2733000000000005, "x4": 0.9522999999999997, "x5": -0.4852000000000041}, "datetime": {"datetime": "2020-10-19 22:14:02", "elapsed": 120.592573, "delta": 0.593193}}
{"target": 89.22189800878803, "params": {"x1": 88.10000000000025, "x2": 0.5074000000000013, "x3": -1.3733000000000002, "x4": 1.0272999999999997, "x5": -0.01020000000000576}, "datetime": {"datetime": "2020-10-19 22:14:03", "elapsed": 121.117263, "delta": 0.52469}}
{"target": 90.61873884040968, "params": {"x1": 88.37500000000031, "x2": 0.6574000000000012, "x3": -1.2733000000000005, "x4": 1.0772999999999997, "x5": 0.06479999999999397}, "datetime": {"datetime": "2020-10-19 22:14:04", "elapsed": 121.690176, "delta": 0.572913}}
{"target": 71.88636629797043, "params": {"x1": 87.97500000000022, "x2": -0.19259999999999944, "x3": -1.0483000000000013, "x4": 3.252299999999999, "x5": 1.9397999999999873}, "datetime": {"datetime": "2020-10-19 22:14:04", "elapsed": 122.076151, "delta": 0.385975}}
{"target": 88.0313963780454, "params": {"x1": 88.7750000000004, "x2": 0.6824000000000013, "x3": -1.4233, "x4": 1.4022999999999997, "x5": 0.339799999999993}, "datetime": {"datetime": "2020-10-19 22:14:05", "elapsed": 122.686881, "delta": 0.61073}}
{"target": 90.6674287544516, "params": {"x1": 88.55000000000035, "x2": 0.3824000000000011, "x3": -1.3983, "x4": 1.0522999999999998, "x5": 0.3897999999999928}, "datetime": {"datetime": "2020-10-19 22:14:05", "elapsed": 123.41788, "delta": 0.730999}}
{"target": 91.95519751466743, "params": {"x1": 88.50000000000034, "x2": 0.45740000000000103, "x3": -1.2733000000000005, "x4": 1.0272999999999997, "x5": -0.3352000000000046}, "datetime": {"datetime": "2020-10-19 22:14:06", "elapsed": 123.956648, "delta": 0.538768}}
{"target": 88.5607398112113, "params": {"x1": 87.82500000000019, "x2": 0.25740000000000085, "x3": -1.2733000000000005, "x4": 1.3272999999999997, "x5": -0.16020000000000523}, "datetime": {"datetime": "2020-10-19 22:14:07", "elapsed": 124.719687, "delta": 0.763039}}
{"target": 73.46938856123967, "params": {"x1": 90.1000000000007, "x2": -0.34259999999999957, "x3": 0.4016999999999935, "x4": 3.4772999999999996, "x5": 1.0147999999999906}, "datetime": {"datetime": "2020-10-19 22:14:07", "elapsed": 125.10883, "delta": 0.389143}}
{"target": 93.19659068687137, "params": {"x1": 88.60000000000036, "x2": 0.7074000000000015, "x3": -1.4233, "x4": 1.0022999999999997, "x5": 0.1147999999999938}, "datetime": {"datetime": "2020-10-19 22:14:08", "elapsed": 126.07389, "delta": 0.96506}}
{"target": 91.25736101956792, "params": {"x1": 88.25000000000028, "x2": 0.5324000000000012, "x3": -1.2983000000000005, "x4": 1.0272999999999997, "x5": -0.16020000000000523}, "datetime": {"datetime": "2020-10-19 22:14:09", "elapsed": 126.785259, "delta": 0.711369}}
{"target": 74.60528860452348, "params": {"x1": 87.70000000000016, "x2": 2.2574000000000027, "x3": -0.19830000000000436, "x4": 2.752299999999999, "x5": 1.7897999999999878}, "datetime": {"datetime": "2020-10-19 22:14:09", "elapsed": 127.175345, "delta": 0.390086}}
{"target": 79.78195677715954, "params": {"x1": 89.10000000000048, "x2": 0.5324000000000012, "x3": 2.5266999999999857, "x4": 1.4272999999999996, "x5": 0.21479999999999344}, "datetime": {"datetime": "2020-10-19 22:14:09", "elapsed": 127.581779, "delta": 0.406434}}
{"target": 93.16364736136912, "params": {"x1": 88.3250000000003, "x2": 0.48240000000000116, "x3": -1.2483000000000006, "x4": 0.9522999999999997, "x5": 0.2897999999999932}, "datetime": {"datetime": "2020-10-19 22:14:10", "elapsed": 128.216952, "delta": 0.635173}}
{"target": 90.0131503628163, "params": {"x1": 88.45000000000033, "x2": 0.33240000000000103, "x3": -1.148300000000001, "x4": 1.0272999999999997, "x5": 0.2897999999999932}, "datetime": {"datetime": "2020-10-19 22:14:11", "elapsed": 129.01225, "delta": 0.795298}}
{"target": 89.91647711816823, "params": {"x1": 88.3250000000003, "x2": 0.8324000000000015, "x3": -1.1983000000000008, "x4": 1.1022999999999998, "x5": -0.16020000000000523}, "datetime": {"datetime": "2020-10-19 22:14:12", "elapsed": 129.66937, "delta": 0.65712}}
{"target": 91.68867658475051, "params": {"x1": 88.65000000000038, "x2": 0.25740000000000085, "x3": -1.4233, "x4": 1.3522999999999996, "x5": 0.18979999999999353}, "datetime": {"datetime": "2020-10-19 22:14:12", "elapsed": 130.440764, "delta": 0.771394}}
{"target": 86.60886111358701, "params": {"x1": 87.57500000000013, "x2": 0.007400000000000739, "x3": -1.0983000000000012, "x4": 1.4022999999999997, "x5": 0.6397999999999919}, "datetime": {"datetime": "2020-10-19 22:14:13", "elapsed": 130.810275, "delta": 0.369511}}
{"target": 73.49693949910424, "params": {"x1": 90.77500000000086, "x2": -0.3675999999999996, "x3": 0.30169999999999386, "x4": 1.2522999999999997, "x5": 1.6647999999999883}, "datetime": {"datetime": "2020-10-19 22:14:13", "elapsed": 131.200749, "delta": 0.390474}}
{"target": 94.7774617233004, "params": {"x1": 88.02500000000023, "x2": 0.48240000000000116, "x3": -1.2233000000000007, "x4": 1.2272999999999996, "x5": 0.16479999999999362}, "datetime": {"datetime": "2020-10-19 22:14:14", "elapsed": 131.833023, "delta": 0.632274}}
{"target": 88.15368273905013, "params": {"x1": 88.7500000000004, "x2": 0.8574000000000014, "x3": -1.1983000000000008, "x4": 0.7522999999999997, "x5": 0.7647999999999915}, "datetime": {"datetime": "2020-10-19 22:14:15", "elapsed": 132.648107, "delta": 0.815084}}
{"target": 88.90211486652768, "params": {"x1": 88.62500000000037, "x2": 0.8324000000000015, "x3": -1.2733000000000005, "x4": 1.1022999999999998, "x5": -0.06020000000000558}, "datetime": {"datetime": "2020-10-19 22:14:15", "elapsed": 133.361936, "delta": 0.713829}}
{"target": 82.57121190394619, "params": {"x1": 90.65000000000083, "x2": 0.8074000000000016, "x3": 0.4266999999999934, "x4": 1.4022999999999997, "x5": -0.8102000000000029}, "datetime": {"datetime": "2020-10-19 22:14:16", "elapsed": 133.823064, "delta": 0.461128}}
{"target": 91.34789431862099, "params": {"x1": 88.27500000000029, "x2": 0.7824000000000014, "x3": -1.1983000000000008, "x4": 1.1022999999999998, "x5": -0.2852000000000048}, "datetime": {"datetime": "2020-10-19 22:14:16", "elapsed": 134.623536, "delta": 0.800472}}
{"target": 94.26086006460464, "params": {"x1": 88.55000000000035, "x2": 0.007400000000000739, "x3": -1.2483000000000006, "x4": 1.3772999999999997, "x5": 0.2897999999999932}, "datetime": {"datetime": "2020-10-19 22:14:17", "elapsed": 135.397879, "delta": 0.774343}}
{"target": 90.50497614115454, "params": {"x1": 88.47500000000034, "x2": 0.0824000000000008, "x3": -1.0733000000000013, "x4": 1.2022999999999997, "x5": 0.06479999999999397}, "datetime": {"datetime": "2020-10-19 22:14:18", "elapsed": 136.198156, "delta": 0.800277}}
{"target": 80.36922489688031, "params": {"x1": 87.025, "x2": 0.15740000000000076, "x3": -1.2983000000000005, "x4": 0.35229999999999984, "x5": 0.8647999999999911}, "datetime": {"datetime": "2020-10-19 22:14:19", "elapsed": 136.688669, "delta": 0.490513}}
{"target": 92.23082239201315, "params": {"x1": 88.12500000000026, "x2": 0.8324000000000015, "x3": -1.3733000000000002, "x4": 1.3772999999999997, "x5": -0.16020000000000523}, "datetime": {"datetime": "2020-10-19 22:14:19", "elapsed": 137.445756, "delta": 0.757087}}
{"target": 93.86716168881071, "params": {"x1": 88.10000000000025, "x2": 0.8324000000000015, "x3": -1.3983, "x4": 1.5272999999999997, "x5": 0.03979999999999406}, "datetime": {"datetime": "2020-10-19 22:14:20", "elapsed": 138.090515, "delta": 0.644759}}
{"target": 71.67821552645356, "params": {"x1": 88.27500000000029, "x2": 1.3824000000000018, "x3": 1.37669999999999, "x4": 3.7772999999999994, "x5": -1.5102000000000004}, "datetime": {"datetime": "2020-10-19 22:14:20", "elapsed": 138.512939, "delta": 0.422424}}
{"target": 90.77486841443275, "params": {"x1": 88.3500000000003, "x2": 0.33240000000000103, "x3": -1.3733000000000002, "x4": 1.3022999999999996, "x5": -0.1102000000000054}, "datetime": {"datetime": "2020-10-19 22:14:21", "elapsed": 139.216651, "delta": 0.703712}}
{"target": 92.21106429205662, "params": {"x1": 88.17500000000027, "x2": 0.9074000000000016, "x3": -1.3983, "x4": 1.4022999999999997, "x5": 0.014799999999994151}, "datetime": {"datetime": "2020-10-19 22:14:22", "elapsed": 140.18074, "delta": 0.964089}}
{"target": 89.15835932170238, "params": {"x1": 88.07500000000024, "x2": 0.13240000000000085, "x3": -1.2483000000000006, "x4": 1.3522999999999996, "x5": -0.3602000000000045}, "datetime": {"datetime": "2020-10-19 22:14:23", "elapsed": 141.102259, "delta": 0.921519}}
{"target": 93.62156131799335, "params": {"x1": 88.25000000000028, "x2": 0.5074000000000013, "x3": -1.173300000000001, "x4": 1.2522999999999997, "x5": -0.41020000000000434}, "datetime": {"datetime": "2020-10-19 22:14:24", "elapsed": 142.077306, "delta": 0.975047}}
{"target": 93.7375901688781, "params": {"x1": 88.27500000000029, "x2": 0.48240000000000116, "x3": -1.2233000000000007, "x4": 1.2022999999999997, "x5": -0.3602000000000045}, "datetime": {"datetime": "2020-10-19 22:14:25", "elapsed": 143.108453, "delta": 1.031147}}
{"target": 88.47666192881451, "params": {"x1": 88.07500000000024, "x2": 0.4324000000000011, "x3": -1.4233, "x4": 1.2022999999999997, "x5": -0.21020000000000505}, "datetime": {"datetime": "2020-10-19 22:14:26", "elapsed": 144.105719, "delta": 0.997266}}
{"target": 90.20826825956736, "params": {"x1": 87.25000000000006, "x2": 0.33240000000000103, "x3": 0.3766999999999936, "x4": 1.7272999999999996, "x5": -0.5852000000000037}, "datetime": {"datetime": "2020-10-19 22:14:27", "elapsed": 145.187934, "delta": 1.082215}}
{"target": 79.02716959455255, "params": {"x1": 87.15000000000003, "x2": -0.09259999999999935, "x3": 0.5766999999999929, "x4": 2.502299999999999, "x5": 1.5397999999999887}, "datetime": {"datetime": "2020-10-19 22:14:28", "elapsed": 145.708067, "delta": 0.520133}}
{"target": 88.07648758388441, "params": {"x1": 88.50000000000034, "x2": 0.6574000000000012, "x3": -1.148300000000001, "x4": 1.0272999999999997, "x5": 0.339799999999993}, "datetime": {"datetime": "2020-10-19 22:14:28", "elapsed": 146.365175, "delta": 0.657108}}
{"target": 94.29736010816153, "params": {"x1": 88.17437555872276, "x2": 0.8456247599174022, "x3": -1.3931566648189226, "x4": 1.4644310324708172, "x5": -0.11184649865357277}, "datetime": {"datetime": "2020-10-19 22:14:29", "elapsed": 147.195126, "delta": 0.829951}}
{"target": 87.26976693000088, "params": {"x1": 88.98594379297555, "x2": 0.6812864221407086, "x3": -1.183563520689735, "x4": 0.8656628126532337, "x5": 0.5905292733385659}, "datetime": {"datetime": "2020-10-19 22:14:30", "elapsed": 147.83606, "delta": 0.640934}}
{"target": 93.24782905741849, "params": {"x1": 87.99883989629436, "x2": 0.37086060635491147, "x3": -1.1371218988471334, "x4": 1.2004365793765397, "x5": -0.11406515764316061}, "datetime": {"datetime": "2020-10-19 22:14:31", "elapsed": 148.905497, "delta": 1.069437}}
{"target": 82.66449721727517, "params": {"x1": 88.8125924425546, "x2": 1.4061059116099797, "x3": -0.09869676334160249, "x4": 0.8811672477364507, "x5": 0.45400950182619115}, "datetime": {"datetime": "2020-10-19 22:14:31", "elapsed": 149.36144, "delta": 0.455943}}
{"target": 94.13097402608231, "params": {"x1": 88.07212324199224, "x2": 0.4240376665775522, "x3": -1.18938308944832, "x4": 1.2291242096071922, "x5": -0.12700878968197238}, "datetime": {"datetime": "2020-10-19 22:14:32", "elapsed": 150.238502, "delta": 0.877062}}
{"target": 65.72420096679126, "params": {"x1": 90.971552578755, "x2": 0.881244044627599, "x3": 1.0559794805551663, "x4": -0.09544444823859721, "x5": 1.9558673314051058}, "datetime": {"datetime": "2020-10-19 22:14:33", "elapsed": 150.76882, "delta": 0.530318}}
{"target": 89.52047027816151, "params": {"x1": 88.5151538000617, "x2": 0.29840391678497713, "x3": -1.345422489725309, "x4": 0.9611625017328802, "x5": -0.24585103747601722}, "datetime": {"datetime": "2020-10-19 22:14:33", "elapsed": 151.494912, "delta": 0.726092}}
{"target": 80.81496404016723, "params": {"x1": 88.14813861022398, "x2": 2.369090206117949, "x3": -0.5455926053389473, "x4": 0.29877747904251417, "x5": -1.2402336826010398}, "datetime": {"datetime": "2020-10-19 22:14:34", "elapsed": 152.177473, "delta": 0.682561}}
