{"target": 92.96076273312335, "params": {"x1": 87.93745113623508, "x2": 0.37866605551860555, "x3": -1.1826796847217922, "x4": 1.280099373871949, "x5": 0.20776054649057296}, "datetime": {"datetime": "2020-10-19 22:14:35", "elapsed": 152.917596, "delta": 0.740123}}
{"target": 89.60617904848233, "params": {"x1": 88.34555564140437, "x2": 0.23429347340902218, "x3": -0.9427769465004034, "x4": 1.070899238456141, "x5": 0.026838460039131595}, "datetime": {"datetime": "2020-10-19 22:14:36", "elapsed": 153.735881, "delta": 0.818285}}
{"target": 89.93989807558441, "params": {"x1": 88.92655206924519, "x2": 0.44861179409669816, "x3": -1.2744334173164324, "x4": 0.6839038480637554, "x5": 0.6189828273543319}, "datetime": {"datetime": "2020-10-19 22:14:36", "elapsed": 154.450517, "delta": 0.714636}}
{"target": 82.35360059686744, "params": {"x1": 87.09731202266089, "x2": -0.40694801693910965, "x3": -0.49344818085754905, "x4": 1.3196899890962965, "x5": -1.4930227886232303}, "datetime": {"datetime": "2020-10-19 22:14:37", "elapsed": 155.005568, "delta": 0.555051}}
{"target": 71.8394144303585, "params": {"x1": 90.64489948559708, "x2": 2.1574354516438436, "x3": -0.5392330263725096, "x4": 2.540989527655218, "x5": -1.317566954989413}, "datetime": {"datetime": "2020-10-19 22:14:37", "elapsed": 155.462858, "delta": 0.45729}}
{"target": 67.69422361584431, "params": {"x1": 89.88494539840147, "x2": 2.2031909655069, "x3": 0.2570356114091046, "x4": 3.2989530456312517, "x5": 1.9031834634859985}, "datetime": {"datetime": "2020-10-19 22:14:38", "elapsed": 156.011376, "delta": 0.548518}}
{"target": 75.76768550210862, "params": {"x1": 87.83104873625159, "x2": -0.0656419554782196, "x3": -0.7498725202117804, "x4": 3.640745754985349, "x5": 0.9537168609152336}, "datetime": {"datetime": "2020-10-19 22:14:38", "elapsed": 156.574852, "delta": 0.563476}}
{"target": 88.46421973267319, "params": {"x1": 87.77394875691462, "x2": -0.34194367384339774, "x3": 1.342940126705767, "x4": 1.9408550842953265, "x5": -0.3478140352899397}, "datetime": {"datetime": "2020-10-19 22:14:39", "elapsed": 157.036856, "delta": 0.462004}}
{"target": 92.59678510765839, "params": {"x1": 88.61626814731984, "x2": 0.3319733742649642, "x3": -1.413214760869838, "x4": 1.4002382840395482, "x5": 0.1893776504313551}, "datetime": {"datetime": "2020-10-19 22:14:40", "elapsed": 157.812453, "delta": 0.775597}}
{"target": 80.18547546419751, "params": {"x1": 88.43043430576826, "x2": -0.18279180577724052, "x3": 0.5059661008820651, "x4": 1.312075040150123, "x5": 2.2794978730589}, "datetime": {"datetime": "2020-10-19 22:14:40", "elapsed": 158.280119, "delta": 0.467666}}
{"target": 74.82959632995848, "params": {"x1": 90.88740196402027, "x2": 0.7728247016849895, "x3": 1.7545985277087264, "x4": 1.868539130977602, "x5": 0.94413495480248}, "datetime": {"datetime": "2020-10-19 22:14:41", "elapsed": 158.75263, "delta": 0.472511}}
{"target": 90.20956016876654, "params": {"x1": 88.00096372675053, "x2": 0.2319204989132556, "x3": -0.9950708800107801, "x4": 1.4243090401362408, "x5": 0.12251624067267453}, "datetime": {"datetime": "2020-10-19 22:14:41", "elapsed": 159.469139, "delta": 0.716509}}
{"target": 95.6696547861387, "params": {"x1": 88.31725729451634, "x2": 0.4419872378907618, "x3": -1.315857175763387, "x4": 1.3693366606354005, "x5": -0.17844166408414508}, "datetime": {"datetime": "2020-10-19 22:14:42", "elapsed": 160.389764, "delta": 0.920625}}
{"target": 93.61557617323051, "params": {"x1": 88.16683284413934, "x2": 0.38313330418268066, "x3": -1.2744406372930144, "x4": 1.5791942773945442, "x5": -0.10461467577610484}, "datetime": {"datetime": "2020-10-19 22:14:43", "elapsed": 161.073174, "delta": 0.68341}}
{"target": 92.40154127936427, "params": {"x1": 87.96761794783458, "x2": 0.3046803135546273, "x3": -1.1460534491737786, "x4": 1.4206220140517722, "x5": 0.24012032528944682}, "datetime": {"datetime": "2020-10-19 22:14:44", "elapsed": 161.668373, "delta": 0.595199}}
{"target": 77.49075617370545, "params": {"x1": 90.21643123961583, "x2": -0.17756034883442606, "x3": 1.2414021002961302, "x4": 0.9197037403793591, "x5": 1.5883291822491763}, "datetime": {"datetime": "2020-10-19 22:14:44", "elapsed": 162.027809, "delta": 0.359436}}
{"target": 87.53962873562887, "params": {"x1": 88.83815221880305, "x2": 0.5333906394446138, "x3": -1.3451583020500004, "x4": 1.3448939356745895, "x5": 0.5246356238119392}, "datetime": {"datetime": "2020-10-19 22:14:45", "elapsed": 162.680084, "delta": 0.652275}}
{"target": 92.06042663650356, "params": {"x1": 88.42420393304646, "x2": 0.6947425618387663, "x3": -1.274477716040136, "x4": 1.3778782955969888, "x5": -0.4761115096915194}, "datetime": {"datetime": "2020-10-19 22:14:45", "elapsed": 163.361945, "delta": 0.681861}}
{"target": 82.5979640611143, "params": {"x1": 90.10648487199175, "x2": 0.08241531813192438, "x3": 1.4155582256384525, "x4": 0.584884989391474, "x5": 0.46477936861235203}, "datetime": {"datetime": "2020-10-19 22:14:46", "elapsed": 163.711992, "delta": 0.350047}}
{"target": 72.68171502446593, "params": {"x1": 87.64524761965737, "x2": 2.199143820039512, "x3": -0.5087372425950625, "x4": 2.0515864780220943, "x5": 2.262510218284728}, "datetime": {"datetime": "2020-10-19 22:14:46", "elapsed": 164.052481, "delta": 0.340489}}
{"target": 69.70378728485036, "params": {"x1": 90.22306427526148, "x2": 2.1045651500081193, "x3": -0.6882363107152536, "x4": 1.0548627983332401, "x5": 2.2173138938860326}, "datetime": {"datetime": "2020-10-19 22:14:46", "elapsed": 164.390244, "delta": 0.337763}}
{"target": 91.34598334943976, "params": {"x1": 88.60475807661197, "x2": 0.2985203085042788, "x3": -1.392086614295941, "x4": 1.5111442134004307, "x5": -0.2570612077696326}, "datetime": {"datetime": "2020-10-19 22:14:47", "elapsed": 164.97483, "delta": 0.584586}}
{"target": 91.69425501758288, "params": {"x1": 87.90297568676154, "x2": 0.3145631245296657, "x3": -1.0876894276918827, "x4": 1.3936051351966776, "x5": 0.30637116714069523}, "datetime": {"datetime": "2020-10-19 22:14:48", "elapsed": 165.639035, "delta": 0.664205}}
{"target": 75.57676440241764, "params": {"x1": 89.01667830943641, "x2": 2.9872681827357463, "x3": 0.2804894053789202, "x4": 0.26734631287922395, "x5": -1.3425753142073662}, "datetime": {"datetime": "2020-10-19 22:14:48", "elapsed": 166.058478, "delta": 0.419443}}
{"target": 93.95729925956087, "params": {"x1": 88.26141962624467, "x2": 0.28909568825861454, "x3": -1.1790194580316238, "x4": 1.097594365262793, "x5": 0.03222729330153151}, "datetime": {"datetime": "2020-10-19 22:14:49", "elapsed": 166.778864, "delta": 0.720386}}
{"target": 93.22473343007216, "params": {"x1": 88.06272124756752, "x2": 0.3757097067287496, "x3": -1.174921527892088, "x4": 1.2450926831454399, "x5": -0.16351806680279687}, "datetime": {"datetime": "2020-10-19 22:14:50", "elapsed": 167.748091, "delta": 0.969227}}
{"target": 85.68021187582374, "params": {"x1": 89.09700685230368, "x2": 0.17693436518394756, "x3": 0.903458695502046, "x4": 0.7576218836951172, "x5": -0.7432923822193371}, "datetime": {"datetime": "2020-10-19 22:14:50", "elapsed": 168.21808, "delta": 0.469989}}
{"target": 90.36693518567736, "params": {"x1": 88.1484726933253, "x2": 0.5974322915150511, "x3": -1.314710635828191, "x4": 1.696981447259046, "x5": 0.03496262672409878}, "datetime": {"datetime": "2020-10-19 22:14:51", "elapsed": 168.81219, "delta": 0.59411}}
{"target": 66.3825392465615, "params": {"x1": 89.52608668574489, "x2": 3.103150274062138, "x3": -0.187045173135038, "x4": 3.656806923563291, "x5": -0.6039120611076074}, "datetime": {"datetime": "2020-10-19 22:14:51", "elapsed": 169.1488, "delta": 0.33661}}
{"target": 92.72891185564092, "params": {"x1": 88.22156141582033, "x2": 0.9591224185195423, "x3": -1.4233, "x4": 1.397847466830909, "x5": -0.019975167279819836}, "datetime": {"datetime": "2020-10-19 22:14:52", "elapsed": 169.989661, "delta": 0.840861}}
{"target": 89.7475482476849, "params": {"x1": 88.97546858285324, "x2": 0.7166553096659544, "x3": -1.3857041870099762, "x4": 0.8234221528296042, "x5": 0.7604862684246518}, "datetime": {"datetime": "2020-10-19 22:14:53", "elapsed": 170.740896, "delta": 0.751235}}
{"target": 92.67037127009725, "params": {"x1": 88.59803252089114, "x2": 0.7665301580583614, "x3": -1.4148053353542733, "x4": 1.0039584821086667, "x5": 0.15459010508337936}, "datetime": {"datetime": "2020-10-19 22:14:53", "elapsed": 171.602737, "delta": 0.861841}}
{"target": 63.28334539690483, "params": {"x1": 90.82551282840929, "x2": 1.0063586998919036, "x3": -0.4036857719639, "x4": 3.4951837036931614, "x5": 1.8586699780463902}, "datetime": {"datetime": "2020-10-19 22:14:54", "elapsed": 171.95137, "delta": 0.348633}}
{"target": 88.82934714600697, "params": {"x1": 88.6927938885562, "x2": 0.19777437175552437, "x3": -1.259538756299986, "x4": 1.4929444979912183, "x5": 0.2912865366611477}, "datetime": {"datetime": "2020-10-19 22:14:55", "elapsed": 172.689231, "delta": 0.737861}}
{"target": 92.09516713806175, "params": {"x1": 88.35394628386257, "x2": 0.46676616703301504, "x3": -1.2449484256558003, "x4": 0.9825733420116164, "x5": 0.2704293021175958}, "datetime": {"datetime": "2020-10-19 22:14:55", "elapsed": 173.23717, "delta": 0.547939}}
{"target": 90.75527931606337, "params": {"x1": 88.9152831671574, "x2": 0.967802442634308, "x3": -1.3159912520153514, "x4": 0.6978214656468504, "x5": 0.6696945863969479}, "datetime": {"datetime": "2020-10-19 22:14:56", "elapsed": 173.916215, "delta": 0.679045}}
{"target": 89.93561599513554, "params": {"x1": 88.93218503467342, "x2": 0.3370568247224946, "x3": -1.4154568681660489, "x4": 1.3818500314285487, "x5": 0.3631644978095478}, "datetime": {"datetime": "2020-10-19 22:14:57", "elapsed": 174.670604, "delta": 0.754389}}
{"target": 71.79818495768556, "params": {"x1": 87.48221786607878, "x2": 2.830045912806853, "x3": 0.890752601870284, "x4": 0.2728498601378371, "x5": 1.5048432218699836}, "datetime": {"datetime": "2020-10-19 22:14:57", "elapsed": 175.037116, "delta": 0.366512}}
{"target": 90.52429491782237, "params": {"x1": 88.04918835007574, "x2": 0.12016717457872728, "x3": -1.2209839600670798, "x4": 1.377689113301994, "x5": 0.27103338192841764}, "datetime": {"datetime": "2020-10-19 22:14:57", "elapsed": 175.619075, "delta": 0.581959}}
{"target": 88.97337399528668, "params": {"x1": 88.52508703410156, "x2": 1.4813016738463514, "x3": -0.8947234813777041, "x4": 0.5912124909616339, "x5": -0.8885148685078528}, "datetime": {"datetime": "2020-10-19 22:14:58", "elapsed": 176.014423, "delta": 0.395348}}
{"target": 83.56774698854392, "params": {"x1": 88.3193115324204, "x2": 1.094715081486858, "x3": 0.5339224537901306, "x4": 3.0368824145161364, "x5": -1.1454768588649544}, "datetime": {"datetime": "2020-10-19 22:14:58", "elapsed": 176.441403, "delta": 0.42698}}
{"target": 64.48100905965475, "params": {"x1": 90.95552997167333, "x2": 2.094242323731882, "x3": 1.57419141536231, "x4": 3.124247733524949, "x5": 0.3551154810425341}, "datetime": {"datetime": "2020-10-19 22:14:59", "elapsed": 176.841265, "delta": 0.399862}}
{"target": 85.12978029046373, "params": {"x1": 88.25414490496529, "x2": -0.4605291542487554, "x3": 1.4436130299830798, "x4": 1.4922853093969126, "x5": 0.09209584832155238}, "datetime": {"datetime": "2020-10-19 22:14:59", "elapsed": 177.269252, "delta": 0.427987}}
