{"target": 89.71038049340247, "params": {"x1": 87.92568585547176, "x2": 1.110915664124295, "x3": -1.254317316859782, "x4": 1.1292428128603482, "x5": -0.37967241473229474}, "datetime": {"datetime": "2020-10-19 22:00:33", "elapsed": 149.450683, "delta": 0.604787}}
{"target": 91.05246550397587, "params": {"x1": 87.93612875063552, "x2": 0.9165310987295111, "x3": -1.0997764861380486, "x4": 1.3494026849687482, "x5": -0.700380890483771}, "datetime": {"datetime": "2020-10-19 22:00:34", "elapsed": 150.096834, "delta": 0.646151}}
{"target": 73.58541743236579, "params": {"x1": 90.0939750092165, "x2": -0.34607203750942184, "x3": 0.4028479826872384, "x4": 3.4747004633855134, "x5": 1.0037109152694528}, "datetime": {"datetime": "2020-10-19 22:00:34", "elapsed": 150.4999, "delta": 0.403066}}
{"target": 90.68030629407359, "params": {"x1": 88.18292703853308, "x2": 1.0741516820222705, "x3": -1.25128733123493, "x4": 1.2851507823641508, "x5": -0.2892198446005957}, "datetime": {"datetime": "2020-10-19 22:00:35", "elapsed": 151.441464, "delta": 0.941564}}
{"target": 91.3712629500981, "params": {"x1": 88.24152092722312, "x2": 0.5237896937555776, "x3": -1.2892758546790073, "x4": 1.0304054057349854, "x5": -0.1610887836861521}, "datetime": {"datetime": "2020-10-19 22:00:36", "elapsed": 151.998244, "delta": 0.55678}}
{"target": 74.82006255578239, "params": {"x1": 87.69649626156361, "x2": 2.24535584076424, "x3": -0.19794281836682237, "x4": 2.7453914098810595, "x5": 1.7819433698010976}, "datetime": {"datetime": "2020-10-19 22:00:36", "elapsed": 152.446819, "delta": 0.448575}}
{"target": 79.821163884057, "params": {"x1": 89.10077707489724, "x2": 0.5273800259555305, "x3": 2.5236554495433454, "x4": 1.4159330949653886, "x5": 0.21672485758109894}, "datetime": {"datetime": "2020-10-19 22:00:36", "elapsed": 152.870806, "delta": 0.423987}}
{"target": 92.46653316062556, "params": {"x1": 88.05651432043892, "x2": 1.1953716367677774, "x3": -1.1484471583930793, "x4": 1.1374908330716618, "x5": -0.3989088789511446}, "datetime": {"datetime": "2020-10-19 22:00:37", "elapsed": 153.382318, "delta": 0.511512}}
{"target": 90.34749150009193, "params": {"x1": 88.35130709630342, "x2": 0.31930319512210603, "x3": -1.0478846791675693, "x4": 1.0726566254659724, "x5": -0.0554714298638157}, "datetime": {"datetime": "2020-10-19 22:00:38", "elapsed": 153.961044, "delta": 0.578726}}
{"target": 90.01543123167647, "params": {"x1": 88.32229205758212, "x2": 0.8304208674781884, "x3": -1.2102733637249423, "x4": 1.1145148526572164, "x5": -0.15955113284133815}, "datetime": {"datetime": "2020-10-19 22:00:38", "elapsed": 154.573871, "delta": 0.612827}}
{"target": 90.8928506888827, "params": {"x1": 88.29033151442415, "x2": 0.664447745704586, "x3": -1.341639902163365, "x4": 1.4374020066750892, "x5": -0.0808469709715911}, "datetime": {"datetime": "2020-10-19 22:00:39", "elapsed": 155.214038, "delta": 0.640167}}
{"target": 86.824513876165, "params": {"x1": 87.58703582945708, "x2": 0.01936210993357068, "x3": -1.0919151241233782, "x4": 1.4035401107163825, "x5": 0.6332669072585826}, "datetime": {"datetime": "2020-10-19 22:00:39", "elapsed": 155.642736, "delta": 0.428698}}
{"target": 73.28586699651606, "params": {"x1": 90.78023083112427, "x2": -0.3797801913201285, "x3": 0.3093427707639693, "x4": 1.2567261597919088, "x5": 1.6770202365135052}, "datetime": {"datetime": "2020-10-19 22:00:40", "elapsed": 156.107582, "delta": 0.464846}}
{"target": 90.72745582639669, "params": {"x1": 87.95033470205284, "x2": 1.009592986932899, "x3": -1.0539055169413214, "x4": 1.2682247275880807, "x5": -0.7851193309724056}, "datetime": {"datetime": "2020-10-19 22:00:40", "elapsed": 156.747452, "delta": 0.63987}}
{"target": 90.31115179294396, "params": {"x1": 88.5706103866631, "x2": -0.04987388609661958, "x3": -1.3031823147014594, "x4": 1.4287404334399352, "x5": 0.39066087565344243}, "datetime": {"datetime": "2020-10-19 22:00:41", "elapsed": 157.455807, "delta": 0.708355}}
{"target": 91.06734086227685, "params": {"x1": 88.45462752028766, "x2": 0.2979847743758718, "x3": -1.4063423983408925, "x4": 1.3929136622172973, "x5": 0.550907952484357}, "datetime": {"datetime": "2020-10-19 22:00:42", "elapsed": 158.054204, "delta": 0.598397}}
{"target": 82.55210252459906, "params": {"x1": 90.65388785416032, "x2": 0.8023087863440893, "x3": 0.41946024793772163, "x4": 1.4094593765905181, "x5": -0.8034332188545747}, "datetime": {"datetime": "2020-10-19 22:00:42", "elapsed": 158.653998, "delta": 0.599794}}
{"target": 91.40345919400288, "params": {"x1": 88.2753162819436, "x2": 0.7864362902403762, "x3": -1.2056384795996034, "x4": 1.1085348172172564, "x5": -0.2835710443781647}, "datetime": {"datetime": "2020-10-19 22:00:43", "elapsed": 159.793293, "delta": 1.139295}}
{"target": 96.30516827522642, "params": {"x1": 88.35201420636325, "x2": 0.6771052248278523, "x3": -1.271442721068931, "x4": 1.1219988759481223, "x5": -0.3416048577016848}, "datetime": {"datetime": "2020-10-19 22:00:44", "elapsed": 160.879294, "delta": 1.086001}}
{"target": 94.21257606211007, "params": {"x1": 88.16789309249306, "x2": 0.940677769068987, "x3": -1.2172996024484533, "x4": 0.7714202153907486, "x5": 0.43093611157694256}, "datetime": {"datetime": "2020-10-19 22:00:45", "elapsed": 161.881693, "delta": 1.002399}}
{"target": 92.0384118672908, "params": {"x1": 88.17854575920374, "x2": 0.23819917443232563, "x3": -1.0277684851961884, "x4": 1.1962412460730991, "x5": -0.19716733436047895}, "datetime": {"datetime": "2020-10-19 22:00:46", "elapsed": 162.558007, "delta": 0.676314}}
{"target": 92.02758271883704, "params": {"x1": 88.12537168547581, "x2": 0.8231793680695513, "x3": -1.374638229070691, "x4": 1.3773258711036116, "x5": -0.16785018995354828}, "datetime": {"datetime": "2020-10-19 22:00:47", "elapsed": 163.278799, "delta": 0.720792}}
{"target": 93.37654745614341, "params": {"x1": 88.42357051688137, "x2": 0.3969814118140048, "x3": -1.403527893820023, "x4": 1.4417098622763207, "x5": 0.018092766180879183}, "datetime": {"datetime": "2020-10-19 22:00:47", "elapsed": 163.83332, "delta": 0.554521}}
{"target": 71.52746770062629, "params": {"x1": 88.27378863792507, "x2": 1.3917722218132016, "x3": 1.3857168370552364, "x4": 3.7893009931142103, "x5": -1.5024345270271195}, "datetime": {"datetime": "2020-10-19 22:00:48", "elapsed": 164.495314, "delta": 0.661994}}
{"target": 91.03190493673955, "params": {"x1": 88.35635729879922, "x2": 0.33508358025678875, "x3": -1.3697622322075145, "x4": 1.3143474221199825, "x5": -0.10103251630916943}, "datetime": {"datetime": "2020-10-19 22:00:49", "elapsed": 165.151956, "delta": 0.656642}}
{"target": 93.52778558614608, "params": {"x1": 88.33451474988398, "x2": 0.6696558924245053, "x3": -1.2551104063503409, "x4": 1.1367354031820822, "x5": -0.32403362686631426}, "datetime": {"datetime": "2020-10-19 22:00:50", "elapsed": 165.906169, "delta": 0.754213}}
{"target": 89.10375815017085, "params": {"x1": 88.35734169848689, "x2": 1.0568460124585846, "x3": -1.3158272977826757, "x4": 1.1623655756291293, "x5": 0.08611941076788399}, "datetime": {"datetime": "2020-10-19 22:00:50", "elapsed": 166.501899, "delta": 0.59573}}
{"target": 92.5845544824993, "params": {"x1": 88.2476716993655, "x2": 0.35202760929055227, "x3": -1.065429884660351, "x4": 1.0622471543290972, "x5": -0.25425632028052225}, "datetime": {"datetime": "2020-10-19 22:00:51", "elapsed": 167.240978, "delta": 0.739079}}
{"target": 95.73280497880901, "params": {"x1": 87.80077748919315, "x2": 0.7151070205774234, "x3": -1.0112258336084474, "x4": 1.1787090621669274, "x5": -0.31848383314885265}, "datetime": {"datetime": "2020-10-19 22:00:52", "elapsed": 168.046798, "delta": 0.80582}}
{"target": 90.54941260443917, "params": {"x1": 88.76096154702842, "x2": 0.5183922028306241, "x3": -1.3634422212752642, "x4": 1.1124167614469374, "x5": 0.11602381272325046}, "datetime": {"datetime": "2020-10-19 22:00:53", "elapsed": 168.923578, "delta": 0.87678}}
{"target": 90.41298750452826, "params": {"x1": 87.24484819010682, "x2": 0.3225154075023088, "x3": 0.3821295937579128, "x4": 1.716037374770712, "x5": -0.585607508593945}, "datetime": {"datetime": "2020-10-19 22:00:54", "elapsed": 170.361758, "delta": 1.43818}}
{"target": 78.97988264820307, "params": {"x1": 87.1464496820915, "x2": -0.09715600987410256, "x3": 0.5759630702575966, "x4": 2.5011218182420265, "x5": 1.540819282893051}, "datetime": {"datetime": "2020-10-19 22:00:55", "elapsed": 171.15815, "delta": 0.796392}}
{"target": 88.01201490853623, "params": {"x1": 88.51183788812472, "x2": 0.6652694324205094, "x3": -1.152959326085466, "x4": 1.0377560931087315, "x5": 0.3318100197584284}, "datetime": {"datetime": "2020-10-19 22:00:56", "elapsed": 172.313054, "delta": 1.154904}}
{"target": 94.29736010816153, "params": {"x1": 88.17437555872276, "x2": 0.8456247599174022, "x3": -1.3931566648189226, "x4": 1.4644310324708172, "x5": -0.11184649865357277}, "datetime": {"datetime": "2020-10-19 22:00:57", "elapsed": 173.041623, "delta": 0.728569}}
{"target": 93.92003605882866, "params": {"x1": 88.25612289238765, "x2": 0.6595028695527397, "x3": -1.1377263610627353, "x4": 0.7500714035990603, "x5": 0.010523819927232614}, "datetime": {"datetime": "2020-10-19 22:00:57", "elapsed": 173.695731, "delta": 0.654108}}
{"target": 92.59194163022255, "params": {"x1": 88.06628563435108, "x2": 0.7315543625599402, "x3": -1.2654691358968362, "x4": 1.0459589444155675, "x5": 0.017525165454184366}, "datetime": {"datetime": "2020-10-19 22:00:59", "elapsed": 175.28927, "delta": 1.593539}}
{"target": 82.66449721727517, "params": {"x1": 88.8125924425546, "x2": 1.4061059116099797, "x3": -0.09869676334160249, "x4": 0.8811672477364507, "x5": 0.45400950182619115}, "datetime": {"datetime": "2020-10-19 22:01:00", "elapsed": 176.126615, "delta": 0.837345}}
{"target": 90.2831515075396, "params": {"x1": 88.0692681875209, "x2": 1.0430336129433107, "x3": -1.2971750660466121, "x4": 1.0306452113840041, "x5": -0.2820330597094165}, "datetime": {"datetime": "2020-10-19 22:01:01", "elapsed": 177.051478, "delta": 0.924863}}
{"target": 65.72420096679126, "params": {"x1": 90.971552578755, "x2": 0.881244044627599, "x3": 1.0559794805551663, "x4": -0.09544444823859721, "x5": 1.9558673314051058}, "datetime": {"datetime": "2020-10-19 22:01:01", "elapsed": 177.560663, "delta": 0.509185}}
{"target": 87.93284369843995, "params": {"x1": 87.81971663884973, "x2": 1.1329303520265168, "x3": -1.3098966369325555, "x4": 1.0953873005199892, "x5": -0.4056116641130314}, "datetime": {"datetime": "2020-10-19 22:01:02", "elapsed": 178.380188, "delta": 0.819525}}
{"target": 90.7301533613729, "params": {"x1": 87.85235370211373, "x2": 0.7788876130666499, "x3": -0.9839245077972583, "x4": 1.1932014708049754, "x5": -0.1905393802983688}, "datetime": {"datetime": "2020-10-19 22:01:03", "elapsed": 179.107565, "delta": 0.727377}}
{"target": 89.83536471473283, "params": {"x1": 88.12458990540316, "x2": 0.6783878297225984, "x3": -1.3808094621436997, "x4": 1.1323535938996765, "x5": -0.18342872233011565}, "datetime": {"datetime": "2020-10-19 22:01:03", "elapsed": 179.821103, "delta": 0.713538}}
{"target": 89.60617904848233, "params": {"x1": 88.34555564140437, "x2": 0.23429347340902218, "x3": -0.9427769465004034, "x4": 1.070899238456141, "x5": 0.026838460039131595}, "datetime": {"datetime": "2020-10-19 22:01:04", "elapsed": 180.524154, "delta": 0.703051}}
{"target": 90.47529959126693, "params": {"x1": 87.97993860181373, "x2": 1.051722503380939, "x3": -1.1372913354220253, "x4": 1.192046622304744, "x5": -0.6632949658270542}, "datetime": {"datetime": "2020-10-19 22:01:05", "elapsed": 181.34588, "delta": 0.821726}}
{"target": 82.35360059686744, "params": {"x1": 87.09731202266089, "x2": -0.40694801693910965, "x3": -0.49344818085754905, "x4": 1.3196899890962965, "x5": -1.4930227886232303}, "datetime": {"datetime": "2020-10-19 22:01:06", "elapsed": 182.30939, "delta": 0.96351}}
{"target": 71.8394144303585, "params": {"x1": 90.64489948559708, "x2": 2.1574354516438436, "x3": -0.5392330263725096, "x4": 2.540989527655218, "x5": -1.317566954989413}, "datetime": {"datetime": "2020-10-19 22:01:07", "elapsed": 183.019247, "delta": 0.709857}}
