{"target": 82.21991344293102, "params": {"x1": 88.6680880188103, "x2": 2.0136979737686325, "x3": -1.4228425007306205, "x4": 1.011630290527359, "x5": -1.0481764367315478}, "datetime": {"datetime": "2020-10-19 21:48:32", "elapsed": 0.0, "delta": 0.0}}
{"target": 54.853448664929154, "params": {"x1": 90.32624443194574, "x2": -0.8599401673907586, "x3": 2.5162436807859168, "x4": 3.064561767275018, "x5": 2.1193385214534732}, "datetime": {"datetime": "2020-10-19 21:48:32", "elapsed": 0.111505, "delta": 0.111505}}
{"target": 79.02166785807754, "params": {"x1": 88.20000000000002, "x2": 1.1324, "x3": 0.9767000000000008, "x4": 2.6023000000000005, "x5": 0.3648000000000009}, "datetime": {"datetime": "2020-10-19 21:48:32", "elapsed": 0.149917, "delta": 0.038412}}
{"target": 83.61276843018928, "params": {"x1": 88.60000000000002, "x2": 1.9324000000000003, "x3": -1.4233, "x4": 1.0023000000000002, "x5": -0.8351999999999997}, "datetime": {"datetime": "2020-10-19 21:48:32", "elapsed": 0.422218, "delta": 0.272301}}
{"target": 71.6210623246098, "params": {"x1": 89.40000000000003, "x2": -0.0676, "x3": 2.5767000000000015, "x4": 1.4023, "x5": 1.564800000000001}, "datetime": {"datetime": "2020-10-19 21:48:34", "elapsed": 1.736178, "delta": 1.31396}}
{"target": 85.12944622184446, "params": {"x1": 88.60000000000002, "x2": 1.9324000000000003, "x3": -1.4233, "x4": 1.0023000000000002, "x5": -0.4351999999999996}, "datetime": {"datetime": "2020-10-19 21:48:34", "elapsed": 2.214482, "delta": 0.478304}}
{"target": 87.80489823952969, "params": {"x1": 88.20000000000002, "x2": 1.5324000000000004, "x3": -1.4233, "x4": 1.0023000000000002, "x5": -0.035199999999999454}, "datetime": {"datetime": "2020-10-19 21:48:35", "elapsed": 2.726615, "delta": 0.512133}}
{"target": 84.42525955274427, "params": {"x1": 87.80000000000001, "x2": 1.5324000000000004, "x3": -1.4233, "x4": 0.6023000000000001, "x5": -0.035199999999999454}, "datetime": {"datetime": "2020-10-19 21:48:35", "elapsed": 3.399127, "delta": 0.672512}}
{"target": 92.74217971837365, "params": {"x1": 88.20000000000002, "x2": 1.1324, "x3": -1.4233, "x4": 1.4023, "x5": -0.035199999999999454}, "datetime": {"datetime": "2020-10-19 21:48:36", "elapsed": 3.728292, "delta": 0.329165}}
{"target": 89.9104058549556, "params": {"x1": 88.20000000000002, "x2": 1.1324, "x3": -1.4233, "x4": 1.8023, "x5": -0.035199999999999454}, "datetime": {"datetime": "2020-10-19 21:48:36", "elapsed": 4.191618, "delta": 0.463326}}
{"target": 92.00382213968882, "params": {"x1": 88.20000000000002, "x2": 0.7324, "x3": -1.4233, "x4": 1.4023, "x5": -0.035199999999999454}, "datetime": {"datetime": "2020-10-19 21:48:39", "elapsed": 6.57249, "delta": 2.380872}}
{"target": 88.42327221289962, "params": {"x1": 88.60000000000002, "x2": 1.1324, "x3": -1.4233, "x4": 1.4023, "x5": -0.035199999999999454}, "datetime": {"datetime": "2020-10-19 21:48:43", "elapsed": 11.103793, "delta": 4.531303}}
{"target": 87.79816149868459, "params": {"x1": 88.20000000000002, "x2": 0.7324, "x3": -1.0232999999999999, "x4": 1.4023, "x5": -0.035199999999999454}, "datetime": {"datetime": "2020-10-19 21:48:43", "elapsed": 11.209242, "delta": 0.105449}}
{"target": 79.81827207962488, "params": {"x1": 90.20000000000005, "x2": -0.4676, "x3": 1.3767000000000007, "x4": 1.4023, "x5": 1.1648000000000007}, "datetime": {"datetime": "2020-10-19 21:48:43", "elapsed": 11.265474, "delta": 0.056232}}
{"target": 63.955936648419154, "params": {"x1": 91.00000000000006, "x2": -0.4676, "x3": -1.0232999999999999, "x4": 1.4023, "x5": 2.3648000000000016}, "datetime": {"datetime": "2020-10-19 21:48:44", "elapsed": 11.539606, "delta": 0.274132}}
{"target": 88.79488113821571, "params": {"x1": 87.80000000000001, "x2": 1.1324, "x3": -1.0232999999999999, "x4": 1.4023, "x5": -0.035199999999999454}, "datetime": {"datetime": "2020-10-19 21:48:44", "elapsed": 12.23979, "delta": 0.700184}}
{"target": 89.41827207962574, "params": {"x1": 88.20000000000002, "x2": 1.1324, "x3": -1.4233, "x4": 1.4023, "x5": -0.4351999999999996}, "datetime": {"datetime": "2020-10-19 21:48:46", "elapsed": 14.026832, "delta": 1.787042}}
{"target": 77.9206934949673, "params": {"x1": 90.20000000000005, "x2": 0.7324, "x3": 1.776700000000001, "x4": 1.4023, "x5": -0.035199999999999454}, "datetime": {"datetime": "2020-10-19 21:48:46", "elapsed": 14.093312, "delta": 0.06648}}
{"target": 85.72281311515798, "params": {"x1": 87.80000000000001, "x2": 0.33240000000000014, "x3": -1.4233, "x4": 1.4023, "x5": 0.7648000000000008}, "datetime": {"datetime": "2020-10-19 21:48:46", "elapsed": 14.297081, "delta": 0.203769}}
{"target": 86.81276843018934, "params": {"x1": 87.80000000000001, "x2": 0.33240000000000014, "x3": -1.4233, "x4": 1.0023000000000002, "x5": -0.035199999999999454}, "datetime": {"datetime": "2020-10-19 21:48:47", "elapsed": 14.487441, "delta": 0.19036}}
{"target": 92.71905355495035, "params": {"x1": 88.60000000000002, "x2": 0.7324, "x3": -1.4233, "x4": 1.0023000000000002, "x5": 0.3648000000000009}, "datetime": {"datetime": "2020-10-19 21:48:48", "elapsed": 15.600836, "delta": 1.113395}}
{"target": 78.18846992928351, "params": {"x1": 90.20000000000005, "x2": -0.0676, "x3": 1.776700000000001, "x4": 2.6023000000000005, "x5": -0.4351999999999996}, "datetime": {"datetime": "2020-10-19 21:48:48", "elapsed": 16.417793, "delta": 0.816957}}
{"target": 86.30446418837548, "params": {"x1": 87.80000000000001, "x2": 1.1324, "x3": -1.4233, "x4": 1.4023, "x5": 0.7648000000000008}, "datetime": {"datetime": "2020-10-19 21:48:49", "elapsed": 16.646348, "delta": 0.228555}}
{"target": 88.09376544047453, "params": {"x1": 88.60000000000002, "x2": 0.7324, "x3": -1.4233, "x4": 0.6023000000000001, "x5": -0.035199999999999454}, "datetime": {"datetime": "2020-10-19 21:48:50", "elapsed": 18.211708, "delta": 1.56536}}
{"target": 87.80489823952969, "params": {"x1": 88.20000000000002, "x2": 0.7324, "x3": -1.4233, "x4": 1.0023000000000002, "x5": 0.7648000000000008}, "datetime": {"datetime": "2020-10-19 21:48:50", "elapsed": 18.447272, "delta": 0.235564}}
{"target": 91.11905355495085, "params": {"x1": 89.00000000000003, "x2": 0.7324, "x3": -1.4233, "x4": 1.0023000000000002, "x5": 0.7648000000000008}, "datetime": {"datetime": "2020-10-19 21:48:51", "elapsed": 18.563991, "delta": 0.116719}}
{"target": 89.40489823952964, "params": {"x1": 88.60000000000002, "x2": 0.33240000000000014, "x3": -1.4233, "x4": 1.0023000000000002, "x5": -0.035199999999999454}, "datetime": {"datetime": "2020-10-19 21:48:51", "elapsed": 18.806048, "delta": 0.242057}}
{"target": 74.98846992928351, "params": {"x1": 90.20000000000005, "x2": -0.0676, "x3": 1.776700000000001, "x4": 2.6023000000000005, "x5": 1.1648000000000007}, "datetime": {"datetime": "2020-10-19 21:48:51", "elapsed": 18.961817, "delta": 0.155769}}
{"target": 87.19488113821572, "params": {"x1": 88.60000000000002, "x2": 1.1324, "x3": -1.4233, "x4": 1.4023, "x5": 0.3648000000000009}, "datetime": {"datetime": "2020-10-19 21:48:51", "elapsed": 19.193511, "delta": 0.231694}}
{"target": 83.2514703092578, "params": {"x1": 89.00000000000003, "x2": 0.33240000000000014, "x3": -1.4233, "x4": 0.20230000000000004, "x5": 0.7648000000000008}, "datetime": {"datetime": "2020-10-19 21:48:51", "elapsed": 19.440017, "delta": 0.246506}}
{"target": 89.90394178492755, "params": {"x1": 89.00000000000003, "x2": 0.33240000000000014, "x3": -1.4233, "x4": 1.4023, "x5": 0.3648000000000009}, "datetime": {"datetime": "2020-10-19 21:48:52", "elapsed": 19.700101, "delta": 0.260084}}
{"target": 43.312058646853075, "params": {"x1": 91.00000000000006, "x2": 3.1324, "x3": -1.4233, "x4": 3.8023, "x5": 2.3648000000000016}, "datetime": {"datetime": "2020-10-19 21:48:52", "elapsed": 20.24629, "delta": 0.546189}}
{"target": 92.74217971837388, "params": {"x1": 88.60000000000002, "x2": 0.33240000000000014, "x3": -1.4233, "x4": 1.4023, "x5": 0.3648000000000009}, "datetime": {"datetime": "2020-10-19 21:48:53", "elapsed": 20.494592, "delta": 0.248302}}
{"target": 89.4048982395297, "params": {"x1": 88.20000000000002, "x2": 0.7324, "x3": -1.4233, "x4": 1.0023000000000002, "x5": -0.035199999999999454}, "datetime": {"datetime": "2020-10-19 21:48:53", "elapsed": 20.731844, "delta": 0.237252}}
{"target": 88.42327221289962, "params": {"x1": 88.60000000000002, "x2": 0.7324, "x3": -1.4233, "x4": 1.4023, "x5": 0.3648000000000009}, "datetime": {"datetime": "2020-10-19 21:48:53", "elapsed": 20.998153, "delta": 0.266309}}
{"target": 89.42323349693385, "params": {"x1": 88.60000000000002, "x2": 0.33240000000000014, "x3": -1.4233, "x4": 1.0023000000000002, "x5": 0.3648000000000009}, "datetime": {"datetime": "2020-10-19 21:48:53", "elapsed": 21.299489, "delta": 0.301336}}
{"target": 71.31245900712977, "params": {"x1": 88.60000000000002, "x2": 0.7324, "x3": 2.5767000000000015, "x4": 3.0023, "x5": 1.1648000000000007}, "datetime": {"datetime": "2020-10-19 21:48:53", "elapsed": 21.374392, "delta": 0.074903}}
{"target": 92.01558235556902, "params": {"x1": 88.60000000000002, "x2": 0.7324, "x3": -1.4233, "x4": 1.0023000000000002, "x5": -0.035199999999999454}, "datetime": {"datetime": "2020-10-19 21:48:54", "elapsed": 22.118186, "delta": 0.743794}}
{"target": 67.91041061758499, "params": {"x1": 88.60000000000002, "x2": 2.7324, "x3": 2.176700000000001, "x4": 0.6023000000000001, "x5": 1.564800000000001}, "datetime": {"datetime": "2020-10-19 21:48:55", "elapsed": 22.800896, "delta": 0.68271}}
{"target": 73.35018843809561, "params": {"x1": 87.0, "x2": -0.0676, "x3": 2.5767000000000015, "x4": 0.6023000000000001, "x5": 0.3648000000000009}, "datetime": {"datetime": "2020-10-19 21:48:55", "elapsed": 22.88783, "delta": 0.086934}}
{"target": 78.71250359373403, "params": {"x1": 88.20000000000002, "x2": 2.3324000000000003, "x3": -1.0232999999999999, "x4": -0.1977, "x5": -0.8351999999999997}, "datetime": {"datetime": "2020-10-19 21:48:55", "elapsed": 22.976652, "delta": 0.088822}}
{"target": 89.41827207962574, "params": {"x1": 88.20000000000002, "x2": 0.33240000000000014, "x3": -1.4233, "x4": 1.4023, "x5": 0.3648000000000009}, "datetime": {"datetime": "2020-10-19 21:48:55", "elapsed": 23.113293, "delta": 0.136641}}
{"target": 63.776156699583204, "params": {"x1": 90.60000000000005, "x2": 1.5324000000000004, "x3": 2.176700000000001, "x4": 1.8023, "x5": 1.9648000000000014}, "datetime": {"datetime": "2020-10-19 21:48:55", "elapsed": 23.205476, "delta": 0.092183}}
{"target": 68.00840652074993, "params": {"x1": 91.00000000000006, "x2": -0.4676, "x3": 0.9767000000000008, "x4": 3.0023, "x5": -1.2351999999999999}, "datetime": {"datetime": "2020-10-19 21:48:55", "elapsed": 23.302391, "delta": 0.096915}}
{"target": 78.84881706280447, "params": {"x1": 89.00000000000003, "x2": 0.7324, "x3": -0.2232999999999996, "x4": 2.2023, "x5": 1.9648000000000014}, "datetime": {"datetime": "2020-10-19 21:48:55", "elapsed": 23.397914, "delta": 0.095523}}
{"target": 68.45702072462419, "params": {"x1": 90.60000000000005, "x2": 0.7324, "x3": 1.3767000000000007, "x4": 2.6023000000000005, "x5": 1.9648000000000014}, "datetime": {"datetime": "2020-10-19 21:48:56", "elapsed": 23.855599, "delta": 0.457685}}
{"target": 92.0038221396887, "params": {"x1": 88.60000000000002, "x2": 0.33240000000000014, "x3": -1.4233, "x4": 1.4023, "x5": -0.035199999999999454}, "datetime": {"datetime": "2020-10-19 21:48:56", "elapsed": 24.264711, "delta": 0.409112}}
{"target": 87.90446418837541, "params": {"x1": 88.60000000000002, "x2": -0.0676, "x3": -1.4233, "x4": 1.4023, "x5": 0.3648000000000009}, "datetime": {"datetime": "2020-10-19 21:48:57", "elapsed": 24.686915, "delta": 0.422204}}
{"target": 60.01135585898767, "params": {"x1": 91.00000000000006, "x2": 2.7324, "x3": 2.176700000000001, "x4": 2.2023, "x5": -0.8351999999999997}, "datetime": {"datetime": "2020-10-19 21:48:58", "elapsed": 26.093176, "delta": 1.406261}}
{"target": 62.72785905782884, "params": {"x1": 90.60000000000005, "x2": 3.1324, "x3": -0.6232999999999997, "x4": 3.0023, "x5": -1.2351999999999999}, "datetime": {"datetime": "2020-10-19 21:48:58", "elapsed": 26.199289, "delta": 0.106113}}
{"target": 85.01380853894972, "params": {"x1": 89.00000000000003, "x2": 1.1324, "x3": -1.0232999999999999, "x4": 1.0023000000000002, "x5": 0.3648000000000009}, "datetime": {"datetime": "2020-10-19 21:48:59", "elapsed": 26.508094, "delta": 0.308805}}
{"target": 89.65673741065164, "params": {"x1": 89.00000000000003, "x2": 0.33240000000000014, "x3": -1.4233, "x4": 1.0023000000000002, "x5": 0.3648000000000009}, "datetime": {"datetime": "2020-10-19 21:48:59", "elapsed": 26.625884, "delta": 0.11779}}
{"target": 71.80342452072007, "params": {"x1": 90.60000000000005, "x2": 2.3324000000000003, "x3": 0.9767000000000008, "x4": 2.6023000000000005, "x5": 1.1648000000000007}, "datetime": {"datetime": "2020-10-19 21:48:59", "elapsed": 26.746846, "delta": 0.120962}}
{"target": 91.14217971837438, "params": {"x1": 89.00000000000003, "x2": 0.33240000000000014, "x3": -1.4233, "x4": 1.4023, "x5": 0.7648000000000008}, "datetime": {"datetime": "2020-10-19 21:49:00", "elapsed": 27.51241, "delta": 0.765564}}
{"target": 88.08409195643374, "params": {"x1": 88.20000000000002, "x2": 0.33240000000000014, "x3": -1.4233, "x4": 1.8023, "x5": -0.4351999999999996}, "datetime": {"datetime": "2020-10-19 21:49:05", "elapsed": 32.934815, "delta": 5.422405}}
{"target": 88.31040585495579, "params": {"x1": 89.00000000000003, "x2": 0.33240000000000014, "x3": -1.4233, "x4": 1.8023, "x5": 0.7648000000000008}, "datetime": {"datetime": "2020-10-19 21:49:07", "elapsed": 35.374652, "delta": 2.439837}}
{"target": 88.81558235556837, "params": {"x1": 89.40000000000003, "x2": 0.7324, "x3": -1.4233, "x4": 1.0023000000000002, "x5": 0.7648000000000008}, "datetime": {"datetime": "2020-10-19 21:49:08", "elapsed": 35.720002, "delta": 0.34535}}
{"target": 86.21827207962555, "params": {"x1": 89.00000000000003, "x2": 0.33240000000000014, "x3": -1.4233, "x4": 1.4023, "x5": 1.1648000000000007}, "datetime": {"datetime": "2020-10-19 21:49:09", "elapsed": 36.926963, "delta": 1.206961}}
{"target": 84.12429876036357, "params": {"x1": 88.60000000000002, "x2": 0.7324, "x3": -0.2232999999999996, "x4": 0.6023000000000001, "x5": 1.1648000000000007}, "datetime": {"datetime": "2020-10-19 21:49:09", "elapsed": 37.06385, "delta": 0.136887}}
{"target": 79.89729861096453, "params": {"x1": 87.0, "x2": 1.5324000000000004, "x3": 1.776700000000001, "x4": 2.2023, "x5": 0.3648000000000009}, "datetime": {"datetime": "2020-10-19 21:49:10", "elapsed": 37.565322, "delta": 0.501472}}
{"target": 87.90446418837547, "params": {"x1": 87.80000000000001, "x2": 0.7324, "x3": -1.4233, "x4": 1.4023, "x5": 0.3648000000000009}, "datetime": {"datetime": "2020-10-19 21:49:10", "elapsed": 37.969581, "delta": 0.404259}}
{"target": 88.08731476724928, "params": {"x1": 87.80000000000001, "x2": 0.7324, "x3": -1.4233, "x4": 1.4023, "x5": -0.035199999999999454}, "datetime": {"datetime": "2020-10-19 21:49:10", "elapsed": 38.309366, "delta": 0.339785}}
{"target": 89.4232334969339, "params": {"x1": 88.20000000000002, "x2": 1.1324, "x3": -1.4233, "x4": 1.0023000000000002, "x5": -0.035199999999999454}, "datetime": {"datetime": "2020-10-19 21:49:11", "elapsed": 38.624242, "delta": 0.314876}}
{"target": 79.18305142595173, "params": {"x1": 89.80000000000004, "x2": 0.7324, "x3": 0.9767000000000008, "x4": 3.0023, "x5": -0.8351999999999997}, "datetime": {"datetime": "2020-10-19 21:49:11", "elapsed": 38.76979, "delta": 0.145548}}
{"target": 75.51040585495626, "params": {"x1": 89.80000000000004, "x2": 2.3324000000000003, "x3": 2.176700000000001, "x4": 1.8023, "x5": 0.7648000000000008}, "datetime": {"datetime": "2020-10-19 21:49:11", "elapsed": 38.908475, "delta": 0.138685}}
{"target": 87.90446418837547, "params": {"x1": 87.80000000000001, "x2": 1.1324, "x3": -1.4233, "x4": 1.4023, "x5": -0.035199999999999454}, "datetime": {"datetime": "2020-10-19 21:49:12", "elapsed": 39.77072, "delta": 0.862245}}
{"target": 87.00804746163185, "params": {"x1": 87.80000000000001, "x2": 1.1324, "x3": -1.4233, "x4": 1.4023, "x5": -0.4351999999999996}, "datetime": {"datetime": "2020-10-19 21:49:12", "elapsed": 39.938058, "delta": 0.167338}}
{"target": 91.2139644901835, "params": {"x1": 87.80000000000001, "x2": -0.4676, "x3": 0.17670000000000052, "x4": 2.6023000000000005, "x5": -0.035199999999999454}, "datetime": {"datetime": "2020-10-19 21:49:12", "elapsed": 40.085152, "delta": 0.147094}}
{"target": 82.98370104947261, "params": {"x1": 87.4, "x2": -0.0676, "x3": -0.2232999999999996, "x4": 0.20230000000000004, "x5": 1.1648000000000007}, "datetime": {"datetime": "2020-10-19 21:49:12", "elapsed": 40.233543, "delta": 0.148391}}
{"target": 77.41080117446086, "params": {"x1": 91.00000000000006, "x2": -0.0676, "x3": 0.5767000000000009, "x4": 1.0023000000000002, "x5": 0.7648000000000008}, "datetime": {"datetime": "2020-10-19 21:49:13", "elapsed": 40.530004, "delta": 0.296461}}
{"target": 79.93935399350596, "params": {"x1": 88.20000000000002, "x2": 0.7324, "x3": 1.776700000000001, "x4": 1.4023, "x5": 0.7648000000000008}, "datetime": {"datetime": "2020-10-19 21:49:13", "elapsed": 40.952354, "delta": 0.42235}}
{"target": 84.11504632716611, "params": {"x1": 87.80000000000001, "x2": -0.8676, "x3": 0.17670000000000052, "x4": 2.6023000000000005, "x5": -0.035199999999999454}, "datetime": {"datetime": "2020-10-19 21:49:14", "elapsed": 42.311268, "delta": 1.358914}}
{"target": 85.58196037488614, "params": {"x1": 87.80000000000001, "x2": -0.0676, "x3": 0.17670000000000052, "x4": 2.6023000000000005, "x5": -0.035199999999999454}, "datetime": {"datetime": "2020-10-19 21:49:15", "elapsed": 43.183199, "delta": 0.871931}}
{"target": 79.80270049346905, "params": {"x1": 88.60000000000002, "x2": 0.7324, "x3": 0.9767000000000008, "x4": 3.4023000000000003, "x5": -0.4351999999999996}, "datetime": {"datetime": "2020-10-19 21:49:16", "elapsed": 43.522625, "delta": 0.339426}}
{"target": 74.00151831309898, "params": {"x1": 88.20000000000002, "x2": 0.33240000000000014, "x3": 0.17670000000000052, "x4": 3.0023, "x5": 2.3648000000000016}, "datetime": {"datetime": "2020-10-19 21:49:17", "elapsed": 44.5367, "delta": 1.014075}}
{"target": 78.46653048197898, "params": {"x1": 88.20000000000002, "x2": 2.7324, "x3": 0.17670000000000052, "x4": 0.20230000000000004, "x5": -1.2351999999999999}, "datetime": {"datetime": "2020-10-19 21:49:17", "elapsed": 44.690002, "delta": 0.153302}}
{"target": 90.40382213968867, "params": {"x1": 88.60000000000002, "x2": 0.33240000000000014, "x3": -1.4233, "x4": 1.4023, "x5": 0.7648000000000008}, "datetime": {"datetime": "2020-10-19 21:49:18", "elapsed": 45.529214, "delta": 0.839212}}
{"target": 92.7190535549508, "params": {"x1": 89.00000000000003, "x2": 0.7324, "x3": -1.4233, "x4": 1.0023000000000002, "x5": -0.035199999999999454}, "datetime": {"datetime": "2020-10-19 21:49:18", "elapsed": 46.293819, "delta": 0.764605}}
{"target": 69.49775366011205, "params": {"x1": 89.00000000000003, "x2": -0.0676, "x3": 0.17670000000000052, "x4": 3.4023000000000003, "x5": 2.3648000000000016}, "datetime": {"datetime": "2020-10-19 21:49:18", "elapsed": 46.459948, "delta": 0.166129}}
{"target": 90.415582355569, "params": {"x1": 88.60000000000002, "x2": 0.7324, "x3": -1.4233, "x4": 1.0023000000000002, "x5": 0.7648000000000008}, "datetime": {"datetime": "2020-10-19 21:49:19", "elapsed": 46.915065, "delta": 0.455117}}
{"target": 77.60519224933091, "params": {"x1": 90.20000000000005, "x2": 0.7324, "x3": 0.5767000000000009, "x4": 3.4023000000000003, "x5": -0.035199999999999454}, "datetime": {"datetime": "2020-10-19 21:49:19", "elapsed": 47.069376, "delta": 0.154311}}
{"target": 75.74520048287461, "params": {"x1": 87.0, "x2": -0.4676, "x3": 1.3767000000000007, "x4": 1.8023, "x5": 1.564800000000001}, "datetime": {"datetime": "2020-10-19 21:49:19", "elapsed": 47.238219, "delta": 0.168843}}
{"target": 82.29995542107903, "params": {"x1": 88.60000000000002, "x2": 0.7324, "x3": -0.6232999999999997, "x4": 2.6023000000000005, "x5": 0.3648000000000009}, "datetime": {"datetime": "2020-10-19 21:49:19", "elapsed": 47.403733, "delta": 0.165514}}
{"target": 68.45211255407658, "params": {"x1": 90.60000000000005, "x2": 0.7324, "x3": 1.3767000000000007, "x4": 3.4023000000000003, "x5": 1.1648000000000007}, "datetime": {"datetime": "2020-10-19 21:49:20", "elapsed": 47.569831, "delta": 0.166098}}
{"target": 86.3116391734779, "params": {"x1": 88.60000000000002, "x2": 1.1324, "x3": -1.4233, "x4": 0.6023000000000001, "x5": 0.7648000000000008}, "datetime": {"datetime": "2020-10-19 21:49:20", "elapsed": 48.072114, "delta": 0.502283}}
{"target": 82.99221720603039, "params": {"x1": 88.20000000000002, "x2": -0.4676, "x3": 0.17670000000000052, "x4": -0.1977, "x5": -1.2351999999999999}, "datetime": {"datetime": "2020-10-19 21:49:20", "elapsed": 48.262138, "delta": 0.190024}}
{"target": 92.74217971837436, "params": {"x1": 89.00000000000003, "x2": 0.7324, "x3": -1.4233, "x4": 1.4023, "x5": -0.4351999999999996}, "datetime": {"datetime": "2020-10-19 21:49:21", "elapsed": 48.627666, "delta": 0.365528}}
{"target": 89.42323349693373, "params": {"x1": 89.00000000000003, "x2": 0.7324, "x3": -1.4233, "x4": 1.0023000000000002, "x5": -0.4351999999999996}, "datetime": {"datetime": "2020-10-19 21:49:21", "elapsed": 49.072421, "delta": 0.444755}}
{"target": 86.48731476724903, "params": {"x1": 89.40000000000003, "x2": 0.7324, "x3": -1.4233, "x4": 1.4023, "x5": -0.8351999999999997}, "datetime": {"datetime": "2020-10-19 21:49:22", "elapsed": 49.666564, "delta": 0.594143}}
{"target": 82.99635215339002, "params": {"x1": 88.20000000000002, "x2": 0.7324, "x3": 1.776700000000001, "x4": 0.6023000000000001, "x5": 0.3648000000000009}, "datetime": {"datetime": "2020-10-19 21:49:22", "elapsed": 49.838714, "delta": 0.17215}}
{"target": 88.42598263497003, "params": {"x1": 88.60000000000002, "x2": 0.7324, "x3": -1.4233, "x4": 1.8023, "x5": -0.035199999999999454}, "datetime": {"datetime": "2020-10-19 21:49:22", "elapsed": 50.228929, "delta": 0.390215}}
