{"target": 82.21991344293102, "params": {"x1": 88.6680880188103, "x2": 2.0136979737686325, "x3": -1.4228425007306205, "x4": 1.011630290527359, "x5": -1.0481764367315478}, "datetime": {"datetime": "2020-10-19 21:47:10", "elapsed": 0.0, "delta": 0.0}}
{"target": 54.853448664929154, "params": {"x1": 90.32624443194574, "x2": -0.8599401673907586, "x3": 2.5162436807859168, "x4": 3.064561767275018, "x5": 2.1193385214534732}, "datetime": {"datetime": "2020-10-19 21:47:11", "elapsed": 0.107583, "delta": 0.107583}}
{"target": 79.32657854573377, "params": {"x1": 88.19959999995459, "x2": 0.966240000001834, "x3": 0.9212600000023448, "x4": 2.7746600000009103, "x5": 0.261600000001897}, "datetime": {"datetime": "2020-10-19 21:47:11", "elapsed": 0.462625, "delta": 0.355042}}
{"target": 83.95305274530374, "params": {"x1": 88.64355999993778, "x2": 1.9596800000028276, "x3": -1.3016599999998784, "x4": 1.1029000000003983, "x5": -0.9805999999993453}, "datetime": {"datetime": "2020-10-19 21:47:12", "elapsed": 1.140452, "delta": 0.677827}}
{"target": 84.96315507434618, "params": {"x1": 88.63267999993819, "x2": 1.7452400000026134, "x3": -1.3460999999999228, "x4": 0.942060000000349, "x5": -0.8889999999992537}, "datetime": {"datetime": "2020-10-19 21:47:12", "elapsed": 1.55854, "delta": 0.418088}}
{"target": 86.0770398331593, "params": {"x1": 88.62023999993866, "x2": 1.7743600000026425, "x3": -1.2555399999998322, "x4": 1.0480600000003815, "x5": -0.8730399999992378}, "datetime": {"datetime": "2020-10-19 21:47:13", "elapsed": 2.077368, "delta": 0.518828}}
{"target": 86.11040689214302, "params": {"x1": 88.57231999994048, "x2": 1.7333600000026013, "x3": -1.2810199999998577, "x4": 1.105100000000399, "x5": -0.8858799999992506}, "datetime": {"datetime": "2020-10-19 21:47:13", "elapsed": 2.521299, "delta": 0.443931}}
{"target": 86.72163947365758, "params": {"x1": 88.56291999994083, "x2": 1.7703600000026385, "x3": -1.26325999999984, "x4": 1.0913000000003947, "x5": -0.782319999999147}, "datetime": {"datetime": "2020-10-19 21:47:14", "elapsed": 3.293365, "delta": 0.772066}}
{"target": 87.94109315778243, "params": {"x1": 88.63743999993801, "x2": 1.7275600000025952, "x3": -1.2524199999998291, "x4": 1.1398200000004095, "x5": -0.7329199999990976}, "datetime": {"datetime": "2020-10-19 21:47:14", "elapsed": 3.781818, "delta": 0.488453}}
{"target": 87.57944627913744, "params": {"x1": 88.71111999993522, "x2": 1.725320000002593, "x3": -1.3034599999998802, "x4": 1.1825000000004227, "x5": -0.7110399999990757}, "datetime": {"datetime": "2020-10-19 21:47:15", "elapsed": 4.262862, "delta": 0.481044}}
{"target": 83.47687389695776, "params": {"x1": 88.87567999992899, "x2": -0.7169999999998494, "x3": -0.9024199999994791, "x4": 2.6250600000008646, "x5": 0.23876000000187414}, "datetime": {"datetime": "2020-10-19 21:47:15", "elapsed": 4.636489, "delta": 0.373627}}
{"target": 82.76710042212612, "params": {"x1": 88.53839999994176, "x2": 1.2616000000021295, "x3": -1.3004999999998772, "x4": 0.3368600000001637, "x5": -1.3880799999997528}, "datetime": {"datetime": "2020-10-19 21:47:15", "elapsed": 5.041099, "delta": 0.40461}}
{"target": 83.46032601104883, "params": {"x1": 88.07303999995938, "x2": 1.2940000000021619, "x3": 0.39230000000181575, "x4": 3.7129000000011976, "x5": -0.3792399999987439}, "datetime": {"datetime": "2020-10-19 21:47:16", "elapsed": 5.438387, "delta": 0.397288}}
{"target": 90.9250913507237, "params": {"x1": 88.67819999993647, "x2": 1.6524000000025203, "x3": -1.2011799999997779, "x4": 1.1495400000004126, "x5": -0.7015199999990662}, "datetime": {"datetime": "2020-10-19 21:47:16", "elapsed": 5.882811, "delta": 0.444424}}
{"target": 79.77713871836684, "params": {"x1": 89.66307999989918, "x2": 1.2334800000021011, "x3": 0.2620600000016855, "x4": 2.0907800000007004, "x5": -0.34079999999870547}, "datetime": {"datetime": "2020-10-19 21:47:17", "elapsed": 6.254094, "delta": 0.371283}}
{"target": 75.54967459686273, "params": {"x1": 89.12199999991967, "x2": 1.439120000002307, "x3": 2.104820000003528, "x4": 3.1515400000010256, "x5": 1.2874800000029227}, "datetime": {"datetime": "2020-10-19 21:47:17", "elapsed": 6.620657, "delta": 0.366563}}
{"target": 87.92199870785505, "params": {"x1": 88.31083999995037, "x2": 1.5140400000023821, "x3": -1.3634599999999402, "x4": 1.1774200000004211, "x5": -0.581319999998946}, "datetime": {"datetime": "2020-10-19 21:47:17", "elapsed": 7.000526, "delta": 0.379869}}
{"target": 69.03228880480961, "params": {"x1": 90.4366799998699, "x2": -0.6987999999998312, "x3": 0.2626600000016861, "x4": 3.6153400000011677, "x5": -1.1391199999995039}, "datetime": {"datetime": "2020-10-19 21:47:18", "elapsed": 7.37185, "delta": 0.371324}}
{"target": 89.06551282934271, "params": {"x1": 88.31775999995011, "x2": 1.4540400000023221, "x3": -1.3484999999999252, "x4": 1.0027800000003675, "x5": -0.35655999999872123}, "datetime": {"datetime": "2020-10-19 21:47:18", "elapsed": 7.836973, "delta": 0.465123}}
{"target": 90.42616990273865, "params": {"x1": 88.66575999993694, "x2": 1.5636000000024315, "x3": -1.1756199999997523, "x4": 1.1393800000004095, "x5": -0.6479999999990127}, "datetime": {"datetime": "2020-10-19 21:47:19", "elapsed": 8.378498, "delta": 0.541525}}
{"target": 88.76371959132905, "params": {"x1": 88.34155999994921, "x2": 1.6384000000025063, "x3": -1.1748999999997516, "x4": 1.3395000000004706, "x5": -0.8311599999991959}, "datetime": {"datetime": "2020-10-19 21:47:19", "elapsed": 8.764383, "delta": 0.385885}}
{"target": 75.77597170576576, "params": {"x1": 87.18791999999289, "x2": 0.10608000000097373, "x3": 0.4312200000018547, "x4": 1.350140000000474, "x5": 2.343960000003979}, "datetime": {"datetime": "2020-10-19 21:47:20", "elapsed": 9.137611, "delta": 0.373228}}
{"target": 90.27327277285659, "params": {"x1": 88.67775999993648, "x2": 1.6176400000024853, "x3": -1.1460999999997228, "x4": 1.1955000000004266, "x5": -0.7123999999990771}, "datetime": {"datetime": "2020-10-19 21:47:20", "elapsed": 9.60547, "delta": 0.467859}}
{"target": 93.57585472623968, "params": {"x1": 88.38303999994764, "x2": 1.6366400000025045, "x3": -0.9090599999994857, "x4": 1.0803000000003913, "x5": -0.908239999999273}, "datetime": {"datetime": "2020-10-19 21:47:20", "elapsed": 10.007808, "delta": 0.402338}}
{"target": 69.27697413799858, "params": {"x1": 87.69007999997388, "x2": -0.4347199999995671, "x3": 1.5817400000030053, "x4": 2.6067800000008585, "x5": 2.275840000003911}, "datetime": {"datetime": "2020-10-19 21:47:21", "elapsed": 10.361093, "delta": 0.353285}}
{"target": 94.06474488772673, "params": {"x1": 88.39791999994708, "x2": 1.629880000002498, "x3": -0.966299999999543, "x4": 1.1015400000003979, "x5": -0.8641999999992289}, "datetime": {"datetime": "2020-10-19 21:47:21", "elapsed": 10.763871, "delta": 0.402778}}
{"target": 77.50419177136848, "params": {"x1": 90.06071999988413, "x2": 0.43088000000129856, "x3": 1.2801800000027035, "x4": 1.284900000000454, "x5": 1.6993600000033349}, "datetime": {"datetime": "2020-10-19 21:47:22", "elapsed": 11.134443, "delta": 0.370572}}
{"target": 90.11599334732632, "params": {"x1": 88.37711999994787, "x2": 1.5950800000024628, "x3": -0.8737399999994504, "x4": 0.7481000000002896, "x5": -0.5766799999989414}, "datetime": {"datetime": "2020-10-19 21:47:22", "elapsed": 11.561975, "delta": 0.427532}}
{"target": 91.79612578833958, "params": {"x1": 88.3973199999471, "x2": 1.624920000002493, "x3": -0.9497399999995264, "x4": 1.0374200000003782, "x5": -0.8151999999991799}, "datetime": {"datetime": "2020-10-19 21:47:22", "elapsed": 11.97404, "delta": 0.412065}}
{"target": 79.79994754559779, "params": {"x1": 90.14703999988086, "x2": -0.5004399999996328, "x3": 1.5083400000029317, "x4": 1.2495800000004431, "x5": 0.9929600000026284}, "datetime": {"datetime": "2020-10-19 21:47:23", "elapsed": 12.346926, "delta": 0.372886}}
{"target": 88.09260669741002, "params": {"x1": 88.47107999994431, "x2": 1.3934000000022615, "x3": -0.9805799999995573, "x4": 1.3808200000004833, "x5": -0.7568799999991216}, "datetime": {"datetime": "2020-10-19 21:47:23", "elapsed": 12.744404, "delta": 0.397478}}
{"target": 65.1967498376522, "params": {"x1": 90.93379999985108, "x2": -0.515639999999648, "x3": -1.2009799999997777, "x4": 1.2484600000004429, "x5": 2.1953600000038307}, "datetime": {"datetime": "2020-10-19 21:47:24", "elapsed": 13.116119, "delta": 0.371715}}
{"target": 70.13392588199925, "params": {"x1": 87.47127999998216, "x2": 2.572600000003441, "x3": -0.48741999999906405, "x4": 3.380420000001096, "x5": 1.1426000000027783}, "datetime": {"datetime": "2020-10-19 21:47:24", "elapsed": 13.533106, "delta": 0.416987}}
{"target": 93.04542890367695, "params": {"x1": 88.39807999994707, "x2": 1.6132800000024812, "x3": -0.9596999999995364, "x4": 1.1631000000004168, "x5": -0.9041199999992688}, "datetime": {"datetime": "2020-10-19 21:47:25", "elapsed": 14.112338, "delta": 0.579232}}
{"target": 85.56200757888023, "params": {"x1": 88.0989199999584, "x2": 1.6704400000025381, "x3": -1.270259999999847, "x4": 0.8097000000003085, "x5": -0.7111199999990758}, "datetime": {"datetime": "2020-10-19 21:47:25", "elapsed": 14.534311, "delta": 0.421973}}
{"target": 90.6438872736878, "params": {"x1": 88.38899999994742, "x2": 1.6688800000025368, "x3": -0.9775799999995542, "x4": 1.098700000000397, "x5": -0.8981999999992629}, "datetime": {"datetime": "2020-10-19 21:47:25", "elapsed": 14.960764, "delta": 0.426453}}
{"target": 90.0880677733492, "params": {"x1": 88.38027999994775, "x2": 1.5877200000024554, "x3": -0.8914599999994681, "x4": 0.7945000000003039, "x5": -0.6021999999989669}, "datetime": {"datetime": "2020-10-19 21:47:26", "elapsed": 15.445105, "delta": 0.484341}}
{"target": 72.8086189741465, "params": {"x1": 90.11647999988202, "x2": 1.2497200000021178, "x3": 1.8520600000032756, "x4": 3.3731400000010936, "x5": -0.3309199999986956}, "datetime": {"datetime": "2020-10-19 21:47:26", "elapsed": 15.847545, "delta": 0.40244}}
{"target": 74.13472115599677, "params": {"x1": 90.03019999988528, "x2": 0.9306400000017984, "x3": 1.9571800000033808, "x4": 2.0639800000006927, "x5": 1.08448000000272}, "datetime": {"datetime": "2020-10-19 21:47:27", "elapsed": 16.242014, "delta": 0.394469}}
{"target": 81.21616971667402, "params": {"x1": 88.87079999992918, "x2": 1.355200000002223, "x3": 1.3543000000027778, "x4": 0.3751800000001755, "x5": 0.3054400000019408}, "datetime": {"datetime": "2020-10-19 21:47:27", "elapsed": 16.637001, "delta": 0.394987}}
{"target": 90.10054798736189, "params": {"x1": 88.31915999995006, "x2": 1.5079200000023758, "x3": -1.2621799999998389, "x4": 1.236180000000439, "x5": -0.6028799999989676}, "datetime": {"datetime": "2020-10-19 21:47:27", "elapsed": 17.039716, "delta": 0.402715}}
{"target": 65.11828338510612, "params": {"x1": 90.82147999985533, "x2": 2.204920000003073, "x3": 0.6167800000020403, "x4": 3.053180000000995, "x5": 1.439520000003075}, "datetime": {"datetime": "2020-10-19 21:47:28", "elapsed": 17.419048, "delta": 0.379332}}
{"target": 77.83859731380815, "params": {"x1": 90.3149199998745, "x2": 0.6108400000014785, "x3": 1.7867800000032104, "x4": 1.5943800000005488, "x5": -0.050279999998414926}, "datetime": {"datetime": "2020-10-19 21:47:28", "elapsed": 17.842565, "delta": 0.423517}}
{"target": 87.79538898036272, "params": {"x1": 88.54875999994137, "x2": 1.7795200000026474, "x3": -1.0696999999996464, "x4": 1.458500000000507, "x5": -0.6675999999990323}, "datetime": {"datetime": "2020-10-19 21:47:29", "elapsed": 18.290157, "delta": 0.447592}}
{"target": 80.25966077019758, "params": {"x1": 87.17219999999348, "x2": -0.6440799999997765, "x3": 1.3839800000028075, "x4": 1.7034200000005821, "x5": 0.7834800000024187}, "datetime": {"datetime": "2020-10-19 21:47:29", "elapsed": 18.682146, "delta": 0.391989}}
{"target": 88.77208878712507, "params": {"x1": 88.10711999995809, "x2": 1.6817200000025498, "x3": -0.7531799999993298, "x4": 1.1538600000004138, "x5": -0.7179999999990827}, "datetime": {"datetime": "2020-10-19 21:47:30", "elapsed": 19.093778, "delta": 0.411632}}
{"target": 90.18547084645006, "params": {"x1": 88.39311999994726, "x2": 1.5799200000024478, "x3": -0.9175799999994942, "x4": 1.1226200000004043, "x5": -0.8491199999992138}, "datetime": {"datetime": "2020-10-19 21:47:30", "elapsed": 19.68735, "delta": 0.593572}}
{"target": 87.86829501389346, "params": {"x1": 88.40827999994669, "x2": 1.5882800000024564, "x3": -0.7419399999993186, "x4": 0.9285400000003448, "x5": -0.6581599999990229}, "datetime": {"datetime": "2020-10-19 21:47:31", "elapsed": 20.101532, "delta": 0.414182}}
{"target": 90.60787494112853, "params": {"x1": 88.41339999994649, "x2": 1.6487200000025166, "x3": -0.8805799999994572, "x4": 1.288620000000455, "x5": -1.1035599999994683}, "datetime": {"datetime": "2020-10-19 21:47:31", "elapsed": 20.524872, "delta": 0.42334}}
{"target": 84.59252175788467, "params": {"x1": 88.01795999996146, "x2": 1.507960000002376, "x3": -1.3099799999998867, "x4": 0.7246200000002825, "x5": -0.9457999999993105}, "datetime": {"datetime": "2020-10-19 21:47:31", "elapsed": 20.919141, "delta": 0.394269}}
{"target": 88.6404638064232, "params": {"x1": 88.40083999994697, "x2": 1.5122400000023801, "x3": -1.2115799999997883, "x4": 1.4829000000005146, "x5": -0.9137199999992784}, "datetime": {"datetime": "2020-10-19 21:47:32", "elapsed": 21.32153, "delta": 0.402389}}
{"target": 88.05883360599053, "params": {"x1": 88.16675999995583, "x2": 1.698840000002567, "x3": -0.9041399999994808, "x4": 1.334180000000469, "x5": -0.6017199999989664}, "datetime": {"datetime": "2020-10-19 21:47:32", "elapsed": 21.714388, "delta": 0.392858}}
{"target": 85.98306824562667, "params": {"x1": 88.5453599999415, "x2": 1.543800000002412, "x3": -1.269259999999846, "x4": 1.477500000000513, "x5": -1.1320399999994968}, "datetime": {"datetime": "2020-10-19 21:47:33", "elapsed": 22.114891, "delta": 0.400503}}
