{"target": 89.65673741065187, "params": {"x1": 88.20000000000002, "x2": 1.1324, "x3": 0.5767000000000009, "x4": 1.0023000000000002, "x5": -1.6352}, "datetime": {"datetime": "2020-10-19 21:59:42", "elapsed": 669.569504, "delta": 25.08438}}
{"target": 85.92069349496725, "params": {"x1": 88.20000000000002, "x2": 1.1324, "x3": 0.5767000000000009, "x4": 1.4023, "x5": -1.2351999999999999}, "datetime": {"datetime": "2020-10-19 21:59:58", "elapsed": 685.63586, "delta": 16.066356}}
{"target": 92.7190535549508, "params": {"x1": 89.00000000000003, "x2": 0.7324, "x3": 0.17670000000000052, "x4": 1.0023000000000002, "x5": -1.6352}, "datetime": {"datetime": "2020-10-19 22:00:03", "elapsed": 691.055565, "delta": 5.419705}}
{"target": 89.42323349693373, "params": {"x1": 89.00000000000003, "x2": 0.7324, "x3": -0.2232999999999996, "x4": 1.0023000000000002, "x5": -1.6352}, "datetime": {"datetime": "2020-10-19 22:00:08", "elapsed": 695.522894, "delta": 4.467329}}
{"target": 90.4155823555684, "params": {"x1": 89.40000000000003, "x2": 0.7324, "x3": -1.4233, "x4": 1.0023000000000002, "x5": -0.035199999999999454}, "datetime": {"datetime": "2020-10-19 22:00:11", "elapsed": 698.74078, "delta": 3.217886}}
{"target": 67.3120586468535, "params": {"x1": 87.0, "x2": -0.8676, "x3": -1.4233, "x4": 3.8023, "x5": -1.6352}, "datetime": {"datetime": "2020-10-19 22:00:39", "elapsed": 726.543005, "delta": 27.802225}}
{"target": 87.79257168672092, "params": {"x1": 88.60000000000002, "x2": 0.33240000000000014, "x3": -1.4233, "x4": 2.2023, "x5": -0.4351999999999996}, "datetime": {"datetime": "2020-10-19 22:00:41", "elapsed": 729.441202, "delta": 2.898197}}
{"target": 88.42598263497003, "params": {"x1": 88.60000000000002, "x2": 0.7324, "x3": 0.17670000000000052, "x4": 1.8023, "x5": -1.6352}, "datetime": {"datetime": "2020-10-19 22:01:13", "elapsed": 760.92949, "delta": 31.488288}}
{"target": 87.91163917347791, "params": {"x1": 88.60000000000002, "x2": 1.1324, "x3": -1.4233, "x4": 0.6023000000000001, "x5": -0.035199999999999454}, "datetime": {"datetime": "2020-10-19 22:01:46", "elapsed": 793.6733, "delta": 32.74381}}
{"target": 51.31205864685347, "params": {"x1": 87.0, "x2": -0.8676, "x3": 2.5767000000000015, "x4": 3.8023, "x5": 2.3648000000000016}, "datetime": {"datetime": "2020-10-19 22:02:10", "elapsed": 818.08718, "delta": 24.41388}}
{"target": 92.74217971837365, "params": {"x1": 88.20000000000002, "x2": 1.1324, "x3": 0.17670000000000052, "x4": 1.4023, "x5": -1.6352}, "datetime": {"datetime": "2020-10-19 22:02:22", "elapsed": 829.628438, "delta": 11.541258}}
{"target": 87.80489823952941, "params": {"x1": 89.40000000000003, "x2": 0.7324, "x3": -1.4233, "x4": 1.0023000000000002, "x5": -0.4351999999999996}, "datetime": {"datetime": "2020-10-19 22:03:06", "elapsed": 874.307977, "delta": 44.679539}}
{"target": 85.92005634685302, "params": {"x1": 89.00000000000003, "x2": 1.1324, "x3": 0.17670000000000052, "x4": 1.0023000000000002, "x5": -1.2351999999999999}, "datetime": {"datetime": "2020-10-19 22:03:25", "elapsed": 892.831266, "delta": 18.523289}}
{"target": 89.90394178492737, "params": {"x1": 88.20000000000002, "x2": 1.1324, "x3": 0.5767000000000009, "x4": 1.4023, "x5": -1.6352}, "datetime": {"datetime": "2020-10-19 22:03:31", "elapsed": 898.663712, "delta": 5.832446}}
{"target": 86.8472979474874, "params": {"x1": 88.20000000000002, "x2": 1.1324, "x3": -1.0232999999999999, "x4": 1.4023, "x5": -0.035199999999999454}, "datetime": {"datetime": "2020-10-19 22:03:42", "elapsed": 910.341831, "delta": 11.678119}}
{"target": 89.40489823952964, "params": {"x1": 88.60000000000002, "x2": 0.33240000000000014, "x3": 0.17670000000000052, "x4": 1.0023000000000002, "x5": -1.6352}, "datetime": {"datetime": "2020-10-19 22:04:08", "elapsed": 936.04504, "delta": 25.703209}}
{"target": 90.41558235556839, "params": {"x1": 89.40000000000003, "x2": 0.7324, "x3": 0.17670000000000052, "x4": 1.0023000000000002, "x5": -1.6352}, "datetime": {"datetime": "2020-10-19 22:04:12", "elapsed": 940.027561, "delta": 3.982521}}
{"target": 87.80078583273259, "params": {"x1": 88.20000000000002, "x2": 1.5324000000000004, "x3": -0.2232999999999996, "x4": 1.4023, "x5": -1.6352}, "datetime": {"datetime": "2020-10-19 22:05:35", "elapsed": 1022.589011, "delta": 82.56145}}
{"target": 89.91040585495566, "params": {"x1": 88.60000000000002, "x2": 1.1324, "x3": -1.4233, "x4": 1.8023, "x5": -0.4351999999999996}, "datetime": {"datetime": "2020-10-19 22:06:29", "elapsed": 1077.350266, "delta": 54.761255}}
{"target": 89.4232334969339, "params": {"x1": 88.20000000000002, "x2": 1.1324, "x3": 0.17670000000000052, "x4": 1.0023000000000002, "x5": -1.6352}, "datetime": {"datetime": "2020-10-19 22:06:37", "elapsed": 1084.668345, "delta": 7.318079}}
{"target": 92.76569665591146, "params": {"x1": 88.20000000000002, "x2": 0.7324, "x3": 0.17670000000000052, "x4": 1.8023, "x5": -1.6352}, "datetime": {"datetime": "2020-10-19 22:06:51", "elapsed": 1099.239355, "delta": 14.57101}}
{"target": 91.1190535549515, "params": {"x1": 89.40000000000003, "x2": 1.1324, "x3": -1.4233, "x4": 1.0023000000000002, "x5": -0.035199999999999454}, "datetime": {"datetime": "2020-10-19 22:07:08", "elapsed": 1115.951607, "delta": 16.712252}}
{"target": 83.5324060080649, "params": {"x1": 89.80000000000004, "x2": 1.1324, "x3": -1.4233, "x4": 0.6023000000000001, "x5": 0.3648000000000009}, "datetime": {"datetime": "2020-10-19 22:07:12", "elapsed": 1120.407614, "delta": 4.456007}}
{"target": 92.76569665591143, "params": {"x1": 88.20000000000002, "x2": 0.7324, "x3": -1.4233, "x4": 1.8023, "x5": -0.035199999999999454}, "datetime": {"datetime": "2020-10-19 22:07:29", "elapsed": 1137.438069, "delta": 17.030455}}
{"target": 89.9104058549556, "params": {"x1": 88.20000000000002, "x2": 1.1324, "x3": 0.17670000000000052, "x4": 1.8023, "x5": -1.6352}, "datetime": {"datetime": "2020-10-19 22:07:38", "elapsed": 1145.529114, "delta": 8.091045}}
{"target": 89.9104058549556, "params": {"x1": 88.20000000000002, "x2": 0.7324, "x3": -1.4233, "x4": 1.8023, "x5": 0.3648000000000009}, "datetime": {"datetime": "2020-10-19 22:07:45", "elapsed": 1152.604106, "delta": 7.074992}}
{"target": 79.80179090387537, "params": {"x1": 88.60000000000002, "x2": -0.0676, "x3": 1.3767000000000007, "x4": 3.0023, "x5": 0.3648000000000009}, "datetime": {"datetime": "2020-10-19 22:07:57", "elapsed": 1164.543896, "delta": 11.93979}}
{"target": 83.26399030327383, "params": {"x1": 88.60000000000002, "x2": 1.9324000000000003, "x3": -0.6232999999999997, "x4": 3.4023000000000003, "x5": 0.7648000000000008}, "datetime": {"datetime": "2020-10-19 22:08:05", "elapsed": 1172.717244, "delta": 8.173348}}
{"target": 89.41331679209338, "params": {"x1": 88.20000000000002, "x2": 0.7324, "x3": -0.2232999999999996, "x4": 1.8023, "x5": -1.6352}, "datetime": {"datetime": "2020-10-19 22:08:09", "elapsed": 1177.004944, "delta": 4.2877}}
