{"target": 72.69775366011181, "params": {"x1": 90.20000000000005, "x2": -0.4676, "x3": -0.6232999999999997, "x4": 3.4023000000000003, "x5": 0.7648000000000008}, "datetime": {"datetime": "2020-10-19 21:49:23", "elapsed": 50.939541, "delta": 0.710612}}
{"target": 77.28234988021536, "params": {"x1": 87.4, "x2": 2.3324000000000003, "x3": 1.776700000000001, "x4": 1.0023000000000002, "x5": -0.8351999999999997}, "datetime": {"datetime": "2020-10-19 21:49:23", "elapsed": 51.12769, "delta": 0.188149}}
{"target": 87.8007858327323, "params": {"x1": 89.40000000000003, "x2": 0.33240000000000014, "x3": -1.4233, "x4": 1.4023, "x5": -0.4351999999999996}, "datetime": {"datetime": "2020-10-19 21:49:24", "elapsed": 51.574185, "delta": 0.446495}}
{"target": 89.40078583273254, "params": {"x1": 88.60000000000002, "x2": 0.33240000000000014, "x3": -1.4233, "x4": 1.4023, "x5": -0.4351999999999996}, "datetime": {"datetime": "2020-10-19 21:49:24", "elapsed": 51.995512, "delta": 0.421327}}
{"target": 86.06432252021261, "params": {"x1": 89.00000000000003, "x2": 1.5324000000000004, "x3": -0.6232999999999997, "x4": 1.8023, "x5": -1.2351999999999999}, "datetime": {"datetime": "2020-10-19 21:49:24", "elapsed": 52.176576, "delta": 0.181064}}
{"target": 67.2392558698325, "params": {"x1": 90.60000000000005, "x2": 0.7324, "x3": 2.5767000000000015, "x4": 2.6023000000000005, "x5": 0.3648000000000009}, "datetime": {"datetime": "2020-10-19 21:49:24", "elapsed": 52.364873, "delta": 0.188297}}
{"target": 88.42327221289966, "params": {"x1": 89.00000000000003, "x2": 0.7324, "x3": -1.4233, "x4": 1.4023, "x5": -0.035199999999999454}, "datetime": {"datetime": "2020-10-19 21:49:25", "elapsed": 52.976172, "delta": 0.611299}}
{"target": 77.59488113821597, "params": {"x1": 90.20000000000005, "x2": 0.7324, "x3": 2.176700000000001, "x4": 1.4023, "x5": 0.3648000000000009}, "datetime": {"datetime": "2020-10-19 21:49:25", "elapsed": 53.161146, "delta": 0.184974}}
{"target": 70.17427119667875, "params": {"x1": 90.60000000000005, "x2": 1.1324, "x3": -1.0232999999999999, "x4": 2.2023, "x5": 1.9648000000000014}, "datetime": {"datetime": "2020-10-19 21:49:25", "elapsed": 53.34305, "delta": 0.181904}}
{"target": 81.4604407031581, "params": {"x1": 88.20000000000002, "x2": 0.7324, "x3": 0.9767000000000008, "x4": 1.8023, "x5": 0.3648000000000009}, "datetime": {"datetime": "2020-10-19 21:49:26", "elapsed": 54.184532, "delta": 0.841482}}
{"target": 75.81631159830967, "params": {"x1": 90.20000000000005, "x2": 2.3324000000000003, "x3": 1.3767000000000007, "x4": 0.20230000000000004, "x5": -0.035199999999999454}, "datetime": {"datetime": "2020-10-19 21:49:26", "elapsed": 54.379636, "delta": 0.195104}}
{"target": 92.00382213968868, "params": {"x1": 88.60000000000002, "x2": 0.7324, "x3": -1.4233, "x4": 1.4023, "x5": -0.4351999999999996}, "datetime": {"datetime": "2020-10-19 21:49:27", "elapsed": 54.833653, "delta": 0.454017}}
{"target": 87.80342452072125, "params": {"x1": 87.80000000000001, "x2": -0.4676, "x3": -0.2232999999999996, "x4": 2.6023000000000005, "x5": -0.035199999999999454}, "datetime": {"datetime": "2020-10-19 21:49:27", "elapsed": 55.02553, "delta": 0.191877}}
{"target": 63.434165188164535, "params": {"x1": 91.00000000000006, "x2": 2.7324, "x3": 1.776700000000001, "x4": 2.2023, "x5": -0.4351999999999996}, "datetime": {"datetime": "2020-10-19 21:49:27", "elapsed": 55.445013, "delta": 0.419483}}
{"target": 87.9116391734779, "params": {"x1": 88.60000000000002, "x2": 0.7324, "x3": -1.4233, "x4": 0.6023000000000001, "x5": 0.3648000000000009}, "datetime": {"datetime": "2020-10-19 21:49:28", "elapsed": 55.92944, "delta": 0.484427}}
{"target": 89.64351940607322, "params": {"x1": 89.00000000000003, "x2": 0.33240000000000014, "x3": -1.4233, "x4": 1.8023, "x5": -0.4351999999999996}, "datetime": {"datetime": "2020-10-19 21:49:28", "elapsed": 56.384445, "delta": 0.455005}}
{"target": 89.64351940607345, "params": {"x1": 88.20000000000002, "x2": 0.33240000000000014, "x3": -1.4233, "x4": 1.8023, "x5": 0.3648000000000009}, "datetime": {"datetime": "2020-10-19 21:49:29", "elapsed": 56.823683, "delta": 0.439238}}
{"target": 88.42869761702141, "params": {"x1": 87.80000000000001, "x2": -0.4676, "x3": 0.17670000000000052, "x4": 2.2023, "x5": -0.035199999999999454}, "datetime": {"datetime": "2020-10-19 21:49:32", "elapsed": 59.698582, "delta": 2.874899}}
{"target": 86.30446418837532, "params": {"x1": 89.00000000000003, "x2": -0.0676, "x3": -1.4233, "x4": 1.4023, "x5": 0.7648000000000008}, "datetime": {"datetime": "2020-10-19 21:49:32", "elapsed": 60.188206, "delta": 0.489624}}
{"target": 88.32340701023078, "params": {"x1": 87.80000000000001, "x2": -0.4676, "x3": 0.5767000000000009, "x4": 2.6023000000000005, "x5": -0.035199999999999454}, "datetime": {"datetime": "2020-10-19 21:49:33", "elapsed": 60.70026, "delta": 0.512054}}
{"target": 89.8975018048168, "params": {"x1": 89.00000000000003, "x2": 0.7324, "x3": -1.4233, "x4": 1.0023000000000002, "x5": 0.3648000000000009}, "datetime": {"datetime": "2020-10-19 21:49:33", "elapsed": 61.232709, "delta": 0.532449}}
{"target": 92.76569665591165, "params": {"x1": 88.60000000000002, "x2": 0.33240000000000014, "x3": -1.4233, "x4": 1.8023, "x5": -0.035199999999999454}, "datetime": {"datetime": "2020-10-19 21:49:35", "elapsed": 62.670391, "delta": 1.437682}}
{"target": 90.40382213968881, "params": {"x1": 88.20000000000002, "x2": 1.5324000000000004, "x3": -1.4233, "x4": 1.4023, "x5": -0.035199999999999454}, "datetime": {"datetime": "2020-10-19 21:49:38", "elapsed": 65.61972, "delta": 2.949329}}
{"target": 89.42323349693373, "params": {"x1": 89.00000000000003, "x2": 0.33240000000000014, "x3": -1.4233, "x4": 1.0023000000000002, "x5": -0.035199999999999454}, "datetime": {"datetime": "2020-10-19 21:49:40", "elapsed": 67.887116, "delta": 2.267396}}
{"target": 89.65673741065187, "params": {"x1": 88.20000000000002, "x2": 1.1324, "x3": -1.4233, "x4": 1.0023000000000002, "x5": 0.3648000000000009}, "datetime": {"datetime": "2020-10-19 21:49:42", "elapsed": 69.497457, "delta": 1.610341}}
{"target": 84.6901424031966, "params": {"x1": 87.80000000000001, "x2": -0.4676, "x3": 0.17670000000000052, "x4": 3.0023, "x5": -0.035199999999999454}, "datetime": {"datetime": "2020-10-19 21:49:42", "elapsed": 70.222875, "delta": 0.725418}}
{"target": 89.91040585495577, "params": {"x1": 89.00000000000003, "x2": 0.33240000000000014, "x3": -1.4233, "x4": 1.8023, "x5": -0.035199999999999454}, "datetime": {"datetime": "2020-10-19 21:49:44", "elapsed": 71.542101, "delta": 1.319226}}
{"target": 83.10446418837547, "params": {"x1": 87.80000000000001, "x2": 2.3324000000000003, "x3": -1.0232999999999999, "x4": 1.4023, "x5": 0.7648000000000008}, "datetime": {"datetime": "2020-10-19 21:49:45", "elapsed": 73.129868, "delta": 1.587767}}
{"target": 89.4007858327326, "params": {"x1": 88.20000000000002, "x2": 0.7324, "x3": -1.4233, "x4": 1.4023, "x5": -0.4351999999999996}, "datetime": {"datetime": "2020-10-19 21:49:46", "elapsed": 74.260328, "delta": 1.13046}}
{"target": 92.74217971837388, "params": {"x1": 88.60000000000002, "x2": 1.1324, "x3": -1.4233, "x4": 1.4023, "x5": -0.4351999999999996}, "datetime": {"datetime": "2020-10-19 21:49:52", "elapsed": 80.165014, "delta": 5.904686}}
{"target": 87.87391715603017, "params": {"x1": 89.40000000000003, "x2": 0.7324, "x3": -0.2232999999999996, "x4": 0.20230000000000004, "x5": 1.564800000000001}, "datetime": {"datetime": "2020-10-19 21:49:52", "elapsed": 80.411097, "delta": 0.246083}}
{"target": 90.38048128867128, "params": {"x1": 88.60000000000002, "x2": 0.33240000000000014, "x3": -1.4233, "x4": 2.2023, "x5": -0.035199999999999454}, "datetime": {"datetime": "2020-10-19 21:49:53", "elapsed": 80.909556, "delta": 0.498459}}
{"target": 87.66269616200515, "params": {"x1": 89.00000000000003, "x2": 1.1324, "x3": -1.0232999999999999, "x4": 1.4023, "x5": -0.8351999999999997}, "datetime": {"datetime": "2020-10-19 21:49:53", "elapsed": 81.432479, "delta": 0.522923}}
{"target": 75.61501989754564, "params": {"x1": 90.20000000000005, "x2": 2.7324, "x3": 0.5767000000000009, "x4": 0.6023000000000001, "x5": -0.8351999999999997}, "datetime": {"datetime": "2020-10-19 21:49:54", "elapsed": 81.702211, "delta": 0.269732}}
{"target": 70.43518697390104, "params": {"x1": 88.20000000000002, "x2": 0.7324, "x3": 2.5767000000000015, "x4": 3.4023000000000003, "x5": 0.3648000000000009}, "datetime": {"datetime": "2020-10-19 21:49:54", "elapsed": 81.956596, "delta": 0.254385}}
{"target": 81.21267225374291, "params": {"x1": 87.0, "x2": -0.0676, "x3": 0.17670000000000052, "x4": 3.0023, "x5": -0.035199999999999454}, "datetime": {"datetime": "2020-10-19 21:49:55", "elapsed": 82.549999, "delta": 0.593403}}
{"target": 87.79667698483952, "params": {"x1": 87.80000000000001, "x2": 1.1324, "x3": -1.4233, "x4": 1.8023, "x5": -0.035199999999999454}, "datetime": {"datetime": "2020-10-19 21:49:56", "elapsed": 83.912437, "delta": 1.362438}}
{"target": 87.90088022609227, "params": {"x1": 88.60000000000002, "x2": -0.0676, "x3": -1.4233, "x4": 1.8023, "x5": -0.035199999999999454}, "datetime": {"datetime": "2020-10-19 21:49:57", "elapsed": 84.538884, "delta": 0.626447}}
{"target": 48.50794847727738, "params": {"x1": 91.00000000000006, "x2": 3.1324, "x3": 1.776700000000001, "x4": 3.4023000000000003, "x5": 1.564800000000001}, "datetime": {"datetime": "2020-10-19 21:49:57", "elapsed": 84.779736, "delta": 0.240852}}
{"target": 87.80078583273243, "params": {"x1": 89.00000000000003, "x2": 1.1324, "x3": -1.4233, "x4": 1.4023, "x5": -0.8351999999999997}, "datetime": {"datetime": "2020-10-19 21:49:57", "elapsed": 85.432041, "delta": 0.652305}}
{"target": 86.30088022609233, "params": {"x1": 87.80000000000001, "x2": 1.5324000000000004, "x3": -1.4233, "x4": 1.8023, "x5": -0.035199999999999454}, "datetime": {"datetime": "2020-10-19 21:49:58", "elapsed": 86.422233, "delta": 0.990192}}
{"target": 87.79667698483937, "params": {"x1": 89.00000000000003, "x2": 0.7324, "x3": -1.4233, "x4": 1.8023, "x5": -0.8351999999999997}, "datetime": {"datetime": "2020-10-19 21:50:00", "elapsed": 87.61018, "delta": 1.187947}}
{"target": 86.8472979474874, "params": {"x1": 88.60000000000002, "x2": 1.1324, "x3": -1.0232999999999999, "x4": 1.4023, "x5": -0.4351999999999996}, "datetime": {"datetime": "2020-10-19 21:50:00", "elapsed": 88.202614, "delta": 0.592434}}
{"target": 84.61874075089634, "params": {"x1": 88.20000000000002, "x2": 1.1324, "x3": 0.17670000000000052, "x4": 1.4023, "x5": -0.4351999999999996}, "datetime": {"datetime": "2020-10-19 21:50:00", "elapsed": 88.464545, "delta": 0.261931}}
{"target": 79.78370104947261, "params": {"x1": 87.80000000000001, "x2": 1.9324000000000003, "x3": 1.3767000000000007, "x4": 0.20230000000000004, "x5": -1.2351999999999999}, "datetime": {"datetime": "2020-10-19 21:50:01", "elapsed": 88.725393, "delta": 0.260848}}
{"target": 86.8465394858008, "params": {"x1": 88.60000000000002, "x2": 0.7324, "x3": -1.0232999999999999, "x4": 1.0023000000000002, "x5": 0.3648000000000009}, "datetime": {"datetime": "2020-10-19 21:50:01", "elapsed": 89.32359, "delta": 0.598197}}
{"target": 80.86551274808255, "params": {"x1": 88.60000000000002, "x2": -0.8676, "x3": -0.6232999999999997, "x4": 2.2023, "x5": -1.6352}, "datetime": {"datetime": "2020-10-19 21:50:02", "elapsed": 89.593759, "delta": 0.270169}}
{"target": 83.0232334969339, "params": {"x1": 88.20000000000002, "x2": 2.7324, "x3": -0.6232999999999997, "x4": 1.0023000000000002, "x5": 0.7648000000000008}, "datetime": {"datetime": "2020-10-19 21:50:02", "elapsed": 89.854055, "delta": 0.260296}}
{"target": 86.84805713956857, "params": {"x1": 88.60000000000002, "x2": 0.7324, "x3": -1.0232999999999999, "x4": 1.8023, "x5": -0.4351999999999996}, "datetime": {"datetime": "2020-10-19 21:50:03", "elapsed": 91.412245, "delta": 1.55819}}
{"target": 89.90394178492755, "params": {"x1": 89.00000000000003, "x2": 1.1324, "x3": -1.4233, "x4": 1.4023, "x5": -0.4351999999999996}, "datetime": {"datetime": "2020-10-19 21:50:04", "elapsed": 92.476966, "delta": 1.064721}}
{"target": 78.73240600806511, "params": {"x1": 89.00000000000003, "x2": -0.0676, "x3": 1.3767000000000007, "x4": 0.6023000000000001, "x5": 1.9648000000000014}, "datetime": {"datetime": "2020-10-19 21:50:06", "elapsed": 93.917477, "delta": 1.440511}}
{"target": 89.41331679209333, "params": {"x1": 88.60000000000002, "x2": 0.33240000000000014, "x3": -1.4233, "x4": 1.8023, "x5": -0.4351999999999996}, "datetime": {"datetime": "2020-10-19 21:50:11", "elapsed": 98.697841, "delta": 4.780364}}
{"target": 88.2079892811364, "params": {"x1": 88.60000000000002, "x2": 1.5324000000000004, "x3": -1.4233, "x4": 1.4023, "x5": -0.035199999999999454}, "datetime": {"datetime": "2020-10-19 21:50:16", "elapsed": 104.220092, "delta": 5.522251}}
{"target": 89.4232334969339, "params": {"x1": 88.20000000000002, "x2": 0.7324, "x3": -1.4233, "x4": 1.0023000000000002, "x5": 0.3648000000000009}, "datetime": {"datetime": "2020-10-19 21:50:17", "elapsed": 104.87262, "delta": 0.652528}}
{"target": 92.74217971837433, "params": {"x1": 89.00000000000003, "x2": 0.33240000000000014, "x3": -1.4233, "x4": 1.4023, "x5": -0.035199999999999454}, "datetime": {"datetime": "2020-10-19 21:50:19", "elapsed": 107.409048, "delta": 2.536428}}
{"target": 89.89750180481667, "params": {"x1": 88.60000000000002, "x2": 1.1324, "x3": -1.4233, "x4": 1.0023000000000002, "x5": 0.3648000000000009}, "datetime": {"datetime": "2020-10-19 21:50:20", "elapsed": 108.015963, "delta": 0.606915}}
{"target": 70.67618070083046, "params": {"x1": 87.80000000000001, "x2": -0.0676, "x3": -1.0232999999999999, "x4": 3.4023000000000003, "x5": 1.9648000000000014}, "datetime": {"datetime": "2020-10-19 21:50:20", "elapsed": 108.302964, "delta": 0.287001}}
{"target": 89.8975018048168, "params": {"x1": 89.00000000000003, "x2": 1.1324, "x3": -1.4233, "x4": 1.0023000000000002, "x5": -0.035199999999999454}, "datetime": {"datetime": "2020-10-19 21:50:23", "elapsed": 110.653278, "delta": 2.350314}}
{"target": 71.61057564816039, "params": {"x1": 90.20000000000005, "x2": -0.4676, "x3": 0.5767000000000009, "x4": 3.4023000000000003, "x5": 1.1648000000000007}, "datetime": {"datetime": "2020-10-19 21:50:23", "elapsed": 110.94916, "delta": 0.295882}}
{"target": 89.91040585495578, "params": {"x1": 89.00000000000003, "x2": 0.7324, "x3": -1.4233, "x4": 1.8023, "x5": -0.4351999999999996}, "datetime": {"datetime": "2020-10-19 21:50:24", "elapsed": 112.28866, "delta": 1.3395}}
{"target": 81.9039417849276, "params": {"x1": 89.00000000000003, "x2": 0.33240000000000014, "x3": 2.5767000000000015, "x4": 1.4023, "x5": 0.3648000000000009}, "datetime": {"datetime": "2020-10-19 21:50:25", "elapsed": 113.411869, "delta": 1.123209}}
{"target": 86.82327221289967, "params": {"x1": 89.00000000000003, "x2": 0.7324, "x3": -1.4233, "x4": 1.4023, "x5": 0.7648000000000008}, "datetime": {"datetime": "2020-10-19 21:50:26", "elapsed": 114.009175, "delta": 0.597306}}
{"target": 77.71763445125956, "params": {"x1": 89.80000000000004, "x2": 0.7324, "x3": -1.4233, "x4": 2.2023, "x5": 1.564800000000001}, "datetime": {"datetime": "2020-10-19 21:50:26", "elapsed": 114.330058, "delta": 0.320883}}
{"target": 85.21051744467138, "params": {"x1": 87.4, "x2": -0.0676, "x3": -1.0232999999999999, "x4": 1.4023, "x5": 0.7648000000000008}, "datetime": {"datetime": "2020-10-19 21:50:28", "elapsed": 115.811377, "delta": 1.481319}}
{"target": 87.66432252021258, "params": {"x1": 88.60000000000002, "x2": -0.0676, "x3": -1.0232999999999999, "x4": 1.8023, "x5": 0.3648000000000009}, "datetime": {"datetime": "2020-10-19 21:50:28", "elapsed": 116.392887, "delta": 0.58151}}
{"target": 76.0132147378717, "params": {"x1": 89.00000000000003, "x2": 3.1324, "x3": -0.6232999999999997, "x4": 0.6023000000000001, "x5": 0.7648000000000008}, "datetime": {"datetime": "2020-10-19 21:50:29", "elapsed": 116.729777, "delta": 0.33689}}
{"target": 87.80901421439711, "params": {"x1": 89.00000000000003, "x2": 0.7324, "x3": -1.4233, "x4": 0.6023000000000001, "x5": 0.3648000000000009}, "datetime": {"datetime": "2020-10-19 21:50:31", "elapsed": 119.007428, "delta": 2.277651}}
{"target": 79.76301188855965, "params": {"x1": 87.0, "x2": 0.33240000000000014, "x3": -1.4233, "x4": 0.20230000000000004, "x5": 0.7648000000000008}, "datetime": {"datetime": "2020-10-19 21:50:33", "elapsed": 120.495442, "delta": 1.488014}}
{"target": 89.41827207962555, "params": {"x1": 89.00000000000003, "x2": 0.33240000000000014, "x3": -1.4233, "x4": 1.4023, "x5": -0.4351999999999996}, "datetime": {"datetime": "2020-10-19 21:50:35", "elapsed": 123.28829, "delta": 2.792848}}
{"target": 77.27443008810602, "params": {"x1": 87.0, "x2": -0.0676, "x3": 0.5767000000000009, "x4": 2.6023000000000005, "x5": 1.564800000000001}, "datetime": {"datetime": "2020-10-19 21:50:38", "elapsed": 126.446134, "delta": 3.157844}}
{"target": 70.94863043988451, "params": {"x1": 90.20000000000005, "x2": -0.4676, "x3": 2.5767000000000015, "x4": 1.0023000000000002, "x5": 0.3648000000000009}, "datetime": {"datetime": "2020-10-19 21:50:39", "elapsed": 126.843019, "delta": 0.396885}}
{"target": 51.31205864685349, "params": {"x1": 87.0, "x2": 3.1324, "x3": 2.5767000000000015, "x4": 3.8023, "x5": -1.6352}, "datetime": {"datetime": "2020-10-19 21:50:40", "elapsed": 128.366964, "delta": 1.523945}}
{"target": 86.48087082572569, "params": {"x1": 88.60000000000002, "x2": -0.0676, "x3": -1.4233, "x4": 2.2023, "x5": -0.035199999999999454}, "datetime": {"datetime": "2020-10-19 21:50:41", "elapsed": 129.249601, "delta": 0.882637}}
{"target": 82.22179242396436, "params": {"x1": 89.00000000000003, "x2": 1.5324000000000004, "x3": -0.2232999999999996, "x4": 1.0023000000000002, "x5": 0.3648000000000009}, "datetime": {"datetime": "2020-10-19 21:50:42", "elapsed": 129.593699, "delta": 0.344098}}
{"target": 65.35311421289938, "params": {"x1": 91.00000000000006, "x2": 0.7324, "x3": 0.9767000000000008, "x4": -0.1977, "x5": 1.9648000000000014}, "datetime": {"datetime": "2020-10-19 21:50:43", "elapsed": 130.560895, "delta": 0.967196}}
{"target": 89.42323349693385, "params": {"x1": 88.60000000000002, "x2": 1.1324, "x3": -1.4233, "x4": 1.0023000000000002, "x5": -0.4351999999999996}, "datetime": {"datetime": "2020-10-19 21:50:43", "elapsed": 131.297, "delta": 0.736105}}
{"target": 90.40382213968867, "params": {"x1": 88.60000000000002, "x2": 1.5324000000000004, "x3": -1.4233, "x4": 1.4023, "x5": -0.4351999999999996}, "datetime": {"datetime": "2020-10-19 21:50:45", "elapsed": 133.090193, "delta": 1.793193}}
{"target": 86.8472979474874, "params": {"x1": 89.00000000000003, "x2": 0.33240000000000014, "x3": -1.0232999999999999, "x4": 1.4023, "x5": -0.035199999999999454}, "datetime": {"datetime": "2020-10-19 21:50:46", "elapsed": 133.786899, "delta": 0.696706}}
{"target": 89.91040585495566, "params": {"x1": 88.60000000000002, "x2": 0.33240000000000014, "x3": -1.4233, "x4": 1.8023, "x5": 0.3648000000000009}, "datetime": {"datetime": "2020-10-19 21:50:47", "elapsed": 134.496483, "delta": 0.709584}}
{"target": 70.94177113134283, "params": {"x1": 90.60000000000005, "x2": 2.3324000000000003, "x3": -0.6232999999999997, "x4": 2.6023000000000005, "x5": -1.2351999999999999}, "datetime": {"datetime": "2020-10-19 21:50:47", "elapsed": 134.833542, "delta": 0.337059}}
{"target": 87.79667698483946, "params": {"x1": 88.60000000000002, "x2": 1.1324, "x3": -1.4233, "x4": 1.8023, "x5": -0.8351999999999997}, "datetime": {"datetime": "2020-10-19 21:50:48", "elapsed": 136.347844, "delta": 1.514302}}
{"target": 89.4007858327326, "params": {"x1": 88.20000000000002, "x2": 0.33240000000000014, "x3": -1.4233, "x4": 1.4023, "x5": -0.035199999999999454}, "datetime": {"datetime": "2020-10-19 21:50:52", "elapsed": 139.528826, "delta": 3.180982}}
{"target": 87.1797816398004, "params": {"x1": 88.20000000000002, "x2": 0.33240000000000014, "x3": -1.0232999999999999, "x4": 1.8023, "x5": 0.3648000000000009}, "datetime": {"datetime": "2020-10-19 21:51:00", "elapsed": 147.504439, "delta": 7.975613}}
{"target": 89.41331679209338, "params": {"x1": 88.20000000000002, "x2": 0.33240000000000014, "x3": -1.4233, "x4": 1.8023, "x5": -0.035199999999999454}, "datetime": {"datetime": "2020-10-19 21:51:01", "elapsed": 148.988627, "delta": 1.484188}}
{"target": 87.82323349693372, "params": {"x1": 89.00000000000003, "x2": 0.33240000000000014, "x3": -1.4233, "x4": 1.0023000000000002, "x5": 0.7648000000000008}, "datetime": {"datetime": "2020-10-19 21:51:07", "elapsed": 155.393948, "delta": 6.405321}}
{"target": 59.312058646853494, "params": {"x1": 87.0, "x2": 3.1324, "x3": -1.4233, "x4": 3.8023, "x5": -1.6352}, "datetime": {"datetime": "2020-10-19 21:51:11", "elapsed": 159.361656, "delta": 3.967708}}
{"target": 87.9116391734779, "params": {"x1": 88.60000000000002, "x2": 1.5324000000000004, "x3": -1.0232999999999999, "x4": 0.6023000000000001, "x5": -0.8351999999999997}, "datetime": {"datetime": "2020-10-19 21:51:12", "elapsed": 159.722731, "delta": 0.361075}}
{"target": 85.0234388018098, "params": {"x1": 88.20000000000002, "x2": 1.1324, "x3": 0.5767000000000009, "x4": 3.0023, "x5": -1.2351999999999999}, "datetime": {"datetime": "2020-10-19 21:51:12", "elapsed": 160.107109, "delta": 0.384378}}
{"target": 86.06269616200512, "params": {"x1": 88.20000000000002, "x2": -0.4676, "x3": 1.3767000000000007, "x4": 1.4023, "x5": -0.035199999999999454}, "datetime": {"datetime": "2020-10-19 21:51:13", "elapsed": 161.293261, "delta": 1.186152}}
{"target": 92.74217971837365, "params": {"x1": 88.20000000000002, "x2": 0.7324, "x3": -1.4233, "x4": 1.4023, "x5": 0.3648000000000009}, "datetime": {"datetime": "2020-10-19 21:51:15", "elapsed": 162.556314, "delta": 1.263053}}
{"target": 64.32785905782919, "params": {"x1": 87.0, "x2": 2.7324, "x3": 2.176700000000001, "x4": 3.0023, "x5": -0.8351999999999997}, "datetime": {"datetime": "2020-10-19 21:51:15", "elapsed": 162.958815, "delta": 0.402501}}
