{"target": 72.03655735874175, "params": {"x1": 87.4, "x2": -0.8676, "x3": 2.5767000000000015, "x4": 1.0023000000000002, "x5": -1.2351999999999999}, "datetime": {"datetime": "2020-10-19 21:51:15", "elapsed": 163.355704, "delta": 0.396889}}
{"target": 85.9213312534369, "params": {"x1": 89.00000000000003, "x2": 0.7324, "x3": -1.0232999999999999, "x4": 1.8023, "x5": -0.4351999999999996}, "datetime": {"datetime": "2020-10-19 21:51:17", "elapsed": 165.354227, "delta": 1.998523}}
{"target": 84.66826707090388, "params": {"x1": 89.00000000000003, "x2": 1.1324, "x3": -0.6232999999999997, "x4": 1.0023000000000002, "x5": -0.035199999999999454}, "datetime": {"datetime": "2020-10-19 21:51:19", "elapsed": 166.521627, "delta": 1.1674}}
{"target": 76.42735871588295, "params": {"x1": 87.80000000000001, "x2": 2.7324, "x3": 1.3767000000000007, "x4": 0.20230000000000004, "x5": 0.3648000000000009}, "datetime": {"datetime": "2020-10-19 21:51:21", "elapsed": 168.672652, "delta": 2.151025}}
{"target": 87.80078583273259, "params": {"x1": 88.20000000000002, "x2": 0.33240000000000014, "x3": -1.4233, "x4": 1.4023, "x5": 0.7648000000000008}, "datetime": {"datetime": "2020-10-19 21:51:21", "elapsed": 169.442603, "delta": 0.769951}}
{"target": 89.40489823952964, "params": {"x1": 88.60000000000002, "x2": 0.7324, "x3": -1.4233, "x4": 1.0023000000000002, "x5": -0.4351999999999996}, "datetime": {"datetime": "2020-10-19 21:51:25", "elapsed": 172.811243, "delta": 3.36864}}
{"target": 51.31205864685349, "params": {"x1": 87.0, "x2": 3.1324, "x3": -1.4233, "x4": 3.8023, "x5": 2.3648000000000016}, "datetime": {"datetime": "2020-10-19 21:51:32", "elapsed": 179.715641, "delta": 6.904398}}
{"target": 92.76569665591168, "params": {"x1": 88.60000000000002, "x2": 0.7324, "x3": -1.4233, "x4": 1.8023, "x5": -0.4351999999999996}, "datetime": {"datetime": "2020-10-19 21:51:39", "elapsed": 186.63652, "delta": 6.920879}}
{"target": 74.39693764442075, "params": {"x1": 90.20000000000005, "x2": 1.5324000000000004, "x3": 2.176700000000001, "x4": 1.8023, "x5": 0.7648000000000008}, "datetime": {"datetime": "2020-10-19 21:51:42", "elapsed": 189.955081, "delta": 3.318561}}
{"target": 88.08731476724923, "params": {"x1": 88.60000000000002, "x2": 0.7324, "x3": -1.4233, "x4": 1.4023, "x5": -0.8351999999999997}, "datetime": {"datetime": "2020-10-19 21:51:44", "elapsed": 191.864977, "delta": 1.909896}}
{"target": 67.32374503158397, "params": {"x1": 91.00000000000006, "x2": -0.8676, "x3": -1.4233, "x4": -0.1977, "x5": -1.6352}, "datetime": {"datetime": "2020-10-19 21:51:45", "elapsed": 193.153525, "delta": 1.288548}}
{"target": 87.90446418837533, "params": {"x1": 89.00000000000003, "x2": 0.7324, "x3": -1.4233, "x4": 1.4023, "x5": -0.8351999999999997}, "datetime": {"datetime": "2020-10-19 21:51:47", "elapsed": 194.860441, "delta": 1.706916}}
{"target": 90.38048128867126, "params": {"x1": 88.60000000000002, "x2": 0.7324, "x3": -1.4233, "x4": 2.2023, "x5": -0.4351999999999996}, "datetime": {"datetime": "2020-10-19 21:51:49", "elapsed": 196.886205, "delta": 2.025764}}
{"target": 87.79257168672098, "params": {"x1": 88.20000000000002, "x2": 0.7324, "x3": -1.4233, "x4": 2.2023, "x5": -0.4351999999999996}, "datetime": {"datetime": "2020-10-19 21:51:51", "elapsed": 198.680554, "delta": 1.794349}}
{"target": 91.14217971837367, "params": {"x1": 88.20000000000002, "x2": 1.5324000000000004, "x3": -1.4233, "x4": 1.4023, "x5": 0.3648000000000009}, "datetime": {"datetime": "2020-10-19 21:51:54", "elapsed": 201.683582, "delta": 3.003028}}
{"target": 43.31205864685348, "params": {"x1": 87.0, "x2": 3.1324, "x3": 2.5767000000000015, "x4": 3.8023, "x5": 2.3648000000000016}, "datetime": {"datetime": "2020-10-19 21:51:55", "elapsed": 203.465123, "delta": 1.781541}}
{"target": 51.323745031583954, "params": {"x1": 91.00000000000006, "x2": 3.1324, "x3": -1.4233, "x4": -0.1977, "x5": 2.3648000000000016}, "datetime": {"datetime": "2020-10-19 21:51:56", "elapsed": 204.393183, "delta": 0.92806}}
{"target": 87.79816149868459, "params": {"x1": 88.60000000000002, "x2": 0.33240000000000014, "x3": -1.0232999999999999, "x4": 1.4023, "x5": -0.035199999999999454}, "datetime": {"datetime": "2020-10-19 21:51:59", "elapsed": 207.377531, "delta": 2.984348}}
{"target": 77.51402863712755, "params": {"x1": 89.00000000000003, "x2": 0.7324, "x3": -0.6232999999999997, "x4": -0.1977, "x5": 1.9648000000000014}, "datetime": {"datetime": "2020-10-19 21:52:06", "elapsed": 214.147616, "delta": 6.770085}}
{"target": 89.26107177024971, "params": {"x1": 88.60000000000002, "x2": 0.33240000000000014, "x3": 0.17670000000000052, "x4": 1.0023000000000002, "x5": -1.2351999999999999}, "datetime": {"datetime": "2020-10-19 21:52:07", "elapsed": 214.625445, "delta": 0.477829}}
{"target": 88.09053926098827, "params": {"x1": 89.00000000000003, "x2": 0.33240000000000014, "x3": -1.4233, "x4": 1.0023000000000002, "x5": -0.4351999999999996}, "datetime": {"datetime": "2020-10-19 21:52:08", "elapsed": 215.701807, "delta": 1.076362}}
{"target": 73.41331679209253, "params": {"x1": 90.20000000000005, "x2": 2.7324, "x3": 1.776700000000001, "x4": 1.8023, "x5": 0.3648000000000009}, "datetime": {"datetime": "2020-10-19 21:52:09", "elapsed": 217.034454, "delta": 1.332647}}
{"target": 63.211355858988185, "params": {"x1": 87.4, "x2": 3.1324, "x3": 0.5767000000000009, "x4": 2.2023, "x5": 2.3648000000000016}, "datetime": {"datetime": "2020-10-19 21:52:10", "elapsed": 217.550611, "delta": 0.516157}}
{"target": 92.01558235556901, "params": {"x1": 88.60000000000002, "x2": 0.7324, "x3": 0.17670000000000052, "x4": 1.0023000000000002, "x5": -1.6352}, "datetime": {"datetime": "2020-10-19 21:52:14", "elapsed": 221.92001, "delta": 4.369399}}
{"target": 92.00382213968882, "params": {"x1": 88.20000000000002, "x2": 0.7324, "x3": 0.17670000000000052, "x4": 1.4023, "x5": -1.6352}, "datetime": {"datetime": "2020-10-19 21:52:19", "elapsed": 226.953278, "delta": 5.033268}}
{"target": 89.4048982395297, "params": {"x1": 88.20000000000002, "x2": 0.7324, "x3": 0.17670000000000052, "x4": 1.0023000000000002, "x5": -1.6352}, "datetime": {"datetime": "2020-10-19 21:52:20", "elapsed": 227.797626, "delta": 0.844348}}
{"target": 85.9213312534369, "params": {"x1": 89.00000000000003, "x2": 0.33240000000000014, "x3": -1.0232999999999999, "x4": 1.8023, "x5": -0.035199999999999454}, "datetime": {"datetime": "2020-10-19 21:52:22", "elapsed": 230.354478, "delta": 2.556852}}
{"target": 89.8079892811364, "params": {"x1": 88.60000000000002, "x2": 0.7324, "x3": 0.17670000000000052, "x4": 1.4023, "x5": -1.6352}, "datetime": {"datetime": "2020-10-19 21:52:23", "elapsed": 231.449499, "delta": 1.095021}}
{"target": 66.47572383702357, "params": {"x1": 91.00000000000006, "x2": 1.5324000000000004, "x3": -1.0232999999999999, "x4": 3.0023, "x5": -1.6352}, "datetime": {"datetime": "2020-10-19 21:52:24", "elapsed": 231.992797, "delta": 0.543298}}
{"target": 89.65673741065164, "params": {"x1": 89.00000000000003, "x2": 0.33240000000000014, "x3": 0.5767000000000009, "x4": 1.0023000000000002, "x5": -1.6352}, "datetime": {"datetime": "2020-10-19 21:52:26", "elapsed": 233.669388, "delta": 1.676591}}
{"target": 87.91163917347782, "params": {"x1": 89.00000000000003, "x2": 0.7324, "x3": 0.17670000000000052, "x4": 0.6023000000000001, "x5": -1.6352}, "datetime": {"datetime": "2020-10-19 21:52:27", "elapsed": 234.709655, "delta": 1.040267}}
{"target": 87.90088022609233, "params": {"x1": 87.80000000000001, "x2": 0.7324, "x3": 0.17670000000000052, "x4": 1.8023, "x5": -1.6352}, "datetime": {"datetime": "2020-10-19 21:52:28", "elapsed": 235.630003, "delta": 0.920348}}
{"target": 83.68433054888668, "params": {"x1": 89.80000000000004, "x2": -0.4676, "x3": -0.6232999999999997, "x4": 0.6023000000000001, "x5": -0.8351999999999997}, "datetime": {"datetime": "2020-10-19 21:52:28", "elapsed": 236.096141, "delta": 0.466138}}
{"target": 88.41516817215368, "params": {"x1": 87.80000000000001, "x2": 1.5324000000000004, "x3": 0.17670000000000052, "x4": 0.20230000000000004, "x5": -0.035199999999999454}, "datetime": {"datetime": "2020-10-19 21:52:29", "elapsed": 236.615808, "delta": 0.519667}}
{"target": 80.02108794732794, "params": {"x1": 87.0, "x2": -0.0676, "x3": 0.5767000000000009, "x4": 2.6023000000000005, "x5": 1.1648000000000007}, "datetime": {"datetime": "2020-10-19 21:52:29", "elapsed": 237.100871, "delta": 0.485063}}
{"target": 73.37830315445555, "params": {"x1": 88.60000000000002, "x2": -0.4676, "x3": -1.4233, "x4": 3.4023000000000003, "x5": 1.1648000000000007}, "datetime": {"datetime": "2020-10-19 21:52:30", "elapsed": 237.638778, "delta": 0.537907}}
{"target": 89.42323349693383, "params": {"x1": 88.60000000000002, "x2": 0.33240000000000014, "x3": 0.5767000000000009, "x4": 1.0023000000000002, "x5": -1.6352}, "datetime": {"datetime": "2020-10-19 21:52:36", "elapsed": 243.951069, "delta": 6.312291}}
{"target": 88.1951647120366, "params": {"x1": 88.60000000000002, "x2": 1.1324, "x3": -0.2232999999999996, "x4": 1.0023000000000002, "x5": -1.2351999999999999}, "datetime": {"datetime": "2020-10-19 21:52:40", "elapsed": 248.07862, "delta": 4.127551}}
{"target": 89.42323349693385, "params": {"x1": 88.60000000000002, "x2": 1.1324, "x3": -0.2232999999999996, "x4": 1.0023000000000002, "x5": -1.6352}, "datetime": {"datetime": "2020-10-19 21:52:46", "elapsed": 254.286422, "delta": 6.207802}}
{"target": 89.4232334969339, "params": {"x1": 88.20000000000002, "x2": 0.7324, "x3": 0.5767000000000009, "x4": 1.0023000000000002, "x5": -1.6352}, "datetime": {"datetime": "2020-10-19 21:52:58", "elapsed": 265.817996, "delta": 11.531574}}
{"target": 88.42327221289962, "params": {"x1": 88.60000000000002, "x2": 1.1324, "x3": 0.17670000000000052, "x4": 1.4023, "x5": -1.6352}, "datetime": {"datetime": "2020-10-19 21:53:04", "elapsed": 272.25804, "delta": 6.440044}}
{"target": 86.8472979474874, "params": {"x1": 88.20000000000002, "x2": 0.7324, "x3": -1.0232999999999999, "x4": 1.4023, "x5": 0.3648000000000009}, "datetime": {"datetime": "2020-10-19 21:53:15", "elapsed": 282.708368, "delta": 10.450328}}
{"target": 89.8975018048168, "params": {"x1": 89.00000000000003, "x2": 0.7324, "x3": 0.5767000000000009, "x4": 1.0023000000000002, "x5": -1.6352}, "datetime": {"datetime": "2020-10-19 21:53:21", "elapsed": 288.658939, "delta": 5.950571}}
{"target": 87.7972563804628, "params": {"x1": 88.60000000000002, "x2": 0.7324, "x3": 0.17670000000000052, "x4": 1.0023000000000002, "x5": -1.2351999999999999}, "datetime": {"datetime": "2020-10-19 21:53:29", "elapsed": 296.541045, "delta": 7.882106}}
{"target": 89.4007858327326, "params": {"x1": 88.20000000000002, "x2": 0.7324, "x3": -0.2232999999999996, "x4": 1.4023, "x5": -1.6352}, "datetime": {"datetime": "2020-10-19 21:53:30", "elapsed": 297.784192, "delta": 1.243147}}
{"target": 92.74217971837388, "params": {"x1": 88.60000000000002, "x2": 0.33240000000000014, "x3": 0.5767000000000009, "x4": 1.4023, "x5": -1.6352}, "datetime": {"datetime": "2020-10-19 21:53:31", "elapsed": 298.944774, "delta": 1.160582}}
{"target": 89.41827207962574, "params": {"x1": 88.20000000000002, "x2": 0.33240000000000014, "x3": 0.5767000000000009, "x4": 1.4023, "x5": -1.6352}, "datetime": {"datetime": "2020-10-19 21:53:32", "elapsed": 300.073571, "delta": 1.128797}}
{"target": 86.82327221289967, "params": {"x1": 89.00000000000003, "x2": 0.7324, "x3": 0.9767000000000008, "x4": 1.4023, "x5": -1.6352}, "datetime": {"datetime": "2020-10-19 21:53:35", "elapsed": 303.320279, "delta": 3.246708}}
{"target": 86.22323349693372, "params": {"x1": 89.00000000000003, "x2": 0.7324, "x3": -1.4233, "x4": 1.0023000000000002, "x5": 1.1648000000000007}, "datetime": {"datetime": "2020-10-19 21:53:37", "elapsed": 304.784383, "delta": 1.464104}}
{"target": 87.66269616200515, "params": {"x1": 89.00000000000003, "x2": -0.0676, "x3": 0.5767000000000009, "x4": 1.4023, "x5": -1.2351999999999999}, "datetime": {"datetime": "2020-10-19 21:53:38", "elapsed": 305.974887, "delta": 1.190504}}
{"target": 79.80078583273132, "params": {"x1": 91.00000000000006, "x2": 0.33240000000000014, "x3": 0.9767000000000008, "x4": 1.4023, "x5": -0.4351999999999996}, "datetime": {"datetime": "2020-10-19 21:53:42", "elapsed": 310.179194, "delta": 4.204307}}
{"target": 87.90446418837548, "params": {"x1": 87.80000000000001, "x2": 1.1324, "x3": 0.17670000000000052, "x4": 1.4023, "x5": -1.6352}, "datetime": {"datetime": "2020-10-19 21:53:45", "elapsed": 312.526964, "delta": 2.34777}}
{"target": 61.34520048287439, "params": {"x1": 89.80000000000004, "x2": 2.3324000000000003, "x3": 2.5767000000000015, "x4": 1.8023, "x5": 1.9648000000000014}, "datetime": {"datetime": "2020-10-19 21:53:45", "elapsed": 313.233444, "delta": 0.70648}}
{"target": 88.08731476724923, "params": {"x1": 88.60000000000002, "x2": -0.0676, "x3": -1.4233, "x4": 1.4023, "x5": -0.035199999999999454}, "datetime": {"datetime": "2020-10-19 21:53:48", "elapsed": 315.963274, "delta": 2.72983}}
{"target": 89.40489823952964, "params": {"x1": 88.60000000000002, "x2": 0.7324, "x3": -0.2232999999999996, "x4": 1.0023000000000002, "x5": -1.6352}, "datetime": {"datetime": "2020-10-19 21:53:50", "elapsed": 317.838514, "delta": 1.87524}}
{"target": 89.90394178492738, "params": {"x1": 88.20000000000002, "x2": 1.1324, "x3": -1.4233, "x4": 1.4023, "x5": 0.3648000000000009}, "datetime": {"datetime": "2020-10-19 21:53:53", "elapsed": 320.892011, "delta": 3.053497}}
{"target": 82.22136127947233, "params": {"x1": 88.60000000000002, "x2": 0.33240000000000014, "x3": 0.17670000000000052, "x4": 1.4023, "x5": 1.1648000000000007}, "datetime": {"datetime": "2020-10-19 21:53:54", "elapsed": 321.593443, "delta": 0.701432}}
{"target": 63.58110289455132, "params": {"x1": 90.60000000000005, "x2": 3.1324, "x3": 0.9767000000000008, "x4": 1.4023, "x5": 1.564800000000001}, "datetime": {"datetime": "2020-10-19 21:53:56", "elapsed": 323.621816, "delta": 2.028373}}
{"target": 73.66653048197898, "params": {"x1": 87.4, "x2": 2.7324, "x3": 0.9767000000000008, "x4": 0.20230000000000004, "x5": 1.1648000000000007}, "datetime": {"datetime": "2020-10-19 21:53:56", "elapsed": 324.287158, "delta": 0.665342}}
{"target": 92.76569665591168, "params": {"x1": 88.60000000000002, "x2": 0.33240000000000014, "x3": 0.17670000000000052, "x4": 1.8023, "x5": -1.6352}, "datetime": {"datetime": "2020-10-19 21:53:58", "elapsed": 326.474436, "delta": 2.187278}}
{"target": 89.41331679209338, "params": {"x1": 88.20000000000002, "x2": 0.33240000000000014, "x3": 0.17670000000000052, "x4": 1.8023, "x5": -1.6352}, "datetime": {"datetime": "2020-10-19 21:54:00", "elapsed": 327.779025, "delta": 1.304589}}
{"target": 88.42327221289962, "params": {"x1": 88.60000000000002, "x2": 0.7324, "x3": 0.5767000000000009, "x4": 1.4023, "x5": -1.6352}, "datetime": {"datetime": "2020-10-19 21:54:02", "elapsed": 329.667624, "delta": 1.888599}}
{"target": 75.24943376066194, "params": {"x1": 89.40000000000003, "x2": 2.7324, "x3": -1.0232999999999999, "x4": 0.6023000000000001, "x5": 1.1648000000000007}, "datetime": {"datetime": "2020-10-19 21:54:02", "elapsed": 330.295167, "delta": 0.627543}}
{"target": 66.42532817322976, "params": {"x1": 87.80000000000001, "x2": 1.9324000000000003, "x3": 2.176700000000001, "x4": -0.1977, "x5": 1.9648000000000014}, "datetime": {"datetime": "2020-10-19 21:54:03", "elapsed": 330.932064, "delta": 0.636897}}
{"target": 92.0038221396887, "params": {"x1": 88.60000000000002, "x2": 0.33240000000000014, "x3": 0.17670000000000052, "x4": 1.4023, "x5": -1.6352}, "datetime": {"datetime": "2020-10-19 21:54:04", "elapsed": 332.304514, "delta": 1.37245}}
{"target": 89.42323349693373, "params": {"x1": 89.00000000000003, "x2": 0.33240000000000014, "x3": 0.17670000000000052, "x4": 1.0023000000000002, "x5": -1.6352}, "datetime": {"datetime": "2020-10-19 21:54:07", "elapsed": 334.913118, "delta": 2.608604}}
{"target": 87.81331679209319, "params": {"x1": 89.00000000000003, "x2": -0.0676, "x3": 0.5767000000000009, "x4": 1.8023, "x5": -1.6352}, "datetime": {"datetime": "2020-10-19 21:54:12", "elapsed": 340.018414, "delta": 5.105296}}
{"target": 89.91040585495566, "params": {"x1": 88.60000000000002, "x2": 0.33240000000000014, "x3": 0.5767000000000009, "x4": 1.8023, "x5": -1.6352}, "datetime": {"datetime": "2020-10-19 21:54:14", "elapsed": 342.254282, "delta": 2.235868}}
{"target": 86.2182720796257, "params": {"x1": 87.4, "x2": 2.3324000000000003, "x3": -0.2232999999999996, "x4": 1.4023, "x5": -0.4351999999999996}, "datetime": {"datetime": "2020-10-19 21:54:17", "elapsed": 344.636434, "delta": 2.382152}}
{"target": 78.82327221289961, "params": {"x1": 88.60000000000002, "x2": 3.1324, "x3": 0.5767000000000009, "x4": 1.4023, "x5": 0.7648000000000008}, "datetime": {"datetime": "2020-10-19 21:54:17", "elapsed": 345.364177, "delta": 0.727743}}
{"target": 87.79257168672092, "params": {"x1": 88.60000000000002, "x2": 0.33240000000000014, "x3": -0.2232999999999996, "x4": 2.2023, "x5": -1.6352}, "datetime": {"datetime": "2020-10-19 21:54:39", "elapsed": 367.218659, "delta": 21.854482}}
{"target": 59.31205864685349, "params": {"x1": 87.0, "x2": -0.8676, "x3": 2.5767000000000015, "x4": 3.8023, "x5": -1.6352}, "datetime": {"datetime": "2020-10-19 21:54:51", "elapsed": 378.959227, "delta": 11.740568}}
{"target": 92.74217971837365, "params": {"x1": 88.20000000000002, "x2": 0.7324, "x3": 0.5767000000000009, "x4": 1.4023, "x5": -1.6352}, "datetime": {"datetime": "2020-10-19 21:54:54", "elapsed": 381.831039, "delta": 2.871812}}
{"target": 87.79816149868459, "params": {"x1": 88.60000000000002, "x2": 0.33240000000000014, "x3": 0.17670000000000052, "x4": 1.4023, "x5": -1.2351999999999999}, "datetime": {"datetime": "2020-10-19 21:54:55", "elapsed": 383.155027, "delta": 1.323988}}
{"target": 84.59725638046282, "params": {"x1": 89.40000000000003, "x2": 0.7324, "x3": -1.0232999999999999, "x4": 1.0023000000000002, "x5": 0.7648000000000008}, "datetime": {"datetime": "2020-10-19 21:55:00", "elapsed": 387.650321, "delta": 4.495294}}
{"target": 76.37045816683859, "params": {"x1": 88.60000000000002, "x2": -0.0676, "x3": -1.0232999999999999, "x4": 3.8023, "x5": -0.035199999999999454}, "datetime": {"datetime": "2020-10-19 21:55:00", "elapsed": 388.364259, "delta": 0.713938}}
{"target": 71.78370104947251, "params": {"x1": 89.00000000000003, "x2": 2.7324, "x3": 0.17670000000000052, "x4": 0.20230000000000004, "x5": 1.9648000000000014}, "datetime": {"datetime": "2020-10-19 21:55:01", "elapsed": 389.148634, "delta": 0.784375}}
{"target": 86.48087082572567, "params": {"x1": 88.60000000000002, "x2": -0.0676, "x3": 0.17670000000000052, "x4": 2.2023, "x5": -1.6352}, "datetime": {"datetime": "2020-10-19 21:55:33", "elapsed": 420.88323, "delta": 31.734596}}
{"target": 89.40078583273254, "params": {"x1": 88.60000000000002, "x2": 0.33240000000000014, "x3": -0.2232999999999996, "x4": 1.4023, "x5": -1.6352}, "datetime": {"datetime": "2020-10-19 21:55:55", "elapsed": 442.855137, "delta": 21.971907}}
{"target": 88.21183860635699, "params": {"x1": 89.00000000000003, "x2": 0.33240000000000014, "x3": 0.5767000000000009, "x4": 1.8023, "x5": -1.6352}, "datetime": {"datetime": "2020-10-19 21:55:56", "elapsed": 444.425366, "delta": 1.570229}}
{"target": 89.8079892811364, "params": {"x1": 88.60000000000002, "x2": 0.7324, "x3": -1.4233, "x4": 1.4023, "x5": -0.035199999999999454}, "datetime": {"datetime": "2020-10-19 21:56:01", "elapsed": 449.478071, "delta": 5.052705}}
{"target": 87.0108011744617, "params": {"x1": 88.60000000000002, "x2": -0.0676, "x3": 0.5767000000000009, "x4": 1.0023000000000002, "x5": -1.6352}, "datetime": {"datetime": "2020-10-19 21:56:05", "elapsed": 453.059606, "delta": 3.581535}}
{"target": 87.90446418837533, "params": {"x1": 89.00000000000003, "x2": -0.0676, "x3": 0.17670000000000052, "x4": 1.4023, "x5": -1.6352}, "datetime": {"datetime": "2020-10-19 21:56:25", "elapsed": 472.816923, "delta": 19.757317}}
{"target": 75.32374503158438, "params": {"x1": 87.0, "x2": -0.8676, "x3": -1.4233, "x4": -0.1977, "x5": -1.6352}, "datetime": {"datetime": "2020-10-19 21:56:39", "elapsed": 486.561716, "delta": 13.744793}}
{"target": 87.90446418837547, "params": {"x1": 87.80000000000001, "x2": 0.7324, "x3": 0.5767000000000009, "x4": 1.4023, "x5": -1.6352}, "datetime": {"datetime": "2020-10-19 21:57:00", "elapsed": 507.638128, "delta": 21.076412}}
{"target": 59.32374503158397, "params": {"x1": 91.00000000000006, "x2": 3.1324, "x3": -1.4233, "x4": -0.1977, "x5": -1.6352}, "datetime": {"datetime": "2020-10-19 21:57:05", "elapsed": 512.854372, "delta": 5.216244}}
{"target": 90.40382213968881, "params": {"x1": 88.20000000000002, "x2": 0.7324, "x3": 0.9767000000000008, "x4": 1.4023, "x5": -1.6352}, "datetime": {"datetime": "2020-10-19 21:57:12", "elapsed": 519.535739, "delta": 6.681367}}
{"target": 89.90394178492755, "params": {"x1": 89.00000000000003, "x2": 0.33240000000000014, "x3": 0.5767000000000009, "x4": 1.4023, "x5": -1.6352}, "datetime": {"datetime": "2020-10-19 21:57:38", "elapsed": 545.92626, "delta": 26.390521}}
{"target": 87.90088022609227, "params": {"x1": 88.60000000000002, "x2": -0.0676, "x3": 0.17670000000000052, "x4": 1.8023, "x5": -1.6352}, "datetime": {"datetime": "2020-10-19 21:58:15", "elapsed": 582.632851, "delta": 36.706591}}
{"target": 90.40382213968869, "params": {"x1": 88.60000000000002, "x2": 0.33240000000000014, "x3": 0.9767000000000008, "x4": 1.4023, "x5": -1.6352}, "datetime": {"datetime": "2020-10-19 21:58:37", "elapsed": 605.43796, "delta": 22.805109}}
{"target": 88.80382213968879, "params": {"x1": 88.20000000000002, "x2": 1.5324000000000004, "x3": -1.4233, "x4": 1.4023, "x5": 0.7648000000000008}, "datetime": {"datetime": "2020-10-19 21:58:50", "elapsed": 618.102757, "delta": 12.664797}}
{"target": 59.323745031583954, "params": {"x1": 91.00000000000006, "x2": -0.8676, "x3": 2.5767000000000015, "x4": -0.1977, "x5": -1.6352}, "datetime": {"datetime": "2020-10-19 21:59:17", "elapsed": 644.485124, "delta": 26.382367}}
