{"target": -932.7832728872588, "params": {"x1": 211.0, "x2": 429.0, "x3": -118.0, "x4": 403.0, "x5": 351.0}, "datetime": {"datetime": "2020-10-19 19:43:23", "elapsed": 39.205809, "delta": 0.615877}}
{"target": -788.5456118118784, "params": {"x1": 405.0, "x2": 368.0, "x3": -332.0, "x4": 389.0, "x5": -274.0}, "datetime": {"datetime": "2020-10-19 19:43:23", "elapsed": 39.639525, "delta": 0.433716}}
{"target": -1668.1067087254562, "params": {"x1": 271.0, "x2": 423.0, "x3": -73.0, "x4": 394.0, "x5": 334.0}, "datetime": {"datetime": "2020-10-19 19:43:24", "elapsed": 40.013702, "delta": 0.374177}}
{"target": -1360.104996226222, "params": {"x1": -159.0, "x2": 380.0, "x3": 421.0, "x4": -31.0, "x5": 250.0}, "datetime": {"datetime": "2020-10-19 19:43:24", "elapsed": 40.43976, "delta": 0.426058}}
{"target": -592.729498971494, "params": {"x1": 411.0, "x2": 436.0, "x3": -309.0, "x4": 367.0, "x5": -273.0}, "datetime": {"datetime": "2020-10-19 19:43:25", "elapsed": 40.806901, "delta": 0.367141}}
{"target": -957.007902493483, "params": {"x1": 372.0, "x2": 360.0, "x3": -324.0, "x4": 453.0, "x5": -298.0}, "datetime": {"datetime": "2020-10-19 19:43:25", "elapsed": 41.194379, "delta": 0.387478}}
{"target": -1346.7418205873196, "params": {"x1": -151.0, "x2": 380.0, "x3": 429.0, "x4": -39.0, "x5": 251.0}, "datetime": {"datetime": "2020-10-19 19:43:26", "elapsed": 41.814897, "delta": 0.620518}}
{"target": -958.5796951882428, "params": {"x1": 419.0, "x2": 367.0, "x3": 423.0, "x4": 125.0, "x5": -275.0}, "datetime": {"datetime": "2020-10-19 19:43:26", "elapsed": 42.615629, "delta": 0.800732}}
{"target": -872.2497292425494, "params": {"x1": 210.0, "x2": 427.0, "x3": -116.0, "x4": 409.0, "x5": 355.0}, "datetime": {"datetime": "2020-10-19 19:43:27", "elapsed": 43.236275, "delta": 0.620646}}
{"target": -795.1752532672351, "params": {"x1": 225.0, "x2": 459.0, "x3": -345.0, "x4": 414.0, "x5": -301.0}, "datetime": {"datetime": "2020-10-19 19:43:27", "elapsed": 43.636425, "delta": 0.40015}}
{"target": -1014.6220844892407, "params": {"x1": 401.0, "x2": 433.0, "x3": -235.0, "x4": 459.0, "x5": -253.0}, "datetime": {"datetime": "2020-10-19 19:43:28", "elapsed": 43.984866, "delta": 0.348441}}
{"target": -413.579321299467, "params": {"x1": 404.0, "x2": 411.0, "x3": -303.0, "x4": 391.0, "x5": -270.0}, "datetime": {"datetime": "2020-10-19 19:43:28", "elapsed": 44.62237, "delta": 0.637504}}
{"target": -1239.622467730525, "params": {"x1": 390.0, "x2": -322.0, "x3": -91.0, "x4": 66.0, "x5": -124.0}, "datetime": {"datetime": "2020-10-19 19:43:29", "elapsed": 45.282115, "delta": 0.659745}}
{"target": -802.9011605407811, "params": {"x1": 230.0, "x2": 472.0, "x3": -324.0, "x4": 425.0, "x5": -293.0}, "datetime": {"datetime": "2020-10-19 19:43:30", "elapsed": 45.848934, "delta": 0.566819}}
{"target": -1206.6407075888078, "params": {"x1": 390.0, "x2": -316.0, "x3": -93.0, "x4": 66.0, "x5": -128.0}, "datetime": {"datetime": "2020-10-19 19:43:30", "elapsed": 46.286102, "delta": 0.437168}}
{"target": -403.7978336502533, "params": {"x1": 403.0, "x2": 409.0, "x3": -302.0, "x4": 394.0, "x5": -270.0}, "datetime": {"datetime": "2020-10-19 19:43:31", "elapsed": 46.758249, "delta": 0.472147}}
{"target": -743.0761515838196, "params": {"x1": 407.0, "x2": 416.0, "x3": -273.0, "x4": 485.0, "x5": -321.0}, "datetime": {"datetime": "2020-10-19 19:43:31", "elapsed": 47.155884, "delta": 0.397635}}
{"target": -1634.8001240149397, "params": {"x1": 229.0, "x2": 459.0, "x3": -394.0, "x4": 370.0, "x5": -334.0}, "datetime": {"datetime": "2020-10-19 19:43:31", "elapsed": 47.530297, "delta": 0.374413}}
{"target": -457.10980710058243, "params": {"x1": 406.0, "x2": 433.0, "x3": -290.0, "x4": 373.0, "x5": -307.0}, "datetime": {"datetime": "2020-10-19 19:43:32", "elapsed": 48.070317, "delta": 0.54002}}
{"target": -947.8507091906713, "params": {"x1": 421.0, "x2": 368.0, "x3": 420.0, "x4": 123.0, "x5": -275.0}, "datetime": {"datetime": "2020-10-19 19:43:32", "elapsed": 48.669277, "delta": 0.59896}}
{"target": -303.8493226405403, "params": {"x1": 403.0, "x2": 415.0, "x3": -294.0, "x4": 394.0, "x5": -288.0}, "datetime": {"datetime": "2020-10-19 19:43:33", "elapsed": 49.296811, "delta": 0.627534}}
{"target": -771.5729681492214, "params": {"x1": 203.0, "x2": 425.0, "x3": -118.0, "x4": 415.0, "x5": 363.0}, "datetime": {"datetime": "2020-10-19 19:43:34", "elapsed": 50.002373, "delta": 0.705562}}
{"target": -431.7398997594289, "params": {"x1": 437.0, "x2": 393.0, "x3": -310.0, "x4": 393.0, "x5": -326.0}, "datetime": {"datetime": "2020-10-19 19:43:34", "elapsed": 50.507656, "delta": 0.505283}}
{"target": -1599.2754804933663, "params": {"x1": 373.0, "x2": 369.0, "x3": -222.0, "x4": 376.0, "x5": -255.0}, "datetime": {"datetime": "2020-10-19 19:43:35", "elapsed": 50.960494, "delta": 0.452838}}
{"target": -1274.1565041536826, "params": {"x1": 217.0, "x2": 484.0, "x3": -332.0, "x4": 431.0, "x5": -58.0}, "datetime": {"datetime": "2020-10-19 19:43:35", "elapsed": 51.414543, "delta": 0.454049}}
{"target": -1014.0030249783347, "params": {"x1": 235.0, "x2": 464.0, "x3": -153.0, "x4": 442.0, "x5": 389.0}, "datetime": {"datetime": "2020-10-19 19:43:36", "elapsed": 52.072568, "delta": 0.658025}}
{"target": -1431.5985014141997, "params": {"x1": 431.0, "x2": 361.0, "x3": 460.0, "x4": 91.0, "x5": -229.0}, "datetime": {"datetime": "2020-10-19 19:43:36", "elapsed": 52.611064, "delta": 0.538496}}
{"target": -1166.9310734922278, "params": {"x1": 390.0, "x2": -304.0, "x3": -97.0, "x4": 70.0, "x5": -128.0}, "datetime": {"datetime": "2020-10-19 19:43:37", "elapsed": 53.165342, "delta": 0.554278}}
{"target": -1301.7780710507132, "params": {"x1": 189.0, "x2": 451.0, "x3": -171.0, "x4": 390.0, "x5": 354.0}, "datetime": {"datetime": "2020-10-19 19:43:37", "elapsed": 53.634199, "delta": 0.468857}}
{"target": -1165.4602063774323, "params": {"x1": 390.0, "x2": -300.0, "x3": -98.0, "x4": 72.0, "x5": -128.0}, "datetime": {"datetime": "2020-10-19 19:43:38", "elapsed": 54.367108, "delta": 0.732909}}
{"target": -971.745593471556, "params": {"x1": 395.0, "x2": 422.0, "x3": -356.0, "x4": 374.0, "x5": -259.0}, "datetime": {"datetime": "2020-10-19 19:43:39", "elapsed": 54.765109, "delta": 0.398001}}
{"target": -681.0442794595265, "params": {"x1": 417.0, "x2": 384.0, "x3": -261.0, "x4": 381.0, "x5": -292.0}, "datetime": {"datetime": "2020-10-19 19:43:39", "elapsed": 55.177441, "delta": 0.412332}}
{"target": -1301.137076473934, "params": {"x1": 411.0, "x2": 412.0, "x3": -203.0, "x4": 496.0, "x5": -276.0}, "datetime": {"datetime": "2020-10-19 19:43:39", "elapsed": 55.563452, "delta": 0.386011}}
{"target": -1193.6777634306204, "params": {"x1": 397.0, "x2": 374.0, "x3": -306.0, "x4": 366.0, "x5": -178.0}, "datetime": {"datetime": "2020-10-19 19:43:40", "elapsed": 56.240259, "delta": 0.676807}}
{"target": -234.89606097881347, "params": {"x1": 415.0, "x2": 408.0, "x3": -298.0, "x4": 397.0, "x5": -301.0}, "datetime": {"datetime": "2020-10-19 19:43:41", "elapsed": 56.918723, "delta": 0.678464}}
{"target": -1263.9568174820254, "params": {"x1": 354.0, "x2": 452.0, "x3": -272.0, "x4": 478.0, "x5": -333.0}, "datetime": {"datetime": "2020-10-19 19:43:41", "elapsed": 57.340379, "delta": 0.421656}}
{"target": -697.4085218889302, "params": {"x1": 355.0, "x2": 437.0, "x3": -325.0, "x4": 428.0, "x5": -285.0}, "datetime": {"datetime": "2020-10-19 19:43:42", "elapsed": 57.846768, "delta": 0.506389}}
{"target": -1116.79652449299, "params": {"x1": 424.0, "x2": 491.0, "x3": -357.0, "x4": 387.0, "x5": -288.0}, "datetime": {"datetime": "2020-10-19 19:43:42", "elapsed": 58.335056, "delta": 0.488288}}
{"target": -898.1120553152136, "params": {"x1": 422.0, "x2": 373.0, "x3": 417.0, "x4": 118.0, "x5": -275.0}, "datetime": {"datetime": "2020-10-19 19:43:43", "elapsed": 58.979469, "delta": 0.644413}}
{"target": -1025.6899369433863, "params": {"x1": 412.0, "x2": 437.0, "x3": -289.0, "x4": 455.0, "x5": -404.0}, "datetime": {"datetime": "2020-10-19 19:43:43", "elapsed": 59.402422, "delta": 0.422953}}
{"target": -701.6226921177085, "params": {"x1": 200.0, "x2": 428.0, "x3": -123.0, "x4": 420.0, "x5": 370.0}, "datetime": {"datetime": "2020-10-19 19:43:44", "elapsed": 59.935394, "delta": 0.532972}}
{"target": -1049.9775490502816, "params": {"x1": 362.0, "x2": 462.0, "x3": -306.0, "x4": 467.0, "x5": -333.0}, "datetime": {"datetime": "2020-10-19 19:43:44", "elapsed": 60.54838, "delta": 0.612986}}
{"target": -700.5510927108649, "params": {"x1": 416.0, "x2": 427.0, "x3": -266.0, "x4": 378.0, "x5": -344.0}, "datetime": {"datetime": "2020-10-19 19:43:45", "elapsed": 61.267886, "delta": 0.719506}}
{"target": -776.7976568624078, "params": {"x1": 417.0000000002085, "x2": 383.80000000020095, "x3": 416.80000000020846, "x4": 111.90000000013913, "x5": -277.7999999999495}, "datetime": {"datetime": "2020-10-19 19:43:46", "elapsed": 61.956997, "delta": 0.689111}}
{"target": -1158.9326475179755, "params": {"x1": 390.00000000020236, "x2": -299.7999999999545, "x3": -98.69999999990875, "x4": 70.10000000012963, "x5": -127.29999999991526}, "datetime": {"datetime": "2020-10-19 19:43:47", "elapsed": 62.788134, "delta": 0.831137}}
{"target": -723.8912702650623, "params": {"x1": 222.80000000016435, "x2": 464.1000000002192, "x3": -331.39999999996166, "x4": 416.40000000020837, "x5": -297.49999999995396}, "datetime": {"datetime": "2020-10-19 19:43:47", "elapsed": 63.461471, "delta": 0.673337}}
{"target": -774.9759947910957, "params": {"x1": 437.2000000002131, "x2": 429.10000000021125, "x3": -277.7999999999495, "x4": 406.9000000002062, "x5": -198.6999999999315}, "datetime": {"datetime": "2020-10-19 19:43:48", "elapsed": 64.137816, "delta": 0.676345}}
{"target": -1122.6807284550116, "params": {"x1": 390.1000000002024, "x2": -297.599999999954, "x3": -106.49999999991053, "x4": 63.30000000012808, "x5": -123.89999999991448}, "datetime": {"datetime": "2020-10-19 19:43:49", "elapsed": 64.757404, "delta": 0.619588}}
{"target": -1830.9885655122307, "params": {"x1": 493.6000000002259, "x2": 370.50000000019793, "x3": -268.0999999999473, "x4": 367.7000000001973, "x5": -223.69999999993718}, "datetime": {"datetime": "2020-10-19 19:43:49", "elapsed": 65.169415, "delta": 0.412011}}
{"target": -1195.7911660175441, "params": {"x1": 364.00000000019645, "x2": 426.90000000021075, "x3": -312.9999999999575, "x4": 380.5000000002002, "x5": -378.6999999999724}, "datetime": {"datetime": "2020-10-19 19:43:49", "elapsed": 65.652101, "delta": 0.482686}}
{"target": -1195.7888943728185, "params": {"x1": 356.4000000001947, "x2": 374.8000000001989, "x3": -277.29999999994936, "x4": 476.0000000002219, "x5": -306.19999999995593}, "datetime": {"datetime": "2020-10-19 19:43:50", "elapsed": 66.179669, "delta": 0.527568}}
{"target": -1433.5616417222018, "params": {"x1": 458.3000000002179, "x2": 363.8000000001964, "x3": -349.4999999999658, "x4": 376.70000000019934, "x5": -357.9999999999677}, "datetime": {"datetime": "2020-10-19 19:43:50", "elapsed": 66.665593, "delta": 0.485924}}
{"target": -701.4805686765189, "params": {"x1": 411.90000000020734, "x2": 391.4000000002027, "x3": 416.40000000020837, "x4": 109.6000000001386, "x5": -281.7999999999504}, "datetime": {"datetime": "2020-10-19 19:43:51", "elapsed": 67.189085, "delta": 0.523492}}
{"target": -1015.7230344045765, "params": {"x1": 355.3000000001945, "x2": 410.500000000207, "x3": -353.5999999999667, "x4": 454.20000000021696, "x5": -287.4999999999517}, "datetime": {"datetime": "2020-10-19 19:43:52", "elapsed": 67.772419, "delta": 0.583334}}
{"target": -1133.9030596262826, "params": {"x1": 171.6000000001527, "x2": 465.50000000021953, "x3": -320.8999999999593, "x4": 439.4000000002136, "x5": -76.09999999990362}, "datetime": {"datetime": "2020-10-19 19:43:52", "elapsed": 68.328236, "delta": 0.555817}}
{"target": -1302.7609538701092, "params": {"x1": -500.0, "x2": 401.600000000205, "x3": 199.20000000015898, "x4": -300.6999999999547, "x5": -399.09999999997706}, "datetime": {"datetime": "2020-10-19 19:43:53", "elapsed": 68.823049, "delta": 0.494813}}
{"target": -968.1756312089358, "params": {"x1": 407.7000000002064, "x2": 373.20000000019854, "x3": -265.1999999999466, "x4": 481.50000000022317, "x5": -294.89999999995337}, "datetime": {"datetime": "2020-10-19 19:43:53", "elapsed": 69.337152, "delta": 0.514103}}
{"target": -702.9603100885188, "params": {"x1": 220.60000000016385, "x2": 464.0000000002192, "x3": -329.59999999996126, "x4": 415.3000000002081, "x5": -297.599999999954}, "datetime": {"datetime": "2020-10-19 19:43:54", "elapsed": 70.107392, "delta": 0.77024}}
{"target": -662.8035936496963, "params": {"x1": 407.90000000020643, "x2": 396.60000000020386, "x3": 415.6000000002082, "x4": 109.30000000013854, "x5": -285.6999999999513}, "datetime": {"datetime": "2020-10-19 19:43:54", "elapsed": 70.615107, "delta": 0.507715}}
{"target": -1108.6760171964033, "params": {"x1": 449.900000000216, "x2": 348.5000000001929, "x3": 408.90000000020666, "x4": 151.70000000014818, "x5": -286.5999999999515}, "datetime": {"datetime": "2020-10-19 19:43:55", "elapsed": 71.008781, "delta": 0.393674}}
{"target": -440.9206486044591, "params": {"x1": 210.40000000016153, "x2": 405.70000000020593, "x3": -307.09999999995614, "x4": 403.9000000002055, "x5": -291.9999999999527}, "datetime": {"datetime": "2020-10-19 19:43:55", "elapsed": 71.477793, "delta": 0.469012}}
{"target": -641.173597412469, "params": {"x1": 406.20000000020605, "x2": 400.4000000002047, "x3": 415.10000000020807, "x4": 110.80000000013888, "x5": -289.2999999999521}, "datetime": {"datetime": "2020-10-19 19:43:56", "elapsed": 71.96445, "delta": 0.486657}}
{"target": -902.689835322697, "params": {"x1": 232.10000000016646, "x2": 409.5000000002068, "x3": -315.99999999995816, "x4": 457.20000000021764, "x5": -350.499999999966}, "datetime": {"datetime": "2020-10-19 19:43:56", "elapsed": 72.303258, "delta": 0.338808}}
{"target": -400.7941812995141, "params": {"x1": 211.90000000016187, "x2": 414.50000000020793, "x3": -310.899999999957, "x4": 408.80000000020664, "x5": -295.69999999995355}, "datetime": {"datetime": "2020-10-19 19:43:57", "elapsed": 72.958532, "delta": 0.655274}}
{"target": -219.20923906512007, "params": {"x1": 415.90000000020825, "x2": 408.50000000020657, "x3": -297.699999999954, "x4": 399.60000000020455, "x5": -305.29999999995573}, "datetime": {"datetime": "2020-10-19 19:43:57", "elapsed": 73.475183, "delta": 0.516651}}
{"target": -624.4612423783253, "params": {"x1": 408.3000000002065, "x2": 402.8000000002053, "x3": 415.50000000020816, "x4": 114.50000000013972, "x5": -292.2999999999528}, "datetime": {"datetime": "2020-10-19 19:43:58", "elapsed": 73.928772, "delta": 0.453589}}
{"target": -894.4406932406259, "params": {"x1": 442.5000000002143, "x2": 408.1000000002065, "x3": -342.69999999996423, "x4": 451.90000000021644, "x5": -236.69999999994013}, "datetime": {"datetime": "2020-10-19 19:43:58", "elapsed": 74.290196, "delta": 0.361424}}
{"target": -581.3601984522365, "params": {"x1": 438.40000000021337, "x2": 414.3000000002079, "x3": -299.59999999995443, "x4": 394.80000000020345, "x5": -244.59999999994193}, "datetime": {"datetime": "2020-10-19 19:43:58", "elapsed": 74.726532, "delta": 0.436336}}
{"target": -1162.1952467021308, "params": {"x1": 214.10000000016237, "x2": 401.700000000205, "x3": -306.79999999995607, "x4": 492.40000000022565, "x5": -347.69999999996537}, "datetime": {"datetime": "2020-10-19 19:43:59", "elapsed": 75.23655, "delta": 0.510018}}
{"target": -1324.690078263454, "params": {"x1": 246.3000000001697, "x2": 481.7000000002232, "x3": -128.29999999991549, "x4": 471.0000000002208, "x5": 405.80000000020596}, "datetime": {"datetime": "2020-10-19 19:44:00", "elapsed": 75.938949, "delta": 0.702399}}
{"target": -1048.152638428061, "params": {"x1": 173.20000000015307, "x2": 452.90000000021666, "x3": -329.3999999999612, "x4": 413.1000000002076, "x5": -237.59999999994034}, "datetime": {"datetime": "2020-10-19 19:44:00", "elapsed": 76.410678, "delta": 0.471729}}
{"target": -619.0186962803696, "params": {"x1": 410.500000000207, "x2": 403.0000000002053, "x3": 416.1000000002083, "x4": 116.10000000014008, "x5": -292.7999999999529}, "datetime": {"datetime": "2020-10-19 19:44:01", "elapsed": 76.985729, "delta": 0.575051}}
{"target": -196.27350331516868, "params": {"x1": 416.70000000020843, "x2": 410.400000000207, "x3": -296.3999999999537, "x4": 404.10000000020557, "x5": -307.59999999995625}, "datetime": {"datetime": "2020-10-19 19:44:01", "elapsed": 77.639125, "delta": 0.653396}}
{"target": -1059.7409911113277, "params": {"x1": 430.6000000002116, "x2": 470.50000000022067, "x3": -323.0999999999598, "x4": 362.100000000196, "x5": -346.9999999999652}, "datetime": {"datetime": "2020-10-19 19:44:02", "elapsed": 78.167674, "delta": 0.528549}}
{"target": -696.8958994940797, "params": {"x1": 241.5000000001686, "x2": 423.90000000021007, "x3": -316.79999999995835, "x4": 386.6000000002016, "x5": -313.8999999999577}, "datetime": {"datetime": "2020-10-19 19:44:03", "elapsed": 78.768093, "delta": 0.600419}}
{"target": -610.0230756527462, "params": {"x1": 413.70000000020775, "x2": 403.20000000020536, "x3": 417.60000000020864, "x4": 116.10000000014008, "x5": -292.59999999995284}, "datetime": {"datetime": "2020-10-19 19:44:03", "elapsed": 79.477919, "delta": 0.709826}}
{"target": -588.7100756616542, "params": {"x1": 415.3000000002081, "x2": 405.0000000002058, "x3": 419.80000000020914, "x4": 112.60000000013929, "x5": -293.09999999995296}, "datetime": {"datetime": "2020-10-19 19:44:04", "elapsed": 80.292063, "delta": 0.814144}}
{"target": -1307.778266000144, "params": {"x1": 468.9000000002203, "x2": 435.20000000021264, "x3": -215.4999999999353, "x4": 402.6000000002052, "x5": -239.5999999999408}, "datetime": {"datetime": "2020-10-19 19:44:05", "elapsed": 80.80966, "delta": 0.517597}}
{"target": -714.4307112770043, "params": {"x1": 247.80000000017003, "x2": 422.00000000020964, "x3": -322.6999999999597, "x4": 404.90000000020575, "x5": -325.8999999999604}, "datetime": {"datetime": "2020-10-19 19:44:05", "elapsed": 81.344351, "delta": 0.534691}}
{"target": -935.7901849104044, "params": {"x1": 415.40000000020814, "x2": 462.60000000021887, "x3": -291.29999999995255, "x4": 384.20000000020104, "x5": -176.7999999999265}, "datetime": {"datetime": "2020-10-19 19:44:06", "elapsed": 81.770111, "delta": 0.42576}}
{"target": -693.9691266969005, "params": {"x1": 417.20000000020855, "x2": 391.70000000020275, "x3": -242.59999999994147, "x4": 395.4000000002036, "x5": -284.0999999999509}, "datetime": {"datetime": "2020-10-19 19:44:06", "elapsed": 82.341051, "delta": 0.57094}}
{"target": -1119.5924607275624, "params": {"x1": 171.90000000015277, "x2": 466.50000000021976, "x3": -319.9999999999591, "x4": 436.900000000213, "x5": -78.59999999990418}, "datetime": {"datetime": "2020-10-19 19:44:07", "elapsed": 82.904108, "delta": 0.563057}}
{"target": -1072.5488552040324, "params": {"x1": 441.6000000002141, "x2": 333.30000000018947, "x3": -251.0999999999434, "x4": 421.8000000002096, "x5": -311.99999999995725}, "datetime": {"datetime": "2020-10-19 19:44:07", "elapsed": 83.395343, "delta": 0.491235}}
{"target": -896.811755649718, "params": {"x1": 469.20000000022037, "x2": 425.60000000021046, "x3": -291.39999999995257, "x4": 437.50000000021316, "x5": -226.19999999993775}, "datetime": {"datetime": "2020-10-19 19:44:08", "elapsed": 84.006519, "delta": 0.611176}}
{"target": -1239.1381204081026, "params": {"x1": 480.3000000002229, "x2": 453.20000000021673, "x3": 433.3000000002122, "x4": 88.50000000013381, "x5": -352.5999999999665}, "datetime": {"datetime": "2020-10-19 19:44:09", "elapsed": 85.042693, "delta": 1.036174}}
{"target": -895.5028900284462, "params": {"x1": 458.60000000021796, "x2": 396.10000000020375, "x3": 449.40000000021587, "x4": 133.7000000001441, "x5": -298.29999999995414}, "datetime": {"datetime": "2020-10-19 19:44:10", "elapsed": 85.761777, "delta": 0.719084}}
{"target": -407.39546113878964, "params": {"x1": 214.7000000001625, "x2": 416.40000000020837, "x3": -312.1999999999573, "x4": 408.00000000020646, "x5": -297.699999999954}, "datetime": {"datetime": "2020-10-19 19:44:10", "elapsed": 86.583774, "delta": 0.821997}}
{"target": -556.8445863587303, "params": {"x1": 416.40000000020837, "x2": 407.3000000002063, "x3": 423.50000000021, "x4": 108.30000000013831, "x5": -297.89999999995405}, "datetime": {"datetime": "2020-10-19 19:44:11", "elapsed": 87.163057, "delta": 0.579283}}
{"target": -1626.1611449515342, "params": {"x1": 213.20000000016216, "x2": 477.3000000002222, "x3": -141.4999999999185, "x4": 450.100000000216, "x5": 310.0000000001842}, "datetime": {"datetime": "2020-10-19 19:44:12", "elapsed": 87.743576, "delta": 0.580519}}
{"target": -1015.9771736612045, "params": {"x1": 174.90000000015345, "x2": 466.7000000002198, "x3": -308.5999999999565, "x4": 434.40000000021246, "x5": -89.49999999990666}, "datetime": {"datetime": "2020-10-19 19:44:12", "elapsed": 88.394485, "delta": 0.650909}}
{"target": -1270.2625374180504, "params": {"x1": 352.8000000001939, "x2": 351.0000000001935, "x3": -334.6999999999624, "x4": 404.40000000020564, "x5": -277.69999999994945}, "datetime": {"datetime": "2020-10-19 19:44:13", "elapsed": 89.040882, "delta": 0.646397}}
{"target": -557.7122424007396, "params": {"x1": 416.80000000020846, "x2": 405.80000000020596, "x3": 425.4000000002104, "x4": 107.50000000013813, "x5": -301.79999999995493}, "datetime": {"datetime": "2020-10-19 19:44:13", "elapsed": 89.63748, "delta": 0.596598}}
{"target": -169.21067385758897, "params": {"x1": 418.3000000002088, "x2": 413.20000000020764, "x3": -293.6999999999531, "x4": 410.400000000207, "x5": -303.59999999995534}, "datetime": {"datetime": "2020-10-19 19:44:14", "elapsed": 90.158904, "delta": 0.521424}}
{"target": -782.5158069877552, "params": {"x1": 396.3499999991848, "x2": 384.2399999991958, "x3": -282.22000000019807, "x4": 361.27999999921667, "x5": -297.2500000001844}, "datetime": {"datetime": "2020-10-19 19:44:15", "elapsed": 91.118604, "delta": 0.9597}}
