{"target": -1150.443755915463, "params": {"x1": 339.4499999992365, "x2": 433.18999999915127, "x3": -331.4400000001533, "x4": 421.42999999916196, "x5": -242.3900000002343}, "datetime": {"datetime": "2020-10-19 19:44:15", "elapsed": 91.706029, "delta": 0.587425}}
{"target": -870.9378048316391, "params": {"x1": 486.3699999991029, "x2": 423.2899999991603, "x3": -351.3400000001352, "x4": 415.919999999167, "x5": -290.7800000001903}, "datetime": {"datetime": "2020-10-19 19:44:16", "elapsed": 92.535472, "delta": 0.829443}}
{"target": -861.6520447859368, "params": {"x1": 450.8299999991352, "x2": 377.9899999992015, "x3": -292.8300000001884, "x4": 445.8299999991398, "x5": -357.34000000012975}, "datetime": {"datetime": "2020-10-19 19:44:17", "elapsed": 93.378645, "delta": 0.843173}}
{"target": -353.3408771375964, "params": {"x1": 417.5499999991655, "x2": 433.07999999915137, "x3": -322.27000000016164, "x4": 430.14999999915403, "x5": -336.47000000014873}, "datetime": {"datetime": "2020-10-19 19:44:18", "elapsed": 94.158212, "delta": 0.779567}}
{"target": -965.4928539220866, "params": {"x1": 215.25999999934947, "x2": 489.3499999991002, "x3": -297.3800000001843, "x4": 394.16999999918676, "x5": -315.9300000001674}, "datetime": {"datetime": "2020-10-19 19:44:19", "elapsed": 94.860658, "delta": 0.702446}}
{"target": -1292.061767583599, "params": {"x1": 396.81999999918435, "x2": 366.7699999992117, "x3": -268.6800000002104, "x4": 490.4499999990992, "x5": -337.98000000014736}, "datetime": {"datetime": "2020-10-19 19:44:19", "elapsed": 95.711681, "delta": 0.851023}}
{"target": -610.2422421801339, "params": {"x1": 398.5299999991828, "x2": 433.1599999991513, "x3": -296.75000000018485, "x4": 478.59999999910997, "x5": -316.5200000001669}, "datetime": {"datetime": "2020-10-19 19:44:20", "elapsed": 96.539094, "delta": 0.827413}}
{"target": -1084.3452408139633, "params": {"x1": 454.399999999132, "x2": 398.0799999991832, "x3": -406.72000000008484, "x4": 400.0499999991814, "x5": -300.3300000001816}, "datetime": {"datetime": "2020-10-19 19:44:21", "elapsed": 97.304953, "delta": 0.765859}}
{"target": -141.83512914490984, "params": {"x1": 417.8999999991652, "x2": 417.36999999916566, "x3": -300.58000000018137, "x4": 418.7599999991644, "x5": -305.400000000177}, "datetime": {"datetime": "2020-10-19 19:44:22", "elapsed": 98.00528, "delta": 0.700327}}
{"target": -940.6494011880486, "params": {"x1": 219.089999999346, "x2": 400.529999999181, "x3": -297.9200000001838, "x4": 370.43999999920834, "x5": -347.3900000001388}, "datetime": {"datetime": "2020-10-19 19:44:23", "elapsed": 98.809561, "delta": 0.804281}}
{"target": -390.44447775857407, "params": {"x1": 209.92999999935432, "x2": 415.52999999916733, "x3": -310.4700000001724, "x4": 409.8499999991725, "x5": -296.54000000018505}, "datetime": {"datetime": "2020-10-19 19:44:23", "elapsed": 99.640077, "delta": 0.830516}}
{"target": -1290.1336203299588, "params": {"x1": 371.5899999992073, "x2": 417.1299999991659, "x3": -273.68000000020584, "x4": 330.2399999992449, "x5": -339.75000000014575}, "datetime": {"datetime": "2020-10-19 19:44:24", "elapsed": 100.503709, "delta": 0.863632}}
{"target": -1208.3446788860897, "params": {"x1": 474.44999999911374, "x2": 406.61999999917543, "x3": -321.3500000001625, "x4": 376.46999999920286, "x5": -222.22000000025264}, "datetime": {"datetime": "2020-10-19 19:44:25", "elapsed": 101.230489, "delta": 0.72678}}
{"target": -141.06160187593127, "params": {"x1": 417.48999999916555, "x2": 418.23999999916487, "x3": -302.12000000017997, "x4": 420.0799999991632, "x5": -306.08000000017637}, "datetime": {"datetime": "2020-10-19 19:44:26", "elapsed": 102.207118, "delta": 0.976629}}
{"target": -1002.1684303896789, "params": {"x1": 174.46999999938657, "x2": 426.9799999991569, "x3": -266.930000000212, "x4": 359.5999999992182, "x5": -316.55000000016685}, "datetime": {"datetime": "2020-10-19 19:44:27", "elapsed": 102.895918, "delta": 0.6888}}
{"target": -1601.548744717067, "params": {"x1": 485.8099999991034, "x2": 370.2599999992085, "x3": -379.3900000001097, "x4": 397.57999999918366, "x5": -265.4500000002133}, "datetime": {"datetime": "2020-10-19 19:44:27", "elapsed": 103.630488, "delta": 0.73457}}
{"target": -544.1735359551251, "params": {"x1": 416.7699999991662, "x2": 409.299999999173, "x3": 425.0499999991587, "x4": 106.88999999944804, "x5": -300.0200000001819}, "datetime": {"datetime": "2020-10-19 19:44:28", "elapsed": 104.483322, "delta": 0.852834}}
{"target": -1094.4237674606698, "params": {"x1": 359.2699999992185, "x2": 413.32999999916933, "x3": -334.15000000015084, "x4": 393.7799999991871, "x5": -238.94000000023743}, "datetime": {"datetime": "2020-10-19 19:44:29", "elapsed": 105.221893, "delta": 0.738571}}
{"target": -531.2912526908956, "params": {"x1": 417.4599999991656, "x2": 414.74999999916804, "x3": 427.4299999991565, "x4": 106.25999999944861, "x5": -301.8500000001802}, "datetime": {"datetime": "2020-10-19 19:44:30", "elapsed": 106.117564, "delta": 0.895671}}
{"target": -1167.930714854297, "params": {"x1": 465.85999999912156, "x2": 417.60999999916544, "x3": -384.0000000001055, "x4": 450.4399999991356, "x5": -335.1800000001499}, "datetime": {"datetime": "2020-10-19 19:44:31", "elapsed": 106.891487, "delta": 0.773923}}
{"target": -1273.0649033721745, "params": {"x1": 176.23999999938496, "x2": 454.22999999913213, "x3": -337.79000000014753, "x4": 349.63999999922726, "x5": -276.74000000020305}, "datetime": {"datetime": "2020-10-19 19:44:31", "elapsed": 107.581596, "delta": 0.690109}}
{"target": -887.6690506532859, "params": {"x1": 410.4799999991719, "x2": 382.1599999991977, "x3": -330.4800000001542, "x4": 350.17999999922677, "x5": -306.7300000001758}, "datetime": {"datetime": "2020-10-19 19:44:32", "elapsed": 108.428297, "delta": 0.846701}}
{"target": -1192.8515654874047, "params": {"x1": 174.5499999993865, "x2": 407.3099999991748, "x3": -286.0600000001946, "x4": 390.64999999918996, "x5": -385.92000000010376}, "datetime": {"datetime": "2020-10-19 19:44:33", "elapsed": 109.133281, "delta": 0.704984}}
{"target": -140.80983907617588, "params": {"x1": 417.6399999991654, "x2": 418.6699999991645, "x3": -302.05000000018003, "x4": 419.6399999991636, "x5": -306.10000000017635}, "datetime": {"datetime": "2020-10-19 19:44:34", "elapsed": 110.015198, "delta": 0.881917}}
{"target": -732.5921685895739, "params": {"x1": 409.65999999917267, "x2": 396.14999999918496, "x3": -312.80000000017026, "x4": 463.5099999991237, "x5": -353.05000000013365}, "datetime": {"datetime": "2020-10-19 19:44:35", "elapsed": 110.888966, "delta": 0.873768}}
{"target": -1082.1519654243507, "params": {"x1": 475.30999999911296, "x2": 440.4299999991447, "x3": -277.5900000002023, "x4": 359.7099999992181, "x5": -333.71000000015124}, "datetime": {"datetime": "2020-10-19 19:44:36", "elapsed": 111.807103, "delta": 0.918137}}
{"target": -1446.231802341417, "params": {"x1": 473.44999999911465, "x2": 382.51999999919735, "x3": -292.79000000018846, "x4": 482.979999999106, "x5": -366.3300000001216}, "datetime": {"datetime": "2020-10-19 19:44:36", "elapsed": 112.575454, "delta": 0.768351}}
{"target": -377.64339819408406, "params": {"x1": 206.80999999935716, "x2": 417.6599999991654, "x3": -308.2400000001744, "x4": 409.4199999991729, "x5": -300.93000000018105}, "datetime": {"datetime": "2020-10-19 19:44:37", "elapsed": 113.514704, "delta": 0.93925}}
{"target": -550.848581709135, "params": {"x1": 402.3899999991793, "x2": 443.4999999991419, "x3": -256.52000000022144, "x4": 394.7999999991862, "x5": -297.4900000001842}, "datetime": {"datetime": "2020-10-19 19:44:38", "elapsed": 114.339986, "delta": 0.825282}}
{"target": -1319.0046703786497, "params": {"x1": 379.23999999920034, "x2": 497.1499999990931, "x3": -296.43000000018515, "x4": 364.4499999992138, "x5": -327.99000000015644}, "datetime": {"datetime": "2020-10-19 19:44:39", "elapsed": 115.18894, "delta": 0.848954}}
{"target": -1196.32100227018, "params": {"x1": 384.4199999991956, "x2": 394.41999999918653, "x3": 389.53999999919097, "x4": 92.21999999946138, "x5": -364.26000000012345}, "datetime": {"datetime": "2020-10-19 19:44:40", "elapsed": 115.877945, "delta": 0.689005}}
{"target": -844.281573975569, "params": {"x1": 444.6099999991409, "x2": 402.29999999917936, "x3": -295.2400000001862, "x4": 355.47999999922195, "x5": -340.7900000001448}, "datetime": {"datetime": "2020-10-19 19:44:41", "elapsed": 116.78998, "delta": 0.912035}}
{"target": -1133.2347966110206, "params": {"x1": 443.6799999991417, "x2": 488.6699999991008, "x3": -274.1600000002054, "x4": 368.56999999921004, "x5": -278.40000000020154}, "datetime": {"datetime": "2020-10-19 19:44:41", "elapsed": 117.577602, "delta": 0.787622}}
{"target": -924.5742927339857, "params": {"x1": 456.57999999913, "x2": 389.44999999919105, "x3": -371.8000000001166, "x4": 421.76999999916166, "x5": -280.0000000002001}, "datetime": {"datetime": "2020-10-19 19:44:42", "elapsed": 118.438801, "delta": 0.861199}}
{"target": -377.9119159739146, "params": {"x1": 206.7799999993572, "x2": 417.6299999991654, "x3": -308.2700000001744, "x4": 409.32999999917297, "x5": -301.02000000018097}, "datetime": {"datetime": "2020-10-19 19:44:43", "elapsed": 119.523691, "delta": 1.08489}}
{"target": -1061.8416535790072, "params": {"x1": 472.8399999991152, "x2": 393.2599999991876, "x3": -296.9200000001847, "x4": 395.6799999991854, "x5": -224.8000000002503}, "datetime": {"datetime": "2020-10-19 19:44:44", "elapsed": 120.565981, "delta": 1.04229}}
{"target": -972.2930827305759, "params": {"x1": 420.6999999991626, "x2": 491.6499999990981, "x3": -263.4800000002151, "x4": 395.3199999991857, "x5": -276.7100000002031}, "datetime": {"datetime": "2020-10-19 19:44:45", "elapsed": 121.72241, "delta": 1.156429}}
{"target": -1379.7329790763233, "params": {"x1": 256.6799999993118, "x2": 371.1399999992077, "x3": -260.320000000218, "x4": 453.76999999913255, "x5": -338.42000000014696}, "datetime": {"datetime": "2020-10-19 19:44:46", "elapsed": 122.403785, "delta": 0.681375}}
{"target": -1015.3530222128866, "params": {"x1": 364.9599999992133, "x2": 452.8399999991334, "x3": -270.1200000002091, "x4": 402.1499999991795, "x5": -151.76000000031672}, "datetime": {"datetime": "2020-10-19 19:44:47", "elapsed": 123.227485, "delta": 0.8237}}
{"target": -372.58529077454205, "params": {"x1": 207.6399999993564, "x2": 419.169999999164, "x3": -306.34000000017613, "x4": 410.4899999991719, "x5": -300.1300000001818}, "datetime": {"datetime": "2020-10-19 19:44:48", "elapsed": 124.446678, "delta": 1.219193}}
{"target": -657.3645610454246, "params": {"x1": 405.5799999991764, "x2": 462.76999999912437, "x3": -281.12000000019907, "x4": 393.18999999918765, "x5": -267.75000000021123}, "datetime": {"datetime": "2020-10-19 19:44:49", "elapsed": 125.468782, "delta": 1.022104}}
{"target": -1591.5262815215103, "params": {"x1": 480.2399999991085, "x2": 323.1999999992513, "x3": 448.0099999991378, "x4": 168.62999999939188, "x5": -328.76000000015574}, "datetime": {"datetime": "2020-10-19 19:44:50", "elapsed": 126.53942, "delta": 1.070638}}
{"target": -1158.3645350677277, "params": {"x1": 199.66999999936365, "x2": 441.8699999991434, "x3": -355.59000000013134, "x4": 445.6999999991399, "x5": -237.6500000002386}, "datetime": {"datetime": "2020-10-19 19:44:51", "elapsed": 127.3685, "delta": 0.82908}}
{"target": -778.5123628565236, "params": {"x1": 356.6099999992209, "x2": 426.05999999915775, "x3": -302.9600000001792, "x4": 451.56999999913455, "x5": -333.7600000001512}, "datetime": {"datetime": "2020-10-19 19:44:52", "elapsed": 128.100864, "delta": 0.732364}}
{"target": -1356.9053880038348, "params": {"x1": 493.2799999990966, "x2": 401.4899999991801, "x3": -249.38000000022794, "x4": 361.82999999921617, "x5": -311.7500000001712}, "datetime": {"datetime": "2020-10-19 19:44:53", "elapsed": 128.920892, "delta": 0.820028}}
{"target": -142.16686393668965, "params": {"x1": 416.69999999916627, "x2": 419.33999999916387, "x3": -301.7300000001803, "x4": 419.24999999916395, "x5": -306.7000000001758}, "datetime": {"datetime": "2020-10-19 19:44:54", "elapsed": 129.983017, "delta": 1.062125}}
{"target": -1160.5834553573181, "params": {"x1": 457.689999999129, "x2": 375.82999999920344, "x3": -240.88000000023567, "x4": 442.7299999991426, "x5": -255.4700000002224}, "datetime": {"datetime": "2020-10-19 19:44:55", "elapsed": 130.969748, "delta": 0.986731}}
{"target": -1207.4021703636959, "params": {"x1": 173.50999999938745, "x2": 449.3099999991366, "x3": -328.1400000001563, "x4": 372.41999999920654, "x5": -356.7200000001303}, "datetime": {"datetime": "2020-10-19 19:44:56", "elapsed": 131.848902, "delta": 0.879154}}
{"target": -898.7888245774125, "params": {"x1": 204.27999999935946, "x2": 416.2299999991667, "x3": -298.3300000001834, "x4": 477.3299999991111, "x5": -342.9100000001429}, "datetime": {"datetime": "2020-10-19 19:44:57", "elapsed": 132.786676, "delta": 0.937774}}
{"target": -1146.3264415501703, "params": {"x1": 198.59314401495362, "x2": 399.47915619357866, "x3": -304.06011997130236, "x4": 356.0515743688934, "x5": -244.21748163255273}, "datetime": {"datetime": "2020-10-19 19:44:57", "elapsed": 133.373209, "delta": 0.586533}}
{"target": -1249.4699866186315, "params": {"x1": 421.671223714917, "x2": 485.04072534751583, "x3": 424.65145590425266, "x4": 137.6049970220938, "x5": -352.41026224369944}, "datetime": {"datetime": "2020-10-19 19:44:58", "elapsed": 134.216683, "delta": 0.843474}}
{"target": -1222.3504357227698, "params": {"x1": 408.0045278908701, "x2": 446.59584799937545, "x3": -356.8399020084116, "x4": 354.4700695511026, "x5": -348.9400658132211}, "datetime": {"datetime": "2020-10-19 19:44:59", "elapsed": 134.855422, "delta": 0.638739}}
{"target": -1101.3965913002119, "params": {"x1": 170.37069600022983, "x2": 454.3368209477936, "x3": -300.73983214403313, "x4": 417.06613212666855, "x5": -214.4189131633051}, "datetime": {"datetime": "2020-10-19 19:45:00", "elapsed": 135.743341, "delta": 0.887919}}
{"target": -1035.2508218252417, "params": {"x1": 207.4704596555523, "x2": 443.1185095785679, "x3": -344.3619555147187, "x4": 408.06213626494696, "x5": -365.40698545689986}, "datetime": {"datetime": "2020-10-19 19:45:00", "elapsed": 136.400614, "delta": 0.657273}}
{"target": -656.3068604073519, "params": {"x1": 431.75849835476527, "x2": 396.7537820877766, "x3": 416.19553554269373, "x4": 143.5251865110389, "x5": -282.07161946309435}, "datetime": {"datetime": "2020-10-19 19:45:01", "elapsed": 137.24755, "delta": 0.846936}}
{"target": -140.52362727135346, "params": {"x1": 419.5361861348779, "x2": 418.2896268367328, "x3": -303.3424973197977, "x4": 418.7763695786339, "x5": -306.2858752114171}, "datetime": {"datetime": "2020-10-19 19:45:02", "elapsed": 137.957853, "delta": 0.710303}}
{"target": -1027.7795201715776, "params": {"x1": 383.3967087725408, "x2": 329.837304959539, "x3": -309.03156519200957, "x4": 440.07893606767334, "x5": -282.57473087925314}, "datetime": {"datetime": "2020-10-19 19:45:02", "elapsed": 138.643894, "delta": 0.686041}}
{"target": -785.9587299737523, "params": {"x1": 160.07556201880539, "x2": 411.3240983641168, "x3": -316.4765359684201, "x4": 458.37240556909296, "x5": -284.3482542070092}, "datetime": {"datetime": "2020-10-19 19:45:03", "elapsed": 139.423913, "delta": 0.780019}}
{"target": -1095.5821702581059, "params": {"x1": 442.53187266051384, "x2": 366.8860028769169, "x3": -320.7580021518255, "x4": 399.86792760323715, "x5": -376.1970262607407}, "datetime": {"datetime": "2020-10-19 19:45:04", "elapsed": 139.846746, "delta": 0.422833}}
{"target": -139.13267883539243, "params": {"x1": 419.03649681009256, "x2": 418.8265947972211, "x3": -302.7053027172134, "x4": 419.4003118646444, "x5": -305.17846075882477}, "datetime": {"datetime": "2020-10-19 19:45:04", "elapsed": 140.618752, "delta": 0.772006}}
{"target": -906.8691211664411, "params": {"x1": 398.8129645342249, "x2": 422.85290679975753, "x3": -237.33985360073603, "x4": 431.9719041013774, "x5": -243.81920339441342}, "datetime": {"datetime": "2020-10-19 19:45:05", "elapsed": 141.419445, "delta": 0.800693}}
{"target": -1291.135511763278, "params": {"x1": 207.88752232559636, "x2": 377.38149217507646, "x3": -269.0859877303491, "x4": 465.64707281331437, "x5": -238.71238940534067}, "datetime": {"datetime": "2020-10-19 19:45:06", "elapsed": 142.044948, "delta": 0.625503}}
{"target": -366.67416802902653, "params": {"x1": 207.8679093160435, "x2": 419.95578598338074, "x3": -305.3352175736684, "x4": 412.5935523443351, "x5": -300.276802082088}, "datetime": {"datetime": "2020-10-19 19:45:07", "elapsed": 143.031323, "delta": 0.986375}}
{"target": -1022.0044600441261, "params": {"x1": 415.0777403011456, "x2": 451.3661780581888, "x3": -237.33188215526758, "x4": 420.7171874656759, "x5": -233.57313184298403}, "datetime": {"datetime": "2020-10-19 19:45:07", "elapsed": 143.658862, "delta": 0.627539}}
{"target": -883.9863169344803, "params": {"x1": 400.66887964628734, "x2": 320.50866410262074, "x3": -296.8287346509513, "x4": 417.42686932304343, "x5": -292.79885258756667}, "datetime": {"datetime": "2020-10-19 19:45:08", "elapsed": 144.32155, "delta": 0.662688}}
{"target": -781.6793332769178, "params": {"x1": 376.81436390156057, "x2": 472.50667634279137, "x3": -302.5744824781625, "x4": 452.8374923711739, "x5": -307.3678882101869}, "datetime": {"datetime": "2020-10-19 19:45:09", "elapsed": 144.921677, "delta": 0.600127}}
{"target": -604.5346021450785, "params": {"x1": 399.35569775325155, "x2": 481.42819583290907, "x3": -307.13570880644136, "x4": 421.85422905887447, "x5": -292.43938908284895}, "datetime": {"datetime": "2020-10-19 19:45:09", "elapsed": 145.571726, "delta": 0.650049}}
{"target": -756.0662051966233, "params": {"x1": 370.76224268988665, "x2": 452.5509206443668, "x3": -297.9868207074543, "x4": 402.9209068928776, "x5": -130.9340710887268}, "datetime": {"datetime": "2020-10-19 19:45:10", "elapsed": 146.201618, "delta": 0.629892}}
{"target": -1227.6429102168486, "params": {"x1": 379.26421006832334, "x2": 378.3855696501495, "x3": -320.2167538867028, "x4": 372.21904821972475, "x5": -234.48835435374548}, "datetime": {"datetime": "2020-10-19 19:45:11", "elapsed": 146.803574, "delta": 0.601956}}
{"target": -1103.897738394951, "params": {"x1": 480.4113512271058, "x2": 429.5951977531853, "x3": 393.3817400063713, "x4": 90.99235731509395, "x5": -340.80107598509136}, "datetime": {"datetime": "2020-10-19 19:45:11", "elapsed": 147.430487, "delta": 0.626913}}
{"target": -648.5347187680238, "params": {"x1": 200.3830887660045, "x2": 430.6450836367526, "x3": -126.06549656042183, "x4": 422.23697414860106, "x5": 376.42052288238244}, "datetime": {"datetime": "2020-10-19 19:45:12", "elapsed": 148.115585, "delta": 0.685098}}
{"target": -1085.326460390621, "params": {"x1": 404.3923552318731, "x2": 422.3395353015743, "x3": -366.40038617191993, "x4": 384.22882178853604, "x5": -240.03238293790452}, "datetime": {"datetime": "2020-10-19 19:45:13", "elapsed": 148.789892, "delta": 0.674307}}
{"target": -851.4530692707287, "params": {"x1": 430.07358093453615, "x2": 454.79452547170297, "x3": -368.6616875794161, "x4": 424.12578029357087, "x5": -267.76776465299866}, "datetime": {"datetime": "2020-10-19 19:45:13", "elapsed": 149.450288, "delta": 0.660396}}
{"target": -1174.0443697692522, "params": {"x1": 140.31385164365167, "x2": 381.71514955335044, "x3": -323.90524685536184, "x4": 456.0910736276056, "x5": -266.86649538614716}, "datetime": {"datetime": "2020-10-19 19:45:14", "elapsed": 150.161163, "delta": 0.710875}}
{"target": -1451.1589903294644, "params": {"x1": 490.06650930152784, "x2": 455.77249793276917, "x3": -341.3793704986449, "x4": 414.6352394829506, "x5": -210.45799978213176}, "datetime": {"datetime": "2020-10-19 19:45:15", "elapsed": 150.961632, "delta": 0.800469}}
{"target": -1350.51667738503, "params": {"x1": 452.48474327037536, "x2": 497.98025802975985, "x3": -306.94377193231355, "x4": 382.8748522220525, "x5": -240.87978238033793}, "datetime": {"datetime": "2020-10-19 19:45:15", "elapsed": 151.592244, "delta": 0.630612}}
{"target": -1080.0488777241549, "params": {"x1": 402.6857390842198, "x2": 430.83685438347345, "x3": -364.4520416848767, "x4": 469.16878462831903, "x5": -254.90078537033844}, "datetime": {"datetime": "2020-10-19 19:45:16", "elapsed": 152.130619, "delta": 0.538375}}
{"target": -1460.299269698524, "params": {"x1": 197.02513112400186, "x2": 471.6940405421823, "x3": -332.84290612959643, "x4": 487.7074647314075, "x5": -347.99819878821063}, "datetime": {"datetime": "2020-10-19 19:45:17", "elapsed": 152.988912, "delta": 0.858293}}
{"target": -707.3748742623045, "params": {"x1": 452.60252856320744, "x2": 414.97903990548355, "x3": -346.1555164150916, "x4": 423.2278006090362, "x5": -347.29128917280326}, "datetime": {"datetime": "2020-10-19 19:45:18", "elapsed": 153.810286, "delta": 0.821374}}
{"target": -1096.2546221731823, "params": {"x1": 390.4944879037553, "x2": -296.0683628623323, "x3": -117.42039622308353, "x4": 58.78838955167878, "x5": -121.03937093159854}, "datetime": {"datetime": "2020-10-19 19:45:19", "elapsed": 154.83206, "delta": 1.021774}}
{"target": -536.2568241004274, "params": {"x1": 417.4672634014114, "x2": 415.0589242313733, "x3": 428.3369141040478, "x4": 107.21353736260646, "x5": -301.50822231131997}, "datetime": {"datetime": "2020-10-19 19:45:19", "elapsed": 155.724535, "delta": 0.892475}}
{"target": -676.8551072153505, "params": {"x1": 212.9132772167593, "x2": 448.38045692974754, "x3": -101.79753871020193, "x4": 438.21071881775583, "x5": 398.1413494684873}, "datetime": {"datetime": "2020-10-19 19:45:20", "elapsed": 156.303306, "delta": 0.578771}}
{"target": -743.3860212528225, "params": {"x1": 425.80653267124626, "x2": 440.60308931533245, "x3": 403.8778906643647, "x4": 117.83997254475526, "x5": -331.5350487779267}, "datetime": {"datetime": "2020-10-19 19:45:21", "elapsed": 157.037674, "delta": 0.734368}}
