{"target": -1851.4098131045535, "params": {"x1": -82.97799529742599, "x2": 220.3244934421581, "x3": -499.88562518265513, "x4": -197.66742736816025, "x5": -353.244109182887}, "datetime": {"datetime": "2020-10-19 19:42:44", "elapsed": 0.0, "delta": 0.0}}
{"target": -1376.7183937744865, "params": {"x1": 280.4231086564697, "x2": 448.68678241375915, "x3": -265.9335849001868, "x4": 432.85769977423104, "x5": -244.66896852338195}, "datetime": {"datetime": "2020-10-19 19:42:44", "elapsed": 0.02579, "delta": 0.02579}}
{"target": -2049.316611088937, "params": {"x1": -200.0, "x2": 0.0, "x3": 100.0, "x4": 200.0, "x5": 0.0}, "datetime": {"datetime": "2020-10-19 19:42:44", "elapsed": 0.059067, "delta": 0.033277}}
{"target": -1560.1024753933546, "params": {"x1": 200.0, "x2": 200.0, "x3": -400.0, "x4": 200.0, "x5": 200.0}, "datetime": {"datetime": "2020-10-19 19:42:44", "elapsed": 0.095385, "delta": 0.036318}}
{"target": -1629.7363997089487, "params": {"x1": -100.0, "x2": 400.0, "x3": 300.0, "x4": 100.0, "x5": -300.0}, "datetime": {"datetime": "2020-10-19 19:42:44", "elapsed": 0.13501, "delta": 0.039625}}
{"target": -3059.3108619308923, "params": {"x1": -400.0, "x2": 300.0, "x3": 300.0, "x4": 200.0, "x5": 300.0}, "datetime": {"datetime": "2020-10-19 19:42:44", "elapsed": 0.174372, "delta": 0.039362}}
{"target": -1464.5558306423218, "params": {"x1": 300.0, "x2": 400.0, "x3": -300.0, "x4": 400.0, "x5": -200.0}, "datetime": {"datetime": "2020-10-19 19:42:44", "elapsed": 0.645481, "delta": 0.471109}}
{"target": -1510.5869606189187, "params": {"x1": 300.0, "x2": 500.0, "x3": -300.0, "x4": 400.0, "x5": -300.0}, "datetime": {"datetime": "2020-10-19 19:42:45", "elapsed": 1.086778, "delta": 0.441297}}
{"target": -1940.512388911063, "params": {"x1": -400.0, "x2": -200.0, "x3": 400.0, "x4": -100.0, "x5": 200.0}, "datetime": {"datetime": "2020-10-19 19:42:45", "elapsed": 1.492687, "delta": 0.405909}}
{"target": -1964.2919594881678, "params": {"x1": 300.0, "x2": 400.0, "x3": -200.0, "x4": 400.0, "x5": -200.0}, "datetime": {"datetime": "2020-10-19 19:42:46", "elapsed": 2.040911, "delta": 0.548224}}
{"target": -2721.270917353834, "params": {"x1": 300.0, "x2": 500.0, "x3": -400.0, "x4": 500.0, "x5": -300.0}, "datetime": {"datetime": "2020-10-19 19:42:46", "elapsed": 2.120188, "delta": 0.079277}}
{"target": -2575.49872098024, "params": {"x1": -200.0, "x2": 0.0, "x3": 0.0, "x4": 500.0, "x5": -200.0}, "datetime": {"datetime": "2020-10-19 19:42:46", "elapsed": 2.161757, "delta": 0.041569}}
{"target": -1495.1783711541539, "params": {"x1": -300.0, "x2": 300.0, "x3": -300.0, "x4": 0.0, "x5": 200.0}, "datetime": {"datetime": "2020-10-19 19:42:46", "elapsed": 2.202925, "delta": 0.041168}}
{"target": -1994.9144999999999, "params": {"x1": 200.0, "x2": 0.0, "x3": -100.0, "x4": 100.0, "x5": -200.0}, "datetime": {"datetime": "2020-10-19 19:42:46", "elapsed": 2.25457, "delta": 0.051645}}
{"target": -1783.8795771948835, "params": {"x1": 0.0, "x2": 100.0, "x3": 400.0, "x4": 300.0, "x5": 200.0}, "datetime": {"datetime": "2020-10-19 19:42:46", "elapsed": 2.302237, "delta": 0.047667}}
{"target": -2249.314142313361, "params": {"x1": -400.0, "x2": -200.0, "x3": 0.0, "x4": 100.0, "x5": 400.0}, "datetime": {"datetime": "2020-10-19 19:42:46", "elapsed": 2.34747, "delta": 0.045233}}
{"target": -2779.672811671039, "params": {"x1": -400.0, "x2": 100.0, "x3": 200.0, "x4": -400.0, "x5": -200.0}, "datetime": {"datetime": "2020-10-19 19:42:46", "elapsed": 2.575246, "delta": 0.227776}}
{"target": -2160.095069066627, "params": {"x1": -400.0, "x2": 300.0, "x3": -300.0, "x4": 0.0, "x5": 200.0}, "datetime": {"datetime": "2020-10-19 19:42:46", "elapsed": 2.718847, "delta": 0.143601}}
{"target": -1749.5780134675151, "params": {"x1": -300.0, "x2": 300.0, "x3": -300.0, "x4": 0.0, "x5": 100.0}, "datetime": {"datetime": "2020-10-19 19:42:47", "elapsed": 2.782274, "delta": 0.063427}}
{"target": -1514.0713454167576, "params": {"x1": 200.0, "x2": 200.0, "x3": -500.0, "x4": 200.0, "x5": 300.0}, "datetime": {"datetime": "2020-10-19 19:42:47", "elapsed": 2.938502, "delta": 0.156228}}
{"target": -1768.4709877301186, "params": {"x1": 200.0, "x2": 200.0, "x3": 100.0, "x4": -500.0, "x5": 300.0}, "datetime": {"datetime": "2020-10-19 19:42:47", "elapsed": 2.983313, "delta": 0.044811}}
{"target": -2010.3230894647645, "params": {"x1": 300.0, "x2": 500.0, "x3": -200.0, "x4": 400.0, "x5": -300.0}, "datetime": {"datetime": "2020-10-19 19:42:47", "elapsed": 3.050028, "delta": 0.066715}}
{"target": -1814.5021177067156, "params": {"x1": 100.0, "x2": 200.0, "x3": -400.0, "x4": 200.0, "x5": 200.0}, "datetime": {"datetime": "2020-10-19 19:42:47", "elapsed": 3.310532, "delta": 0.260504}}
{"target": -2225.534571736256, "params": {"x1": 0.0, "x2": -400.0, "x3": 200.0, "x4": -300.0, "x5": -400.0}, "datetime": {"datetime": "2020-10-19 19:42:47", "elapsed": 3.364461, "delta": 0.053929}}
{"target": -2205.4340243746874, "params": {"x1": 300.0, "x2": -400.0, "x3": 200.0, "x4": -100.0, "x5": 200.0}, "datetime": {"datetime": "2020-10-19 19:42:47", "elapsed": 3.594962, "delta": 0.230501}}
{"target": -1010.850831773073, "params": {"x1": 200.0, "x2": 500.0, "x3": -300.0, "x4": 400.0, "x5": -300.0}, "datetime": {"datetime": "2020-10-19 19:42:47", "elapsed": 3.733387, "delta": 0.138425}}
{"target": -2129.4725285547947, "params": {"x1": -100.0, "x2": 400.0, "x3": 300.0, "x4": 100.0, "x5": -200.0}, "datetime": {"datetime": "2020-10-19 19:42:48", "elapsed": 3.810633, "delta": 0.077246}}
{"target": -2333.6466192455937, "params": {"x1": 300.0, "x2": 200.0, "x3": -500.0, "x4": -400.0, "x5": 100.0}, "datetime": {"datetime": "2020-10-19 19:42:48", "elapsed": 4.066341, "delta": 0.255708}}
{"target": -1314.5892126227623, "params": {"x1": -500.0, "x2": 400.0, "x3": 200.0, "x4": -300.0, "x5": -400.0}, "datetime": {"datetime": "2020-10-19 19:42:48", "elapsed": 4.127038, "delta": 0.060697}}
{"target": -799.639132729849, "params": {"x1": 400.0, "x2": 400.0, "x3": -300.0, "x4": 400.0, "x5": -200.0}, "datetime": {"datetime": "2020-10-19 19:42:48", "elapsed": 4.227979, "delta": 0.100941}}
{"target": -2394.3941640184194, "params": {"x1": 300.0, "x2": -100.0, "x3": 300.0, "x4": 100.0, "x5": 200.0}, "datetime": {"datetime": "2020-10-19 19:42:48", "elapsed": 4.348925, "delta": 0.120946}}
{"target": -2414.494711379988, "params": {"x1": -300.0, "x2": -400.0, "x3": 100.0, "x4": 0.0, "x5": 300.0}, "datetime": {"datetime": "2020-10-19 19:42:48", "elapsed": 4.474408, "delta": 0.125483}}
{"target": -3074.719451395657, "params": {"x1": 500.0, "x2": 300.0, "x3": 0.0, "x4": 300.0, "x5": 300.0}, "datetime": {"datetime": "2020-10-19 19:42:48", "elapsed": 4.538198, "delta": 0.06379}}
{"target": -2431.1853619760323, "params": {"x1": 300.0, "x2": -100.0, "x3": 300.0, "x4": -100.0, "x5": -100.0}, "datetime": {"datetime": "2020-10-19 19:42:48", "elapsed": 4.602891, "delta": 0.064693}}
{"target": -3151.1963456459785, "params": {"x1": 500.0, "x2": 300.0, "x3": -400.0, "x4": -100.0, "x5": -400.0}, "datetime": {"datetime": "2020-10-19 19:42:48", "elapsed": 4.668044, "delta": 0.065153}}
{"target": -2033.9080216241723, "params": {"x1": -500.0, "x2": -400.0, "x3": 200.0, "x4": 0.0, "x5": 100.0}, "datetime": {"datetime": "2020-10-19 19:42:48", "elapsed": 4.735508, "delta": 0.067464}}
{"target": -1629.7363997089487, "params": {"x1": 300.0, "x2": 400.0, "x3": -300.0, "x4": 300.0, "x5": -300.0}, "datetime": {"datetime": "2020-10-19 19:42:49", "elapsed": 4.82661, "delta": 0.091102}}
{"target": -1860.1796952070974, "params": {"x1": -300.0, "x2": -200.0, "x3": -500.0, "x4": -200.0, "x5": -100.0}, "datetime": {"datetime": "2020-10-19 19:42:49", "elapsed": 4.89228, "delta": 0.06567}}
{"target": -1341.0351936682196, "params": {"x1": -300.0, "x2": -300.0, "x3": -300.0, "x4": 300.0, "x5": -100.0}, "datetime": {"datetime": "2020-10-19 19:42:49", "elapsed": 4.956261, "delta": 0.063981}}
{"target": -2486.279647733506, "params": {"x1": 500.0, "x2": 300.0, "x3": -100.0, "x4": -300.0, "x5": -400.0}, "datetime": {"datetime": "2020-10-19 19:42:49", "elapsed": 5.02026, "delta": 0.063999}}
{"target": -1529.995333311951, "params": {"x1": 400.0, "x2": -300.0, "x3": 0.0, "x4": 0.0, "x5": -200.0}, "datetime": {"datetime": "2020-10-19 19:42:49", "elapsed": 5.394028, "delta": 0.373768}}
{"target": -1514.5867438471864, "params": {"x1": 0.0, "x2": 200.0, "x3": -500.0, "x4": -200.0, "x5": -300.0}, "datetime": {"datetime": "2020-10-19 19:42:50", "elapsed": 5.759034, "delta": 0.365006}}
{"target": -2294.6530976214217, "params": {"x1": 300.0, "x2": -300.0, "x3": 300.0, "x4": 200.0, "x5": -200.0}, "datetime": {"datetime": "2020-10-19 19:42:50", "elapsed": 5.827167, "delta": 0.068133}}
{"target": -2440.2485177569088, "params": {"x1": -100.0, "x2": -200.0, "x3": 300.0, "x4": 100.0, "x5": -100.0}, "datetime": {"datetime": "2020-10-19 19:42:50", "elapsed": 5.898917, "delta": 0.07175}}
{"target": -3079.411409292461, "params": {"x1": -400.0, "x2": -400.0, "x3": 300.0, "x4": 100.0, "x5": 0.0}, "datetime": {"datetime": "2020-10-19 19:42:51", "elapsed": 6.806386, "delta": 0.907469}}
{"target": -2779.672811671039, "params": {"x1": 100.0, "x2": -400.0, "x3": -400.0, "x4": 200.0, "x5": -200.0}, "datetime": {"datetime": "2020-10-19 19:42:51", "elapsed": 6.884241, "delta": 0.077855}}
{"target": -2325.275638133254, "params": {"x1": 0.0, "x2": -400.0, "x3": 200.0, "x4": -400.0, "x5": 200.0}, "datetime": {"datetime": "2020-10-19 19:42:51", "elapsed": 6.96232, "delta": 0.078079}}
{"target": -1894.6580351725734, "params": {"x1": 300.0, "x2": -300.0, "x3": 300.0, "x4": 200.0, "x5": 200.0}, "datetime": {"datetime": "2020-10-19 19:42:52", "elapsed": 7.857944, "delta": 0.895624}}
{"target": -3059.826260361321, "params": {"x1": -200.0, "x2": 0.0, "x3": 300.0, "x4": -400.0, "x5": -200.0}, "datetime": {"datetime": "2020-10-19 19:42:52", "elapsed": 8.076922, "delta": 0.218978}}
{"target": -1464.5558306423218, "params": {"x1": 400.0, "x2": 400.0, "x3": -300.0, "x4": 300.0, "x5": -200.0}, "datetime": {"datetime": "2020-10-19 19:42:52", "elapsed": 8.184071, "delta": 0.107149}}
{"target": -1429.7388684845246, "params": {"x1": 200.0, "x2": 400.0, "x3": -200.0, "x4": 200.0, "x5": 0.0}, "datetime": {"datetime": "2020-10-19 19:42:52", "elapsed": 8.270199, "delta": 0.086128}}
{"target": -2166.4405027505154, "params": {"x1": -100.0, "x2": -100.0, "x3": 500.0, "x4": 300.0, "x5": 200.0}, "datetime": {"datetime": "2020-10-19 19:42:54", "elapsed": 9.87961, "delta": 1.609411}}
{"target": -1341.655675841148, "params": {"x1": 310.0, "x2": -330.0, "x3": 440.0, "x4": 410.0, "x5": -480.0}, "datetime": {"datetime": "2020-10-19 19:42:54", "elapsed": 9.966548, "delta": 0.086938}}
{"target": -2634.8429448450033, "params": {"x1": 300.0, "x2": 260.0, "x3": 100.0, "x4": 500.0, "x5": 0.0}, "datetime": {"datetime": "2020-10-19 19:42:54", "elapsed": 10.051038, "delta": 0.08449}}
{"target": -1513.887452628813, "params": {"x1": -290.0, "x2": 300.0, "x3": -300.0, "x4": 0.0, "x5": 200.0}, "datetime": {"datetime": "2020-10-19 19:42:54", "elapsed": 10.360861, "delta": 0.309823}}
{"target": -2087.163398311231, "params": {"x1": -440.0, "x2": -270.0, "x3": -360.0, "x4": 30.0, "x5": 220.0}, "datetime": {"datetime": "2020-10-19 19:42:54", "elapsed": 10.439922, "delta": 0.079061}}
{"target": -2034.8266402422078, "params": {"x1": 220.0, "x2": 10.0, "x3": 10.0, "x4": 0.0, "x5": 330.0}, "datetime": {"datetime": "2020-10-19 19:42:54", "elapsed": 10.531239, "delta": 0.091317}}
{"target": -1848.8130668629062, "params": {"x1": -450.0, "x2": -270.0, "x3": 460.0, "x4": -250.0, "x5": -20.0}, "datetime": {"datetime": "2020-10-19 19:42:55", "elapsed": 10.929201, "delta": 0.397962}}
{"target": -2609.018328846396, "params": {"x1": -200.0, "x2": 290.0, "x3": -420.0, "x4": -500.0, "x5": -260.0}, "datetime": {"datetime": "2020-10-19 19:42:55", "elapsed": 11.019861, "delta": 0.09066}}
{"target": -2638.602563509652, "params": {"x1": 460.0, "x2": -370.0, "x3": 110.0, "x4": 290.0, "x5": -400.0}, "datetime": {"datetime": "2020-10-19 19:42:56", "elapsed": 11.935285, "delta": 0.915424}}
{"target": -1560.4600903850542, "params": {"x1": 360.0, "x2": -80.0, "x3": 220.0, "x4": 230.0, "x5": 370.0}, "datetime": {"datetime": "2020-10-19 19:42:57", "elapsed": 12.840312, "delta": 0.905027}}
{"target": -1121.874951305216, "params": {"x1": 190.0, "x2": 480.0, "x3": -360.0, "x4": 420.0, "x5": -290.0}, "datetime": {"datetime": "2020-10-19 19:42:57", "elapsed": 13.025629, "delta": 0.185317}}
{"target": -2480.6352076855983, "params": {"x1": 240.0, "x2": -480.0, "x3": 470.0, "x4": -410.0, "x5": -460.0}, "datetime": {"datetime": "2020-10-19 19:42:57", "elapsed": 13.118902, "delta": 0.093273}}
{"target": -2403.239578467804, "params": {"x1": 240.0, "x2": -420.0, "x3": 470.0, "x4": 320.0, "x5": 170.0}, "datetime": {"datetime": "2020-10-19 19:42:57", "elapsed": 13.220799, "delta": 0.101897}}
{"target": -1242.7117557441966, "params": {"x1": 390.0, "x2": -320.0, "x3": -90.0, "x4": 60.0, "x5": -130.0}, "datetime": {"datetime": "2020-10-19 19:42:57", "elapsed": 13.56701, "delta": 0.346211}}
{"target": -2218.500036173634, "params": {"x1": 70.0, "x2": 350.0, "x3": 480.0, "x4": -420.0, "x5": 470.0}, "datetime": {"datetime": "2020-10-19 19:42:58", "elapsed": 14.404289, "delta": 0.837279}}
{"target": -1327.2553337980848, "params": {"x1": 460.0, "x2": 370.0, "x3": 390.0, "x4": 120.0, "x5": -260.0}, "datetime": {"datetime": "2020-10-19 19:42:58", "elapsed": 14.505064, "delta": 0.100775}}
{"target": -1365.2770159951983, "params": {"x1": -160.0, "x2": 380.0, "x3": 420.0, "x4": -30.0, "x5": 250.0}, "datetime": {"datetime": "2020-10-19 19:42:59", "elapsed": 14.920454, "delta": 0.41539}}
{"target": -953.457213615462, "params": {"x1": 210.0, "x2": 430.0, "x3": -120.0, "x4": 400.0, "x5": 350.0}, "datetime": {"datetime": "2020-10-19 19:42:59", "elapsed": 15.027634, "delta": 0.10718}}
{"target": -1484.5788608218743, "params": {"x1": 400.0, "x2": 340.0, "x3": 100.0, "x4": 200.0, "x5": 180.0}, "datetime": {"datetime": "2020-10-19 19:42:59", "elapsed": 15.141082, "delta": 0.113448}}
{"target": -2212.3775593363725, "params": {"x1": 390.0, "x2": -340.0, "x3": -200.0, "x4": 100.0, "x5": -410.0}, "datetime": {"datetime": "2020-10-19 19:42:59", "elapsed": 15.254051, "delta": 0.112969}}
{"target": -1449.5931363776697, "params": {"x1": 220.0, "x2": 480.0, "x3": -260.0, "x4": 350.0, "x5": -290.0}, "datetime": {"datetime": "2020-10-19 19:43:00", "elapsed": 16.051569, "delta": 0.797518}}
{"target": -1552.2021690485221, "params": {"x1": -360.0, "x2": -330.0, "x3": -80.0, "x4": 0.0, "x5": 450.0}, "datetime": {"datetime": "2020-10-19 19:43:00", "elapsed": 16.157784, "delta": 0.106215}}
{"target": -1162.5765117250412, "params": {"x1": 170.0, "x2": 460.0, "x3": -320.0, "x4": 450.0, "x5": -70.0}, "datetime": {"datetime": "2020-10-19 19:43:00", "elapsed": 16.268252, "delta": 0.110468}}
{"target": -1907.1622023910024, "params": {"x1": 270.0, "x2": 20.0, "x3": 240.0, "x4": 390.0, "x5": 490.0}, "datetime": {"datetime": "2020-10-19 19:43:00", "elapsed": 16.646747, "delta": 0.378495}}
{"target": -2099.4132021898886, "params": {"x1": 410.0, "x2": -440.0, "x3": -200.0, "x4": -310.0, "x5": -380.0}, "datetime": {"datetime": "2020-10-19 19:43:01", "elapsed": 17.517413, "delta": 0.870666}}
{"target": -2105.5230173470654, "params": {"x1": 110.0, "x2": -240.0, "x3": -90.0, "x4": -250.0, "x5": -90.0}, "datetime": {"datetime": "2020-10-19 19:43:01", "elapsed": 17.634172, "delta": 0.116759}}
{"target": -2433.8634309014215, "params": {"x1": -40.0, "x2": -230.0, "x3": -360.0, "x4": -20.0, "x5": 310.0}, "datetime": {"datetime": "2020-10-19 19:43:03", "elapsed": 18.825617, "delta": 1.191445}}
{"target": -2592.4021507716693, "params": {"x1": 190.0, "x2": -470.0, "x3": -180.0, "x4": -450.0, "x5": 500.0}, "datetime": {"datetime": "2020-10-19 19:43:03", "elapsed": 18.945461, "delta": 0.119844}}
{"target": -2401.5955343010173, "params": {"x1": 110.0, "x2": 290.0, "x3": 100.0, "x4": 230.0, "x5": 140.0}, "datetime": {"datetime": "2020-10-19 19:43:04", "elapsed": 19.786626, "delta": 0.841165}}
{"target": -687.7818664775948, "params": {"x1": 360.0, "x2": 400.0, "x3": -300.0, "x4": 420.0, "x5": -270.0}, "datetime": {"datetime": "2020-10-19 19:43:04", "elapsed": 20.089822, "delta": 0.303196}}
{"target": -1942.6136527657927, "params": {"x1": 360.0, "x2": 340.0, "x3": 190.0, "x4": 30.0, "x5": -160.0}, "datetime": {"datetime": "2020-10-19 19:43:07", "elapsed": 23.302479, "delta": 3.212657}}
{"target": -1983.9049545446205, "params": {"x1": 370.0, "x2": 470.0, "x3": -260.0, "x4": 500.0, "x5": -210.0}, "datetime": {"datetime": "2020-10-19 19:43:07", "elapsed": 23.683056, "delta": 0.380577}}
{"target": -1869.0816330192301, "params": {"x1": 490.0, "x2": 370.0, "x3": 380.0, "x4": 130.0, "x5": -240.0}, "datetime": {"datetime": "2020-10-19 19:43:09", "elapsed": 24.792064, "delta": 1.109008}}
{"target": -1819.134022995062, "params": {"x1": -440.0, "x2": -290.0, "x3": -180.0, "x4": 10.0, "x5": 410.0}, "datetime": {"datetime": "2020-10-19 19:43:09", "elapsed": 24.926884, "delta": 0.13482}}
{"target": -1609.876429395846, "params": {"x1": 180.0, "x2": 440.0, "x3": -140.0, "x4": 360.0, "x5": 320.0}, "datetime": {"datetime": "2020-10-19 19:43:09", "elapsed": 25.702855, "delta": 0.775971}}
{"target": -761.3697066217749, "params": {"x1": 360.0, "x2": 400.0, "x3": -300.0, "x4": 420.0, "x5": -260.0}, "datetime": {"datetime": "2020-10-19 19:43:10", "elapsed": 26.394728, "delta": 0.691873}}
{"target": -981.487967488388, "params": {"x1": 350.0, "x2": 430.0, "x3": -310.0, "x4": 440.0, "x5": -160.0}, "datetime": {"datetime": "2020-10-19 19:43:10", "elapsed": 26.617301, "delta": 0.222573}}
{"target": -1731.4333933219623, "params": {"x1": 330.0, "x2": 430.0, "x3": -300.0, "x4": 320.0, "x5": -250.0}, "datetime": {"datetime": "2020-10-19 19:43:11", "elapsed": 26.888812, "delta": 0.271511}}
{"target": -1557.217870822527, "params": {"x1": 270.0, "x2": 440.0, "x3": -160.0, "x4": 390.0, "x5": 350.0}, "datetime": {"datetime": "2020-10-19 19:43:11", "elapsed": 27.118981, "delta": 0.230169}}
{"target": -1231.025730120966, "params": {"x1": 150.0, "x2": 470.0, "x3": -330.0, "x4": 410.0, "x5": -100.0}, "datetime": {"datetime": "2020-10-19 19:43:12", "elapsed": 27.751489, "delta": 0.632508}}
{"target": -1413.1346857447274, "params": {"x1": 220.0, "x2": 490.0, "x3": -280.0, "x4": 350.0, "x5": -310.0}, "datetime": {"datetime": "2020-10-19 19:43:12", "elapsed": 28.021527, "delta": 0.270038}}
{"target": -1175.7467664609321, "params": {"x1": 450.0, "x2": 370.0, "x3": 390.0, "x4": 120.0, "x5": -270.0}, "datetime": {"datetime": "2020-10-19 19:43:12", "elapsed": 28.439888, "delta": 0.418361}}
{"target": -852.6471600365321, "params": {"x1": 440.0, "x2": 370.0, "x3": -260.0, "x4": 420.0, "x5": -260.0}, "datetime": {"datetime": "2020-10-19 19:43:13", "elapsed": 29.263436, "delta": 0.823548}}
{"target": -864.416525936726, "params": {"x1": 400.0, "x2": 360.0, "x3": -260.0, "x4": 450.0, "x5": -300.0}, "datetime": {"datetime": "2020-10-19 19:43:13", "elapsed": 29.635797, "delta": 0.372361}}
{"target": -2148.0034271881486, "params": {"x1": 370.0, "x2": 340.0, "x3": -350.0, "x4": 490.0, "x5": -180.0}, "datetime": {"datetime": "2020-10-19 19:43:15", "elapsed": 31.007707, "delta": 1.37191}}
{"target": -1395.4978174979424, "params": {"x1": 160.0, "x2": 440.0, "x3": -330.0, "x4": 480.0, "x5": -50.0}, "datetime": {"datetime": "2020-10-19 19:43:15", "elapsed": 31.241142, "delta": 0.233435}}
{"target": -1482.0071223540342, "params": {"x1": 160.0, "x2": 490.0, "x3": -250.0, "x4": 390.0, "x5": -280.0}, "datetime": {"datetime": "2020-10-19 19:43:16", "elapsed": 31.879497, "delta": 0.638355}}
{"target": -1168.6691637052616, "params": {"x1": 430.0, "x2": 350.0, "x3": 390.0, "x4": 130.0, "x5": -290.0}, "datetime": {"datetime": "2020-10-19 19:43:17", "elapsed": 33.064704, "delta": 1.185207}}
{"target": -1187.5179953234406, "params": {"x1": 400.0, "x2": 360.0, "x3": -270.0, "x4": 420.0, "x5": -200.0}, "datetime": {"datetime": "2020-10-19 19:43:18", "elapsed": 34.063772, "delta": 0.999068}}
{"target": -1294.1989071394269, "params": {"x1": 420.0, "x2": 320.0, "x3": -300.0, "x4": 370.0, "x5": -260.0}, "datetime": {"datetime": "2020-10-19 19:43:18", "elapsed": 34.419794, "delta": 0.356022}}
{"target": -1171.0675066271929, "params": {"x1": 430.0, "x2": 390.0, "x3": -210.0, "x4": 360.0, "x5": -320.0}, "datetime": {"datetime": "2020-10-19 19:43:19", "elapsed": 35.133556, "delta": 0.713762}}
{"target": -1428.649203050452, "params": {"x1": 200.0, "x2": 400.0, "x3": -199.0, "x4": 200.0, "x5": 0.0}, "datetime": {"datetime": "2020-10-19 19:43:19", "elapsed": 35.676224, "delta": 0.542668}}
{"target": -2070.9134798359332, "params": {"x1": 413.0, "x2": 372.0, "x3": -226.0, "x4": 344.0, "x5": -409.0}, "datetime": {"datetime": "2020-10-19 19:43:20", "elapsed": 36.129548, "delta": 0.453324}}
{"target": -1092.450639702625, "params": {"x1": 438.0, "x2": 364.0, "x3": 392.0, "x4": 121.0, "x5": -280.0}, "datetime": {"datetime": "2020-10-19 19:43:20", "elapsed": 36.61008, "delta": 0.480532}}
{"target": -999.2296506072967, "params": {"x1": 412.0, "x2": 366.0, "x3": 433.0, "x4": 129.0, "x5": -274.0}, "datetime": {"datetime": "2020-10-19 19:43:21", "elapsed": 37.062361, "delta": 0.452281}}
{"target": -1241.4266089884125, "params": {"x1": 390.0, "x2": -321.0, "x3": -91.0, "x4": 62.0, "x5": -131.0}, "datetime": {"datetime": "2020-10-19 19:43:22", "elapsed": 37.754361, "delta": 0.692}}
{"target": -1052.1652911618519, "params": {"x1": 403.0, "x2": 383.0, "x3": -276.0, "x4": 385.0, "x5": -189.0}, "datetime": {"datetime": "2020-10-19 19:43:22", "elapsed": 38.251743, "delta": 0.497382}}
{"target": -1237.9654804891807, "params": {"x1": 390.0, "x2": -321.0, "x3": -91.0, "x4": 63.0, "x5": -129.0}, "datetime": {"datetime": "2020-10-19 19:43:22", "elapsed": 38.589932, "delta": 0.338189}}
