{"target": -526.68718947103, "params": {"x1": 435.0140248847466, "x2": 418.36546605168894, "x3": 447.0488658481704, "x4": 214.8009422972873, "x5": -263.7946301075904}, "datetime": {"datetime": "2020-10-19 19:45:21", "elapsed": 157.594034, "delta": 0.55636}}
{"target": -139.5107320812931, "params": {"x1": 417.7712205009906, "x2": 419.5253135546104, "x3": -303.7935009999104, "x4": 418.55305450404734, "x5": -301.4581602997489}, "datetime": {"datetime": "2020-10-19 19:45:22", "elapsed": 158.484831, "delta": 0.890797}}
{"target": -1252.748491651074, "params": {"x1": 210.60419864417486, "x2": 384.16351776559304, "x3": -184.73547583093352, "x4": 481.36165320038003, "x5": 424.40733053292433}, "datetime": {"datetime": "2020-10-19 19:45:23", "elapsed": 159.098927, "delta": 0.614096}}
{"target": -974.1700507037767, "params": {"x1": 387.72872710579395, "x2": 333.3814310047144, "x3": -314.3545815523984, "x4": 397.74410640334133, "x5": -290.03683518856747}, "datetime": {"datetime": "2020-10-19 19:45:24", "elapsed": 159.98882, "delta": 0.889893}}
{"target": -451.7878129484084, "params": {"x1": 441.0520966653198, "x2": 433.46004961325696, "x3": -279.896804970836, "x4": 397.0123402268506, "x5": -333.20785160232913}, "datetime": {"datetime": "2020-10-19 19:45:25", "elapsed": 160.911847, "delta": 0.923027}}
{"target": -771.4389645377321, "params": {"x1": 242.79941557505333, "x2": 463.03112823354434, "x3": -308.37111424024044, "x4": 420.12757734725153, "x5": -318.8958959484737}, "datetime": {"datetime": "2020-10-19 19:45:25", "elapsed": 161.458575, "delta": 0.546728}}
{"target": -1109.9408348194397, "params": {"x1": 361.47905015091203, "x2": 462.6172277280598, "x3": -268.1090694888932, "x4": 416.43113020465, "x5": -94.89396037861098}, "datetime": {"datetime": "2020-10-19 19:45:26", "elapsed": 162.059538, "delta": 0.600963}}
{"target": -1156.0725239640456, "params": {"x1": 187.08862989688885, "x2": 486.67252457677034, "x3": -130.94537104261684, "x4": 433.9565317710442, "x5": 375.4824815377858}, "datetime": {"datetime": "2020-10-19 19:45:26", "elapsed": 162.587267, "delta": 0.527729}}
{"target": -565.4332137668405, "params": {"x1": 205.7627854318387, "x2": 436.3858722281657, "x3": -118.09428717726763, "x4": 426.9190025447031, "x5": 390.30420652633137}, "datetime": {"datetime": "2020-10-19 19:45:27", "elapsed": 163.274493, "delta": 0.687226}}
{"target": -965.40371204028, "params": {"x1": 177.76056976749166, "x2": 465.54866868221654, "x3": -297.9353665589515, "x4": 436.81742279592225, "x5": -95.6626627013647}, "datetime": {"datetime": "2020-10-19 19:45:28", "elapsed": 164.254649, "delta": 0.980156}}
{"target": -494.94001306863083, "params": {"x1": 434.38723612679945, "x2": 417.79553222278145, "x3": 445.42404602141517, "x4": 210.80750194175795, "x5": -265.28255507606195}, "datetime": {"datetime": "2020-10-19 19:45:29", "elapsed": 165.016423, "delta": 0.761774}}
{"target": -857.3494671958433, "params": {"x1": 453.52814639747976, "x2": 434.08598584235233, "x3": 455.87533381329183, "x4": 123.75908457920059, "x5": -303.86581659126136}, "datetime": {"datetime": "2020-10-19 19:45:30", "elapsed": 165.831811, "delta": 0.815388}}
{"target": -516.8820138912351, "params": {"x1": 419.94042151634414, "x2": 417.8968390945459, "x3": 421.3178892046994, "x4": 104.92986947148357, "x5": -305.9575248726443}, "datetime": {"datetime": "2020-10-19 19:45:30", "elapsed": 166.668348, "delta": 0.836537}}
{"target": -844.7080541632367, "params": {"x1": 410.55290439936914, "x2": 377.97003547134216, "x3": -327.2286857582568, "x4": 402.12069350142576, "x5": -362.33464826451956}, "datetime": {"datetime": "2020-10-19 19:45:31", "elapsed": 167.524518, "delta": 0.85617}}
{"target": -995.3187562745281, "params": {"x1": 184.80645676063477, "x2": 376.6410129621677, "x3": -247.5888416118216, "x4": 420.89466020907753, "x5": -328.7400951917987}, "datetime": {"datetime": "2020-10-19 19:45:32", "elapsed": 168.231608, "delta": 0.70709}}
{"target": -1213.9611545661505, "params": {"x1": 360.41869852627565, "x2": 461.77288280149344, "x3": 446.6134187313161, "x4": 121.69382348087584, "x5": -295.23112636568635}, "datetime": {"datetime": "2020-10-19 19:45:33", "elapsed": 169.115951, "delta": 0.884343}}
{"target": -894.1612799366533, "params": {"x1": 149.33284919520588, "x2": 378.2043252758168, "x3": -281.68605314645447, "x4": 407.3330596787347, "x5": -309.2479219977111}, "datetime": {"datetime": "2020-10-19 19:45:34", "elapsed": 169.985178, "delta": 0.869227}}
