{"target": -15.493671233296084, "params": {"x1": -1.6595599059485195, "x2": 4.4064898688431615, "x3": -9.997712503653101, "x4": -3.9533485473632046, "x5": -7.064882183657739}, "datetime": {"datetime": "2020-10-16 17:36:09", "elapsed": 0.0, "delta": 0.0}}
{"target": -16.69795905337171, "params": {"x1": 5.608462173129393, "x2": 8.973735648275184, "x3": -5.318671698003737, "x4": 8.65715399548462, "x5": -4.893379370467638}, "datetime": {"datetime": "2020-10-16 17:36:09", "elapsed": 0.024793, "delta": 0.024793}}
{"target": -10.4233794941168, "params": {"x1": -4.002027342759032, "x2": -0.8307456005155913, "x3": 1.7227550937265939, "x4": 4.861753588049966, "x5": -0.5160482932681614}, "datetime": {"datetime": "2020-10-16 17:36:09", "elapsed": 0.054398, "delta": 0.029605}}
{"target": -14.087438054250642, "params": {"x1": 4.723576065547414, "x2": 3.809206729950258, "x3": -8.08271098028885, "x4": 3.4924938057710424, "x5": 3.0375313094791174}, "datetime": {"datetime": "2020-10-16 17:36:09", "elapsed": 0.088549, "delta": 0.034151}}
{"target": -15.423074023491113, "params": {"x1": -2.2304491951453347, "x2": 8.515044119531364, "x3": 6.975343604126888, "x4": 1.730678967238493, "x5": -5.612269735948754}, "datetime": {"datetime": "2020-10-16 17:36:09", "elapsed": 0.129528, "delta": 0.040979}}
{"target": -15.49870437132253, "params": {"x1": -8.382009649417794, "x2": 6.999355264582189, "x3": 6.025626494953894, "x4": 3.758074768905784, "x5": 5.120282427405646}, "datetime": {"datetime": "2020-10-16 17:36:09", "elapsed": 0.168942, "delta": 0.039414}}
{"target": -16.837702659390445, "params": {"x1": -5.323096143116707, "x2": -7.2524210511982705, "x3": 7.679230255244811, "x4": -9.882322265533062, "x5": 4.978138871647866}, "datetime": {"datetime": "2020-10-16 17:36:09", "elapsed": 0.20881, "delta": 0.039868}}
{"target": -15.811365685065974, "params": {"x1": 1.0088791536638286, "x2": -5.7189705179324, "x3": 9.653335528395019, "x4": -1.4728978038180074, "x5": 6.500978291753437}, "datetime": {"datetime": "2020-10-16 17:36:09", "elapsed": 0.249001, "delta": 0.040191}}
{"target": -10.374521981612737, "params": {"x1": 3.2268082496397117, "x2": 0.08494768818439091, "x3": -4.778550450712036, "x4": 2.4460442256366726, "x5": -1.8637985901492744}, "datetime": {"datetime": "2020-10-16 17:36:09", "elapsed": 0.288618, "delta": 0.039617}}
{"target": -8.595349060367013, "params": {"x1": 1.2820890546439232, "x2": -0.39082162049751507, "x3": -3.008900663238526, "x4": 3.043850574766843, "x5": -1.455812125721041}, "datetime": {"datetime": "2020-10-16 17:36:09", "elapsed": 0.602934, "delta": 0.314316}}
{"target": -8.452883651805188, "params": {"x1": -0.3788305097989232, "x2": -1.15734467583847, "x3": -1.6255072321899304, "x4": 3.687849865333406, "x5": -1.2614005852939756}, "datetime": {"datetime": "2020-10-16 17:36:10", "elapsed": 1.025931, "delta": 0.422997}}
{"target": -8.058810256959767, "params": {"x1": 1.3145739263532306, "x2": -1.8198891977237126, "x3": -1.3541235542085965, "x4": 2.710190905962121, "x5": -1.4200977353040671}, "datetime": {"datetime": "2020-10-16 17:36:10", "elapsed": 1.530829, "delta": 0.504898}}
{"target": -9.698720315193906, "params": {"x1": 1.0341532011473145, "x2": -3.018238172327076, "x3": -2.607244333749912, "x4": 3.4284773706796803, "x5": -1.520069638399082}, "datetime": {"datetime": "2020-10-16 17:36:11", "elapsed": 2.001755, "delta": 0.470926}}
{"target": -6.128499487825476, "params": {"x1": 0.8245750796570339, "x2": -0.1777304571231072, "x3": -0.5196318386558287, "x4": 2.136817632942737, "x5": -1.4092271091436228}, "datetime": {"datetime": "2020-10-16 17:36:11", "elapsed": 2.458147, "delta": 0.456392}}
{"target": -5.256878065229596, "params": {"x1": 0.2989954146834793, "x2": 0.15316217625756826, "x3": -0.4109670534921241, "x4": 1.174686101004802, "x5": -1.622629726227843}, "datetime": {"datetime": "2020-10-16 17:36:12", "elapsed": 2.976125, "delta": 0.517978}}
{"target": -3.675976549829887, "params": {"x1": 0.24549907610242794, "x2": 0.23881392765876505, "x3": -0.3208163154943199, "x4": 0.46957200316006814, "x5": -0.7994414437659862}, "datetime": {"datetime": "2020-10-16 17:36:12", "elapsed": 3.490895, "delta": 0.51477}}
{"target": -2.8795747990008955, "params": {"x1": 0.2030435039698435, "x2": 0.058216516700985495, "x3": -0.5657832333981166, "x4": 0.3962407135773975, "x5": 0.057888873122882004}, "datetime": {"datetime": "2020-10-16 17:36:13", "elapsed": 4.001072, "delta": 0.510177}}
{"target": -3.603473382621104, "params": {"x1": 0.18426056827929418, "x2": 0.5897407299430986, "x3": -0.34213756264343526, "x4": 0.2364408472771162, "x5": 0.5306612325119285}, "datetime": {"datetime": "2020-10-16 17:36:13", "elapsed": 4.703867, "delta": 0.702795}}
{"target": -2.7580978104317317, "params": {"x1": 0.16814406109895375, "x2": -0.5300058342915375, "x3": -0.29177081054752374, "x4": 0.14731573029489864, "x5": 0.137222549218076}, "datetime": {"datetime": "2020-10-16 17:36:14", "elapsed": 5.414805, "delta": 0.710938}}
{"target": -3.5311882624063493, "params": {"x1": 0.4004806934448722, "x2": -0.3940001974174247, "x3": -0.8769593025637864, "x4": -0.24937564147327618, "x5": 0.04787647922440306}, "datetime": {"datetime": "2020-10-16 17:36:15", "elapsed": 6.003931, "delta": 0.589126}}
{"target": -3.530401666135262, "params": {"x1": -0.4944827078937709, "x2": -0.3552738239351929, "x3": -0.37785388157223804, "x4": 0.4081766525214283, "x5": 0.10500769214442449}, "datetime": {"datetime": "2020-10-16 17:36:15", "elapsed": 6.542683, "delta": 0.538752}}
{"target": -3.681186781800001, "params": {"x1": 0.6885464444531, "x2": -0.37174463121322743, "x3": -0.10664340614787775, "x4": 0.6259689726929152, "x5": 0.2569569505538509}, "datetime": {"datetime": "2020-10-16 17:36:15", "elapsed": 6.899097, "delta": 0.356414}}
{"target": -0.7942395322883549, "params": {"x1": 0.14337379148819512, "x2": -0.08829632585445751, "x3": -0.0901917287551483, "x4": -0.08950615497946049, "x5": -0.005100201177907188}, "datetime": {"datetime": "2020-10-16 17:36:16", "elapsed": 7.639626, "delta": 0.740529}}
{"target": -1.7336197485383416, "params": {"x1": 0.11417732043487736, "x2": 0.0762568296103687, "x3": 0.1282569283535396, "x4": -0.3499662893590704, "x5": -0.0746845316987225}, "datetime": {"datetime": "2020-10-16 17:36:16", "elapsed": 7.846927, "delta": 0.207301}}
{"target": -0.6569945765006544, "params": {"x1": 0.13858971850066665, "x2": 0.01995799659186136, "x3": 0.05893905391096853, "x4": 0.10233422038926336, "x5": -0.02608346584872387}, "datetime": {"datetime": "2020-10-16 17:36:17", "elapsed": 7.99586, "delta": 0.148933}}
{"target": -3.7723333719989327, "params": {"x1": 0.11936964487278345, "x2": -0.17682004409363472, "x3": -1.0622097954423353, "x4": -0.4129231158563371, "x5": 0.731972870137179}, "datetime": {"datetime": "2020-10-16 17:36:17", "elapsed": 8.086479, "delta": 0.090619}}
{"target": -5.824414690986334, "params": {"x1": 0.12144090676578045, "x2": -0.16893758453863228, "x3": -2.5731632791880106, "x4": -0.43292188611244775, "x5": 0.057942134632263276}, "datetime": {"datetime": "2020-10-16 17:36:17", "elapsed": 8.17561, "delta": 0.089131}}
{"target": -4.410430887736197, "params": {"x1": -0.4694481827488488, "x2": 1.1442792950159504, "x3": -0.28475883137303093, "x4": 0.30307624880712325, "x5": 0.5567239875483221}, "datetime": {"datetime": "2020-10-16 17:36:17", "elapsed": 8.241652, "delta": 0.066042}}
{"target": -5.175263804577831, "params": {"x1": -1.2933912047780005, "x2": 1.7319713657162428, "x3": 0.15404668393312626, "x4": -0.00986663726692072, "x5": -1.1211320512483187}, "datetime": {"datetime": "2020-10-16 17:36:17", "elapsed": 8.341865, "delta": 0.100213}}
{"target": -0.3777175452369761, "params": {"x1": -0.09167599111135066, "x2": 0.06684247859042904, "x3": -0.029308554427963793, "x4": 0.03195172362886616, "x5": -0.025069632487208813}, "datetime": {"datetime": "2020-10-16 17:36:17", "elapsed": 8.494549, "delta": 0.152684}}
{"target": -0.9101556634695989, "params": {"x1": -0.10223424098950405, "x2": -0.018719847726971044, "x3": 0.007605341550884265, "x4": 0.0466271247573053, "x5": -0.20853842143968063}, "datetime": {"datetime": "2020-10-16 17:36:17", "elapsed": 8.625865, "delta": 0.131316}}
{"target": -3.744242991548635, "params": {"x1": 0.7924350977517403, "x2": -0.22867509055091517, "x3": 0.1169011141385301, "x4": 0.6520339073304378, "x5": -0.8556780022907855}, "datetime": {"datetime": "2020-10-16 17:36:17", "elapsed": 8.688878, "delta": 0.063013}}
{"target": -3.7364123303377, "params": {"x1": 1.1204865401072546, "x2": -1.0087228965172645, "x3": -0.9084023649849566, "x4": 0.8638258972978203, "x5": 0.11923562624471273}, "datetime": {"datetime": "2020-10-16 17:36:17", "elapsed": 8.760028, "delta": 0.07115}}
{"target": -6.277626679058507, "params": {"x1": 0.7911112562437701, "x2": -0.3650098274028828, "x3": -1.4832145030346382, "x4": -0.25675099597948403, "x5": 2.160009270370484}, "datetime": {"datetime": "2020-10-16 17:36:18", "elapsed": 8.916543, "delta": 0.156515}}
{"target": -6.231869628929033, "params": {"x1": 1.4770679905074537, "x2": -1.5543601343260267, "x3": -0.40069496350619715, "x4": 0.25664397509205017, "x5": 1.2784375975474997}, "datetime": {"datetime": "2020-10-16 17:36:18", "elapsed": 8.99759, "delta": 0.081047}}
{"target": -0.9280936333125034, "params": {"x1": -0.12202781503028048, "x2": 0.014374337821783208, "x3": 0.07804444301574608, "x4": 0.00313998809982082, "x5": 0.1891718187966055}, "datetime": {"datetime": "2020-10-16 17:36:18", "elapsed": 9.138801, "delta": 0.141211}}
{"target": -3.8144366600922126, "params": {"x1": -0.16485519417138406, "x2": -1.1591665143367216, "x3": 0.7416628845874094, "x4": 0.06063028850623908, "x5": -0.35035680957092197}, "datetime": {"datetime": "2020-10-16 17:36:18", "elapsed": 9.229905, "delta": 0.091104}}
{"target": -5.50161002315663, "params": {"x1": 0.24894466345634036, "x2": -1.109779246540171, "x3": 1.385589762268065, "x4": 1.2355732386834912, "x5": 0.49743397774387077}, "datetime": {"datetime": "2020-10-16 17:36:18", "elapsed": 9.319362, "delta": 0.089457}}
{"target": -5.115370118471528, "params": {"x1": -1.2394616971181964, "x2": -1.3718629055367497, "x3": 0.1506204845320962, "x4": 1.1801076232087109, "x5": 0.17412350219627726}, "datetime": {"datetime": "2020-10-16 17:36:18", "elapsed": 9.43434, "delta": 0.114978}}
{"target": -3.7624264782485, "params": {"x1": -1.1707478775714737, "x2": 1.0712925703659266, "x3": -0.8921881875527777, "x4": 0.03916654125211316, "x5": 0.20396256454850992}, "datetime": {"datetime": "2020-10-16 17:36:18", "elapsed": 9.511981, "delta": 0.077641}}
{"target": -1.2411832662210784, "params": {"x1": -0.036421076671904334, "x2": 0.2459570182600972, "x3": -0.1616499509633326, "x4": -0.04351686404225934, "x5": -0.017322340531665183}, "datetime": {"datetime": "2020-10-16 17:36:18", "elapsed": 9.635234, "delta": 0.123253}}
{"target": -5.410263659237252, "params": {"x1": -0.01381495055470694, "x2": 1.4563140553700915, "x3": -0.9720015577367391, "x4": 1.117581894638013, "x5": -1.3407309967701675}, "datetime": {"datetime": "2020-10-16 17:36:18", "elapsed": 9.713706, "delta": 0.078472}}
{"target": -0.563963139192655, "params": {"x1": -0.051147024405688385, "x2": -0.005644696669998701, "x3": -0.06749740961467236, "x4": 0.14057959387080052, "x5": 0.026868153323668872}, "datetime": {"datetime": "2020-10-16 17:36:18", "elapsed": 9.865102, "delta": 0.151396}}
{"target": -5.141366729303307, "params": {"x1": 0.2893234436889731, "x2": 0.6720766568568628, "x3": 0.5767449852540789, "x4": 1.5811917029129425, "x5": -0.22877395589062033}, "datetime": {"datetime": "2020-10-16 17:36:19", "elapsed": 9.959213, "delta": 0.094111}}
{"target": -6.052641344385549, "params": {"x1": -1.7103264600057582, "x2": -1.4762775264218035, "x3": -0.9718850873564548, "x4": 0.7523645633584213, "x5": 0.7158349307308711}, "datetime": {"datetime": "2020-10-16 17:36:19", "elapsed": 10.046678, "delta": 0.087465}}
{"target": -0.8963754597600229, "params": {"x1": -0.10821713579755651, "x2": 0.1327672547025222, "x3": 0.08884413006198834, "x4": 0.12280941463745992, "x5": -0.01997785288512508}, "datetime": {"datetime": "2020-10-16 17:36:19", "elapsed": 10.179491, "delta": 0.132813}}
{"target": -4.426730580021136, "params": {"x1": 0.9639037941852777, "x2": 0.773638349546431, "x3": 0.31547576683258427, "x4": -0.6152043933935225, "x5": -0.5187801083486718}, "datetime": {"datetime": "2020-10-16 17:36:19", "elapsed": 10.286228, "delta": 0.106737}}
{"target": -5.700514281528953, "params": {"x1": 0.977071447665125, "x2": -1.4167229875028386, "x3": 0.8951055731016453, "x4": 1.6606265465846661, "x5": -0.2236079452534785}, "datetime": {"datetime": "2020-10-16 17:36:19", "elapsed": 10.381946, "delta": 0.095718}}
{"target": -5.954251227695668, "params": {"x1": -1.452264631362949, "x2": -1.1211847994508197, "x3": 0.8946944462436601, "x4": -0.49124164550073246, "x5": -1.3814690565184584}, "datetime": {"datetime": "2020-10-16 17:36:19", "elapsed": 10.495898, "delta": 0.113952}}
{"target": -4.608841661576584, "params": {"x1": 0.8602396051145469, "x2": -0.5912005863961021, "x3": 0.9887055196837977, "x4": -0.6325877741668471, "x5": -0.6946901185569203}, "datetime": {"datetime": "2020-10-16 17:36:19", "elapsed": 10.642451, "delta": 0.146553}}
{"target": -0.5054057218610026, "params": {"x1": -0.11279308360915284, "x2": -0.053097771910370926, "x3": -0.0561390656198355, "x4": -0.06836841657973076, "x5": 0.006578305629522163}, "datetime": {"datetime": "2020-10-16 17:36:19", "elapsed": 10.868584, "delta": 0.226133}}
{"target": -3.527816552735448, "params": {"x1": -1.263438241207787, "x2": -0.3362725817142387, "x3": 0.14184922665403832, "x4": 0.12079348801860235, "x5": -0.015211236860363186}, "datetime": {"datetime": "2020-10-16 17:36:20", "elapsed": 10.979823, "delta": 0.111239}}
{"target": -0.02699284619208342, "params": {"x1": -0.004798638807391463, "x2": 0.009908385872376286, "x3": 0.004466456960716681, "x4": -0.007269066440310133, "x5": 0.0004089348145657646}, "datetime": {"datetime": "2020-10-16 17:36:20", "elapsed": 11.148598, "delta": 0.168775}}
{"target": -5.683776710106738, "params": {"x1": -1.4149053798066724, "x2": -0.5869152769146382, "x3": -0.39792731204259724, "x4": 0.6551745699167117, "x5": -1.2828793880352087}, "datetime": {"datetime": "2020-10-16 17:36:20", "elapsed": 11.241816, "delta": 0.093218}}
{"target": -5.658002841117476, "params": {"x1": 0.755620458281621, "x2": -0.8625488224620899, "x3": -1.5397359247762932, "x4": -1.2090809393155375, "x5": 1.1432502803519107}, "datetime": {"datetime": "2020-10-16 17:36:20", "elapsed": 11.358373, "delta": 0.116557}}
{"target": -5.217610341586635, "params": {"x1": -0.021782920217052748, "x2": -1.1940800339292288, "x3": 0.486009042475267, "x4": -2.0923248706863724, "x5": -0.12865944194392753}, "datetime": {"datetime": "2020-10-16 17:36:20", "elapsed": 11.452305, "delta": 0.093932}}
{"target": -5.058883161247248, "params": {"x1": -1.4314896688368446, "x2": 0.8605458029822639, "x3": 0.22512115405266897, "x4": -0.4368229414736149, "x5": 0.6470823443030795}, "datetime": {"datetime": "2020-10-16 17:36:20", "elapsed": 11.567317, "delta": 0.115012}}
{"target": -4.514538984154207, "params": {"x1": -0.46748784528952214, "x2": 0.9541698554960742, "x3": -0.43393520252346285, "x4": 0.7726776829861652, "x5": 0.585688545416307}, "datetime": {"datetime": "2020-10-16 17:36:20", "elapsed": 11.666297, "delta": 0.09898}}
{"target": -6.1679599947907064, "params": {"x1": -1.2968513567641615, "x2": 2.1438224928721468, "x3": 1.2222205084423443, "x4": -0.18519547486827115, "x5": -0.6650931365676627}, "datetime": {"datetime": "2020-10-16 17:36:20", "elapsed": 11.766149, "delta": 0.099852}}
{"target": -3.6120877672661855, "params": {"x1": -0.09013068210730424, "x2": -0.0881793589617903, "x3": -1.7953909536274146, "x4": 0.12182443063071702, "x5": -0.03092544235196293}, "datetime": {"datetime": "2020-10-16 17:36:20", "elapsed": 11.890013, "delta": 0.123864}}
