{"target": -99.99856944224096, "params": {"x1": 87.75106601410772, "x2": 0.7933734803264745, "x3": -1.9229568755479653, "x4": 0.20929771789551932, "x5": -1.6949323275486612}, "datetime": {"datetime": "2020-10-20 11:29:15", "elapsed": 0.0, "delta": 0.0}}
{"target": -99.99999994512329, "params": {"x1": 88.99468332395931, "x2": -1.3618551255430689, "x3": 1.0313577605894373, "x4": 1.748996325456264, "x5": 0.6807038910901047}, "datetime": {"datetime": "2020-10-20 11:29:15", "elapsed": 0.14785, "delta": 0.14785}}
{"target": -99.9999999678009, "params": {"x1": 88.99662322754335, "x2": 1.5342844342751483, "x3": -1.9119935323693982, "x4": -0.6938148928201076, "x5": -2.1012525900088974}, "datetime": {"datetime": "2020-10-20 11:29:15", "elapsed": 0.379191, "delta": 0.231341}}
{"target": -99.9999999694597, "params": {"x1": 86.55168760109105, "x2": -1.0347243363148655, "x3": 1.0759395160054928, "x4": 2.2715553745684867, "x5": -1.2132961185503948}, "datetime": {"datetime": "2020-10-20 11:29:16", "elapsed": 0.695762, "delta": 0.316571}}
{"target": -99.99999993612283, "params": {"x1": 87.05953951463762, "x2": 1.536481760847023, "x3": -1.6537285754879916, "x4": -0.6301263199489894, "x5": 0.7230439471236307}, "datetime": {"datetime": "2020-10-20 11:29:16", "elapsed": 1.204056, "delta": 0.508294}}
{"target": -99.99999948728323, "params": {"x1": 89.0090969830062, "x2": -1.061184158664069, "x3": -1.8486585100263713, "x4": 2.028147519259635, "x5": -1.9551464090330546}, "datetime": {"datetime": "2020-10-20 11:29:17", "elapsed": 1.663388, "delta": 0.459332}}
{"target": -99.9999999428536, "params": {"x1": 86.85338291859924, "x2": 1.5740288077131654, "x3": 0.9701964110056684, "x4": -0.513465070573146, "x5": -1.789258913152634}, "datetime": {"datetime": "2020-10-20 11:29:17", "elapsed": 2.070763, "delta": 0.407375}}
{"target": -99.99999997542577, "params": {"x1": 86.57003624905414, "x2": -1.2341845207918571, "x3": -1.9165453649951405, "x4": 1.8570723783064282, "x5": 0.6842816726155472}, "datetime": {"datetime": "2020-10-20 11:29:18", "elapsed": 2.564773, "delta": 0.49401}}
{"target": -99.99999997456413, "params": {"x1": 89.4361370158904, "x2": 1.5836012737072367, "x3": 0.9630557517576845, "x4": 2.1844738857865416, "x5": -1.9430364484672125}, "datetime": {"datetime": "2020-10-20 11:29:18", "elapsed": 3.01961, "delta": 0.454837}}
{"target": -99.99999996885062, "params": {"x1": 89.24670208441036, "x2": -1.2890716893235035, "x3": -1.8292890716130752, "x4": -0.5722535312334778, "x5": 0.49605747366656816}, "datetime": {"datetime": "2020-10-20 11:29:18", "elapsed": 3.497691, "delta": 0.478081}}
{"target": -99.99999957395383, "params": {"x1": 86.53219298382002, "x2": 1.382562691067461, "x3": 0.9436397296758401, "x4": 0.32864464656398273, "x5": 0.6192081777632255}, "datetime": {"datetime": "2020-10-20 11:29:19", "elapsed": 4.029808, "delta": 0.532117}}
{"target": -99.99999988421851, "params": {"x1": 86.74638152405252, "x2": -0.04075622651299304, "x3": -1.6127223022348547, "x4": -0.6806487982636897, "x5": 0.8480137427040289}, "datetime": {"datetime": "2020-10-20 11:29:20", "elapsed": 4.626929, "delta": 0.597121}}
{"target": -99.99999996652602, "params": {"x1": 89.4453112062294, "x2": 1.4513938539791966, "x3": 1.0676600957131985, "x4": 1.6563096563938624, "x5": -1.8833745321378803}, "datetime": {"datetime": "2020-10-20 11:29:20", "elapsed": 5.383637, "delta": 0.756708}}
{"target": -99.99999985963439, "params": {"x1": 89.4135634559795, "x2": -0.9835030969061801, "x3": 0.3934600037276239, "x4": 2.0532978254651795, "x5": -2.1267591564504755}, "datetime": {"datetime": "2020-10-20 11:29:21", "elapsed": 5.895924, "delta": 0.512287}}
{"target": -99.99999988143816, "params": {"x1": 89.35583624094099, "x2": -1.0795614488450842, "x3": -1.8209420522130537, "x4": -0.5475536277608366, "x5": 0.4259229146849357}, "datetime": {"datetime": "2020-10-20 11:29:22", "elapsed": 6.636855, "delta": 0.740931}}
{"target": -99.99999103768398, "params": {"x1": 88.52663097440185, "x2": 1.2964974339577648, "x3": 0.9255288079046726, "x4": -0.45922940857603, "x5": -1.9361024412628727}, "datetime": {"datetime": "2020-10-20 11:29:22", "elapsed": 7.244615, "delta": 0.60776}}
{"target": -99.99999850843368, "params": {"x1": 89.14010879902503, "x2": 1.2551812434427219, "x3": -1.8367850978194311, "x4": 1.5855230703179226, "x5": 0.7798949578880761}, "datetime": {"datetime": "2020-10-20 11:29:23", "elapsed": 7.884763, "delta": 0.640148}}
{"target": -99.99999996790983, "params": {"x1": 86.54108547600326, "x2": -1.2685582866807197, "x3": 1.0715796874460095, "x4": 1.499111536203922, "x5": 0.8591662022401989}, "datetime": {"datetime": "2020-10-20 11:29:24", "elapsed": 8.622974, "delta": 0.738211}}
{"target": -99.99999875991725, "params": {"x1": 86.62188607819907, "x2": -0.5886888527697646, "x3": -1.8277932846277332, "x4": -0.3984271785311899, "x5": -1.8486827683367175}, "datetime": {"datetime": "2020-10-20 11:29:24", "elapsed": 9.121432, "delta": 0.498458}}
{"target": -99.99955802418785, "params": {"x1": 86.63412792402222, "x2": -0.9789815429377722, "x3": 0.9162240730045033, "x4": 1.1945793803916087, "x5": -0.8037361014536257}, "datetime": {"datetime": "2020-10-20 11:29:25", "elapsed": 9.72868, "delta": 0.607248}}
{"target": -99.9999998183485, "params": {"x1": 89.20991128691314, "x2": 1.5343110089639942, "x3": -0.8615697753833476, "x4": -0.6063050062202751, "x5": -2.057044313429009}, "datetime": {"datetime": "2020-10-20 11:29:25", "elapsed": 10.397261, "delta": 0.668581}}
{"target": -99.99995285889719, "params": {"x1": 86.52093558939748, "x2": 0.77369295255868, "x3": 0.45877793658959365, "x4": 2.128991028289434, "x5": -1.3715101690354714}, "datetime": {"datetime": "2020-10-20 11:29:26", "elapsed": 10.87049, "delta": 0.473229}}
{"target": -99.99998327428095, "params": {"x1": 88.13459327367266, "x2": -0.7071761516430328, "x3": -1.9116858281972267, "x4": -0.1963877049708348, "x5": 0.7516128928851451}, "datetime": {"datetime": "2020-10-20 11:29:27", "elapsed": 11.560868, "delta": 0.690378}}
{"target": -99.99999994963802, "params": {"x1": 88.93519742862793, "x2": -1.2145011465459403, "x3": -1.8063730383665009, "x4": 2.240506499313394, "x5": -1.9393325576896943}, "datetime": {"datetime": "2020-10-20 11:29:27", "elapsed": 12.258183, "delta": 0.697315}}
{"target": -99.99996355166492, "params": {"x1": 89.38076480348644, "x2": -0.9332110366626116, "x3": 0.07779511473979128, "x4": -0.6680634436188044, "x5": -0.1699450238132092}, "datetime": {"datetime": "2020-10-20 11:29:28", "elapsed": 12.962945, "delta": 0.704762}}
{"target": -99.99999952881684, "params": {"x1": 89.27749407733353, "x2": 0.31806197639900224, "x3": -1.7025677789668547, "x4": 2.238981864000503, "x5": 0.7630350944075932}, "datetime": {"datetime": "2020-10-20 11:29:28", "elapsed": 13.497096, "delta": 0.534151}}
{"target": -99.99999996961341, "params": {"x1": 89.49920764947151, "x2": 1.521210628177044, "x3": 0.8306633695647239, "x4": 2.2555313108914063, "x5": 0.8073730360632299}, "datetime": {"datetime": "2020-10-20 11:29:29", "elapsed": 14.132363, "delta": 0.635267}}
{"target": -99.99996926308788, "params": {"x1": 86.69810619457337, "x2": -0.47947651212758413, "x3": 1.0476383048324547, "x4": -0.4342864408024656, "x5": -0.7827670240711186}, "datetime": {"datetime": "2020-10-20 11:29:30", "elapsed": 14.768027, "delta": 0.635664}}
{"target": -99.9995985669963, "params": {"x1": 88.55247088294085, "x2": 0.10125313805729785, "x3": -1.7268216524501536, "x4": 2.2820078001039477, "x5": -1.3635667374234663}, "datetime": {"datetime": "2020-10-20 11:29:30", "elapsed": 15.46527, "delta": 0.697243}}
{"target": -99.99999707962515, "params": {"x1": 86.51194771611709, "x2": -0.42267390209307487, "x3": 1.0299304482986005, "x4": 0.6070455940232224, "x5": -1.869605944865322}, "datetime": {"datetime": "2020-10-20 11:29:31", "elapsed": 16.205775, "delta": 0.740505}}
{"target": -99.99999993747676, "params": {"x1": 89.09185319551457, "x2": 0.009160148975194016, "x3": -1.8954708702070269, "x4": -0.5814565864625488, "x5": -2.1338527026803815}, "datetime": {"datetime": "2020-10-20 11:29:32", "elapsed": 16.866829, "delta": 0.661054}}
{"target": -99.99824043903753, "params": {"x1": 89.31916895306867, "x2": 0.6547553465823892, "x3": -1.6310848875644466, "x4": 1.8703190936408174, "x5": -0.17882712738701834}, "datetime": {"datetime": "2020-10-20 11:29:33", "elapsed": 17.561119, "delta": 0.69429}}
{"target": -99.99999997310726, "params": {"x1": 88.86182912598998, "x2": 1.5752202306562384, "x3": -1.8734603691023097, "x4": 2.1104288934865005, "x5": -2.0754646985540197}, "datetime": {"datetime": "2020-10-20 11:29:33", "elapsed": 18.351107, "delta": 0.789988}}
{"target": -99.99999990721116, "params": {"x1": 89.37789010770919, "x2": -0.9656858984573603, "x3": -1.73376927666125, "x4": -0.6513799042511288, "x5": 0.4775535701211795}, "datetime": {"datetime": "2020-10-20 11:29:34", "elapsed": 19.027829, "delta": 0.676722}}
{"target": -99.99999997385177, "params": {"x1": 86.50239348407091, "x2": 1.1744663459446119, "x3": -1.6761652281763795, "x4": 2.0811916625208466, "x5": 0.8222197091397936}, "datetime": {"datetime": "2020-10-20 11:29:35", "elapsed": 19.789923, "delta": 0.762094}}
{"target": -99.77262742197388, "params": {"x1": 87.3702874584661, "x2": -1.0404895500104423, "x3": -1.4943075026685018, "x4": 0.9526988650500263, "x5": -0.7378355402991468}, "datetime": {"datetime": "2020-10-20 11:29:35", "elapsed": 20.547334, "delta": 0.757411}}
{"target": -99.99999996875104, "params": {"x1": 86.5, "x2": -1.3676, "x3": -1.2758412232481875, "x4": 1.9941581048801151, "x5": -2.1352}, "datetime": {"datetime": "2020-10-20 11:29:36", "elapsed": 21.358223, "delta": 0.810889}}
{"target": -99.97088576406352, "params": {"x1": 87.83794754603295, "x2": -1.3676, "x3": -0.8615630565288708, "x4": 0.45635583015036063, "x5": -1.1774578602987804}, "datetime": {"datetime": "2020-10-20 11:29:37", "elapsed": 21.895939, "delta": 0.537716}}
{"target": -99.99999997200266, "params": {"x1": 89.49390583281503, "x2": 1.510175629792955, "x3": 1.0690978706377325, "x4": -0.3467738320483621, "x5": 0.7259842074080973}, "datetime": {"datetime": "2020-10-20 11:29:37", "elapsed": 22.435088, "delta": 0.539149}}
{"target": -99.99997968659746, "params": {"x1": 86.5, "x2": -0.5218777555420336, "x3": -1.9233, "x4": 1.0405358085389762, "x5": -0.6710105689357956}, "datetime": {"datetime": "2020-10-20 11:29:38", "elapsed": 23.028164, "delta": 0.593076}}
{"target": -99.99997169535116, "params": {"x1": 87.56657226997628, "x2": -0.2009902401419329, "x3": -0.2902181073166598, "x4": 2.3023, "x5": 0.8648}, "datetime": {"datetime": "2020-10-20 11:29:39", "elapsed": 23.693372, "delta": 0.665208}}
{"target": -99.99999995007308, "params": {"x1": 89.5, "x2": -1.3676, "x3": 1.0767, "x4": -0.6977, "x5": 0.8648}, "datetime": {"datetime": "2020-10-20 11:29:39", "elapsed": 24.200124, "delta": 0.506752}}
{"target": -99.9999999499264, "params": {"x1": 86.5, "x2": 1.6324, "x3": 1.0767, "x4": 2.3023, "x5": 0.8648}, "datetime": {"datetime": "2020-10-20 11:29:40", "elapsed": 24.753405, "delta": 0.553281}}
{"target": -99.99999218100913, "params": {"x1": 87.96150456053996, "x2": -1.3676, "x3": -1.9233, "x4": 1.7087732555715676, "x5": -0.3464546305757705}, "datetime": {"datetime": "2020-10-20 11:29:40", "elapsed": 25.336258, "delta": 0.582853}}
{"target": -99.99999995862554, "params": {"x1": 86.5, "x2": -1.3676, "x3": -0.6273818176719235, "x4": 0.1563626550435804, "x5": 0.8648}, "datetime": {"datetime": "2020-10-20 11:29:41", "elapsed": 25.769742, "delta": 0.433484}}
{"target": -49.851138015109484, "params": {"x1": 87.37850191638663, "x2": -0.0911967093742477, "x3": -0.7645433927253216, "x4": 0.5565817769073652, "x5": -0.38377340449457076}, "datetime": {"datetime": "2020-10-20 11:29:41", "elapsed": 26.253369, "delta": 0.483627}}
{"target": -49.19164894617768, "params": {"x1": 87.37904622812222, "x2": -0.08116653172233017, "x3": -0.7570955031721913, "x4": 0.5532972447356821, "x5": -0.3796587820728249}, "datetime": {"datetime": "2020-10-20 11:29:42", "elapsed": 26.882502, "delta": 0.629133}}
{"target": 9.785308909791969, "params": {"x1": 87.72478759489792, "x2": -0.10141589827872055, "x3": -0.5683162910352253, "x4": 0.4787128077169529, "x5": -0.4288071077949911}, "datetime": {"datetime": "2020-10-20 11:29:42", "elapsed": 26.988199, "delta": 0.105697}}
{"target": 10.007973008274895, "params": {"x1": 87.72373136464857, "x2": -0.09569610256493401, "x3": -0.5650446766558671, "x4": 0.47729026375291106, "x5": -0.4262542438580915}, "datetime": {"datetime": "2020-10-20 11:29:43", "elapsed": 27.717343, "delta": 0.729144}}
{"target": 11.149155086275965, "params": {"x1": 87.72438923946862, "x2": -0.07991177442447246, "x3": -0.559894901515715, "x4": 0.4770305188366738, "x5": -0.4181401651158561}, "datetime": {"datetime": "2020-10-20 11:29:44", "elapsed": 28.797681, "delta": 1.080338}}
{"target": 17.670460918541497, "params": {"x1": 87.75584227594136, "x2": -0.054000351778943224, "x3": -0.5928737121762837, "x4": 0.5141418236270486, "x5": -0.39362162826308283}, "datetime": {"datetime": "2020-10-20 11:29:44", "elapsed": 29.366014, "delta": 0.568333}}
{"target": 18.835645262351797, "params": {"x1": 87.76317301572733, "x2": -0.04851672901466284, "x3": -0.6041368001064232, "x4": 0.5253558529248388, "x5": -0.3873695248414882}, "datetime": {"datetime": "2020-10-20 11:29:45", "elapsed": 29.879944, "delta": 0.51393}}
{"target": 22.413443706237814, "params": {"x1": 87.78836865968643, "x2": -0.029131471303061828, "x3": -0.6232896538161922, "x4": 0.549207436064609, "x5": -0.37069729883214253}, "datetime": {"datetime": "2020-10-20 11:29:46", "elapsed": 30.569735, "delta": 0.689791}}
{"target": 31.915955325797007, "params": {"x1": 87.8599245089559, "x2": -0.001439592566274836, "x3": -0.6046894498872323, "x4": 0.555649568240275, "x5": -0.35881193171654047}, "datetime": {"datetime": "2020-10-20 11:29:46", "elapsed": 31.171823, "delta": 0.602088}}
{"target": 38.663083545957754, "params": {"x1": 87.92928312046024, "x2": 0.004779582157463944, "x3": -0.5747850495908609, "x4": 0.5483471574987268, "x5": -0.3630173727519763}, "datetime": {"datetime": "2020-10-20 11:29:47", "elapsed": 31.665804, "delta": 0.493981}}
{"target": 42.56376378184024, "params": {"x1": 88.00440227226535, "x2": 0.004221272950126148, "x3": -0.5478023139631129, "x4": 0.5435416615601717, "x5": -0.3704504121845069}, "datetime": {"datetime": "2020-10-20 11:29:47", "elapsed": 32.277461, "delta": 0.611657}}
{"target": 43.56244320683271, "params": {"x1": 88.0464505336477, "x2": 0.012679370382951041, "x3": -0.5368328823466256, "x4": 0.5494965972697252, "x5": -0.36645536171182685}, "datetime": {"datetime": "2020-10-20 11:29:48", "elapsed": 32.774888, "delta": 0.497427}}
{"target": 44.4202495447797, "params": {"x1": 88.05802462067285, "x2": 0.03188103086007621, "x3": -0.5267047095284458, "x4": 0.5643807397531674, "x5": -0.34937763828014784}, "datetime": {"datetime": "2020-10-20 11:29:48", "elapsed": 33.215115, "delta": 0.440227}}
{"target": 46.412026917895275, "params": {"x1": 88.04420501292965, "x2": 0.03911935558838897, "x3": -0.48923632341386925, "x4": 0.5909340167786549, "x5": -0.32572623410015583}, "datetime": {"datetime": "2020-10-20 11:29:49", "elapsed": 33.727876, "delta": 0.512761}}
{"target": 48.07036843915673, "params": {"x1": 88.03692230723836, "x2": 0.0011727029192789699, "x3": -0.44143606456147566, "x4": 0.6260067184723335, "x5": -0.3193625558019851}, "datetime": {"datetime": "2020-10-20 11:29:49", "elapsed": 34.330721, "delta": 0.602845}}
{"target": 49.9254218280887, "params": {"x1": 88.03919308484659, "x2": -0.007702827997710006, "x3": -0.4361632261956637, "x4": 0.6459072698825324, "x5": -0.32255853421636943}, "datetime": {"datetime": "2020-10-20 11:29:50", "elapsed": 34.877761, "delta": 0.54704}}
{"target": 71.03869781491092, "params": {"x1": 88.04101367919255, "x2": 0.011332885213888774, "x3": -0.48108776501456185, "x4": 0.7420075308750874, "x5": -0.40119682631412473}, "datetime": {"datetime": "2020-10-20 11:29:50", "elapsed": 35.351039, "delta": 0.473278}}
{"target": 83.17893065805619, "params": {"x1": 88.03027032145317, "x2": 0.0358082482549467, "x3": -0.49683523185355116, "x4": 0.7744364632228603, "x5": -0.46941775923689355}, "datetime": {"datetime": "2020-10-20 11:29:51", "elapsed": 35.825279, "delta": 0.47424}}
{"target": 96.22269110719985, "params": {"x1": 88.01981171829749, "x2": 0.08647976556229979, "x3": -0.4770854170698292, "x4": 0.8133504470864158, "x5": -0.5720375196410469}, "datetime": {"datetime": "2020-10-20 11:29:51", "elapsed": 36.131308, "delta": 0.306029}}
{"target": 98.66185518460865, "params": {"x1": 88.02619628168085, "x2": 0.1276570804753752, "x3": -0.43939002670004734, "x4": 0.8495545691855169, "x5": -0.62810712202695}, "datetime": {"datetime": "2020-10-20 11:29:51", "elapsed": 36.532375, "delta": 0.401067}}
{"target": 98.84997700600786, "params": {"x1": 88.02047025135383, "x2": 0.12195488771424208, "x3": -0.4491481845268857, "x4": 0.8421032224531774, "x5": -0.6314938920026407}, "datetime": {"datetime": "2020-10-20 11:29:52", "elapsed": 37.188482, "delta": 0.656107}}
{"target": 98.52207189828405, "params": {"x1": 88.01721028551519, "x2": 0.11745803576588461, "x3": -0.45873571214141146, "x4": 0.8444454218301124, "x5": -0.6431241600760257}, "datetime": {"datetime": "2020-10-20 11:29:53", "elapsed": 37.605258, "delta": 0.416776}}
{"target": 99.89959293531231, "params": {"x1": 88.00004179222404, "x2": 0.14719435226780542, "x3": -0.426510182901663, "x4": 0.7967628800372039, "x5": -0.6366861848270873}, "datetime": {"datetime": "2020-10-20 11:29:53", "elapsed": 38.189667, "delta": 0.584409}}
{"target": 99.9383353093944, "params": {"x1": 87.99753037406181, "x2": 0.1435613477947557, "x3": -0.42748959170827927, "x4": 0.8030213069569523, "x5": -0.6335753156981223}, "datetime": {"datetime": "2020-10-20 11:29:54", "elapsed": 38.803256, "delta": 0.613589}}
{"target": 99.85456300526856, "params": {"x1": 87.99153760873008, "x2": 0.1473602842608534, "x3": -0.4290410502582121, "x4": 0.8055487523959222, "x5": -0.6311470345265446}, "datetime": {"datetime": "2020-10-20 11:29:54", "elapsed": 39.144599, "delta": 0.341343}}
{"target": 99.96233333870619, "params": {"x1": 87.99760569963561, "x2": 0.12913374509942555, "x3": -0.4149179598990418, "x4": 0.8007786021216144, "x5": -0.6379088421684694}, "datetime": {"datetime": "2020-10-20 11:29:54", "elapsed": 39.525249, "delta": 0.38065}}
{"target": 99.99119586554299, "params": {"x1": 87.99997971579963, "x2": 0.13498460486346725, "x3": -0.41948569786388606, "x4": 0.8006809133853552, "x5": -0.6359154395694298}, "datetime": {"datetime": "2020-10-20 11:29:55", "elapsed": 40.070661, "delta": 0.545412}}
{"target": 99.98855886351323, "params": {"x1": 88.0004810407986, "x2": 0.1361488479266404, "x3": -0.41964778016705223, "x4": 0.8002159110964774, "x5": -0.6350940457802782}, "datetime": {"datetime": "2020-10-20 11:29:55", "elapsed": 40.528295, "delta": 0.457634}}
{"target": 99.99052672932334, "params": {"x1": 87.99717399550639, "x2": 0.13615729484739023, "x3": -0.42412880831797745, "x4": 0.8014472929406445, "x5": -0.6361121801285753}, "datetime": {"datetime": "2020-10-20 11:29:56", "elapsed": 41.039345, "delta": 0.51105}}
{"target": 99.98133273138423, "params": {"x1": 87.99662884336463, "x2": 0.1318077048384549, "x3": -0.4185590735642227, "x4": 0.8002577858382446, "x5": -0.6386045005279931}, "datetime": {"datetime": "2020-10-20 11:29:57", "elapsed": 41.725025, "delta": 0.68568}}
{"target": 99.98409702507256, "params": {"x1": 88.00146176524463, "x2": 0.13450218455265447, "x3": -0.4184112804915686, "x4": 0.7999964371261679, "x5": -0.6323973434771414}, "datetime": {"datetime": "2020-10-20 11:29:57", "elapsed": 42.194413, "delta": 0.469388}}
{"target": 99.9400977665847, "params": {"x1": 87.99535134354575, "x2": 0.13493843489789367, "x3": -0.413717373441089, "x4": 0.7959976797057458, "x5": -0.6368830570992631}, "datetime": {"datetime": "2020-10-20 11:29:58", "elapsed": 42.691124, "delta": 0.496711}}
{"target": 99.94832687645152, "params": {"x1": 87.991866212827, "x2": 0.1292208184559564, "x3": -0.426397915217932, "x4": 0.797359185831366, "x5": -0.640546439145677}, "datetime": {"datetime": "2020-10-20 11:29:58", "elapsed": 43.121486, "delta": 0.430362}}
{"target": 99.98377404051895, "params": {"x1": 88.00017592031287, "x2": 0.13120989268870112, "x3": -0.42413913121694924, "x4": 0.7952735587893239, "x5": -0.6333855330266022}, "datetime": {"datetime": "2020-10-20 11:29:59", "elapsed": 43.72894, "delta": 0.607454}}
{"target": 99.97542754524751, "params": {"x1": 88.00691328059797, "x2": 0.1295801255662288, "x3": -0.4251560912090582, "x4": 0.7998756138092488, "x5": -0.6359003572514181}, "datetime": {"datetime": "2020-10-20 11:29:59", "elapsed": 44.544759, "delta": 0.815819}}
{"target": 99.92917364636573, "params": {"x1": 88.00688159092313, "x2": 0.1322783153449964, "x3": -0.43081687056868345, "x4": 0.7977100636312507, "x5": -0.6273870384488902}, "datetime": {"datetime": "2020-10-20 11:30:00", "elapsed": 45.052044, "delta": 0.507285}}
{"target": 99.93108436597402, "params": {"x1": 88.00836862186718, "x2": 0.1311695445067401, "x3": -0.4154622682097061, "x4": 0.8071588358484276, "x5": -0.633242366541357}, "datetime": {"datetime": "2020-10-20 11:30:00", "elapsed": 45.539274, "delta": 0.48723}}
{"target": 99.92811126836492, "params": {"x1": 87.9970372622757, "x2": 0.12832048100706792, "x3": -0.4170642516823727, "x4": 0.8085792279651677, "x5": -0.6273900338258562}, "datetime": {"datetime": "2020-10-20 11:30:01", "elapsed": 45.984542, "delta": 0.445268}}
{"target": 99.89858489421898, "params": {"x1": 88.0099315014649, "x2": 0.13833654192389172, "x3": -0.4330898307063862, "x4": 0.8002015775017333, "x5": -0.6304161249994613}, "datetime": {"datetime": "2020-10-20 11:30:01", "elapsed": 46.340755, "delta": 0.356213}}
