{"target": -2.350597418997097, "params": {"x1": -48.516779310175174, "x2": -30.71638498428504, "x3": 45.84639645830873, "x4": -4.797586704681562, "x5": -29.991425756104448}, "datetime": {"datetime": "2020-10-18 19:33:31", "elapsed": 39.66153, "delta": 0.350685}}
{"target": -9.706601762780668, "params": {"x1": -37.31716962745929, "x2": -34.408858211779375, "x3": -67.84473445051162, "x4": 128.10238658698393, "x5": -126.9388370272776}, "datetime": {"datetime": "2020-10-18 19:33:31", "elapsed": 40.074032, "delta": 0.412502}}
{"target": -6.06590117324142, "params": {"x1": -97.91525548675492, "x2": 65.15212256449013, "x3": -59.327735343429936, "x4": 4.457810720026714, "x5": 4.303464551968659}, "datetime": {"datetime": "2020-10-18 19:33:31", "elapsed": 40.374462, "delta": 0.30043}}
{"target": -2.8717325239831295, "params": {"x1": 21.405692494977757, "x2": -65.69786542531881, "x3": 49.09656114904624, "x4": 45.750174662087716, "x5": -47.7441780074995}, "datetime": {"datetime": "2020-10-18 19:33:32", "elapsed": 40.703829, "delta": 0.329367}}
{"target": -1.601926203771579, "params": {"x1": 25.635120804733127, "x2": -32.06147222770709, "x3": -13.549616873434017, "x4": 10.070590048122988, "x5": 18.876375075479388}, "datetime": {"datetime": "2020-10-18 19:33:32", "elapsed": 41.1282, "delta": 0.424371}}
{"target": -1.914629590007341, "params": {"x1": -17.964707880748925, "x2": 4.940958578547933, "x3": 29.32557135021242, "x4": 54.80973484896509, "x5": -34.99679083732892}, "datetime": {"datetime": "2020-10-18 19:33:33", "elapsed": 41.685136, "delta": 0.556936}}
{"target": -136.5717270833079, "params": {"x1": 433.7807587418124, "x2": -99.60572746799039, "x3": 264.64289696778974, "x4": 274.0532995909705, "x5": 445.41170123296365}, "datetime": {"datetime": "2020-10-18 19:33:33", "elapsed": 41.769372, "delta": 0.084236}}
{"target": -1.4076076403463638, "params": {"x1": 12.282782315887944, "x2": 5.658786782595017, "x3": 2.4171233444144944, "x4": 46.49774986477347, "x5": 16.929283139608696}, "datetime": {"datetime": "2020-10-18 19:33:33", "elapsed": 42.288266, "delta": 0.518894}}
{"target": -316.4024084061028, "params": {"x1": 292.97567958153115, "x2": -577.9180276233706, "x3": 558.0196563469585, "x4": -491.8313081416634, "x5": -553.2504543595588}, "datetime": {"datetime": "2020-10-18 19:33:33", "elapsed": 42.381194, "delta": 0.092928}}
{"target": -2.6083022828300333, "params": {"x1": 44.15928664059942, "x2": -20.98259104103606, "x3": -51.29754529376753, "x4": -15.211206274590644, "x5": -56.18621436365807}, "datetime": {"datetime": "2020-10-18 19:33:34", "elapsed": 42.82529, "delta": 0.444096}}
{"target": -6.6995437369667385, "params": {"x1": 91.2432443620163, "x2": -30.641806004084287, "x3": -85.71828536185228, "x4": -67.34891072020389, "x5": -4.390619905071276}, "datetime": {"datetime": "2020-10-18 19:33:34", "elapsed": 43.142249, "delta": 0.316959}}
{"target": -6.124127409227538, "params": {"x1": 111.04228364829908, "x2": -25.021887982442877, "x3": 39.11104757316889, "x4": 94.27789648178191, "x5": -18.47578879631726}, "datetime": {"datetime": "2020-10-18 19:33:35", "elapsed": 43.450491, "delta": 0.308242}}
{"target": -2.0094882048574876, "params": {"x1": 12.861016129966936, "x2": -20.94090643094419, "x3": 17.093388223160538, "x4": -26.057838328946893, "x5": -47.99521630844424}, "datetime": {"datetime": "2020-10-18 19:33:35", "elapsed": 43.985592, "delta": 0.535101}}
{"target": -4.585706737448485, "params": {"x1": 17.41380259864664, "x2": 31.097278167957477, "x3": 35.466551038838816, "x4": -58.66353716694103, "x5": -93.60346363870246}, "datetime": {"datetime": "2020-10-18 19:33:36", "elapsed": 44.461229, "delta": 0.475637}}
{"target": -6.003140737060882, "params": {"x1": 23.844923496322963, "x2": 33.42763530827506, "x3": -54.98136733800834, "x4": -53.78891787416865, "x5": -114.3652882653962}, "datetime": {"datetime": "2020-10-18 19:33:36", "elapsed": 44.867394, "delta": 0.406165}}
{"target": -1.4190969168115166, "params": {"x1": 16.818969767652938, "x2": -34.7232944194968, "x3": -27.816938092610002, "x4": 10.666141273917793, "x5": -21.549657562721844}, "datetime": {"datetime": "2020-10-18 19:33:36", "elapsed": 45.324371, "delta": 0.456977}}
{"target": -1.7250295220996739, "params": {"x1": -22.813536361551094, "x2": -29.948625768818474, "x3": -33.98979822313987, "x4": -26.640983123904523, "x5": -0.9194480801793097}, "datetime": {"datetime": "2020-10-18 19:33:37", "elapsed": 45.864556, "delta": 0.540185}}
{"target": -1.337267581772739, "params": {"x1": 7.145448962098385, "x2": 22.953005682239677, "x3": -6.3784348177506445, "x4": 27.54553975841293, "x5": -19.070826638179824}, "datetime": {"datetime": "2020-10-18 19:33:37", "elapsed": 46.187406, "delta": 0.32285}}
{"target": -6.443240346422492, "params": {"x1": -0.39868003834158117, "x2": 2.323675193629583, "x3": -89.87765859165233, "x4": 82.03477659639623, "x5": -95.99123401586871}, "datetime": {"datetime": "2020-10-18 19:33:38", "elapsed": 46.52245, "delta": 0.335044}}
{"target": -2.8850601176458888, "params": {"x1": 42.237738347492254, "x2": -35.128626512296464, "x3": 61.79944329774458, "x4": 55.271000179846645, "x5": -17.166835323030767}, "datetime": {"datetime": "2020-10-18 19:33:38", "elapsed": 46.911734, "delta": 0.389284}}
{"target": -1.6794685353431587, "params": {"x1": 5.9852255091109745, "x2": -50.43630803903374, "x3": -7.480843665607435, "x4": 22.883826708298017, "x5": -23.36765263881042}, "datetime": {"datetime": "2020-10-18 19:33:38", "elapsed": 47.35246, "delta": 0.440726}}
{"target": -2.03282712371679, "params": {"x1": -19.28177089561953, "x2": -22.237999088219897, "x3": -41.36173950993514, "x4": 10.86196216593356, "x5": 30.627308692180385}, "datetime": {"datetime": "2020-10-18 19:33:39", "elapsed": 47.828208, "delta": 0.475748}}
{"target": -5.912225128624426, "params": {"x1": -47.50943676348629, "x2": -113.77964927337996, "x3": -19.19692335237096, "x4": -52.19995019219334, "x5": -21.022627398721283}, "datetime": {"datetime": "2020-10-18 19:33:39", "elapsed": 48.244617, "delta": 0.416409}}
{"target": -162.51676757755172, "params": {"x1": -428.8182190070058, "x2": -391.60023851625107, "x3": -92.08753247310113, "x4": 1.415302418405986, "x5": 538.3227470213365}, "datetime": {"datetime": "2020-10-18 19:33:39", "elapsed": 48.358816, "delta": 0.114199}}
{"target": -196.66170770705264, "params": {"x1": 198.8778991512853, "x2": 548.3690154783794, "x3": -385.14918236961125, "x4": 537.4888811522676, "x5": -88.2391644084446}, "datetime": {"datetime": "2020-10-18 19:33:40", "elapsed": 48.478146, "delta": 0.11933}}
{"target": -3.7700145730201307, "params": {"x1": -5.487243816399314, "x2": -64.37061016519135, "x3": -71.7291393840087, "x4": 10.960759768860726, "x5": 32.9561840929174}, "datetime": {"datetime": "2020-10-18 19:33:40", "elapsed": 48.865884, "delta": 0.387738}}
{"target": -2.2259772676547884, "params": {"x1": 11.599783507476445, "x2": 9.090604615503139, "x3": 16.337588905374673, "x4": 10.737121676803326, "x5": -78.90317085553556}, "datetime": {"datetime": "2020-10-18 19:33:40", "elapsed": 49.202949, "delta": 0.337065}}
{"target": -1.6161853260746135, "params": {"x1": 24.84167044731096, "x2": 17.549914960492142, "x3": 21.745149342643195, "x4": -2.8609284110126176, "x5": -3.5913297761971776}, "datetime": {"datetime": "2020-10-18 19:33:41", "elapsed": 49.634505, "delta": 0.431556}}
{"target": -2.9521947182576254, "params": {"x1": 67.79970933598767, "x2": -46.48238427116297, "x3": -0.6218384398753194, "x4": 45.78654089568948, "x5": 0.6105481034025736}, "datetime": {"datetime": "2020-10-18 19:33:41", "elapsed": 50.076644, "delta": 0.442139}}
{"target": -54.0816538545696, "params": {"x1": 126.64707125704649, "x2": -291.24654421071085, "x3": -113.17963854915376, "x4": -296.404351559299, "x5": -103.57718922866928}, "datetime": {"datetime": "2020-10-18 19:33:41", "elapsed": 50.20281, "delta": 0.126166}}
{"target": -4.502219636692502, "params": {"x1": 97.26544035484778, "x2": 17.071332602019424, "x3": 5.550050226631129, "x4": -37.71509284552258, "x5": 33.39039959722834}, "datetime": {"datetime": "2020-10-18 19:33:42", "elapsed": 50.585952, "delta": 0.383142}}
{"target": -3.6620096662770005, "params": {"x1": 92.96651900644622, "x2": -13.546814455548686, "x3": 45.3959096785727, "x4": 17.97645681817502, "x5": -37.66290551297672}, "datetime": {"datetime": "2020-10-18 19:33:42", "elapsed": 51.056594, "delta": 0.470642}}
{"target": -3.115704709570914, "params": {"x1": -13.825106852554486, "x2": 46.98648690456339, "x3": -45.18707000961316, "x4": 13.482176683076613, "x5": -61.29363040398573}, "datetime": {"datetime": "2020-10-18 19:33:43", "elapsed": 51.661197, "delta": 0.604603}}
{"target": -2.56950238784193, "params": {"x1": -51.770506163222436, "x2": 27.131651306011957, "x3": 12.007779036624019, "x4": -16.423812405508386, "x5": -53.619048487636334}, "datetime": {"datetime": "2020-10-18 19:33:43", "elapsed": 52.190259, "delta": 0.529062}}
{"target": -274.13964174980794, "params": {"x1": 233.36000175305503, "x2": -567.8881437250254, "x3": -210.1791943641182, "x4": -541.6884236338077, "x5": 599.3266389186117}, "datetime": {"datetime": "2020-10-18 19:33:43", "elapsed": 52.327379, "delta": 0.13712}}
{"target": -2.19106883271738, "params": {"x1": 24.017617819743375, "x2": -49.54070765022294, "x3": 17.168085319882522, "x4": 16.917665610990948, "x5": 37.231928465551704}, "datetime": {"datetime": "2020-10-18 19:33:44", "elapsed": 52.920391, "delta": 0.593012}}
{"target": -5.577582751337549, "params": {"x1": 20.461161321594524, "x2": -112.1770462407533, "x3": 56.88280351077368, "x4": 70.8814543194293, "x5": -38.28186957253073}, "datetime": {"datetime": "2020-10-18 19:33:44", "elapsed": 53.398845, "delta": 0.478454}}
{"target": -2.064748196763656, "params": {"x1": -18.391650888464596, "x2": -7.241565319812935, "x3": 46.92721016540452, "x4": 9.363391975623927, "x5": -58.05081659630969}, "datetime": {"datetime": "2020-10-18 19:33:45", "elapsed": 53.968622, "delta": 0.569777}}
{"target": -2.5195029400406748, "params": {"x1": 48.0181434995116, "x2": -36.4641589905224, "x3": 30.168177905498357, "x4": -5.640405941130182, "x5": 35.01018234764064}, "datetime": {"datetime": "2020-10-18 19:33:46", "elapsed": 54.574158, "delta": 0.605536}}
{"target": -1.163233044494576, "params": {"x1": -19.394238069570406, "x2": -10.250035794092355, "x3": -17.266284013880977, "x4": -3.7354387192118566, "x5": -24.388329863292142}, "datetime": {"datetime": "2020-10-18 19:33:46", "elapsed": 55.065777, "delta": 0.491619}}
{"target": -2.510928960522137, "params": {"x1": -50.30762889494921, "x2": 29.60427964822821, "x3": 35.67165050106373, "x4": -9.830803915898311, "x5": 18.0357702711672}, "datetime": {"datetime": "2020-10-18 19:33:47", "elapsed": 55.592264, "delta": 0.526487}}
{"target": -1.8649408471272255, "params": {"x1": -18.898768254323038, "x2": 21.332692013155373, "x3": 19.797746977214853, "x4": 47.3584831483297, "x5": -37.10407610620331}, "datetime": {"datetime": "2020-10-18 19:33:47", "elapsed": 56.196116, "delta": 0.603852}}
{"target": -2.860074676749512, "params": {"x1": -4.635047001635144, "x2": -11.723458388406584, "x3": -25.05285118793529, "x4": 23.34326298428425, "x5": -96.11464155917832}, "datetime": {"datetime": "2020-10-18 19:33:48", "elapsed": 56.630561, "delta": 0.434445}}
{"target": -2.9547040621393954, "params": {"x1": 1.794254690172922, "x2": -26.18733853201364, "x3": -45.539235625880494, "x4": -58.222307305897225, "x5": -29.687546892186408}, "datetime": {"datetime": "2020-10-18 19:33:48", "elapsed": 57.012398, "delta": 0.381837}}
{"target": -112.89941562342212, "params": {"x1": 436.6650901407547, "x2": 409.2101150369789, "x3": 229.28159695039062, "x4": 37.97012269911113, "x5": -195.51516098869917}, "datetime": {"datetime": "2020-10-18 19:33:48", "elapsed": 57.155474, "delta": 0.143076}}
{"target": -4.945038203640924, "params": {"x1": -69.2644328082564, "x2": 48.75209447255793, "x3": 16.935414759036803, "x4": -13.075080602585103, "x5": 73.40437957873985}, "datetime": {"datetime": "2020-10-18 19:33:49", "elapsed": 57.568514, "delta": 0.41304}}
{"target": -2.6768467687562616, "params": {"x1": 5.59236783013648, "x2": 21.134938978160886, "x3": 21.746322714438065, "x4": 5.888076395481463, "x5": 59.059367079653875}, "datetime": {"datetime": "2020-10-18 19:33:49", "elapsed": 58.139065, "delta": 0.570551}}
{"target": -2.3038548936892043, "params": {"x1": -40.80267299581656, "x2": -45.707559325067926, "x3": -22.320863022559653, "x4": 16.122436232736163, "x5": -43.44452416878051}, "datetime": {"datetime": "2020-10-18 19:33:50", "elapsed": 58.670939, "delta": 0.531874}}
{"target": -2.9515732674158643, "params": {"x1": 51.48652930181029, "x2": -27.663593275498943, "x3": -51.94963455114039, "x4": -22.00957982374508, "x5": 16.44518421309936}, "datetime": {"datetime": "2020-10-18 19:33:50", "elapsed": 59.175193, "delta": 0.504254}}
{"target": -1.8562836494743684, "params": {"x1": -36.23120652295133, "x2": -13.081165533385901, "x3": -5.5399399202646435, "x4": 21.759618564538663, "x5": -62.3559220257163}, "datetime": {"datetime": "2020-10-18 19:33:51", "elapsed": 59.7529, "delta": 0.577707}}
{"target": -3.606877705177792, "params": {"x1": -38.180290879012546, "x2": 12.438451411451524, "x3": -84.54371920399137, "x4": -11.142698491333817, "x5": -10.77078038202194}, "datetime": {"datetime": "2020-10-18 19:33:51", "elapsed": 60.125722, "delta": 0.372822}}
{"target": -3.640786882026751, "params": {"x1": -55.30960308229706, "x2": 50.18357028258737, "x3": 13.264716428816833, "x4": 61.245790865210765, "x5": 17.5393349132108}, "datetime": {"datetime": "2020-10-18 19:33:52", "elapsed": 60.559646, "delta": 0.433924}}
{"target": -2.9190200286775423, "params": {"x1": -7.606622146805158, "x2": 68.13897138797475, "x3": 11.81749193523526, "x4": -3.317798230334562, "x5": 17.703282621616037}, "datetime": {"datetime": "2020-10-18 19:33:52", "elapsed": 61.0415, "delta": 0.481854}}
{"target": -4.086656190222962, "params": {"x1": -26.452539049953483, "x2": -74.51463063956321, "x3": 8.061286265342453, "x4": 27.256745277246704, "x5": -91.07768149531944}, "datetime": {"datetime": "2020-10-18 19:33:53", "elapsed": 61.555909, "delta": 0.514409}}
{"target": -2.9300466061286725, "params": {"x1": -24.785079196844922, "x2": 51.35038316805051, "x3": -32.48635009589456, "x4": -18.510445470002594, "x5": -52.160673191350796}, "datetime": {"datetime": "2020-10-18 19:33:53", "elapsed": 62.07523, "delta": 0.519321}}
{"target": -8.79293175132745, "params": {"x1": -61.96360312943057, "x2": -97.48807662213687, "x3": -80.231821481677, "x4": 108.08584788730514, "x5": -59.696494392550676}, "datetime": {"datetime": "2020-10-18 19:33:54", "elapsed": 62.459023, "delta": 0.383793}}
{"target": -3.643387485563217, "params": {"x1": -38.504624428908095, "x2": -53.439473167803364, "x3": 20.30439425991879, "x4": -62.11356715859107, "x5": -44.737644174794404}, "datetime": {"datetime": "2020-10-18 19:33:54", "elapsed": 63.005094, "delta": 0.546071}}
{"target": -1.7922359652686413, "params": {"x1": 20.941725411281237, "x2": 39.782481197173674, "x3": 27.045876370338945, "x4": 33.907443541022, "x5": -17.280629998954602}, "datetime": {"datetime": "2020-10-18 19:33:55", "elapsed": 63.623495, "delta": 0.618401}}
{"target": -2.8143737418201313, "params": {"x1": 44.29165259933111, "x2": -38.26677362293502, "x3": -12.703364350942422, "x4": -13.777682237928921, "x5": 47.350439510916054}, "datetime": {"datetime": "2020-10-18 19:33:55", "elapsed": 64.366757, "delta": 0.743262}}
{"target": -3.1919077787281394, "params": {"x1": 11.627092405291554, "x2": -49.47062005053878, "x3": 25.55905461560807, "x4": -25.137688733066142, "x5": -84.9852209052988}, "datetime": {"datetime": "2020-10-18 19:33:56", "elapsed": 64.798554, "delta": 0.431797}}
{"target": -2.991093890999519, "params": {"x1": -32.37351338914782, "x2": 65.11280697948267, "x3": 0.49421414707490563, "x4": 13.394181413547875, "x5": -46.98864462815283}, "datetime": {"datetime": "2020-10-18 19:33:56", "elapsed": 65.351975, "delta": 0.553421}}
{"target": -1.5353720142724865, "params": {"x1": 30.762171913276617, "x2": -17.795853983988945, "x3": 10.1245485902434, "x4": 52.224312342146284, "x5": -17.79573764185485}, "datetime": {"datetime": "2020-10-18 19:33:57", "elapsed": 65.903978, "delta": 0.552003}}
{"target": -3.1274319961087054, "params": {"x1": 46.99371612115448, "x2": -39.07982908194598, "x3": 51.779746508997746, "x4": 25.38330753001688, "x5": 39.437083928047535}, "datetime": {"datetime": "2020-10-18 19:33:58", "elapsed": 66.500696, "delta": 0.596718}}
{"target": -134.60337269279026, "params": {"x1": -92.02475161234622, "x2": 295.9197400321939, "x3": 412.7993741323237, "x4": 527.8922858383407, "x5": -17.301508648975982}, "datetime": {"datetime": "2020-10-18 19:33:58", "elapsed": 66.667211, "delta": 0.166515}}
{"target": -1.9102669491999646, "params": {"x1": 5.945163764343325, "x2": -12.876455000957938, "x3": 65.02636107713604, "x4": 31.01914438168264, "x5": -15.133443720203523}, "datetime": {"datetime": "2020-10-18 19:33:58", "elapsed": 67.292523, "delta": 0.625312}}
{"target": -2.956982768919325, "params": {"x1": 13.611444616097629, "x2": -10.731613379467944, "x3": -32.654090090205955, "x4": -56.00023268830739, "x5": -54.05959721616193}, "datetime": {"datetime": "2020-10-18 19:33:59", "elapsed": 67.731235, "delta": 0.438712}}
{"target": -2.4351071799229427, "params": {"x1": -24.790325134830763, "x2": 41.44511369852507, "x3": 36.82667505976282, "x4": -16.84903037462955, "x5": -19.663413299451005}, "datetime": {"datetime": "2020-10-18 19:33:59", "elapsed": 68.367208, "delta": 0.635973}}
{"target": -157.19655099171365, "params": {"x1": -299.4997688430076, "x2": -223.50025002989094, "x3": -171.86126582531045, "x4": 337.69669303083197, "x5": 578.0599164650132}, "datetime": {"datetime": "2020-10-18 19:34:00", "elapsed": 68.537419, "delta": 0.170211}}
{"target": -3.3104972613539956, "params": {"x1": -40.22864447967469, "x2": -41.39163028404135, "x3": 49.48120568240693, "x4": 72.91278362227031, "x5": -30.10198873159103}, "datetime": {"datetime": "2020-10-18 19:34:00", "elapsed": 69.131787, "delta": 0.594368}}
{"target": -1.2156727065108515, "params": {"x1": -8.86777819634662, "x2": -5.960130395818177, "x3": -16.59867763517865, "x4": 17.412772737787392, "x5": -1.1946015959677225}, "datetime": {"datetime": "2020-10-18 19:34:01", "elapsed": 69.734474, "delta": 0.602687}}
{"target": -4.3065081197879795, "params": {"x1": -50.2891755258205, "x2": 15.483092769403278, "x3": -86.88903608369337, "x4": -10.615070853169739, "x5": -34.56450275596793}, "datetime": {"datetime": "2020-10-18 19:34:01", "elapsed": 70.315711, "delta": 0.581237}}
{"target": -173.52509592608988, "params": {"x1": 274.97397428953707, "x2": -278.0505744541402, "x3": 432.29715079854145, "x4": 229.59441096115575, "x5": -570.2541472810811}, "datetime": {"datetime": "2020-10-18 19:34:02", "elapsed": 70.477175, "delta": 0.161464}}
{"target": -3.4181068252168045, "params": {"x1": -30.510864669694236, "x2": -35.66883184390346, "x3": -37.92190227842348, "x4": -21.72667239663705, "x5": -82.37556208524481}, "datetime": {"datetime": "2020-10-18 19:34:02", "elapsed": 71.167335, "delta": 0.69016}}
{"target": -180.73367753208674, "params": {"x1": 34.03153638657943, "x2": -378.97480497593904, "x3": -99.29161928489344, "x4": 455.64824313115173, "x5": 596.5058680030079}, "datetime": {"datetime": "2020-10-18 19:34:02", "elapsed": 71.341205, "delta": 0.17387}}
{"target": -2.967611399669173, "params": {"x1": 32.959144883903924, "x2": 51.45542673891955, "x3": -43.19805264314293, "x4": 55.61648365037257, "x5": -6.6632800452702865}, "datetime": {"datetime": "2020-10-18 19:34:03", "elapsed": 71.819713, "delta": 0.478508}}
{"target": -3.062208638806575, "params": {"x1": 51.32254295763369, "x2": -30.382338221034388, "x3": -15.766170839539086, "x4": -35.24854443371032, "x5": -66.67938470814249}, "datetime": {"datetime": "2020-10-18 19:34:03", "elapsed": 72.334569, "delta": 0.514856}}
{"target": -11.599845857782126, "params": {"x1": 39.364859345706805, "x2": 165.2007676649365, "x3": -98.77534793458915, "x4": 61.74080244706613, "x5": -13.340438946446966}, "datetime": {"datetime": "2020-10-18 19:34:04", "elapsed": 72.896302, "delta": 0.561733}}
{"target": -2.8634484301852883, "params": {"x1": 85.96309993943748, "x2": -6.288636243193196, "x3": -0.17984459635181338, "x4": 10.05261501823918, "x5": 17.56356940321291}, "datetime": {"datetime": "2020-10-18 19:34:05", "elapsed": 73.506415, "delta": 0.610113}}
{"target": -3.192828149473777, "params": {"x1": -13.857095003821259, "x2": 42.51146793330502, "x3": 35.01061774237323, "x4": 55.04111562602099, "x5": 49.712596728897914}, "datetime": {"datetime": "2020-10-18 19:34:05", "elapsed": 74.329087, "delta": 0.822672}}
{"target": -5.351784315417483, "params": {"x1": 9.079728453727565, "x2": -117.7371975453352, "x3": 26.062204472885263, "x4": 69.05630707680616, "x5": -3.2170034644844585}, "datetime": {"datetime": "2020-10-18 19:34:06", "elapsed": 74.992427, "delta": 0.66334}}
{"target": -6.188944123355776, "params": {"x1": 17.15130607226115, "x2": 58.37381295492344, "x3": -89.66818978831111, "x4": 23.33115700741189, "x5": -102.49518381033255}, "datetime": {"datetime": "2020-10-18 19:34:07", "elapsed": 75.543697, "delta": 0.55127}}
{"target": -2.403465678484346, "params": {"x1": 26.784301996143654, "x2": -23.56054024811806, "x3": -56.357236305773654, "x4": 15.183114104881838, "x5": -33.29323240830547}, "datetime": {"datetime": "2020-10-18 19:34:07", "elapsed": 75.967456, "delta": 0.423759}}
{"target": -2.6077274855741615, "params": {"x1": 50.082943767473466, "x2": -8.408791790826426, "x3": 16.700415723830066, "x4": 36.738193821012906, "x5": 31.072055557239302}, "datetime": {"datetime": "2020-10-18 19:34:08", "elapsed": 76.712834, "delta": 0.745378}}
