{"target": 81.03718093838619, "params": {"x1": 90.05891030389044, "x2": 1.7178597786575267, "x3": 0.9750732659769359, "x4": 1.0690349976002984, "x5": -1.5358700462643593}, "datetime": {"datetime": "2020-10-19 21:29:14", "elapsed": 51.028296, "delta": 0.254497}}
{"target": 90.54557094791762, "params": {"x1": 88.03944607384558, "x2": 1.9954053278223647, "x3": -0.9987165472077455, "x4": 1.1941700776132016, "x5": -0.3898381771725139}, "datetime": {"datetime": "2020-10-19 21:29:14", "elapsed": 51.487472, "delta": 0.459176}}
{"target": 50.377719010187036, "params": {"x1": 90.91565206820954, "x2": 3.13206441917023, "x3": 1.8135574979020876, "x4": 3.2263400311168953, "x5": 1.5217490504662845}, "datetime": {"datetime": "2020-10-19 21:29:14", "elapsed": 51.737255, "delta": 0.249783}}
{"target": 86.32134815341088, "params": {"x1": 87.82973306177979, "x2": 1.9800834282673665, "x3": -0.9327237517146705, "x4": 1.0618477128185988, "x5": -0.6601278260282666}, "datetime": {"datetime": "2020-10-19 21:29:15", "elapsed": 52.165972, "delta": 0.428717}}
{"target": 90.797447158664, "params": {"x1": 88.26802738200671, "x2": 1.8736028480359481, "x3": -0.692661770360351, "x4": 0.9481414724266799, "x5": -0.8391088927943875}, "datetime": {"datetime": "2020-10-19 21:29:15", "elapsed": 52.633036, "delta": 0.467064}}
{"target": 89.0175378006633, "params": {"x1": 88.28026209423278, "x2": 1.3302283633872691, "x3": -0.8981149635239729, "x4": 1.2867902073485358, "x5": -0.7981595553371592}, "datetime": {"datetime": "2020-10-19 21:29:16", "elapsed": 53.067213, "delta": 0.434177}}
{"target": 89.99666771872165, "params": {"x1": 88.56546521385789, "x2": 1.606694993543401, "x3": -1.1563227310558608, "x4": 1.4046118911245766, "x5": -0.9033275798400695}, "datetime": {"datetime": "2020-10-19 21:29:16", "elapsed": 53.457299, "delta": 0.390086}}
{"target": 86.64635222206935, "params": {"x1": 87.98920651859896, "x2": 1.919433804458452, "x3": 0.19827533928970964, "x4": 1.271041491915436, "x5": -1.5137988411398309}, "datetime": {"datetime": "2020-10-19 21:29:16", "elapsed": 53.706511, "delta": 0.249212}}
{"target": 88.09288225607762, "params": {"x1": 88.47611411464241, "x2": 1.2725256951569373, "x3": -0.9537468602426598, "x4": 1.5248281168890305, "x5": -0.8442407888420818}, "datetime": {"datetime": "2020-10-19 21:29:17", "elapsed": 54.202131, "delta": 0.49562}}
{"target": 88.12242354262474, "params": {"x1": 88.59687913569715, "x2": 1.5444531118689597, "x3": -1.1622515402303504, "x4": 1.4305994519825986, "x5": -0.6166463962439417}, "datetime": {"datetime": "2020-10-19 21:29:17", "elapsed": 54.714992, "delta": 0.512861}}
{"target": 84.32010784684411, "params": {"x1": 88.15523117863101, "x2": 1.1083173314292765, "x3": 0.2254800979498921, "x4": 1.4012742391319175, "x5": -0.2622984438757505}, "datetime": {"datetime": "2020-10-19 21:29:18", "elapsed": 54.987468, "delta": 0.272476}}
{"target": 92.30230281775532, "params": {"x1": 88.44516555233622, "x2": 1.78236108868649, "x3": -1.0064257443054163, "x4": 1.4165511232327177, "x5": -0.8961971501405304}, "datetime": {"datetime": "2020-10-19 21:29:18", "elapsed": 55.421729, "delta": 0.434261}}
{"target": 88.66205815907637, "params": {"x1": 88.26708539272282, "x2": 1.192940217916291, "x3": -1.1235683475381977, "x4": 1.4186581575503914, "x5": -1.0837773095899228}, "datetime": {"datetime": "2020-10-19 21:29:18", "elapsed": 55.852946, "delta": 0.431217}}
{"target": 82.56671654517746, "params": {"x1": 88.44288593499813, "x2": -0.8057005371932161, "x3": -0.4846983068780346, "x4": 2.139470268142711, "x5": -1.4740253590322883}, "datetime": {"datetime": "2020-10-19 21:29:19", "elapsed": 56.122345, "delta": 0.269399}}
{"target": 89.14053995605472, "params": {"x1": 88.75433950052457, "x2": 1.3873365323638702, "x3": -1.052967157710145, "x4": 1.300401241634414, "x5": -0.8828745774211157}, "datetime": {"datetime": "2020-10-19 21:29:19", "elapsed": 56.617863, "delta": 0.495518}}
{"target": 92.25875065028612, "params": {"x1": 88.44055845217017, "x2": 1.744673326388604, "x3": -1.010777611606514, "x4": 1.321855023304892, "x5": -0.8716752919774162}, "datetime": {"datetime": "2020-10-19 21:29:20", "elapsed": 57.261362, "delta": 0.643499}}
{"target": 88.9238881947595, "params": {"x1": 88.22429173929407, "x2": 1.5687420435955945, "x3": -1.0438323802983944, "x4": 1.0525936670483726, "x5": -0.3529543639449806}, "datetime": {"datetime": "2020-10-19 21:29:20", "elapsed": 57.840709, "delta": 0.579347}}
{"target": 86.11955444028614, "params": {"x1": 88.3153627744474, "x2": 1.6524190748068945, "x3": -1.2396667756726976, "x4": 0.5543874700215305, "x5": -0.4887781074584303}, "datetime": {"datetime": "2020-10-19 21:29:21", "elapsed": 58.1953, "delta": 0.354591}}
{"target": 86.91332925298649, "params": {"x1": 88.615513995578, "x2": 1.6472173114866622, "x3": -1.3050479653168463, "x4": 1.068354097565835, "x5": -0.7916356280886114}, "datetime": {"datetime": "2020-10-19 21:29:21", "elapsed": 58.646261, "delta": 0.450961}}
{"target": 69.71414030738127, "params": {"x1": 87.0407894554639, "x2": 3.0980338680196495, "x3": 1.6883613076718949, "x4": 1.594192964307579, "x5": 0.5207121081445376}, "datetime": {"datetime": "2020-10-19 21:29:21", "elapsed": 58.916164, "delta": 0.269903}}
{"target": 87.24999334615079, "params": {"x1": 88.45022879124706, "x2": 1.9970217807017172, "x3": -0.8910125354328626, "x4": 1.0347022589466872, "x5": -0.4236434036164496}, "datetime": {"datetime": "2020-10-19 21:29:22", "elapsed": 59.421688, "delta": 0.505524}}
{"target": 90.64078243073334, "params": {"x1": 88.87721822149562, "x2": 1.225559108801725, "x3": -1.1889062304708131, "x4": 1.3896963525348236, "x5": -0.8684689978261526}, "datetime": {"datetime": "2020-10-19 21:29:22", "elapsed": 59.90561, "delta": 0.483922}}
{"target": 79.76007612978822, "params": {"x1": 89.03903826017972, "x2": -0.030672244346461874, "x3": 1.4025548577274847, "x4": 0.7256592803063395, "x5": 1.9464375716757456}, "datetime": {"datetime": "2020-10-19 21:29:23", "elapsed": 60.174139, "delta": 0.268529}}
{"target": 88.68214792609479, "params": {"x1": 88.22248180137174, "x2": 1.5543468075473177, "x3": -0.8367907213379191, "x4": 1.0260695288161379, "x5": -0.6126494067218033}, "datetime": {"datetime": "2020-10-19 21:29:23", "elapsed": 60.623154, "delta": 0.449015}}
{"target": 75.04053823676075, "params": {"x1": 90.32948479759484, "x2": 2.0249479911363917, "x3": 1.4161664099713616, "x4": 1.3215448315145133, "x5": 1.3890611431894924}, "datetime": {"datetime": "2020-10-19 21:29:23", "elapsed": 60.895094, "delta": 0.27194}}
{"target": 68.00826016033446, "params": {"x1": 89.88574981256949, "x2": 0.7014939596063788, "x3": 2.3240926292094635, "x4": 3.1662754231012613, "x5": -1.4514973701291012}, "datetime": {"datetime": "2020-10-19 21:29:24", "elapsed": 61.154663, "delta": 0.259569}}
{"target": 82.52721607224973, "params": {"x1": 87.09282118603632, "x2": 0.7783962277701252, "x3": -1.3695523789505069, "x4": 2.1225327175403335, "x5": 0.26847034753636234}, "datetime": {"datetime": "2020-10-19 21:29:24", "elapsed": 61.435698, "delta": 0.281035}}
{"target": 91.84150456116322, "params": {"x1": 87.22081355727985, "x2": 0.3640724091776637, "x3": 0.22224740401337617, "x4": 1.628969142417012, "x5": -0.7553298831838976}, "datetime": {"datetime": "2020-10-19 21:29:24", "elapsed": 61.914316, "delta": 0.478618}}
{"target": 90.62528410709731, "params": {"x1": 88.3716185078856, "x2": 1.7377284557575106, "x3": -1.0259607543219433, "x4": 0.7196443066248797, "x5": -0.44347204909611393}, "datetime": {"datetime": "2020-10-19 21:29:25", "elapsed": 62.402916, "delta": 0.4886}}
{"target": 89.4890486826979, "params": {"x1": 88.64593525729755, "x2": 1.4375079234722041, "x3": -1.1346225922958688, "x4": 1.5390630042323565, "x5": -0.86072515500632}, "datetime": {"datetime": "2020-10-19 21:29:25", "elapsed": 62.885525, "delta": 0.482609}}
{"target": 64.93405440101168, "params": {"x1": 90.95995938971599, "x2": 0.3041886526782992, "x3": 0.9557859666870987, "x4": 3.532783718808254, "x5": 1.1995653361879361}, "datetime": {"datetime": "2020-10-19 21:29:26", "elapsed": 63.153853, "delta": 0.268328}}
{"target": 63.837320531889496, "params": {"x1": 88.86860498360045, "x2": 1.1300845251701235, "x3": 2.5419448656480172, "x4": 2.6315770886792276, "x5": 2.3165185658990266}, "datetime": {"datetime": "2020-10-19 21:29:26", "elapsed": 63.44569, "delta": 0.291837}}
{"target": 89.40511749741235, "params": {"x1": 88.31426018739586, "x2": 1.3193835347433303, "x3": -1.1310232014434811, "x4": 1.333722252142176, "x5": -0.9800099829510367}, "datetime": {"datetime": "2020-10-19 21:29:26", "elapsed": 63.933444, "delta": 0.487754}}
{"target": 89.28064588964244, "params": {"x1": 87.98934518368219, "x2": 1.6263457060232414, "x3": -0.6871093061965159, "x4": 1.339183525856231, "x5": -0.8591575418359649}, "datetime": {"datetime": "2020-10-19 21:29:27", "elapsed": 64.426432, "delta": 0.492988}}
{"target": 88.05559417427, "params": {"x1": 88.40233231959245, "x2": -0.4241657794322903, "x3": 1.0685541307668769, "x4": 0.6104112098915311, "x5": 0.1898928246507403}, "datetime": {"datetime": "2020-10-19 21:29:27", "elapsed": 64.685275, "delta": 0.258843}}
{"target": 76.2387966054468, "params": {"x1": 88.77591782268237, "x2": 0.32855223677958756, "x3": -0.2953478354453225, "x4": 3.677627890370391, "x5": -1.582311074531091}, "datetime": {"datetime": "2020-10-19 21:29:28", "elapsed": 64.97281, "delta": 0.287535}}
{"target": 74.1239971581976, "params": {"x1": 90.99451731617162, "x2": 1.282458720541157, "x3": -1.3471143979914448, "x4": 1.0790902359991061, "x5": -0.7997515710131984}, "datetime": {"datetime": "2020-10-19 21:29:28", "elapsed": 65.268092, "delta": 0.295282}}
{"target": 94.16050422198664, "params": {"x1": 87.96580758596097, "x2": 1.5546888416731783, "x3": -0.8447840967621483, "x4": 1.4281527863984749, "x5": -0.9010933874177669}, "datetime": {"datetime": "2020-10-19 21:29:28", "elapsed": 65.853617, "delta": 0.585525}}
{"target": 83.6620687016074, "params": {"x1": 88.1404598219936, "x2": 1.154315875773634, "x3": 0.8360559054541008, "x4": 0.9618183596812593, "x5": -0.13674098386326672}, "datetime": {"datetime": "2020-10-19 21:29:29", "elapsed": 66.133969, "delta": 0.280352}}
{"target": 91.2654795004635, "params": {"x1": 88.05295918365616, "x2": 1.6400387319887615, "x3": -0.769366000514587, "x4": 0.9908281579057627, "x5": -0.8717761842453647}, "datetime": {"datetime": "2020-10-19 21:29:29", "elapsed": 66.616793, "delta": 0.482824}}
{"target": 81.84133413393994, "params": {"x1": 90.21342907844729, "x2": 2.072712069656504, "x3": -0.3176989384067641, "x4": 1.4207737983822792, "x5": -1.1540011804116859}, "datetime": {"datetime": "2020-10-19 21:29:29", "elapsed": 66.888797, "delta": 0.272004}}
{"target": 87.720368613955, "params": {"x1": 88.44110614135815, "x2": 1.7117282432154517, "x3": -0.7949564818024244, "x4": 1.0853796650056637, "x5": -0.7258068320279996}, "datetime": {"datetime": "2020-10-19 21:29:30", "elapsed": 67.346194, "delta": 0.457397}}
{"target": 93.73086286718264, "params": {"x1": 88.41048230853409, "x2": 1.5663662410667485, "x3": -0.9925222522362723, "x4": 0.7255990274153564, "x5": -0.5439882078629292}, "datetime": {"datetime": "2020-10-19 21:29:30", "elapsed": 67.830079, "delta": 0.483885}}
{"target": 93.96536219157628, "params": {"x1": 88.01480409304047, "x2": 1.7832235218766028, "x3": -0.9878179652568531, "x4": 1.262254513019622, "x5": -0.5634929656389491}, "datetime": {"datetime": "2020-10-19 21:29:31", "elapsed": 68.38242, "delta": 0.552341}}
{"target": 91.98150945555113, "params": {"x1": 88.20471734344221, "x2": 1.7578950283482424, "x3": -1.0076760998558048, "x4": 0.9157649301076123, "x5": -0.4969379206316298}, "datetime": {"datetime": "2020-10-19 21:29:31", "elapsed": 68.879863, "delta": 0.497443}}
{"target": 89.58708529431452, "params": {"x1": 88.27961466418068, "x2": 1.4912274280979223, "x3": -0.9045998121829772, "x4": 0.604927733607471, "x5": -0.7221373512239009}, "datetime": {"datetime": "2020-10-19 21:29:32", "elapsed": 69.33247, "delta": 0.452607}}
{"target": 92.25035674973326, "params": {"x1": 88.33341252808695, "x2": 1.6342780216483566, "x3": -0.9029075830261598, "x4": 1.1072878200361185, "x5": -0.8885069427659704}, "datetime": {"datetime": "2020-10-19 21:29:33", "elapsed": 70.001225, "delta": 0.668755}}
{"target": 60.39862630704641, "params": {"x1": 90.97263647714111, "x2": 0.37553490033520454, "x3": 2.5501510897757305, "x4": 2.102724717724648, "x5": 1.637514109325392}, "datetime": {"datetime": "2020-10-19 21:29:33", "elapsed": 70.313399, "delta": 0.312174}}
{"target": 89.53745380960437, "params": {"x1": 88.67092970322683, "x2": 1.5846739071305516, "x3": -1.167162732595158, "x4": 1.222896354383298, "x5": -0.6585013252468535}, "datetime": {"datetime": "2020-10-19 21:29:33", "elapsed": 70.785036, "delta": 0.471637}}
{"target": 94.08653549905415, "params": {"x1": 87.93818174276821, "x2": 1.5747884137432504, "x3": -0.829903806857106, "x4": 1.3917578348526238, "x5": -0.8769348301713188}, "datetime": {"datetime": "2020-10-19 21:29:34", "elapsed": 71.334602, "delta": 0.549566}}
{"target": 87.61968980539056, "params": {"x1": 87.91609187738084, "x2": 1.688099703540972, "x3": -1.1779841948029535, "x4": 1.2208259595047501, "x5": -0.5387493378166328}, "datetime": {"datetime": "2020-10-19 21:29:34", "elapsed": 71.799146, "delta": 0.464544}}
