{"target": 82.21991344293102, "params": {"x1": 88.6680880188103, "x2": 2.0136979737686325, "x3": -1.4228425007306205, "x4": 1.011630290527359, "x5": -1.0481764367315478}, "datetime": {"datetime": "2020-10-19 21:30:47", "elapsed": 0.0, "delta": 0.0}}
{"target": 54.853448664929154, "params": {"x1": 90.32624443194574, "x2": -0.8599401673907586, "x3": 2.5162436807859168, "x4": 3.064561767275018, "x5": 2.1193385214534732}, "datetime": {"datetime": "2020-10-19 21:30:47", "elapsed": 0.108593, "delta": 0.108593}}
{"target": 79.3266230246974, "params": {"x1": 88.1995945314482, "x2": 0.9662508798968815, "x3": 0.9212510187453187, "x4": 2.774650717609993, "x5": 0.2615903413463678}, "datetime": {"datetime": "2020-10-19 21:30:47", "elapsed": 0.146197, "delta": 0.037604}}
{"target": 83.95350107301921, "params": {"x1": 88.64357633861259, "x2": 1.959677822463821, "x3": -1.301623844955681, "x4": 1.1028983787234077, "x5": -0.9805737961352431}, "datetime": {"datetime": "2020-10-19 21:30:48", "elapsed": 0.546159, "delta": 0.399962}}
{"target": 84.96331913581899, "params": {"x1": 88.63266167951127, "x2": 1.7452394472737796, "x3": -1.3460830668775465, "x4": 0.9420606117764321, "x5": -0.8889979551848446}, "datetime": {"datetime": "2020-10-19 21:30:48", "elapsed": 0.631663, "delta": 0.085504}}
{"target": 86.0775866100354, "params": {"x1": 88.62025404229895, "x2": 1.774366708885798, "x3": -1.255496611711375, "x4": 1.0480527304110714, "x5": -0.8730189970478004}, "datetime": {"datetime": "2020-10-19 21:30:48", "elapsed": 0.843005, "delta": 0.211342}}
{"target": 86.11058621134755, "params": {"x1": 88.57239681554073, "x2": 1.733596304375695, "x3": -1.2813381325052666, "x4": 1.1052667361222337, "x5": -0.8851935245100901}, "datetime": {"datetime": "2020-10-19 21:30:48", "elapsed": 0.965137, "delta": 0.122132}}
{"target": 86.72523050836425, "params": {"x1": 88.5632764399686, "x2": 1.7708145689351042, "x3": -1.2628684389622808, "x4": 1.090870930770271, "x5": -0.7819067056317189}, "datetime": {"datetime": "2020-10-19 21:30:48", "elapsed": 1.181822, "delta": 0.216685}}
{"target": 87.94439019316734, "params": {"x1": 88.63777227507869, "x2": 1.7284344578663176, "x3": -1.252127310738135, "x4": 1.1391253205575749, "x5": -0.732063622225303}, "datetime": {"datetime": "2020-10-19 21:30:49", "elapsed": 1.364157, "delta": 0.182335}}
{"target": 87.58248179999572, "params": {"x1": 88.71153336157313, "x2": 1.7265983629810226, "x3": -1.3030220632318914, "x4": 1.181527010640434, "x5": -0.7099748240435078}, "datetime": {"datetime": "2020-10-19 21:30:49", "elapsed": 1.560707, "delta": 0.19655}}
{"target": 83.47727266391504, "params": {"x1": 88.87566204645734, "x2": -0.7169854075026466, "x3": -0.9024030720525509, "x4": 2.6250452283262122, "x5": 0.23874334244924156}, "datetime": {"datetime": "2020-10-19 21:30:49", "elapsed": 1.600766, "delta": 0.040059}}
{"target": 82.76702656562732, "params": {"x1": 88.53839243777355, "x2": 1.2615964383172509, "x3": -1.3005110190054217, "x4": 0.33685656800161445, "x5": -1.3880835558871027}, "datetime": {"datetime": "2020-10-19 21:30:49", "elapsed": 1.645915, "delta": 0.045149}}
{"target": 83.45975943183208, "params": {"x1": 88.07304038660081, "x2": 1.2940000224462516, "x3": 0.3923123607421155, "x4": 3.712906075258796, "x5": -0.3792577715408003}, "datetime": {"datetime": "2020-10-19 21:30:49", "elapsed": 1.69345, "delta": 0.047535}}
{"target": 90.93201036780664, "params": {"x1": 88.67854316376271, "x2": 1.6533437188669509, "x3": -1.2010066337179361, "x4": 1.149030283461005, "x5": -0.7008310662028825}, "datetime": {"datetime": "2020-10-19 21:30:49", "elapsed": 1.857768, "delta": 0.164318}}
{"target": 79.77719035510987, "params": {"x1": 89.66307050785029, "x2": 1.2334735871877753, "x3": 0.26206054698226944, "x4": 2.0907770502241076, "x5": -0.3408072425323312}, "datetime": {"datetime": "2020-10-19 21:30:49", "elapsed": 1.906491, "delta": 0.048723}}
{"target": 75.54926699359733, "params": {"x1": 89.12201631599437, "x2": 1.4391375317211201, "x3": 2.1048311271980156, "x4": 3.1515411440701078, "x5": 1.2874658620982233}, "datetime": {"datetime": "2020-10-19 21:30:49", "elapsed": 1.954007, "delta": 0.047516}}
{"target": 87.92213133059732, "params": {"x1": 88.31083235277666, "x2": 1.514020278506365, "x3": -1.3634604018182614, "x4": 1.1774218558082674, "x5": -0.581310818990602}, "datetime": {"datetime": "2020-10-19 21:30:49", "elapsed": 2.027562, "delta": 0.073555}}
{"target": 69.0321693280853, "params": {"x1": 90.4366877836784, "x2": -0.6988176797312781, "x3": 0.26265763696255395, "x4": 3.6153417501016465, "x5": -1.1391146328463402}, "datetime": {"datetime": "2020-10-19 21:30:49", "elapsed": 2.079027, "delta": 0.051465}}
{"target": 89.0656038500842, "params": {"x1": 88.31777956310704, "x2": 1.454054342754357, "x3": -1.3484952851144565, "x4": 1.0027882220077686, "x5": -0.35657489376503526}, "datetime": {"datetime": "2020-10-19 21:30:49", "elapsed": 2.259845, "delta": 0.180818}}
{"target": 90.42204920119248, "params": {"x1": 88.6663852240973, "x2": 1.564653502007033, "x3": -1.1755243153691024, "x4": 1.1392864045432949, "x5": -0.6478364281496817}, "datetime": {"datetime": "2020-10-19 21:30:50", "elapsed": 2.55884, "delta": 0.298995}}
{"target": 88.76317463129523, "params": {"x1": 88.34155926214927, "x2": 1.638408416353239, "x3": -1.1749180067695948, "x4": 1.3395191220725862, "x5": -0.8311763322877075}, "datetime": {"datetime": "2020-10-19 21:30:50", "elapsed": 2.648174, "delta": 0.089334}}
{"target": 75.77619130215865, "params": {"x1": 87.18793293819354, "x2": 0.10608678800291205, "x3": 0.4312004170186088, "x4": 1.350123455795505, "x5": 2.343949115596594}, "datetime": {"datetime": "2020-10-19 21:30:50", "elapsed": 2.701883, "delta": 0.053709}}
{"target": 90.28246421648302, "params": {"x1": 88.6787523523785, "x2": 1.6191654361451648, "x3": -1.1462600161237813, "x4": 1.1947127881765052, "x5": -0.7120110520306271}, "datetime": {"datetime": "2020-10-19 21:30:50", "elapsed": 2.900266, "delta": 0.198383}}
{"target": 93.57442285280078, "params": {"x1": 88.3830489716968, "x2": 1.6366489622557783, "x3": -0.9090612806632834, "x4": 1.080293746045297, "x5": -0.9082252048735875}, "datetime": {"datetime": "2020-10-19 21:30:50", "elapsed": 2.985514, "delta": 0.085248}}
{"target": 69.27712638316004, "params": {"x1": 87.69008737571392, "x2": -0.43472250329413964, "x3": 1.5817308606135743, "x4": 2.6067717070882868, "x5": 2.27583452539245}, "datetime": {"datetime": "2020-10-19 21:30:50", "elapsed": 3.035053, "delta": 0.049539}}
{"target": 94.11239595007186, "params": {"x1": 88.3980000422499, "x2": 1.6300915287558222, "x3": -0.9663013734550993, "x4": 1.1016783928822549, "x5": -0.8644598248140503}, "datetime": {"datetime": "2020-10-19 21:30:50", "elapsed": 3.155278, "delta": 0.120225}}
{"target": 77.50409636132704, "params": {"x1": 90.06070211854193, "x2": 0.43089792193801324, "x3": 1.280174603099779, "x4": 1.284881719423199, "x5": 1.6993440006978464}, "datetime": {"datetime": "2020-10-19 21:30:50", "elapsed": 3.209084, "delta": 0.053806}}
{"target": 90.11574376860969, "params": {"x1": 88.37711198113035, "x2": 1.595061676858562, "x3": -0.87372384785254, "x4": 0.7480907850109129, "x5": -0.5766706565142254}, "datetime": {"datetime": "2020-10-19 21:30:51", "elapsed": 3.34262, "delta": 0.133536}}
{"target": 91.81528606837792, "params": {"x1": 88.39789209986532, "x2": 1.6246656132713277, "x3": -0.9521494395911401, "x4": 1.0391524466140443, "x5": -0.8141957471785775}, "datetime": {"datetime": "2020-10-19 21:30:51", "elapsed": 3.473176, "delta": 0.130556}}
{"target": 79.79954097381957, "params": {"x1": 90.14703986851812, "x2": -0.5004488916251658, "x3": 1.5083583836611802, "x4": 1.249568573272928, "x5": 0.9929647266218995}, "datetime": {"datetime": "2020-10-19 21:30:51", "elapsed": 3.529463, "delta": 0.056287}}
{"target": 88.09259413447356, "params": {"x1": 88.47106018856898, "x2": 1.3934120927840747, "x3": -0.9805672169653656, "x4": 1.3808070113644717, "x5": -0.7568760842062361}, "datetime": {"datetime": "2020-10-19 21:30:51", "elapsed": 3.602219, "delta": 0.072756}}
{"target": 65.19668826148973, "params": {"x1": 90.93380489824091, "x2": -0.5156368302939299, "x3": -1.2009616021153449, "x4": 1.2484646818515348, "x5": 2.1953723636712397}, "datetime": {"datetime": "2020-10-19 21:30:51", "elapsed": 3.657251, "delta": 0.055032}}
{"target": 70.13394767476434, "params": {"x1": 87.47128656688068, "x2": 2.5725982441130135, "x3": -0.4874114361579791, "x4": 3.3804192919319807, "x5": 1.1426082906303987}, "datetime": {"datetime": "2020-10-19 21:30:51", "elapsed": 3.720712, "delta": 0.063461}}
{"target": 93.13105657506455, "params": {"x1": 88.39897956736789, "x2": 1.6139729162459961, "x3": -0.9614360091238437, "x4": 1.1634217003234582, "x5": -0.903296917235519}, "datetime": {"datetime": "2020-10-19 21:30:51", "elapsed": 3.995114, "delta": 0.274402}}
{"target": 85.56203660883571, "params": {"x1": 88.09890347786553, "x2": 1.6704291365949882, "x3": -1.2702615576135472, "x4": 0.8096892323130345, "x5": -0.7111011818492268}, "datetime": {"datetime": "2020-10-19 21:30:51", "elapsed": 4.088192, "delta": 0.093078}}
{"target": 90.65503699138904, "params": {"x1": 88.38868878788988, "x2": 1.668119079637443, "x3": -0.9784858100574022, "x4": 1.1000417047443867, "x5": -0.8975904301514822}, "datetime": {"datetime": "2020-10-19 21:30:51", "elapsed": 4.257823, "delta": 0.169631}}
{"target": 90.48513572802392, "params": {"x1": 88.40424559939457, "x2": 1.583089211292093, "x3": -0.9234379890872266, "x4": 1.1150682948140787, "x5": -0.860311602675423}, "datetime": {"datetime": "2020-10-19 21:30:52", "elapsed": 4.446834, "delta": 0.189011}}
{"target": 72.80870111064152, "params": {"x1": 90.11649232815815, "x2": 1.2497284613254327, "x3": 1.8520445540076855, "x4": 3.373139729186798, "x5": -0.33090477093185133}, "datetime": {"datetime": "2020-10-19 21:30:52", "elapsed": 4.508037, "delta": 0.061203}}
{"target": 74.13468150921895, "params": {"x1": 90.03018081280568, "x2": 0.9306441723640101, "x3": 1.9571850763730605, "x4": 2.0639967549326093, "x5": 1.084493477230098}, "datetime": {"datetime": "2020-10-19 21:30:52", "elapsed": 4.5742, "delta": 0.066163}}
{"target": 81.2161025879081, "params": {"x1": 88.87081388794842, "x2": 1.3552110695140875, "x3": 1.3543072536549603, "x4": 0.37519016498325075, "x5": 0.3054286199786078}, "datetime": {"datetime": "2020-10-19 21:30:52", "elapsed": 4.640297, "delta": 0.066097}}
{"target": 90.09997494305686, "params": {"x1": 88.31915266951675, "x2": 1.5079201966827651, "x3": -1.2621852896754782, "x4": 1.2361640918155488, "x5": -0.6028969824814847}, "datetime": {"datetime": "2020-10-19 21:30:52", "elapsed": 4.722019, "delta": 0.081722}}
{"target": 65.11837229675666, "params": {"x1": 90.82148048483778, "x2": 2.20490180854506, "x3": 0.6167969010848442, "x4": 3.053195867964196, "x5": 1.4395020262877585}, "datetime": {"datetime": "2020-10-19 21:30:52", "elapsed": 4.790491, "delta": 0.068472}}
{"target": 77.83842728998351, "params": {"x1": 90.31490057102661, "x2": 0.6108593217062522, "x3": 1.7867658747917916, "x4": 1.5943974813665729, "x5": -0.05026338932560326}, "datetime": {"datetime": "2020-10-19 21:30:52", "elapsed": 4.859904, "delta": 0.069413}}
{"target": 87.79547840865817, "params": {"x1": 88.54876565972741, "x2": 1.7795004167738333, "x3": -1.0697150137647127, "x4": 1.458505869560468, "x5": -0.6675992941443092}, "datetime": {"datetime": "2020-10-19 21:30:52", "elapsed": 4.939877, "delta": 0.079973}}
{"target": 80.2596905040963, "params": {"x1": 87.17221198942852, "x2": -0.6440796919676696, "x3": 1.383999685912461, "x4": 1.7034123747309853, "x5": 0.7834669799982803}, "datetime": {"datetime": "2020-10-19 21:30:52", "elapsed": 5.004358, "delta": 0.064481}}
{"target": 88.77199993612174, "params": {"x1": 88.10711805764277, "x2": 1.6817193585129098, "x3": -0.7531675083752727, "x4": 1.153849455970162, "x5": -0.7179952114747732}, "datetime": {"datetime": "2020-10-19 21:30:52", "elapsed": 5.09037, "delta": 0.086012}}
{"target": 93.18490931362206, "params": {"x1": 88.65207076358047, "x2": 1.6103042882895935, "x3": -1.191668193262142, "x4": 1.1630786562970543, "x5": -0.6847378492012427}, "datetime": {"datetime": "2020-10-19 21:30:52", "elapsed": 5.241055, "delta": 0.150685}}
{"target": 87.86834602448974, "params": {"x1": 88.40829286668692, "x2": 1.5882967048840233, "x3": -0.7419519471004141, "x4": 0.9285440624515238, "x5": -0.6581695193875758}, "datetime": {"datetime": "2020-10-19 21:30:53", "elapsed": 5.319793, "delta": 0.078738}}
{"target": 90.60814989649795, "params": {"x1": 88.41338468048389, "x2": 1.6487219648791478, "x3": -0.8805676634126718, "x4": 1.2886372916061093, "x5": -1.1035622667208405}, "datetime": {"datetime": "2020-10-19 21:30:53", "elapsed": 5.417075, "delta": 0.097282}}
{"target": 84.59247388913215, "params": {"x1": 88.01796813452403, "x2": 1.5079596865693965, "x3": -1.3099956099531471, "x4": 0.7246291367841462, "x5": -0.9457983413919224}, "datetime": {"datetime": "2020-10-19 21:30:53", "elapsed": 5.513131, "delta": 0.096056}}
{"target": 88.64067675056023, "params": {"x1": 88.4008314954029, "x2": 1.512235666097422, "x3": -1.2115616294908633, "x4": 1.4828941983818706, "x5": -0.9137279520581874}, "datetime": {"datetime": "2020-10-19 21:30:53", "elapsed": 5.59076, "delta": 0.077629}}
{"target": 88.05881636115559, "params": {"x1": 88.16675871238458, "x2": 1.6988263112764224, "x3": -0.9041460179646366, "x4": 1.3341849516285988, "x5": -0.6017128298162369}, "datetime": {"datetime": "2020-10-19 21:30:53", "elapsed": 5.676292, "delta": 0.085532}}
{"target": 85.98344020572253, "params": {"x1": 88.54537470680903, "x2": 1.5437811462003093, "x3": -1.269241092062747, "x4": 1.4774808244142952, "x5": -1.1320297937169077}, "datetime": {"datetime": "2020-10-19 21:30:53", "elapsed": 5.767281, "delta": 0.090989}}
