{"target": 86.88492253133536, "params": {"x1": 88.31389881803256, "x2": 1.6357091287878505, "x3": -1.3481196365895027, "x4": 1.3872227169237317, "x5": -0.7442685413423689}, "datetime": {"datetime": "2020-10-19 21:28:32", "elapsed": 9.332455, "delta": 0.123958}}
{"target": 89.3087344260976, "params": {"x1": 88.44955126619308, "x2": 1.545445386529959, "x3": -0.8500914609462049, "x4": 0.8302612869064305, "x5": -0.6703195625313845}, "datetime": {"datetime": "2020-10-19 21:28:32", "elapsed": 9.467952, "delta": 0.135497}}
{"target": 69.61011765287324, "params": {"x1": 90.85049642586146, "x2": -0.352108144259932, "x3": 1.0255876372785824, "x4": 2.9757520198499012, "x5": -1.2525079685105116}, "datetime": {"datetime": "2020-10-19 21:28:32", "elapsed": 9.592063, "delta": 0.124111}}
{"target": 79.0443688194361, "params": {"x1": 88.92960221689073, "x2": 0.8814768942068841, "x3": -0.4016694412590185, "x4": 2.389115071217347, "x5": 1.9259682996815226}, "datetime": {"datetime": "2020-10-19 21:28:32", "elapsed": 9.721538, "delta": 0.129475}}
{"target": 89.58064947080635, "params": {"x1": 88.69725152265843, "x2": 1.5043591643329353, "x3": -1.112812828052266, "x4": 1.2986080967015996, "x5": -0.8096451386142232}, "datetime": {"datetime": "2020-10-19 21:28:32", "elapsed": 9.893603, "delta": 0.172065}}
{"target": 87.13665440407607, "params": {"x1": 88.33765821103705, "x2": 1.739532147095535, "x3": -1.1282562132071436, "x4": 1.5255085962198585, "x5": -1.002267161437331}, "datetime": {"datetime": "2020-10-19 21:28:33", "elapsed": 10.035187, "delta": 0.141584}}
{"target": 87.59136136904978, "params": {"x1": 88.36038434447532, "x2": 1.5569579500719621, "x3": -0.7209047940823827, "x4": 0.9944841037380059, "x5": -0.6480337108575835}, "datetime": {"datetime": "2020-10-19 21:28:33", "elapsed": 10.170294, "delta": 0.135107}}
{"target": 68.5143228071988, "params": {"x1": 89.9765855986051, "x2": -0.7939934254112352, "x3": 2.436765521156529, "x4": 0.1628623061944554, "x5": -1.4793681811985293}, "datetime": {"datetime": "2020-10-19 21:28:33", "elapsed": 10.273162, "delta": 0.102868}}
{"target": 89.0655914141392, "params": {"x1": 88.3964086624495, "x2": 1.4362962656504772, "x3": -1.0276269497425534, "x4": 0.9310173018236194, "x5": -0.441690727383764}, "datetime": {"datetime": "2020-10-19 21:28:33", "elapsed": 10.487071, "delta": 0.213909}}
{"target": 89.97847756853801, "params": {"x1": 88.68322718922136, "x2": 1.647079951836111, "x3": -1.2503452487315416, "x4": 1.3676438706266245, "x5": -0.757858622035853}, "datetime": {"datetime": "2020-10-19 21:28:33", "elapsed": 10.608613, "delta": 0.121542}}
{"target": 87.1091132583825, "params": {"x1": 88.3843177025173, "x2": 1.6524734036978947, "x3": -1.1086019772705964, "x4": 1.3181728056339599, "x5": -1.0810049701565891}, "datetime": {"datetime": "2020-10-19 21:28:33", "elapsed": 10.763865, "delta": 0.155252}}
{"target": 91.81632954371057, "params": {"x1": 88.46966353055812, "x2": 1.4549339311063503, "x3": -0.9760309998335568, "x4": 0.6783736896278041, "x5": -0.6664876455105093}, "datetime": {"datetime": "2020-10-19 21:28:33", "elapsed": 10.898085, "delta": 0.13422}}
{"target": 87.42361834852008, "params": {"x1": 88.18556340600068, "x2": 1.536714238042093, "x3": -1.2826964370084613, "x4": 1.394629242609, "x5": -0.7967034841111846}, "datetime": {"datetime": "2020-10-19 21:28:34", "elapsed": 11.074263, "delta": 0.176178}}
{"target": 86.54370221819637, "params": {"x1": 88.61572715449334, "x2": 1.697457096862307, "x3": -0.8303532358909871, "x4": 1.2218513333874912, "x5": -0.6838202446204609}, "datetime": {"datetime": "2020-10-19 21:28:34", "elapsed": 11.220077, "delta": 0.145814}}
{"target": 62.66566978746772, "params": {"x1": 90.83420648469367, "x2": 2.620965908117736, "x3": 2.1211721633986746, "x4": 2.301167472463261, "x5": -0.6669528069116943}, "datetime": {"datetime": "2020-10-19 21:28:34", "elapsed": 11.327438, "delta": 0.107361}}
{"target": 62.86059019183754, "params": {"x1": 90.7792325367014, "x2": 2.9421506031064064, "x3": -0.6131380424606292, "x4": 3.033356696263862, "x5": -1.2069636607401313}, "datetime": {"datetime": "2020-10-19 21:28:34", "elapsed": 11.434603, "delta": 0.107165}}
{"target": 87.4017538817436, "params": {"x1": 88.29848419485819, "x2": 1.834243641456319, "x3": -0.8823938774866795, "x4": 1.1028780466130181, "x5": -0.4466580133096183}, "datetime": {"datetime": "2020-10-19 21:28:34", "elapsed": 11.648348, "delta": 0.213745}}
{"target": 89.40097550953664, "params": {"x1": 88.40309197026266, "x2": 1.4431938896799434, "x3": -0.9457530887671382, "x4": 0.7201382370344842, "x5": -0.3887586726707253}, "datetime": {"datetime": "2020-10-19 21:28:34", "elapsed": 11.867491, "delta": 0.219143}}
{"target": 70.3212896397356, "params": {"x1": 90.59652383612297, "x2": 2.4975678188453214, "x3": 0.9783566925326175, "x4": 2.599512789175124, "x5": 1.0777532953964026}, "datetime": {"datetime": "2020-10-19 21:28:35", "elapsed": 11.98612, "delta": 0.118629}}
{"target": 77.96945471222463, "params": {"x1": 90.573277407233, "x2": -0.2207982103840257, "x3": -0.21903377232624233, "x4": 2.1975984998939806, "x5": -1.267911781068394}, "datetime": {"datetime": "2020-10-19 21:28:35", "elapsed": 12.11673, "delta": 0.13061}}
{"target": 91.5744341220794, "params": {"x1": 88.60778817207715, "x2": 1.596770550839632, "x3": -1.2148527971619068, "x4": 1.19396834316509, "x5": -0.6940958712357101}, "datetime": {"datetime": "2020-10-19 21:28:35", "elapsed": 12.357437, "delta": 0.240707}}
{"target": 86.55660211180344, "params": {"x1": 88.44076360719104, "x2": 1.4129602322449957, "x3": -1.3359536819414937, "x4": 1.366702275926085, "x5": -1.011295082687013}, "datetime": {"datetime": "2020-10-19 21:28:35", "elapsed": 12.532062, "delta": 0.174625}}
{"target": 89.67018117625867, "params": {"x1": 87.98941348114852, "x2": 1.8416605090080633, "x3": -0.7734023801647163, "x4": 1.4450649948032248, "x5": -0.777917072062212}, "datetime": {"datetime": "2020-10-19 21:28:35", "elapsed": 12.706137, "delta": 0.174075}}
{"target": 87.6674602123504, "params": {"x1": 87.82766332550533, "x2": 1.8532658326085518, "x3": -0.6949566769852178, "x4": 1.4197530825753548, "x5": -1.0228193964367984}, "datetime": {"datetime": "2020-10-19 21:28:35", "elapsed": 12.873531, "delta": 0.167394}}
{"target": 89.28629455263257, "params": {"x1": 88.71169913150432, "x2": 1.781730139274297, "x3": -1.3378856672927453, "x4": 1.4046758185187207, "x5": -0.5449995552033096}, "datetime": {"datetime": "2020-10-19 21:28:36", "elapsed": 13.086807, "delta": 0.213276}}
{"target": 89.36956294768395, "params": {"x1": 87.94984069455518, "x2": 1.6632885985131107, "x3": -1.0105414884362587, "x4": 1.3034553495982226, "x5": -0.728747750657637}, "datetime": {"datetime": "2020-10-19 21:28:36", "elapsed": 13.25479, "delta": 0.167983}}
{"target": 83.65294578345095, "params": {"x1": 88.12588882884567, "x2": -0.06947839181485194, "x3": 0.9766020865826162, "x4": 2.4108786048609456, "x5": -0.29432981707120454}, "datetime": {"datetime": "2020-10-19 21:28:36", "elapsed": 13.370968, "delta": 0.116178}}
{"target": 86.70973774948935, "params": {"x1": 88.7331389452374, "x2": 1.6560839288092883, "x3": -1.3867522808620343, "x4": 1.1053426474913912, "x5": -0.6833507366653018}, "datetime": {"datetime": "2020-10-19 21:28:36", "elapsed": 13.532997, "delta": 0.162029}}
{"target": 87.14382468950981, "params": {"x1": 88.56195655174466, "x2": 1.7436348314936008, "x3": -1.1012361963160597, "x4": 0.5992407408454021, "x5": -0.6199323632122293}, "datetime": {"datetime": "2020-10-19 21:28:36", "elapsed": 13.726303, "delta": 0.193306}}
{"target": 86.93888179345778, "params": {"x1": 88.16770051739167, "x2": 1.7902023407437122, "x3": -1.2688801460450685, "x4": 1.3048851097032357, "x5": -0.6227404642059706}, "datetime": {"datetime": "2020-10-19 21:28:36", "elapsed": 13.890011, "delta": 0.163708}}
{"target": 84.97353566656427, "params": {"x1": 88.78517803185333, "x2": 2.063441759500024, "x3": -1.1689311664260769, "x4": 0.7934846394284512, "x5": -0.6718708795208468}, "datetime": {"datetime": "2020-10-19 21:28:37", "elapsed": 14.061611, "delta": 0.1716}}
{"target": 90.11796326725646, "params": {"x1": 88.31779660583611, "x2": 1.1827508395280573, "x3": -1.0598402098427362, "x4": 1.153860312664482, "x5": -0.9947063261980478}, "datetime": {"datetime": "2020-10-19 21:28:37", "elapsed": 14.203368, "delta": 0.141757}}
{"target": 84.63465233555903, "params": {"x1": 88.84634067082253, "x2": 0.2262736781017919, "x3": -0.8634396095936123, "x4": 1.7051010019659125, "x5": 1.5929842472325777}, "datetime": {"datetime": "2020-10-19 21:28:37", "elapsed": 14.320186, "delta": 0.116818}}
{"target": 91.20451833032352, "params": {"x1": 88.37673266083151, "x2": 1.5925784704984147, "x3": -0.9780007818916571, "x4": 1.078784834096624, "x5": -0.8986504176774974}, "datetime": {"datetime": "2020-10-19 21:28:37", "elapsed": 14.533746, "delta": 0.21356}}
{"target": 68.01091154181385, "params": {"x1": 89.46459196937695, "x2": 2.7080127342868385, "x3": 2.390024827818265, "x4": 0.03743207579984964, "x5": -0.06072112553590636}, "datetime": {"datetime": "2020-10-19 21:28:37", "elapsed": 14.67159, "delta": 0.137844}}
{"target": 88.81428947595691, "params": {"x1": 88.26477610831465, "x2": 1.4815055856615138, "x3": -1.0013287751988489, "x4": 0.9406161819597767, "x5": -0.3369895493550079}, "datetime": {"datetime": "2020-10-19 21:28:37", "elapsed": 14.858731, "delta": 0.187141}}
{"target": 73.0726419692003, "params": {"x1": 89.42658425914563, "x2": 2.28028570086022, "x3": 0.9847379345081155, "x4": 2.724019702585969, "x5": 0.9443706957812228}, "datetime": {"datetime": "2020-10-19 21:28:38", "elapsed": 14.983931, "delta": 0.1252}}
{"target": 83.8475379015187, "params": {"x1": 87.67061815511794, "x2": 0.6888935399843067, "x3": 1.1704443283952728, "x4": -0.05902843059080687, "x5": 0.8897562472417915}, "datetime": {"datetime": "2020-10-19 21:28:38", "elapsed": 15.120011, "delta": 0.13608}}
{"target": 83.43364203693054, "params": {"x1": 87.54310513958232, "x2": 1.8878460579284337, "x3": -0.34656151491434106, "x4": 2.403086980427373, "x5": 1.2871954692903567}, "datetime": {"datetime": "2020-10-19 21:28:38", "elapsed": 15.270434, "delta": 0.150423}}
{"target": 87.38753809051741, "params": {"x1": 88.49362935040143, "x2": 1.6759392911775306, "x3": -0.9673783247986176, "x4": 1.527748315701554, "x5": -0.771030569268939}, "datetime": {"datetime": "2020-10-19 21:28:38", "elapsed": 15.46819, "delta": 0.197756}}
{"target": 88.02047205931147, "params": {"x1": 88.31365105057422, "x2": 1.7813487911667263, "x3": -0.604760305370901, "x4": 0.9350238292251263, "x5": -0.7655314225046801}, "datetime": {"datetime": "2020-10-19 21:28:38", "elapsed": 15.639738, "delta": 0.171548}}
{"target": 69.30550676942845, "params": {"x1": 88.60579018471194, "x2": 2.2782514595737124, "x3": 2.5079556592369032, "x4": 0.2909016818228587, "x5": 1.2277447325004205}, "datetime": {"datetime": "2020-10-19 21:28:38", "elapsed": 15.778048, "delta": 0.13831}}
{"target": 85.53767913970914, "params": {"x1": 88.66714544003018, "x2": 1.6314115653094308, "x3": -1.3579531922823562, "x4": 1.0922085201974976, "x5": -0.9442143866491011}, "datetime": {"datetime": "2020-10-19 21:28:39", "elapsed": 15.958251, "delta": 0.180203}}
{"target": 89.43366756359788, "params": {"x1": 88.26320583975551, "x2": 1.6465298599652898, "x3": -0.9634898190358145, "x4": 1.137283854313132, "x5": -0.951011807062055}, "datetime": {"datetime": "2020-10-19 21:28:39", "elapsed": 16.149074, "delta": 0.190823}}
{"target": 88.00967557276736, "params": {"x1": 88.50339232920959, "x2": 1.5461224498191264, "x3": -1.1797873034371518, "x4": 1.5719489017645187, "x5": -1.0302172006232422}, "datetime": {"datetime": "2020-10-19 21:28:39", "elapsed": 16.33519, "delta": 0.186116}}
{"target": 91.82706895446088, "params": {"x1": 87.86954916988363, "x2": 1.7268382838669027, "x3": -0.780520716417229, "x4": 1.3374486599174376, "x5": -0.8111755071617341}, "datetime": {"datetime": "2020-10-19 21:28:39", "elapsed": 16.583996, "delta": 0.248806}}
{"target": 92.58752346185634, "params": {"x1": 88.60015262490815, "x2": 1.7683429023743793, "x3": -1.1194943215163453, "x4": 1.316148758407919, "x5": -0.7928565505550751}, "datetime": {"datetime": "2020-10-19 21:28:39", "elapsed": 16.791143, "delta": 0.207147}}
{"target": 79.50195602674822, "params": {"x1": 87.04476804227245, "x2": 1.4910422892627158, "x3": 1.868807634784986, "x4": 2.1619936280235814, "x5": 0.4932707033706254}, "datetime": {"datetime": "2020-10-19 21:28:39", "elapsed": 16.93431, "delta": 0.143167}}
{"target": 87.80813347235849, "params": {"x1": 88.19950903683443, "x2": 1.6180999366645072, "x3": -1.1322985857594559, "x4": 0.7176818223469834, "x5": -0.5396537276004627}, "datetime": {"datetime": "2020-10-19 21:28:40", "elapsed": 17.137321, "delta": 0.203011}}
{"target": 89.65982561088721, "params": {"x1": 87.90311764297469, "x2": 1.6278499812462908, "x3": -0.6837459160354131, "x4": 1.4043361920104294, "x5": -0.8469612820847867}, "datetime": {"datetime": "2020-10-19 21:28:40", "elapsed": 17.30612, "delta": 0.168799}}
{"target": 94.07699311619167, "params": {"x1": 88.29797536844531, "x2": 1.6533679269459385, "x3": -1.0019066886353463, "x4": 1.1870200109207631, "x5": -0.8076840266073411}, "datetime": {"datetime": "2020-10-19 21:28:40", "elapsed": 17.558767, "delta": 0.252647}}
{"target": 78.60254869221036, "params": {"x1": 89.78284975343858, "x2": 0.8764669845029504, "x3": 1.0182171396961686, "x4": 2.8464181769394825, "x5": -0.8009222248523675}, "datetime": {"datetime": "2020-10-19 21:28:40", "elapsed": 17.704371, "delta": 0.145604}}
{"target": 85.78021855566209, "params": {"x1": 88.50829068447386, "x2": 1.5412248341178336, "x3": -1.2090351276894096, "x4": 1.4511343565899695, "x5": -1.2275265382844196}, "datetime": {"datetime": "2020-10-19 21:28:41", "elapsed": 17.95722, "delta": 0.252849}}
{"target": 78.06150414993908, "params": {"x1": 90.24365650830963, "x2": 0.6643595157543815, "x3": 1.8739721757347605, "x4": 1.1039413418440651, "x5": 1.1796262040633454}, "datetime": {"datetime": "2020-10-19 21:28:41", "elapsed": 18.125265, "delta": 0.168045}}
{"target": 87.11185982017565, "params": {"x1": 88.85303373551332, "x2": 1.5356461148636056, "x3": -0.954444735193891, "x4": 1.1900993223344492, "x5": -0.728125749657645}, "datetime": {"datetime": "2020-10-19 21:28:41", "elapsed": 18.33515, "delta": 0.209885}}
{"target": 89.34457989618504, "params": {"x1": 88.82478653027721, "x2": 1.7666211742285802, "x3": -1.2923731779623024, "x4": 1.3248482242977875, "x5": -0.6360793142670642}, "datetime": {"datetime": "2020-10-19 21:28:41", "elapsed": 18.522988, "delta": 0.187838}}
{"target": 87.18494680232679, "params": {"x1": 87.80463852830754, "x2": -0.2991342199385817, "x3": 0.10376069909792629, "x4": 2.5134785795800827, "x5": -0.007403722202370178}, "datetime": {"datetime": "2020-10-19 21:28:41", "elapsed": 18.674255, "delta": 0.151267}}
{"target": 83.56166828813542, "params": {"x1": 87.39883868470523, "x2": -0.037407807680184146, "x3": -0.08554233746046047, "x4": 0.08306027388771597, "x5": 0.977734152936174}, "datetime": {"datetime": "2020-10-19 21:28:41", "elapsed": 18.822956, "delta": 0.148701}}
{"target": 80.77844129451486, "params": {"x1": 90.90731462785558, "x2": 0.04871706492137118, "x3": 0.6090976064537095, "x4": 1.068829900058162, "x5": 0.6247984783699125}, "datetime": {"datetime": "2020-10-19 21:28:42", "elapsed": 18.976709, "delta": 0.153753}}
{"target": 79.54150060081086, "params": {"x1": 88.14836654023787, "x2": 0.8417663884343657, "x3": 1.6352958811484697, "x4": 1.5912294292393951, "x5": 0.8183407859980714}, "datetime": {"datetime": "2020-10-19 21:28:42", "elapsed": 19.133318, "delta": 0.156609}}
{"target": 88.62190896533244, "params": {"x1": 87.98865706152031, "x2": 1.6831687799589856, "x3": -0.7349057136773649, "x4": 1.6141434032594997, "x5": -0.8489228354604081}, "datetime": {"datetime": "2020-10-19 21:28:42", "elapsed": 19.353957, "delta": 0.220639}}
{"target": 89.15820231326742, "params": {"x1": 88.41686385840664, "x2": 1.490875135313594, "x3": -0.9792995503060984, "x4": 0.9314822805365208, "x5": -0.5487633982640567}, "datetime": {"datetime": "2020-10-19 21:28:42", "elapsed": 19.528748, "delta": 0.174791}}
{"target": 93.04014310382769, "params": {"x1": 88.4450024714399, "x2": 1.4902116740746219, "x3": -0.9578625116222714, "x4": 0.7172337560071556, "x5": -0.6293400660042369}, "datetime": {"datetime": "2020-10-19 21:28:42", "elapsed": 19.830452, "delta": 0.301704}}
{"target": 79.7371635307635, "params": {"x1": 88.63791433103792, "x2": 0.7459972479604481, "x3": 1.090087575161114, "x4": 3.2940938508824305, "x5": -0.5204386354295465}, "datetime": {"datetime": "2020-10-19 21:28:43", "elapsed": 19.980078, "delta": 0.149626}}
{"target": 86.88026803703765, "params": {"x1": 88.65826150202547, "x2": 1.5841737920990968, "x3": -0.8199138453113843, "x4": 1.6142602130903405, "x5": -0.9885843960818377}, "datetime": {"datetime": "2020-10-19 21:28:43", "elapsed": 20.184903, "delta": 0.204825}}
{"target": 91.58569660711233, "params": {"x1": 87.94251277267648, "x2": 1.7861736617587414, "x3": -0.7558812970221334, "x4": 1.1688775614207032, "x5": -0.7271181019324453}, "datetime": {"datetime": "2020-10-19 21:28:43", "elapsed": 20.410911, "delta": 0.226008}}
{"target": 88.81206144590737, "params": {"x1": 87.9106645834339, "x2": 1.6369910181814684, "x3": -0.7562704496787644, "x4": 1.2813331107382775, "x5": -1.0528116614005707}, "datetime": {"datetime": "2020-10-19 21:28:43", "elapsed": 20.68071, "delta": 0.269799}}
{"target": 77.92801360387136, "params": {"x1": 88.24616205653857, "x2": 2.631002765290815, "x3": 0.04607795683721272, "x4": 0.02181534933435736, "x5": -1.3755875980441263}, "datetime": {"datetime": "2020-10-19 21:28:43", "elapsed": 20.851033, "delta": 0.170323}}
{"target": 86.78552641306914, "params": {"x1": 88.54131058058061, "x2": 1.5913974972773284, "x3": -0.7385781382219985, "x4": 1.5210793126727522, "x5": -0.9546447065904251}, "datetime": {"datetime": "2020-10-19 21:28:44", "elapsed": 21.066492, "delta": 0.215459}}
{"target": 87.20345678334675, "params": {"x1": 88.77926479805859, "x2": 1.4679760293188457, "x3": -1.0506253314938159, "x4": 1.2798025562593753, "x5": -0.6365312726858916}, "datetime": {"datetime": "2020-10-19 21:28:44", "elapsed": 21.264617, "delta": 0.198125}}
{"target": 89.15056221088285, "params": {"x1": 88.5044069548353, "x2": 1.4883456776522337, "x3": -1.1368207514120858, "x4": 1.4973867523710431, "x5": -0.7480809131262836}, "datetime": {"datetime": "2020-10-19 21:28:44", "elapsed": 21.482195, "delta": 0.217578}}
{"target": 91.31408573957297, "params": {"x1": 88.40709936061516, "x2": 1.3538134677688962, "x3": -1.0233359177195245, "x4": 0.7081849911385414, "x5": -0.44284113008629444}, "datetime": {"datetime": "2020-10-19 21:28:44", "elapsed": 21.839065, "delta": 0.35687}}
{"target": 89.62611669671615, "params": {"x1": 88.59608137402762, "x2": 1.6287007062144538, "x3": -1.1001962438425676, "x4": 1.1122518447702652, "x5": -0.65082513562464}, "datetime": {"datetime": "2020-10-19 21:28:45", "elapsed": 22.070165, "delta": 0.2311}}
{"target": 85.88044727305574, "params": {"x1": 88.18803752748943, "x2": 1.612671023355488, "x3": -1.3315533584278303, "x4": 0.9621211748564058, "x5": -0.7505908791766343}, "datetime": {"datetime": "2020-10-19 21:28:45", "elapsed": 22.341468, "delta": 0.271303}}
{"target": 78.76250217527482, "params": {"x1": 90.39626813889336, "x2": 0.5468788937744792, "x3": 0.6130062922319375, "x4": 3.4633575249125963, "x5": -0.03156300429376624}, "datetime": {"datetime": "2020-10-19 21:28:45", "elapsed": 22.504526, "delta": 0.163058}}
{"target": 89.86232648828658, "params": {"x1": 87.81350485035122, "x2": 1.8536562115936857, "x3": -0.7037621422174618, "x4": 1.0826958332979315, "x5": -0.7090354643095911}, "datetime": {"datetime": "2020-10-19 21:28:45", "elapsed": 22.715389, "delta": 0.210863}}
{"target": 82.05747980888336, "params": {"x1": 88.59555026725246, "x2": 0.7147773875452249, "x3": -0.6515032379357313, "x4": 2.7351780298396644, "x5": 0.44935712717662546}, "datetime": {"datetime": "2020-10-19 21:28:45", "elapsed": 22.872265, "delta": 0.156876}}
{"target": 89.14775673607942, "params": {"x1": 88.52827188174619, "x2": 1.7138365379490121, "x3": -0.8783399161166299, "x4": 1.249070545651038, "x5": -0.9344927102157301}, "datetime": {"datetime": "2020-10-19 21:28:46", "elapsed": 23.091835, "delta": 0.21957}}
{"target": 77.45325834462679, "params": {"x1": 89.68559406026014, "x2": 1.1232037108243693, "x3": -1.0075139719267094, "x4": 3.085394229958216, "x5": -1.3487869296802641}, "datetime": {"datetime": "2020-10-19 21:28:46", "elapsed": 23.259397, "delta": 0.167562}}
{"target": 83.17668914224622, "params": {"x1": 88.11435552750281, "x2": -0.28435391450803993, "x3": 0.052382889695419044, "x4": -0.15657790786553583, "x5": -1.3865420405178843}, "datetime": {"datetime": "2020-10-19 21:28:46", "elapsed": 23.429771, "delta": 0.170374}}
{"target": 93.00410205797361, "params": {"x1": 88.6028353273801, "x2": 1.597272429254617, "x3": -1.2438148196166214, "x4": 1.4084287140014562, "x5": -0.7045967477291557}, "datetime": {"datetime": "2020-10-19 21:28:46", "elapsed": 23.689221, "delta": 0.25945}}
{"target": 69.72647821529412, "params": {"x1": 90.86933198940571, "x2": 0.8086853079246489, "x3": 2.2785053049680313, "x4": 0.44012775412485294, "x5": 0.11587926717116592}, "datetime": {"datetime": "2020-10-19 21:28:46", "elapsed": 23.880516, "delta": 0.191295}}
{"target": 87.01090726974947, "params": {"x1": 88.0168097676094, "x2": 1.5601616056602272, "x3": -1.1002479958831584, "x4": 0.769635691339779, "x5": -0.7223705888658334}, "datetime": {"datetime": "2020-10-19 21:28:47", "elapsed": 24.106735, "delta": 0.226219}}
{"target": 90.48957883200232, "params": {"x1": 88.27184339757252, "x2": 1.4813456428089715, "x3": -1.1508446415757818, "x4": 0.8497458392159853, "x5": -0.4758909021448343}, "datetime": {"datetime": "2020-10-19 21:28:47", "elapsed": 24.38585, "delta": 0.279115}}
