{"target": -3.3112861561088978, "params": {"x1": 6.2408451784611225, "x2": -9.846371962625826, "x3": -79.43930680418993, "x4": 6.842849811161356, "x5": -58.72183902264563}, "datetime": {"datetime": "2020-10-18 19:34:08", "elapsed": 77.261224, "delta": 0.54839}}
{"target": -91.04009470018761, "params": {"x1": -248.59229518673732, "x2": -176.99598833968298, "x3": 367.7675396982862, "x4": -354.70326150613965, "x5": -41.34495242638752}, "datetime": {"datetime": "2020-10-18 19:34:08", "elapsed": 77.4288, "delta": 0.167576}}
{"target": -7.16899030589218, "params": {"x1": 65.0439919691122, "x2": 47.34873993788142, "x3": -24.33788392077429, "x4": 107.83417047539683, "x5": 74.64399662575363}, "datetime": {"datetime": "2020-10-18 19:34:09", "elapsed": 77.921482, "delta": 0.492682}}
{"target": -2.2316969734770504, "params": {"x1": -31.36689480368716, "x2": -16.087145544419286, "x3": -47.717099589164945, "x4": -0.31018753000080324, "x5": -48.52897572241886}, "datetime": {"datetime": "2020-10-18 19:34:09", "elapsed": 78.429252, "delta": 0.50777}}
{"target": -3.359836090610243, "params": {"x1": -36.88184536217045, "x2": -59.996350940711295, "x3": 58.246721381605425, "x4": 48.94903499521536, "x5": -37.94579299764155}, "datetime": {"datetime": "2020-10-18 19:34:10", "elapsed": 79.042456, "delta": 0.613204}}
{"target": -3.3539871537536405, "params": {"x1": -20.622749608344357, "x2": -6.883765181338417, "x3": -69.20368198395073, "x4": 68.70359302023215, "x5": -17.092198942511946}, "datetime": {"datetime": "2020-10-18 19:34:11", "elapsed": 79.650571, "delta": 0.608115}}
{"target": -2.094364354351513, "params": {"x1": -13.010347471621214, "x2": 25.219293026625337, "x3": 33.43205108478716, "x4": 35.984874244474256, "x5": 35.364637527622165}, "datetime": {"datetime": "2020-10-18 19:34:11", "elapsed": 80.220008, "delta": 0.569437}}
{"target": -2.173810629795689, "params": {"x1": 9.153101221639357, "x2": -47.00975535958341, "x3": -31.160329642310145, "x4": -19.504208409034117, "x5": 23.21393766661743}, "datetime": {"datetime": "2020-10-18 19:34:12", "elapsed": 80.959337, "delta": 0.739329}}
{"target": -3.1044185733030862, "params": {"x1": 44.86622979121012, "x2": -65.54783322012167, "x3": -33.82876919138653, "x4": 8.407967982563264, "x5": -54.29549716104202}, "datetime": {"datetime": "2020-10-18 19:34:13", "elapsed": 81.56329, "delta": 0.603953}}
{"target": -161.51026449889497, "params": {"x1": 462.9610734116334, "x2": -173.54091103080782, "x3": 592.7099275555609, "x4": 243.38600688096926, "x5": 30.42071395869698}, "datetime": {"datetime": "2020-10-18 19:34:13", "elapsed": 81.753184, "delta": 0.189894}}
{"target": -121.81563950307424, "params": {"x1": -51.73002860468762, "x2": 372.27336816840455, "x3": 433.83553661996984, "x4": -377.6819140467324, "x5": -45.16350003533182}, "datetime": {"datetime": "2020-10-18 19:34:13", "elapsed": 81.942243, "delta": 0.189059}}
{"target": -3.229474908346548, "params": {"x1": -17.30820239383354, "x2": -27.002463797415658, "x3": -65.78536590238093, "x4": -40.3814147996369, "x5": -11.586817380632965}, "datetime": {"datetime": "2020-10-18 19:34:13", "elapsed": 82.406871, "delta": 0.464628}}
{"target": -6.367394089593444, "params": {"x1": -8.630996817451887, "x2": -15.918999895709135, "x3": -74.6690811345311, "x4": 54.8459470543886, "x5": -126.63012809537031}, "datetime": {"datetime": "2020-10-18 19:34:14", "elapsed": 82.960249, "delta": 0.553378}}
{"target": -4.939950016876526, "params": {"x1": 22.712984594581755, "x2": 43.38020263173139, "x3": 10.297076700213474, "x4": 103.60759522840338, "x5": 52.39951194891291}, "datetime": {"datetime": "2020-10-18 19:34:15", "elapsed": 83.500215, "delta": 0.539966}}
{"target": -1.1849022261648323, "params": {"x1": 20.445590301633615, "x2": 6.62102847316612, "x3": -18.040633275823097, "x4": 21.99463091371956, "x5": -47.744461885485066}, "datetime": {"datetime": "2020-10-18 19:34:15", "elapsed": 84.207875, "delta": 0.70766}}
{"target": -4.194501341610188, "params": {"x1": -11.038537368597417, "x2": -79.06347979207294, "x3": -13.17577703215045, "x4": -0.8397060943950692, "x5": 77.33560268967835}, "datetime": {"datetime": "2020-10-18 19:34:16", "elapsed": 84.623265, "delta": 0.41539}}
{"target": -3.2401278046507658, "params": {"x1": -79.94748748821235, "x2": -5.7110089907865165, "x3": 15.385095296408899, "x4": 2.0555390819180994, "x5": 34.857404359356565}, "datetime": {"datetime": "2020-10-18 19:34:16", "elapsed": 85.243382, "delta": 0.620117}}
{"target": -6.1733878594173985, "params": {"x1": -103.49704654973692, "x2": -3.770871494713674, "x3": -62.526419961838315, "x4": -21.72666443644391, "x5": -83.05219245492276}, "datetime": {"datetime": "2020-10-18 19:34:17", "elapsed": 85.730694, "delta": 0.487312}}
{"target": -117.06379995761596, "params": {"x1": 126.43184337576417, "x2": 35.72323885735477, "x3": -449.4817808896743, "x4": 458.4312557830324, "x5": -213.51573983428068}, "datetime": {"datetime": "2020-10-18 19:34:17", "elapsed": 85.92827, "delta": 0.197576}}
{"target": -71.06865030043103, "params": {"x1": -20.9056673750423, "x2": -332.7360036185867, "x3": 181.80382893277908, "x4": 286.39603699179963, "x5": -270.13620429380006}, "datetime": {"datetime": "2020-10-18 19:34:17", "elapsed": 86.139698, "delta": 0.211428}}
{"target": -3.356758217839138, "params": {"x1": -44.604464218173064, "x2": 19.74029265682716, "x3": -43.45280902254184, "x4": -62.38344903185848, "x5": -12.400610507875596}, "datetime": {"datetime": "2020-10-18 19:34:18", "elapsed": 86.833855, "delta": 0.694157}}
{"target": -4.6253389985811335, "params": {"x1": 30.1543692335864, "x2": 34.57151488153524, "x3": -75.02643165495114, "x4": 40.800355493646855, "x5": 57.54830566939266}, "datetime": {"datetime": "2020-10-18 19:34:19", "elapsed": 87.540871, "delta": 0.707016}}
{"target": -2.614883225470435, "params": {"x1": -38.08068331788087, "x2": -76.4781464958339, "x3": -11.661924920959965, "x4": 18.443932776529657, "x5": -4.393742644588694}, "datetime": {"datetime": "2020-10-18 19:34:19", "elapsed": 88.31925, "delta": 0.778379}}
{"target": -1.5384835243699317, "params": {"x1": -14.7027048545103, "x2": -13.915268840313868, "x3": -21.000085303956794, "x4": 37.141881020111036, "x5": -34.39071639446329}, "datetime": {"datetime": "2020-10-18 19:34:20", "elapsed": 88.846213, "delta": 0.526963}}
{"target": -3.5530284060108785, "params": {"x1": -45.03364985488008, "x2": 2.237200318429359, "x3": 69.06858218361481, "x4": 63.03633902180002, "x5": 36.71423044869334}, "datetime": {"datetime": "2020-10-18 19:34:20", "elapsed": 89.332329, "delta": 0.486116}}
{"target": -3.3876374138011927, "params": {"x1": 66.49791842474315, "x2": -5.78690818729001, "x3": -36.98575091422299, "x4": -18.819408292901812, "x5": 41.03710870267423}, "datetime": {"datetime": "2020-10-18 19:34:21", "elapsed": 89.923531, "delta": 0.591202}}
{"target": -7.822322436374441, "params": {"x1": 11.239056022446107, "x2": 22.916750448197718, "x3": -88.8303068094612, "x4": -43.7658924653482, "x5": -137.76188885574385}, "datetime": {"datetime": "2020-10-18 19:34:21", "elapsed": 90.424398, "delta": 0.500867}}
{"target": -9.837652323699459, "params": {"x1": 123.02128847842084, "x2": -42.01250110248759, "x3": 122.33657289982602, "x4": 56.3372372172131, "x5": 45.01720068334339}, "datetime": {"datetime": "2020-10-18 19:34:22", "elapsed": 90.88406, "delta": 0.459662}}
{"target": -8.592079207409183, "params": {"x1": 46.91504156935889, "x2": 54.79010044031884, "x3": -139.983627593831, "x4": -46.78946864729812, "x5": -3.603033811413411}, "datetime": {"datetime": "2020-10-18 19:34:23", "elapsed": 91.50107, "delta": 0.61701}}
{"target": -2.0945532574221963, "params": {"x1": -31.301753238915694, "x2": 19.998059722158587, "x3": -15.062961492387103, "x4": 6.5392715937611, "x5": -57.896157705362725}, "datetime": {"datetime": "2020-10-18 19:34:23", "elapsed": 92.229214, "delta": 0.728144}}
{"target": -2.6484533495213984, "params": {"x1": 4.011958274431918, "x2": -38.27881162683127, "x3": -65.31458587532508, "x4": 2.3102591520524838, "x5": -38.473355305138206}, "datetime": {"datetime": "2020-10-18 19:34:24", "elapsed": 92.827941, "delta": 0.598727}}
{"target": -2.1918239647976314, "params": {"x1": 13.677808327851189, "x2": 6.5415781801360815, "x3": 18.270347400290298, "x4": 66.81600269269131, "x5": 22.586391430608998}, "datetime": {"datetime": "2020-10-18 19:34:25", "elapsed": 93.648194, "delta": 0.820253}}
{"target": -3.27503617671328, "params": {"x1": 3.559208843621394, "x2": -75.16000802967709, "x3": 26.784600283791598, "x4": 65.59402856393736, "x5": 28.41451970455493}, "datetime": {"datetime": "2020-10-18 19:34:25", "elapsed": 94.25357, "delta": 0.605376}}
{"target": -3.3080317273872732, "params": {"x1": 59.37178331714184, "x2": 17.41724274091049, "x3": 12.792489409695534, "x4": -7.562019596445844, "x5": -81.88627734364584}, "datetime": {"datetime": "2020-10-18 19:34:26", "elapsed": 95.113795, "delta": 0.860225}}
{"target": -4.195926372162015, "params": {"x1": 22.683581466733223, "x2": 21.543022089118736, "x3": 2.2935638262072273, "x4": -96.52451635294925, "x5": -17.548520582105777}, "datetime": {"datetime": "2020-10-18 19:34:27", "elapsed": 95.68263, "delta": 0.568835}}
{"target": -5.883231365555264, "params": {"x1": -96.80822167087956, "x2": 38.18246119550963, "x3": 34.02860408152833, "x4": -66.83494908423324, "x5": -38.171929058781984}, "datetime": {"datetime": "2020-10-18 19:34:27", "elapsed": 96.189738, "delta": 0.507108}}
{"target": -5.757866517762392, "params": {"x1": 42.553582227568995, "x2": -54.469286345590376, "x3": 68.7590608105312, "x4": 95.5242064622588, "x5": -74.34105197838824}, "datetime": {"datetime": "2020-10-18 19:34:28", "elapsed": 96.758162, "delta": 0.568424}}
{"target": -3.1869227422799487, "params": {"x1": -24.838134176956693, "x2": 10.63086379800261, "x3": -17.907397590639995, "x4": 31.824018851613626, "x5": -89.08478373450797}, "datetime": {"datetime": "2020-10-18 19:34:28", "elapsed": 97.436404, "delta": 0.678242}}
{"target": -109.28835397962159, "params": {"x1": -168.15640311052772, "x2": 396.18741790893614, "x3": -228.34380250640913, "x4": 443.2669539645858, "x5": -30.662503398794797}, "datetime": {"datetime": "2020-10-18 19:34:29", "elapsed": 97.652993, "delta": 0.216589}}
{"target": -4.296432160301597, "params": {"x1": -12.252829709289657, "x2": -90.42667671552246, "x3": 24.258777416749695, "x4": 15.258168228618738, "x5": 65.28046449962441}, "datetime": {"datetime": "2020-10-18 19:34:29", "elapsed": 98.259625, "delta": 0.606632}}
{"target": -6.45332877149915, "params": {"x1": 9.434185132589505, "x2": -135.53204826835554, "x3": -0.36705811017691303, "x4": 62.88404151737939, "x5": 22.786110618020757}, "datetime": {"datetime": "2020-10-18 19:34:31", "elapsed": 99.881166, "delta": 1.621541}}
{"target": -240.5720047734426, "params": {"x1": 309.9925798552673, "x2": 200.07751705561384, "x3": 489.1330081520871, "x4": 482.9268578028625, "x5": 589.3531111098555}, "datetime": {"datetime": "2020-10-18 19:34:31", "elapsed": 100.19297, "delta": 0.311804}}
{"target": -3.1632376191133202, "params": {"x1": -12.181585825176619, "x2": -46.93086160862552, "x3": -26.90724190636495, "x4": 43.73344465672234, "x5": 55.18843612304085}, "datetime": {"datetime": "2020-10-18 19:34:32", "elapsed": 100.802258, "delta": 0.609288}}
{"target": -2.8044914865500425, "params": {"x1": -29.156473764899715, "x2": 1.5638903381459386, "x3": -19.510176475128787, "x4": 65.99057787578124, "x5": 28.61680983083272}, "datetime": {"datetime": "2020-10-18 19:34:33", "elapsed": 101.672488, "delta": 0.87023}}
{"target": -3.2754172026096784, "params": {"x1": -31.49859184465845, "x2": 30.154307750834505, "x3": -25.224369549906555, "x4": 14.951949545025741, "x5": -87.45271430884077}, "datetime": {"datetime": "2020-10-18 19:34:33", "elapsed": 102.295092, "delta": 0.622604}}
{"target": -4.195744537322734, "params": {"x1": 78.53730759133559, "x2": 23.326705375176616, "x3": -38.57195242768778, "x4": 22.881404436541278, "x5": -55.95802643486329}, "datetime": {"datetime": "2020-10-18 19:34:34", "elapsed": 102.976653, "delta": 0.681561}}
{"target": -4.4396452526895285, "params": {"x1": 8.58951726058308, "x2": 95.23039119620023, "x3": -42.83053565536159, "x4": 39.10283703355867, "x5": -1.3782235552131397}, "datetime": {"datetime": "2020-10-18 19:34:35", "elapsed": 103.663827, "delta": 0.687174}}
{"target": -3.0642047366714427, "params": {"x1": -78.58195057459034, "x2": -30.611371358855497, "x3": 20.67779201492525, "x4": -7.361405541152947, "x5": -49.9805316428142}, "datetime": {"datetime": "2020-10-18 19:34:35", "elapsed": 104.183146, "delta": 0.519319}}
{"target": -3.1902015922361695, "params": {"x1": -20.41642599506958, "x2": -48.07611763385914, "x3": -13.18827891778696, "x4": 57.67947643762429, "x5": -75.25817311098749}, "datetime": {"datetime": "2020-10-18 19:34:36", "elapsed": 104.905045, "delta": 0.721899}}
{"target": -242.71213703994695, "params": {"x1": 542.0698079654514, "x2": -305.29557016952816, "x3": -279.18232378109985, "x4": -526.2079597984335, "x5": 454.9805894314227}, "datetime": {"datetime": "2020-10-18 19:34:36", "elapsed": 105.129684, "delta": 0.224639}}
{"target": -1.7197479908896383, "params": {"x1": 27.9561881151551, "x2": -23.410000628497528, "x3": 49.66530204100877, "x4": -6.6717109295364025, "x5": -6.049206920657753}, "datetime": {"datetime": "2020-10-18 19:34:37", "elapsed": 105.709249, "delta": 0.579565}}
{"target": -2.4615059498699186, "params": {"x1": 33.23081199275519, "x2": 12.742391555502289, "x3": -35.48842218672373, "x4": 50.96126650849926, "x5": -47.151165875524875}, "datetime": {"datetime": "2020-10-18 19:34:37", "elapsed": 106.377725, "delta": 0.668476}}
{"target": -6.847767435196422, "params": {"x1": -27.132439498593385, "x2": -64.48878805786501, "x3": 133.86096653914876, "x4": 49.28460527185132, "x5": 8.173559716827299}, "datetime": {"datetime": "2020-10-18 19:34:38", "elapsed": 106.996371, "delta": 0.618646}}
{"target": -4.124454312433429, "params": {"x1": -47.94807768071069, "x2": 8.58872525287851, "x3": -27.3697164295555, "x4": -79.44451404914275, "x5": -18.678777676749643}, "datetime": {"datetime": "2020-10-18 19:34:39", "elapsed": 107.658345, "delta": 0.661974}}
