{"target": -171.09054843035628, "params": {"x1": -99.5735943569112, "x2": 264.3893921305897, "x3": -599.8627502191862, "x4": -237.20091284179227, "x5": -423.89293101946436}, "datetime": {"datetime": "2020-10-18 19:32:51", "elapsed": 0.0, "delta": 0.0}}
{"target": -214.1196368984251, "params": {"x1": 336.5077303877637, "x2": 538.4241388965111, "x3": -319.1203018802242, "x4": 519.4292397290772, "x5": -293.60276222805834}, "datetime": {"datetime": "2020-10-18 19:32:51", "elapsed": 0.025549, "delta": 0.025549}}
{"target": -38.47355168013104, "params": {"x1": -240.1216405655419, "x2": -49.844736030935564, "x3": 103.36530562359565, "x4": 291.705215282998, "x5": -30.962897596089647}, "datetime": {"datetime": "2020-10-18 19:32:51", "elapsed": 0.058126, "delta": 0.032577}}
{"target": -113.82500626358859, "params": {"x1": 283.4145639328449, "x2": 228.55240379701547, "x3": -484.962658817331, "x4": 209.54962834626247, "x5": 182.2518785687471}, "datetime": {"datetime": "2020-10-18 19:32:51", "elapsed": 0.092268, "delta": 0.034142}}
{"target": -144.30164386955926, "params": {"x1": -133.82695170872006, "x2": 510.9026471718819, "x3": 418.52061624761325, "x4": 103.84073803430954, "x5": -336.7361841569252}, "datetime": {"datetime": "2020-10-18 19:32:51", "elapsed": 0.130167, "delta": 0.037899}}
{"target": -179.42512180457007, "params": {"x1": -502.92057896506765, "x2": 419.9613158749313, "x3": 361.53758969723367, "x4": 225.48448613434698, "x5": 307.2169456443388}, "datetime": {"datetime": "2020-10-18 19:32:51", "elapsed": 0.169038, "delta": 0.038871}}
{"target": -239.86984658799912, "params": {"x1": -319.3857685870025, "x2": -435.14526307189624, "x3": 460.7538153146886, "x4": -592.9393359319838, "x5": 298.68833229887196}, "datetime": {"datetime": "2020-10-18 19:32:51", "elapsed": 0.206741, "delta": 0.037703}}
{"target": -155.51974719881574, "params": {"x1": 60.532749219829725, "x2": -343.138231075944, "x3": 579.2001317037011, "x4": -88.37386822908047, "x5": 390.0586975052063}, "datetime": {"datetime": "2020-10-18 19:32:51", "elapsed": 0.24422, "delta": 0.037479}}
{"target": -38.471788470948105, "params": {"x1": 193.60849497838274, "x2": 5.096861291063533, "x3": -286.71302704272216, "x4": 146.7626535382003, "x5": -111.82791540895647}, "datetime": {"datetime": "2020-10-18 19:32:51", "elapsed": 0.282106, "delta": 0.037886}}
{"target": -128.67764938073276, "params": {"x1": -430.98872869077684, "x2": -279.79322866462263, "x3": 420.78133218093296, "x4": -61.20216275135965, "x5": 252.59217525004988}, "datetime": {"datetime": "2020-10-18 19:32:51", "elapsed": 0.323016, "delta": 0.04091}}
{"target": -35.351602149082666, "params": {"x1": 180.25573760890364, "x2": -0.3368441736325059, "x3": -275.1383280083507, "x4": 150.10110170329543, "x5": -101.99917111284384}, "datetime": {"datetime": "2020-10-18 19:32:52", "elapsed": 0.711821, "delta": 0.388805}}
{"target": -30.35081252122211, "params": {"x1": 156.53565372902113, "x2": -9.56994821692, "x3": -254.01838823511224, "x4": 156.34954559724372, "x5": -87.34089334736285}, "datetime": {"datetime": "2020-10-18 19:32:52", "elapsed": 1.228814, "delta": 0.516993}}
{"target": -23.042952902008828, "params": {"x1": 114.73348558079243, "x2": -25.36361167980834, "x3": -213.52519457355538, "x4": 168.4827889523158, "x5": -77.5768237777028}, "datetime": {"datetime": "2020-10-18 19:32:53", "elapsed": 1.703626, "delta": 0.474812}}
{"target": -19.38038492055504, "params": {"x1": 79.83801468480512, "x2": -39.4480270406915, "x3": -177.5329225454813, "x4": 179.77476332924425, "x5": -83.1174240311749}, "datetime": {"datetime": "2020-10-18 19:32:53", "elapsed": 2.340127, "delta": 0.636501}}
{"target": -24.833528567340498, "params": {"x1": 198.9211523550897, "x2": 30.322076156332628, "x3": -94.39183590531917, "x4": 86.54311506723218, "x5": -211.68217275969937}, "datetime": {"datetime": "2020-10-18 19:32:53", "elapsed": 2.383652, "delta": 0.043525}}
{"target": -16.056904526806143, "params": {"x1": 114.08392414834786, "x2": -28.20313254356017, "x3": -119.43204519213928, "x4": 143.19519593246656, "x5": -132.8670783739675}, "datetime": {"datetime": "2020-10-18 19:32:54", "elapsed": 3.045382, "delta": 0.66173}}
{"target": -16.67201273651682, "params": {"x1": 110.85432932171477, "x2": -38.1366517963405, "x3": -126.54721921344888, "x4": 148.71235924823108, "x5": -129.50243708014202}, "datetime": {"datetime": "2020-10-18 19:32:55", "elapsed": 3.80356, "delta": 0.758178}}
{"target": -13.099812926960665, "params": {"x1": 93.48165397615992, "x2": 0.5821910408136188, "x3": -108.0120477588088, "x4": 142.8626059736918, "x5": -114.99458712382072}, "datetime": {"datetime": "2020-10-18 19:32:55", "elapsed": 4.436977, "delta": 0.633417}}
{"target": -10.329997540193549, "params": {"x1": 68.64787771578155, "x2": 10.442518624700721, "x3": -91.24490968588248, "x4": 140.53912883719707, "x5": -91.4206026822351}, "datetime": {"datetime": "2020-10-18 19:32:56", "elapsed": 5.157811, "delta": 0.720834}}
{"target": -6.696925503142981, "params": {"x1": 50.711340774555815, "x2": 0.19300358341177193, "x3": -63.979482876744726, "x4": 126.01916880891633, "x5": -60.42132275930685}, "datetime": {"datetime": "2020-10-18 19:32:57", "elapsed": 5.894723, "delta": 0.736912}}
{"target": -5.090484105040092, "params": {"x1": 59.30931391710271, "x2": -17.888851220611294, "x3": -49.623960078050416, "x4": 107.88426511692374, "x5": -37.18586255583632}, "datetime": {"datetime": "2020-10-18 19:32:58", "elapsed": 6.692774, "delta": 0.798051}}
{"target": -5.601218358470634, "params": {"x1": 73.84498869294544, "x2": -17.54531745085971, "x3": -49.67683497702015, "x4": 103.77401573746108, "x5": -32.159075304992115}, "datetime": {"datetime": "2020-10-18 19:32:58", "elapsed": 7.38253, "delta": 0.689756}}
{"target": -149.23994098297192, "params": {"x1": 268.4404882364537, "x2": 199.89726307446563, "x3": 98.1877118837939, "x4": -562.5339161252244, "x5": 364.83822342661676}, "datetime": {"datetime": "2020-10-18 19:32:58", "elapsed": 7.430332, "delta": 0.047802}}
{"target": -4.178309958658861, "params": {"x1": 34.61789092516687, "x2": -39.50335254787553, "x3": -47.6438127373293, "x4": 96.01983109846114, "x5": -37.264767383900434}, "datetime": {"datetime": "2020-10-18 19:32:59", "elapsed": 8.119316, "delta": 0.688984}}
{"target": -4.087914701915995, "params": {"x1": 32.988927117125286, "x2": -38.88799629975893, "x3": -53.02852674414442, "x4": 90.32900589341892, "x5": -37.974402035631}, "datetime": {"datetime": "2020-10-18 19:33:00", "elapsed": 8.86778, "delta": 0.748464}}
{"target": -3.979870470886893, "params": {"x1": 39.29881427527818, "x2": -35.4841603247033, "x3": -53.12707354713602, "x4": 84.3654845779547, "x5": -40.615369078672295}, "datetime": {"datetime": "2020-10-18 19:33:00", "elapsed": 9.342912, "delta": 0.475132}}
{"target": -3.6394497833206203, "params": {"x1": 37.014355019543004, "x2": -29.344238571952104, "x3": -47.752889328020146, "x4": 77.81913853909971, "x5": -51.31254264753924}, "datetime": {"datetime": "2020-10-18 19:33:01", "elapsed": 9.971107, "delta": 0.628195}}
{"target": -2.9065415393959473, "params": {"x1": 23.932997967185603, "x2": -24.375641051407896, "x3": -29.225015055045013, "x4": 70.61481113133456, "x5": -55.65870414549898}, "datetime": {"datetime": "2020-10-18 19:33:02", "elapsed": 10.67698, "delta": 0.705873}}
{"target": -1.9521906049075743, "params": {"x1": 9.106931239881598, "x2": -13.785145802271176, "x3": -14.682864929307764, "x4": 61.015012364091795, "x5": -40.42011689814593}, "datetime": {"datetime": "2020-10-18 19:33:03", "elapsed": 11.471238, "delta": 0.794258}}
{"target": -2.1540827704531704, "params": {"x1": -15.297908340410451, "x2": -16.79019295774568, "x3": -8.755705731515382, "x4": 72.68373420804765, "x5": -29.216924776302253}, "datetime": {"datetime": "2020-10-18 19:33:03", "elapsed": 12.22981, "delta": 0.758572}}
{"target": -2.0410660383704453, "params": {"x1": 3.0137472451968437, "x2": -9.962117988903383, "x3": -28.9940706755704, "x4": 65.42546835177596, "x5": -23.17389763033247}, "datetime": {"datetime": "2020-10-18 19:33:04", "elapsed": 13.097603, "delta": 0.867793}}
{"target": -1.3693459395808578, "params": {"x1": -13.4705787696991, "x2": -14.128212826189351, "x3": -11.021669738944137, "x4": 41.090223481207026, "x5": -15.62647866925786}, "datetime": {"datetime": "2020-10-18 19:33:05", "elapsed": 13.731896, "delta": 0.634293}}
{"target": -1.6593204100957697, "params": {"x1": -16.285912387111832, "x2": -35.00786974646012, "x3": -29.06768444036756, "x4": 38.596459174332445, "x5": -10.751133863288796}, "datetime": {"datetime": "2020-10-18 19:33:06", "elapsed": 14.6869, "delta": 0.955004}}
{"target": -1.2229811625605396, "params": {"x1": -8.391164850966463, "x2": -18.097388829280728, "x3": -4.99773092934953, "x4": 19.172461491926708, "x5": -33.3337084479466}, "datetime": {"datetime": "2020-10-18 19:33:07", "elapsed": 15.601927, "delta": 0.915027}}
{"target": -1.4867315661246863, "params": {"x1": -33.42432550000481, "x2": -20.182656417566513, "x3": -10.261533994108177, "x4": 16.29047921817722, "x5": -29.5474915021629}, "datetime": {"datetime": "2020-10-18 19:33:07", "elapsed": 16.346495, "delta": 0.744568}}
{"target": -1.517259161071892, "params": {"x1": -13.12606200779552, "x2": -29.456883804532787, "x3": 6.630825429491448, "x4": 17.53833208325849, "x5": -26.14333421091196}, "datetime": {"datetime": "2020-10-18 19:33:08", "elapsed": 16.969012, "delta": 0.622517}}
{"target": -2.1299298564842637, "params": {"x1": -43.40269881003611, "x2": -38.794197488381315, "x3": -6.237306665544694, "x4": 36.964232389726696, "x5": -7.219913400294912}, "datetime": {"datetime": "2020-10-18 19:33:09", "elapsed": 17.952709, "delta": 0.983697}}
{"target": -1.4835006461433353, "params": {"x1": -14.721945867304148, "x2": -10.646441553263289, "x3": -26.089438905550605, "x4": 0.49708034343114665, "x5": -36.50748022154109}, "datetime": {"datetime": "2020-10-18 19:33:10", "elapsed": 18.91913, "delta": 0.966421}}
{"target": -1.8181749472262432, "params": {"x1": 49.27858626595109, "x2": -0.33811379468307934, "x3": -10.065499684546143, "x4": 28.614191778542533, "x5": -28.74082717334034}, "datetime": {"datetime": "2020-10-18 19:33:11", "elapsed": 19.510651, "delta": 0.591521}}
{"target": -3.075466078044864, "params": {"x1": -52.44965564542592, "x2": -50.196441100358626, "x3": -35.84176783904949, "x4": 51.89935294003588, "x5": -23.78620408844567}, "datetime": {"datetime": "2020-10-18 19:33:11", "elapsed": 19.928497, "delta": 0.417846}}
{"target": -1.543048640891396, "params": {"x1": -6.816949881368202, "x2": -29.09957354886536, "x3": -36.95883342709351, "x4": 28.039783240703468, "x5": 9.300557227019778}, "datetime": {"datetime": "2020-10-18 19:33:12", "elapsed": 20.53475, "delta": 0.606253}}
{"target": -1.661793808876229, "params": {"x1": -4.21986541234717, "x2": 16.969197073476074, "x3": -37.51152347356867, "x4": 1.4445432442621222, "x5": 0.770921110334272}, "datetime": {"datetime": "2020-10-18 19:33:12", "elapsed": 21.026981, "delta": 0.492231}}
{"target": -1.4451622027367095, "params": {"x1": 23.74400437560927, "x2": 12.638745337119989, "x3": 4.230654027461817, "x4": 39.9006587044435, "x5": -2.435005007712812}, "datetime": {"datetime": "2020-10-18 19:33:13", "elapsed": 21.669558, "delta": 0.642577}}
{"target": -2.1878501269863975, "params": {"x1": 35.28589342264504, "x2": -9.497852470668173, "x3": 7.629979785830304, "x4": 57.96535534722226, "x5": -49.92807055176199}, "datetime": {"datetime": "2020-10-18 19:33:13", "elapsed": 22.127611, "delta": 0.458053}}
{"target": -1.96876571313717, "params": {"x1": 23.62831002477613, "x2": 21.022614251936897, "x3": -23.219035109113353, "x4": -21.11569268398477, "x5": -37.41444578283013}, "datetime": {"datetime": "2020-10-18 19:33:14", "elapsed": 22.659015, "delta": 0.531404}}
{"target": -2.1668046665507856, "params": {"x1": 6.242739334725107, "x2": -35.59179882799209, "x3": -16.318614836773104, "x4": 56.90806199240699, "x5": -54.92674926687354}, "datetime": {"datetime": "2020-10-18 19:33:14", "elapsed": 23.08062, "delta": 0.421605}}
{"target": -2.056160516322948, "params": {"x1": -12.479668171324041, "x2": -52.5241368362395, "x3": -9.252234258927162, "x4": -23.0139791989102, "x5": -37.413333887924665}, "datetime": {"datetime": "2020-10-18 19:33:15", "elapsed": 23.678994, "delta": 0.598374}}
{"target": -1.3820191830929027, "params": {"x1": -6.660073083782192, "x2": 30.810448906873894, "x3": 1.1032873240269865, "x4": 5.400460450124896, "x5": -0.45297246733466767}, "datetime": {"datetime": "2020-10-18 19:33:15", "elapsed": 24.278671, "delta": 0.599677}}
{"target": -1.2845515577185993, "params": {"x1": -25.21329895366506, "x2": -9.728946193600297, "x3": 10.140677311095827, "x4": 27.256645258653656, "x5": -16.911413514845087}, "datetime": {"datetime": "2020-10-18 19:33:16", "elapsed": 24.816621, "delta": 0.53795}}
{"target": -1.4576834208077492, "params": {"x1": -4.172345007843546, "x2": -1.496312012367787, "x3": -1.2531435473023926, "x4": -34.463609129538185, "x5": -47.06002351290552}, "datetime": {"datetime": "2020-10-18 19:33:16", "elapsed": 25.351016, "delta": 0.534395}}
{"target": -1.7433127740808119, "params": {"x1": 6.917155109465082, "x2": 39.591214729020706, "x3": -4.47977279516866, "x4": 34.45724992508843, "x5": -17.742367656211822}, "datetime": {"datetime": "2020-10-18 19:33:17", "elapsed": 25.840464, "delta": 0.489448}}
{"target": -2.2375908733151153, "params": {"x1": 2.960488092393624, "x2": 21.057596915148274, "x3": -47.98430481762254, "x4": 15.915263950371392, "x5": 25.846814191611653}, "datetime": {"datetime": "2020-10-18 19:33:17", "elapsed": 26.298806, "delta": 0.458342}}
{"target": -2.1866648794698804, "params": {"x1": 31.032423129879227, "x2": -45.20994262670911, "x3": 17.363114175429853, "x4": 46.22857408184973, "x5": -44.890658997071746}, "datetime": {"datetime": "2020-10-18 19:33:18", "elapsed": 26.896569, "delta": 0.597763}}
{"target": -1.4440588609695753, "params": {"x1": 0.21452054443526583, "x2": 22.59105195792718, "x3": -28.844778634100667, "x4": 14.825934784296086, "x5": -16.48039442515255}, "datetime": {"datetime": "2020-10-18 19:33:19", "elapsed": 27.493931, "delta": 0.597362}}
{"target": -1.9034615946789581, "params": {"x1": -35.51953600120759, "x2": -9.0354205901455, "x3": -20.712782223537623, "x4": -8.16715528392238, "x5": -52.892895493821555}, "datetime": {"datetime": "2020-10-18 19:33:19", "elapsed": 28.138027, "delta": 0.644096}}
{"target": -1.52460680352358, "params": {"x1": 29.045872626354544, "x2": -3.3969626840415645, "x3": -8.900365348367393, "x4": -3.1756856536262688, "x5": -44.00414901242838}, "datetime": {"datetime": "2020-10-18 19:33:20", "elapsed": 28.623091, "delta": 0.485064}}
{"target": -2.845845954819043, "params": {"x1": 64.36341492027987, "x2": -47.436677524013646, "x3": 25.10609600004667, "x4": 15.828656386935771, "x5": -67.79853371646813}, "datetime": {"datetime": "2020-10-18 19:33:20", "elapsed": 29.229573, "delta": 0.606482}}
{"target": -3.556134055763247, "params": {"x1": 25.56694067418253, "x2": -72.1621670080231, "x3": 30.317834528522837, "x4": 39.86089172335767, "x5": -74.40958856395426}, "datetime": {"datetime": "2020-10-18 19:33:21", "elapsed": 29.676098, "delta": 0.446525}}
{"target": -1.957277738527981, "params": {"x1": -48.19664415223502, "x2": -4.381487564092078, "x3": 24.033864242963844, "x4": 1.6594592356865852, "x5": -42.01237727888931}, "datetime": {"datetime": "2020-10-18 19:33:21", "elapsed": 30.134224, "delta": 0.458126}}
{"target": -4.190418191165701, "params": {"x1": -5.407840926438212, "x2": -5.2907615377074535, "x3": -107.7234572176448, "x4": 7.3094658378430495, "x5": -1.855526541117797}, "datetime": {"datetime": "2020-10-18 19:33:22", "elapsed": 30.601361, "delta": 0.467137}}
{"target": -1.703183559625042, "params": {"x1": 18.232238404561375, "x2": -13.387799386520927, "x3": 15.469453063047442, "x4": -28.8060528188941, "x5": -52.38387036993145}, "datetime": {"datetime": "2020-10-18 19:33:22", "elapsed": 31.171484, "delta": 0.570123}}
{"target": -2.9119149258549304, "params": {"x1": 65.58172667593114, "x2": -21.238440674409848, "x3": -20.92016878770118, "x4": -0.9094108055063204, "x5": -65.04063915325094}, "datetime": {"datetime": "2020-10-18 19:33:23", "elapsed": 31.683005, "delta": 0.511521}}
{"target": -5.129091572962378, "params": {"x1": 116.82941729164224, "x2": 16.533250695829338, "x3": 42.13567518981063, "x4": 45.93323411758138, "x5": 4.060740105646573}, "datetime": {"datetime": "2020-10-18 19:33:23", "elapsed": 32.105007, "delta": 0.422002}}
{"target": -4.235327300808809, "params": {"x1": 55.16248578902631, "x2": -47.176266095244216, "x3": -0.27501733217262136, "x4": 102.2447400192067, "x5": -1.9160223758368227}, "datetime": {"datetime": "2020-10-18 19:33:23", "elapsed": 32.444687, "delta": 0.33968}}
{"target": -2.702350443276216, "params": {"x1": 28.545126069043913, "x2": 13.109076090704837, "x3": -36.25444336281767, "x4": 55.44804986129534, "x5": 32.842146748181776}, "datetime": {"datetime": "2020-10-18 19:33:24", "elapsed": 33.048525, "delta": 0.603838}}
{"target": -2.349727663504399, "params": {"x1": -23.898791804093968, "x2": 2.0148176825514184, "x3": -64.08651862419744, "x4": 18.600031443310613, "x5": -10.166802908983405}, "datetime": {"datetime": "2020-10-18 19:33:25", "elapsed": 33.57948, "delta": 0.530955}}
{"target": -2.3730268027804446, "params": {"x1": -13.862923727578458, "x2": 9.49886455786735, "x3": -69.99977783142248, "x4": 11.960390901285798, "x5": -32.15535221337512}, "datetime": {"datetime": "2020-10-18 19:33:25", "elapsed": 33.974903, "delta": 0.395423}}
{"target": -1.227536687872721, "params": {"x1": 8.606666718694708, "x2": -14.203209115546787, "x3": -24.17553875394178, "x4": 1.9933761619317916, "x5": -13.280068514363961}, "datetime": {"datetime": "2020-10-18 19:33:26", "elapsed": 34.47323, "delta": 0.498327}}
{"target": -2.0045820438447772, "params": {"x1": -47.672885453638514, "x2": -8.564331713463616, "x3": 15.321056610309597, "x4": -16.349859469754847, "x5": -52.23950946837954}, "datetime": {"datetime": "2020-10-18 19:33:26", "elapsed": 34.911865, "delta": 0.438635}}
{"target": -2.4265443381203515, "params": {"x1": 33.60406516819565, "x2": 19.04565246586642, "x3": -12.955993320987588, "x4": 36.14810383758109, "x5": -12.059814529121354}, "datetime": {"datetime": "2020-10-18 19:33:26", "elapsed": 35.394931, "delta": 0.483066}}
{"target": -3.9329252671681942, "params": {"x1": 105.20576137023818, "x2": -25.432886528334393, "x3": -27.972462086326345, "x4": 14.834923994500855, "x5": -23.42105338767408}, "datetime": {"datetime": "2020-10-18 19:33:27", "elapsed": 35.671431, "delta": 0.2765}}
{"target": -2.2581488923691477, "params": {"x1": 13.812117926244746, "x2": -9.060534324111991, "x3": -32.00098683040192, "x4": 44.33636846425379, "x5": 35.90280275107348}, "datetime": {"datetime": "2020-10-18 19:33:27", "elapsed": 36.070728, "delta": 0.399297}}
{"target": -1.8997146237421987, "params": {"x1": 25.003844053146736, "x2": 9.589383163157322, "x3": -16.097246050921967, "x4": 0.6779642843033571, "x5": -63.52352341864935}, "datetime": {"datetime": "2020-10-18 19:33:27", "elapsed": 36.369389, "delta": 0.298661}}
{"target": -8.57642731536591, "params": {"x1": -23.559253453244764, "x2": -151.31716238933888, "x3": -78.70954232964391, "x4": -9.88012332887456, "x5": -55.79051379504722}, "datetime": {"datetime": "2020-10-18 19:33:28", "elapsed": 36.673665, "delta": 0.304276}}
{"target": -5.775821104700709, "params": {"x1": -61.88751156408409, "x2": -31.121706890325072, "x3": 50.54353024151965, "x4": -52.969674224257346, "x5": -102.9527357817608}, "datetime": {"datetime": "2020-10-18 19:33:28", "elapsed": 37.038688, "delta": 0.365023}}
{"target": -134.7630637989564, "params": {"x1": -105.07738744709854, "x2": -97.30117738123403, "x3": 541.976383944218, "x4": 375.53937719453563, "x5": 293.31897019787255}, "datetime": {"datetime": "2020-10-18 19:33:28", "elapsed": 37.115514, "delta": 0.076826}}
{"target": -6.461463524587971, "params": {"x1": -75.85152931058099, "x2": 80.01753429784299, "x3": -2.390408559570119, "x4": 54.02988763420785, "x5": -84.36966138455307}, "datetime": {"datetime": "2020-10-18 19:33:28", "elapsed": 37.438859, "delta": 0.323345}}
{"target": -2.654357304349088, "params": {"x1": 10.625214036870227, "x2": -37.49614900611586, "x3": 37.902507222303534, "x4": 72.55750240290439, "x5": -18.25272141765687}, "datetime": {"datetime": "2020-10-18 19:33:29", "elapsed": 37.763578, "delta": 0.324719}}
{"target": -7.28174290469917, "params": {"x1": 101.98246414987943, "x2": -103.04416236836181, "x3": 12.644913251008347, "x4": -28.537637779788497, "x5": 54.68722109575731}, "datetime": {"datetime": "2020-10-18 19:33:29", "elapsed": 38.085102, "delta": 0.321524}}
{"target": -1.7254413530275827, "params": {"x1": -21.610956983145776, "x2": 8.766207022051777, "x3": 31.310243475302297, "x4": -18.710585206542696, "x5": -37.72147243663393}, "datetime": {"datetime": "2020-10-18 19:33:30", "elapsed": 38.486979, "delta": 0.401877}}
{"target": -2.4356295760846907, "params": {"x1": 51.50359511854342, "x2": -44.51269565418177, "x3": 19.046952849334115, "x4": -28.767438363614723, "x5": -10.880078197298243}, "datetime": {"datetime": "2020-10-18 19:33:30", "elapsed": 38.890016, "delta": 0.403037}}
{"target": -4.695204043499929, "params": {"x1": -86.93302463689099, "x2": 3.3757687834936405, "x3": -4.528630971206212, "x4": 34.87138759592517, "x5": 64.98293964408708}, "datetime": {"datetime": "2020-10-18 19:33:30", "elapsed": 39.228057, "delta": 0.338041}}
{"target": -198.03353931675653, "params": {"x1": -543.2121717705643, "x2": -322.5080019106684, "x3": 546.1020148036462, "x4": -302.2025251858202, "x5": -18.120841481861135}, "datetime": {"datetime": "2020-10-18 19:33:30", "elapsed": 39.310845, "delta": 0.082788}}
