{"target": 99.93279639786496, "params": {"x1": 87.99920825745015, "x2": 0.13128119040658248, "x3": -0.428065594600937, "x4": 0.8065622828516398, "x5": -0.6459094570337983}, "datetime": {"datetime": "2020-10-20 11:30:02", "elapsed": 46.835443, "delta": 0.494688}}
{"target": 99.80014518844864, "params": {"x1": 87.98717915414261, "x2": 0.13494355542496503, "x3": -0.4371414997261877, "x4": 0.789985672721075, "x5": -0.6386187973393695}, "datetime": {"datetime": "2020-10-20 11:30:02", "elapsed": 47.316446, "delta": 0.481003}}
{"target": 81.59061614061702, "params": {"x1": 87.95000425582421, "x2": 0.2023598302380334, "x3": -0.2529155244054937, "x4": 0.7996694423710904, "x5": -0.5267138591260898}, "datetime": {"datetime": "2020-10-20 11:30:03", "elapsed": 47.660855, "delta": 0.344409}}
{"target": 99.88414417692324, "params": {"x1": 87.99966123771836, "x2": 0.1372630472148977, "x3": -0.417988428256315, "x4": 0.7929090827185518, "x5": -0.6482001731642864}, "datetime": {"datetime": "2020-10-20 11:30:03", "elapsed": 48.316203, "delta": 0.655348}}
{"target": 99.95781290333395, "params": {"x1": 88.00505454137588, "x2": 0.13751221164650704, "x3": -0.4236807283876611, "x4": 0.803274107585135, "x5": -0.6281751456915067}, "datetime": {"datetime": "2020-10-20 11:30:04", "elapsed": 49.13485, "delta": 0.818647}}
{"target": 99.9767716707203, "params": {"x1": 88.00198236518888, "x2": 0.13585361608628493, "x3": -0.41713736370284926, "x4": 0.7998874488181295, "x5": -0.6336138256658211}, "datetime": {"datetime": "2020-10-20 11:30:05", "elapsed": 49.801568, "delta": 0.666718}}
{"target": 99.93343209725649, "params": {"x1": 87.99956452476697, "x2": 0.12454794809903887, "x3": -0.428911581219415, "x4": 0.8097402148729719, "x5": -0.6347791149529225}, "datetime": {"datetime": "2020-10-20 11:30:05", "elapsed": 50.49992, "delta": 0.698352}}
{"target": 99.93192691341306, "params": {"x1": 88.00073541540777, "x2": 0.1417093926524112, "x3": -0.41799739837733535, "x4": 0.7968566850288684, "x5": -0.629198062038455}, "datetime": {"datetime": "2020-10-20 11:30:06", "elapsed": 50.822055, "delta": 0.322135}}
{"target": 99.89921564309753, "params": {"x1": 87.98802038552778, "x2": 0.13619729160528576, "x3": -0.41554790975920847, "x4": 0.7980663142978397, "x5": -0.6401169940900691}, "datetime": {"datetime": "2020-10-20 11:30:06", "elapsed": 51.443099, "delta": 0.621044}}
{"target": 99.69668132017426, "params": {"x1": 88.00055215021364, "x2": 0.1209191780451368, "x3": -0.42600995045435053, "x4": 0.7769388551076808, "x5": -0.6296519586401936}, "datetime": {"datetime": "2020-10-20 11:30:07", "elapsed": 51.696351, "delta": 0.253252}}
{"target": 99.90666796474603, "params": {"x1": 87.99269211301731, "x2": 0.14373905930795067, "x3": -0.4177719915543042, "x4": 0.8020122691047046, "x5": -0.6396927368324082}, "datetime": {"datetime": "2020-10-20 11:30:07", "elapsed": 52.15634, "delta": 0.459989}}
{"target": 99.70701694868227, "params": {"x1": 87.99475354492543, "x2": 0.15438121612502484, "x3": -0.4240990930770324, "x4": 0.7869217673654534, "x5": -0.6394149740768257}, "datetime": {"datetime": "2020-10-20 11:30:07", "elapsed": 52.455653, "delta": 0.299313}}
{"target": 99.97528936974945, "params": {"x1": 87.99485251960637, "x2": 0.12753708229869784, "x3": -0.42506812542138706, "x4": 0.8040320584268306, "x5": -0.6358992392802228}, "datetime": {"datetime": "2020-10-20 11:30:08", "elapsed": 53.12443, "delta": 0.668777}}
{"target": 99.78100797154394, "params": {"x1": 87.98583901357729, "x2": 0.14946209312084166, "x3": -0.426949869883322, "x4": 0.8053431588906029, "x5": -0.6402629677423226}, "datetime": {"datetime": "2020-10-20 11:30:09", "elapsed": 53.559421, "delta": 0.434991}}
{"target": 99.89911237814584, "params": {"x1": 87.99945081701185, "x2": 0.14082338852601337, "x3": -0.4283094734329021, "x4": 0.8008786624366786, "x5": -0.6227169299949727}, "datetime": {"datetime": "2020-10-20 11:30:09", "elapsed": 53.885297, "delta": 0.325876}}
{"target": 99.72457578780288, "params": {"x1": 87.99168224076845, "x2": 0.1414274328042083, "x3": -0.4391547172825978, "x4": 0.7990535781546285, "x5": -0.6520036712829947}, "datetime": {"datetime": "2020-10-20 11:30:09", "elapsed": 54.207862, "delta": 0.322565}}
{"target": 95.63336187430664, "params": {"x1": 88.01786362240524, "x2": 0.18978251420559933, "x3": -0.4392460870443766, "x4": 0.8711638493960325, "x5": -0.68287706659545}, "datetime": {"datetime": "2020-10-20 11:30:10", "elapsed": 54.740973, "delta": 0.533111}}
{"target": 99.86451644682481, "params": {"x1": 88.00384768717556, "x2": 0.1324004537104022, "x3": -0.44054257541247455, "x4": 0.7961201188189215, "x5": -0.6342513579850888}, "datetime": {"datetime": "2020-10-20 11:30:10", "elapsed": 55.192963, "delta": 0.45199}}
{"target": 99.9550315958114, "params": {"x1": 87.99645046512396, "x2": 0.1393743396708958, "x3": -0.4188651389567288, "x4": 0.7960341843060896, "x5": -0.6373997933957699}, "datetime": {"datetime": "2020-10-20 11:30:11", "elapsed": 55.848234, "delta": 0.655271}}
