{"target": 90.68259769766048, "params": {"x1": 87.80051271764289, "x2": 1.5407258796276722, "x3": -0.7713066225227891, "x4": 1.3363676092502181, "x5": -0.8913020007709236}, "datetime": {"datetime": "2020-10-19 21:28:47", "elapsed": 24.619609, "delta": 0.233759}}
{"target": 88.21747266167355, "params": {"x1": 88.63830311808957, "x2": 1.6523395928074245, "x3": -1.1713591775866534, "x4": 1.6265562402376499, "x5": -0.9999429777197297}, "datetime": {"datetime": "2020-10-19 21:28:47", "elapsed": 24.939827, "delta": 0.320218}}
{"target": 92.54281330586207, "params": {"x1": 88.3841353417189, "x2": 1.7718995921053868, "x3": -0.9686561170461074, "x4": 1.224227938297464, "x5": -0.8675746751659605}, "datetime": {"datetime": "2020-10-19 21:28:48", "elapsed": 25.18316, "delta": 0.243333}}
{"target": 92.76861260291967, "params": {"x1": 88.31742045985905, "x2": 1.6766185041676493, "x3": -0.9727620107970519, "x4": 1.2241047768348803, "x5": -0.8485978400621539}, "datetime": {"datetime": "2020-10-19 21:28:48", "elapsed": 25.537584, "delta": 0.354424}}
{"target": 78.43961290813584, "params": {"x1": 90.44065327797311, "x2": 2.0237860580336506, "x3": 0.49572049603020996, "x4": 1.3207340837805102, "x5": -0.35332965912154823}, "datetime": {"datetime": "2020-10-19 21:28:48", "elapsed": 25.716699, "delta": 0.179115}}
{"target": 87.01567920717079, "params": {"x1": 87.52982153488966, "x2": 0.4788948065797659, "x3": -1.111146499446684, "x4": 1.1380602611845945, "x5": -0.7432369644542758}, "datetime": {"datetime": "2020-10-19 21:28:48", "elapsed": 25.893549, "delta": 0.17685}}
{"target": 88.16887687753085, "params": {"x1": 89.06524040443799, "x2": 1.7040589252316547, "x3": -0.7220457847976414, "x4": 1.8033802691021392, "x5": -1.3032302460933252}, "datetime": {"datetime": "2020-10-19 21:28:49", "elapsed": 26.07474, "delta": 0.181191}}
{"target": 91.99496439951008, "params": {"x1": 87.92348775212176, "x2": 1.7157888695345027, "x3": -0.7962959548015766, "x4": 1.2736987838357885, "x5": -0.7617091298485287}, "datetime": {"datetime": "2020-10-19 21:28:49", "elapsed": 26.43954, "delta": 0.3648}}
{"target": 90.35891793370068, "params": {"x1": 88.45242989621161, "x2": 1.5031751389394752, "x3": -0.9206434987695993, "x4": 0.6316462865525077, "x5": -0.4577283098380789}, "datetime": {"datetime": "2020-10-19 21:28:49", "elapsed": 26.744338, "delta": 0.304798}}
{"target": 89.15728306854805, "params": {"x1": 88.11141714384182, "x2": 1.6922337152496003, "x3": -0.9586594064480674, "x4": 1.4815731450939247, "x5": -0.682019701719333}, "datetime": {"datetime": "2020-10-19 21:28:50", "elapsed": 27.077505, "delta": 0.333167}}
{"target": 87.19290172257834, "params": {"x1": 87.954779073327, "x2": 1.8978834315758157, "x3": -0.9168182400749887, "x4": 0.9911767953892887, "x5": -0.7374274071343743}, "datetime": {"datetime": "2020-10-19 21:28:50", "elapsed": 27.426934, "delta": 0.349429}}
{"target": 69.04284924850721, "params": {"x1": 90.79988956938612, "x2": 0.9882180620874962, "x3": -1.021648044132898, "x4": 2.0654655910141244, "x5": 1.9702062315929758}, "datetime": {"datetime": "2020-10-19 21:28:50", "elapsed": 27.605548, "delta": 0.178614}}
{"target": 91.4629667203708, "params": {"x1": 88.6128161998366, "x2": 1.436505892313682, "x3": -1.153950936987642, "x4": 1.1311387293098412, "x5": -0.7304641759033978}, "datetime": {"datetime": "2020-10-19 21:28:51", "elapsed": 28.038751, "delta": 0.433203}}
{"target": 73.26072184377546, "params": {"x1": 87.09337107978473, "x2": 2.530840457413476, "x3": -0.5735291675136984, "x4": 0.007841852075157751, "x5": 1.3222405889822209}, "datetime": {"datetime": "2020-10-19 21:28:51", "elapsed": 28.217467, "delta": 0.178716}}
{"target": 88.78779282908522, "params": {"x1": 88.63860686817533, "x2": 1.2888910492519052, "x3": -1.0368049693226389, "x4": 1.4453125667723452, "x5": -0.8860388839181568}, "datetime": {"datetime": "2020-10-19 21:28:51", "elapsed": 28.572572, "delta": 0.355105}}
{"target": 87.36215141015965, "params": {"x1": 88.15611603416012, "x2": 1.4559358683781825, "x3": -1.188800405980267, "x4": 0.6465855811485846, "x5": -0.5486756485334003}, "datetime": {"datetime": "2020-10-19 21:28:51", "elapsed": 28.857524, "delta": 0.284952}}
{"target": 82.71414300384231, "params": {"x1": 89.42143947791921, "x2": 1.2514774628578493, "x3": -0.9215726029655811, "x4": 3.3304041859434417, "x5": -0.34691913278093556}, "datetime": {"datetime": "2020-10-19 21:28:52", "elapsed": 29.037137, "delta": 0.179613}}
{"target": 92.0360026464587, "params": {"x1": 88.4311078643191, "x2": 1.466773796204659, "x3": -0.9727782495449698, "x4": 0.707641600837119, "x5": -0.5644883002906523}, "datetime": {"datetime": "2020-10-19 21:28:52", "elapsed": 29.440876, "delta": 0.403739}}
{"target": 91.70676821212336, "params": {"x1": 88.39907603769721, "x2": 1.6320611041528292, "x3": -1.021707599886336, "x4": 0.7505043517432493, "x5": -0.43513448068985316}, "datetime": {"datetime": "2020-10-19 21:28:52", "elapsed": 29.725004, "delta": 0.284128}}
{"target": 64.77592619461281, "params": {"x1": 90.9214728358083, "x2": 2.677132716368462, "x3": 1.647591169893064, "x4": 2.309528737974027, "x5": -0.6291126635686612}, "datetime": {"datetime": "2020-10-19 21:28:52", "elapsed": 29.905382, "delta": 0.180378}}
{"target": 75.36475797309717, "params": {"x1": 89.41961005418798, "x2": 1.9194594783142715, "x3": -0.03555065397543289, "x4": 2.7964996258717596, "x5": 1.8078869562547444}, "datetime": {"datetime": "2020-10-19 21:28:53", "elapsed": 30.098658, "delta": 0.193276}}
{"target": 93.31592359844544, "params": {"x1": 88.44379277391727, "x2": 1.5359379022763686, "x3": -0.9759945288391569, "x4": 0.7257911387115118, "x5": -0.5991337533010129}, "datetime": {"datetime": "2020-10-19 21:28:53", "elapsed": 30.480368, "delta": 0.38171}}
{"target": 81.33135401982007, "params": {"x1": 87.1715143473511, "x2": -0.5760991212673391, "x3": 1.035700936336964, "x4": 1.1758212510836048, "x5": -1.3240562100264845}, "datetime": {"datetime": "2020-10-19 21:28:53", "elapsed": 30.67787, "delta": 0.197502}}
{"target": 75.53599749194227, "params": {"x1": 88.64726822957748, "x2": 1.4152893035243457, "x3": -1.036823297189162, "x4": 2.1839384987773904, "x5": 2.3063063286927665}, "datetime": {"datetime": "2020-10-19 21:28:53", "elapsed": 30.874809, "delta": 0.196939}}
{"target": 70.20866070308469, "params": {"x1": 87.56783449372425, "x2": -0.6377892907096979, "x3": 2.351946470883684, "x4": 2.6832701537391923, "x5": -1.6079246484539975}, "datetime": {"datetime": "2020-10-19 21:28:54", "elapsed": 31.066917, "delta": 0.192108}}
{"target": 93.53159631622495, "params": {"x1": 88.28504425261795, "x2": 1.6690244365514777, "x3": -0.9785401719527479, "x4": 1.1634927136633104, "x5": -0.8011281652135211}, "datetime": {"datetime": "2020-10-19 21:28:54", "elapsed": 31.586635, "delta": 0.519718}}
{"target": 87.39366988062302, "params": {"x1": 88.35706558432554, "x2": 1.6088388511598137, "x3": -0.9135699214973705, "x4": 1.2073918216108732, "x5": -1.2495698008715574}, "datetime": {"datetime": "2020-10-19 21:28:54", "elapsed": 31.930722, "delta": 0.344087}}
{"target": 87.30805377610623, "params": {"x1": 87.78773108335638, "x2": 1.9102864991513737, "x3": -0.8691648012510858, "x4": 1.0466066688218387, "x5": -0.6302824208570199}, "datetime": {"datetime": "2020-10-19 21:28:55", "elapsed": 32.268732, "delta": 0.33801}}
{"target": 88.51933195626619, "params": {"x1": 88.29797665056367, "x2": 1.3100173814999767, "x3": -0.8160219032131304, "x4": 0.8631011821020727, "x5": -0.48617694885656504}, "datetime": {"datetime": "2020-10-19 21:28:55", "elapsed": 32.534055, "delta": 0.265323}}
{"target": 78.61068124079455, "params": {"x1": 90.56702797810576, "x2": 1.7646821271704058, "x3": 1.026602303782054, "x4": 0.83320222284141, "x5": -1.0335978403949901}, "datetime": {"datetime": "2020-10-19 21:28:55", "elapsed": 32.744318, "delta": 0.210263}}
{"target": 89.91587716109868, "params": {"x1": 88.2577438781784, "x2": 1.7989119098946662, "x3": -0.7277724088260202, "x4": 0.962248857183299, "x5": -0.7952698303090993}, "datetime": {"datetime": "2020-10-19 21:28:56", "elapsed": 32.993103, "delta": 0.248785}}
{"target": 79.89396795853142, "params": {"x1": 87.20703308093933, "x2": -0.7930003335517305, "x3": 1.31727586253479, "x4": 0.318010181749927, "x5": 0.15364023827129514}, "datetime": {"datetime": "2020-10-19 21:28:56", "elapsed": 33.185642, "delta": 0.192539}}
{"target": 91.78013915837991, "params": {"x1": 87.82328125883645, "x2": 1.3592124202852234, "x3": -0.7496270604412685, "x4": 1.3929020858592447, "x5": -0.8568284603594132}, "datetime": {"datetime": "2020-10-19 21:28:56", "elapsed": 33.527272, "delta": 0.34163}}
{"target": 90.49525333351154, "params": {"x1": 88.29830519820398, "x2": 1.4211659433056636, "x3": -1.1398168053891264, "x4": 1.0282750409349222, "x5": -0.4224913707375755}, "datetime": {"datetime": "2020-10-19 21:28:56", "elapsed": 33.814783, "delta": 0.287511}}
{"target": 92.83790973188586, "params": {"x1": 87.90956106840358, "x2": 1.6629606188224206, "x3": -0.8118475195287704, "x4": 1.331809961502556, "x5": -0.7950035096061193}, "datetime": {"datetime": "2020-10-19 21:28:57", "elapsed": 34.279688, "delta": 0.464905}}
{"target": 69.99865090999339, "params": {"x1": 90.89281890612288, "x2": 1.5542823999832889, "x3": 1.6378128937512384, "x4": -0.1356401259267772, "x5": -0.4960824630628242}, "datetime": {"datetime": "2020-10-19 21:28:57", "elapsed": 34.479731, "delta": 0.200043}}
{"target": 90.78338558851391, "params": {"x1": 87.99337583525103, "x2": 1.5868618304725004, "x3": -0.7622770607400324, "x4": 0.9846302078602569, "x5": -0.8787086057278708}, "datetime": {"datetime": "2020-10-19 21:28:57", "elapsed": 34.748454, "delta": 0.268723}}
{"target": 88.83815974298057, "params": {"x1": 88.02713483286743, "x2": 1.8321752313723438, "x3": -0.8398603991936004, "x4": 1.277078298607915, "x5": -0.5833767338798623}, "datetime": {"datetime": "2020-10-19 21:28:58", "elapsed": 35.039244, "delta": 0.29079}}
{"target": 65.8723150086193, "params": {"x1": 90.80810491273843, "x2": 1.9891640779785718, "x3": -0.5032803450893748, "x4": 2.585849040447016, "x5": 1.8834021363974534}, "datetime": {"datetime": "2020-10-19 21:28:58", "elapsed": 35.242824, "delta": 0.20358}}
{"target": 91.55698113043765, "params": {"x1": 88.50182677012438, "x2": 1.6005298964050145, "x3": -1.0337942187654285, "x4": 1.3943122810974453, "x5": -0.9387447513917071}, "datetime": {"datetime": "2020-10-19 21:28:58", "elapsed": 35.626623, "delta": 0.383799}}
{"target": 58.898363825059604, "params": {"x1": 90.16663807955379, "x2": 2.7919938334443266, "x3": -0.8903855673060084, "x4": 3.620785334420522, "x5": 1.6732054107806251}, "datetime": {"datetime": "2020-10-19 21:28:58", "elapsed": 35.84824, "delta": 0.221617}}
{"target": 84.11700424520335, "params": {"x1": 88.16300579318329, "x2": -0.04434990870995803, "x3": 1.3511948089748198, "x4": 1.1736385366978668, "x5": 0.25066525135883855}, "datetime": {"datetime": "2020-10-19 21:28:59", "elapsed": 36.058407, "delta": 0.210167}}
{"target": 87.94521800499369, "params": {"x1": 87.92046366158982, "x2": 1.718521401102084, "x3": -0.9696085856481413, "x4": 1.6108403352912803, "x5": -0.8955380318333075}, "datetime": {"datetime": "2020-10-19 21:28:59", "elapsed": 36.391385, "delta": 0.332978}}
{"target": 92.86808890094005, "params": {"x1": 87.23582603771199, "x2": 0.37918708707712534, "x3": 0.2277874234596451, "x4": 1.6445788161109796, "x5": -0.7555763428865829}, "datetime": {"datetime": "2020-10-19 21:28:59", "elapsed": 36.611695, "delta": 0.22031}}
{"target": 91.13612854666785, "params": {"x1": 87.77481751040733, "x2": 1.3640970406527786, "x3": -0.794867045409122, "x4": 1.2476118676543158, "x5": -0.854087182654667}, "datetime": {"datetime": "2020-10-19 21:29:00", "elapsed": 36.968621, "delta": 0.356926}}
{"target": 75.31039591442898, "params": {"x1": 87.30289606612286, "x2": 2.7764491207719844, "x3": -1.2477960712954694, "x4": 0.7759065933447322, "x5": 0.613807315381022}, "datetime": {"datetime": "2020-10-19 21:29:00", "elapsed": 37.198412, "delta": 0.229791}}
{"target": 80.45202146912959, "params": {"x1": 88.11473006629951, "x2": 0.2906830772659402, "x3": 1.2251036154296304, "x4": 3.3559118897155784, "x5": 0.49370992450904194}, "datetime": {"datetime": "2020-10-19 21:29:00", "elapsed": 37.412604, "delta": 0.214192}}
{"target": 69.87460562826874, "params": {"x1": 90.80689935988484, "x2": 0.11474809943490605, "x3": -0.3539077459369995, "x4": 0.048273467338554754, "x5": 1.881401964771409}, "datetime": {"datetime": "2020-10-19 21:29:00", "elapsed": 37.630087, "delta": 0.217483}}
{"target": 92.98266815595765, "params": {"x1": 88.4253168853576, "x2": 1.5200148532499143, "x3": -0.9939251776881128, "x4": 0.7420767925697618, "x5": -0.6225979606725818}, "datetime": {"datetime": "2020-10-19 21:29:01", "elapsed": 38.117971, "delta": 0.487884}}
{"target": 87.10688895604466, "params": {"x1": 88.53099664785545, "x2": 1.5779476588309773, "x3": -0.9660924540484592, "x4": 1.3559490419685105, "x5": -0.6526106744182469}, "datetime": {"datetime": "2020-10-19 21:29:01", "elapsed": 38.491119, "delta": 0.373148}}
{"target": 89.45697673589584, "params": {"x1": 88.3712339853622, "x2": 1.401726626699634, "x3": -0.9835849280584232, "x4": 1.0100191940509362, "x5": -0.6176228306655112}, "datetime": {"datetime": "2020-10-19 21:29:02", "elapsed": 38.971205, "delta": 0.480086}}
{"target": 88.46952369319283, "params": {"x1": 88.49456183229736, "x2": 1.8579483925074904, "x3": -1.023304822387442, "x4": 1.2214391427405922, "x5": -0.6135875345293551}, "datetime": {"datetime": "2020-10-19 21:29:02", "elapsed": 39.325258, "delta": 0.354053}}
{"target": 92.26462300928375, "params": {"x1": 88.01016455396126, "x2": 1.5111736866658507, "x3": -0.8736333371515486, "x4": 1.4796942712770422, "x5": -0.9527775541844814}, "datetime": {"datetime": "2020-10-19 21:29:02", "elapsed": 39.836651, "delta": 0.511393}}
{"target": 88.52212250690906, "params": {"x1": 88.23728910996823, "x2": 1.7239791058790228, "x3": -0.674164956349647, "x4": 1.2092304896959976, "x5": -0.9038798262048646}, "datetime": {"datetime": "2020-10-19 21:29:03", "elapsed": 40.1613, "delta": 0.324649}}
{"target": 86.18196877331184, "params": {"x1": 88.52952650957106, "x2": 1.5144887161029987, "x3": -1.3029922563367788, "x4": 1.3061105307510636, "x5": -1.0607194738513435}, "datetime": {"datetime": "2020-10-19 21:29:03", "elapsed": 40.639996, "delta": 0.478696}}
{"target": 86.90817506639591, "params": {"x1": 88.31444868040764, "x2": 1.80167826059113, "x3": -0.8878670177859826, "x4": 1.2003166419765845, "x5": -0.4448545153330301}, "datetime": {"datetime": "2020-10-19 21:29:04", "elapsed": 41.050622, "delta": 0.410626}}
{"target": 89.80094705739899, "params": {"x1": 88.05551462548677, "x2": 1.69866966384931, "x3": -0.9453605655781538, "x4": 1.2157140046690602, "x5": -0.8210434853008526}, "datetime": {"datetime": "2020-10-19 21:29:04", "elapsed": 41.382811, "delta": 0.332189}}
{"target": 89.83709262458629, "params": {"x1": 88.17843917856354, "x2": 1.7115516873978867, "x3": -0.7393899712789243, "x4": 0.825157657834606, "x5": -0.906088634929797}, "datetime": {"datetime": "2020-10-19 21:29:04", "elapsed": 41.820084, "delta": 0.437273}}
{"target": 71.37229149408746, "params": {"x1": 90.51274253609596, "x2": 2.493187534174165, "x3": 1.816068957223653, "x4": 1.1293417700844717, "x5": -0.4564301251761156}, "datetime": {"datetime": "2020-10-19 21:29:05", "elapsed": 42.033459, "delta": 0.213375}}
{"target": 66.27118869570654, "params": {"x1": 90.81549332258479, "x2": 0.03920086397475353, "x3": 2.4518726069871395, "x4": 2.4135576066074576, "x5": -0.8649245186268761}, "datetime": {"datetime": "2020-10-19 21:29:05", "elapsed": 42.256207, "delta": 0.222748}}
{"target": 81.96844934531083, "params": {"x1": 90.14469510473654, "x2": 0.6788648037549477, "x3": -0.18901994730440275, "x4": 0.6514811341808471, "x5": 0.9572396757806747}, "datetime": {"datetime": "2020-10-19 21:29:05", "elapsed": 42.486477, "delta": 0.23027}}
{"target": 74.67470787434704, "params": {"x1": 87.74234296071432, "x2": 2.4074357439949625, "x3": 2.0402756349930495, "x4": 2.590362622260609, "x5": 0.29844865250793506}, "datetime": {"datetime": "2020-10-19 21:29:05", "elapsed": 42.74314, "delta": 0.256663}}
{"target": 94.24479876594273, "params": {"x1": 88.36167344675546, "x2": 1.6311197740219607, "x3": -0.9445289774067716, "x4": 1.0897363341287185, "x5": -0.8663458766741476}, "datetime": {"datetime": "2020-10-19 21:29:06", "elapsed": 43.154865, "delta": 0.411725}}
{"target": 60.1793730374428, "params": {"x1": 90.04253752391217, "x2": 2.430821874598186, "x3": -0.5780602157404118, "x4": 3.6608768908639897, "x5": 2.0119304927038426}, "datetime": {"datetime": "2020-10-19 21:29:06", "elapsed": 43.394408, "delta": 0.239543}}
{"target": 90.06259501164062, "params": {"x1": 88.32241398366872, "x2": 1.4123763702116792, "x3": -1.0708057003579319, "x4": 1.3525403928302302, "x5": -0.7475552621260044}, "datetime": {"datetime": "2020-10-19 21:29:06", "elapsed": 43.840938, "delta": 0.44653}}
{"target": 91.11951169066826, "params": {"x1": 87.8984132070287, "x2": 1.758467911280341, "x3": -0.7948627198941174, "x4": 1.1969897365334274, "x5": -0.7624602508171084}, "datetime": {"datetime": "2020-10-19 21:29:07", "elapsed": 44.314208, "delta": 0.47327}}
{"target": 90.98765291956114, "params": {"x1": 88.6351645077156, "x2": 1.5005460692210204, "x3": -1.1206195003174202, "x4": 1.535366841858046, "x5": -0.9312507954958711}, "datetime": {"datetime": "2020-10-19 21:29:07", "elapsed": 44.695215, "delta": 0.381007}}
{"target": 85.49970020355528, "params": {"x1": 88.16915523043454, "x2": 1.7906608999576994, "x3": -0.9528623711101416, "x4": 1.2863450548134263, "x5": -1.2600476455360818}, "datetime": {"datetime": "2020-10-19 21:29:08", "elapsed": 45.206432, "delta": 0.511217}}
{"target": 73.12574238572246, "params": {"x1": 90.69560906150345, "x2": -0.5876221077522455, "x3": -0.9030949733592906, "x4": 2.8204215542879325, "x5": -0.45378189507039424}, "datetime": {"datetime": "2020-10-19 21:29:08", "elapsed": 45.435209, "delta": 0.228777}}
{"target": 88.01413087951005, "params": {"x1": 88.0000420917507, "x2": 1.624454572590185, "x3": -0.7416535168227816, "x4": 0.8332368787722879, "x5": -1.0143676589987132}, "datetime": {"datetime": "2020-10-19 21:29:08", "elapsed": 45.757552, "delta": 0.322343}}
{"target": 93.47985452471633, "params": {"x1": 88.3824315789755, "x2": 1.6263235766212012, "x3": -0.9653244054758491, "x4": 1.0862332148152445, "x5": -0.8618593675936965}, "datetime": {"datetime": "2020-10-19 21:29:09", "elapsed": 46.239107, "delta": 0.481555}}
{"target": 89.74159184354245, "params": {"x1": 88.368418763182, "x2": 1.120505945104017, "x3": -1.0667540249049916, "x4": 1.3014723520047673, "x5": -1.0908926690958725}, "datetime": {"datetime": "2020-10-19 21:29:09", "elapsed": 46.733752, "delta": 0.494645}}
{"target": 92.55571814537171, "params": {"x1": 87.95400247913847, "x2": 1.6816536592642868, "x3": -0.8351065371036165, "x4": 1.3565387801638054, "x5": -0.8060967779457853}, "datetime": {"datetime": "2020-10-19 21:29:10", "elapsed": 47.15523, "delta": 0.421478}}
{"target": 87.35622711748213, "params": {"x1": 87.9735540597706, "x2": 1.6039955459515318, "x3": -1.2669714969947494, "x4": 1.4276803447414348, "x5": -0.6135148411510414}, "datetime": {"datetime": "2020-10-19 21:29:10", "elapsed": 47.481969, "delta": 0.326739}}
{"target": 75.77383772778775, "params": {"x1": 88.53170498824606, "x2": -0.22385394559466765, "x3": -1.409579781341397, "x4": 0.2551860560582526, "x5": 1.987289531928188}, "datetime": {"datetime": "2020-10-19 21:29:10", "elapsed": 47.716976, "delta": 0.235007}}
{"target": 83.73339387982253, "params": {"x1": 89.51926853964686, "x2": 0.9062844583488058, "x3": -0.1379706845625004, "x4": 0.29943670332744277, "x5": 1.581281479785564}, "datetime": {"datetime": "2020-10-19 21:29:11", "elapsed": 47.957791, "delta": 0.240815}}
{"target": 74.41343867331713, "params": {"x1": 90.6307044660344, "x2": 1.588325701311173, "x3": 1.4327138991448278, "x4": 2.4020091950671665, "x5": -1.108678993398142}, "datetime": {"datetime": "2020-10-19 21:29:11", "elapsed": 48.201732, "delta": 0.243941}}
{"target": 78.81517757285715, "params": {"x1": 88.16082599167318, "x2": 0.34296719259776987, "x3": 0.08050948291872806, "x4": 3.452135824067512, "x5": -1.5291509003305823}, "datetime": {"datetime": "2020-10-19 21:29:11", "elapsed": 48.45081, "delta": 0.249078}}
{"target": 74.74827137441837, "params": {"x1": 90.37929867314783, "x2": 2.5902762602153877, "x3": 0.40750963737449486, "x4": 0.43224633776704846, "x5": -0.9110527651101112}, "datetime": {"datetime": "2020-10-19 21:29:11", "elapsed": 48.709642, "delta": 0.258832}}
{"target": 88.5381646138238, "params": {"x1": 88.38903793206437, "x2": 1.3432288425286156, "x3": -0.775633849671528, "x4": 0.8204867957439979, "x5": -0.583919561353252}, "datetime": {"datetime": "2020-10-19 21:29:12", "elapsed": 49.074168, "delta": 0.364526}}
{"target": 89.44383491984514, "params": {"x1": 88.56161974268541, "x2": 1.740780891125422, "x3": -1.325508040809695, "x4": 1.4634896476514225, "x5": -0.5693847955480138}, "datetime": {"datetime": "2020-10-19 21:29:12", "elapsed": 49.490306, "delta": 0.416138}}
{"target": 86.63443600829038, "params": {"x1": 88.67669308344053, "x2": 1.6316329404404653, "x3": -1.0727237019381282, "x4": 1.367183972027435, "x5": -0.5157018695050046}, "datetime": {"datetime": "2020-10-19 21:29:13", "elapsed": 49.975042, "delta": 0.484736}}
{"target": 88.49782547274762, "params": {"x1": 88.17314054396022, "x2": 1.8774423677894982, "x3": -0.641308379342356, "x4": 1.2798666873262057, "x5": -0.8916547130053318}, "datetime": {"datetime": "2020-10-19 21:29:13", "elapsed": 50.349688, "delta": 0.374646}}
{"target": 90.7376142128156, "params": {"x1": 88.19810041518164, "x2": 1.8970449538151595, "x3": -0.9685860256391015, "x4": 1.178403821656403, "x5": -0.5803918092715337}, "datetime": {"datetime": "2020-10-19 21:29:13", "elapsed": 50.773799, "delta": 0.424111}}
