{"target": 82.21991344293102, "params": {"x1": 88.6680880188103, "x2": 2.0136979737686325, "x3": -1.4228425007306205, "x4": 1.011630290527359, "x5": -1.0481764367315478}, "datetime": {"datetime": "2020-10-19 21:28:23", "elapsed": 0.0, "delta": 0.0}}
{"target": 54.853448664929154, "params": {"x1": 90.32624443194574, "x2": -0.8599401673907586, "x3": 2.5162436807859168, "x4": 3.064561767275018, "x5": 2.1193385214534732}, "datetime": {"datetime": "2020-10-19 21:28:23", "elapsed": 0.115803, "delta": 0.115803}}
{"target": 79.3266230246974, "params": {"x1": 88.1995945314482, "x2": 0.9662508798968815, "x3": 0.9212510187453187, "x4": 2.774650717609993, "x5": 0.2615903413463678}, "datetime": {"datetime": "2020-10-19 21:28:23", "elapsed": 0.155756, "delta": 0.039953}}
{"target": 83.95350107301921, "params": {"x1": 88.64357633861259, "x2": 1.959677822463821, "x3": -1.301623844955681, "x4": 1.1028983787234077, "x5": -0.9805737961352431}, "datetime": {"datetime": "2020-10-19 21:28:23", "elapsed": 0.552962, "delta": 0.397206}}
{"target": 84.96331913581899, "params": {"x1": 88.63266167951127, "x2": 1.7452394472737796, "x3": -1.3460830668775465, "x4": 0.9420606117764321, "x5": -0.8889979551848446}, "datetime": {"datetime": "2020-10-19 21:28:23", "elapsed": 0.649052, "delta": 0.09609}}
{"target": 86.0775866100354, "params": {"x1": 88.62025404229895, "x2": 1.774366708885798, "x3": -1.255496611711375, "x4": 1.0480527304110714, "x5": -0.8730189970478004}, "datetime": {"datetime": "2020-10-19 21:28:23", "elapsed": 0.849813, "delta": 0.200761}}
{"target": 86.11058621134755, "params": {"x1": 88.57239681554073, "x2": 1.733596304375695, "x3": -1.2813381325052666, "x4": 1.1052667361222337, "x5": -0.8851935245100901}, "datetime": {"datetime": "2020-10-19 21:28:24", "elapsed": 0.967605, "delta": 0.117792}}
{"target": 86.72523050836425, "params": {"x1": 88.5632764399686, "x2": 1.7708145689351042, "x3": -1.2628684389622808, "x4": 1.090870930770271, "x5": -0.7819067056317189}, "datetime": {"datetime": "2020-10-19 21:28:24", "elapsed": 1.175045, "delta": 0.20744}}
{"target": 87.94439019316734, "params": {"x1": 88.63777227507869, "x2": 1.7284344578663176, "x3": -1.252127310738135, "x4": 1.1391253205575749, "x5": -0.732063622225303}, "datetime": {"datetime": "2020-10-19 21:28:24", "elapsed": 1.345629, "delta": 0.170584}}
{"target": 87.58248179999572, "params": {"x1": 88.71153336157313, "x2": 1.7265983629810226, "x3": -1.3030220632318914, "x4": 1.181527010640434, "x5": -0.7099748240435078}, "datetime": {"datetime": "2020-10-19 21:28:24", "elapsed": 1.532099, "delta": 0.18647}}
{"target": 83.47727266391504, "params": {"x1": 88.87566204645734, "x2": -0.7169854075026466, "x3": -0.9024030720525509, "x4": 2.6250452283262122, "x5": 0.23874334244924156}, "datetime": {"datetime": "2020-10-19 21:28:24", "elapsed": 1.570331, "delta": 0.038232}}
{"target": 82.76702656562732, "params": {"x1": 88.53839243777355, "x2": 1.2615964383172509, "x3": -1.3005110190054217, "x4": 0.33685656800161445, "x5": -1.3880835558871027}, "datetime": {"datetime": "2020-10-19 21:28:24", "elapsed": 1.613285, "delta": 0.042954}}
{"target": 83.45975943183208, "params": {"x1": 88.07304038660081, "x2": 1.2940000224462516, "x3": 0.3923123607421155, "x4": 3.712906075258796, "x5": -0.3792577715408003}, "datetime": {"datetime": "2020-10-19 21:28:24", "elapsed": 1.658636, "delta": 0.045351}}
{"target": 90.93201036780664, "params": {"x1": 88.67854316376271, "x2": 1.6533437188669509, "x3": -1.2010066337179361, "x4": 1.149030283461005, "x5": -0.7008310662028825}, "datetime": {"datetime": "2020-10-19 21:28:24", "elapsed": 1.803869, "delta": 0.145233}}
{"target": 79.77719035510987, "params": {"x1": 89.66307050785029, "x2": 1.2334735871877753, "x3": 0.26206054698226944, "x4": 2.0907770502241076, "x5": -0.3408072425323312}, "datetime": {"datetime": "2020-10-19 21:28:24", "elapsed": 1.848755, "delta": 0.044886}}
{"target": 75.54926699359733, "params": {"x1": 89.12201631599437, "x2": 1.4391375317211201, "x3": 2.1048311271980156, "x4": 3.1515411440701078, "x5": 1.2874658620982233}, "datetime": {"datetime": "2020-10-19 21:28:24", "elapsed": 1.896664, "delta": 0.047909}}
{"target": 87.92213133059732, "params": {"x1": 88.31083235277666, "x2": 1.514020278506365, "x3": -1.3634604018182614, "x4": 1.1774218558082674, "x5": -0.581310818990602}, "datetime": {"datetime": "2020-10-19 21:28:25", "elapsed": 1.95811, "delta": 0.061446}}
{"target": 69.0321693280853, "params": {"x1": 90.4366877836784, "x2": -0.6988176797312781, "x3": 0.26265763696255395, "x4": 3.6153417501016465, "x5": -1.1391146328463402}, "datetime": {"datetime": "2020-10-19 21:28:25", "elapsed": 2.006415, "delta": 0.048305}}
{"target": 89.0656038500842, "params": {"x1": 88.31777956310704, "x2": 1.454054342754357, "x3": -1.3484952851144565, "x4": 1.0027882220077686, "x5": -0.35657489376503526}, "datetime": {"datetime": "2020-10-19 21:28:25", "elapsed": 2.178161, "delta": 0.171746}}
{"target": 90.42204920119248, "params": {"x1": 88.6663852240973, "x2": 1.564653502007033, "x3": -1.1755243153691024, "x4": 1.1392864045432949, "x5": -0.6478364281496817}, "datetime": {"datetime": "2020-10-19 21:28:25", "elapsed": 2.45169, "delta": 0.273529}}
{"target": 88.76317463129523, "params": {"x1": 88.34155926214927, "x2": 1.638408416353239, "x3": -1.1749180067695948, "x4": 1.3395191220725862, "x5": -0.8311763322877075}, "datetime": {"datetime": "2020-10-19 21:28:25", "elapsed": 2.529663, "delta": 0.077973}}
{"target": 75.77619130215865, "params": {"x1": 87.18793293819354, "x2": 0.10608678800291205, "x3": 0.4312004170186088, "x4": 1.350123455795505, "x5": 2.343949115596594}, "datetime": {"datetime": "2020-10-19 21:28:25", "elapsed": 2.582277, "delta": 0.052614}}
{"target": 90.28246421648302, "params": {"x1": 88.6787523523785, "x2": 1.6191654361451648, "x3": -1.1462600161237813, "x4": 1.1947127881765052, "x5": -0.7120110520306271}, "datetime": {"datetime": "2020-10-19 21:28:25", "elapsed": 2.778459, "delta": 0.196182}}
{"target": 93.57442285280078, "params": {"x1": 88.3830489716968, "x2": 1.6366489622557783, "x3": -0.9090612806632834, "x4": 1.080293746045297, "x5": -0.9082252048735875}, "datetime": {"datetime": "2020-10-19 21:28:25", "elapsed": 2.864477, "delta": 0.086018}}
{"target": 69.27712638316004, "params": {"x1": 87.69008737571392, "x2": -0.43472250329413964, "x3": 1.5817308606135743, "x4": 2.6067717070882868, "x5": 2.27583452539245}, "datetime": {"datetime": "2020-10-19 21:28:25", "elapsed": 2.917342, "delta": 0.052865}}
{"target": 94.11239595007186, "params": {"x1": 88.3980000422499, "x2": 1.6300915287558222, "x3": -0.9663013734550993, "x4": 1.1016783928822549, "x5": -0.8644598248140503}, "datetime": {"datetime": "2020-10-19 21:28:26", "elapsed": 3.037415, "delta": 0.120073}}
{"target": 77.50409636132704, "params": {"x1": 90.06070211854193, "x2": 0.43089792193801324, "x3": 1.280174603099779, "x4": 1.284881719423199, "x5": 1.6993440006978464}, "datetime": {"datetime": "2020-10-19 21:28:26", "elapsed": 3.091928, "delta": 0.054513}}
{"target": 90.11574376860969, "params": {"x1": 88.37711198113035, "x2": 1.595061676858562, "x3": -0.87372384785254, "x4": 0.7480907850109129, "x5": -0.5766706565142254}, "datetime": {"datetime": "2020-10-19 21:28:26", "elapsed": 3.216859, "delta": 0.124931}}
{"target": 91.81528606837792, "params": {"x1": 88.39789209986532, "x2": 1.6246656132713277, "x3": -0.9521494395911401, "x4": 1.0391524466140443, "x5": -0.8141957471785775}, "datetime": {"datetime": "2020-10-19 21:28:26", "elapsed": 3.351853, "delta": 0.134994}}
{"target": 79.79954097381957, "params": {"x1": 90.14703986851812, "x2": -0.5004488916251658, "x3": 1.5083583836611802, "x4": 1.249568573272928, "x5": 0.9929647266218995}, "datetime": {"datetime": "2020-10-19 21:28:26", "elapsed": 3.40894, "delta": 0.057087}}
{"target": 88.09259413447356, "params": {"x1": 88.47106018856898, "x2": 1.3934120927840747, "x3": -0.9805672169653656, "x4": 1.3808070113644717, "x5": -0.7568760842062361}, "datetime": {"datetime": "2020-10-19 21:28:26", "elapsed": 3.489753, "delta": 0.080813}}
{"target": 65.19668826148973, "params": {"x1": 90.93380489824091, "x2": -0.5156368302939299, "x3": -1.2009616021153449, "x4": 1.2484646818515348, "x5": 2.1953723636712397}, "datetime": {"datetime": "2020-10-19 21:28:26", "elapsed": 3.54717, "delta": 0.057417}}
{"target": 70.13394767476434, "params": {"x1": 87.47128656688068, "x2": 2.5725982441130135, "x3": -0.4874114361579791, "x4": 3.3804192919319807, "x5": 1.1426082906303987}, "datetime": {"datetime": "2020-10-19 21:28:26", "elapsed": 3.610054, "delta": 0.062884}}
{"target": 93.13105657506455, "params": {"x1": 88.39897956736789, "x2": 1.6139729162459961, "x3": -0.9614360091238437, "x4": 1.1634217003234582, "x5": -0.903296917235519}, "datetime": {"datetime": "2020-10-19 21:28:26", "elapsed": 3.90371, "delta": 0.293656}}
{"target": 85.56203660883571, "params": {"x1": 88.09890347786553, "x2": 1.6704291365949882, "x3": -1.2702615576135472, "x4": 0.8096892323130345, "x5": -0.7111011818492268}, "datetime": {"datetime": "2020-10-19 21:28:27", "elapsed": 3.994405, "delta": 0.090695}}
{"target": 90.65503699138904, "params": {"x1": 88.38868878788988, "x2": 1.668119079637443, "x3": -0.9784858100574022, "x4": 1.1000417047443867, "x5": -0.8975904301514822}, "datetime": {"datetime": "2020-10-19 21:28:27", "elapsed": 4.162398, "delta": 0.167993}}
{"target": 90.48513572802392, "params": {"x1": 88.40424559939457, "x2": 1.583089211292093, "x3": -0.9234379890872266, "x4": 1.1150682948140787, "x5": -0.860311602675423}, "datetime": {"datetime": "2020-10-19 21:28:27", "elapsed": 4.349883, "delta": 0.187485}}
{"target": 72.80870111064152, "params": {"x1": 90.11649232815815, "x2": 1.2497284613254327, "x3": 1.8520445540076855, "x4": 3.373139729186798, "x5": -0.33090477093185133}, "datetime": {"datetime": "2020-10-19 21:28:27", "elapsed": 4.410333, "delta": 0.06045}}
{"target": 74.13468150921895, "params": {"x1": 90.03018081280568, "x2": 0.9306441723640101, "x3": 1.9571850763730605, "x4": 2.0639967549326093, "x5": 1.084493477230098}, "datetime": {"datetime": "2020-10-19 21:28:27", "elapsed": 4.472095, "delta": 0.061762}}
{"target": 81.2161025879081, "params": {"x1": 88.87081388794842, "x2": 1.3552110695140875, "x3": 1.3543072536549603, "x4": 0.37519016498325075, "x5": 0.3054286199786078}, "datetime": {"datetime": "2020-10-19 21:28:27", "elapsed": 4.539532, "delta": 0.067437}}
{"target": 90.09997494305686, "params": {"x1": 88.31915266951675, "x2": 1.5079201966827651, "x3": -1.2621852896754782, "x4": 1.2361640918155488, "x5": -0.6028969824814847}, "datetime": {"datetime": "2020-10-19 21:28:27", "elapsed": 4.627989, "delta": 0.088457}}
{"target": 65.11837229675666, "params": {"x1": 90.82148048483778, "x2": 2.20490180854506, "x3": 0.6167969010848442, "x4": 3.053195867964196, "x5": 1.4395020262877585}, "datetime": {"datetime": "2020-10-19 21:28:27", "elapsed": 4.705005, "delta": 0.077016}}
{"target": 77.83842728998351, "params": {"x1": 90.31490057102661, "x2": 0.6108593217062522, "x3": 1.7867658747917916, "x4": 1.5943974813665729, "x5": -0.05026338932560326}, "datetime": {"datetime": "2020-10-19 21:28:27", "elapsed": 4.78052, "delta": 0.075515}}
{"target": 87.79547840865817, "params": {"x1": 88.54876565972741, "x2": 1.7795004167738333, "x3": -1.0697150137647127, "x4": 1.458505869560468, "x5": -0.6675992941443092}, "datetime": {"datetime": "2020-10-19 21:28:27", "elapsed": 4.876423, "delta": 0.095903}}
{"target": 80.2596905040963, "params": {"x1": 87.17221198942852, "x2": -0.6440796919676696, "x3": 1.383999685912461, "x4": 1.7034123747309853, "x5": 0.7834669799982803}, "datetime": {"datetime": "2020-10-19 21:28:27", "elapsed": 4.946556, "delta": 0.070133}}
{"target": 88.77199993612174, "params": {"x1": 88.10711805764277, "x2": 1.6817193585129098, "x3": -0.7531675083752727, "x4": 1.153849455970162, "x5": -0.7179952114747732}, "datetime": {"datetime": "2020-10-19 21:28:28", "elapsed": 5.035718, "delta": 0.089162}}
{"target": 93.18490931362206, "params": {"x1": 88.65207076358047, "x2": 1.6103042882895935, "x3": -1.191668193262142, "x4": 1.1630786562970543, "x5": -0.6847378492012427}, "datetime": {"datetime": "2020-10-19 21:28:28", "elapsed": 5.204043, "delta": 0.168325}}
{"target": 87.86834602448974, "params": {"x1": 88.40829286668692, "x2": 1.5882967048840233, "x3": -0.7419519471004141, "x4": 0.9285440624515238, "x5": -0.6581695193875758}, "datetime": {"datetime": "2020-10-19 21:28:28", "elapsed": 5.287453, "delta": 0.08341}}
{"target": 90.60814989649795, "params": {"x1": 88.41338468048389, "x2": 1.6487219648791478, "x3": -0.8805676634126718, "x4": 1.2886372916061093, "x5": -1.1035622667208405}, "datetime": {"datetime": "2020-10-19 21:28:28", "elapsed": 5.389332, "delta": 0.101879}}
{"target": 84.59247388913215, "params": {"x1": 88.01796813452403, "x2": 1.5079596865693965, "x3": -1.3099956099531471, "x4": 0.7246291367841462, "x5": -0.9457983413919224}, "datetime": {"datetime": "2020-10-19 21:28:28", "elapsed": 5.4903, "delta": 0.100968}}
{"target": 88.64067675056023, "params": {"x1": 88.4008314954029, "x2": 1.512235666097422, "x3": -1.2115616294908633, "x4": 1.4828941983818706, "x5": -0.9137279520581874}, "datetime": {"datetime": "2020-10-19 21:28:28", "elapsed": 5.572976, "delta": 0.082676}}
{"target": 88.05881636115559, "params": {"x1": 88.16675871238458, "x2": 1.6988263112764224, "x3": -0.9041460179646366, "x4": 1.3341849516285988, "x5": -0.6017128298162369}, "datetime": {"datetime": "2020-10-19 21:28:28", "elapsed": 5.661978, "delta": 0.089002}}
{"target": 85.98344020572253, "params": {"x1": 88.54537470680903, "x2": 1.5437811462003093, "x3": -1.269241092062747, "x4": 1.4774808244142952, "x5": -1.1320297937169077}, "datetime": {"datetime": "2020-10-19 21:28:28", "elapsed": 5.752976, "delta": 0.090998}}
{"target": 77.08993523729809, "params": {"x1": 90.28317117772744, "x2": -0.03833866055913859, "x3": 1.8240895150770389, "x4": 2.569069382287796, "x5": -0.43203773973393056}, "datetime": {"datetime": "2020-10-19 21:28:28", "elapsed": 5.825062, "delta": 0.072086}}
{"target": 88.28915049672824, "params": {"x1": 88.10378412401575, "x2": 1.6111644306663528, "x3": -0.7627295097188209, "x4": 1.3055139150459152, "x5": -0.7453644003923585}, "datetime": {"datetime": "2020-10-19 21:28:28", "elapsed": 5.914371, "delta": 0.089309}}
{"target": 88.27425007695565, "params": {"x1": 88.42555172080374, "x2": 1.5724999236880817, "x3": -0.9761098941751862, "x4": 1.1615305332139114, "x5": -0.6299213257021605}, "datetime": {"datetime": "2020-10-19 21:28:29", "elapsed": 6.02259, "delta": 0.108219}}
{"target": 76.05034184886752, "params": {"x1": 87.94436140601957, "x2": 2.387701894335702, "x3": 0.8746891744322747, "x4": 2.9590130767766443, "x5": -1.3543651790749214}, "datetime": {"datetime": "2020-10-19 21:28:29", "elapsed": 6.097142, "delta": 0.074552}}
{"target": 86.63041622060177, "params": {"x1": 88.12822740198354, "x2": 1.7671283763840724, "x3": -1.3080271833153871, "x4": 1.3851577196945757, "x5": -0.6077389183797235}, "datetime": {"datetime": "2020-10-19 21:28:29", "elapsed": 6.19226, "delta": 0.095118}}
{"target": 64.66819333888114, "params": {"x1": 90.68034523097681, "x2": 1.6580574513692237, "x3": 1.8587039143152728, "x4": 3.4979003065944916, "x5": -0.29641565818933313}, "datetime": {"datetime": "2020-10-19 21:28:29", "elapsed": 6.268936, "delta": 0.076676}}
{"target": 87.59981123685274, "params": {"x1": 88.78881573848903, "x2": 1.9613520749472109, "x3": -1.1506170434833882, "x4": 0.9800405736111923, "x5": -0.6323475902956235}, "datetime": {"datetime": "2020-10-19 21:28:29", "elapsed": 6.403027, "delta": 0.134091}}
{"target": 90.92394579378643, "params": {"x1": 88.2888291177037, "x2": 1.3357822054698194, "x3": -1.0429695598360926, "x4": 1.131119209789467, "x5": -0.9070481568641207}, "datetime": {"datetime": "2020-10-19 21:28:29", "elapsed": 6.525194, "delta": 0.122167}}
{"target": 81.28046760096049, "params": {"x1": 88.99493162504112, "x2": -0.6117637327048678, "x3": 1.2597749854238247, "x4": 0.34019923755445025, "x5": 1.200272955070962}, "datetime": {"datetime": "2020-10-19 21:28:29", "elapsed": 6.605727, "delta": 0.080533}}
{"target": 85.93024775878459, "params": {"x1": 88.3394617473411, "x2": 1.8540134579943817, "x3": -1.1355887950955565, "x4": 1.4202440842170418, "x5": -1.0294429034603787}, "datetime": {"datetime": "2020-10-19 21:28:29", "elapsed": 6.705415, "delta": 0.099688}}
{"target": 90.02476702802666, "params": {"x1": 88.47798564448708, "x2": 1.6029924286672124, "x3": -0.9451337096696968, "x4": 0.9616278894032757, "x5": -0.7328500138883445}, "datetime": {"datetime": "2020-10-19 21:28:29", "elapsed": 6.805749, "delta": 0.100334}}
{"target": 90.75537987532729, "params": {"x1": 87.9647956597331, "x2": 1.5945896044566061, "x3": -0.856693091423318, "x4": 1.2951263667354633, "x5": -0.7337471805114861}, "datetime": {"datetime": "2020-10-19 21:28:29", "elapsed": 6.895137, "delta": 0.089388}}
{"target": 73.81143168020074, "params": {"x1": 90.38777242559138, "x2": -0.26194603648574166, "x3": 1.6541695840504447, "x4": 2.5768624988909403, "x5": 1.0155781680045182}, "datetime": {"datetime": "2020-10-19 21:28:30", "elapsed": 6.978439, "delta": 0.083302}}
{"target": 88.71070529051993, "params": {"x1": 88.35874324406436, "x2": 1.758463221985358, "x3": -0.907642547443295, "x4": 1.0257472411863777, "x5": -0.6013160307231982}, "datetime": {"datetime": "2020-10-19 21:28:30", "elapsed": 7.097205, "delta": 0.118766}}
{"target": 85.0180767088363, "params": {"x1": 88.03133007664948, "x2": 1.2240794682949345, "x3": 1.9715249181188985, "x4": 0.3609605014066781, "x5": -0.25834134725080715}, "datetime": {"datetime": "2020-10-19 21:28:30", "elapsed": 7.185322, "delta": 0.088117}}
{"target": 74.39604096290225, "params": {"x1": 87.06047925323392, "x2": -0.15093944392910041, "x3": 0.9075729308728524, "x4": 3.619068100787973, "x5": -0.7024353437961233}, "datetime": {"datetime": "2020-10-19 21:28:30", "elapsed": 7.269868, "delta": 0.084546}}
{"target": 77.48891485910926, "params": {"x1": 89.80996322252706, "x2": 2.689011629661235, "x3": -0.20932346941798374, "x4": 2.657882399632692, "x5": 0.17638282247322024}, "datetime": {"datetime": "2020-10-19 21:28:30", "elapsed": 7.361369, "delta": 0.091501}}
{"target": 80.41420021953358, "params": {"x1": 88.40004695858367, "x2": 0.334288287106168, "x3": -0.22505409743041382, "x4": 3.3191093099635225, "x5": 1.5828759491248718}, "datetime": {"datetime": "2020-10-19 21:28:30", "elapsed": 7.447523, "delta": 0.086154}}
{"target": 75.73929025608261, "params": {"x1": 90.6404243432607, "x2": -0.672407746510646, "x3": 0.43807843441387617, "x4": 1.9666740685637463, "x5": 1.1637243407957236}, "datetime": {"datetime": "2020-10-19 21:28:30", "elapsed": 7.534285, "delta": 0.086762}}
{"target": 68.5296595328336, "params": {"x1": 89.9060452345725, "x2": -0.8161421631607723, "x3": 1.660020131122337, "x4": 2.381512408233557, "x5": 1.9011984723540392}, "datetime": {"datetime": "2020-10-19 21:28:30", "elapsed": 7.622597, "delta": 0.088312}}
{"target": 65.31619558830036, "params": {"x1": 87.40581778284032, "x2": 2.187986813992328, "x3": 1.651030602092632, "x4": 2.9200562360396427, "x5": 2.055738352771673}, "datetime": {"datetime": "2020-10-19 21:28:30", "elapsed": 7.71498, "delta": 0.092383}}
{"target": 89.55600889772813, "params": {"x1": 88.39403153403909, "x2": 1.6124498352924994, "x3": -0.8796477240553991, "x4": 0.8396074080337655, "x5": -0.6198637652116407}, "datetime": {"datetime": "2020-10-19 21:28:30", "elapsed": 7.866532, "delta": 0.151552}}
{"target": 87.09402164777241, "params": {"x1": 88.60344207191906, "x2": 1.7763166946482278, "x3": -1.096425940928749, "x4": 1.450395765942808, "x5": -1.0828711971417875}, "datetime": {"datetime": "2020-10-19 21:28:31", "elapsed": 8.028114, "delta": 0.161582}}
{"target": 89.21997573857743, "params": {"x1": 87.79546067510321, "x2": 1.7752319753683272, "x3": -0.7592437146648552, "x4": 1.3307990071888056, "x5": -0.8450706491548099}, "datetime": {"datetime": "2020-10-19 21:28:31", "elapsed": 8.157098, "delta": 0.128984}}
{"target": 93.3704048506589, "params": {"x1": 88.38246011807131, "x2": 1.6213287944206756, "x3": -0.9799748718335197, "x4": 1.1221690300472904, "x5": -0.8493886902891394}, "datetime": {"datetime": "2020-10-19 21:28:31", "elapsed": 8.363121, "delta": 0.206023}}
{"target": 90.28841317046962, "params": {"x1": 87.80198145767024, "x2": 1.7555081531321006, "x3": -0.8047974439133119, "x4": 1.3081537348265317, "x5": -0.7385846507237546}, "datetime": {"datetime": "2020-10-19 21:28:31", "elapsed": 8.506346, "delta": 0.143225}}
{"target": 87.46582738491023, "params": {"x1": 88.4931803205753, "x2": 1.616246927864231, "x3": -1.0748814560622708, "x4": 1.4079648197613015, "x5": -0.5738052632164379}, "datetime": {"datetime": "2020-10-19 21:28:31", "elapsed": 8.634833, "delta": 0.128487}}
{"target": 86.01673475672455, "params": {"x1": 88.48472517881437, "x2": 1.7316441683794097, "x3": -1.1155184665236233, "x4": 1.2826584045200227, "x5": -1.1606207896426788}, "datetime": {"datetime": "2020-10-19 21:28:31", "elapsed": 8.783473, "delta": 0.14864}}
{"target": 68.81993473059997, "params": {"x1": 88.62813699568767, "x2": 2.7316775045854547, "x3": 2.0587825095481564, "x4": 0.5405359232754556, "x5": 1.548725019463488}, "datetime": {"datetime": "2020-10-19 21:28:31", "elapsed": 8.879961, "delta": 0.096488}}
{"target": 76.57102605104775, "params": {"x1": 87.18929276076479, "x2": 0.05737332696443864, "x3": 2.3970400493454873, "x4": 0.7949582493805993, "x5": 0.3043971950604629}, "datetime": {"datetime": "2020-10-19 21:28:32", "elapsed": 8.976813, "delta": 0.096852}}
{"target": 91.78183184350546, "params": {"x1": 88.41475658353161, "x2": 1.6388502798377793, "x3": -0.9509226807609198, "x4": 1.1079248005552595, "x5": -0.8618347160295045}, "datetime": {"datetime": "2020-10-19 21:28:32", "elapsed": 9.208497, "delta": 0.231684}}
