{"target": 64.13333333333334, "params": {"x0": 85.02132028215445, "x1": 0.4406489868843162, "x2": -0.9997712503653102, "x3": -0.39533485473632046, "x4": -0.7064882183657739}, "datetime": {"datetime": "2021-01-12 21:34:07", "elapsed": 0.0, "delta": 0.0}}
{"target": 55.27, "params": {"x0": 106.82538651938819, "x1": 0.8973735648275183, "x2": -0.5318671698003736, "x3": 0.8657153995484621, "x4": -0.48933793704676387}, "datetime": {"datetime": "2021-01-12 21:40:03", "elapsed": 356.028483, "delta": 356.028483}}
{"target": 57.50666666666666, "params": {"x0": 84.64390908396452, "x1": 0.38764499479855913, "x2": -1.0, "x3": -0.43502881032985535, "x4": -0.8879119625115148}, "datetime": {"datetime": "2021-01-12 21:44:06", "elapsed": 599.730816, "delta": 243.702333}}
{"target": 55.53333333333334, "params": {"x0": 104.17072819664224, "x1": 0.38092067299502586, "x2": -0.808271098028885, "x3": 0.3492493805771042, "x4": 0.3037531309479118}, "datetime": {"datetime": "2021-01-12 21:47:55", "elapsed": 828.584848, "delta": 228.854032}}
{"target": 67.35666666666667, "params": {"x0": 83.308652414564, "x1": 0.8515044119531365, "x2": 0.6975343604126887, "x3": 0.17306789672384926, "x4": -0.5612269735948754}, "datetime": {"datetime": "2021-01-12 21:52:08", "elapsed": 1080.94462, "delta": 252.359772}}
{"target": 66.49333333333334, "params": {"x0": 64.85397105174661, "x1": 0.6999355264582188, "x2": 0.6025626494953895, "x3": 0.37580747689057836, "x4": 0.5120282427405647}, "datetime": {"datetime": "2021-01-12 21:56:03", "elapsed": 1316.370334, "delta": 235.425714}}
{"target": 72.45333333333333, "params": {"x0": 74.03071157064987, "x1": -0.725242105119827, "x2": 0.7679230255244809, "x3": -0.9882322265533063, "x4": 0.4978138871647866}, "datetime": {"datetime": "2021-01-12 21:59:45", "elapsed": 1538.748015, "delta": 222.377681}}
{"target": 58.35333333333333, "params": {"x0": 93.02663746099148, "x1": -0.57189705179324, "x2": 0.965333552839502, "x3": -0.14728978038180074, "x4": 0.6500978291753439}, "datetime": {"datetime": "2021-01-12 22:03:18", "elapsed": 1751.399241, "delta": 212.651226}}
{"target": 60.92666666666667, "params": {"x0": 99.68042474891914, "x1": 0.008494768818439136, "x2": -0.4778550450712036, "x3": 0.2446044225636672, "x4": -0.18637985901492748}, "datetime": {"datetime": "2021-01-12 22:06:54", "elapsed": 1967.415411, "delta": 216.01617}}
{"target": 72.33999999999999, "params": {"x0": 68.45056356546115, "x1": -0.46632204777437103, "x2": 0.7013022203015549, "x3": -0.10200360458559943, "x4": 0.4209869587500832}, "datetime": {"datetime": "2021-01-12 22:10:24", "elapsed": 2177.753363, "delta": 210.337952}}
