{"target": -8.0, "params": {"x1": 0.0, "x2": 0.0}, "datetime": {"datetime": "2020-10-16 16:34:10", "elapsed": 0.0, "delta": 0.0}}
{"target": -8.0, "params": {"x1": 0.0, "x2": 0.0}, "datetime": {"datetime": "2020-10-16 16:34:10", "elapsed": 0.018534, "delta": 0.018534}}
{"target": -8.0, "params": {"x1": 0.0, "x2": 0.0}, "datetime": {"datetime": "2020-10-16 16:34:10", "elapsed": 0.054689, "delta": 0.036155}}
{"target": -8.0, "params": {"x1": 0.0, "x2": 0.0}, "datetime": {"datetime": "2020-10-16 16:34:10", "elapsed": 0.111098, "delta": 0.056409}}
{"target": -8.0, "params": {"x1": 0.0, "x2": 0.0}, "datetime": {"datetime": "2020-10-16 16:34:10", "elapsed": 0.152778, "delta": 0.04168}}
{"target": -8.0, "params": {"x1": 0.0, "x2": 0.0}, "datetime": {"datetime": "2020-10-16 16:34:10", "elapsed": 0.200228, "delta": 0.04745}}
{"target": -8.0, "params": {"x1": 0.0, "x2": 0.0}, "datetime": {"datetime": "2020-10-16 16:34:10", "elapsed": 0.234236, "delta": 0.034008}}
{"target": -8.0, "params": {"x1": 0.0, "x2": 0.0}, "datetime": {"datetime": "2020-10-16 16:34:10", "elapsed": 0.283013, "delta": 0.048777}}
{"target": -8.0, "params": {"x1": 0.0, "x2": 0.0}, "datetime": {"datetime": "2020-10-16 16:34:10", "elapsed": 0.315908, "delta": 0.032895}}
{"target": -8.0, "params": {"x1": 0.0, "x2": 0.0}, "datetime": {"datetime": "2020-10-16 16:34:11", "elapsed": 0.384436, "delta": 0.068528}}
{"target": -40.0, "params": {"x1": 8.0, "x2": -4.0}, "datetime": {"datetime": "2020-10-16 16:34:11", "elapsed": 0.453249, "delta": 0.068813}}
{"target": -104.0, "params": {"x1": -8.0, "x2": 0.0}, "datetime": {"datetime": "2020-10-16 16:34:11", "elapsed": 0.485522, "delta": 0.032273}}
{"target": -40.0, "params": {"x1": -4.0, "x2": -4.0}, "datetime": {"datetime": "2020-10-16 16:34:11", "elapsed": 0.525292, "delta": 0.03977}}
{"target": -8.0, "params": {"x1": 0.0, "x2": 0.0}, "datetime": {"datetime": "2020-10-16 16:34:11", "elapsed": 0.863848, "delta": 0.338556}}
{"target": -8.0, "params": {"x1": 0.0, "x2": 0.0}, "datetime": {"datetime": "2020-10-16 16:34:11", "elapsed": 1.077118, "delta": 0.21327}}
{"target": -8.0, "params": {"x1": 0.0, "x2": 0.0}, "datetime": {"datetime": "2020-10-16 16:34:12", "elapsed": 1.363531, "delta": 0.286413}}
{"target": -8.0, "params": {"x1": 0.0, "x2": 0.0}, "datetime": {"datetime": "2020-10-16 16:34:12", "elapsed": 1.627343, "delta": 0.263812}}
{"target": -8.0, "params": {"x1": 0.0, "x2": 0.0}, "datetime": {"datetime": "2020-10-16 16:34:12", "elapsed": 1.917301, "delta": 0.289958}}
{"target": -8.0, "params": {"x1": 0.0, "x2": 0.0}, "datetime": {"datetime": "2020-10-16 16:34:12", "elapsed": 2.185942, "delta": 0.268641}}
{"target": -8.0, "params": {"x1": 0.0, "x2": 0.0}, "datetime": {"datetime": "2020-10-16 16:34:13", "elapsed": 2.501138, "delta": 0.315196}}
{"target": -4.0, "params": {"x1": 2.0, "x2": 0.0}, "datetime": {"datetime": "2020-10-16 16:34:13", "elapsed": 2.690688, "delta": 0.18955}}
{"target": -4.0, "params": {"x1": 2.0, "x2": 0.0}, "datetime": {"datetime": "2020-10-16 16:34:13", "elapsed": 2.928369, "delta": 0.237681}}
{"target": -4.0, "params": {"x1": 2.0, "x2": 0.0}, "datetime": {"datetime": "2020-10-16 16:34:13", "elapsed": 3.204841, "delta": 0.276472}}
{"target": -4.0, "params": {"x1": 2.0, "x2": 0.0}, "datetime": {"datetime": "2020-10-16 16:34:14", "elapsed": 3.428174, "delta": 0.223333}}
{"target": -4.0, "params": {"x1": 2.0, "x2": 0.0}, "datetime": {"datetime": "2020-10-16 16:34:14", "elapsed": 3.658038, "delta": 0.229864}}
{"target": -4.0, "params": {"x1": 2.0, "x2": 0.0}, "datetime": {"datetime": "2020-10-16 16:34:14", "elapsed": 3.841966, "delta": 0.183928}}
{"target": -4.0, "params": {"x1": 2.0, "x2": 0.0}, "datetime": {"datetime": "2020-10-16 16:34:14", "elapsed": 4.107559, "delta": 0.265593}}
{"target": -4.0, "params": {"x1": 2.0, "x2": 0.0}, "datetime": {"datetime": "2020-10-16 16:34:15", "elapsed": 4.401435, "delta": 0.293876}}
{"target": -4.0, "params": {"x1": 2.0, "x2": 0.0}, "datetime": {"datetime": "2020-10-16 16:34:15", "elapsed": 4.550909, "delta": 0.149474}}
{"target": -16.0, "params": {"x1": 2.0, "x2": 2.0}, "datetime": {"datetime": "2020-10-16 16:34:15", "elapsed": 4.814745, "delta": 0.263836}}
{"target": -4.000000000005684, "params": {"x1": 2.0000000000014495, "x2": 1.4210854715202004e-12}, "datetime": {"datetime": "2020-10-16 16:34:15", "elapsed": 4.855123, "delta": 0.040378}}
{"target": -4.000000000005684, "params": {"x1": 2.0000000000014495, "x2": 1.4210854715202004e-12}, "datetime": {"datetime": "2020-10-16 16:34:15", "elapsed": 4.904369, "delta": 0.049246}}
{"target": -26.600000000033145, "params": {"x1": 1.6000000000014438, "x2": -0.7999999999985903}, "datetime": {"datetime": "2020-10-16 16:34:15", "elapsed": 5.084793, "delta": 0.180424}}
{"target": -8.0, "params": {"x1": 1.4210854715202004e-12, "x2": 1.4210854715202004e-12}, "datetime": {"datetime": "2020-10-16 16:34:15", "elapsed": 5.125625, "delta": 0.040832}}
{"target": -56.65016994372015, "params": {"x1": 8.000000000001535, "x2": -0.3999999999985846}, "datetime": {"datetime": "2020-10-16 16:34:15", "elapsed": 5.173907, "delta": 0.048282}}
{"target": -108.69966011252718, "params": {"x1": -1.199999999998596, "x2": 7.200000000001523}, "datetime": {"datetime": "2020-10-16 16:34:15", "elapsed": 5.224212, "delta": 0.050305}}
{"target": -186.59999999992513, "params": {"x1": -9.599999999998715, "x2": -7.199999999998681}, "datetime": {"datetime": "2020-10-16 16:34:15", "elapsed": 5.27032, "delta": 0.046108}}
{"target": -16.000000000011596, "params": {"x1": 2.0000000000014495, "x2": 2.0000000000014495}, "datetime": {"datetime": "2020-10-16 16:34:15", "elapsed": 5.316126, "delta": 0.045806}}
{"target": -133.79999999989673, "params": {"x1": 7.600000000001529, "x2": 6.800000000001518}, "datetime": {"datetime": "2020-10-16 16:34:16", "elapsed": 5.366793, "delta": 0.050667}}
{"target": -16.000000000011596, "params": {"x1": 2.0000000000014495, "x2": 2.0000000000014495}, "datetime": {"datetime": "2020-10-16 16:34:16", "elapsed": 5.418422, "delta": 0.051629}}
{"target": -148.40000000000413, "params": {"x1": -8.799999999998704, "x2": 0.6000000000014296}, "datetime": {"datetime": "2020-10-16 16:34:16", "elapsed": 5.468709, "delta": 0.050287}}
{"target": -23.850169943809014, "params": {"x1": 2.0000000000014495, "x2": 0.40000000000142677}, "datetime": {"datetime": "2020-10-16 16:34:16", "elapsed": 5.752049, "delta": 0.28334}}
{"target": -17.099660112508786, "params": {"x1": 2.2000000000014523, "x2": -0.19999999999858176}, "datetime": {"datetime": "2020-10-16 16:34:16", "elapsed": 5.942275, "delta": 0.190226}}
{"target": -23.850169943809014, "params": {"x1": 2.0000000000014495, "x2": 0.40000000000142677}, "datetime": {"datetime": "2020-10-16 16:34:16", "elapsed": 6.003829, "delta": 0.061554}}
{"target": -10.949830056169183, "params": {"x1": 1.8000000000014467, "x2": 1.4210854715202004e-12}, "datetime": {"datetime": "2020-10-16 16:34:16", "elapsed": 6.263558, "delta": 0.259729}}
{"target": -4.000000000005684, "params": {"x1": 2.0000000000014495, "x2": 1.4210854715202004e-12}, "datetime": {"datetime": "2020-10-16 16:34:17", "elapsed": 6.412472, "delta": 0.148914}}
{"target": -58.74983005636557, "params": {"x1": 9.200000000001552, "x2": -1.9999999999986073}, "datetime": {"datetime": "2020-10-16 16:34:17", "elapsed": 6.466108, "delta": 0.053636}}
{"target": -8.0, "params": {"x1": 1.4210854715202004e-12, "x2": 1.4210854715202004e-12}, "datetime": {"datetime": "2020-10-16 16:34:17", "elapsed": 6.524678, "delta": 0.05857}}
{"target": -8.0, "params": {"x1": 1.4210854715202004e-12, "x2": 1.4210854715202004e-12}, "datetime": {"datetime": "2020-10-16 16:34:17", "elapsed": 6.586002, "delta": 0.061324}}
{"target": -4.000000000005684, "params": {"x1": 2.0000000000014495, "x2": 1.4210854715202004e-12}, "datetime": {"datetime": "2020-10-16 16:34:17", "elapsed": 6.821347, "delta": 0.235345}}
{"target": -16.699988543769464, "params": {"x1": 2.2065690689252904, "x2": -0.18554876100415463}, "datetime": {"datetime": "2020-10-16 16:34:17", "elapsed": 6.875099, "delta": 0.053752}}
{"target": -31.632284485924412, "params": {"x1": 1.244586178447948, "x2": -3.441177149852237}, "datetime": {"datetime": "2020-10-16 16:34:17", "elapsed": 6.934379, "delta": 0.05928}}
{"target": -49.979856971108504, "params": {"x1": 5.5304200925706155, "x2": -6.075069202536342}, "datetime": {"datetime": "2020-10-16 16:34:17", "elapsed": 6.995467, "delta": 0.061088}}
{"target": -4.025026716017596, "params": {"x1": 1.9886245311924924, "x2": -0.020028671643419926}, "datetime": {"datetime": "2020-10-16 16:34:17", "elapsed": 7.150646, "delta": 0.155179}}
{"target": -73.9313929451304, "params": {"x1": -4.23178074318542, "x2": 2.2243228837852964}, "datetime": {"datetime": "2020-10-16 16:34:17", "elapsed": 7.207851, "delta": 0.057205}}
{"target": -4.1734897139687455, "params": {"x1": 2.0271857569680662, "x2": 0.005373079866938468}, "datetime": {"datetime": "2020-10-16 16:34:18", "elapsed": 7.47162, "delta": 0.263769}}
{"target": -168.10083170180528, "params": {"x1": -4.2233401448365875, "x2": 9.001707112185496}, "datetime": {"datetime": "2020-10-16 16:34:18", "elapsed": 7.529216, "delta": 0.057596}}
{"target": -4.188520104051808, "params": {"x1": 2.021918586422265, "x2": -0.03409383700111057}, "datetime": {"datetime": "2020-10-16 16:34:18", "elapsed": 7.779763, "delta": 0.250547}}
{"target": -4.189810651102288, "params": {"x1": 2.023526627092858, "x2": 0.012412288774964253}, "datetime": {"datetime": "2020-10-16 16:34:18", "elapsed": 7.958815, "delta": 0.179052}}
{"target": -90.77088977091658, "params": {"x1": -4.856351521321729, "x2": 3.2828413242562338}, "datetime": {"datetime": "2020-10-16 16:34:18", "elapsed": 8.013668, "delta": 0.054853}}
