{"target": -90.10033988761431, "params": {"x1": -1.5999999999986017, "x2": 4.400000000001484}, "datetime": {"datetime": "2020-10-16 16:33:57", "elapsed": 0.0, "delta": 0.0}}
{"target": -76.40000000006805, "params": {"x1": 8.200000000001538, "x2": 1.6000000000014438}, "datetime": {"datetime": "2020-10-16 16:33:57", "elapsed": 0.021671, "delta": 0.021671}}
{"target": -73.2000000000609, "params": {"x1": 6.600000000001515, "x2": 3.2000000000014666}, "datetime": {"datetime": "2020-10-16 16:33:57", "elapsed": 0.048252, "delta": 0.026581}}
{"target": -81.20000000017697, "params": {"x1": 7.200000000001523, "x2": 3.4000000000014694}, "datetime": {"datetime": "2020-10-16 16:33:57", "elapsed": 0.246436, "delta": 0.198184}}
{"target": -169.69966011250733, "params": {"x1": -8.199999999998695, "x2": 5.200000000001495}, "datetime": {"datetime": "2020-10-16 16:33:57", "elapsed": 0.275291, "delta": 0.028855}}
{"target": -64.25016994372211, "params": {"x1": 6.600000000001515, "x2": 3.0000000000014637}, "datetime": {"datetime": "2020-10-16 16:33:58", "elapsed": 0.500282, "delta": 0.224991}}
{"target": -64.25016994372211, "params": {"x1": 6.600000000001515, "x2": 3.0000000000014637}, "datetime": {"datetime": "2020-10-16 16:33:58", "elapsed": 0.559648, "delta": 0.059366}}
{"target": -73.2000000000609, "params": {"x1": 6.600000000001515, "x2": 3.2000000000014666}, "datetime": {"datetime": "2020-10-16 16:33:58", "elapsed": 0.612979, "delta": 0.053331}}
{"target": -64.25016994372211, "params": {"x1": 6.600000000001515, "x2": 3.0000000000014637}, "datetime": {"datetime": "2020-10-16 16:33:58", "elapsed": 0.675173, "delta": 0.062194}}
{"target": -64.25016994372211, "params": {"x1": 6.600000000001515, "x2": 3.0000000000014637}, "datetime": {"datetime": "2020-10-16 16:33:58", "elapsed": 0.742399, "delta": 0.067226}}
{"target": -87.94983005631069, "params": {"x1": -6.999999999998678, "x2": -1.7999999999986045}, "datetime": {"datetime": "2020-10-16 16:33:58", "elapsed": 0.779621, "delta": 0.037222}}
{"target": -155.30033988747405, "params": {"x1": -8.599999999998701, "x2": 0.6000000000014296}, "datetime": {"datetime": "2020-10-16 16:33:58", "elapsed": 0.814353, "delta": 0.034732}}
{"target": -64.25016994372211, "params": {"x1": 6.600000000001515, "x2": 3.0000000000014637}, "datetime": {"datetime": "2020-10-16 16:33:58", "elapsed": 0.863175, "delta": 0.048822}}
{"target": -71.40000000017203, "params": {"x1": 6.400000000001512, "x2": 3.2000000000014666}, "datetime": {"datetime": "2020-10-16 16:33:58", "elapsed": 0.897832, "delta": 0.034657}}
{"target": -63.60000000016372, "params": {"x1": 8.200000000001538, "x2": -1.5999999999986017}, "datetime": {"datetime": "2020-10-16 16:33:58", "elapsed": 0.934724, "delta": 0.036892}}
{"target": -63.60000000016372, "params": {"x1": 8.200000000001538, "x2": -1.5999999999986017}, "datetime": {"datetime": "2020-10-16 16:33:58", "elapsed": 1.010648, "delta": 0.075924}}
{"target": -64.25016994372211, "params": {"x1": 6.600000000001515, "x2": 3.0000000000014637}, "datetime": {"datetime": "2020-10-16 16:33:58", "elapsed": 1.065529, "delta": 0.054881}}
{"target": -63.60000000016372, "params": {"x1": 8.200000000001538, "x2": -1.5999999999986017}, "datetime": {"datetime": "2020-10-16 16:33:58", "elapsed": 1.165606, "delta": 0.100077}}
{"target": -63.60000000016372, "params": {"x1": 8.200000000001538, "x2": -1.5999999999986017}, "datetime": {"datetime": "2020-10-16 16:33:58", "elapsed": 1.22394, "delta": 0.058334}}
{"target": -167.9003398874982, "params": {"x1": -5.5999999999986585, "x2": 6.600000000001515}, "datetime": {"datetime": "2020-10-16 16:33:58", "elapsed": 1.263561, "delta": 0.039621}}
{"target": -63.60000000016372, "params": {"x1": 8.200000000001538, "x2": -1.5999999999986017}, "datetime": {"datetime": "2020-10-16 16:33:58", "elapsed": 1.325341, "delta": 0.06178}}
{"target": -69.19999999988472, "params": {"x1": 6.600000000001515, "x2": 2.800000000001461}, "datetime": {"datetime": "2020-10-16 16:33:59", "elapsed": 1.446373, "delta": 0.121032}}
{"target": -63.60000000016372, "params": {"x1": 8.200000000001538, "x2": -1.5999999999986017}, "datetime": {"datetime": "2020-10-16 16:33:59", "elapsed": 1.534818, "delta": 0.088445}}
{"target": -153.69966011262773, "params": {"x1": -9.799999999998718, "x2": -2.7999999999986187}, "datetime": {"datetime": "2020-10-16 16:33:59", "elapsed": 1.575306, "delta": 0.040488}}
{"target": -24.89966011249777, "params": {"x1": -0.7999999999985903, "x2": -0.19999999999858176}, "datetime": {"datetime": "2020-10-16 16:33:59", "elapsed": 1.619697, "delta": 0.044391}}
{"target": -24.89966011249777, "params": {"x1": -0.7999999999985903, "x2": -0.19999999999858176}, "datetime": {"datetime": "2020-10-16 16:33:59", "elapsed": 1.689998, "delta": 0.070301}}
{"target": -24.89966011249777, "params": {"x1": -0.7999999999985903, "x2": -0.19999999999858176}, "datetime": {"datetime": "2020-10-16 16:33:59", "elapsed": 1.794145, "delta": 0.104147}}
{"target": -96.70033988739678, "params": {"x1": 7.600000000001529, "x2": -7.399999999998684}, "datetime": {"datetime": "2020-10-16 16:33:59", "elapsed": 1.838966, "delta": 0.044821}}
{"target": -64.25016994372211, "params": {"x1": 6.600000000001515, "x2": 3.0000000000014637}, "datetime": {"datetime": "2020-10-16 16:33:59", "elapsed": 1.885612, "delta": 0.046646}}
{"target": -130.49966011246693, "params": {"x1": -8.799999999998704, "x2": -2.19999999999861}, "datetime": {"datetime": "2020-10-16 16:33:59", "elapsed": 1.933216, "delta": 0.047604}}
{"target": -34.99999999996519, "params": {"x1": -0.5999999999985874, "x2": -0.19999999999858176}, "datetime": {"datetime": "2020-10-16 16:33:59", "elapsed": 1.996518, "delta": 0.063302}}
{"target": -24.89966011249777, "params": {"x1": -0.7999999999985903, "x2": -0.19999999999858176}, "datetime": {"datetime": "2020-10-16 16:33:59", "elapsed": 2.087089, "delta": 0.090571}}
{"target": -24.89966011249777, "params": {"x1": -0.7999999999985903, "x2": -0.19999999999858176}, "datetime": {"datetime": "2020-10-16 16:33:59", "elapsed": 2.17442, "delta": 0.087331}}
{"target": -151.2501699436889, "params": {"x1": -8.399999999998698, "x2": 3.0000000000014637}, "datetime": {"datetime": "2020-10-16 16:33:59", "elapsed": 2.221265, "delta": 0.046845}}
{"target": -56.05016994382401, "params": {"x1": 8.000000000001535, "x2": -0.5999999999985874}, "datetime": {"datetime": "2020-10-16 16:33:59", "elapsed": 2.270165, "delta": 0.0489}}
{"target": -24.89966011249777, "params": {"x1": -0.7999999999985903, "x2": -0.19999999999858176}, "datetime": {"datetime": "2020-10-16 16:34:00", "elapsed": 2.40857, "delta": 0.138405}}
{"target": -181.99999999983055, "params": {"x1": -9.399999999998712, "x2": -7.199999999998681}, "datetime": {"datetime": "2020-10-16 16:34:00", "elapsed": 2.456672, "delta": 0.048102}}
{"target": -24.89966011249777, "params": {"x1": -0.7999999999985903, "x2": -0.19999999999858176}, "datetime": {"datetime": "2020-10-16 16:34:00", "elapsed": 2.507239, "delta": 0.050567}}
{"target": -133.79999999989673, "params": {"x1": 7.600000000001529, "x2": 6.800000000001518}, "datetime": {"datetime": "2020-10-16 16:34:00", "elapsed": 2.556025, "delta": 0.048786}}
{"target": -24.89966011249777, "params": {"x1": -0.7999999999985903, "x2": -0.19999999999858176}, "datetime": {"datetime": "2020-10-16 16:34:00", "elapsed": 2.705053, "delta": 0.149028}}
{"target": -148.40000000000413, "params": {"x1": -8.799999999998704, "x2": 0.6000000000014296}, "datetime": {"datetime": "2020-10-16 16:34:00", "elapsed": 2.75681, "delta": 0.051757}}
{"target": -24.89966011249777, "params": {"x1": -0.7999999999985903, "x2": -0.19999999999858176}, "datetime": {"datetime": "2020-10-16 16:34:00", "elapsed": 3.099477, "delta": 0.342667}}
{"target": -24.89966011249777, "params": {"x1": -0.7999999999985903, "x2": -0.19999999999858176}, "datetime": {"datetime": "2020-10-16 16:34:00", "elapsed": 3.326646, "delta": 0.227169}}
{"target": -24.89966011249777, "params": {"x1": -0.7999999999985903, "x2": -0.19999999999858176}, "datetime": {"datetime": "2020-10-16 16:34:01", "elapsed": 3.578351, "delta": 0.251705}}
{"target": -24.89966011249777, "params": {"x1": -0.7999999999985903, "x2": -0.19999999999858176}, "datetime": {"datetime": "2020-10-16 16:34:01", "elapsed": 3.837495, "delta": 0.259144}}
{"target": -24.89966011249777, "params": {"x1": -0.7999999999985903, "x2": -0.19999999999858176}, "datetime": {"datetime": "2020-10-16 16:34:01", "elapsed": 4.068933, "delta": 0.231438}}
{"target": -24.89966011249777, "params": {"x1": -0.7999999999985903, "x2": -0.19999999999858176}, "datetime": {"datetime": "2020-10-16 16:34:01", "elapsed": 4.238061, "delta": 0.169128}}
{"target": -24.89966011249777, "params": {"x1": -0.7999999999985903, "x2": -0.19999999999858176}, "datetime": {"datetime": "2020-10-16 16:34:02", "elapsed": 4.414573, "delta": 0.176512}}
{"target": -24.89966011249777, "params": {"x1": -0.7999999999985903, "x2": -0.19999999999858176}, "datetime": {"datetime": "2020-10-16 16:34:02", "elapsed": 4.625687, "delta": 0.211114}}
{"target": -24.89966011249777, "params": {"x1": -0.7999999999985903, "x2": -0.19999999999858176}, "datetime": {"datetime": "2020-10-16 16:34:02", "elapsed": 4.81725, "delta": 0.191563}}
{"target": -24.89966011249777, "params": {"x1": -0.7999999999985903, "x2": -0.19999999999858176}, "datetime": {"datetime": "2020-10-16 16:34:02", "elapsed": 5.005077, "delta": 0.187827}}
{"target": -24.89966011249777, "params": {"x1": -0.7999999999985903, "x2": -0.19999999999858176}, "datetime": {"datetime": "2020-10-16 16:34:02", "elapsed": 5.211928, "delta": 0.206851}}
{"target": -24.89966011249777, "params": {"x1": -0.7999999999985903, "x2": -0.19999999999858176}, "datetime": {"datetime": "2020-10-16 16:34:03", "elapsed": 5.425917, "delta": 0.213989}}
{"target": -19.14983005616245, "params": {"x1": -0.9999999999985931, "x2": -0.19999999999858176}, "datetime": {"datetime": "2020-10-16 16:34:03", "elapsed": 5.595789, "delta": 0.169872}}
{"target": -19.14983005616245, "params": {"x1": -0.9999999999985931, "x2": -0.19999999999858176}, "datetime": {"datetime": "2020-10-16 16:34:03", "elapsed": 5.923661, "delta": 0.327872}}
{"target": -19.14983005616245, "params": {"x1": -0.9999999999985931, "x2": -0.19999999999858176}, "datetime": {"datetime": "2020-10-16 16:34:03", "elapsed": 6.224332, "delta": 0.300671}}
{"target": -19.14983005616245, "params": {"x1": -0.9999999999985931, "x2": -0.19999999999858176}, "datetime": {"datetime": "2020-10-16 16:34:04", "elapsed": 6.457617, "delta": 0.233285}}
{"target": -19.14983005616245, "params": {"x1": -0.9999999999985931, "x2": -0.19999999999858176}, "datetime": {"datetime": "2020-10-16 16:34:04", "elapsed": 6.731155, "delta": 0.273538}}
{"target": -19.14983005616245, "params": {"x1": -0.9999999999985931, "x2": -0.19999999999858176}, "datetime": {"datetime": "2020-10-16 16:34:04", "elapsed": 6.922518, "delta": 0.191363}}
{"target": -19.14983005616245, "params": {"x1": -0.9999999999985931, "x2": -0.19999999999858176}, "datetime": {"datetime": "2020-10-16 16:34:04", "elapsed": 7.207517, "delta": 0.284999}}
