{"target": -7.386233773532355, "params": {"x1": -0.8080124856786277, "x2": 1.3570341866838191, "x3": 0.8260992771205764, "x4": -2.824782842544238, "x5": -1.5354583337045966}, "datetime": {"datetime": "2020-10-18 15:04:24", "elapsed": 20.844519, "delta": 0.115511}}
{"target": -9.194180313850351, "params": {"x1": -0.4975134131583978, "x2": 3.593087385801823, "x3": 0.43928056961135553, "x4": -1.793223677349097, "x5": -2.5355134601569027}, "datetime": {"datetime": "2020-10-18 15:04:24", "elapsed": 20.97139, "delta": 0.126871}}
{"target": -8.041346283864582, "params": {"x1": -2.0514313748498196, "x2": -2.1066908805821036, "x3": 0.8197159474197413, "x4": -3.1841336696096576, "x5": 1.7034023213113123}, "datetime": {"datetime": "2020-10-18 15:04:24", "elapsed": 21.160475, "delta": 0.189085}}
{"target": -3.7170591950793614, "params": {"x1": -1.1468601872376158, "x2": -0.01547220592676983, "x3": -0.25779502207428706, "x4": -0.25710864267007155, "x5": 0.7867880063297423}, "datetime": {"datetime": "2020-10-18 15:04:24", "elapsed": 21.347032, "delta": 0.186557}}
{"target": -4.306664844300059, "params": {"x1": -1.3586140469840016, "x2": -0.22072172564132783, "x3": -0.17966059474491308, "x4": 0.23554440005678368, "x5": 0.9388120966196788}, "datetime": {"datetime": "2020-10-18 15:04:25", "elapsed": 21.58741, "delta": 0.240378}}
{"target": -5.625450452859585, "params": {"x1": -0.1332208967557733, "x2": -1.0859871923304034, "x3": -0.2212404830372776, "x4": 0.36853217736619115, "x5": 2.276379777745653}, "datetime": {"datetime": "2020-10-18 15:04:25", "elapsed": 21.729507, "delta": 0.142097}}
{"target": -8.411707536733537, "params": {"x1": -1.9791631702142531, "x2": -0.472502014968164, "x3": -3.8993674906038365, "x4": 1.3085211384243394, "x5": -0.7638303030082518}, "datetime": {"datetime": "2020-10-18 15:04:25", "elapsed": 21.853871, "delta": 0.124364}}
{"target": -9.830996380650245, "params": {"x1": -3.3136920511580783, "x2": 1.5287709935499691, "x3": -0.6813638457460947, "x4": 4.267781838119042, "x5": -0.04359606647904357}, "datetime": {"datetime": "2020-10-18 15:04:25", "elapsed": 22.015151, "delta": 0.16128}}
{"target": -8.14063374966079, "params": {"x1": -0.9616550015837078, "x2": 0.4388597695765917, "x3": -0.6294462143674551, "x4": -1.3105795546196397, "x5": 3.9080743781292924}, "datetime": {"datetime": "2020-10-18 15:04:25", "elapsed": 22.134696, "delta": 0.119545}}
{"target": -3.403934352502489, "params": {"x1": -0.6066738532013791, "x2": -0.09796218799611485, "x3": -0.10313954461894562, "x4": -0.10177101847327978, "x5": 1.16007318416896}, "datetime": {"datetime": "2020-10-18 15:04:25", "elapsed": 22.316448, "delta": 0.181752}}
{"target": -7.319207782793155, "params": {"x1": 0.0880849781137627, "x2": -1.549198153240713, "x3": -0.07552749441948592, "x4": 0.45359541889782307, "x5": -3.259228353691693}, "datetime": {"datetime": "2020-10-18 15:04:26", "elapsed": 22.464761, "delta": 0.148313}}
{"target": -8.14693006834024, "params": {"x1": 0.7948307832107631, "x2": 1.1142545102758348, "x3": -1.8327122446002804, "x4": -1.7929639291389563, "x5": -3.812176275513206}, "datetime": {"datetime": "2020-10-18 15:04:26", "elapsed": 22.604992, "delta": 0.140231}}
{"target": -6.192259724122746, "params": {"x1": -1.1040407662088043, "x2": -0.6462587592833913, "x3": -1.4871450009794493, "x4": 1.5060990012793596, "x5": -0.5142710696441277}, "datetime": {"datetime": "2020-10-18 15:04:26", "elapsed": 22.744332, "delta": 0.13934}}
{"target": -6.761779983143054, "params": {"x1": 1.7083602219318976, "x2": -2.091804891167719, "x3": 0.22958437530847675, "x4": 1.992165773154948, "x5": 1.231660718601848}, "datetime": {"datetime": "2020-10-18 15:04:26", "elapsed": 22.884915, "delta": 0.140583}}
