{"target": -19.350307691414827, "params": {"x1": -3.319119811897039, "x2": 8.812979737686323, "x3": -19.995425007306203, "x4": -7.906697094726409, "x5": -14.129764367315477}, "datetime": {"datetime": "2020-10-18 15:04:03", "elapsed": 0.0, "delta": 0.0}}
{"target": -20.3906547135056, "params": {"x1": 11.216924346258786, "x2": 17.94747129655037, "x3": -10.637343396007473, "x4": 17.31430799096924, "x5": -9.786758740935277}, "datetime": {"datetime": "2020-10-18 15:04:03", "elapsed": 0.024914, "delta": 0.024914}}
{"target": -19.4194995196994, "params": {"x1": 1.2953569825113789, "x2": 11.151400325367899, "x3": -19.071785188331972, "x4": -8.871249693408707, "x5": -16.044292517634297}, "datetime": {"datetime": "2020-10-18 15:04:03", "elapsed": 0.061657, "delta": 0.036743}}
{"target": -19.633687222225316, "params": {"x1": -20.0, "x2": -20.0, "x3": 20.0, "x4": -20.0, "x5": 20.0}, "datetime": {"datetime": "2020-10-18 15:04:03", "elapsed": 0.211024, "delta": 0.149367}}
{"target": -19.633687222225316, "params": {"x1": 20.0, "x2": -20.0, "x3": -20.0, "x4": -20.0, "x5": 20.0}, "datetime": {"datetime": "2020-10-18 15:04:03", "elapsed": 0.427856, "delta": 0.216832}}
{"target": -19.633687222225316, "params": {"x1": -20.0, "x2": -20.0, "x3": -20.0, "x4": -20.0, "x5": -20.0}, "datetime": {"datetime": "2020-10-18 15:04:04", "elapsed": 0.719671, "delta": 0.291815}}
{"target": -19.633687222225316, "params": {"x1": -20.0, "x2": 20.0, "x3": -20.0, "x4": -20.0, "x5": 20.0}, "datetime": {"datetime": "2020-10-18 15:04:04", "elapsed": 0.957183, "delta": 0.237512}}
{"target": -19.633687222225316, "params": {"x1": -20.0, "x2": 20.0, "x3": 20.0, "x4": -20.0, "x5": -20.0}, "datetime": {"datetime": "2020-10-18 15:04:04", "elapsed": 1.214949, "delta": 0.257766}}
{"target": -19.633687222225316, "params": {"x1": 20.0, "x2": -20.0, "x3": 20.0, "x4": -20.0, "x5": -20.0}, "datetime": {"datetime": "2020-10-18 15:04:05", "elapsed": 1.44905, "delta": 0.234101}}
{"target": -19.633687222225316, "params": {"x1": -20.0, "x2": -20.0, "x3": -20.0, "x4": 20.0, "x5": 20.0}, "datetime": {"datetime": "2020-10-18 15:04:05", "elapsed": 1.749654, "delta": 0.300604}}
{"target": -19.633687222225316, "params": {"x1": -20.0, "x2": -20.0, "x3": 20.0, "x4": 20.0, "x5": -20.0}, "datetime": {"datetime": "2020-10-18 15:04:05", "elapsed": 2.037333, "delta": 0.287679}}
{"target": -19.633687222225316, "params": {"x1": -20.0, "x2": 20.0, "x3": -20.0, "x4": -20.0, "x5": -20.0}, "datetime": {"datetime": "2020-10-18 15:04:05", "elapsed": 2.311781, "delta": 0.274448}}
{"target": -19.633687222225316, "params": {"x1": 20.0, "x2": 20.0, "x3": 20.0, "x4": -20.0, "x5": 20.0}, "datetime": {"datetime": "2020-10-18 15:04:06", "elapsed": 2.611117, "delta": 0.299336}}
{"target": -19.633687222225316, "params": {"x1": 20.0, "x2": -20.0, "x3": 20.0, "x4": 20.0, "x5": 20.0}, "datetime": {"datetime": "2020-10-18 15:04:06", "elapsed": 2.844761, "delta": 0.233644}}
{"target": -19.204836246223845, "params": {"x1": 2.060109002417679, "x2": 12.873052959861432, "x3": -18.012646588191142, "x4": -9.017356008096744, "x5": -14.330690861928845}, "datetime": {"datetime": "2020-10-18 15:04:06", "elapsed": 2.887462, "delta": 0.042701}}
{"target": -19.720788044838322, "params": {"x1": 13.93721162092138, "x2": 20.0, "x3": -20.0, "x4": -20.0, "x5": 6.203951415313321}, "datetime": {"datetime": "2020-10-18 15:04:06", "elapsed": 3.214394, "delta": 0.326932}}
{"target": -16.877087044848803, "params": {"x1": -5.576295899746583, "x2": 6.840005397643541, "x3": 1.7631666771443661, "x4": -12.728366455544744, "x5": 0.7199221527324022}, "datetime": {"datetime": "2020-10-18 15:04:07", "elapsed": 3.460565, "delta": 0.246171}}
{"target": -16.611606184215137, "params": {"x1": -11.079600963494654, "x2": 6.636126566563409, "x3": 3.638757719054206, "x4": -5.741924234419974, "x5": 4.202121989065419}, "datetime": {"datetime": "2020-10-18 15:04:07", "elapsed": 4.003992, "delta": 0.543427}}
{"target": -15.861197985016176, "params": {"x1": -4.6390603911048265, "x2": 4.9783636753509315, "x3": 11.045359424464342, "x4": -5.9613963147392885, "x5": 3.3100673917983965}, "datetime": {"datetime": "2020-10-18 15:04:08", "elapsed": 4.509887, "delta": 0.505895}}
{"target": -17.9685395507275, "params": {"x1": -5.977744595621528, "x2": 11.826446168802795, "x3": 12.720809812550186, "x4": -7.8234010348071665, "x5": 5.888506300140108}, "datetime": {"datetime": "2020-10-18 15:04:08", "elapsed": 5.022499, "delta": 0.512612}}
{"target": -13.414874168853517, "params": {"x1": -5.099949912768022, "x2": 0.15277141100410746, "x3": 6.838460281453973, "x4": -5.554293698320356, "x5": 1.1893340653213196}, "datetime": {"datetime": "2020-10-18 15:04:08", "elapsed": 5.371041, "delta": 0.348542}}
{"target": -13.455623634906228, "params": {"x1": -4.629216691789178, "x2": -2.067813352528876, "x3": 5.544496251109928, "x4": -6.074521950928439, "x5": 2.8295898465748217}, "datetime": {"datetime": "2020-10-18 15:04:09", "elapsed": 6.332224, "delta": 0.961183}}
{"target": -14.008293953505127, "params": {"x1": -5.770625058803108, "x2": -3.237088969140972, "x3": 6.8903052648097365, "x4": -5.1857631903066475, "x5": -0.3688419937150613}, "datetime": {"datetime": "2020-10-18 15:04:10", "elapsed": 6.912521, "delta": 0.580297}}
{"target": -11.086699012970962, "params": {"x1": -2.8552958429569313, "x2": -0.47430382626723244, "x3": 4.796268486736023, "x4": -3.7061034605014527, "x5": 1.384439330175562}, "datetime": {"datetime": "2020-10-18 15:04:10", "elapsed": 7.332351, "delta": 0.41983}}
{"target": -9.521874521635613, "params": {"x1": -2.166463016527901, "x2": -0.6216213931637209, "x3": 4.361901381874209, "x4": -1.8085735838907147, "x5": 1.300871628870953}, "datetime": {"datetime": "2020-10-18 15:04:11", "elapsed": 7.849499, "delta": 0.517148}}
{"target": -9.297934587300963, "params": {"x1": -2.2781103863346086, "x2": -0.8524652743413653, "x3": 4.605801389180935, "x4": -0.019337389930624158, "x5": 1.7970772940884465}, "datetime": {"datetime": "2020-10-18 15:04:11", "elapsed": 8.4016, "delta": 0.552101}}
{"target": -7.27090204984937, "params": {"x1": -0.8976968636129797, "x2": -0.7043766409644604, "x3": 3.8172796054390625, "x4": -0.1815218679145315, "x5": 0.9721394788593558}, "datetime": {"datetime": "2020-10-18 15:04:12", "elapsed": 9.010049, "delta": 0.608449}}
{"target": -7.645047077678678, "params": {"x1": 0.28429074725839265, "x2": -0.8457223056001475, "x3": 3.6849635774994387, "x4": 0.18935933377575404, "x5": 0.5070993022342482}, "datetime": {"datetime": "2020-10-18 15:04:13", "elapsed": 9.53689, "delta": 0.526841}}
{"target": -6.430721952242713, "params": {"x1": -0.7479190150696732, "x2": -0.3866356878217997, "x3": 2.9262265078796506, "x4": 0.14190279334181943, "x5": 0.7684041447493529}, "datetime": {"datetime": "2020-10-18 15:04:13", "elapsed": 10.190166, "delta": 0.653276}}
{"target": -6.432751186086438, "params": {"x1": -0.5587419729645202, "x2": 0.1837295656146173, "x3": 2.4403869485378578, "x4": 0.1416460985780901, "x5": 1.3242290381253918}, "datetime": {"datetime": "2020-10-18 15:04:14", "elapsed": 11.036983, "delta": 0.846817}}
{"target": -5.311939513967907, "params": {"x1": -0.7683442042900644, "x2": -0.7220784333269157, "x3": 2.0465734576975896, "x4": 0.10344250630404454, "x5": 1.1746735675627045}, "datetime": {"datetime": "2020-10-18 15:04:15", "elapsed": 11.66259, "delta": 0.625607}}
{"target": -6.57137647217974, "params": {"x1": -0.6348427482528302, "x2": -1.5497824468817607, "x3": 1.6252774007215245, "x4": -0.09508446400297396, "x5": 1.6427062886360841}, "datetime": {"datetime": "2020-10-18 15:04:15", "elapsed": 12.236266, "delta": 0.573676}}
{"target": -5.772188594244948, "params": {"x1": -0.9346377317655191, "x2": -0.7524657680635257, "x3": 1.925468879985763, "x4": 0.5922163006096158, "x5": 1.2691778885235518}, "datetime": {"datetime": "2020-10-18 15:04:16", "elapsed": 12.480978, "delta": 0.244712}}
{"target": -5.196658325417896, "params": {"x1": -0.8946271421173285, "x2": -0.5910842323758324, "x3": 1.6663092813197098, "x4": -0.2326245685775264, "x5": 0.9139627279835907}, "datetime": {"datetime": "2020-10-18 15:04:16", "elapsed": 12.718874, "delta": 0.237896}}
{"target": -5.13713951941736, "params": {"x1": -0.4253290150508977, "x2": -0.6532229305618442, "x3": 1.6529789722595363, "x4": -0.061405083040807926, "x5": 0.7974114076400656}, "datetime": {"datetime": "2020-10-18 15:04:16", "elapsed": 12.973116, "delta": 0.254242}}
{"target": -5.198347870301806, "params": {"x1": -0.672644202114074, "x2": -0.9062778340244978, "x3": 1.8207924588868327, "x4": -0.1502882931938099, "x5": 0.627877607496453}, "datetime": {"datetime": "2020-10-18 15:04:16", "elapsed": 13.252299, "delta": 0.279183}}
{"target": -5.56198832113893, "params": {"x1": -0.45543847841361323, "x2": -0.6643057909128307, "x3": 1.8538250752446375, "x4": -0.45262677983519917, "x5": 0.874440112913937}, "datetime": {"datetime": "2020-10-18 15:04:17", "elapsed": 13.52325, "delta": 0.270951}}
{"target": -5.124983893344236, "params": {"x1": -0.7560777636497654, "x2": -0.6108522366276373, "x3": 1.4338243858293767, "x4": 0.22037795131709978, "x5": 0.5689368751035484}, "datetime": {"datetime": "2020-10-18 15:04:17", "elapsed": 13.668335, "delta": 0.145085}}
{"target": -4.9431001951376565, "params": {"x1": -0.7018968699971341, "x2": -0.8100400161062027, "x3": 1.4904953459233874, "x4": 0.10316597802429507, "x5": 0.8378875781748982}, "datetime": {"datetime": "2020-10-18 15:04:17", "elapsed": 13.895796, "delta": 0.227461}}
{"target": -4.407338925303417, "params": {"x1": -0.6757525532142727, "x2": -0.8672989318055496, "x3": 1.2273470208492598, "x4": 0.022477456917481767, "x5": 0.7401947376201087}, "datetime": {"datetime": "2020-10-18 15:04:17", "elapsed": 14.144317, "delta": 0.248521}}
{"target": -4.363841858663861, "params": {"x1": -0.5861842219031334, "x2": -1.0250576986517375, "x3": 0.5283609999838955, "x4": -0.26982432064887274, "x5": 0.4232859584259324}, "datetime": {"datetime": "2020-10-18 15:04:17", "elapsed": 14.278519, "delta": 0.134202}}
{"target": -9.73428043653142, "params": {"x1": 1.3267386589363568, "x2": -2.678304693644769, "x3": 5.094338387118764, "x4": -1.0419131577245224, "x5": 1.1114847253233542}, "datetime": {"datetime": "2020-10-18 15:04:17", "elapsed": 14.371434, "delta": 0.092915}}
{"target": -4.13768475291543, "params": {"x1": -0.6012328175110621, "x2": -0.7703958504413376, "x3": 0.7015065115914355, "x4": -0.10564890477211342, "x5": 0.7645968318393537}, "datetime": {"datetime": "2020-10-18 15:04:18", "elapsed": 14.502961, "delta": 0.131527}}
{"target": -8.463045283586961, "params": {"x1": -2.252563958670386, "x2": -1.9308970567909398, "x3": 3.264113254407622, "x4": -1.4306435777590387, "x5": 0.8934121643754445}, "datetime": {"datetime": "2020-10-18 15:04:18", "elapsed": 14.579646, "delta": 0.076685}}
{"target": -11.447011587907625, "params": {"x1": -1.4455091973698018, "x2": -2.3560714637715527, "x3": 4.521783785418524, "x4": -4.377897812176045, "x5": 1.1954567738320918}, "datetime": {"datetime": "2020-10-18 15:04:18", "elapsed": 14.687474, "delta": 0.107828}}
{"target": -4.121251580045996, "params": {"x1": -0.8879938357096625, "x2": -0.9639661609768164, "x3": 0.8210525589904005, "x4": -0.21596129912236475, "x5": 0.6136081443735749}, "datetime": {"datetime": "2020-10-18 15:04:18", "elapsed": 14.837239, "delta": 0.149765}}
{"target": -4.275058658400134, "params": {"x1": -0.6263825922044826, "x2": -1.085702789340008, "x3": 0.7713834352293747, "x4": 0.042742210189492154, "x5": 0.6042510216293697}, "datetime": {"datetime": "2020-10-18 15:04:18", "elapsed": 15.097542, "delta": 0.260303}}
{"target": -10.584058234496046, "params": {"x1": -0.7492249310356911, "x2": 2.129162249462805, "x3": 4.9324498677793045, "x4": 0.5643934950995835, "x5": 3.6416603822369282}, "datetime": {"datetime": "2020-10-18 15:04:18", "elapsed": 15.200931, "delta": 0.103389}}
{"target": -8.409712417895072, "params": {"x1": -2.904529262725898, "x2": -2.2423695989016394, "x3": 1.7893888924873202, "x4": -0.9824832910014649, "x5": -2.762938113036917}, "datetime": {"datetime": "2020-10-18 15:04:18", "elapsed": 15.293895, "delta": 0.092964}}
{"target": -4.3688307820766, "params": {"x1": -0.5709915237475659, "x2": -0.8668165886859314, "x3": 0.9168606677523928, "x4": -0.29645067217983156, "x5": 0.5329539312709239}, "datetime": {"datetime": "2020-10-18 15:04:19", "elapsed": 15.610247, "delta": 0.316352}}
{"target": -9.830953019301138, "params": {"x1": -4.449253028728712, "x2": -2.153253922283085, "x3": 1.1127057053052205, "x4": -0.4346657521769579, "x5": 2.3741289489316664}, "datetime": {"datetime": "2020-10-18 15:04:19", "elapsed": 15.707049, "delta": 0.096802}}
{"target": -6.044940550002529, "params": {"x1": -2.526876482415574, "x2": -0.6725451634284774, "x3": 0.28369845330807664, "x4": 0.2415869760372047, "x5": -0.030422473720726373}, "datetime": {"datetime": "2020-10-18 15:04:19", "elapsed": 15.814571, "delta": 0.107522}}
{"target": -4.114857167838867, "params": {"x1": -1.0882241104599402, "x2": -0.689385341892175, "x3": 0.35099689251606325, "x4": -0.004643035077894156, "x5": 0.4686714051027637}, "datetime": {"datetime": "2020-10-18 15:04:19", "elapsed": 16.081723, "delta": 0.267152}}
{"target": -8.09166976827484, "params": {"x1": -2.829810759613345, "x2": -1.1738305538292764, "x3": -0.7958546240851945, "x4": 1.3103491398334235, "x5": -2.5657587760704175}, "datetime": {"datetime": "2020-10-18 15:04:19", "elapsed": 16.178567, "delta": 0.096844}}
{"target": -9.948880389244252, "params": {"x1": -2.727713358092835, "x2": 0.3088002467185049, "x3": 0.4714062750790795, "x4": -1.758383269191519, "x5": -4.489627585239301}, "datetime": {"datetime": "2020-10-18 15:04:19", "elapsed": 16.315476, "delta": 0.136909}}
{"target": -10.101938670822364, "params": {"x1": -1.714042394270166, "x2": -0.9611122154448957, "x3": 4.75977678284238, "x4": 1.2129678175085772, "x5": 3.29544291915024}, "datetime": {"datetime": "2020-10-18 15:04:19", "elapsed": 16.416138, "delta": 0.100662}}
{"target": -4.053886148564072, "params": {"x1": -1.1230765660829802, "x2": -0.8334334704062187, "x3": 0.3721890155126799, "x4": -0.10186430718074639, "x5": 0.8384167164011601}, "datetime": {"datetime": "2020-10-18 15:04:20", "elapsed": 16.707406, "delta": 0.291268}}
{"target": -5.956155439727233, "params": {"x1": -0.9349756905790443, "x2": 1.9083397109921485, "x3": -0.8678704050469257, "x4": 1.5453553659723305, "x5": 1.171377090832614}, "datetime": {"datetime": "2020-10-18 15:04:20", "elapsed": 16.82219, "delta": 0.114784}}
{"target": -3.108225855954288, "params": {"x1": -1.0245076552357117, "x2": -0.1775375868973884, "x3": -0.005336558224623311, "x4": 0.22289016006573675, "x5": 0.9952720787545324}, "datetime": {"datetime": "2020-10-18 15:04:20", "elapsed": 17.052957, "delta": 0.230767}}
{"target": -7.807120357550687, "params": {"x1": -1.705072903944881, "x2": -0.11890101319238511, "x3": -2.6992840830183873, "x4": 1.4295719176518205, "x5": -1.5509438934949138}, "datetime": {"datetime": "2020-10-18 15:04:20", "elapsed": 17.160913, "delta": 0.107956}}
{"target": -5.832623173277312, "params": {"x1": 0.1897693107841114, "x2": 1.382112996934147, "x3": -1.8102645208868786, "x4": -0.04426886725958923, "x5": 1.331211860027416}, "datetime": {"datetime": "2020-10-18 15:04:20", "elapsed": 17.272569, "delta": 0.111656}}
{"target": -8.621610293347661, "params": {"x1": -1.5837425196113841, "x2": -3.892723295221529, "x3": -0.8520393031457694, "x4": -1.4550914141067786, "x5": 0.6490314105751906}, "datetime": {"datetime": "2020-10-18 15:04:20", "elapsed": 17.404559, "delta": 0.13199}}
{"target": -10.106991324109504, "params": {"x1": -1.6753305607425517, "x2": -1.9191667765786349, "x3": 1.4291946927639643, "x4": -0.8374701142225796, "x5": -5.2602766281008115}, "datetime": {"datetime": "2020-10-18 15:04:21", "elapsed": 17.530963, "delta": 0.126404}}
{"target": -4.4020555689002805, "params": {"x1": -0.9248368154901878, "x2": 0.3084050233621353, "x3": -0.7138107800594226, "x4": 0.3662394880666861, "x5": 1.0975579598715999}, "datetime": {"datetime": "2020-10-18 15:04:21", "elapsed": 17.666937, "delta": 0.135974}}
{"target": -10.429086265045937, "params": {"x1": -3.3705874915673526, "x2": -4.662054233904209, "x3": 0.6541602324541564, "x4": 0.3209492457448526, "x5": 1.382059279165496}, "datetime": {"datetime": "2020-10-18 15:04:21", "elapsed": 17.783685, "delta": 0.116748}}
{"target": -4.536599022323461, "params": {"x1": -1.1283877977694732, "x2": 0.1617525393247619, "x3": 0.2329342477576232, "x4": 0.33065465777445474, "x5": 1.2972886106603823}, "datetime": {"datetime": "2020-10-18 15:04:21", "elapsed": 17.985517, "delta": 0.201832}}
{"target": -8.698470089769964, "params": {"x1": -4.1045698396952, "x2": -1.0660864406046322, "x3": 0.774302293746576, "x4": -0.2200259746313371, "x5": -2.584538548453736}, "datetime": {"datetime": "2020-10-18 15:04:21", "elapsed": 18.117596, "delta": 0.132079}}
{"target": -8.914706495997917, "params": {"x1": 0.41131509900147734, "x2": -0.4287211680393668, "x3": 4.33343395714256, "x4": 1.43122004950051, "x5": -0.21122505832277838}, "datetime": {"datetime": "2020-10-18 15:04:21", "elapsed": 18.233323, "delta": 0.115727}}
{"target": -6.1704244240113155, "params": {"x1": -1.5890961817879514, "x2": -0.28547772378212244, "x3": 0.5107018870103204, "x4": -0.5449953156584932, "x5": -1.7413169822793186}, "datetime": {"datetime": "2020-10-18 15:04:21", "elapsed": 18.374245, "delta": 0.140922}}
{"target": -10.950365560714898, "params": {"x1": -2.902214838095425, "x2": -0.3262145896125759, "x3": -2.0106599532476856, "x4": 5.656046047646761, "x5": -2.849582341856653}, "datetime": {"datetime": "2020-10-18 15:04:22", "elapsed": 18.512065, "delta": 0.13782}}
{"target": -8.35947790075197, "params": {"x1": -0.957709752842824, "x2": -3.925493811684454, "x3": 0.7591314281803747, "x4": -2.3446056681254213, "x5": -0.2749969702224533}, "datetime": {"datetime": "2020-10-18 15:04:22", "elapsed": 18.628013, "delta": 0.115948}}
{"target": -8.507473221265279, "params": {"x1": -4.529248281980376, "x2": 0.0005261908018603378, "x3": -0.3295676725925887, "x4": 0.1654533415431345, "x5": 0.7061285033455889}, "datetime": {"datetime": "2020-10-18 15:04:22", "elapsed": 18.729412, "delta": 0.101399}}
{"target": -5.3426641665872125, "params": {"x1": 0.8334614684382267, "x2": 0.31964610543857574, "x3": -0.5365748683640668, "x4": 0.02259880947677928, "x5": -2.1174507806216454}, "datetime": {"datetime": "2020-10-18 15:04:22", "elapsed": 18.845903, "delta": 0.116491}}
{"target": -8.969809539738362, "params": {"x1": -0.9846833243118454, "x2": 4.3766558576570525, "x3": 0.459325530978667, "x4": -1.8964687039770958, "x5": 0.42119103984418516}, "datetime": {"datetime": "2020-10-18 15:04:22", "elapsed": 18.982674, "delta": 0.136771}}
{"target": -5.880074205210807, "params": {"x1": -1.9818079791229835, "x2": -0.28379855295497336, "x3": 1.408636821397625, "x4": -0.35450416447628896, "x5": 0.9248770697881206}, "datetime": {"datetime": "2020-10-18 15:04:22", "elapsed": 19.15491, "delta": 0.172236}}
{"target": -8.97391792717857, "params": {"x1": 3.7060073529050896, "x2": 2.3340560086913875, "x3": -1.2718360326540257, "x4": -0.7508153894322902, "x5": 1.34842312480016}, "datetime": {"datetime": "2020-10-18 15:04:22", "elapsed": 19.284201, "delta": 0.129291}}
{"target": -8.872991652937108, "params": {"x1": -2.528384310352699, "x2": 2.6672511432614314, "x3": -0.07968028531900373, "x4": 1.8009962544735956, "x5": -2.8123220461517704}, "datetime": {"datetime": "2020-10-18 15:04:22", "elapsed": 19.390367, "delta": 0.106166}}
{"target": -7.279205804549171, "params": {"x1": -2.2827976832560424, "x2": 0.7996890677841471, "x3": 1.3044450479488, "x4": -1.0139110486234415, "x5": -2.2951946593833057}, "datetime": {"datetime": "2020-10-18 15:04:23", "elapsed": 19.539226, "delta": 0.148859}}
{"target": -9.775423571851457, "params": {"x1": -2.302995129194617, "x2": 3.026277522614315, "x3": 2.183068503493214, "x4": 3.255653203669855, "x5": -2.8905979047827373}, "datetime": {"datetime": "2020-10-18 15:04:23", "elapsed": 19.683525, "delta": 0.144299}}
{"target": -9.347668338961753, "params": {"x1": 2.213431636540694, "x2": -0.3994572508502685, "x3": -3.561071741224371, "x4": 2.622854546882664, "x5": -0.3777714977396087}, "datetime": {"datetime": "2020-10-18 15:04:23", "elapsed": 19.805263, "delta": 0.121738}}
{"target": -9.70444559975193, "params": {"x1": -2.738666684083853, "x2": -4.104962927130696, "x3": -1.989009165587543, "x4": 2.667134479094617, "x5": -0.7783165874409903}, "datetime": {"datetime": "2020-10-18 15:04:23", "elapsed": 19.948527, "delta": 0.143264}}
{"target": -6.601968828951286, "params": {"x1": -2.897767487896367, "x2": 0.11252562611645445, "x3": -0.15095436570687326, "x4": 1.1623795865308395, "x5": 2.1660979881362366}, "datetime": {"datetime": "2020-10-18 15:04:23", "elapsed": 20.120984, "delta": 0.172457}}
{"target": -8.492997034401522, "params": {"x1": -1.4262954655355955, "x2": -2.8950966333087713, "x3": -2.447303211099463, "x4": -0.8995047311103832, "x5": -2.158431730953666}, "datetime": {"datetime": "2020-10-18 15:04:23", "elapsed": 20.227033, "delta": 0.106049}}
{"target": -4.170278982744982, "params": {"x1": -0.7402992301296305, "x2": -0.38571045604610615, "x3": -0.2966610076174012, "x4": 0.4456358307519784, "x5": 0.8249620670915455}, "datetime": {"datetime": "2020-10-18 15:04:24", "elapsed": 20.480546, "delta": 0.253513}}
{"target": -10.665141938988336, "params": {"x1": 1.2643001158342706, "x2": 3.0841715522889146, "x3": -3.246513943819913, "x4": 0.5140378192987001, "x5": 4.4179610156677}, "datetime": {"datetime": "2020-10-18 15:04:24", "elapsed": 20.597273, "delta": 0.116727}}
{"target": -7.541008060380088, "params": {"x1": -3.2638418495584958, "x2": 2.1717374188163383, "x3": -1.9775911781143307, "x4": 0.1485936906675569, "x5": 0.14344881839895862}, "datetime": {"datetime": "2020-10-18 15:04:24", "elapsed": 20.729008, "delta": 0.131735}}
