{"target": 0.9920949861426052, "params": {"x1": 0.0, "x2": 0.0}, "datetime": {"datetime": "2020-10-16 17:11:06", "elapsed": 0.0, "delta": 0.0}}
{"target": 0.9920949861426052, "params": {"x1": 0.0, "x2": 0.0}, "datetime": {"datetime": "2020-10-16 17:11:06", "elapsed": 0.01823, "delta": 0.01823}}
{"target": 0.9920949861426052, "params": {"x1": 0.0, "x2": 0.0}, "datetime": {"datetime": "2020-10-16 17:11:06", "elapsed": 0.05361, "delta": 0.03538}}
{"target": 0.9920949861426052, "params": {"x1": 0.0, "x2": 0.0}, "datetime": {"datetime": "2020-10-16 17:11:06", "elapsed": 0.103227, "delta": 0.049617}}
{"target": 0.9920949861426052, "params": {"x1": 0.0, "x2": 0.0}, "datetime": {"datetime": "2020-10-16 17:11:06", "elapsed": 0.142579, "delta": 0.039352}}
{"target": 0.9920949861426052, "params": {"x1": 0.0, "x2": 0.0}, "datetime": {"datetime": "2020-10-16 17:11:06", "elapsed": 0.189749, "delta": 0.04717}}
{"target": 0.9920949861426052, "params": {"x1": 0.0, "x2": 0.0}, "datetime": {"datetime": "2020-10-16 17:11:06", "elapsed": 0.228894, "delta": 0.039145}}
{"target": 0.9920949861426052, "params": {"x1": 0.0, "x2": 0.0}, "datetime": {"datetime": "2020-10-16 17:11:06", "elapsed": 0.270047, "delta": 0.041153}}
{"target": 0.9920949861426052, "params": {"x1": 0.0, "x2": 0.0}, "datetime": {"datetime": "2020-10-16 17:11:06", "elapsed": 0.307872, "delta": 0.037825}}
{"target": 0.9920949861426052, "params": {"x1": 0.0, "x2": 0.0}, "datetime": {"datetime": "2020-10-16 17:11:06", "elapsed": 0.375228, "delta": 0.067356}}
{"target": 0.9350913343729115, "params": {"x1": 8.0, "x2": -8.0}, "datetime": {"datetime": "2020-10-16 17:11:06", "elapsed": 0.448032, "delta": 0.072804}}
{"target": 0.23153895017103304, "params": {"x1": 8.0, "x2": 8.0}, "datetime": {"datetime": "2020-10-16 17:11:07", "elapsed": 0.759754, "delta": 0.311722}}
{"target": 0.22169540361093387, "params": {"x1": -12.0, "x2": -12.0}, "datetime": {"datetime": "2020-10-16 17:11:07", "elapsed": 0.956737, "delta": 0.196983}}
{"target": 0.22169540361093387, "params": {"x1": -12.0, "x2": 8.0}, "datetime": {"datetime": "2020-10-16 17:11:07", "elapsed": 1.114568, "delta": 0.157831}}
{"target": 0.6811470185047845, "params": {"x1": 8.0, "x2": 0.0}, "datetime": {"datetime": "2020-10-16 17:11:07", "elapsed": 1.143493, "delta": 0.028925}}
{"target": 0.6811470185047845, "params": {"x1": 0.0, "x2": -8.0}, "datetime": {"datetime": "2020-10-16 17:11:07", "elapsed": 1.391587, "delta": 0.248094}}
{"target": 0.9920949861426052, "params": {"x1": 0.0, "x2": 0.0}, "datetime": {"datetime": "2020-10-16 17:11:07", "elapsed": 1.423556, "delta": 0.031969}}
{"target": 0.9920949861426052, "params": {"x1": 0.0, "x2": 0.0}, "datetime": {"datetime": "2020-10-16 17:11:07", "elapsed": 1.460972, "delta": 0.037416}}
{"target": 0.9920949861426052, "params": {"x1": 0.0, "x2": 0.0}, "datetime": {"datetime": "2020-10-16 17:11:07", "elapsed": 1.632772, "delta": 0.1718}}
{"target": 0.6811470185047845, "params": {"x1": 0.0, "x2": 4.0}, "datetime": {"datetime": "2020-10-16 17:11:08", "elapsed": 1.774622, "delta": 0.14185}}
{"target": 0.7013172210772751, "params": {"x1": -8.0, "x2": -2.0}, "datetime": {"datetime": "2020-10-16 17:11:08", "elapsed": 2.019698, "delta": 0.245076}}
{"target": 0.9694729884021394, "params": {"x1": 6.0, "x2": 2.0}, "datetime": {"datetime": "2020-10-16 17:11:08", "elapsed": 2.054355, "delta": 0.034657}}
{"target": 0.892963130627232, "params": {"x1": 10.0, "x2": -10.0}, "datetime": {"datetime": "2020-10-16 17:11:08", "elapsed": 2.270911, "delta": 0.216556}}
{"target": 0.42782850976144554, "params": {"x1": 4.0, "x2": -2.0}, "datetime": {"datetime": "2020-10-16 17:11:08", "elapsed": 2.60347, "delta": 0.332559}}
{"target": 0.24217714594595174, "params": {"x1": -4.0, "x2": 10.0}, "datetime": {"datetime": "2020-10-16 17:11:09", "elapsed": 2.821137, "delta": 0.217667}}
{"target": 0.8569015602541072, "params": {"x1": 4.0, "x2": -10.0}, "datetime": {"datetime": "2020-10-16 17:11:09", "elapsed": 3.114787, "delta": 0.29365}}
{"target": 0.892963130627232, "params": {"x1": -6.0, "x2": -10.0}, "datetime": {"datetime": "2020-10-16 17:11:09", "elapsed": 3.404864, "delta": 0.290077}}
{"target": 0.6811470185047845, "params": {"x1": -4.0, "x2": -4.0}, "datetime": {"datetime": "2020-10-16 17:11:09", "elapsed": 3.670368, "delta": 0.265504}}
{"target": 0.4226549857291307, "params": {"x1": -6.0, "x2": 2.0}, "datetime": {"datetime": "2020-10-16 17:11:10", "elapsed": 3.911722, "delta": 0.241354}}
{"target": 0.485214491702156, "params": {"x1": -10.0, "x2": -6.0}, "datetime": {"datetime": "2020-10-16 17:11:10", "elapsed": 4.21537, "delta": 0.303648}}
{"target": 0.1795134870789415, "params": {"x1": 10.000000000001563, "x2": 3.6000000000014722}, "datetime": {"datetime": "2020-10-16 17:11:10", "elapsed": 4.528531, "delta": 0.313161}}
{"target": 0.2438839447402011, "params": {"x1": 2.800000000001461, "x2": 10.000000000001563}, "datetime": {"datetime": "2020-10-16 17:11:11", "elapsed": 4.832446, "delta": 0.303915}}
{"target": 0.8297513633166161, "params": {"x1": 10.000000000001563, "x2": -5.199999999998653}, "datetime": {"datetime": "2020-10-16 17:11:11", "elapsed": 5.133723, "delta": 0.301277}}
{"target": 0.42265498573698734, "params": {"x1": -1.9999999999986073, "x2": -9.999999999998721}, "datetime": {"datetime": "2020-10-16 17:11:11", "elapsed": 5.349681, "delta": 0.215958}}
{"target": 0.8379018914149544, "params": {"x1": 3.2000000000014666, "x2": 2.800000000001461}, "datetime": {"datetime": "2020-10-16 17:11:11", "elapsed": 5.595819, "delta": 0.246138}}
{"target": 0.16791641762813103, "params": {"x1": -9.999999999998721, "x2": 1.2000000000014381}, "datetime": {"datetime": "2020-10-16 17:11:12", "elapsed": 5.873042, "delta": 0.277223}}
{"target": 0.8664113317671522, "params": {"x1": -2.399999999998613, "x2": 1.4210854715202004e-12}, "datetime": {"datetime": "2020-10-16 17:11:12", "elapsed": 6.111067, "delta": 0.238025}}
{"target": 0.9111484067994864, "params": {"x1": 6.800000000001518, "x2": -9.999999999998721}, "datetime": {"datetime": "2020-10-16 17:11:12", "elapsed": 6.441597, "delta": 0.33053}}
{"target": 0.7499151935058824, "params": {"x1": -6.39999999999867, "x2": -7.199999999998681}, "datetime": {"datetime": "2020-10-16 17:11:12", "elapsed": 6.744952, "delta": 0.303355}}
{"target": 0.7762163706955849, "params": {"x1": 4.400000000001484, "x2": -7.599999999998687}, "datetime": {"datetime": "2020-10-16 17:11:13", "elapsed": 7.102009, "delta": 0.357057}}
{"target": 0.48878271123929856, "params": {"x1": -8.199999999998695, "x2": -9.999999999998721}, "datetime": {"datetime": "2020-10-16 17:11:13", "elapsed": 7.402921, "delta": 0.300912}}
{"target": 0.008926846793919807, "params": {"x1": -0.3999999999985846, "x2": -2.9999999999986215}, "datetime": {"datetime": "2020-10-16 17:11:13", "elapsed": 7.691547, "delta": 0.288626}}
{"target": 0.1657118544688883, "params": {"x1": 10.000000000001563, "x2": 10.000000000001563}, "datetime": {"datetime": "2020-10-16 17:11:14", "elapsed": 7.957036, "delta": 0.265489}}
{"target": 0.7854879886079396, "params": {"x1": -8.599999999998701, "x2": 10.000000000001563}, "datetime": {"datetime": "2020-10-16 17:11:14", "elapsed": 8.233204, "delta": 0.276168}}
{"target": 0.9742089408991037, "params": {"x1": -0.5999999999985874, "x2": 1.6000000000014438}, "datetime": {"datetime": "2020-10-16 17:11:14", "elapsed": 8.521767, "delta": 0.288563}}
{"target": 0.6998135226120112, "params": {"x1": -7.199999999998681, "x2": 7.000000000001521}, "datetime": {"datetime": "2020-10-16 17:11:15", "elapsed": 8.874915, "delta": 0.353148}}
{"target": 0.010653671215618887, "params": {"x1": 2.2000000000014523, "x2": 0.8000000000014325}, "datetime": {"datetime": "2020-10-16 17:11:15", "elapsed": 9.14987, "delta": 0.274955}}
{"target": 0.0814299731646343, "params": {"x1": 4.400000000001484, "x2": 5.600000000001501}, "datetime": {"datetime": "2020-10-16 17:11:15", "elapsed": 9.463347, "delta": 0.313477}}
{"target": 0.6269971800058888, "params": {"x1": 6.800000000001518, "x2": -4.199999999998639}, "datetime": {"datetime": "2020-10-16 17:11:15", "elapsed": 9.697901, "delta": 0.234554}}
{"target": 0.09818620349866741, "params": {"x1": -3.59999999999863, "x2": 5.400000000001498}, "datetime": {"datetime": "2020-10-16 17:11:16", "elapsed": 9.971056, "delta": 0.273155}}
{"target": 0.6725512354976304, "params": {"x1": 9.963821974878378, "x2": -2.075307582073009}, "datetime": {"datetime": "2020-10-16 17:11:16", "elapsed": 10.230434, "delta": 0.259378}}
{"target": 0.9193339143845471, "params": {"x1": -3.5298981387220145, "x2": -7.221293268916407}, "datetime": {"datetime": "2020-10-16 17:11:16", "elapsed": 10.500993, "delta": 0.270559}}
{"target": 0.749787780510944, "params": {"x1": -9.723852749971709, "x2": 5.227239927574905}, "datetime": {"datetime": "2020-10-16 17:11:17", "elapsed": 10.803997, "delta": 0.303004}}
{"target": 0.8898272805001374, "params": {"x1": -6.823739213425637, "x2": -4.322486355966673}, "datetime": {"datetime": "2020-10-16 17:11:17", "elapsed": 11.133278, "delta": 0.329281}}
{"target": 0.5934733988667391, "params": {"x1": 9.961389847379266, "x2": -7.868358126598629}, "datetime": {"datetime": "2020-10-16 17:11:17", "elapsed": 11.396665, "delta": 0.263387}}
{"target": 0.3310103354418269, "params": {"x1": -9.995830710430937, "x2": -3.230114615417885}, "datetime": {"datetime": "2020-10-16 17:11:17", "elapsed": 11.625307, "delta": 0.228642}}
{"target": 0.5012079134934142, "params": {"x1": -5.478811716461107, "x2": -1.5901124021536512}, "datetime": {"datetime": "2020-10-16 17:11:18", "elapsed": 11.913276, "delta": 0.287969}}
{"target": 0.6145052877296948, "params": {"x1": -0.3318462643800064, "x2": 9.881013373394776}, "datetime": {"datetime": "2020-10-16 17:11:18", "elapsed": 12.183927, "delta": 0.270651}}
{"target": 0.07756662509464834, "params": {"x1": 1.7390176371893595, "x2": -9.84121107641773}, "datetime": {"datetime": "2020-10-16 17:11:18", "elapsed": 12.458421, "delta": 0.274494}}
{"target": 0.5957694632929866, "params": {"x1": 0.3507249560131206, "x2": 7.150417952274207}, "datetime": {"datetime": "2020-10-16 17:11:18", "elapsed": 12.728166, "delta": 0.269745}}
