{"target": 0.642997039413715, "params": {"x1": -1.6595599059485195, "x2": 4.4064898688431615}, "datetime": {"datetime": "2020-10-16 17:08:46", "elapsed": 0.0, "delta": 0.0}}
{"target": 0.3661371713851832, "params": {"x1": 8.544588808765326, "x2": -6.094001727670683}, "datetime": {"datetime": "2020-10-16 17:08:46", "elapsed": 0.022654, "delta": 0.022654}}
{"target": 0.8330518857318145, "params": {"x1": 6.600038157746344, "x2": 3.202758343175036}, "datetime": {"datetime": "2020-10-16 17:08:46", "elapsed": 0.043579, "delta": 0.020925}}
{"target": 0.9564289633713461, "params": {"x1": 4.387973713632853, "x2": 3.8359059387259573}, "datetime": {"datetime": "2020-10-16 17:08:46", "elapsed": 0.123422, "delta": 0.079843}}
{"target": 0.16571185447073405, "params": {"x1": -10.0, "x2": -10.0}, "datetime": {"datetime": "2020-10-16 17:08:46", "elapsed": 0.21758, "delta": 0.094158}}
{"target": 0.42590885321420213, "params": {"x1": 6.871585979886222, "x2": 10.0}, "datetime": {"datetime": "2020-10-16 17:08:46", "elapsed": 0.33596, "delta": 0.11838}}
{"target": 0.8013965510589869, "params": {"x1": -10.0, "x2": 10.0}, "datetime": {"datetime": "2020-10-16 17:08:46", "elapsed": 0.446162, "delta": 0.110202}}
{"target": 0.06856292099032824, "params": {"x1": 0.061429045955254225, "x2": -9.859805581452763}, "datetime": {"datetime": "2020-10-16 17:08:47", "elapsed": 0.589694, "delta": 0.143532}}
{"target": 0.32370267987783574, "params": {"x1": -10.0, "x2": 1.1529796808386763}, "datetime": {"datetime": "2020-10-16 17:08:47", "elapsed": 0.727599, "delta": 0.137905}}
{"target": 0.17592684024338984, "params": {"x1": -1.2780891879557734, "x2": 10.0}, "datetime": {"datetime": "2020-10-16 17:08:47", "elapsed": 0.857921, "delta": 0.130322}}
{"target": 0.198940052333062, "params": {"x1": 2.053635639141684, "x2": -0.9453940582802931}, "datetime": {"datetime": "2020-10-16 17:08:47", "elapsed": 0.980896, "delta": 0.122975}}
{"target": 0.22523615260144114, "params": {"x1": 9.864093214764257, "x2": -9.988431268410825}, "datetime": {"datetime": "2020-10-16 17:08:47", "elapsed": 1.113231, "delta": 0.132335}}
{"target": 0.8928219325350674, "params": {"x1": 10.0, "x2": 5.999134044147843}, "datetime": {"datetime": "2020-10-16 17:08:47", "elapsed": 1.248282, "delta": 0.135051}}
{"target": 0.36279822579127896, "params": {"x1": 10.0, "x2": 0.2923122912028958}, "datetime": {"datetime": "2020-10-16 17:08:47", "elapsed": 1.413224, "delta": 0.164942}}
{"target": 0.8381895648170938, "params": {"x1": -10.0, "x2": 6.4694101312984715}, "datetime": {"datetime": "2020-10-16 17:08:48", "elapsed": 1.593644, "delta": 0.18042}}
{"target": 0.6936012429972476, "params": {"x1": 5.466320826538759, "x2": 6.054185104786657}, "datetime": {"datetime": "2020-10-16 17:08:48", "elapsed": 1.733394, "delta": 0.13975}}
{"target": 0.7190156785353257, "params": {"x1": 9.857600624228663, "x2": 9.691660499609856}, "datetime": {"datetime": "2020-10-16 17:08:48", "elapsed": 1.873586, "delta": 0.140192}}
{"target": 0.8556073169192329, "params": {"x1": -6.744109532686291, "x2": 7.2749191780642795}, "datetime": {"datetime": "2020-10-16 17:08:48", "elapsed": 2.015346, "delta": 0.14176}}
{"target": 0.8727566290144368, "params": {"x1": -6.624074975649485, "x2": 4.325420856112761}, "datetime": {"datetime": "2020-10-16 17:08:48", "elapsed": 2.168399, "delta": 0.153053}}
{"target": 0.5807084805984684, "params": {"x1": 2.404957327080995, "x2": 3.681448287139768}, "datetime": {"datetime": "2020-10-16 17:08:48", "elapsed": 2.361549, "delta": 0.19315}}
{"target": 0.17589187992729305, "params": {"x1": -5.191667533029727, "x2": -3.625526936778151}, "datetime": {"datetime": "2020-10-16 17:08:49", "elapsed": 2.542968, "delta": 0.181419}}
{"target": 0.773152282936562, "params": {"x1": -4.231396863289791, "x2": 1.6382476724251622}, "datetime": {"datetime": "2020-10-16 17:08:49", "elapsed": 2.753496, "delta": 0.210528}}
{"target": 0.867149460835946, "params": {"x1": 5.2114087606455595, "x2": -10.0}, "datetime": {"datetime": "2020-10-16 17:08:49", "elapsed": 2.915613, "delta": 0.162117}}
{"target": 0.9320589752890649, "params": {"x1": 4.281677288225346, "x2": -6.925673762114553}, "datetime": {"datetime": "2020-10-16 17:08:49", "elapsed": 3.096702, "delta": 0.181089}}
{"target": 0.44401686274306523, "params": {"x1": -6.603262297894241, "x2": 10.0}, "datetime": {"datetime": "2020-10-16 17:08:49", "elapsed": 3.265908, "delta": 0.169206}}
{"target": 0.9046664408384932, "params": {"x1": -4.401538850402749, "x2": 5.7412605664730165}, "datetime": {"datetime": "2020-10-16 17:08:49", "elapsed": 3.389298, "delta": 0.12339}}
{"target": 0.3053640436537399, "params": {"x1": -9.919254522746062, "x2": -4.834782408468181}, "datetime": {"datetime": "2020-10-16 17:08:50", "elapsed": 3.584896, "delta": 0.195598}}
{"target": 0.8945117866079625, "params": {"x1": 5.772596450315046, "x2": -8.03989505033685}, "datetime": {"datetime": "2020-10-16 17:08:50", "elapsed": 3.755675, "delta": 0.170779}}
{"target": 0.9775372132420638, "params": {"x1": 5.388924850377406, "x2": -4.298082267566515}, "datetime": {"datetime": "2020-10-16 17:08:50", "elapsed": 3.932972, "delta": 0.177297}}
{"target": 0.8440025004980846, "params": {"x1": 6.0341125485359655, "x2": -1.0225611227985232}, "datetime": {"datetime": "2020-10-16 17:08:50", "elapsed": 4.110339, "delta": 0.177367}}
{"target": 0.031238394078531462, "params": {"x1": 4.924210067222083, "x2": 2.0394929912686264}, "datetime": {"datetime": "2020-10-16 17:08:50", "elapsed": 4.320714, "delta": 0.210375}}
{"target": 0.02002743121711592, "params": {"x1": 0.15319871360442214, "x2": -4.833396817911809}, "datetime": {"datetime": "2020-10-16 17:08:50", "elapsed": 4.446932, "delta": 0.126218}}
{"target": 0.26826874023846947, "params": {"x1": -5.313085737787203, "x2": -10.0}, "datetime": {"datetime": "2020-10-16 17:08:51", "elapsed": 4.609337, "delta": 0.162405}}
{"target": 0.5487949669697048, "params": {"x1": 1.8926468807747954, "x2": 6.998037408834027}, "datetime": {"datetime": "2020-10-16 17:08:51", "elapsed": 4.780756, "delta": 0.171419}}
{"target": 0.06220824086119725, "params": {"x1": 7.795522106966531, "x2": -2.6493979802712797}, "datetime": {"datetime": "2020-10-16 17:08:51", "elapsed": 5.01437, "delta": 0.233614}}
{"target": 0.886408468336662, "params": {"x1": 10.0, "x2": 3.4079427784443825}, "datetime": {"datetime": "2020-10-16 17:08:51", "elapsed": 5.356491, "delta": 0.342121}}
{"target": 0.08769476708516477, "params": {"x1": 3.827039775836065, "x2": -3.213977455515467}, "datetime": {"datetime": "2020-10-16 17:08:52", "elapsed": 5.666257, "delta": 0.309766}}
{"target": 0.029757536704433818, "params": {"x1": -1.6996081372890455, "x2": -0.3964169262378412}, "datetime": {"datetime": "2020-10-16 17:08:52", "elapsed": 6.034648, "delta": 0.368391}}
{"target": 0.30178247108490197, "params": {"x1": -6.830341101120279, "x2": -0.10178704887867163}, "datetime": {"datetime": "2020-10-16 17:08:52", "elapsed": 6.354062, "delta": 0.319414}}
{"target": 0.12478194977208745, "params": {"x1": 2.983549110545912, "x2": 10.0}, "datetime": {"datetime": "2020-10-16 17:08:53", "elapsed": 6.656505, "delta": 0.302443}}
{"target": 0.19097193042544047, "params": {"x1": -6.908644067945731, "x2": -6.974416828574417}, "datetime": {"datetime": "2020-10-16 17:08:53", "elapsed": 6.897091, "delta": 0.240586}}
{"target": 0.8808727721148342, "params": {"x1": 8.024192580744387, "x2": 5.006124469059365}, "datetime": {"datetime": "2020-10-16 17:08:53", "elapsed": 7.053293, "delta": 0.156202}}
{"target": 0.142455527233751, "params": {"x1": -9.907296610444869, "x2": 4.049769259178619}, "datetime": {"datetime": "2020-10-16 17:08:53", "elapsed": 7.235777, "delta": 0.182484}}
{"target": 0.08731233913770325, "params": {"x1": -4.372730209353921, "x2": 3.7096390659684797}, "datetime": {"datetime": "2020-10-16 17:08:53", "elapsed": 7.463174, "delta": 0.227397}}
{"target": 0.6310554105322912, "params": {"x1": -2.5360052488161156, "x2": 7.26966766724966}, "datetime": {"datetime": "2020-10-16 17:08:54", "elapsed": 7.656865, "delta": 0.193691}}
{"target": 0.8290936811675782, "params": {"x1": -3.031760650586502, "x2": -7.069220973405464}, "datetime": {"datetime": "2020-10-16 17:08:54", "elapsed": 7.819986, "delta": 0.163121}}
{"target": 0.6880630238982008, "params": {"x1": -10.0, "x2": -1.8783751888624678}, "datetime": {"datetime": "2020-10-16 17:08:54", "elapsed": 7.989573, "delta": 0.169587}}
{"target": 0.9342394748701179, "params": {"x1": 3.1195268542362986, "x2": -10.0}, "datetime": {"datetime": "2020-10-16 17:08:54", "elapsed": 8.178808, "delta": 0.189235}}
{"target": 0.40232299362219276, "params": {"x1": 6.053713360001163, "x2": -5.942385712766653}, "datetime": {"datetime": "2020-10-16 17:08:54", "elapsed": 8.347142, "delta": 0.168334}}
{"target": 0.9292565166837594, "params": {"x1": 2.3590618803944317, "x2": -7.906623090127742}, "datetime": {"datetime": "2020-10-16 17:08:55", "elapsed": 8.516892, "delta": 0.16975}}
{"target": 0.26152685016640465, "params": {"x1": -4.603376255895832, "x2": 7.9061862457435055}, "datetime": {"datetime": "2020-10-16 17:08:55", "elapsed": 8.692351, "delta": 0.175459}}
{"target": 0.16912557815983958, "params": {"x1": -8.850194256594127, "x2": 8.17392059402017}, "datetime": {"datetime": "2020-10-16 17:08:55", "elapsed": 8.865707, "delta": 0.173356}}
{"target": 0.7591303785838825, "params": {"x1": 8.389049164847595, "x2": 7.728645278975399}, "datetime": {"datetime": "2020-10-16 17:08:55", "elapsed": 9.026812, "delta": 0.161105}}
{"target": 0.55271476945259, "params": {"x1": -0.2735260833864239, "x2": 6.098394481280949}, "datetime": {"datetime": "2020-10-16 17:08:55", "elapsed": 9.190747, "delta": 0.163935}}
{"target": 0.4354741504057502, "params": {"x1": -7.596420104656422, "x2": 5.642315605154202}, "datetime": {"datetime": "2020-10-16 17:08:55", "elapsed": 9.403396, "delta": 0.212649}}
{"target": 0.4571709380124835, "params": {"x1": 8.20111047910952, "x2": 1.7621740407146085}, "datetime": {"datetime": "2020-10-16 17:08:56", "elapsed": 9.563622, "delta": 0.160226}}
{"target": 0.15995699844471878, "params": {"x1": 4.026725945544632, "x2": -8.613725230724063}, "datetime": {"datetime": "2020-10-16 17:08:56", "elapsed": 9.795268, "delta": 0.231646}}
{"target": 0.6537438336104431, "params": {"x1": 7.360286015737426, "x2": -9.917846439172596}, "datetime": {"datetime": "2020-10-16 17:08:56", "elapsed": 9.973132, "delta": 0.177864}}
{"target": 0.26291911375898824, "params": {"x1": 2.694060182605364, "x2": -5.892140237273167}, "datetime": {"datetime": "2020-10-16 17:08:56", "elapsed": 10.139086, "delta": 0.165954}}
{"target": 0.785155473024943, "params": {"x1": -0.11445032728144346, "x2": 2.183734103484515}, "datetime": {"datetime": "2020-10-16 17:08:56", "elapsed": 10.289107, "delta": 0.150021}}
