{"target": -171.09054843035628, "params": {"x1": -99.5735943569112, "x2": 264.3893921305897, "x3": -599.8627502191862, "x4": -237.20091284179227, "x5": -423.89293101946436}, "datetime": {"datetime": "2020-10-18 20:50:14", "elapsed": 0.0, "delta": 0.0}}
{"target": -214.1196368984251, "params": {"x1": 336.5077303877637, "x2": 538.4241388965111, "x3": -319.1203018802242, "x4": 519.4292397290772, "x5": -293.60276222805834}, "datetime": {"datetime": "2020-10-18 20:50:14", "elapsed": 0.029656, "delta": 0.029656}}
{"target": -38.47355168013104, "params": {"x1": -240.1216405655419, "x2": -49.844736030935564, "x3": 103.36530562359565, "x4": 291.705215282998, "x5": -30.962897596089647}, "datetime": {"datetime": "2020-10-18 20:50:14", "elapsed": 0.064859, "delta": 0.035203}}
{"target": -113.82500626358859, "params": {"x1": 283.4145639328449, "x2": 228.55240379701547, "x3": -484.962658817331, "x4": 209.54962834626247, "x5": 182.2518785687471}, "datetime": {"datetime": "2020-10-18 20:50:14", "elapsed": 0.100139, "delta": 0.03528}}
{"target": -144.30164386955926, "params": {"x1": -133.82695170872006, "x2": 510.9026471718819, "x3": 418.52061624761325, "x4": 103.84073803430954, "x5": -336.7361841569252}, "datetime": {"datetime": "2020-10-18 20:50:14", "elapsed": 0.138124, "delta": 0.037985}}
{"target": -179.42512180457007, "params": {"x1": -502.92057896506765, "x2": 419.9613158749313, "x3": 361.53758969723367, "x4": 225.48448613434698, "x5": 307.2169456443388}, "datetime": {"datetime": "2020-10-18 20:50:14", "elapsed": 0.176851, "delta": 0.038727}}
{"target": -239.86984658799912, "params": {"x1": -319.3857685870025, "x2": -435.14526307189624, "x3": 460.7538153146886, "x4": -592.9393359319838, "x5": 298.68833229887196}, "datetime": {"datetime": "2020-10-18 20:50:14", "elapsed": 0.216869, "delta": 0.040018}}
{"target": -155.51974719881574, "params": {"x1": 60.532749219829725, "x2": -343.138231075944, "x3": 579.2001317037011, "x4": -88.37386822908047, "x5": 390.0586975052063}, "datetime": {"datetime": "2020-10-18 20:50:14", "elapsed": 0.254517, "delta": 0.037648}}
{"target": -38.471788470948105, "params": {"x1": 193.60849497838274, "x2": 5.096861291063533, "x3": -286.71302704272216, "x4": 146.7626535382003, "x5": -111.82791540895647}, "datetime": {"datetime": "2020-10-18 20:50:14", "elapsed": 0.293368, "delta": 0.038851}}
{"target": -128.67764938073276, "params": {"x1": -430.98872869077684, "x2": -279.79322866462263, "x3": 420.78133218093296, "x4": -61.20216275135965, "x5": 252.59217525004988}, "datetime": {"datetime": "2020-10-18 20:50:14", "elapsed": 0.338545, "delta": 0.045177}}
