{"target": -251.64938750306075, "params": {"x1": 480.0, "x2": -120.0, "x3": -120.0, "x4": -600.0, "x5": 600.0}, "datetime": {"datetime": "2020-10-18 19:58:56", "elapsed": 123.319633, "delta": 0.180321}}
{"target": -10.767478325553206, "params": {"x1": 120.0, "x2": 0.0, "x3": 120.0, "x4": 0.0, "x5": -120.0}, "datetime": {"datetime": "2020-10-18 19:58:58", "elapsed": 125.925, "delta": 2.605367}}
{"target": -10.630425470803432, "params": {"x1": 120.0, "x2": -120.0, "x3": 0.0, "x4": 120.0, "x5": 0.0}, "datetime": {"datetime": "2020-10-18 19:59:00", "elapsed": 127.497371, "delta": 1.572371}}
{"target": -9.307480926584297, "params": {"x1": -120.0, "x2": 0.0, "x3": 0.0, "x4": -120.0, "x5": 0.0}, "datetime": {"datetime": "2020-10-18 19:59:01", "elapsed": 129.152746, "delta": 1.655375}}
{"target": -108.3165528785589, "params": {"x1": -120.0, "x2": 360.0, "x3": -240.0, "x4": 480.0, "x5": 0.0}, "datetime": {"datetime": "2020-10-18 19:59:03", "elapsed": 130.989774, "delta": 1.837028}}
{"target": -253.6540905596207, "params": {"x1": 360.0, "x2": 240.0, "x3": 480.0, "x4": 480.0, "x5": 600.0}, "datetime": {"datetime": "2020-10-18 19:59:06", "elapsed": 133.19327, "delta": 2.203496}}
{"target": -8.293022022020434, "params": {"x1": 0.0, "x2": 0.0, "x3": 0.0, "x4": 120.0, "x5": 120.0}, "datetime": {"datetime": "2020-10-18 19:59:13", "elapsed": 140.21751, "delta": 7.02424}}
{"target": -256.7140590276627, "params": {"x1": 600.0, "x2": -360.0, "x3": -240.0, "x4": -480.0, "x5": 480.0}, "datetime": {"datetime": "2020-10-18 19:59:13", "elapsed": 140.413399, "delta": 0.195889}}
{"target": -110.24603112254181, "params": {"x1": -240.0, "x2": -480.0, "x3": -120.0, "x4": 0.0, "x5": 360.0}, "datetime": {"datetime": "2020-10-18 19:59:15", "elapsed": 142.656646, "delta": 2.243247}}
{"target": -14.857737395980301, "params": {"x1": 120.0, "x2": 120.0, "x3": 120.0, "x4": 120.0, "x5": 0.0}, "datetime": {"datetime": "2020-10-18 19:59:17", "elapsed": 144.549144, "delta": 1.892498}}
{"target": -11.419169512453498, "params": {"x1": 120.0, "x2": 120.0, "x3": 0.0, "x4": 0.0, "x5": -120.0}, "datetime": {"datetime": "2020-10-18 19:59:19", "elapsed": 146.800186, "delta": 2.251042}}
{"target": -219.51139734285434, "params": {"x1": -360.0, "x2": 480.0, "x3": -600.0, "x4": 360.0, "x5": 120.0}, "datetime": {"datetime": "2020-10-18 19:59:20", "elapsed": 147.210326, "delta": 0.41014}}
{"target": -135.05472067194677, "params": {"x1": -360.0, "x2": 360.0, "x3": -480.0, "x4": -120.0, "x5": 120.0}, "datetime": {"datetime": "2020-10-18 19:59:22", "elapsed": 149.205294, "delta": 1.994968}}
{"target": -5.507596066563641, "params": {"x1": 0.0, "x2": 0.0, "x3": 0.0, "x4": -120.0, "x5": 0.0}, "datetime": {"datetime": "2020-10-18 19:59:25", "elapsed": 152.770176, "delta": 3.564882}}
{"target": -176.5030308747719, "params": {"x1": -240.0, "x2": -480.0, "x3": -480.0, "x4": 360.0, "x5": 240.0}, "datetime": {"datetime": "2020-10-18 19:59:26", "elapsed": 153.90323, "delta": 1.133054}}
{"target": -246.92868653377283, "params": {"x1": 360.0, "x2": 360.0, "x3": -360.0, "x4": 600.0, "x5": 480.0}, "datetime": {"datetime": "2020-10-18 19:59:26", "elapsed": 154.139383, "delta": 0.236153}}
{"target": -99.01606012253424, "params": {"x1": 120.0, "x2": -600.0, "x3": -120.0, "x4": 0.0, "x5": -120.0}, "datetime": {"datetime": "2020-10-18 19:59:28", "elapsed": 155.262005, "delta": 1.122622}}
{"target": -110.58004805095163, "params": {"x1": 240.0, "x2": 480.0, "x3": -360.0, "x4": 0.0, "x5": -120.0}, "datetime": {"datetime": "2020-10-18 19:59:28", "elapsed": 155.485086, "delta": 0.223081}}
{"target": -11.802380945271043, "params": {"x1": 120.0, "x2": 0.0, "x3": 0.0, "x4": 120.0, "x5": 120.0}, "datetime": {"datetime": "2020-10-18 19:59:34", "elapsed": 161.437385, "delta": 5.952299}}
{"target": -142.83798796658334, "params": {"x1": -480.0, "x2": 120.0, "x3": -240.0, "x4": -480.0, "x5": 120.0}, "datetime": {"datetime": "2020-10-18 19:59:34", "elapsed": 161.688314, "delta": 0.250929}}
{"target": -133.61244029225466, "params": {"x1": 480.0, "x2": 120.0, "x3": 240.0, "x4": 120.0, "x5": -480.0}, "datetime": {"datetime": "2020-10-18 19:59:36", "elapsed": 163.560346, "delta": 1.872032}}
{"target": -162.62432448327647, "params": {"x1": -240.0, "x2": -120.0, "x3": 600.0, "x4": 480.0, "x5": 0.0}, "datetime": {"datetime": "2020-10-18 19:59:38", "elapsed": 165.946442, "delta": 2.386096}}
{"target": -173.3858035668311, "params": {"x1": 120.0, "x2": -480.0, "x3": 120.0, "x4": 480.0, "x5": -480.0}, "datetime": {"datetime": "2020-10-18 19:59:40", "elapsed": 167.67751, "delta": 1.731068}}
{"target": -8.819562442781365, "params": {"x1": 0.0, "x2": 0.0, "x3": 120.0, "x4": -120.0, "x5": 0.0}, "datetime": {"datetime": "2020-10-18 19:59:45", "elapsed": 172.487015, "delta": 4.809505}}
{"target": -191.27683461719798, "params": {"x1": -360.0, "x2": -360.0, "x3": 360.0, "x4": -480.0, "x5": 360.0}, "datetime": {"datetime": "2020-10-18 19:59:45", "elapsed": 172.829384, "delta": 0.342369}}
{"target": -170.2168251241439, "params": {"x1": 120.0, "x2": -240.0, "x3": 600.0, "x4": 120.0, "x5": 480.0}, "datetime": {"datetime": "2020-10-18 19:59:45", "elapsed": 173.107422, "delta": 0.278038}}
{"target": -283.03764486460585, "params": {"x1": 600.0, "x2": -600.0, "x3": -480.0, "x4": 360.0, "x5": 240.0}, "datetime": {"datetime": "2020-10-18 19:59:48", "elapsed": 176.107933, "delta": 3.000511}}
{"target": -9.39057137510189, "params": {"x1": 0.0, "x2": 0.0, "x3": -120.0, "x4": -120.0, "x5": 0.0}, "datetime": {"datetime": "2020-10-18 19:59:49", "elapsed": 177.164975, "delta": 1.057042}}
{"target": -189.49823428613067, "params": {"x1": -480.0, "x2": -600.0, "x3": -120.0, "x4": -360.0, "x5": 120.0}, "datetime": {"datetime": "2020-10-18 19:59:51", "elapsed": 178.378595, "delta": 1.21362}}
{"target": -8.63144401268887, "params": {"x1": 120.0, "x2": 120.0, "x3": 0.0, "x4": 0.0, "x5": 0.0}, "datetime": {"datetime": "2020-10-18 19:59:55", "elapsed": 182.546062, "delta": 4.167467}}
{"target": -217.86654549658368, "params": {"x1": -600.0, "x2": 0.0, "x3": -600.0, "x4": 360.0, "x5": 120.0}, "datetime": {"datetime": "2020-10-18 19:59:55", "elapsed": 182.824482, "delta": 0.27842}}
{"target": -11.138022934677293, "params": {"x1": -120.0, "x2": 0.0, "x3": 120.0, "x4": 0.0, "x5": -120.0}, "datetime": {"datetime": "2020-10-18 19:59:57", "elapsed": 184.594393, "delta": 1.769911}}
{"target": -8.30708580943213, "params": {"x1": 0.0, "x2": -120.0, "x3": 0.0, "x4": -120.0, "x5": 0.0}, "datetime": {"datetime": "2020-10-18 20:00:01", "elapsed": 188.610327, "delta": 4.015934}}
{"target": -53.89973976071092, "params": {"x1": -240.0, "x2": 120.0, "x3": -120.0, "x4": 0.0, "x5": -360.0}, "datetime": {"datetime": "2020-10-18 20:00:05", "elapsed": 192.959978, "delta": 4.349651}}
{"target": -8.587518471885579, "params": {"x1": 0.0, "x2": 120.0, "x3": 120.0, "x4": 0.0, "x5": 0.0}, "datetime": {"datetime": "2020-10-18 20:00:12", "elapsed": 200.102004, "delta": 7.142026}}
{"target": -15.385560289781484, "params": {"x1": -120.0, "x2": -120.0, "x3": 0.0, "x4": 120.0, "x5": 120.0}, "datetime": {"datetime": "2020-10-18 20:00:15", "elapsed": 202.220883, "delta": 2.118879}}
{"target": -12.25467078044027, "params": {"x1": 120.0, "x2": 0.0, "x3": 120.0, "x4": 0.0, "x5": 120.0}, "datetime": {"datetime": "2020-10-18 20:00:17", "elapsed": 204.552333, "delta": 2.33145}}
{"target": -122.2767916149631, "params": {"x1": 360.0, "x2": 240.0, "x3": -240.0, "x4": -120.0, "x5": -480.0}, "datetime": {"datetime": "2020-10-18 20:00:17", "elapsed": 204.833246, "delta": 0.280913}}
{"target": -13.441786661867448, "params": {"x1": 0.0, "x2": -120.0, "x3": 120.0, "x4": 120.0, "x5": -120.0}, "datetime": {"datetime": "2020-10-18 20:00:20", "elapsed": 208.063033, "delta": 3.229787}}
{"target": -14.942816772561525, "params": {"x1": 120.0, "x2": 0.0, "x3": 120.0, "x4": -120.0, "x5": -120.0}, "datetime": {"datetime": "2020-10-18 20:00:29", "elapsed": 216.201387, "delta": 8.138354}}
{"target": -300.5072727624728, "params": {"x1": -480.0, "x2": 480.0, "x3": -600.0, "x4": -120.0, "x5": -600.0}, "datetime": {"datetime": "2020-10-18 20:00:29", "elapsed": 216.651628, "delta": 0.450241}}
{"target": -15.01331918652943, "params": {"x1": 120.0, "x2": -120.0, "x3": 0.0, "x4": 120.0, "x5": 120.0}, "datetime": {"datetime": "2020-10-18 20:00:30", "elapsed": 217.798966, "delta": 1.147338}}
{"target": -130.03885291402185, "params": {"x1": 360.0, "x2": 120.0, "x3": 600.0, "x4": -120.0, "x5": 0.0}, "datetime": {"datetime": "2020-10-18 20:00:30", "elapsed": 218.163222, "delta": 0.364256}}
{"target": -96.68228338311934, "params": {"x1": 480.0, "x2": 120.0, "x3": 360.0, "x4": 0.0, "x5": -120.0}, "datetime": {"datetime": "2020-10-18 20:00:31", "elapsed": 218.469213, "delta": 0.305991}}
{"target": -12.87333633620666, "params": {"x1": -120.0, "x2": 120.0, "x3": 0.0, "x4": -120.0, "x5": 0.0}, "datetime": {"datetime": "2020-10-18 20:00:36", "elapsed": 223.759361, "delta": 5.290148}}
{"target": -8.067083203423293, "params": {"x1": 0.0, "x2": 0.0, "x3": 0.0, "x4": -120.0, "x5": -120.0}, "datetime": {"datetime": "2020-10-18 20:00:42", "elapsed": 230.067415, "delta": 6.308054}}
{"target": -12.795781502651398, "params": {"x1": 0.0, "x2": 0.0, "x3": 120.0, "x4": -120.0, "x5": 120.0}, "datetime": {"datetime": "2020-10-18 20:00:44", "elapsed": 232.101555, "delta": 2.03414}}
{"target": -90.12301254084575, "params": {"x1": -120.0, "x2": -240.0, "x3": -480.0, "x4": 240.0, "x5": 0.0}, "datetime": {"datetime": "2020-10-18 20:00:52", "elapsed": 240.108318, "delta": 8.006763}}
{"target": -99.86190002844707, "params": {"x1": 120.0, "x2": -120.0, "x3": 360.0, "x4": 0.0, "x5": 480.0}, "datetime": {"datetime": "2020-10-18 20:00:55", "elapsed": 242.720855, "delta": 2.612537}}
{"target": -215.8193238887482, "params": {"x1": 360.0, "x2": 480.0, "x3": 0.0, "x4": -600.0, "x5": -360.0}, "datetime": {"datetime": "2020-10-18 20:00:55", "elapsed": 243.073134, "delta": 0.352279}}
{"target": -191.43362509515848, "params": {"x1": 120.0, "x2": 480.0, "x3": 120.0, "x4": 360.0, "x5": 600.0}, "datetime": {"datetime": "2020-10-18 20:00:58", "elapsed": 245.846185, "delta": 2.773051}}
{"target": -212.22707599421196, "params": {"x1": 360.0, "x2": -360.0, "x3": -360.0, "x4": -480.0, "x5": -480.0}, "datetime": {"datetime": "2020-10-18 20:00:59", "elapsed": 246.228668, "delta": 0.382483}}
{"target": -203.66804506985957, "params": {"x1": 480.0, "x2": 0.0, "x3": 480.0, "x4": -360.0, "x5": -480.0}, "datetime": {"datetime": "2020-10-18 20:00:59", "elapsed": 246.588984, "delta": 0.360316}}
{"target": -153.4069142239736, "params": {"x1": 0.0, "x2": -600.0, "x3": -120.0, "x4": 0.0, "x5": 480.0}, "datetime": {"datetime": "2020-10-18 20:01:02", "elapsed": 249.665047, "delta": 3.076063}}
{"target": -41.72573032128207, "params": {"x1": 240.0, "x2": 120.0, "x3": -120.0, "x4": -240.0, "x5": -120.0}, "datetime": {"datetime": "2020-10-18 20:01:05", "elapsed": 252.651036, "delta": 2.985989}}
{"target": -6.865326493186968, "params": {"x1": 0.0, "x2": 0.0, "x3": 0.0, "x4": 120.0, "x5": -120.0}, "datetime": {"datetime": "2020-10-18 20:01:17", "elapsed": 264.515723, "delta": 11.864687}}
{"target": -9.18103411788493, "params": {"x1": 0.0, "x2": 120.0, "x3": 0.0, "x4": -120.0, "x5": 0.0}, "datetime": {"datetime": "2020-10-18 20:01:28", "elapsed": 275.771339, "delta": 11.255616}}
{"target": -124.19468319466843, "params": {"x1": 480.0, "x2": -120.0, "x3": 360.0, "x4": -240.0, "x5": 240.0}, "datetime": {"datetime": "2020-10-18 20:01:34", "elapsed": 281.917496, "delta": 6.146157}}
{"target": -8.89659741177654, "params": {"x1": 0.0, "x2": 0.0, "x3": 120.0, "x4": 0.0, "x5": 120.0}, "datetime": {"datetime": "2020-10-18 20:01:35", "elapsed": 283.061882, "delta": 1.144386}}
{"target": -10.59886760600308, "params": {"x1": -120.0, "x2": 0.0, "x3": 0.0, "x4": 120.0, "x5": -120.0}, "datetime": {"datetime": "2020-10-18 20:01:38", "elapsed": 285.730015, "delta": 2.668133}}
{"target": -136.7745231111828, "params": {"x1": 480.0, "x2": 240.0, "x3": 360.0, "x4": -240.0, "x5": 240.0}, "datetime": {"datetime": "2020-10-18 20:01:42", "elapsed": 289.541902, "delta": 3.811887}}
{"target": -166.9140597891108, "params": {"x1": 360.0, "x2": 240.0, "x3": -120.0, "x4": -480.0, "x5": -480.0}, "datetime": {"datetime": "2020-10-18 20:01:45", "elapsed": 292.442106, "delta": 2.900204}}
{"target": -213.57610872496076, "params": {"x1": -480.0, "x2": 600.0, "x3": 360.0, "x4": 360.0, "x5": 0.0}, "datetime": {"datetime": "2020-10-18 20:01:46", "elapsed": 293.901776, "delta": 1.45967}}
{"target": -116.52591273400293, "params": {"x1": -480.0, "x2": 360.0, "x3": 120.0, "x4": -120.0, "x5": 240.0}, "datetime": {"datetime": "2020-10-18 20:01:47", "elapsed": 294.305329, "delta": 0.403553}}
{"target": -297.01809607859917, "params": {"x1": 480.0, "x2": 480.0, "x3": 360.0, "x4": -600.0, "x5": -480.0}, "datetime": {"datetime": "2020-10-18 20:01:47", "elapsed": 294.718719, "delta": 0.41339}}
{"target": -220.62428862109363, "params": {"x1": 600.0, "x2": 0.0, "x3": -240.0, "x4": 480.0, "x5": 480.0}, "datetime": {"datetime": "2020-10-18 20:01:47", "elapsed": 295.126665, "delta": 0.407946}}
{"target": -110.15401734358716, "params": {"x1": -240.0, "x2": 120.0, "x3": -120.0, "x4": 0.0, "x5": -600.0}, "datetime": {"datetime": "2020-10-18 20:01:48", "elapsed": 295.595389, "delta": 0.468724}}
{"target": -114.7583040831573, "params": {"x1": 360.0, "x2": -120.0, "x3": 240.0, "x4": -480.0, "x5": 120.0}, "datetime": {"datetime": "2020-10-18 20:01:49", "elapsed": 297.046242, "delta": 1.450853}}
{"target": -12.612894466914986, "params": {"x1": -120.0, "x2": 0.0, "x3": 120.0, "x4": -120.0, "x5": 0.0}, "datetime": {"datetime": "2020-10-18 20:01:53", "elapsed": 300.248576, "delta": 3.202334}}
{"target": -11.206183687087846, "params": {"x1": -120.0, "x2": 0.0, "x3": 120.0, "x4": 120.0, "x5": 0.0}, "datetime": {"datetime": "2020-10-18 20:02:08", "elapsed": 315.551261, "delta": 15.302685}}
{"target": -153.27514474182098, "params": {"x1": -240.0, "x2": 360.0, "x3": 480.0, "x4": -360.0, "x5": -240.0}, "datetime": {"datetime": "2020-10-18 20:02:08", "elapsed": 316.01809, "delta": 0.466829}}
{"target": -8.019326693103242, "params": {"x1": -120.0, "x2": 0.0, "x3": 120.0, "x4": 0.0, "x5": 0.0}, "datetime": {"datetime": "2020-10-18 20:02:12", "elapsed": 319.947406, "delta": 3.929316}}
{"target": -167.24657620890557, "params": {"x1": -360.0, "x2": 480.0, "x3": 240.0, "x4": -480.0, "x5": 0.0}, "datetime": {"datetime": "2020-10-18 20:02:14", "elapsed": 322.185237, "delta": 2.237831}}
{"target": -11.363153558145736, "params": {"x1": 0.0, "x2": 120.0, "x3": 120.0, "x4": 120.0, "x5": 0.0}, "datetime": {"datetime": "2020-10-18 20:02:17", "elapsed": 324.955614, "delta": 2.770377}}
{"target": -11.602827295484285, "params": {"x1": 120.0, "x2": 0.0, "x3": 0.0, "x4": -120.0, "x5": -120.0}, "datetime": {"datetime": "2020-10-18 20:02:28", "elapsed": 335.588529, "delta": 10.632915}}
{"target": -82.17741811295461, "params": {"x1": 120.0, "x2": -360.0, "x3": -240.0, "x4": -240.0, "x5": 240.0}, "datetime": {"datetime": "2020-10-18 20:02:28", "elapsed": 336.14884, "delta": 0.560311}}
{"target": -12.68532041673495, "params": {"x1": -120.0, "x2": 0.0, "x3": 120.0, "x4": 0.0, "x5": 120.0}, "datetime": {"datetime": "2020-10-18 20:02:45", "elapsed": 352.742441, "delta": 16.593601}}
{"target": -172.87509260347224, "params": {"x1": -600.0, "x2": 120.0, "x3": 240.0, "x4": -480.0, "x5": -120.0}, "datetime": {"datetime": "2020-10-18 20:02:48", "elapsed": 355.286555, "delta": 2.544114}}
{"target": -11.064475460744143, "params": {"x1": 120.0, "x2": -120.0, "x3": 120.0, "x4": 0.0, "x5": 0.0}, "datetime": {"datetime": "2020-10-18 20:02:59", "elapsed": 366.667861, "delta": 11.381306}}
{"target": -11.249948384385851, "params": {"x1": 0.0, "x2": 120.0, "x3": 120.0, "x4": 0.0, "x5": -120.0}, "datetime": {"datetime": "2020-10-18 20:03:06", "elapsed": 373.49301, "delta": 6.825149}}
{"target": -175.23968441984965, "params": {"x1": 240.0, "x2": -480.0, "x3": 240.0, "x4": -480.0, "x5": -360.0}, "datetime": {"datetime": "2020-10-18 20:03:20", "elapsed": 387.694788, "delta": 14.201778}}
{"target": -86.1851050675515, "params": {"x1": -120.0, "x2": -360.0, "x3": -360.0, "x4": -120.0, "x5": -240.0}, "datetime": {"datetime": "2020-10-18 20:03:21", "elapsed": 388.312952, "delta": 0.618164}}
{"target": -112.5386534972415, "params": {"x1": -120.0, "x2": 360.0, "x3": -240.0, "x4": -120.0, "x5": -480.0}, "datetime": {"datetime": "2020-10-18 20:03:21", "elapsed": 389.023805, "delta": 0.710853}}
{"target": -235.00315963682579, "params": {"x1": 240.0, "x2": 480.0, "x3": 240.0, "x4": -480.0, "x5": -600.0}, "datetime": {"datetime": "2020-10-18 20:03:22", "elapsed": 389.64496, "delta": 0.621155}}
{"target": -85.58273346769546, "params": {"x1": -480.0, "x2": 240.0, "x3": -120.0, "x4": -120.0, "x5": -120.0}, "datetime": {"datetime": "2020-10-18 20:03:28", "elapsed": 395.69266, "delta": 6.0477}}
{"target": -82.8915961705386, "params": {"x1": -240.0, "x2": -240.0, "x3": -360.0, "x4": -120.0, "x5": 240.0}, "datetime": {"datetime": "2020-10-18 20:03:30", "elapsed": 398.078528, "delta": 2.385868}}
{"target": -9.293154976174053, "params": {"x1": 0.0, "x2": 120.0, "x3": 0.0, "x4": 0.0, "x5": 120.0}, "datetime": {"datetime": "2020-10-18 20:03:41", "elapsed": 408.680117, "delta": 10.601589}}
{"target": -57.6650033498798, "params": {"x1": 120.0, "x2": 120.0, "x3": -360.0, "x4": 120.0, "x5": -240.0}, "datetime": {"datetime": "2020-10-18 20:03:48", "elapsed": 415.822243, "delta": 7.142126}}
{"target": -180.9987813920411, "params": {"x1": 360.0, "x2": 480.0, "x3": 120.0, "x4": 480.0, "x5": -360.0}, "datetime": {"datetime": "2020-10-18 20:04:14", "elapsed": 441.913365, "delta": 26.091122}}
{"target": -12.50133978137818, "params": {"x1": 120.0, "x2": 120.0, "x3": -120.0, "x4": 0.0, "x5": 0.0}, "datetime": {"datetime": "2020-10-18 20:04:16", "elapsed": 443.565978, "delta": 1.652613}}
{"target": -8.84014426911914, "params": {"x1": 120.0, "x2": 0.0, "x3": 0.0, "x4": -120.0, "x5": 0.0}, "datetime": {"datetime": "2020-10-18 20:04:28", "elapsed": 456.01616, "delta": 12.450182}}
{"target": -72.17252822267115, "params": {"x1": 0.0, "x2": -120.0, "x3": 0.0, "x4": 480.0, "x5": -240.0}, "datetime": {"datetime": "2020-10-18 20:04:32", "elapsed": 459.292523, "delta": 3.276363}}
{"target": -9.432961738604725, "params": {"x1": 0.0, "x2": 0.0, "x3": 0.0, "x4": -120.0, "x5": 120.0}, "datetime": {"datetime": "2020-10-18 20:04:37", "elapsed": 464.987684, "delta": 5.695161}}
{"target": -13.027113853915282, "params": {"x1": 0.0, "x2": -120.0, "x3": 0.0, "x4": -120.0, "x5": 120.0}, "datetime": {"datetime": "2020-10-18 20:04:43", "elapsed": 470.856078, "delta": 5.868394}}
{"target": -184.68005248981498, "params": {"x1": 360.0, "x2": -120.0, "x3": -480.0, "x4": 600.0, "x5": -120.0}, "datetime": {"datetime": "2020-10-18 20:04:46", "elapsed": 473.771491, "delta": 2.915413}}
{"target": -16.102341984001225, "params": {"x1": 120.0, "x2": 120.0, "x3": 120.0, "x4": -120.0, "x5": 0.0}, "datetime": {"datetime": "2020-10-18 20:05:18", "elapsed": 505.337465, "delta": 31.565974}}
{"target": -121.37161405459459, "params": {"x1": -120.0, "x2": 240.0, "x3": -360.0, "x4": 480.0, "x5": -240.0}, "datetime": {"datetime": "2020-10-18 20:05:23", "elapsed": 510.887144, "delta": 5.549679}}
{"target": -109.95960066954387, "params": {"x1": 120.0, "x2": -360.0, "x3": -240.0, "x4": 480.0, "x5": 120.0}, "datetime": {"datetime": "2020-10-18 20:05:36", "elapsed": 523.840095, "delta": 12.952951}}
{"target": -116.55356424900731, "params": {"x1": 480.0, "x2": 0.0, "x3": -120.0, "x4": 0.0, "x5": -480.0}, "datetime": {"datetime": "2020-10-18 20:05:37", "elapsed": 524.4145, "delta": 0.574405}}
{"target": -225.81918084196127, "params": {"x1": -600.0, "x2": -600.0, "x3": -240.0, "x4": -240.0, "x5": 240.0}, "datetime": {"datetime": "2020-10-18 20:05:37", "elapsed": 525.056312, "delta": 0.641812}}
{"target": -78.72421855112518, "params": {"x1": 0.0, "x2": 240.0, "x3": 480.0, "x4": 120.0, "x5": -120.0}, "datetime": {"datetime": "2020-10-18 20:05:40", "elapsed": 527.542775, "delta": 2.486463}}
{"target": -92.81255910325793, "params": {"x1": 0.0, "x2": -120.0, "x3": 120.0, "x4": 480.0, "x5": -360.0}, "datetime": {"datetime": "2020-10-18 20:05:40", "elapsed": 528.173231, "delta": 0.630456}}
{"target": -12.514990289885146, "params": {"x1": 0.0, "x2": 120.0, "x3": 0.0, "x4": 120.0, "x5": 120.0}, "datetime": {"datetime": "2020-10-18 20:05:42", "elapsed": 529.894945, "delta": 1.721714}}
{"target": -265.99710282186925, "params": {"x1": 480.0, "x2": -480.0, "x3": -600.0, "x4": 0.0, "x5": 480.0}, "datetime": {"datetime": "2020-10-18 20:05:50", "elapsed": 537.709826, "delta": 7.814881}}
{"target": -93.4156342703021, "params": {"x1": -120.0, "x2": 0.0, "x3": 120.0, "x4": 480.0, "x5": -360.0}, "datetime": {"datetime": "2020-10-18 20:05:58", "elapsed": 545.72138, "delta": 8.011554}}
{"target": -111.56395554236781, "params": {"x1": 240.0, "x2": 360.0, "x3": 120.0, "x4": 480.0, "x5": 120.0}, "datetime": {"datetime": "2020-10-18 20:06:17", "elapsed": 564.512772, "delta": 18.791392}}
{"target": -187.93516444450972, "params": {"x1": 360.0, "x2": 360.0, "x3": 480.0, "x4": -480.0, "x5": 120.0}, "datetime": {"datetime": "2020-10-18 20:06:26", "elapsed": 573.352109, "delta": 8.839337}}
{"target": -15.09218213976903, "params": {"x1": -120.0, "x2": 120.0, "x3": 120.0, "x4": 120.0, "x5": 0.0}, "datetime": {"datetime": "2020-10-18 20:06:27", "elapsed": 575.131011, "delta": 1.778902}}
{"target": -187.22638130511353, "params": {"x1": -480.0, "x2": -120.0, "x3": 120.0, "x4": 600.0, "x5": 360.0}, "datetime": {"datetime": "2020-10-18 20:06:46", "elapsed": 593.882421, "delta": 18.75141}}
{"target": -13.034626760730852, "params": {"x1": 120.0, "x2": 0.0, "x3": 0.0, "x4": -120.0, "x5": 120.0}, "datetime": {"datetime": "2020-10-18 20:06:51", "elapsed": 598.63999, "delta": 4.757569}}
