{"target": -198.10914245001194, "params": {"x1": -480.0, "x2": 480.0, "x3": 120.0, "x4": -480.0, "x5": 240.0}, "datetime": {"datetime": "2020-10-18 20:06:55", "elapsed": 602.803467, "delta": 4.163477}}
{"target": -149.67621001436618, "params": {"x1": -120.0, "x2": 0.0, "x3": -480.0, "x4": 0.0, "x5": -600.0}, "datetime": {"datetime": "2020-10-18 20:06:56", "elapsed": 603.685459, "delta": 0.881992}}
{"target": -175.4276819569393, "params": {"x1": 600.0, "x2": 360.0, "x3": 240.0, "x4": 120.0, "x5": 360.0}, "datetime": {"datetime": "2020-10-18 20:07:09", "elapsed": 616.21568, "delta": 12.530221}}
{"target": -238.2314940742336, "params": {"x1": -480.0, "x2": 480.0, "x3": -360.0, "x4": 0.0, "x5": -600.0}, "datetime": {"datetime": "2020-10-18 20:07:09", "elapsed": 616.976334, "delta": 0.760654}}
{"target": -214.68105353819237, "params": {"x1": -480.0, "x2": 600.0, "x3": -120.0, "x4": 480.0, "x5": 120.0}, "datetime": {"datetime": "2020-10-18 20:07:19", "elapsed": 626.437326, "delta": 9.460992}}
