{"target": -171.09054843035628, "params": {"x1": -99.5735943569112, "x2": 264.3893921305897, "x3": -599.8627502191862, "x4": -237.20091284179227, "x5": -423.89293101946436}, "datetime": {"datetime": "2020-10-18 19:56:52", "elapsed": 0.0, "delta": 0.0}}
{"target": -214.1196368984251, "params": {"x1": 336.5077303877637, "x2": 538.4241388965111, "x3": -319.1203018802242, "x4": 519.4292397290772, "x5": -293.60276222805834}, "datetime": {"datetime": "2020-10-18 19:56:52", "elapsed": 0.04528, "delta": 0.04528}}
{"target": -38.47355168013104, "params": {"x1": -240.1216405655419, "x2": -49.844736030935564, "x3": 103.36530562359565, "x4": 291.705215282998, "x5": -30.962897596089647}, "datetime": {"datetime": "2020-10-18 19:56:52", "elapsed": 0.09158, "delta": 0.0463}}
{"target": -113.82500626358859, "params": {"x1": 283.4145639328449, "x2": 228.55240379701547, "x3": -484.962658817331, "x4": 209.54962834626247, "x5": 182.2518785687471}, "datetime": {"datetime": "2020-10-18 19:56:52", "elapsed": 0.135466, "delta": 0.043886}}
{"target": -144.30164386955926, "params": {"x1": -133.82695170872006, "x2": 510.9026471718819, "x3": 418.52061624761325, "x4": 103.84073803430954, "x5": -336.7361841569252}, "datetime": {"datetime": "2020-10-18 19:56:52", "elapsed": 0.18485, "delta": 0.049384}}
{"target": -179.42512180457007, "params": {"x1": -502.92057896506765, "x2": 419.9613158749313, "x3": 361.53758969723367, "x4": 225.48448613434698, "x5": 307.2169456443388}, "datetime": {"datetime": "2020-10-18 19:56:53", "elapsed": 0.236066, "delta": 0.051216}}
{"target": -239.86984658799912, "params": {"x1": -319.3857685870025, "x2": -435.14526307189624, "x3": 460.7538153146886, "x4": -592.9393359319838, "x5": 298.68833229887196}, "datetime": {"datetime": "2020-10-18 19:56:53", "elapsed": 0.283163, "delta": 0.047097}}
{"target": -155.51974719881574, "params": {"x1": 60.532749219829725, "x2": -343.138231075944, "x3": 579.2001317037011, "x4": -88.37386822908047, "x5": 390.0586975052063}, "datetime": {"datetime": "2020-10-18 19:56:53", "elapsed": 0.328521, "delta": 0.045358}}
{"target": -38.471788470948105, "params": {"x1": 193.60849497838274, "x2": 5.096861291063533, "x3": -286.71302704272216, "x4": 146.7626535382003, "x5": -111.82791540895647}, "datetime": {"datetime": "2020-10-18 19:56:53", "elapsed": 0.383448, "delta": 0.054927}}
{"target": -128.67764938073276, "params": {"x1": -430.98872869077684, "x2": -279.79322866462263, "x3": 420.78133218093296, "x4": -61.20216275135965, "x5": 252.59217525004988}, "datetime": {"datetime": "2020-10-18 19:56:53", "elapsed": 0.440806, "delta": 0.057358}}
{"target": -35.351602149082666, "params": {"x1": 180.25573760890364, "x2": -0.3368441736325059, "x3": -275.1383280083507, "x4": 150.10110170329543, "x5": -101.99917111284384}, "datetime": {"datetime": "2020-10-18 19:56:53", "elapsed": 1.083458, "delta": 0.642652}}
{"target": -30.35081252122211, "params": {"x1": 156.53565372902113, "x2": -9.56994821692, "x3": -254.01838823511224, "x4": 156.34954559724372, "x5": -87.34089334736285}, "datetime": {"datetime": "2020-10-18 19:56:54", "elapsed": 1.825331, "delta": 0.741873}}
{"target": -23.042952902008828, "params": {"x1": 114.73348558079243, "x2": -25.36361167980834, "x3": -213.52519457355538, "x4": 168.4827889523158, "x5": -77.5768237777028}, "datetime": {"datetime": "2020-10-18 19:56:55", "elapsed": 2.505991, "delta": 0.68066}}
{"target": -19.38038492055504, "params": {"x1": 79.83801468480512, "x2": -39.4480270406915, "x3": -177.5329225454813, "x4": 179.77476332924425, "x5": -83.1174240311749}, "datetime": {"datetime": "2020-10-18 19:56:56", "elapsed": 3.436025, "delta": 0.930034}}
{"target": -24.833528567340498, "params": {"x1": 198.9211523550897, "x2": 30.322076156332628, "x3": -94.39183590531917, "x4": 86.54311506723218, "x5": -211.68217275969937}, "datetime": {"datetime": "2020-10-18 19:56:56", "elapsed": 3.486616, "delta": 0.050591}}
{"target": -16.056904526806143, "params": {"x1": 114.08392414834786, "x2": -28.20313254356017, "x3": -119.43204519213928, "x4": 143.19519593246656, "x5": -132.8670783739675}, "datetime": {"datetime": "2020-10-18 19:56:57", "elapsed": 4.485481, "delta": 0.998865}}
{"target": -16.67201273651682, "params": {"x1": 110.85432932171477, "x2": -38.1366517963405, "x3": -126.54721921344888, "x4": 148.71235924823108, "x5": -129.50243708014202}, "datetime": {"datetime": "2020-10-18 19:56:58", "elapsed": 5.416465, "delta": 0.930984}}
{"target": -13.099812926960665, "params": {"x1": 93.48165397615992, "x2": 0.5821910408136188, "x3": -108.0120477588088, "x4": 142.8626059736918, "x5": -114.99458712382072}, "datetime": {"datetime": "2020-10-18 19:56:59", "elapsed": 6.209019, "delta": 0.792554}}
{"target": -10.329997540193549, "params": {"x1": 68.64787771578155, "x2": 10.442518624700721, "x3": -91.24490968588248, "x4": 140.53912883719707, "x5": -91.4206026822351}, "datetime": {"datetime": "2020-10-18 19:57:00", "elapsed": 7.22481, "delta": 1.015791}}
{"target": -10.72602419693059, "params": {"x1": 0.0, "x2": 0.0, "x3": -120.0, "x4": 120.0, "x5": -120.0}, "datetime": {"datetime": "2020-10-18 19:57:01", "elapsed": 8.328481, "delta": 1.103671}}
{"target": -161.7335282958124, "params": {"x1": 240.0, "x2": 240.0, "x3": 120.0, "x4": -600.0, "x5": 360.0}, "datetime": {"datetime": "2020-10-18 19:57:02", "elapsed": 10.122208, "delta": 1.793727}}
{"target": -7.987349310965409, "params": {"x1": 0.0, "x2": 0.0, "x3": -120.0, "x4": 120.0, "x5": 0.0}, "datetime": {"datetime": "2020-10-18 19:57:04", "elapsed": 11.200601, "delta": 1.078393}}
{"target": -159.70567865858067, "params": {"x1": 0.0, "x2": -480.0, "x3": 240.0, "x4": -360.0, "x5": -480.0}, "datetime": {"datetime": "2020-10-18 19:57:07", "elapsed": 14.406503, "delta": 3.205902}}
{"target": -10.993337907006435, "params": {"x1": 0.0, "x2": -120.0, "x3": -120.0, "x4": 120.0, "x5": 0.0}, "datetime": {"datetime": "2020-10-18 19:57:12", "elapsed": 20.069124, "delta": 5.662621}}
{"target": -4.115293516041551, "params": {"x1": 0.0, "x2": 0.0, "x3": 0.0, "x4": 120.0, "x5": 0.0}, "datetime": {"datetime": "2020-10-18 19:57:13", "elapsed": 21.186327, "delta": 1.117203}}
{"target": -254.14176867248742, "params": {"x1": -600.0, "x2": 480.0, "x3": 240.0, "x4": -360.0, "x5": -480.0}, "datetime": {"datetime": "2020-10-18 19:57:15", "elapsed": 22.652777, "delta": 1.46645}}
{"target": -0.954155426002806, "params": {"x1": 0.0, "x2": 0.0, "x3": 0.0, "x4": 0.0, "x5": 0.0}, "datetime": {"datetime": "2020-10-18 19:57:16", "elapsed": 23.838468, "delta": 1.185691}}
{"target": -10.34959097929882, "params": {"x1": 120.0, "x2": 0.0, "x3": 0.0, "x4": 120.0, "x5": -120.0}, "datetime": {"datetime": "2020-10-18 19:57:20", "elapsed": 27.877069, "delta": 4.038601}}
{"target": -4.493810504180819, "params": {"x1": 120.0, "x2": 0.0, "x3": 0.0, "x4": 0.0, "x5": 0.0}, "datetime": {"datetime": "2020-10-18 19:57:21", "elapsed": 28.760163, "delta": 0.883094}}
{"target": -13.982570944035187, "params": {"x1": 0.0, "x2": -120.0, "x3": -120.0, "x4": 120.0, "x5": -120.0}, "datetime": {"datetime": "2020-10-18 19:57:24", "elapsed": 31.838269, "delta": 3.078106}}
{"target": -7.882659554693918, "params": {"x1": -120.0, "x2": 0.0, "x3": 0.0, "x4": 120.0, "x5": 0.0}, "datetime": {"datetime": "2020-10-18 19:57:25", "elapsed": 32.441801, "delta": 0.603532}}
{"target": -14.719881726674828, "params": {"x1": -120.0, "x2": -120.0, "x3": -120.0, "x4": 120.0, "x5": 0.0}, "datetime": {"datetime": "2020-10-18 19:57:26", "elapsed": 34.182024, "delta": 1.740223}}
{"target": -216.81915220243215, "params": {"x1": 600.0, "x2": 360.0, "x3": -120.0, "x4": -360.0, "x5": -480.0}, "datetime": {"datetime": "2020-10-18 19:57:27", "elapsed": 34.26914, "delta": 0.087116}}
{"target": -7.918506420635658, "params": {"x1": 0.0, "x2": 0.0, "x3": -120.0, "x4": 0.0, "x5": -120.0}, "datetime": {"datetime": "2020-10-18 19:57:27", "elapsed": 35.108378, "delta": 0.839238}}
{"target": -102.04403204136203, "params": {"x1": 480.0, "x2": -360.0, "x3": 0.0, "x4": 0.0, "x5": -240.0}, "datetime": {"datetime": "2020-10-18 19:57:28", "elapsed": 35.189455, "delta": 0.081077}}
{"target": -4.6634748840867655, "params": {"x1": -120.0, "x2": 0.0, "x3": 0.0, "x4": 0.0, "x5": 0.0}, "datetime": {"datetime": "2020-10-18 19:57:28", "elapsed": 35.861283, "delta": 0.671828}}
{"target": -8.35481504545444, "params": {"x1": 120.0, "x2": 0.0, "x3": -120.0, "x4": 0.0, "x5": 0.0}, "datetime": {"datetime": "2020-10-18 19:57:29", "elapsed": 36.68221, "delta": 0.820927}}
{"target": -121.76451464691935, "params": {"x1": 360.0, "x2": -360.0, "x3": 360.0, "x4": 240.0, "x5": -240.0}, "datetime": {"datetime": "2020-10-18 19:57:29", "elapsed": 36.770036, "delta": 0.087826}}
{"target": -8.926946511649835, "params": {"x1": 120.0, "x2": 0.0, "x3": 0.0, "x4": 0.0, "x5": 120.0}, "datetime": {"datetime": "2020-10-18 19:57:30", "elapsed": 37.474928, "delta": 0.704892}}
{"target": -9.463562303259918, "params": {"x1": 0.0, "x2": 0.0, "x3": -120.0, "x4": 0.0, "x5": 120.0}, "datetime": {"datetime": "2020-10-18 19:57:31", "elapsed": 38.369573, "delta": 0.894645}}
{"target": -4.044315566579432, "params": {"x1": 0.0, "x2": 0.0, "x3": 0.0, "x4": 0.0, "x5": -120.0}, "datetime": {"datetime": "2020-10-18 19:57:32", "elapsed": 39.292116, "delta": 0.922543}}
{"target": -7.5222064467216, "params": {"x1": 120.0, "x2": 0.0, "x3": 0.0, "x4": 120.0, "x5": 0.0}, "datetime": {"datetime": "2020-10-18 19:57:33", "elapsed": 40.781296, "delta": 1.48918}}
{"target": -4.806719726459286, "params": {"x1": 0.0, "x2": 0.0, "x3": -120.0, "x4": 0.0, "x5": 0.0}, "datetime": {"datetime": "2020-10-18 19:57:34", "elapsed": 41.356654, "delta": 0.575358}}
{"target": -145.0707318555949, "params": {"x1": 120.0, "x2": -480.0, "x3": -480.0, "x4": 240.0, "x5": -240.0}, "datetime": {"datetime": "2020-10-18 19:57:34", "elapsed": 41.44925, "delta": 0.092596}}
{"target": -10.862757007986378, "params": {"x1": -120.0, "x2": -120.0, "x3": 0.0, "x4": 120.0, "x5": 0.0}, "datetime": {"datetime": "2020-10-18 19:57:35", "elapsed": 42.259492, "delta": 0.810242}}
{"target": -5.582355349956467, "params": {"x1": 0.0, "x2": 0.0, "x3": 0.0, "x4": 0.0, "x5": 120.0}, "datetime": {"datetime": "2020-10-18 19:57:36", "elapsed": 43.40413, "delta": 1.144638}}
{"target": -124.69587050128814, "params": {"x1": 360.0, "x2": -360.0, "x3": 360.0, "x4": 240.0, "x5": 240.0}, "datetime": {"datetime": "2020-10-18 19:57:37", "elapsed": 44.302035, "delta": 0.897905}}
{"target": -7.818039911012442, "params": {"x1": -120.0, "x2": 0.0, "x3": 0.0, "x4": 0.0, "x5": -120.0}, "datetime": {"datetime": "2020-10-18 19:57:37", "elapsed": 44.902047, "delta": 0.600012}}
{"target": -102.62599618241417, "params": {"x1": 240.0, "x2": 480.0, "x3": -240.0, "x4": 240.0, "x5": 0.0}, "datetime": {"datetime": "2020-10-18 19:57:39", "elapsed": 46.464327, "delta": 1.56228}}
{"target": -8.24268839025241, "params": {"x1": 0.0, "x2": -120.0, "x3": -120.0, "x4": 0.0, "x5": 0.0}, "datetime": {"datetime": "2020-10-18 19:57:42", "elapsed": 49.935533, "delta": 3.471206}}
{"target": -143.02771326406295, "params": {"x1": -120.0, "x2": -120.0, "x3": 600.0, "x4": 360.0, "x5": 240.0}, "datetime": {"datetime": "2020-10-18 19:57:43", "elapsed": 50.524088, "delta": 0.588555}}
{"target": -262.0545421437679, "params": {"x1": 360.0, "x2": -360.0, "x3": 480.0, "x4": 480.0, "x5": -600.0}, "datetime": {"datetime": "2020-10-18 19:57:43", "elapsed": 50.612554, "delta": 0.088466}}
{"target": -156.72279569255898, "params": {"x1": 360.0, "x2": 360.0, "x3": 120.0, "x4": 600.0, "x5": 0.0}, "datetime": {"datetime": "2020-10-18 19:57:43", "elapsed": 50.704167, "delta": 0.091613}}
{"target": -7.7351257005500536, "params": {"x1": 120.0, "x2": -120.0, "x3": 0.0, "x4": 0.0, "x5": 0.0}, "datetime": {"datetime": "2020-10-18 19:57:43", "elapsed": 51.175833, "delta": 0.471666}}
{"target": -11.38982949537629, "params": {"x1": 120.0, "x2": 0.0, "x3": -120.0, "x4": 120.0, "x5": 0.0}, "datetime": {"datetime": "2020-10-18 19:57:44", "elapsed": 51.979402, "delta": 0.803569}}
{"target": -9.376973965524593, "params": {"x1": -120.0, "x2": 0.0, "x3": 0.0, "x4": 0.0, "x5": 120.0}, "datetime": {"datetime": "2020-10-18 19:57:45", "elapsed": 53.142561, "delta": 1.163159}}
{"target": -245.91053938628914, "params": {"x1": -600.0, "x2": -360.0, "x3": 600.0, "x4": -360.0, "x5": 0.0}, "datetime": {"datetime": "2020-10-18 19:57:46", "elapsed": 53.23462, "delta": 0.092059}}
{"target": -231.56997040860017, "params": {"x1": -240.0, "x2": 360.0, "x3": -480.0, "x4": -600.0, "x5": -360.0}, "datetime": {"datetime": "2020-10-18 19:57:46", "elapsed": 53.326983, "delta": 0.092363}}
{"target": -8.512348366458385, "params": {"x1": -120.0, "x2": 0.0, "x3": -120.0, "x4": 0.0, "x5": 0.0}, "datetime": {"datetime": "2020-10-18 19:57:46", "elapsed": 54.098336, "delta": 0.771353}}
{"target": -9.057411796356202, "params": {"x1": -120.0, "x2": 120.0, "x3": 0.0, "x4": 0.0, "x5": 0.0}, "datetime": {"datetime": "2020-10-18 19:57:47", "elapsed": 54.540324, "delta": 0.441988}}
{"target": -4.365201300494123, "params": {"x1": 0.0, "x2": -120.0, "x3": 0.0, "x4": 0.0, "x5": 0.0}, "datetime": {"datetime": "2020-10-18 19:57:47", "elapsed": 54.998608, "delta": 0.458284}}
{"target": -9.14886217529182, "params": {"x1": 0.0, "x2": 120.0, "x3": -120.0, "x4": 0.0, "x5": 0.0}, "datetime": {"datetime": "2020-10-18 19:57:48", "elapsed": 55.487414, "delta": 0.488806}}
{"target": -148.77139842262696, "params": {"x1": 480.0, "x2": -120.0, "x3": 240.0, "x4": 240.0, "x5": 480.0}, "datetime": {"datetime": "2020-10-18 19:57:49", "elapsed": 56.281036, "delta": 0.793622}}
{"target": -338.12021122150577, "params": {"x1": 240.0, "x2": -600.0, "x3": 600.0, "x4": -480.0, "x5": -600.0}, "datetime": {"datetime": "2020-10-18 19:57:50", "elapsed": 57.209568, "delta": 0.928532}}
{"target": -11.604592992857308, "params": {"x1": 120.0, "x2": -120.0, "x3": -120.0, "x4": 0.0, "x5": 0.0}, "datetime": {"datetime": "2020-10-18 19:57:50", "elapsed": 57.887718, "delta": 0.67815}}
{"target": -11.75665373744939, "params": {"x1": -120.0, "x2": 0.0, "x3": -120.0, "x4": 120.0, "x5": 0.0}, "datetime": {"datetime": "2020-10-18 19:57:51", "elapsed": 58.528898, "delta": 0.64118}}
{"target": -98.79366346459675, "params": {"x1": 480.0, "x2": -360.0, "x3": -120.0, "x4": 120.0, "x5": -120.0}, "datetime": {"datetime": "2020-10-18 19:57:51", "elapsed": 58.614904, "delta": 0.086006}}
{"target": -4.305257543661282, "params": {"x1": 0.0, "x2": 0.0, "x3": 120.0, "x4": 0.0, "x5": 0.0}, "datetime": {"datetime": "2020-10-18 19:57:56", "elapsed": 64.066833, "delta": 5.451929}}
{"target": -218.59383097986222, "params": {"x1": 240.0, "x2": -480.0, "x3": 600.0, "x4": -120.0, "x5": -480.0}, "datetime": {"datetime": "2020-10-18 19:57:57", "elapsed": 64.941979, "delta": 0.875146}}
{"target": -154.6843708814143, "params": {"x1": -480.0, "x2": -360.0, "x3": -120.0, "x4": 0.0, "x5": 480.0}, "datetime": {"datetime": "2020-10-18 19:57:58", "elapsed": 65.628264, "delta": 0.686285}}
{"target": -198.46443413929632, "params": {"x1": 240.0, "x2": 600.0, "x3": -360.0, "x4": 480.0, "x5": -120.0}, "datetime": {"datetime": "2020-10-18 19:57:58", "elapsed": 65.733658, "delta": 0.105394}}
{"target": -7.6842304320984995, "params": {"x1": 0.0, "x2": -120.0, "x3": 120.0, "x4": 0.0, "x5": 0.0}, "datetime": {"datetime": "2020-10-18 19:57:59", "elapsed": 66.33943, "delta": 0.605772}}
{"target": -195.75133115497553, "params": {"x1": 360.0, "x2": 0.0, "x3": 240.0, "x4": 480.0, "x5": 600.0}, "datetime": {"datetime": "2020-10-18 19:57:59", "elapsed": 66.452281, "delta": 0.112851}}
{"target": -40.50862069853145, "params": {"x1": 120.0, "x2": -240.0, "x3": -120.0, "x4": -240.0, "x5": -120.0}, "datetime": {"datetime": "2020-10-18 19:58:01", "elapsed": 68.369223, "delta": 1.916942}}
{"target": -304.66088538381115, "params": {"x1": 240.0, "x2": -600.0, "x3": -240.0, "x4": -600.0, "x5": 600.0}, "datetime": {"datetime": "2020-10-18 19:58:03", "elapsed": 70.890874, "delta": 2.521651}}
{"target": -10.112812099046645, "params": {"x1": 0.0, "x2": -120.0, "x3": 0.0, "x4": 120.0, "x5": -120.0}, "datetime": {"datetime": "2020-10-18 19:58:04", "elapsed": 71.417146, "delta": 0.526272}}
{"target": -12.11989681448048, "params": {"x1": -120.0, "x2": -120.0, "x3": 0.0, "x4": 0.0, "x5": 120.0}, "datetime": {"datetime": "2020-10-18 19:58:05", "elapsed": 72.350666, "delta": 0.93352}}
{"target": -8.417406179251996, "params": {"x1": 0.0, "x2": -120.0, "x3": 0.0, "x4": 0.0, "x5": 120.0}, "datetime": {"datetime": "2020-10-18 19:58:07", "elapsed": 75.15326, "delta": 2.802594}}
{"target": -118.59005279919661, "params": {"x1": 480.0, "x2": 360.0, "x3": 240.0, "x4": 0.0, "x5": -240.0}, "datetime": {"datetime": "2020-10-18 19:58:10", "elapsed": 77.673906, "delta": 2.520646}}
{"target": -5.270113223220873, "params": {"x1": 0.0, "x2": 120.0, "x3": 0.0, "x4": 0.0, "x5": 0.0}, "datetime": {"datetime": "2020-10-18 19:58:12", "elapsed": 79.245364, "delta": 1.571458}}
{"target": -8.14874198874686, "params": {"x1": -120.0, "x2": -120.0, "x3": 0.0, "x4": 0.0, "x5": 0.0}, "datetime": {"datetime": "2020-10-18 19:58:14", "elapsed": 81.417753, "delta": 2.172389}}
{"target": -109.83160808220431, "params": {"x1": 240.0, "x2": 360.0, "x3": 480.0, "x4": 0.0, "x5": 120.0}, "datetime": {"datetime": "2020-10-18 19:58:16", "elapsed": 83.798748, "delta": 2.380995}}
{"target": -10.205961783595816, "params": {"x1": 0.0, "x2": 0.0, "x3": 120.0, "x4": 120.0, "x5": -120.0}, "datetime": {"datetime": "2020-10-18 19:58:17", "elapsed": 84.488575, "delta": 0.689827}}
{"target": -10.877395864175746, "params": {"x1": 0.0, "x2": -120.0, "x3": -120.0, "x4": 0.0, "x5": -120.0}, "datetime": {"datetime": "2020-10-18 19:58:18", "elapsed": 85.248987, "delta": 0.760412}}
{"target": -7.020458019775676, "params": {"x1": 0.0, "x2": -120.0, "x3": 0.0, "x4": 0.0, "x5": -120.0}, "datetime": {"datetime": "2020-10-18 19:58:18", "elapsed": 85.99919, "delta": 0.750203}}
{"target": -11.972677553891275, "params": {"x1": 120.0, "x2": -120.0, "x3": 0.0, "x4": 0.0, "x5": 120.0}, "datetime": {"datetime": "2020-10-18 19:58:22", "elapsed": 89.692719, "delta": 3.693529}}
{"target": -16.71878733490434, "params": {"x1": 120.0, "x2": 120.0, "x3": -120.0, "x4": 0.0, "x5": 120.0}, "datetime": {"datetime": "2020-10-18 19:58:23", "elapsed": 90.510657, "delta": 0.817938}}
{"target": -106.87341916257229, "params": {"x1": -120.0, "x2": 240.0, "x3": 360.0, "x4": 480.0, "x5": 0.0}, "datetime": {"datetime": "2020-10-18 19:58:23", "elapsed": 90.656185, "delta": 0.145528}}
{"target": -7.44131214795309, "params": {"x1": 0.0, "x2": 0.0, "x3": 120.0, "x4": 120.0, "x5": 0.0}, "datetime": {"datetime": "2020-10-18 19:58:24", "elapsed": 91.440255, "delta": 0.78407}}
{"target": -7.36758660387193, "params": {"x1": 0.0, "x2": 0.0, "x3": 120.0, "x4": 0.0, "x5": -120.0}, "datetime": {"datetime": "2020-10-18 19:58:25", "elapsed": 92.722345, "delta": 1.28209}}
{"target": -157.39671805474975, "params": {"x1": -240.0, "x2": -240.0, "x3": -120.0, "x4": 360.0, "x5": 600.0}, "datetime": {"datetime": "2020-10-18 19:58:25", "elapsed": 92.868978, "delta": 0.146633}}
{"target": -7.436688189191264, "params": {"x1": 120.0, "x2": 0.0, "x3": 0.0, "x4": 0.0, "x5": -120.0}, "datetime": {"datetime": "2020-10-18 19:58:26", "elapsed": 93.650322, "delta": 0.781344}}
{"target": -184.6939755847479, "params": {"x1": 240.0, "x2": -240.0, "x3": 480.0, "x4": 240.0, "x5": -600.0}, "datetime": {"datetime": "2020-10-18 19:58:28", "elapsed": 95.38588, "delta": 1.735558}}
{"target": -184.8783589753364, "params": {"x1": 0.0, "x2": -360.0, "x3": -120.0, "x4": 480.0, "x5": 600.0}, "datetime": {"datetime": "2020-10-18 19:58:29", "elapsed": 96.253093, "delta": 0.867213}}
{"target": -12.150034927138513, "params": {"x1": 0.0, "x2": 0.0, "x3": -120.0, "x4": 120.0, "x5": 120.0}, "datetime": {"datetime": "2020-10-18 19:58:32", "elapsed": 99.919142, "delta": 3.666049}}
{"target": -84.72643849804058, "params": {"x1": -240.0, "x2": -120.0, "x3": 360.0, "x4": -360.0, "x5": 0.0}, "datetime": {"datetime": "2020-10-18 19:58:37", "elapsed": 104.316464, "delta": 4.397322}}
{"target": -11.463258030799485, "params": {"x1": -120.0, "x2": -120.0, "x3": 120.0, "x4": 0.0, "x5": 0.0}, "datetime": {"datetime": "2020-10-18 19:58:40", "elapsed": 107.820571, "delta": 3.504107}}
{"target": -7.134371359615711, "params": {"x1": 0.0, "x2": -120.0, "x3": 0.0, "x4": 120.0, "x5": 0.0}, "datetime": {"datetime": "2020-10-18 19:58:42", "elapsed": 109.549201, "delta": 1.72863}}
{"target": -163.04403821801517, "params": {"x1": 480.0, "x2": -120.0, "x3": 600.0, "x4": 240.0, "x5": 0.0}, "datetime": {"datetime": "2020-10-18 19:58:43", "elapsed": 110.50357, "delta": 0.954369}}
{"target": -22.389796061419425, "params": {"x1": -240.0, "x2": -120.0, "x3": 120.0, "x4": 0.0, "x5": 0.0}, "datetime": {"datetime": "2020-10-18 19:58:47", "elapsed": 115.019852, "delta": 4.516282}}
{"target": -11.694785764803493, "params": {"x1": -120.0, "x2": 0.0, "x3": -120.0, "x4": 0.0, "x5": -120.0}, "datetime": {"datetime": "2020-10-18 19:58:48", "elapsed": 115.734776, "delta": 0.714924}}
{"target": -131.1929719957781, "params": {"x1": 120.0, "x2": 0.0, "x3": -480.0, "x4": 480.0, "x5": -240.0}, "datetime": {"datetime": "2020-10-18 19:58:48", "elapsed": 115.919119, "delta": 0.184343}}
{"target": -72.07201258664976, "params": {"x1": 0.0, "x2": -360.0, "x3": 240.0, "x4": 240.0, "x5": -240.0}, "datetime": {"datetime": "2020-10-18 19:58:48", "elapsed": 116.107804, "delta": 0.188685}}
{"target": -11.663301169042393, "params": {"x1": 0.0, "x2": -120.0, "x3": 120.0, "x4": -120.0, "x5": 0.0}, "datetime": {"datetime": "2020-10-18 19:58:50", "elapsed": 117.929667, "delta": 1.821863}}
{"target": -7.83405092723749, "params": {"x1": 120.0, "x2": 0.0, "x3": 120.0, "x4": 0.0, "x5": 0.0}, "datetime": {"datetime": "2020-10-18 19:58:55", "elapsed": 123.139312, "delta": 5.209645}}
