{"target": 11.2, "params": {"x0": 59.191540329180185, "x1": 0.4406489868843162, "x2": -0.9997712503653102, "x3": -0.39533485473632046, "x4": -0.7064882183657739}, "datetime": {"datetime": "2020-09-20 13:54:30", "elapsed": 0.0, "delta": 0.0}}
{"target": 12.0, "params": {"x0": 84.62961760595289, "x1": 0.8973735648275183, "x2": -0.5318671698003736, "x3": 0.8657153995484621, "x4": -0.48933793704676387}, "datetime": {"datetime": "2020-09-20 13:58:39", "elapsed": 249.321814, "delta": 249.321814}}
{"target": 17.0, "params": {"x0": 85.61449235513585, "x1": 0.6565563847112756, "x2": 0.2840392395546718, "x3": 0.1078492978159769, "x4": 0.6894237961028411}, "datetime": {"datetime": "2020-09-20 14:04:03", "elapsed": 573.331933, "delta": 324.010119}}
{"target": 17.78, "params": {"x0": 85.48386038480257, "x1": 0.769262130482643, "x2": 0.1694835750112016, "x3": 0.11647646054836258, "x4": 0.9997521087973091}, "datetime": {"datetime": "2020-09-20 14:06:28", "elapsed": 718.737414, "delta": 145.405481}}
{"target": 19.04, "params": {"x0": 85.76501445323672, "x1": 0.5016641737690088, "x2": 0.3978562539543109, "x3": 0.3451215280507238, "x4": 0.9331994976334477}, "datetime": {"datetime": "2020-09-20 14:08:40", "elapsed": 850.329301, "delta": 131.591887}}
{"target": 20.63, "params": {"x0": 85.94430426641725, "x1": 0.4689363842267964, "x2": 0.19588336044157684, "x3": 0.2847043680099075, "x4": 0.6288409383788243}, "datetime": {"datetime": "2020-09-20 14:10:09", "elapsed": 939.740585, "delta": 89.411284}}
{"target": 27.58, "params": {"x0": 46.36916349909153, "x1": -0.725242105119827, "x2": 0.7679230255244809, "x3": -0.9882322265533063, "x4": 0.4978138871647866}, "datetime": {"datetime": "2020-09-20 14:11:41", "elapsed": 1031.686663, "delta": 91.946078}}
{"target": 13.47, "params": {"x0": 68.5310770378234, "x1": -0.57189705179324, "x2": 0.965333552839502, "x3": -0.14728978038180074, "x4": 0.6500978291753439}, "datetime": {"datetime": "2020-09-20 14:14:28", "elapsed": 1198.128612, "delta": 166.441949}}
{"target": 19.38, "params": {"x0": 76.29382887373899, "x1": 0.008494768818439136, "x2": -0.4778550450712036, "x3": 0.2446044225636672, "x4": -0.18637985901492748}, "datetime": {"datetime": "2020-09-20 14:15:57", "elapsed": 1287.107723, "delta": 88.979111}}
{"target": 23.37, "params": {"x0": 39.858990826371354, "x1": -0.46632204777437103, "x2": 0.7013022203015549, "x3": -0.10200360458559943, "x4": 0.4209869587500832}, "datetime": {"datetime": "2020-09-20 14:17:34", "elapsed": 1384.554539, "delta": 97.446816}}
{"target": 29.36, "params": {"x0": 62.824085813003435, "x1": -0.9246927037513233, "x2": -0.7395515360262754, "x3": 0.4113726141631062, "x4": -0.06302832877537923}, "datetime": {"datetime": "2020-09-20 14:19:06", "elapsed": 1476.695254, "delta": 92.140715}}
{"target": 14.88, "params": {"x0": 56.921867661037055, "x1": 0.0645982191586254, "x2": -0.9386055095027108, "x3": -0.7327217159991928, "x4": -0.8764417779435514}, "datetime": {"datetime": "2020-09-20 14:21:42", "elapsed": 1632.189155, "delta": 155.493901}}
{"target": 32.0, "params": {"x0": 48.77820676551406, "x1": 0.08080001122312575, "x2": -0.09219381962894224, "x3": 0.955303037629398, "x4": -0.37202888577040016}, "datetime": {"datetime": "2020-09-20 14:23:13", "elapsed": 1723.906768, "delta": 91.717613}}
{"target": 19.27, "params": {"x0": 41.80552773640221, "x1": 0.500279382537751, "x2": -0.6283315709551691, "x3": -0.020072860235826884, "x4": 0.433709174700843}, "datetime": {"datetime": "2020-09-20 14:24:41", "elapsed": 1811.549437, "delta": 87.642669}}
{"target": 32.55, "params": {"x0": 76.60373388738023, "x1": 0.05053679359388763, "x2": -0.15731972650886528, "x3": 0.1442385251120537, "x4": -0.3528036212661656}, "datetime": {"datetime": "2020-09-20 14:26:15", "elapsed": 1905.213068, "delta": 93.663631}}
{"target": 18.46, "params": {"x0": 67.13528552990141, "x1": 0.15336876586056003, "x2": 0.7640655635990077, "x3": 0.674620572035054, "x4": 0.46133293104911166}, "datetime": {"datetime": "2020-09-20 14:27:46", "elapsed": 1995.997031, "delta": 90.783963}}
{"target": 35.68, "params": {"x0": 62.87055884235184, "x1": -0.9097636547458863, "x2": -0.5671304003846991, "x3": 0.6070688872203687, "x4": 0.23099005217827906}, "datetime": {"datetime": "2020-09-20 14:29:56", "elapsed": 2126.811105, "delta": 130.814074}}
{"target": 21.39, "params": {"x0": 90.14203621437201, "x1": -0.915608839865639, "x2": -0.15702118151872302, "x3": 0.9065208750508233, "x4": -0.7519573164231701}, "datetime": {"datetime": "2020-09-20 14:31:23", "elapsed": 2213.073252, "delta": 86.262147}}
{"target": 32.76, "params": {"x0": 62.863248940070406, "x1": -0.912111351332622, "x2": -0.5942495563468091, "x3": 0.5762873386874767, "x4": 0.18474486898862522}, "datetime": {"datetime": "2020-09-20 14:32:55", "elapsed": 2305.413982, "delta": 92.34073}}
{"target": 23.47, "params": {"x0": 41.44718045346683, "x1": 0.19604640705337317, "x2": -0.9053410224003442, "x3": -0.88665639082144, "x4": -0.24982297862240643}, "datetime": {"datetime": "2020-09-20 14:34:22", "elapsed": 2392.569851, "delta": 87.155869}}
{"target": 19.42, "params": {"x0": 76.61907274702361, "x1": 0.052623216256754576, "x2": -0.14144853758481035, "x3": 0.13926752729931302, "x4": -0.3610436612938037}, "datetime": {"datetime": "2020-09-20 14:35:51", "elapsed": 2481.448488, "delta": 88.878637}}
{"target": 26.28, "params": {"x0": 33.28882641838702, "x1": -0.513156605998544, "x2": -0.0727497914906956, "x3": -0.22608827210224747, "x4": 0.9895745577982968}, "datetime": {"datetime": "2020-09-20 14:37:18", "elapsed": 2568.760952, "delta": 87.312464}}
{"target": 25.93, "params": {"x0": 80.6590284804598, "x1": 0.3331621051241094, "x2": 0.1636461864729899, "x3": -0.937556526875374, "x4": 0.6080637057110279}, "datetime": {"datetime": "2020-09-20 15:00:16", "elapsed": 3946.892405, "delta": 1378.131453}}
{"target": 22.76, "params": {"x0": 41.660856771967914, "x1": -0.48319361395210536, "x2": 0.20976907560180447, "x3": -0.07920683493145386, "x4": -0.7758647394625986}, "datetime": {"datetime": "2020-09-20 15:02:15", "elapsed": 4065.433341, "delta": 118.540936}}
{"target": 21.78, "params": {"x0": 42.07652907499356, "x1": -0.7835612516470698, "x2": 0.5025154303067871, "x3": 0.40223585354414326, "x4": 0.955517262696225}, "datetime": {"datetime": "2020-09-20 15:04:25", "elapsed": 4195.420164, "delta": 129.986823}}
{"target": 18.62, "params": {"x0": 98.59977885931538, "x1": 0.45832253784656474, "x2": -0.09937634829186126, "x3": 0.5414690727669105, "x4": -0.49691241260652963}, "datetime": {"datetime": "2020-09-20 15:06:32", "elapsed": 4322.506137, "delta": 127.085973}}
{"target": 20.94, "params": {"x0": 83.5622870744836, "x1": -0.35075103903099336, "x2": 0.35173730154988947, "x3": -0.25870914028840053, "x4": 0.6672720003489232}, "datetime": {"datetime": "2020-09-20 15:08:05", "elapsed": 4415.056565, "delta": 92.550428}}
{"target": 24.37, "params": {"x0": 68.45567398244783, "x1": -0.8187867781742606, "x2": 0.38443566165047294, "x3": -0.6914197099299473, "x4": -0.7534664123416328}, "datetime": {"datetime": "2020-09-20 15:10:07", "elapsed": 4537.053343, "delta": 121.996778}}
{"target": 20.89, "params": {"x0": 89.5726152645099, "x1": -0.046787588853941964, "x2": 0.5393780174815419, "x3": -0.5765265944151181, "x4": -0.5269534196301493}, "datetime": {"datetime": "2020-09-20 15:11:40", "elapsed": 4630.395728, "delta": 93.342385}}
{"target": 20.12, "params": {"x0": 85.07319769906704, "x1": -0.8164244458125829, "x2": 0.46582919183059013, "x3": -0.276365713363536, "x4": 0.31408236331094974}, "datetime": {"datetime": "2020-09-20 15:13:19", "elapsed": 4729.4643, "delta": 99.068572}}
{"target": 20.31, "params": {"x0": 94.60055490362026, "x1": 0.875283424068217, "x2": -0.9628512430988487, "x3": -0.8437275627984526, "x4": 0.5519317647794066}, "datetime": {"datetime": "2020-09-20 15:14:52", "elapsed": 4822.366336, "delta": 92.902036}}
{"target": 8.37, "params": {"x0": 98.84158571921589, "x1": -0.8240184151469649, "x2": -0.8888308010576724, "x3": -0.2769176590742326, "x4": 0.9152861818356197}, "datetime": {"datetime": "2020-09-20 15:16:25", "elapsed": 4915.020373, "delta": 92.654037}}
{"target": 30.57, "params": {"x0": 38.24751492041187, "x1": 0.7200991220565067, "x2": -0.5320557180789895, "x3": 0.7890596459659902, "x4": 0.38890414531519935}, "datetime": {"datetime": "2020-09-20 15:27:37", "elapsed": 5587.585777, "delta": 672.565404}}
{"target": 19.17, "params": {"x0": 97.568813515209, "x1": -0.9424528026450176, "x2": 0.14746053087472566, "x3": 0.1570524940926048, "x4": 0.19527967356042386}, "datetime": {"datetime": "2020-09-20 15:29:36", "elapsed": 5706.754184, "delta": 119.168407}}
{"target": 18.02, "params": {"x0": 88.65798126245075, "x1": 0.44071174763579224, "x2": -0.9772861215855091, "x3": -0.7481307811930815, "x4": 0.2809440337975131}, "datetime": {"datetime": "2020-09-20 15:31:05", "elapsed": 5795.751582, "delta": 88.997398}}
{"target": 20.62, "params": {"x0": 32.49475382300371, "x1": 0.8878408631599841, "x2": 0.4736241042014937, "x3": -0.6743356223527865, "x4": -0.8064751225701972}, "datetime": {"datetime": "2020-09-20 15:32:38", "elapsed": 5888.818842, "delta": 93.06726}}
{"target": 18.48, "params": {"x0": 66.16332185495266, "x1": 0.1526343519647928, "x2": 0.9688429304719679, "x3": 0.65314950902827, "x4": -0.2507378587174771}, "datetime": {"datetime": "2020-09-20 15:34:25", "elapsed": 5995.480786, "delta": 106.661944}}
{"target": 20.44, "params": {"x0": 84.53861574276746, "x1": 0.05866423066271631, "x2": 0.6376722770038428, "x3": 0.785419864593399, "x4": -0.3478523854659257}, "datetime": {"datetime": "2020-09-20 15:35:52", "elapsed": 6082.231049, "delta": 86.750263}}
{"target": 22.08, "params": {"x0": 83.02816422409951, "x1": -0.10087791381799494, "x2": 0.6902425381865303, "x3": 0.13084837746630473, "x4": 0.359846738615049}, "datetime": {"datetime": "2020-09-20 15:37:42", "elapsed": 6192.718484, "delta": 110.487435}}
{"target": 43.45, "params": {"x0": 62.739243039097346, "x1": 0.11140553475704373, "x2": 0.38880362682748015, "x3": -0.7135549175083746, "x4": -0.029685690010696097}, "datetime": {"datetime": "2020-09-20 15:39:43", "elapsed": 6313.269119, "delta": 120.550635}}
{"target": 21.05, "params": {"x0": 41.36544090096646, "x1": -0.8996832099400265, "x2": 0.27558925943031265, "x3": 0.00691807984602133, "x4": 0.6195289481705322}, "datetime": {"datetime": "2020-09-20 15:42:06", "elapsed": 6456.549603, "delta": 143.280484}}
{"target": 23.17, "params": {"x0": 96.87590848466101, "x1": 0.5362509042725299, "x2": 0.020048450542422103, "x3": 0.625447933982098, "x4": 0.5373510131438792}, "datetime": {"datetime": "2020-09-20 15:43:35", "elapsed": 6545.021345, "delta": 88.471742}}
{"target": 18.29, "params": {"x0": 88.01075999296583, "x1": -0.26077033914687386, "x2": 0.6050329373958958, "x3": -0.10395125931671356, "x4": -0.20753169466280164}, "datetime": {"datetime": "2020-09-20 15:45:08", "elapsed": 6638.586103, "delta": 93.564758}}
{"target": 12.22, "params": {"x0": 98.80999436173916, "x1": 0.5674986440647103, "x2": -0.8051563425116925, "x3": -0.17294330359206378, "x4": -0.7365554456855667}, "datetime": {"datetime": "2020-09-20 15:46:44", "elapsed": 6734.804398, "delta": 96.218295}}
{"target": 55.48, "params": {"x0": 33.013709814998975, "x1": -0.8882398459838348, "x2": 0.4036498429562305, "x3": -0.04944381263450737, "x4": 0.20933348999914014}, "datetime": {"datetime": "2020-09-20 15:50:46", "elapsed": 6976.606388, "delta": 241.80199}}
{"target": 17.17, "params": {"x0": 63.14831136248089, "x1": 0.2563250789369165, "x2": 0.17635707172751447, "x3": -0.5956872113855285, "x4": -0.8025387168007658}, "datetime": {"datetime": "2020-09-20 15:52:22", "elapsed": 7072.562838, "delta": 95.95645}}
{"target": 24.22, "params": {"x0": 45.299308769616175, "x1": -0.4260615072453975, "x2": -0.9804829147981544, "x3": -0.3476224654351874, "x4": -0.20479971139621922}, "datetime": {"datetime": "2020-09-20 15:53:54", "elapsed": 7164.160067, "delta": 91.597229}}
{"target": 21.84, "params": {"x0": 42.29001947182478, "x1": -0.6668606205266101, "x2": -0.6967513382043697, "x3": 0.5420826769153047, "x4": -0.2707218419587236}, "datetime": {"datetime": "2020-09-20 15:55:22", "elapsed": 7252.131498, "delta": 87.971431}}
{"target": 14.98, "params": {"x0": 97.42575897529059, "x1": 0.509701465852302, "x2": -0.18817958708483373, "x3": -0.5116416178526846, "x4": -0.72037767486182}, "datetime": {"datetime": "2020-09-20 15:56:50", "elapsed": 7340.459305, "delta": 88.327807}}
{"target": 34.04, "params": {"x0": 72.27143246712237, "x1": 0.268791433587362, "x2": 0.7366007758347914, "x3": 0.09653112815227471, "x4": 0.0884907177101939}, "datetime": {"datetime": "2020-09-20 15:58:45", "elapsed": 7455.879842, "delta": 115.420537}}
